2024-07-03 15:34:41 - INFO - This log entry will go into a uniquely named file for this run.
2024-07-03 15:34:42 - INFO - without hidden
2024-07-03 15:34:42 - INFO - valid:3302
2024-07-03 15:34:42 - INFO - invalid:3304
2024-07-03 15:34:42 - INFO - Params:
2024-07-03 15:34:42 - INFO - embedding_dim=128
2024-07-03 15:34:42 - INFO - hidden_dim:256
2024-07-03 15:34:42 - INFO - num_layers:2
2024-07-03 15:34:42 - INFO - epochs:200
2024-07-03 15:34:42 - INFO - batch_size:64
2024-07-03 15:34:42 - INFO - lr:0.001
2024-07-03 15:34:45 - INFO - Starting LSTM model training...
2024-07-03 15:34:45 - INFO - Epoch: 1/200, Training Loss: 0.679556667804718
2024-07-03 15:34:45 - INFO - Epoch: 1/200, Validation Loss: 0.5864906907081604, Accuracy: 79.3103448275862%
2024-07-03 15:34:45 - INFO - Model saved with validation accuracy: 79.3103448275862%
2024-07-03 15:34:45 - INFO - Epoch: 2/200, Training Loss: 0.5752511322498322
2024-07-03 15:34:45 - INFO - Epoch: 2/200, Validation Loss: 0.4968998432159424, Accuracy: 79.3103448275862%
2024-07-03 15:34:45 - INFO - Epoch: 3/200, Training Loss: 0.517982691526413
2024-07-03 15:34:45 - INFO - Epoch: 3/200, Validation Loss: 0.4962873160839081, Accuracy: 79.3103448275862%
2024-07-03 15:34:45 - INFO - Epoch: 4/200, Training Loss: 0.4936332702636719
2024-07-03 15:34:45 - INFO - Epoch: 4/200, Validation Loss: 0.4695219397544861, Accuracy: 79.3103448275862%
2024-07-03 15:34:45 - INFO - Epoch: 5/200, Training Loss: 0.4753783643245697
2024-07-03 15:34:45 - INFO - Epoch: 5/200, Validation Loss: 0.4720228910446167, Accuracy: 79.3103448275862%
2024-07-03 15:34:45 - INFO - Epoch: 6/200, Training Loss: 0.4580879360437393
2024-07-03 15:34:45 - INFO - Epoch: 6/200, Validation Loss: 0.45121070742607117, Accuracy: 82.75862068965517%
2024-07-03 15:34:45 - INFO - Model saved with validation accuracy: 82.75862068965517%
2024-07-03 15:34:45 - INFO - Epoch: 7/200, Training Loss: 0.41544750332832336
2024-07-03 15:34:45 - INFO - Epoch: 7/200, Validation Loss: 0.45825254917144775, Accuracy: 79.3103448275862%
2024-07-03 15:34:45 - INFO - Epoch: 8/200, Training Loss: 0.39462077617645264
2024-07-03 15:34:45 - INFO - Epoch: 8/200, Validation Loss: 0.4556642174720764, Accuracy: 79.3103448275862%
2024-07-03 15:34:45 - INFO - Epoch: 9/200, Training Loss: 0.3834914416074753
2024-07-03 15:34:45 - INFO - Epoch: 9/200, Validation Loss: 0.4333084225654602, Accuracy: 89.65517241379311%
2024-07-03 15:34:45 - INFO - Model saved with validation accuracy: 89.65517241379311%
2024-07-03 15:34:45 - INFO - Epoch: 10/200, Training Loss: 0.31730127334594727
2024-07-03 15:34:45 - INFO - Epoch: 10/200, Validation Loss: 0.43009334802627563, Accuracy: 86.20689655172414%
2024-07-03 15:34:45 - INFO - Epoch: 11/200, Training Loss: 0.31119824945926666
2024-07-03 15:34:45 - INFO - Epoch: 11/200, Validation Loss: 0.4420832395553589, Accuracy: 89.65517241379311%
2024-07-03 15:34:45 - INFO - Epoch: 12/200, Training Loss: 0.2387852594256401
2024-07-03 15:34:45 - INFO - Epoch: 12/200, Validation Loss: 0.5335349440574646, Accuracy: 86.20689655172414%
2024-07-03 15:34:45 - INFO - Epoch: 13/200, Training Loss: 0.1357126645743847
2024-07-03 15:34:45 - INFO - Epoch: 13/200, Validation Loss: 0.12733504176139832, Accuracy: 96.55172413793103%
2024-07-03 15:34:45 - INFO - Model saved with validation accuracy: 96.55172413793103%
2024-07-03 15:34:45 - INFO - Epoch: 14/200, Training Loss: 0.0969696557149291
2024-07-03 15:34:45 - INFO - Epoch: 14/200, Validation Loss: 0.01614602841436863, Accuracy: 100.0%
2024-07-03 15:34:45 - INFO - Model saved with validation accuracy: 100.0%
2024-07-03 15:34:45 - INFO - Epoch: 15/200, Training Loss: 0.02993536600843072
2024-07-03 15:34:45 - INFO - Epoch: 15/200, Validation Loss: 0.015817247331142426, Accuracy: 100.0%
2024-07-03 15:34:45 - INFO - Epoch: 16/200, Training Loss: 0.03150732163339853
2024-07-03 15:34:45 - INFO - Epoch: 16/200, Validation Loss: 0.00737248407676816, Accuracy: 100.0%
2024-07-03 15:34:45 - INFO - Epoch: 17/200, Training Loss: 0.007008049637079239
2024-07-03 15:34:45 - INFO - Epoch: 17/200, Validation Loss: 0.008193670772016048, Accuracy: 100.0%
2024-07-03 15:34:45 - INFO - Epoch: 18/200, Training Loss: 0.008248861879110336
2024-07-03 15:34:45 - INFO - Epoch: 18/200, Validation Loss: 0.008127319626510143, Accuracy: 100.0%
2024-07-03 15:34:45 - INFO - Epoch: 19/200, Training Loss: 0.008548523299396038
2024-07-03 15:34:45 - INFO - Epoch: 19/200, Validation Loss: 0.005889103747904301, Accuracy: 100.0%
2024-07-03 15:34:45 - INFO - Epoch: 20/200, Training Loss: 0.005303615937009454
2024-07-03 15:34:45 - INFO - Epoch: 20/200, Validation Loss: 0.0031389715149998665, Accuracy: 100.0%
2024-07-03 15:34:45 - INFO - Epoch: 21/200, Training Loss: 0.0023611027281731367
2024-07-03 15:34:45 - INFO - Epoch: 21/200, Validation Loss: 0.0014293749118223786, Accuracy: 100.0%
2024-07-03 15:34:45 - INFO - Epoch: 22/200, Training Loss: 0.0009751918260008097
2024-07-03 15:34:45 - INFO - Epoch: 22/200, Validation Loss: 0.0006843049195595086, Accuracy: 100.0%
2024-07-03 15:34:45 - INFO - Epoch: 23/200, Training Loss: 0.0005016345239710063
2024-07-03 15:34:45 - INFO - Epoch: 23/200, Validation Loss: 0.0003853794769383967, Accuracy: 100.0%
2024-07-03 15:34:45 - INFO - Epoch: 24/200, Training Loss: 0.0003097859080298804
2024-07-03 15:34:46 - INFO - Epoch: 24/200, Validation Loss: 0.00025436983560211957, Accuracy: 100.0%
2024-07-03 15:34:46 - INFO - Epoch: 25/200, Training Loss: 0.0002161027368856594
2024-07-03 15:34:46 - INFO - Epoch: 25/200, Validation Loss: 0.0001888132537715137, Accuracy: 100.0%
2024-07-03 15:34:46 - INFO - Epoch: 26/200, Training Loss: 0.00016793474060250446
2024-07-03 15:34:46 - INFO - Epoch: 26/200, Validation Loss: 0.00015159435861278325, Accuracy: 100.0%
2024-07-03 15:34:46 - INFO - Epoch: 27/200, Training Loss: 0.00013810914242640138
2024-07-03 15:34:46 - INFO - Epoch: 27/200, Validation Loss: 0.00012816522212233394, Accuracy: 100.0%
2024-07-03 15:34:46 - INFO - Epoch: 28/200, Training Loss: 0.00012531760876299813
2024-07-03 15:34:46 - INFO - Epoch: 28/200, Validation Loss: 0.00011218636791454628, Accuracy: 100.0%
2024-07-03 15:34:46 - INFO - Epoch: 29/200, Training Loss: 0.00011626393461483531
2024-07-03 15:34:46 - INFO - Epoch: 29/200, Validation Loss: 0.00010065414244309068, Accuracy: 100.0%
2024-07-03 15:34:46 - INFO - Epoch: 30/200, Training Loss: 0.0001039202070387546
2024-07-03 15:34:46 - INFO - Epoch: 30/200, Validation Loss: 9.190007403958589e-05, Accuracy: 100.0%
2024-07-03 15:34:46 - INFO - Epoch: 31/200, Training Loss: 9.192354991682805e-05
2024-07-03 15:34:46 - INFO - Epoch: 31/200, Validation Loss: 8.498310489812866e-05, Accuracy: 100.0%
2024-07-03 15:34:46 - INFO - Epoch: 32/200, Training Loss: 8.243954289355315e-05
2024-07-03 15:34:46 - INFO - Epoch: 32/200, Validation Loss: 7.941825606394559e-05, Accuracy: 100.0%
2024-07-03 15:34:46 - INFO - Epoch: 33/200, Training Loss: 8.433335460722446e-05
2024-07-03 15:34:46 - INFO - Epoch: 33/200, Validation Loss: 7.483157969545573e-05, Accuracy: 100.0%
2024-07-03 15:34:46 - INFO - Epoch: 34/200, Training Loss: 7.622934390383307e-05
2024-07-03 15:34:46 - INFO - Epoch: 34/200, Validation Loss: 7.094356988091022e-05, Accuracy: 100.0%
2024-07-03 15:34:46 - INFO - Epoch: 35/200, Training Loss: 6.927958020241931e-05
2024-07-03 15:34:46 - INFO - Epoch: 35/200, Validation Loss: 6.764326826669276e-05, Accuracy: 100.0%
2024-07-03 15:34:46 - INFO - Epoch: 36/200, Training Loss: 6.853657032479532e-05
2024-07-03 15:34:46 - INFO - Epoch: 36/200, Validation Loss: 6.480739830294624e-05, Accuracy: 100.0%
2024-07-03 15:34:46 - INFO - Epoch: 37/200, Training Loss: 6.672809104202315e-05
2024-07-03 15:34:46 - INFO - Epoch: 37/200, Validation Loss: 6.232085434021428e-05, Accuracy: 100.0%
2024-07-03 15:34:46 - INFO - Epoch: 38/200, Training Loss: 6.507409125333652e-05
2024-07-03 15:34:46 - INFO - Epoch: 38/200, Validation Loss: 6.011379082337953e-05, Accuracy: 100.0%
2024-07-03 15:34:46 - INFO - Epoch: 39/200, Training Loss: 6.368094909703359e-05
2024-07-03 15:34:46 - INFO - Epoch: 39/200, Validation Loss: 5.812866220367141e-05, Accuracy: 100.0%
2024-07-03 15:34:46 - INFO - Epoch: 40/200, Training Loss: 6.33379149803659e-05
2024-07-03 15:34:46 - INFO - Epoch: 40/200, Validation Loss: 5.636136847897433e-05, Accuracy: 100.0%
2024-07-03 15:34:46 - INFO - Epoch: 41/200, Training Loss: 5.879507261852268e-05
2024-07-03 15:34:46 - INFO - Epoch: 41/200, Validation Loss: 5.4721465858165175e-05, Accuracy: 100.0%
2024-07-03 15:34:46 - INFO - Epoch: 42/200, Training Loss: 5.771772703155875e-05
2024-07-03 15:34:46 - INFO - Epoch: 42/200, Validation Loss: 5.3208976169116795e-05, Accuracy: 100.0%
2024-07-03 15:34:46 - INFO - Epoch: 43/200, Training Loss: 5.498078462551348e-05
2024-07-03 15:34:46 - INFO - Epoch: 43/200, Validation Loss: 5.1836224884027615e-05, Accuracy: 100.0%
2024-07-03 15:34:46 - INFO - Epoch: 44/200, Training Loss: 5.6077062254189514e-05
2024-07-03 15:34:46 - INFO - Epoch: 44/200, Validation Loss: 5.054977737017907e-05, Accuracy: 100.0%
2024-07-03 15:34:46 - INFO - Epoch: 45/200, Training Loss: 5.1713419452426024e-05
2024-07-03 15:34:46 - INFO - Epoch: 45/200, Validation Loss: 4.936607729177922e-05, Accuracy: 100.0%
2024-07-03 15:34:46 - INFO - Epoch: 46/200, Training Loss: 5.262369450065307e-05
2024-07-03 15:34:46 - INFO - Epoch: 46/200, Validation Loss: 4.826458098250441e-05, Accuracy: 100.0%
2024-07-03 15:34:46 - INFO - Epoch: 47/200, Training Loss: 5.134009916218929e-05
2024-07-03 15:34:46 - INFO - Epoch: 47/200, Validation Loss: 4.722061567008495e-05, Accuracy: 100.0%
2024-07-03 15:34:46 - INFO - Epoch: 48/200, Training Loss: 4.995188646716997e-05
2024-07-03 15:34:46 - INFO - Epoch: 48/200, Validation Loss: 4.623419590643607e-05, Accuracy: 100.0%
2024-07-03 15:34:46 - INFO - Epoch: 49/200, Training Loss: 4.765494122693781e-05
2024-07-03 15:34:46 - INFO - Epoch: 49/200, Validation Loss: 4.530119622359052e-05, Accuracy: 100.0%
2024-07-03 15:34:46 - INFO - Epoch: 50/200, Training Loss: 4.762128082802519e-05
2024-07-03 15:34:46 - INFO - Epoch: 50/200, Validation Loss: 4.441751661943272e-05, Accuracy: 100.0%
2024-07-03 15:34:46 - INFO - Epoch: 51/200, Training Loss: 4.8451454858877696e-05
2024-07-03 15:34:46 - INFO - Epoch: 51/200, Validation Loss: 4.355849887360819e-05, Accuracy: 100.0%
2024-07-03 15:34:46 - INFO - Epoch: 52/200, Training Loss: 4.489396815188229e-05
2024-07-03 15:34:46 - INFO - Epoch: 52/200, Validation Loss: 4.275701940059662e-05, Accuracy: 100.0%
2024-07-03 15:34:46 - INFO - Epoch: 53/200, Training Loss: 4.520834227150772e-05
2024-07-03 15:34:46 - INFO - Epoch: 53/200, Validation Loss: 4.198430178803392e-05, Accuracy: 100.0%
2024-07-03 15:34:46 - INFO - Epoch: 54/200, Training Loss: 4.3044523408752866e-05
2024-07-03 15:34:46 - INFO - Epoch: 54/200, Validation Loss: 4.124858241993934e-05, Accuracy: 100.0%
2024-07-03 15:34:46 - INFO - Epoch: 55/200, Training Loss: 4.259630077285692e-05
2024-07-03 15:34:46 - INFO - Epoch: 55/200, Validation Loss: 4.0529295802116394e-05, Accuracy: 100.0%
2024-07-03 15:34:46 - INFO - Epoch: 56/200, Training Loss: 4.2408142689964734e-05
2024-07-03 15:34:46 - INFO - Epoch: 56/200, Validation Loss: 3.986755837104283e-05, Accuracy: 100.0%
2024-07-03 15:34:46 - INFO - Epoch: 57/200, Training Loss: 3.9591355744050816e-05
2024-07-03 15:34:46 - INFO - Epoch: 57/200, Validation Loss: 3.921403185813688e-05, Accuracy: 100.0%
2024-07-03 15:34:46 - INFO - Epoch: 58/200, Training Loss: 4.025768248538952e-05
2024-07-03 15:34:46 - INFO - Epoch: 58/200, Validation Loss: 3.858105992549099e-05, Accuracy: 100.0%
2024-07-03 15:34:46 - INFO - Epoch: 59/200, Training Loss: 3.988722892245278e-05
2024-07-03 15:34:46 - INFO - Epoch: 59/200, Validation Loss: 3.797685349127278e-05, Accuracy: 100.0%
2024-07-03 15:34:46 - INFO - Epoch: 60/200, Training Loss: 3.874883259413764e-05
2024-07-03 15:34:46 - INFO - Epoch: 60/200, Validation Loss: 3.740964166354388e-05, Accuracy: 100.0%
2024-07-03 15:34:46 - INFO - Epoch: 61/200, Training Loss: 3.826610009127762e-05
2024-07-03 15:34:46 - INFO - Epoch: 61/200, Validation Loss: 3.682187161757611e-05, Accuracy: 100.0%
2024-07-03 15:34:46 - INFO - Epoch: 62/200, Training Loss: 3.814436058746651e-05
2024-07-03 15:34:46 - INFO - Epoch: 62/200, Validation Loss: 3.62875362043269e-05, Accuracy: 100.0%
2024-07-03 15:34:46 - INFO - Epoch: 63/200, Training Loss: 3.8794758438598365e-05
2024-07-03 15:34:46 - INFO - Epoch: 63/200, Validation Loss: 3.5761422623181716e-05, Accuracy: 100.0%
2024-07-03 15:34:46 - INFO - Epoch: 64/200, Training Loss: 3.774618926399853e-05
2024-07-03 15:34:46 - INFO - Epoch: 64/200, Validation Loss: 3.5227087209932506e-05, Accuracy: 100.0%
2024-07-03 15:34:46 - INFO - Epoch: 65/200, Training Loss: 3.69982335541863e-05
2024-07-03 15:34:46 - INFO - Epoch: 65/200, Validation Loss: 3.472563184914179e-05, Accuracy: 100.0%
2024-07-03 15:34:46 - INFO - Epoch: 66/200, Training Loss: 3.4541193599579856e-05
2024-07-03 15:34:46 - INFO - Epoch: 66/200, Validation Loss: 3.424062015255913e-05, Accuracy: 100.0%
2024-07-03 15:34:46 - INFO - Epoch: 67/200, Training Loss: 3.511120485200081e-05
2024-07-03 15:34:46 - INFO - Epoch: 67/200, Validation Loss: 3.378437759238295e-05, Accuracy: 100.0%
2024-07-03 15:34:46 - INFO - Epoch: 68/200, Training Loss: 3.407831900403835e-05
2024-07-03 15:34:46 - INFO - Epoch: 68/200, Validation Loss: 3.3319913200102746e-05, Accuracy: 100.0%
2024-07-03 15:34:46 - INFO - Epoch: 69/200, Training Loss: 3.48614230460953e-05
2024-07-03 15:34:46 - INFO - Epoch: 69/200, Validation Loss: 3.28801033901982e-05, Accuracy: 100.0%
2024-07-03 15:34:46 - INFO - Epoch: 70/200, Training Loss: 3.2791373087093234e-05
2024-07-03 15:34:46 - INFO - Epoch: 70/200, Validation Loss: 3.244030085625127e-05, Accuracy: 100.0%
2024-07-03 15:34:46 - INFO - Epoch: 71/200, Training Loss: 3.361021481396165e-05
2024-07-03 15:34:46 - INFO - Epoch: 71/200, Validation Loss: 3.201693471055478e-05, Accuracy: 100.0%
2024-07-03 15:34:46 - INFO - Epoch: 72/200, Training Loss: 3.320391624583863e-05
2024-07-03 15:34:46 - INFO - Epoch: 72/200, Validation Loss: 3.161411950713955e-05, Accuracy: 100.0%
2024-07-03 15:34:46 - INFO - Epoch: 73/200, Training Loss: 3.2332949558622204e-05
2024-07-03 15:34:46 - INFO - Epoch: 73/200, Validation Loss: 3.1207193387672305e-05, Accuracy: 100.0%
2024-07-03 15:34:46 - INFO - Epoch: 74/200, Training Loss: 3.208928865205962e-05
2024-07-03 15:34:46 - INFO - Epoch: 74/200, Validation Loss: 3.08126000163611e-05, Accuracy: 100.0%
2024-07-03 15:34:46 - INFO - Epoch: 75/200, Training Loss: 3.07339059872902e-05
2024-07-03 15:34:46 - INFO - Epoch: 75/200, Validation Loss: 3.0430337574216537e-05, Accuracy: 100.0%
2024-07-03 15:34:46 - INFO - Epoch: 76/200, Training Loss: 3.097823719144799e-05
2024-07-03 15:34:46 - INFO - Epoch: 76/200, Validation Loss: 3.0048075132071972e-05, Accuracy: 100.0%
2024-07-03 15:34:46 - INFO - Epoch: 77/200, Training Loss: 3.004681730089942e-05
2024-07-03 15:34:46 - INFO - Epoch: 77/200, Validation Loss: 2.9694581826333888e-05, Accuracy: 100.0%
2024-07-03 15:34:46 - INFO - Epoch: 78/200, Training Loss: 2.9967054615553934e-05
2024-07-03 15:34:46 - INFO - Epoch: 78/200, Validation Loss: 2.93410867016064e-05, Accuracy: 100.0%
2024-07-03 15:34:46 - INFO - Epoch: 79/200, Training Loss: 3.059187019971432e-05
2024-07-03 15:34:46 - INFO - Epoch: 79/200, Validation Loss: 2.8987597033847123e-05, Accuracy: 100.0%
2024-07-03 15:34:46 - INFO - Epoch: 80/200, Training Loss: 2.985622086271178e-05
2024-07-03 15:34:46 - INFO - Epoch: 80/200, Validation Loss: 2.8658767405431718e-05, Accuracy: 100.0%
2024-07-03 15:34:46 - INFO - Epoch: 81/200, Training Loss: 2.953755665657809e-05
2024-07-03 15:34:46 - INFO - Epoch: 81/200, Validation Loss: 2.830527228070423e-05, Accuracy: 100.0%
2024-07-03 15:34:46 - INFO - Epoch: 82/200, Training Loss: 2.9370386982918717e-05
2024-07-03 15:34:46 - INFO - Epoch: 82/200, Validation Loss: 2.798465902742464e-05, Accuracy: 100.0%
2024-07-03 15:34:46 - INFO - Epoch: 83/200, Training Loss: 2.8404168006090913e-05
2024-07-03 15:34:46 - INFO - Epoch: 83/200, Validation Loss: 2.7655829399009235e-05, Accuracy: 100.0%
2024-07-03 15:34:46 - INFO - Epoch: 84/200, Training Loss: 2.711725846893387e-05
2024-07-03 15:34:46 - INFO - Epoch: 84/200, Validation Loss: 2.733932706178166e-05, Accuracy: 100.0%
2024-07-03 15:34:46 - INFO - Epoch: 85/200, Training Loss: 2.69452684733551e-05
2024-07-03 15:34:46 - INFO - Epoch: 85/200, Validation Loss: 2.7039266569772735e-05, Accuracy: 100.0%
2024-07-03 15:34:46 - INFO - Epoch: 86/200, Training Loss: 2.7615124963631388e-05
2024-07-03 15:34:46 - INFO - Epoch: 86/200, Validation Loss: 2.6739204258774407e-05, Accuracy: 100.0%
2024-07-03 15:34:47 - INFO - Epoch: 87/200, Training Loss: 2.6540638828009833e-05
2024-07-03 15:34:47 - INFO - Epoch: 87/200, Validation Loss: 2.644736559886951e-05, Accuracy: 100.0%
2024-07-03 15:34:47 - INFO - Epoch: 88/200, Training Loss: 2.6285026251571253e-05
2024-07-03 15:34:47 - INFO - Epoch: 88/200, Validation Loss: 2.6155523300985806e-05, Accuracy: 100.0%
2024-07-03 15:34:47 - INFO - Epoch: 89/200, Training Loss: 2.60162432823563e-05
2024-07-03 15:34:47 - INFO - Epoch: 89/200, Validation Loss: 2.588012648629956e-05, Accuracy: 100.0%
2024-07-03 15:34:47 - INFO - Epoch: 90/200, Training Loss: 2.53029311352293e-05
2024-07-03 15:34:47 - INFO - Epoch: 90/200, Validation Loss: 2.5608835130697116e-05, Accuracy: 100.0%
2024-07-03 15:34:47 - INFO - Epoch: 91/200, Training Loss: 2.5908558200171683e-05
2024-07-03 15:34:47 - INFO - Epoch: 91/200, Validation Loss: 2.5325216483906843e-05, Accuracy: 100.0%
2024-07-03 15:34:47 - INFO - Epoch: 92/200, Training Loss: 2.5265807380492333e-05
2024-07-03 15:34:47 - INFO - Epoch: 92/200, Validation Loss: 2.507036697352305e-05, Accuracy: 100.0%
2024-07-03 15:34:47 - INFO - Epoch: 93/200, Training Loss: 2.5425959393032826e-05
2024-07-03 15:34:47 - INFO - Epoch: 93/200, Validation Loss: 2.4803190171951428e-05, Accuracy: 100.0%
2024-07-03 15:34:47 - INFO - Epoch: 94/200, Training Loss: 2.488502923370106e-05
2024-07-03 15:34:47 - INFO - Epoch: 94/200, Validation Loss: 2.4552453396609053e-05, Accuracy: 100.0%
2024-07-03 15:34:47 - INFO - Epoch: 95/200, Training Loss: 2.4951667910499964e-05
2024-07-03 15:34:47 - INFO - Epoch: 95/200, Validation Loss: 2.4297602067235857e-05, Accuracy: 100.0%
2024-07-03 15:34:47 - INFO - Epoch: 96/200, Training Loss: 2.4436968487862032e-05
2024-07-03 15:34:47 - INFO - Epoch: 96/200, Validation Loss: 2.4042756194830872e-05, Accuracy: 100.0%
2024-07-03 15:34:47 - INFO - Epoch: 97/200, Training Loss: 2.381515241722809e-05
2024-07-03 15:34:47 - INFO - Epoch: 97/200, Validation Loss: 2.380023943260312e-05, Accuracy: 100.0%
2024-07-03 15:34:47 - INFO - Epoch: 98/200, Training Loss: 2.4561862119298894e-05
2024-07-03 15:34:47 - INFO - Epoch: 98/200, Validation Loss: 2.35700499615632e-05, Accuracy: 100.0%
2024-07-03 15:34:47 - INFO - Epoch: 99/200, Training Loss: 2.350120121263899e-05
2024-07-03 15:34:47 - INFO - Epoch: 99/200, Validation Loss: 2.3343973225564696e-05, Accuracy: 100.0%
2024-07-03 15:34:47 - INFO - Epoch: 100/200, Training Loss: 2.374063933530124e-05
2024-07-03 15:34:47 - INFO - Epoch: 100/200, Validation Loss: 2.3089130991138518e-05, Accuracy: 100.0%
2024-07-03 15:34:47 - INFO - Epoch: 101/200, Training Loss: 2.25268850044813e-05
2024-07-03 15:34:47 - INFO - Epoch: 101/200, Validation Loss: 2.287538518430665e-05, Accuracy: 100.0%
2024-07-03 15:34:47 - INFO - Epoch: 102/200, Training Loss: 2.1882427972741425e-05
2024-07-03 15:34:47 - INFO - Epoch: 102/200, Validation Loss: 2.2645197532256134e-05, Accuracy: 100.0%
2024-07-03 15:34:47 - INFO - Epoch: 103/200, Training Loss: 2.2583137251785956e-05
2024-07-03 15:34:47 - INFO - Epoch: 103/200, Validation Loss: 2.2435560822486877e-05, Accuracy: 100.0%
2024-07-03 15:34:47 - INFO - Epoch: 104/200, Training Loss: 2.2475629521068186e-05
2024-07-03 15:34:47 - INFO - Epoch: 104/200, Validation Loss: 2.2217707737581804e-05, Accuracy: 100.0%
2024-07-03 15:34:47 - INFO - Epoch: 105/200, Training Loss: 2.1905567336943932e-05
2024-07-03 15:34:47 - INFO - Epoch: 105/200, Validation Loss: 2.2003961930749938e-05, Accuracy: 100.0%
2024-07-03 15:34:47 - INFO - Epoch: 106/200, Training Loss: 2.2338398594001774e-05
2024-07-03 15:34:47 - INFO - Epoch: 106/200, Validation Loss: 2.1794327039970085e-05, Accuracy: 100.0%
2024-07-03 15:34:47 - INFO - Epoch: 107/200, Training Loss: 2.095661238854518e-05
2024-07-03 15:34:47 - INFO - Epoch: 107/200, Validation Loss: 2.1584692149190232e-05, Accuracy: 100.0%
2024-07-03 15:34:47 - INFO - Epoch: 108/200, Training Loss: 2.0806159227504395e-05
2024-07-03 15:34:47 - INFO - Epoch: 108/200, Validation Loss: 2.1399720935733058e-05, Accuracy: 100.0%
2024-07-03 15:34:47 - INFO - Epoch: 109/200, Training Loss: 2.1653817384503782e-05
2024-07-03 15:34:47 - INFO - Epoch: 109/200, Validation Loss: 2.1190086044953205e-05, Accuracy: 100.0%
2024-07-03 15:34:47 - INFO - Epoch: 110/200, Training Loss: 2.09129666473018e-05
2024-07-03 15:34:47 - INFO - Epoch: 110/200, Validation Loss: 2.1000998458475806e-05, Accuracy: 100.0%
2024-07-03 15:34:47 - INFO - Epoch: 111/200, Training Loss: 2.093465536745498e-05
2024-07-03 15:34:47 - INFO - Epoch: 111/200, Validation Loss: 2.0787254470633343e-05, Accuracy: 100.0%
2024-07-03 15:34:47 - INFO - Epoch: 112/200, Training Loss: 2.0901847165077925e-05
2024-07-03 15:34:47 - INFO - Epoch: 112/200, Validation Loss: 2.0614614186342806e-05, Accuracy: 100.0%
2024-07-03 15:34:47 - INFO - Epoch: 113/200, Training Loss: 2.013549328694353e-05
2024-07-03 15:34:47 - INFO - Epoch: 113/200, Validation Loss: 2.041731022472959e-05, Accuracy: 100.0%
2024-07-03 15:34:47 - INFO - Epoch: 114/200, Training Loss: 1.982772482733708e-05
2024-07-03 15:34:47 - INFO - Epoch: 114/200, Validation Loss: 2.025700086960569e-05, Accuracy: 100.0%
2024-07-03 15:34:47 - INFO - Epoch: 115/200, Training Loss: 1.9824561604764313e-05
2024-07-03 15:34:47 - INFO - Epoch: 115/200, Validation Loss: 2.0063806005055085e-05, Accuracy: 100.0%
2024-07-03 15:34:47 - INFO - Epoch: 116/200, Training Loss: 1.9706089005921967e-05
2024-07-03 15:34:47 - INFO - Epoch: 116/200, Validation Loss: 1.988294388866052e-05, Accuracy: 100.0%
2024-07-03 15:34:47 - INFO - Epoch: 117/200, Training Loss: 1.948717635968933e-05
2024-07-03 15:34:47 - INFO - Epoch: 117/200, Validation Loss: 1.971030178538058e-05, Accuracy: 100.0%
2024-07-03 15:34:47 - INFO - Epoch: 118/200, Training Loss: 1.925018113979604e-05
2024-07-03 15:34:47 - INFO - Epoch: 118/200, Validation Loss: 1.9525328752934e-05, Accuracy: 100.0%
2024-07-03 15:34:47 - INFO - Epoch: 119/200, Training Loss: 1.9740155039471574e-05
2024-07-03 15:34:47 - INFO - Epoch: 119/200, Validation Loss: 1.937735032697674e-05, Accuracy: 100.0%
2024-07-03 15:34:47 - INFO - Epoch: 120/200, Training Loss: 1.8478247511666268e-05
2024-07-03 15:34:47 - INFO - Epoch: 120/200, Validation Loss: 1.919648639159277e-05, Accuracy: 100.0%
2024-07-03 15:34:47 - INFO - Epoch: 121/200, Training Loss: 1.9109245840809308e-05
2024-07-03 15:34:47 - INFO - Epoch: 121/200, Validation Loss: 1.9044400687562302e-05, Accuracy: 100.0%
2024-07-03 15:34:47 - INFO - Epoch: 122/200, Training Loss: 1.88504891411867e-05
2024-07-03 15:34:47 - INFO - Epoch: 122/200, Validation Loss: 1.885942583612632e-05, Accuracy: 100.0%
2024-07-03 15:34:47 - INFO - Epoch: 123/200, Training Loss: 1.885401434265077e-05
2024-07-03 15:34:47 - INFO - Epoch: 123/200, Validation Loss: 1.870322557806503e-05, Accuracy: 100.0%
2024-07-03 15:34:47 - INFO - Epoch: 124/200, Training Loss: 1.8784343410516158e-05
2024-07-03 15:34:47 - INFO - Epoch: 124/200, Validation Loss: 1.8559356249170378e-05, Accuracy: 100.0%
2024-07-03 15:34:47 - INFO - Epoch: 125/200, Training Loss: 1.9027560483664274e-05
2024-07-03 15:34:47 - INFO - Epoch: 125/200, Validation Loss: 1.837849231378641e-05, Accuracy: 100.0%
2024-07-03 15:34:47 - INFO - Epoch: 126/200, Training Loss: 1.791876547940774e-05
2024-07-03 15:34:47 - INFO - Epoch: 126/200, Validation Loss: 1.8242848454974592e-05, Accuracy: 100.0%
2024-07-03 15:34:47 - INFO - Epoch: 127/200, Training Loss: 1.8114834347215947e-05
2024-07-03 15:34:47 - INFO - Epoch: 127/200, Validation Loss: 1.8090759112965316e-05, Accuracy: 100.0%
2024-07-03 15:34:47 - INFO - Epoch: 128/200, Training Loss: 1.7639234101807233e-05
2024-07-03 15:34:47 - INFO - Epoch: 128/200, Validation Loss: 1.7926340660778806e-05, Accuracy: 100.0%
2024-07-03 15:34:47 - INFO - Epoch: 129/200, Training Loss: 1.762854208209319e-05
2024-07-03 15:34:47 - INFO - Epoch: 129/200, Validation Loss: 1.7774249499780126e-05, Accuracy: 100.0%
2024-07-03 15:34:47 - INFO - Epoch: 130/200, Training Loss: 1.7715332432999276e-05
2024-07-03 15:34:47 - INFO - Epoch: 130/200, Validation Loss: 1.7634491086937487e-05, Accuracy: 100.0%
2024-07-03 15:34:47 - INFO - Epoch: 131/200, Training Loss: 1.7491945072833914e-05
2024-07-03 15:34:47 - INFO - Epoch: 131/200, Validation Loss: 1.7490621758042835e-05, Accuracy: 100.0%
2024-07-03 15:34:47 - INFO - Epoch: 132/200, Training Loss: 1.7259808373637497e-05
2024-07-03 15:34:47 - INFO - Epoch: 132/200, Validation Loss: 1.7350863345200196e-05, Accuracy: 100.0%
2024-07-03 15:34:47 - INFO - Epoch: 133/200, Training Loss: 1.6942390629992587e-05
2024-07-03 15:34:47 - INFO - Epoch: 133/200, Validation Loss: 1.719877400319092e-05, Accuracy: 100.0%
2024-07-03 15:34:47 - INFO - Epoch: 134/200, Training Loss: 1.714666541374754e-05
2024-07-03 15:34:47 - INFO - Epoch: 134/200, Validation Loss: 1.706312468741089e-05, Accuracy: 100.0%
2024-07-03 15:34:47 - INFO - Epoch: 135/200, Training Loss: 1.6708337625459535e-05
2024-07-03 15:34:47 - INFO - Epoch: 135/200, Validation Loss: 1.692747900960967e-05, Accuracy: 100.0%
2024-07-03 15:34:47 - INFO - Epoch: 136/200, Training Loss: 1.7351042060909094e-05
2024-07-03 15:34:47 - INFO - Epoch: 136/200, Validation Loss: 1.679182969382964e-05, Accuracy: 100.0%
2024-07-03 15:34:47 - INFO - Epoch: 137/200, Training Loss: 1.6417760889453348e-05
2024-07-03 15:34:47 - INFO - Epoch: 137/200, Validation Loss: 1.6656182197039016e-05, Accuracy: 100.0%
2024-07-03 15:34:47 - INFO - Epoch: 138/200, Training Loss: 1.6602632058493327e-05
2024-07-03 15:34:47 - INFO - Epoch: 138/200, Validation Loss: 1.6524647435289808e-05, Accuracy: 100.0%
2024-07-03 15:34:47 - INFO - Epoch: 139/200, Training Loss: 1.6115850485221017e-05
2024-07-03 15:34:47 - INFO - Epoch: 139/200, Validation Loss: 1.638077628740575e-05, Accuracy: 100.0%
2024-07-03 15:34:47 - INFO - Epoch: 140/200, Training Loss: 1.5971361335687106e-05
2024-07-03 15:34:47 - INFO - Epoch: 140/200, Validation Loss: 1.6253350622719154e-05, Accuracy: 100.0%
2024-07-03 15:34:47 - INFO - Epoch: 141/200, Training Loss: 1.580578100401908e-05
2024-07-03 15:34:47 - INFO - Epoch: 141/200, Validation Loss: 1.6125923139043152e-05, Accuracy: 100.0%
2024-07-03 15:34:47 - INFO - Epoch: 142/200, Training Loss: 1.6101733308460098e-05
2024-07-03 15:34:47 - INFO - Epoch: 142/200, Validation Loss: 1.6010828403523192e-05, Accuracy: 100.0%
2024-07-03 15:34:47 - INFO - Epoch: 143/200, Training Loss: 1.5906512544461293e-05
2024-07-03 15:34:47 - INFO - Epoch: 143/200, Validation Loss: 1.5891620932961814e-05, Accuracy: 100.0%
2024-07-03 15:34:47 - INFO - Epoch: 144/200, Training Loss: 1.5425863239215687e-05
2024-07-03 15:34:47 - INFO - Epoch: 144/200, Validation Loss: 1.575186433910858e-05, Accuracy: 100.0%
2024-07-03 15:34:47 - INFO - Epoch: 145/200, Training Loss: 1.4914039638824761e-05
2024-07-03 15:34:47 - INFO - Epoch: 145/200, Validation Loss: 1.5644989616703242e-05, Accuracy: 100.0%
2024-07-03 15:34:47 - INFO - Epoch: 146/200, Training Loss: 1.5684177469665883e-05
2024-07-03 15:34:47 - INFO - Epoch: 146/200, Validation Loss: 1.552167123008985e-05, Accuracy: 100.0%
2024-07-03 15:34:47 - INFO - Epoch: 147/200, Training Loss: 1.5164195701800054e-05
2024-07-03 15:34:47 - INFO - Epoch: 147/200, Validation Loss: 1.540246739750728e-05, Accuracy: 100.0%
2024-07-03 15:34:47 - INFO - Epoch: 148/200, Training Loss: 1.5174687177932356e-05
2024-07-03 15:34:47 - INFO - Epoch: 148/200, Validation Loss: 1.5287370842997916e-05, Accuracy: 100.0%
2024-07-03 15:34:48 - INFO - Epoch: 149/200, Training Loss: 1.4698168342874851e-05
2024-07-03 15:34:48 - INFO - Epoch: 149/200, Validation Loss: 1.5180497030087281e-05, Accuracy: 100.0%
2024-07-03 15:34:48 - INFO - Epoch: 150/200, Training Loss: 1.533042359369574e-05
2024-07-03 15:34:48 - INFO - Epoch: 150/200, Validation Loss: 1.5040739526739344e-05, Accuracy: 100.0%
2024-07-03 15:34:48 - INFO - Epoch: 151/200, Training Loss: 1.4800275948800845e-05
2024-07-03 15:34:48 - INFO - Epoch: 151/200, Validation Loss: 1.4942084817448631e-05, Accuracy: 100.0%
2024-07-03 15:34:48 - INFO - Epoch: 152/200, Training Loss: 1.4508714230032638e-05
2024-07-03 15:34:48 - INFO - Epoch: 152/200, Validation Loss: 1.483109917899128e-05, Accuracy: 100.0%
2024-07-03 15:34:48 - INFO - Epoch: 153/200, Training Loss: 1.4591770195693243e-05
2024-07-03 15:34:48 - INFO - Epoch: 153/200, Validation Loss: 1.4720114450028632e-05, Accuracy: 100.0%
2024-07-03 15:34:48 - INFO - Epoch: 154/200, Training Loss: 1.4329152236314258e-05
2024-07-03 15:34:48 - INFO - Epoch: 154/200, Validation Loss: 1.462146065023262e-05, Accuracy: 100.0%
2024-07-03 15:34:48 - INFO - Epoch: 155/200, Training Loss: 1.4820312117080903e-05
2024-07-03 15:34:48 - INFO - Epoch: 155/200, Validation Loss: 1.4510476830764674e-05, Accuracy: 100.0%
2024-07-03 15:34:48 - INFO - Epoch: 156/200, Training Loss: 1.4152717994875275e-05
2024-07-03 15:34:48 - INFO - Epoch: 156/200, Validation Loss: 1.4407711205421947e-05, Accuracy: 100.0%
2024-07-03 15:34:48 - INFO - Epoch: 157/200, Training Loss: 1.4546413240168476e-05
2024-07-03 15:34:48 - INFO - Epoch: 157/200, Validation Loss: 1.4288505553849973e-05, Accuracy: 100.0%
2024-07-03 15:34:48 - INFO - Epoch: 158/200, Training Loss: 1.4039076631888747e-05
2024-07-03 15:34:48 - INFO - Epoch: 158/200, Validation Loss: 1.418574174749665e-05, Accuracy: 100.0%
2024-07-03 15:34:48 - INFO - Epoch: 159/200, Training Loss: 1.3928583939559758e-05
2024-07-03 15:34:48 - INFO - Epoch: 159/200, Validation Loss: 1.4087087038205937e-05, Accuracy: 100.0%
2024-07-03 15:34:48 - INFO - Epoch: 160/200, Training Loss: 1.416713621438248e-05
2024-07-03 15:34:48 - INFO - Epoch: 160/200, Validation Loss: 1.39802123158006e-05, Accuracy: 100.0%
2024-07-03 15:34:48 - INFO - Epoch: 161/200, Training Loss: 1.3644023511005798e-05
2024-07-03 15:34:48 - INFO - Epoch: 161/200, Validation Loss: 1.3885669432056602e-05, Accuracy: 100.0%
2024-07-03 15:34:48 - INFO - Epoch: 162/200, Training Loss: 1.3370223314268515e-05
2024-07-03 15:34:48 - INFO - Epoch: 162/200, Validation Loss: 1.378290653519798e-05, Accuracy: 100.0%
2024-07-03 15:34:48 - INFO - Epoch: 163/200, Training Loss: 1.3417430636764038e-05
2024-07-03 15:34:48 - INFO - Epoch: 163/200, Validation Loss: 1.3676029084308539e-05, Accuracy: 100.0%
2024-07-03 15:34:48 - INFO - Epoch: 164/200, Training Loss: 1.3186097930883989e-05
2024-07-03 15:34:48 - INFO - Epoch: 164/200, Validation Loss: 1.3589708032668568e-05, Accuracy: 100.0%
2024-07-03 15:34:48 - INFO - Epoch: 165/200, Training Loss: 1.3353523627301911e-05
2024-07-03 15:34:48 - INFO - Epoch: 165/200, Validation Loss: 1.3486945135809947e-05, Accuracy: 100.0%
2024-07-03 15:34:48 - INFO - Epoch: 166/200, Training Loss: 1.3104900517646456e-05
2024-07-03 15:34:48 - INFO - Epoch: 166/200, Validation Loss: 1.3384180419961922e-05, Accuracy: 100.0%
2024-07-03 15:34:48 - INFO - Epoch: 167/200, Training Loss: 1.3339753422769718e-05
2024-07-03 15:34:48 - INFO - Epoch: 167/200, Validation Loss: 1.3297857549332548e-05, Accuracy: 100.0%
2024-07-03 15:34:48 - INFO - Epoch: 168/200, Training Loss: 1.2955270904058125e-05
2024-07-03 15:34:48 - INFO - Epoch: 168/200, Validation Loss: 1.3211536497692578e-05, Accuracy: 100.0%
2024-07-03 15:34:48 - INFO - Epoch: 169/200, Training Loss: 1.3130564639141085e-05
2024-07-03 15:34:48 - INFO - Epoch: 169/200, Validation Loss: 1.3121103620505892e-05, Accuracy: 100.0%
2024-07-03 15:34:48 - INFO - Epoch: 170/200, Training Loss: 1.2770600733347237e-05
2024-07-03 15:34:48 - INFO - Epoch: 170/200, Validation Loss: 1.302244982070988e-05, Accuracy: 100.0%
2024-07-03 15:34:48 - INFO - Epoch: 171/200, Training Loss: 1.2538775536086177e-05
2024-07-03 15:34:48 - INFO - Epoch: 171/200, Validation Loss: 1.2936127859575208e-05, Accuracy: 100.0%
2024-07-03 15:34:48 - INFO - Epoch: 172/200, Training Loss: 1.2437609257176518e-05
2024-07-03 15:34:48 - INFO - Epoch: 172/200, Validation Loss: 1.2849804988945834e-05, Accuracy: 100.0%
2024-07-03 15:34:48 - INFO - Epoch: 173/200, Training Loss: 1.2520142263383605e-05
2024-07-03 15:34:48 - INFO - Epoch: 173/200, Validation Loss: 1.2767594853357878e-05, Accuracy: 100.0%
2024-07-03 15:34:48 - INFO - Epoch: 174/200, Training Loss: 1.261927536688745e-05
2024-07-03 15:34:48 - INFO - Epoch: 174/200, Validation Loss: 1.2685382898780517e-05, Accuracy: 100.0%
2024-07-03 15:34:48 - INFO - Epoch: 175/200, Training Loss: 1.2613418221008033e-05
2024-07-03 15:34:48 - INFO - Epoch: 175/200, Validation Loss: 1.257850817637518e-05, Accuracy: 100.0%
2024-07-03 15:34:48 - INFO - Epoch: 176/200, Training Loss: 1.2234515452291816e-05
2024-07-03 15:34:48 - INFO - Epoch: 176/200, Validation Loss: 1.2496295312303118e-05, Accuracy: 100.0%
2024-07-03 15:34:48 - INFO - Epoch: 177/200, Training Loss: 1.207767581945518e-05
2024-07-03 15:34:48 - INFO - Epoch: 177/200, Validation Loss: 1.2418195183272474e-05, Accuracy: 100.0%
2024-07-03 15:34:48 - INFO - Epoch: 178/200, Training Loss: 1.2464672636269825e-05
2024-07-03 15:34:48 - INFO - Epoch: 178/200, Validation Loss: 1.2331873222137801e-05, Accuracy: 100.0%
2024-07-03 15:34:48 - INFO - Epoch: 179/200, Training Loss: 1.2222158602526179e-05
2024-07-03 15:34:48 - INFO - Epoch: 179/200, Validation Loss: 1.2253771274117753e-05, Accuracy: 100.0%
2024-07-03 15:34:48 - INFO - Epoch: 180/200, Training Loss: 1.1929182619496714e-05
2024-07-03 15:34:48 - INFO - Epoch: 180/200, Validation Loss: 1.2159228390373755e-05, Accuracy: 100.0%
2024-07-03 15:34:48 - INFO - Epoch: 181/200, Training Loss: 1.1742721653718036e-05
2024-07-03 15:34:48 - INFO - Epoch: 181/200, Validation Loss: 1.2077016435796395e-05, Accuracy: 100.0%
2024-07-03 15:34:48 - INFO - Epoch: 182/200, Training Loss: 1.1995587556157261e-05
2024-07-03 15:34:48 - INFO - Epoch: 182/200, Validation Loss: 1.201124814542709e-05, Accuracy: 100.0%
2024-07-03 15:34:48 - INFO - Epoch: 183/200, Training Loss: 1.143776626122417e-05
2024-07-03 15:34:48 - INFO - Epoch: 183/200, Validation Loss: 1.1933147106901743e-05, Accuracy: 100.0%
2024-07-03 15:34:48 - INFO - Epoch: 184/200, Training Loss: 1.163289243777399e-05
2024-07-03 15:34:48 - INFO - Epoch: 184/200, Validation Loss: 1.1855046068376396e-05, Accuracy: 100.0%
2024-07-03 15:34:48 - INFO - Epoch: 185/200, Training Loss: 1.1533179076650413e-05
2024-07-03 15:34:48 - INFO - Epoch: 185/200, Validation Loss: 1.1776944120356347e-05, Accuracy: 100.0%
2024-07-03 15:34:48 - INFO - Epoch: 186/200, Training Loss: 1.185929022540222e-05
2024-07-03 15:34:48 - INFO - Epoch: 186/200, Validation Loss: 1.1698843081831e-05, Accuracy: 100.0%
2024-07-03 15:34:48 - INFO - Epoch: 187/200, Training Loss: 1.137613071477972e-05
2024-07-03 15:34:48 - INFO - Epoch: 187/200, Validation Loss: 1.161663112725364e-05, Accuracy: 100.0%
2024-07-03 15:34:48 - INFO - Epoch: 188/200, Training Loss: 1.1499359516164986e-05
2024-07-03 15:34:48 - INFO - Epoch: 188/200, Validation Loss: 1.154675101133762e-05, Accuracy: 100.0%
2024-07-03 15:34:48 - INFO - Epoch: 189/200, Training Loss: 1.159681369244936e-05
2024-07-03 15:34:48 - INFO - Epoch: 189/200, Validation Loss: 1.146864906331757e-05, Accuracy: 100.0%
2024-07-03 15:34:48 - INFO - Epoch: 190/200, Training Loss: 1.1025860658264719e-05
2024-07-03 15:34:48 - INFO - Epoch: 190/200, Validation Loss: 1.1406990779505577e-05, Accuracy: 100.0%
2024-07-03 15:34:48 - INFO - Epoch: 191/200, Training Loss: 1.1086531230830587e-05
2024-07-03 15:34:48 - INFO - Epoch: 191/200, Validation Loss: 1.1316558811813593e-05, Accuracy: 100.0%
2024-07-03 15:34:48 - INFO - Epoch: 192/200, Training Loss: 1.0987455880240304e-05
2024-07-03 15:34:48 - INFO - Epoch: 192/200, Validation Loss: 1.1246678695897572e-05, Accuracy: 100.0%
2024-07-03 15:34:48 - INFO - Epoch: 193/200, Training Loss: 1.0809655577759258e-05
2024-07-03 15:34:48 - INFO - Epoch: 193/200, Validation Loss: 1.1176799489476252e-05, Accuracy: 100.0%
2024-07-03 15:34:48 - INFO - Epoch: 194/200, Training Loss: 1.048290732796886e-05
2024-07-03 15:34:48 - INFO - Epoch: 194/200, Validation Loss: 1.1115140296169557e-05, Accuracy: 100.0%
2024-07-03 15:34:48 - INFO - Epoch: 195/200, Training Loss: 1.0917377039731946e-05
2024-07-03 15:34:48 - INFO - Epoch: 195/200, Validation Loss: 1.1037038348149508e-05, Accuracy: 100.0%
2024-07-03 15:34:48 - INFO - Epoch: 196/200, Training Loss: 1.0883466529776342e-05
2024-07-03 15:34:48 - INFO - Epoch: 196/200, Validation Loss: 1.0979490070894826e-05, Accuracy: 100.0%
2024-07-03 15:34:48 - INFO - Epoch: 197/200, Training Loss: 1.0766148079710547e-05
2024-07-03 15:34:48 - INFO - Epoch: 197/200, Validation Loss: 1.0909609045484103e-05, Accuracy: 100.0%
2024-07-03 15:34:48 - INFO - Epoch: 198/200, Training Loss: 1.0427825145598035e-05
2024-07-03 15:34:48 - INFO - Epoch: 198/200, Validation Loss: 1.0835620742000174e-05, Accuracy: 100.0%
2024-07-03 15:34:48 - INFO - Epoch: 199/200, Training Loss: 1.0797790309879929e-05
2024-07-03 15:34:48 - INFO - Epoch: 199/200, Validation Loss: 1.0769851542136166e-05, Accuracy: 100.0%
2024-07-03 15:34:48 - INFO - Epoch: 200/200, Training Loss: 1.087218970496906e-05
2024-07-03 15:34:48 - INFO - Epoch: 200/200, Validation Loss: 1.0704080523282755e-05, Accuracy: 100.0%
2024-07-03 15:34:48 - INFO - Finished training model.
2024-07-03 15:34:48 - INFO - Model saved to lstm_classifier_py2.pth and vocabulary saved to vocab_dc2.pkl
