2024-07-03 14:20:34 - INFO - This log entry will go into a uniquely named file for this run.
2024-07-03 14:20:36 - INFO - without hidden
2024-07-03 14:20:36 - INFO - valid:3302
2024-07-03 14:20:36 - INFO - invalid:3304
2024-07-03 14:20:36 - INFO - Params:
2024-07-03 14:20:36 - INFO - embedding_dim=128
2024-07-03 14:20:36 - INFO - hidden_dim:256
2024-07-03 14:20:36 - INFO - num_layers:2
2024-07-03 14:20:36 - INFO - epochs:50
2024-07-03 14:20:36 - INFO - batch_size:64
2024-07-03 14:20:36 - INFO - lr:0.001
2024-07-03 14:20:40 - INFO - Starting LSTM model training...
2024-07-03 14:21:29 - INFO - Epoch: 1/50, Training Loss: 0.011243332397876045
2024-07-03 14:21:34 - INFO - Epoch: 1/50, Validation Loss: 0.0015261500282348526, Accuracy: 99.95090782755808%
2024-07-03 14:21:34 - INFO - Model saved with validation accuracy: 99.95090782755808%
2024-07-03 14:22:26 - INFO - Epoch: 2/50, Training Loss: 0.001493144251810386
2024-07-03 14:22:32 - INFO - Epoch: 2/50, Validation Loss: 0.001439755050361843, Accuracy: 99.9516630917495%
2024-07-03 14:22:32 - INFO - Model saved with validation accuracy: 99.9516630917495%
2024-07-03 14:23:22 - INFO - Epoch: 3/50, Training Loss: 0.0010840782918144617
2024-07-03 14:23:28 - INFO - Epoch: 3/50, Validation Loss: 0.0007517493057307233, Accuracy: 99.9735657533005%
2024-07-03 14:23:28 - INFO - Model saved with validation accuracy: 99.9735657533005%
2024-07-03 14:24:19 - INFO - Epoch: 4/50, Training Loss: 0.0007928471296537388
2024-07-03 14:24:25 - INFO - Epoch: 4/50, Validation Loss: 0.0005695721701712464, Accuracy: 99.98036313102324%
2024-07-03 14:24:25 - INFO - Model saved with validation accuracy: 99.98036313102324%
2024-07-03 14:25:17 - INFO - Epoch: 5/50, Training Loss: 0.0006964474808960193
2024-07-03 14:25:22 - INFO - Epoch: 5/50, Validation Loss: 0.0006720781825629889, Accuracy: 99.98036313102324%
2024-07-03 14:26:13 - INFO - Epoch: 6/50, Training Loss: 0.0005039427056516373
2024-07-03 14:26:19 - INFO - Epoch: 6/50, Validation Loss: 0.0005082162910041677, Accuracy: 99.98716050874596%
2024-07-03 14:26:19 - INFO - Model saved with validation accuracy: 99.98716050874596%
2024-07-03 14:27:08 - INFO - Epoch: 7/50, Training Loss: 0.000493603598200577
2024-07-03 14:27:13 - INFO - Epoch: 7/50, Validation Loss: 0.0006259349405455282, Accuracy: 99.98338418778889%
2024-07-03 14:28:04 - INFO - Epoch: 8/50, Training Loss: 0.0005477113046744169
2024-07-03 14:28:10 - INFO - Epoch: 8/50, Validation Loss: 0.015404249099614962, Accuracy: 98.90562218664088%
2024-07-03 14:28:59 - INFO - Epoch: 9/50, Training Loss: 0.000847915705408195
2024-07-03 14:29:04 - INFO - Epoch: 9/50, Validation Loss: 0.0007096236658606635, Accuracy: 99.98187365940606%
2024-07-03 14:29:53 - INFO - Epoch: 10/50, Training Loss: 0.00025568871412229733
2024-07-03 14:29:59 - INFO - Epoch: 10/50, Validation Loss: 0.00035102303163139347, Accuracy: 99.99395788646869%
2024-07-03 14:29:59 - INFO - Model saved with validation accuracy: 99.99395788646869%
2024-07-03 14:30:48 - INFO - Epoch: 11/50, Training Loss: 0.00019300302522256253
2024-07-03 14:30:53 - INFO - Epoch: 11/50, Validation Loss: 0.0005224061085926747, Accuracy: 99.98867103712878%
2024-07-03 14:31:42 - INFO - Epoch: 12/50, Training Loss: 0.0002496247104693652
2024-07-03 14:31:47 - INFO - Epoch: 12/50, Validation Loss: 0.0005364173026509437, Accuracy: 99.98640524455455%
2024-07-03 14:32:35 - INFO - Epoch: 13/50, Training Loss: 0.00021528542154537303
2024-07-03 14:32:41 - INFO - Epoch: 13/50, Validation Loss: 0.00045118638788775454, Accuracy: 99.99320262227727%
2024-07-03 14:33:30 - INFO - Epoch: 14/50, Training Loss: 0.0001901906042401419
2024-07-03 14:33:35 - INFO - Epoch: 14/50, Validation Loss: 0.0003663287186182167, Accuracy: 99.99169209389444%
2024-07-03 14:34:23 - INFO - Epoch: 15/50, Training Loss: 0.00020363663241270655
2024-07-03 14:34:28 - INFO - Epoch: 15/50, Validation Loss: 0.0003641332253193068, Accuracy: 99.99093682970303%
2024-07-03 14:35:17 - INFO - Epoch: 16/50, Training Loss: 0.00022530077036252006
2024-07-03 14:35:23 - INFO - Epoch: 16/50, Validation Loss: 0.0002879835200852744, Accuracy: 99.99244735808585%
2024-07-03 14:36:11 - INFO - Epoch: 17/50, Training Loss: 0.00016445349276515345
2024-07-03 14:36:16 - INFO - Epoch: 17/50, Validation Loss: 0.0006492284398051095, Accuracy: 99.98867103712878%
2024-07-03 14:37:05 - INFO - Epoch: 18/50, Training Loss: 0.00016074288921823056
2024-07-03 14:37:10 - INFO - Epoch: 18/50, Validation Loss: 0.0007031875949137169, Accuracy: 99.98564998036314%
2024-07-03 14:37:59 - INFO - Epoch: 19/50, Training Loss: 0.00017822052088656894
2024-07-03 14:38:04 - INFO - Epoch: 19/50, Validation Loss: 0.0003315421307116507, Accuracy: 99.99395788646869%
2024-07-03 14:38:53 - INFO - Epoch: 20/50, Training Loss: 0.00013988058936243987
2024-07-03 14:38:58 - INFO - Epoch: 20/50, Validation Loss: 0.0003008397239389062, Accuracy: 99.99395788646869%
2024-07-03 14:39:47 - INFO - Epoch: 21/50, Training Loss: 0.0002602292437018413
2024-07-03 14:39:52 - INFO - Epoch: 21/50, Validation Loss: 0.0004493172385874439, Accuracy: 99.98791577293737%
2024-07-03 14:40:40 - INFO - Epoch: 22/50, Training Loss: 0.0003742770547295847
2024-07-03 14:40:45 - INFO - Epoch: 22/50, Validation Loss: 0.000546861230546074, Accuracy: 99.98489471617172%
2024-07-03 14:41:33 - INFO - Epoch: 23/50, Training Loss: 0.00014078668425150336
2024-07-03 14:41:38 - INFO - Epoch: 23/50, Validation Loss: 0.000609802420397715, Accuracy: 99.98791577293737%
2024-07-03 14:42:27 - INFO - Epoch: 24/50, Training Loss: 0.00012989624855233963
2024-07-03 14:42:32 - INFO - Epoch: 24/50, Validation Loss: 0.00028314162800801185, Accuracy: 99.99320262227727%
2024-07-03 14:43:22 - INFO - Epoch: 25/50, Training Loss: 0.0001564764206780843
2024-07-03 14:43:27 - INFO - Epoch: 25/50, Validation Loss: 0.00046392363245877896, Accuracy: 99.99093682970303%
2024-07-03 14:44:17 - INFO - Epoch: 26/50, Training Loss: 0.0001404990004400506
2024-07-03 14:44:22 - INFO - Epoch: 26/50, Validation Loss: 0.0005096599064374012, Accuracy: 99.99395788646869%
2024-07-03 14:45:11 - INFO - Epoch: 27/50, Training Loss: 0.00011074229532478518
2024-07-03 14:45:16 - INFO - Epoch: 27/50, Validation Loss: 0.0003680660145982582, Accuracy: 99.99244735808585%
2024-07-03 14:46:04 - INFO - Epoch: 28/50, Training Loss: 0.00011276914771439756
2024-07-03 14:46:10 - INFO - Epoch: 28/50, Validation Loss: 0.000330708775645435, Accuracy: 99.99395788646869%
2024-07-03 14:46:57 - INFO - Epoch: 29/50, Training Loss: 0.00022384226024859492
2024-07-03 14:47:03 - INFO - Epoch: 29/50, Validation Loss: 0.00028855867203782893, Accuracy: 99.99320262227727%
2024-07-03 14:47:51 - INFO - Epoch: 30/50, Training Loss: 0.0001356031559323286
2024-07-03 14:47:56 - INFO - Epoch: 30/50, Validation Loss: 0.0008555162619456376, Accuracy: 99.98640524455455%
2024-07-03 14:48:44 - INFO - Epoch: 31/50, Training Loss: 0.00017159244690871512
2024-07-03 14:48:50 - INFO - Epoch: 31/50, Validation Loss: 0.00044253590735086646, Accuracy: 99.99244735808585%
2024-07-03 14:49:38 - INFO - Epoch: 32/50, Training Loss: 0.00011573212374890588
2024-07-03 14:49:43 - INFO - Epoch: 32/50, Validation Loss: 0.0004055915653173973, Accuracy: 99.99018156551162%
2024-07-03 14:50:32 - INFO - Epoch: 33/50, Training Loss: 0.00015656291687136581
2024-07-03 14:50:37 - INFO - Epoch: 33/50, Validation Loss: 0.0008217869649869584, Accuracy: 99.98716050874596%
2024-07-03 14:51:25 - INFO - Epoch: 34/50, Training Loss: 0.00011423881396899796
2024-07-03 14:51:31 - INFO - Epoch: 34/50, Validation Loss: 0.000473553037938604, Accuracy: 99.99395788646869%
2024-07-03 14:52:18 - INFO - Epoch: 35/50, Training Loss: 8.669390780559985e-05
2024-07-03 14:52:23 - INFO - Epoch: 35/50, Validation Loss: 0.0004939007765420528, Accuracy: 99.99320262227727%
2024-07-03 14:53:11 - INFO - Epoch: 36/50, Training Loss: 0.00016280741740636628
2024-07-03 14:53:17 - INFO - Epoch: 36/50, Validation Loss: 0.0003542434291247112, Accuracy: 99.99546841485152%
2024-07-03 14:53:17 - INFO - Model saved with validation accuracy: 99.99546841485152%
2024-07-03 14:54:04 - INFO - Epoch: 37/50, Training Loss: 0.00019537273325941388
2024-07-03 14:54:09 - INFO - Epoch: 37/50, Validation Loss: 0.0007050274020347917, Accuracy: 99.99018156551162%
2024-07-03 14:54:58 - INFO - Epoch: 38/50, Training Loss: 9.253018151412682e-05
2024-07-03 14:55:03 - INFO - Epoch: 38/50, Validation Loss: 0.0006251641628574715, Accuracy: 99.98867103712878%
2024-07-03 14:55:52 - INFO - Epoch: 39/50, Training Loss: 0.00015289670129412858
2024-07-03 14:55:57 - INFO - Epoch: 39/50, Validation Loss: 0.0010286541090092434, Accuracy: 99.98564998036314%
2024-07-03 14:56:45 - INFO - Epoch: 40/50, Training Loss: 0.0002071531311601518
2024-07-03 14:56:50 - INFO - Epoch: 40/50, Validation Loss: 0.0004533640025066404, Accuracy: 99.99244735808585%
2024-07-03 14:57:38 - INFO - Epoch: 41/50, Training Loss: 7.752889943463027e-05
2024-07-03 14:57:43 - INFO - Epoch: 41/50, Validation Loss: 0.00042835225427389047, Accuracy: 99.99395788646869%
2024-07-03 14:58:31 - INFO - Epoch: 42/50, Training Loss: 0.0001390668504262244
2024-07-03 14:58:36 - INFO - Epoch: 42/50, Validation Loss: 0.0013873996553514178, Accuracy: 99.98716050874596%
2024-07-03 14:59:23 - INFO - Epoch: 43/50, Training Loss: 0.0001502140683017346
2024-07-03 14:59:29 - INFO - Epoch: 43/50, Validation Loss: 0.0006642881066156671, Accuracy: 99.99093682970303%
2024-07-03 15:00:16 - INFO - Epoch: 44/50, Training Loss: 0.00014625067007610333
2024-07-03 15:00:21 - INFO - Epoch: 44/50, Validation Loss: 0.00034558885828431187, Accuracy: 99.9947131506601%
2024-07-03 15:01:11 - INFO - Epoch: 45/50, Training Loss: 0.00017005568417718998
2024-07-03 15:01:16 - INFO - Epoch: 45/50, Validation Loss: 0.00043208448952635083, Accuracy: 99.99018156551162%
2024-07-03 15:02:05 - INFO - Epoch: 46/50, Training Loss: 0.00011104642299730149
2024-07-03 15:02:11 - INFO - Epoch: 46/50, Validation Loss: 0.00040621865326469176, Accuracy: 99.99169209389444%
2024-07-03 15:02:59 - INFO - Epoch: 47/50, Training Loss: 7.972764066769105e-05
2024-07-03 15:03:04 - INFO - Epoch: 47/50, Validation Loss: 0.00045575592786880844, Accuracy: 99.99244735808585%
2024-07-03 15:03:53 - INFO - Epoch: 48/50, Training Loss: 0.00015186329315540137
2024-07-03 15:04:01 - INFO - Epoch: 48/50, Validation Loss: 0.0003702146733983834, Accuracy: 99.99244735808585%
2024-07-03 15:05:15 - INFO - Epoch: 49/50, Training Loss: 1.4668085979412767e-05
2024-07-03 15:05:20 - INFO - Epoch: 49/50, Validation Loss: 0.00099320314195595, Accuracy: 99.99093682970303%
2024-07-03 15:06:09 - INFO - Epoch: 50/50, Training Loss: 0.00016919992785862856
2024-07-03 15:06:14 - INFO - Epoch: 50/50, Validation Loss: 0.0010150156379689764, Accuracy: 99.98716050874596%
2024-07-03 15:06:14 - INFO - Finished training model.
2024-07-03 15:06:14 - INFO - Model saved to lstm_classifier_dc2.pth and vocabulary saved to vocab_dc2.pkl
