2024-06-19 01:44:58 - INFO - This log entry will go into a uniquely named file for this run.
2024-06-19 01:44:58 - INFO - Starting LSTM model training...
2024-06-19 01:44:58 - INFO - Optimizer=Adam
2024-06-19 01:44:58 - INFO - epochs=1000
2024-06-19 01:44:58 - INFO - batch_size=32
2024-06-19 01:44:58 - INFO - File=codeExamples.txt
2024-06-19 01:44:58 - INFO - Learning Rate=0.001
2024-06-19 01:45:04 - INFO - Starting LSTM model training...
2024-06-19 01:45:18 - INFO - Epoch 1/1000, Loss: 1.6541157439070555
2024-06-19 01:45:33 - INFO - Epoch 2/1000, Loss: 1.4606203254017378
2024-06-19 01:46:22 - INFO - Epoch 3/1000, Loss: 1.3943554906395585
2024-06-19 01:47:47 - INFO - Epoch 4/1000, Loss: 1.3775402024628667
2024-06-19 01:48:04 - INFO - Epoch 5/1000, Loss: 1.3804807594362976
2024-06-19 01:48:20 - INFO - Epoch 6/1000, Loss: 1.3106001002272207
2024-06-19 01:48:37 - INFO - Epoch 7/1000, Loss: 1.3212594969615175
2024-06-19 01:48:54 - INFO - Epoch 8/1000, Loss: 1.3785397758301245
2024-06-19 01:49:10 - INFO - Epoch 9/1000, Loss: 1.3093414341439786
2024-06-19 01:49:27 - INFO - Epoch 10/1000, Loss: 1.3151906573976904
2024-06-19 01:49:44 - INFO - Epoch 11/1000, Loss: 1.3128629582522167
2024-06-19 01:50:12 - INFO - Epoch 12/1000, Loss: 1.2914046034433684
2024-06-19 01:50:46 - INFO - Epoch 13/1000, Loss: 1.2793994337280155
2024-06-19 01:51:21 - INFO - Epoch 14/1000, Loss: 1.2757082073690613
2024-06-19 01:51:56 - INFO - Epoch 15/1000, Loss: 1.2933266795075533
2024-06-19 01:52:18 - INFO - Epoch 16/1000, Loss: 1.3382562666221272
