2024-07-24 17:49:22 - INFO - This log entry will go into a uniquely named file for this run.
2024-07-24 17:49:22 - INFO - without hidden
2024-07-24 17:49:22 - INFO - Params:
2024-07-24 17:49:22 - INFO - embedding_dim=16
2024-07-24 17:49:22 - INFO - hidden_dim:16
2024-07-24 17:49:22 - INFO - num_layers:2
2024-07-24 17:49:22 - INFO - epochs:100
2024-07-24 17:49:22 - INFO - batch_size:64
2024-07-24 17:49:22 - INFO - lr:0.001
2024-07-24 17:49:25 - INFO - Starting LSTM model training...
2024-07-24 17:49:27 - INFO - Epoch: 1/100, Training Loss: 0.6936195118930834
2024-07-24 17:49:27 - INFO - Epoch: 1/100, Validation Loss: 0.6934143392176464, Accuracy: 48.6788891884605%
2024-07-24 17:49:27 - INFO - Model saved with validation accuracy: 48.6788891884605%
2024-07-24 17:49:28 - INFO - Epoch: 2/100, Training Loss: 0.6933485255416098
2024-07-24 17:49:28 - INFO - Epoch: 2/100, Validation Loss: 0.6933415804443688, Accuracy: 49.770827716365595%
2024-07-24 17:49:28 - INFO - Model saved with validation accuracy: 49.770827716365595%
2024-07-24 17:49:30 - INFO - Epoch: 3/100, Training Loss: 0.6933659062046429
2024-07-24 17:49:30 - INFO - Epoch: 3/100, Validation Loss: 0.6935627804747944, Accuracy: 50.26961445133459%
2024-07-24 17:49:30 - INFO - Model saved with validation accuracy: 50.26961445133459%
2024-07-24 17:49:31 - INFO - Epoch: 4/100, Training Loss: 0.6934053217028749
2024-07-24 17:49:32 - INFO - Epoch: 4/100, Validation Loss: 0.693565014107474, Accuracy: 49.73038554866541%
2024-07-24 17:49:33 - INFO - Epoch: 5/100, Training Loss: 0.6933378347292029
2024-07-24 17:49:33 - INFO - Epoch: 5/100, Validation Loss: 0.6934419433618414, Accuracy: 48.73281207872742%
2024-07-24 17:49:35 - INFO - Epoch: 6/100, Training Loss: 0.6933883219186602
2024-07-24 17:49:35 - INFO - Epoch: 6/100, Validation Loss: 0.6935017915635273, Accuracy: 49.06983014289566%
2024-07-24 17:49:36 - INFO - Epoch: 7/100, Training Loss: 0.6931641252133353
2024-07-24 17:49:37 - INFO - Epoch: 7/100, Validation Loss: 0.6937538878671055, Accuracy: 49.73038554866541%
2024-07-24 17:49:38 - INFO - Epoch: 8/100, Training Loss: 0.6932731864267382
2024-07-24 17:49:38 - INFO - Epoch: 8/100, Validation Loss: 0.6934963865526791, Accuracy: 47.77568077648962%
2024-07-24 17:49:40 - INFO - Epoch: 9/100, Training Loss: 0.6932298074765452
2024-07-24 17:49:40 - INFO - Epoch: 9/100, Validation Loss: 0.6936340193296301, Accuracy: 49.39336748449717%
2024-07-24 17:49:41 - INFO - Epoch: 10/100, Training Loss: 0.6932573416109743
2024-07-24 17:49:41 - INFO - Epoch: 10/100, Validation Loss: 0.6935257372157327, Accuracy: 47.97789161499056%
2024-07-24 17:49:43 - INFO - Epoch: 11/100, Training Loss: 0.693263995750197
2024-07-24 17:49:43 - INFO - Epoch: 11/100, Validation Loss: 0.6935448492395466, Accuracy: 48.85413858182799%
2024-07-24 17:49:44 - INFO - Epoch: 12/100, Training Loss: 0.693255737552355
2024-07-24 17:49:45 - INFO - Epoch: 12/100, Validation Loss: 0.6936180437433308, Accuracy: 49.71690482609868%
2024-07-24 17:49:46 - INFO - Epoch: 13/100, Training Loss: 0.6932368896387774
2024-07-24 17:49:46 - INFO - Epoch: 13/100, Validation Loss: 0.6936605300368934, Accuracy: 49.35292531679698%
2024-07-24 17:49:48 - INFO - Epoch: 14/100, Training Loss: 0.6932204564840629
2024-07-24 17:49:48 - INFO - Epoch: 14/100, Validation Loss: 0.6936394998739506, Accuracy: 50.26961445133459%
2024-07-24 17:49:49 - INFO - Epoch: 15/100, Training Loss: 0.6932504633120422
2024-07-24 17:49:49 - INFO - Epoch: 15/100, Validation Loss: 0.6936251068937367, Accuracy: 47.24993259638717%
2024-07-24 17:49:51 - INFO - Epoch: 16/100, Training Loss: 0.6931591220200062
2024-07-24 17:49:51 - INFO - Epoch: 16/100, Validation Loss: 0.6936193663498451, Accuracy: 50.26961445133459%
2024-07-24 17:49:52 - INFO - Epoch: 17/100, Training Loss: 0.6931876310243689
2024-07-24 17:49:52 - INFO - Epoch: 17/100, Validation Loss: 0.6938270957305513, Accuracy: 47.11512537071987%
2024-07-24 17:49:54 - INFO - Epoch: 18/100, Training Loss: 0.6931559675983314
2024-07-24 17:49:54 - INFO - Epoch: 18/100, Validation Loss: 0.6935828477144241, Accuracy: 49.64950121326503%
2024-07-24 17:49:56 - INFO - Epoch: 19/100, Training Loss: 0.6931968480348587
2024-07-24 17:49:56 - INFO - Epoch: 19/100, Validation Loss: 0.6937047273948275, Accuracy: 48.05877595039094%
2024-07-24 17:49:57 - INFO - Epoch: 20/100, Training Loss: 0.6931917231915325
2024-07-24 17:49:58 - INFO - Epoch: 20/100, Validation Loss: 0.6938674737667215, Accuracy: 47.209490428686976%
2024-07-24 17:49:59 - INFO - Epoch: 21/100, Training Loss: 0.6931745219847252
2024-07-24 17:49:59 - INFO - Epoch: 21/100, Validation Loss: 0.6938126559915214, Accuracy: 48.00485306012402%
2024-07-24 17:50:01 - INFO - Epoch: 22/100, Training Loss: 0.693183224134404
2024-07-24 17:50:01 - INFO - Epoch: 22/100, Validation Loss: 0.69411307984385, Accuracy: 49.21811809112968%
2024-07-24 17:50:03 - INFO - Epoch: 23/100, Training Loss: 0.6931782163165766
2024-07-24 17:50:03 - INFO - Epoch: 23/100, Validation Loss: 0.6941561390613687, Accuracy: 48.328390401725535%
2024-07-24 17:50:04 - INFO - Epoch: 24/100, Training Loss: 0.6931689373891929
2024-07-24 17:50:05 - INFO - Epoch: 24/100, Validation Loss: 0.6939372744025856, Accuracy: 48.207063898624966%
2024-07-24 17:50:06 - INFO - Epoch: 25/100, Training Loss: 0.6930710964932524
2024-07-24 17:50:06 - INFO - Epoch: 25/100, Validation Loss: 0.6945699129639, Accuracy: 48.24750606632516%
2024-07-24 17:50:08 - INFO - Epoch: 26/100, Training Loss: 0.6931883971495875
2024-07-24 17:50:08 - INFO - Epoch: 26/100, Validation Loss: 0.6941764858262293, Accuracy: 46.54893502291723%
2024-07-24 17:50:09 - INFO - Epoch: 27/100, Training Loss: 0.6931307535490085
2024-07-24 17:50:09 - INFO - Epoch: 27/100, Validation Loss: 0.6942099245457813, Accuracy: 46.27932057158264%
2024-07-24 17:50:11 - INFO - Epoch: 28/100, Training Loss: 0.6930611503535303
2024-07-24 17:50:11 - INFO - Epoch: 28/100, Validation Loss: 0.6945100673313799, Accuracy: 45.8074952817471%
2024-07-24 17:50:12 - INFO - Epoch: 29/100, Training Loss: 0.6931222530788389
2024-07-24 17:50:12 - INFO - Epoch: 29/100, Validation Loss: 0.6943739858166925, Accuracy: 47.97789161499056%
2024-07-24 17:50:14 - INFO - Epoch: 30/100, Training Loss: 0.6931397959846874
2024-07-24 17:50:14 - INFO - Epoch: 30/100, Validation Loss: 0.6946164086974901, Accuracy: 47.667834995955786%
2024-07-24 17:50:16 - INFO - Epoch: 31/100, Training Loss: 0.6930082209151367
2024-07-24 17:50:16 - INFO - Epoch: 31/100, Validation Loss: 0.6954773083843034, Accuracy: 49.12375303316258%
2024-07-24 17:50:17 - INFO - Epoch: 32/100, Training Loss: 0.6930851485451748
2024-07-24 17:50:17 - INFO - Epoch: 32/100, Validation Loss: 0.6949048078265684, Accuracy: 46.49501213265031%
