2024-07-24 17:38:18 - INFO - This log entry will go into a uniquely named file for this run.
2024-07-24 17:38:18 - INFO - without hidden
2024-07-24 17:38:18 - INFO - Params:
2024-07-24 17:38:18 - INFO - embedding_dim=32
2024-07-24 17:38:18 - INFO - hidden_dim:32
2024-07-24 17:38:18 - INFO - num_layers:1
2024-07-24 17:38:18 - INFO - epochs:100
2024-07-24 17:38:18 - INFO - batch_size:512
2024-07-24 17:38:18 - INFO - lr:0.001
2024-07-24 17:38:21 - INFO - Starting LSTM model training...
2024-07-24 17:38:22 - INFO - Epoch: 1/100, Training Loss: 0.6942595089304036
2024-07-24 17:38:22 - INFO - Epoch: 1/100, Validation Loss: 0.6942038933436075, Accuracy: 49.231598813696415%
2024-07-24 17:38:22 - INFO - Model saved with validation accuracy: 49.231598813696415%
2024-07-24 17:38:23 - INFO - Epoch: 2/100, Training Loss: 0.6935185142632189
2024-07-24 17:38:23 - INFO - Epoch: 2/100, Validation Loss: 0.6944555123647054, Accuracy: 48.51712051765975%
2024-07-24 17:38:23 - INFO - Epoch: 3/100, Training Loss: 0.6934398217447872
2024-07-24 17:38:23 - INFO - Epoch: 3/100, Validation Loss: 0.6947215596834818, Accuracy: 48.51712051765975%
2024-07-24 17:38:24 - INFO - Epoch: 4/100, Training Loss: 0.6934719352886595
2024-07-24 17:38:24 - INFO - Epoch: 4/100, Validation Loss: 0.6948945124944051, Accuracy: 48.54408196279321%
2024-07-24 17:38:24 - INFO - Epoch: 5/100, Training Loss: 0.6934590843217127
2024-07-24 17:38:24 - INFO - Epoch: 5/100, Validation Loss: 0.6947810133298238, Accuracy: 47.303855486654086%
2024-07-24 17:38:25 - INFO - Epoch: 6/100, Training Loss: 0.6933682663687344
2024-07-24 17:38:25 - INFO - Epoch: 6/100, Validation Loss: 0.6948365688323974, Accuracy: 46.07710973308169%
2024-07-24 17:38:25 - INFO - Epoch: 7/100, Training Loss: 0.6932692887454197
2024-07-24 17:38:25 - INFO - Epoch: 7/100, Validation Loss: 0.6949019193649292, Accuracy: 46.56241574548396%
2024-07-24 17:38:26 - INFO - Epoch: 8/100, Training Loss: 0.693213317928643
2024-07-24 17:38:26 - INFO - Epoch: 8/100, Validation Loss: 0.6952112078666687, Accuracy: 47.061202480452955%
2024-07-24 17:38:26 - INFO - Epoch: 9/100, Training Loss: 0.6931902560694464
2024-07-24 17:38:26 - INFO - Epoch: 9/100, Validation Loss: 0.6953925371170044, Accuracy: 46.58937719061742%
2024-07-24 17:38:27 - INFO - Epoch: 10/100, Training Loss: 0.6931624607793216
