2024-07-10 23:18:41 - INFO - This log entry will go into a uniquely named file for this run.
2024-07-10 23:18:42 - INFO - without hidden
2024-07-10 23:18:42 - INFO - Params:
2024-07-10 23:18:42 - INFO - embedding_dim=32
2024-07-10 23:18:42 - INFO - hidden_dim:32
2024-07-10 23:18:42 - INFO - num_layers:2
2024-07-10 23:18:42 - INFO - epochs:300
2024-07-10 23:18:42 - INFO - batch_size:64
2024-07-10 23:18:42 - INFO - lr:0.001
2024-07-10 23:18:45 - INFO - Starting LSTM model training...
2024-07-10 23:18:53 - INFO - Epoch: 1/300, Training Loss: 0.03141195935881078
2024-07-10 23:18:53 - INFO - Epoch: 1/300, Validation Loss: 0.00016048104752880242, Accuracy: 100.0%
2024-07-10 23:18:53 - INFO - Model saved with validation accuracy: 100.0%
2024-07-10 23:19:00 - INFO - Epoch: 2/300, Training Loss: 0.0003587092047090844
2024-07-10 23:19:01 - INFO - Epoch: 2/300, Validation Loss: 3.6116534978945e-05, Accuracy: 100.0%
2024-07-10 23:19:08 - INFO - Epoch: 3/300, Training Loss: 1.3507563436773249e-05
2024-07-10 23:19:09 - INFO - Epoch: 3/300, Validation Loss: 5.106594298576273e-06, Accuracy: 100.0%
2024-07-10 23:19:16 - INFO - Epoch: 4/300, Training Loss: 3.0364589931542424e-06
2024-07-10 23:19:17 - INFO - Epoch: 4/300, Validation Loss: 1.547978364371688e-06, Accuracy: 100.0%
2024-07-10 23:19:24 - INFO - Epoch: 5/300, Training Loss: 9.75644587383966e-07
2024-07-10 23:19:25 - INFO - Epoch: 5/300, Validation Loss: 5.223951981764719e-07, Accuracy: 100.0%
2024-07-10 23:19:32 - INFO - Epoch: 6/300, Training Loss: 3.368473001184559e-07
2024-07-10 23:19:33 - INFO - Epoch: 6/300, Validation Loss: 1.8520439156904167e-07, Accuracy: 100.0%
2024-07-10 23:19:40 - INFO - Epoch: 7/300, Training Loss: 1.2150138516951704e-07
2024-07-10 23:19:40 - INFO - Epoch: 7/300, Validation Loss: 5.0280215112350076e-08, Accuracy: 100.0%
