2024-06-27 01:27:21 - INFO - This log entry will go into a uniquely named file for this run.
2024-06-27 01:27:21 - INFO - Params:
2024-06-27 01:27:21 - INFO - embedding_dim=128
2024-06-27 01:27:21 - INFO - hidden_dim:256
2024-06-27 01:27:21 - INFO - num_layers:2
2024-06-27 01:27:21 - INFO - epochs:350
2024-06-27 01:27:21 - INFO - batch_size:64
2024-06-27 01:27:21 - INFO - lr:0.001
2024-06-27 01:27:24 - INFO - Starting LSTM model training...
2024-06-27 01:27:28 - INFO - Epoch: 1/350, Training Loss: 0.6933113256213712
2024-06-27 01:27:28 - INFO - Epoch: 1/350, Validation Loss: 0.6932800447239595, Accuracy: 52.191235059760956%
2024-06-27 01:27:32 - INFO - Epoch: 2/350, Training Loss: 0.6926518734179291
2024-06-27 01:27:32 - INFO - Epoch: 2/350, Validation Loss: 0.692837188056871, Accuracy: 51.118602513024825%
2024-06-27 01:27:36 - INFO - Epoch: 3/350, Training Loss: 0.6925577164865008
2024-06-27 01:27:36 - INFO - Epoch: 3/350, Validation Loss: 0.6924868278643664, Accuracy: 52.099295127183574%
2024-06-27 01:27:40 - INFO - Epoch: 4/350, Training Loss: 0.6923538496096929
2024-06-27 01:27:40 - INFO - Epoch: 4/350, Validation Loss: 0.692608948431763, Accuracy: 52.12994177137603%
2024-06-27 01:27:43 - INFO - Epoch: 5/350, Training Loss: 0.6922051872985036
2024-06-27 01:27:44 - INFO - Epoch: 5/350, Validation Loss: 0.6921438960468068, Accuracy: 52.4670548574931%
2024-06-27 01:27:47 - INFO - Epoch: 6/350, Training Loss: 0.694899822128754
2024-06-27 01:27:47 - INFO - Epoch: 6/350, Validation Loss: 0.6935394721872666, Accuracy: 47.793441618142815%
2024-06-27 01:27:51 - INFO - Epoch: 7/350, Training Loss: 0.6979934513276699
2024-06-27 01:27:51 - INFO - Epoch: 7/350, Validation Loss: 0.6979527812378079, Accuracy: 47.793441618142815%
2024-06-27 01:27:54 - INFO - Epoch: 8/350, Training Loss: 0.6942518032064625
2024-06-27 01:27:55 - INFO - Epoch: 8/350, Validation Loss: 0.6945724212655834, Accuracy: 47.793441618142815%
2024-06-27 01:27:58 - INFO - Epoch: 9/350, Training Loss: 0.6945861963664784
2024-06-27 01:27:58 - INFO - Epoch: 9/350, Validation Loss: 0.6953873885612861, Accuracy: 47.793441618142815%
2024-06-27 01:28:02 - INFO - Epoch: 10/350, Training Loss: 0.6948887771543335
2024-06-27 01:28:02 - INFO - Epoch: 10/350, Validation Loss: 0.6929986149657006, Accuracy: 52.206558381857185%
2024-06-27 01:28:06 - INFO - Epoch: 11/350, Training Loss: 0.6944737862430367
2024-06-27 01:28:06 - INFO - Epoch: 11/350, Validation Loss: 0.6936769041360593, Accuracy: 52.206558381857185%
2024-06-27 01:28:10 - INFO - Epoch: 12/350, Training Loss: 0.694329177924231
2024-06-27 01:28:10 - INFO - Epoch: 12/350, Validation Loss: 0.6998304824034373, Accuracy: 52.206558381857185%
2024-06-27 01:28:13 - INFO - Epoch: 13/350, Training Loss: 0.6934331545934957
2024-06-27 01:28:14 - INFO - Epoch: 13/350, Validation Loss: 0.6921842256013084, Accuracy: 52.206558381857185%
2024-06-27 01:28:17 - INFO - Epoch: 14/350, Training Loss: 0.6943449826509345
2024-06-27 01:28:17 - INFO - Epoch: 14/350, Validation Loss: 0.6927158581275566, Accuracy: 52.206558381857185%
2024-06-27 01:28:21 - INFO - Epoch: 15/350, Training Loss: 0.6946032301468008
2024-06-27 01:28:21 - INFO - Epoch: 15/350, Validation Loss: 0.6922188629122341, Accuracy: 52.206558381857185%
2024-06-27 01:28:25 - INFO - Epoch: 16/350, Training Loss: 0.6937790964456165
2024-06-27 01:28:25 - INFO - Epoch: 16/350, Validation Loss: 0.6922613919949999, Accuracy: 52.206558381857185%
2024-06-27 01:28:29 - INFO - Epoch: 17/350, Training Loss: 0.6947280213821168
2024-06-27 01:28:29 - INFO - Epoch: 17/350, Validation Loss: 0.6921811875175027, Accuracy: 52.206558381857185%
2024-06-27 01:28:32 - INFO - Epoch: 18/350, Training Loss: 0.6939430755435252
2024-06-27 01:28:33 - INFO - Epoch: 18/350, Validation Loss: 0.6935310574138865, Accuracy: 52.206558381857185%
2024-06-27 01:28:36 - INFO - Epoch: 19/350, Training Loss: 0.6947149901705629
2024-06-27 01:28:37 - INFO - Epoch: 19/350, Validation Loss: 0.6966116118664835, Accuracy: 47.793441618142815%
2024-06-27 01:28:40 - INFO - Epoch: 20/350, Training Loss: 0.6938236519402149
2024-06-27 01:28:40 - INFO - Epoch: 20/350, Validation Loss: 0.6924058146336499, Accuracy: 52.206558381857185%
2024-06-27 01:28:44 - INFO - Epoch: 21/350, Training Loss: 0.6946617586939943
2024-06-27 01:28:44 - INFO - Epoch: 21/350, Validation Loss: 0.6937874654928843, Accuracy: 52.206558381857185%
2024-06-27 01:28:48 - INFO - Epoch: 22/350, Training Loss: 0.6943205241479126
2024-06-27 01:28:48 - INFO - Epoch: 22/350, Validation Loss: 0.693874307122885, Accuracy: 52.206558381857185%
2024-06-27 01:28:52 - INFO - Epoch: 23/350, Training Loss: 0.6939635849466511
2024-06-27 01:28:52 - INFO - Epoch: 23/350, Validation Loss: 0.7044448285710578, Accuracy: 52.206558381857185%
2024-06-27 01:28:55 - INFO - Epoch: 24/350, Training Loss: 0.6938019311603378
2024-06-27 01:28:56 - INFO - Epoch: 24/350, Validation Loss: 0.6923020265850366, Accuracy: 52.206558381857185%
2024-06-27 01:28:59 - INFO - Epoch: 25/350, Training Loss: 0.6931396578164661
2024-06-27 01:29:00 - INFO - Epoch: 25/350, Validation Loss: 0.6925514842949662, Accuracy: 52.206558381857185%
2024-06-27 01:29:03 - INFO - Epoch: 26/350, Training Loss: 0.6940567509508601
2024-06-27 01:29:04 - INFO - Epoch: 26/350, Validation Loss: 0.6928786945109274, Accuracy: 52.206558381857185%
2024-06-27 01:29:07 - INFO - Epoch: 27/350, Training Loss: 0.6931988753232301
2024-06-27 01:29:08 - INFO - Epoch: 27/350, Validation Loss: 0.698375637624778, Accuracy: 47.793441618142815%
2024-06-27 01:29:11 - INFO - Epoch: 28/350, Training Loss: 0.6939228739516408
2024-06-27 01:29:11 - INFO - Epoch: 28/350, Validation Loss: 0.6923772762803471, Accuracy: 52.206558381857185%
2024-06-27 01:29:15 - INFO - Epoch: 29/350, Training Loss: 0.6939173020860728
2024-06-27 01:29:15 - INFO - Epoch: 29/350, Validation Loss: 0.6947607333753624, Accuracy: 47.793441618142815%
2024-06-27 01:29:19 - INFO - Epoch: 30/350, Training Loss: 0.6940649411841935
2024-06-27 01:29:19 - INFO - Epoch: 30/350, Validation Loss: 0.6930575727247724, Accuracy: 52.206558381857185%
2024-06-27 01:29:23 - INFO - Epoch: 31/350, Training Loss: 0.6937922601606331
2024-06-27 01:29:23 - INFO - Epoch: 31/350, Validation Loss: 0.6922896025227565, Accuracy: 52.206558381857185%
2024-06-27 01:29:27 - INFO - Epoch: 32/350, Training Loss: 0.6941442401970134
2024-06-27 01:29:27 - INFO - Epoch: 32/350, Validation Loss: 0.697004942332997, Accuracy: 47.793441618142815%
2024-06-27 01:29:30 - INFO - Epoch: 33/350, Training Loss: 0.6950517213519882
2024-06-27 01:29:31 - INFO - Epoch: 33/350, Validation Loss: 0.6997528643000359, Accuracy: 52.206558381857185%
2024-06-27 01:29:34 - INFO - Epoch: 34/350, Training Loss: 0.6942370637666946
2024-06-27 01:29:35 - INFO - Epoch: 34/350, Validation Loss: 0.6927553619824204, Accuracy: 52.206558381857185%
2024-06-27 01:29:38 - INFO - Epoch: 35/350, Training Loss: 0.6943579554265621
2024-06-27 01:29:38 - INFO - Epoch: 35/350, Validation Loss: 0.6921915400261972, Accuracy: 52.206558381857185%
2024-06-27 01:29:42 - INFO - Epoch: 36/350, Training Loss: 0.6936225189882166
2024-06-27 01:29:42 - INFO - Epoch: 36/350, Validation Loss: 0.6929665605227152, Accuracy: 52.206558381857185%
2024-06-27 01:29:45 - INFO - Epoch: 37/350, Training Loss: 0.6937888718995393
2024-06-27 01:29:46 - INFO - Epoch: 37/350, Validation Loss: 0.6926277443474415, Accuracy: 52.206558381857185%
2024-06-27 01:29:49 - INFO - Epoch: 38/350, Training Loss: 0.6944746395536497
2024-06-27 01:29:49 - INFO - Epoch: 38/350, Validation Loss: 0.6941827821965311, Accuracy: 52.206558381857185%
2024-06-27 01:29:53 - INFO - Epoch: 39/350, Training Loss: 0.6943257021553376
2024-06-27 01:29:53 - INFO - Epoch: 39/350, Validation Loss: 0.6929004776711557, Accuracy: 52.206558381857185%
2024-06-27 01:29:57 - INFO - Epoch: 40/350, Training Loss: 0.6943705024964669
2024-06-27 01:29:57 - INFO - Epoch: 40/350, Validation Loss: 0.6921849367665309, Accuracy: 52.206558381857185%
2024-06-27 01:30:01 - INFO - Epoch: 41/350, Training Loss: 0.6941531132541451
2024-06-27 01:30:01 - INFO - Epoch: 41/350, Validation Loss: 0.6941757079432992, Accuracy: 47.793441618142815%
2024-06-27 01:30:05 - INFO - Epoch: 42/350, Training Loss: 0.6934743507527837
2024-06-27 01:30:05 - INFO - Epoch: 42/350, Validation Loss: 0.6922260855927187, Accuracy: 52.206558381857185%
2024-06-27 01:30:08 - INFO - Epoch: 43/350, Training Loss: 0.694166596029319
2024-06-27 01:30:09 - INFO - Epoch: 43/350, Validation Loss: 0.6942235494361204, Accuracy: 52.206558381857185%
2024-06-27 01:30:12 - INFO - Epoch: 44/350, Training Loss: 0.6940690877975202
2024-06-27 01:30:12 - INFO - Epoch: 44/350, Validation Loss: 0.6923577078417236, Accuracy: 52.206558381857185%
2024-06-27 01:30:16 - INFO - Epoch: 45/350, Training Loss: 0.6938523682309132
2024-06-27 01:30:16 - INFO - Epoch: 45/350, Validation Loss: 0.6935025552908579, Accuracy: 52.206558381857185%
2024-06-27 01:30:20 - INFO - Epoch: 46/350, Training Loss: 0.6935128053905917
2024-06-27 01:30:20 - INFO - Epoch: 46/350, Validation Loss: 0.6935559493653914, Accuracy: 47.793441618142815%
2024-06-27 01:30:24 - INFO - Epoch: 47/350, Training Loss: 0.6942090248944712
2024-06-27 01:30:24 - INFO - Epoch: 47/350, Validation Loss: 0.6935300540690329, Accuracy: 47.793441618142815%
2024-06-27 01:30:28 - INFO - Epoch: 48/350, Training Loss: 0.6942593569264692
2024-06-27 01:30:28 - INFO - Epoch: 48/350, Validation Loss: 0.6925294229797289, Accuracy: 52.206558381857185%
2024-06-27 01:30:32 - INFO - Epoch: 49/350, Training Loss: 0.6939400336613842
2024-06-27 01:30:32 - INFO - Epoch: 49/350, Validation Loss: 0.6923075300805709, Accuracy: 52.206558381857185%
2024-06-27 01:30:36 - INFO - Epoch: 50/350, Training Loss: 0.6942265023495636
2024-06-27 01:30:36 - INFO - Epoch: 50/350, Validation Loss: 0.692764423641504, Accuracy: 52.206558381857185%
2024-06-27 01:30:39 - INFO - Epoch: 51/350, Training Loss: 0.6942271664738655
2024-06-27 01:30:40 - INFO - Epoch: 51/350, Validation Loss: 0.6969855579675412, Accuracy: 47.793441618142815%
2024-06-27 01:30:43 - INFO - Epoch: 52/350, Training Loss: 0.6935642177567762
2024-06-27 01:30:43 - INFO - Epoch: 52/350, Validation Loss: 0.692328595647625, Accuracy: 52.206558381857185%
2024-06-27 01:30:47 - INFO - Epoch: 53/350, Training Loss: 0.6934696728107976
2024-06-27 01:30:47 - INFO - Epoch: 53/350, Validation Loss: 0.6941563200716879, Accuracy: 47.793441618142815%
2024-06-27 01:30:51 - INFO - Epoch: 54/350, Training Loss: 0.6937654011097609
2024-06-27 01:30:51 - INFO - Epoch: 54/350, Validation Loss: 0.6916991939731673, Accuracy: 52.49770150168557%
2024-06-27 01:30:55 - INFO - Epoch: 55/350, Training Loss: 0.6923722043341282
2024-06-27 01:30:55 - INFO - Epoch: 55/350, Validation Loss: 0.6915828737558103, Accuracy: 53.04934109714986%
2024-06-27 01:30:58 - INFO - Epoch: 56/350, Training Loss: 0.6724177968560481
2024-06-27 01:30:59 - INFO - Epoch: 56/350, Validation Loss: 0.6060475882361916, Accuracy: 64.81765246705486%
2024-06-27 01:31:02 - INFO - Epoch: 57/350, Training Loss: 0.5937993086728395
2024-06-27 01:31:03 - INFO - Epoch: 57/350, Validation Loss: 0.5770763810358795, Accuracy: 66.53386454183267%
2024-06-27 01:31:06 - INFO - Epoch: 58/350, Training Loss: 0.571586204583154
2024-06-27 01:31:06 - INFO - Epoch: 58/350, Validation Loss: 0.5740282892012128, Accuracy: 67.16212074777812%
2024-06-27 01:31:10 - INFO - Epoch: 59/350, Training Loss: 0.5612602493196142
2024-06-27 01:31:10 - INFO - Epoch: 59/350, Validation Loss: 0.5518972128629684, Accuracy: 68.78639288997854%
2024-06-27 01:31:14 - INFO - Epoch: 60/350, Training Loss: 0.555506684032141
2024-06-27 01:31:14 - INFO - Epoch: 60/350, Validation Loss: 0.5502981973045012, Accuracy: 69.23076923076923%
2024-06-27 01:31:18 - INFO - Epoch: 61/350, Training Loss: 0.5358622228982401
2024-06-27 01:31:18 - INFO - Epoch: 61/350, Validation Loss: 0.5220528721225028, Accuracy: 72.95433650015323%
2024-06-27 01:31:22 - INFO - Epoch: 62/350, Training Loss: 0.5021939750249479
2024-06-27 01:31:22 - INFO - Epoch: 62/350, Validation Loss: 0.5029493196337831, Accuracy: 73.56726938400246%
2024-06-27 01:31:26 - INFO - Epoch: 63/350, Training Loss: 0.5008763503648487
2024-06-27 01:31:26 - INFO - Epoch: 63/350, Validation Loss: 0.5011100205136281, Accuracy: 73.59791602819492%
2024-06-27 01:31:30 - INFO - Epoch: 64/350, Training Loss: 0.4947129282004693
2024-06-27 01:31:30 - INFO - Epoch: 64/350, Validation Loss: 0.4942375330948362, Accuracy: 73.95035243640821%
2024-06-27 01:31:33 - INFO - Epoch: 65/350, Training Loss: 0.4927958610157172
2024-06-27 01:31:34 - INFO - Epoch: 65/350, Validation Loss: 0.49980275332927704, Accuracy: 73.56726938400246%
2024-06-27 01:31:37 - INFO - Epoch: 66/350, Training Loss: 0.4817177968866685
2024-06-27 01:31:37 - INFO - Epoch: 66/350, Validation Loss: 0.4821554851882598, Accuracy: 74.63990193073859%
2024-06-27 01:31:41 - INFO - Epoch: 67/350, Training Loss: 0.4670431003997139
2024-06-27 01:31:41 - INFO - Epoch: 67/350, Validation Loss: 0.46561792317558737, Accuracy: 74.93104505056696%
2024-06-27 01:31:45 - INFO - Epoch: 68/350, Training Loss: 0.4389841864798583
2024-06-27 01:31:45 - INFO - Epoch: 68/350, Validation Loss: 0.4384978632716572, Accuracy: 74.94636837266319%
2024-06-27 01:31:49 - INFO - Epoch: 69/350, Training Loss: 0.4098397175617078
2024-06-27 01:31:49 - INFO - Epoch: 69/350, Validation Loss: 0.4110225856888528, Accuracy: 75.81979773214833%
2024-06-27 01:31:53 - INFO - Epoch: 70/350, Training Loss: 0.3760184558729331
2024-06-27 01:31:53 - INFO - Epoch: 70/350, Validation Loss: 0.3797528130166671, Accuracy: 77.96506282562059%
2024-06-27 01:31:57 - INFO - Epoch: 71/350, Training Loss: 0.34876413223351915
2024-06-27 01:31:57 - INFO - Epoch: 71/350, Validation Loss: 0.34423594512775835, Accuracy: 78.65461231995097%
2024-06-27 01:32:01 - INFO - Epoch: 72/350, Training Loss: 0.3399724401898828
2024-06-27 01:32:01 - INFO - Epoch: 72/350, Validation Loss: 0.32728434777727317, Accuracy: 78.89978547349065%
2024-06-27 01:32:04 - INFO - Epoch: 73/350, Training Loss: 0.3228716853202558
2024-06-27 01:32:05 - INFO - Epoch: 73/350, Validation Loss: 0.3239881638802734, Accuracy: 78.48605577689243%
2024-06-27 01:32:08 - INFO - Epoch: 74/350, Training Loss: 0.3111103501755233
2024-06-27 01:32:08 - INFO - Epoch: 74/350, Validation Loss: 0.3169016195278542, Accuracy: 79.03769537235672%
2024-06-27 01:32:12 - INFO - Epoch: 75/350, Training Loss: 0.30209062054899394
2024-06-27 01:32:12 - INFO - Epoch: 75/350, Validation Loss: 0.3147567114701458, Accuracy: 79.75789151087956%
2024-06-27 01:32:15 - INFO - Epoch: 76/350, Training Loss: 0.29794315566473145
2024-06-27 01:32:16 - INFO - Epoch: 76/350, Validation Loss: 0.3077382597268796, Accuracy: 78.71590560833589%
2024-06-27 01:32:19 - INFO - Epoch: 77/350, Training Loss: 0.2958056416143389
2024-06-27 01:32:20 - INFO - Epoch: 77/350, Validation Loss: 0.3112528940626219, Accuracy: 78.13361936867913%
2024-06-27 01:32:23 - INFO - Epoch: 78/350, Training Loss: 0.29878379678463235
2024-06-27 01:32:24 - INFO - Epoch: 78/350, Validation Loss: 0.3091018683477944, Accuracy: 78.1642660128716%
2024-06-27 01:32:27 - INFO - Epoch: 79/350, Training Loss: 0.29281286814925717
2024-06-27 01:32:27 - INFO - Epoch: 79/350, Validation Loss: 0.3054248302006254, Accuracy: 78.30217591173766%
2024-06-27 01:32:31 - INFO - Epoch: 80/350, Training Loss: 0.288604419788017
2024-06-27 01:32:31 - INFO - Epoch: 80/350, Validation Loss: 0.30014993600985584, Accuracy: 78.73122893043212%
2024-06-27 01:32:35 - INFO - Epoch: 81/350, Training Loss: 0.28826246794094057
2024-06-27 01:32:35 - INFO - Epoch: 81/350, Validation Loss: 0.29968682077585485, Accuracy: 80.186944529574%
2024-06-27 01:32:38 - INFO - Epoch: 82/350, Training Loss: 0.2854427067088146
2024-06-27 01:32:39 - INFO - Epoch: 82/350, Validation Loss: 0.29964444742483254, Accuracy: 79.23689855960772%
2024-06-27 01:32:42 - INFO - Epoch: 83/350, Training Loss: 0.2787418863279562
2024-06-27 01:32:43 - INFO - Epoch: 83/350, Validation Loss: 0.3049805621598281, Accuracy: 80.2329144958627%
2024-06-27 01:32:46 - INFO - Epoch: 84/350, Training Loss: 0.27829337204057797
2024-06-27 01:32:46 - INFO - Epoch: 84/350, Validation Loss: 0.2925380082691417, Accuracy: 78.44008581060373%
2024-06-27 01:32:50 - INFO - Epoch: 85/350, Training Loss: 0.27661211196990576
2024-06-27 01:32:50 - INFO - Epoch: 85/350, Validation Loss: 0.2923245234232323, Accuracy: 78.02635611400552%
2024-06-27 01:32:54 - INFO - Epoch: 86/350, Training Loss: 0.27344704302502615
2024-06-27 01:32:54 - INFO - Epoch: 86/350, Validation Loss: 0.2887636111939655, Accuracy: 78.08764940239044%
2024-06-27 01:32:58 - INFO - Epoch: 87/350, Training Loss: 0.2700156353267969
2024-06-27 01:32:58 - INFO - Epoch: 87/350, Validation Loss: 0.29504034901950876, Accuracy: 78.65461231995097%
2024-06-27 01:33:01 - INFO - Epoch: 88/350, Training Loss: 0.2716889690753876
2024-06-27 01:33:02 - INFO - Epoch: 88/350, Validation Loss: 0.288903967860867, Accuracy: 79.28286852589642%
2024-06-27 01:33:05 - INFO - Epoch: 89/350, Training Loss: 0.2801135411741687
2024-06-27 01:33:06 - INFO - Epoch: 89/350, Validation Loss: 0.29391155377322553, Accuracy: 79.23689855960772%
2024-06-27 01:33:09 - INFO - Epoch: 90/350, Training Loss: 0.27208073137729777
2024-06-27 01:33:10 - INFO - Epoch: 90/350, Validation Loss: 0.2981723167148291, Accuracy: 79.55868832362856%
2024-06-27 01:33:13 - INFO - Epoch: 91/350, Training Loss: 0.2679386073540823
2024-06-27 01:33:14 - INFO - Epoch: 91/350, Validation Loss: 0.2900635043487829, Accuracy: 78.08764940239044%
2024-06-27 01:33:17 - INFO - Epoch: 92/350, Training Loss: 0.26634450088821204
2024-06-27 01:33:17 - INFO - Epoch: 92/350, Validation Loss: 0.2902979717827311, Accuracy: 77.90376953723568%
2024-06-27 01:33:21 - INFO - Epoch: 93/350, Training Loss: 0.2678998446128532
2024-06-27 01:33:21 - INFO - Epoch: 93/350, Validation Loss: 0.29351625050984176, Accuracy: 79.83450812136071%
2024-06-27 01:33:24 - INFO - Epoch: 94/350, Training Loss: 0.2644428701742607
2024-06-27 01:33:25 - INFO - Epoch: 94/350, Validation Loss: 0.29559579126390756, Accuracy: 78.4707324547962%
2024-06-27 01:33:28 - INFO - Epoch: 95/350, Training Loss: 0.2650374456071386
2024-06-27 01:33:29 - INFO - Epoch: 95/350, Validation Loss: 0.28924787482794595, Accuracy: 78.40943916641127%
2024-06-27 01:33:32 - INFO - Epoch: 96/350, Training Loss: 0.26416020661446393
2024-06-27 01:33:33 - INFO - Epoch: 96/350, Validation Loss: 0.28923819141060697, Accuracy: 78.54734906527736%
2024-06-27 01:33:36 - INFO - Epoch: 97/350, Training Loss: 0.2638153055427121
2024-06-27 01:33:36 - INFO - Epoch: 97/350, Validation Loss: 0.293088127877198, Accuracy: 79.26754520380018%
2024-06-27 01:33:40 - INFO - Epoch: 98/350, Training Loss: 0.26186331270226076
2024-06-27 01:33:40 - INFO - Epoch: 98/350, Validation Loss: 0.2925507234884243, Accuracy: 78.50137909898866%
2024-06-27 01:33:43 - INFO - Epoch: 99/350, Training Loss: 0.2612290744322772
2024-06-27 01:33:44 - INFO - Epoch: 99/350, Validation Loss: 0.2920166853011823, Accuracy: 79.80386147716825%
2024-06-27 01:33:47 - INFO - Epoch: 100/350, Training Loss: 0.2648523763260421
2024-06-27 01:33:48 - INFO - Epoch: 100/350, Validation Loss: 0.31124408484673965, Accuracy: 77.44406987434876%
2024-06-27 01:33:51 - INFO - Epoch: 101/350, Training Loss: 0.2622769771545541
2024-06-27 01:33:51 - INFO - Epoch: 101/350, Validation Loss: 0.2941448863814859, Accuracy: 77.47471651854121%
2024-06-27 01:33:55 - INFO - Epoch: 102/350, Training Loss: 0.2678093984723091
2024-06-27 01:33:55 - INFO - Epoch: 102/350, Validation Loss: 0.29135638241674383, Accuracy: 79.00704872816426%
2024-06-27 01:33:59 - INFO - Epoch: 103/350, Training Loss: 0.2589921309411818
2024-06-27 01:33:59 - INFO - Epoch: 103/350, Validation Loss: 0.28872783175286126, Accuracy: 79.22157523751149%
2024-06-27 01:34:02 - INFO - Epoch: 104/350, Training Loss: 0.2575592512228325
2024-06-27 01:34:03 - INFO - Epoch: 104/350, Validation Loss: 0.29226506895878734, Accuracy: 77.93441618142813%
2024-06-27 01:34:06 - INFO - Epoch: 105/350, Training Loss: 0.25820764804295465
2024-06-27 01:34:07 - INFO - Epoch: 105/350, Validation Loss: 0.29259993764115316, Accuracy: 77.33680661967514%
2024-06-27 01:34:10 - INFO - Epoch: 106/350, Training Loss: 0.26096675833504573
2024-06-27 01:34:10 - INFO - Epoch: 106/350, Validation Loss: 0.2969976150814225, Accuracy: 78.44008581060373%
2024-06-27 01:34:14 - INFO - Epoch: 107/350, Training Loss: 0.25843431888257756
2024-06-27 01:34:14 - INFO - Epoch: 107/350, Validation Loss: 0.2909440738605518, Accuracy: 78.7771988967208%
2024-06-27 01:34:18 - INFO - Epoch: 108/350, Training Loss: 0.26109209833849295
2024-06-27 01:34:18 - INFO - Epoch: 108/350, Validation Loss: 0.2956286106331676, Accuracy: 79.63530493410971%
2024-06-27 01:34:21 - INFO - Epoch: 109/350, Training Loss: 0.25565078321333023
2024-06-27 01:34:22 - INFO - Epoch: 109/350, Validation Loss: 0.28926748022729276, Accuracy: 78.6699356420472%
2024-06-27 01:34:25 - INFO - Epoch: 110/350, Training Loss: 0.25405939036578523
2024-06-27 01:34:26 - INFO - Epoch: 110/350, Validation Loss: 0.29519224619748546, Accuracy: 77.5666564511186%
2024-06-27 01:34:29 - INFO - Epoch: 111/350, Training Loss: 0.2568134476485498
2024-06-27 01:34:30 - INFO - Epoch: 111/350, Validation Loss: 0.30736436373462867, Accuracy: 77.94973950352437%
2024-06-27 01:34:33 - INFO - Epoch: 112/350, Training Loss: 0.2551691454342183
2024-06-27 01:34:33 - INFO - Epoch: 112/350, Validation Loss: 0.29802196282966464, Accuracy: 78.93043211768311%
2024-06-27 01:34:37 - INFO - Epoch: 113/350, Training Loss: 0.2524797066900076
2024-06-27 01:34:37 - INFO - Epoch: 113/350, Validation Loss: 0.29696400931068495, Accuracy: 76.26417407293901%
2024-06-27 01:34:41 - INFO - Epoch: 114/350, Training Loss: 0.2518265820382273
2024-06-27 01:34:41 - INFO - Epoch: 114/350, Validation Loss: 0.31115300062240336, Accuracy: 78.80784554091326%
2024-06-27 01:34:44 - INFO - Epoch: 115/350, Training Loss: 0.25435543286741946
2024-06-27 01:34:45 - INFO - Epoch: 115/350, Validation Loss: 0.3074101884575451, Accuracy: 79.20625191541527%
2024-06-27 01:34:48 - INFO - Epoch: 116/350, Training Loss: 0.2515688118177886
2024-06-27 01:34:48 - INFO - Epoch: 116/350, Validation Loss: 0.30951395309438895, Accuracy: 75.94238430891818%
2024-06-27 01:34:52 - INFO - Epoch: 117/350, Training Loss: 0.2552063156138448
2024-06-27 01:34:52 - INFO - Epoch: 117/350, Validation Loss: 0.3090581534539952, Accuracy: 78.25620594544897%
2024-06-27 01:34:56 - INFO - Epoch: 118/350, Training Loss: 0.25542367136507643
2024-06-27 01:34:56 - INFO - Epoch: 118/350, Validation Loss: 0.2923651249969707, Accuracy: 76.2028807845541%
2024-06-27 01:35:00 - INFO - Epoch: 119/350, Training Loss: 0.2509033578064512
2024-06-27 01:35:00 - INFO - Epoch: 119/350, Validation Loss: 0.3002692373359905, Accuracy: 75.97303095311064%
2024-06-27 01:35:04 - INFO - Epoch: 120/350, Training Loss: 0.2503926907757334
2024-06-27 01:35:04 - INFO - Epoch: 120/350, Validation Loss: 0.29770660020557105, Accuracy: 77.04566349984677%
2024-06-27 01:35:07 - INFO - Epoch: 121/350, Training Loss: 0.25015321571160765
2024-06-27 01:35:08 - INFO - Epoch: 121/350, Validation Loss: 0.3173487215649848, Accuracy: 76.80049034630709%
2024-06-27 01:35:11 - INFO - Epoch: 122/350, Training Loss: 0.2520356384818168
2024-06-27 01:35:12 - INFO - Epoch: 122/350, Validation Loss: 0.3243630600034022, Accuracy: 75.9117376647257%
2024-06-27 01:35:15 - INFO - Epoch: 123/350, Training Loss: 0.2482770128796498
2024-06-27 01:35:15 - INFO - Epoch: 123/350, Validation Loss: 0.30965527468452264, Accuracy: 75.9117376647257%
2024-06-27 01:35:19 - INFO - Epoch: 124/350, Training Loss: 0.2492930204333628
2024-06-27 01:35:19 - INFO - Epoch: 124/350, Validation Loss: 0.3004514298894826, Accuracy: 76.55531719276739%
2024-06-27 01:35:23 - INFO - Epoch: 125/350, Training Loss: 0.25104630355011015
2024-06-27 01:35:23 - INFO - Epoch: 125/350, Validation Loss: 0.30654490782934074, Accuracy: 76.861783634692%
2024-06-27 01:35:26 - INFO - Epoch: 126/350, Training Loss: 0.2494775545144198
2024-06-27 01:35:27 - INFO - Epoch: 126/350, Validation Loss: 0.30139171916480156, Accuracy: 74.93104505056696%
2024-06-27 01:35:30 - INFO - Epoch: 127/350, Training Loss: 0.2542743791150404
2024-06-27 01:35:31 - INFO - Epoch: 127/350, Validation Loss: 0.31421176665553857, Accuracy: 75.16089488201042%
2024-06-27 01:35:34 - INFO - Epoch: 128/350, Training Loss: 0.253108246434553
2024-06-27 01:35:34 - INFO - Epoch: 128/350, Validation Loss: 0.3146396739517941, Accuracy: 75.39074471345387%
2024-06-27 01:35:38 - INFO - Epoch: 129/350, Training Loss: 0.2506185099117312
2024-06-27 01:35:38 - INFO - Epoch: 129/350, Validation Loss: 0.31540738265304, Accuracy: 76.18755746245786%
2024-06-27 01:35:42 - INFO - Epoch: 130/350, Training Loss: 0.24827516999314814
2024-06-27 01:35:42 - INFO - Epoch: 130/350, Validation Loss: 0.32411013295253116, Accuracy: 76.1569108182654%
2024-06-27 01:35:46 - INFO - Epoch: 131/350, Training Loss: 0.2454320783635565
2024-06-27 01:35:46 - INFO - Epoch: 131/350, Validation Loss: 0.3265099449484956, Accuracy: 76.40208397180508%
2024-06-27 01:35:50 - INFO - Epoch: 132/350, Training Loss: 0.24662022285309493
2024-06-27 01:35:50 - INFO - Epoch: 132/350, Validation Loss: 0.3255304981972657, Accuracy: 77.19889672080907%
2024-06-27 01:35:53 - INFO - Epoch: 133/350, Training Loss: 0.2515577626798083
2024-06-27 01:35:54 - INFO - Epoch: 133/350, Validation Loss: 0.3160243858309353, Accuracy: 74.80845847379712%
2024-06-27 01:35:57 - INFO - Epoch: 134/350, Training Loss: 0.25027898242514507
2024-06-27 01:35:58 - INFO - Epoch: 134/350, Validation Loss: 0.31817061176487044, Accuracy: 75.4060680355501%
2024-06-27 01:36:01 - INFO - Epoch: 135/350, Training Loss: 0.24661800480794674
2024-06-27 01:36:01 - INFO - Epoch: 135/350, Validation Loss: 0.32706359978400024, Accuracy: 76.26417407293901%
2024-06-27 01:36:05 - INFO - Epoch: 136/350, Training Loss: 0.24560185383055724
2024-06-27 01:36:05 - INFO - Epoch: 136/350, Validation Loss: 0.35495149607167525, Accuracy: 77.7658596383696%
2024-06-27 01:36:09 - INFO - Epoch: 137/350, Training Loss: 0.24770025368414672
2024-06-27 01:36:09 - INFO - Epoch: 137/350, Validation Loss: 0.3369588957113378, Accuracy: 77.71988967208091%
2024-06-27 01:36:13 - INFO - Epoch: 138/350, Training Loss: 0.24748823800872938
2024-06-27 01:36:13 - INFO - Epoch: 138/350, Validation Loss: 0.33674221967949586, Accuracy: 74.42537542139135%
2024-06-27 01:36:17 - INFO - Epoch: 139/350, Training Loss: 0.247144162033995
2024-06-27 01:36:17 - INFO - Epoch: 139/350, Validation Loss: 0.3233240819444843, Accuracy: 73.78179589334968%
2024-06-27 01:36:21 - INFO - Epoch: 140/350, Training Loss: 0.2426251824579987
2024-06-27 01:36:21 - INFO - Epoch: 140/350, Validation Loss: 0.339627509023629, Accuracy: 75.32945142506895%
2024-06-27 01:36:24 - INFO - Epoch: 141/350, Training Loss: 0.24518314803786137
2024-06-27 01:36:24 - INFO - Epoch: 141/350, Validation Loss: 0.3345744275287086, Accuracy: 75.78915108795587%
2024-06-27 01:36:28 - INFO - Epoch: 142/350, Training Loss: 0.24543034064346084
2024-06-27 01:36:28 - INFO - Epoch: 142/350, Validation Loss: 0.33678904117322433, Accuracy: 73.70517928286853%
2024-06-27 01:36:31 - INFO - Epoch: 143/350, Training Loss: 0.24431473418485886
2024-06-27 01:36:32 - INFO - Epoch: 143/350, Validation Loss: 0.33921806908705654, Accuracy: 73.61323935029114%
2024-06-27 01:36:35 - INFO - Epoch: 144/350, Training Loss: 0.24296321168395818
2024-06-27 01:36:36 - INFO - Epoch: 144/350, Validation Loss: 0.33924534405563395, Accuracy: 75.2068648482991%
2024-06-27 01:36:39 - INFO - Epoch: 145/350, Training Loss: 0.24273477609762373
2024-06-27 01:36:40 - INFO - Epoch: 145/350, Validation Loss: 0.36055026627054404, Accuracy: 73.78179589334968%
2024-06-27 01:36:43 - INFO - Epoch: 146/350, Training Loss: 0.24258402172549098
2024-06-27 01:36:43 - INFO - Epoch: 146/350, Validation Loss: 0.3536675240771443, Accuracy: 73.50597609561753%
2024-06-27 01:36:47 - INFO - Epoch: 147/350, Training Loss: 0.2453025114339064
2024-06-27 01:36:47 - INFO - Epoch: 147/350, Validation Loss: 0.3575088584832117, Accuracy: 75.00766166104812%
2024-06-27 01:36:51 - INFO - Epoch: 148/350, Training Loss: 0.24420458615264473
2024-06-27 01:36:51 - INFO - Epoch: 148/350, Validation Loss: 0.3578268438577652, Accuracy: 75.98835427520686%
2024-06-27 01:36:55 - INFO - Epoch: 149/350, Training Loss: 0.24360177187504722
2024-06-27 01:36:55 - INFO - Epoch: 149/350, Validation Loss: 0.347146951538675, Accuracy: 75.60527122280111%
2024-06-27 01:36:58 - INFO - Epoch: 150/350, Training Loss: 0.24229126551425925
2024-06-27 01:36:59 - INFO - Epoch: 150/350, Validation Loss: 0.33421678607370336, Accuracy: 74.33343548881398%
2024-06-27 01:37:02 - INFO - Epoch: 151/350, Training Loss: 0.2405321454884959
2024-06-27 01:37:03 - INFO - Epoch: 151/350, Validation Loss: 0.3500377982854843, Accuracy: 73.9963224026969%
2024-06-27 01:37:06 - INFO - Epoch: 152/350, Training Loss: 0.2392055163269534
2024-06-27 01:37:06 - INFO - Epoch: 152/350, Validation Loss: 0.3646403022256552, Accuracy: 73.2914495862703%
2024-06-27 01:37:10 - INFO - Epoch: 153/350, Training Loss: 0.24060326863956802
2024-06-27 01:37:11 - INFO - Epoch: 153/350, Validation Loss: 0.37560148449505076, Accuracy: 75.02298498314434%
2024-06-27 01:37:14 - INFO - Epoch: 154/350, Training Loss: 0.23895018094894932
2024-06-27 01:37:15 - INFO - Epoch: 154/350, Validation Loss: 0.37423572528596016, Accuracy: 74.05761569108182%
2024-06-27 01:37:18 - INFO - Epoch: 155/350, Training Loss: 0.23900239845263024
2024-06-27 01:37:18 - INFO - Epoch: 155/350, Validation Loss: 0.37674959573675604, Accuracy: 73.91970579221575%
2024-06-27 01:37:22 - INFO - Epoch: 156/350, Training Loss: 0.2445452901918222
2024-06-27 01:37:22 - INFO - Epoch: 156/350, Validation Loss: 0.35151182889353993, Accuracy: 75.34477474716519%
2024-06-27 01:37:25 - INFO - Epoch: 157/350, Training Loss: 0.24147291938025578
2024-06-27 01:37:26 - INFO - Epoch: 157/350, Validation Loss: 0.36977261377900256, Accuracy: 74.7011952191235%
2024-06-27 01:37:29 - INFO - Epoch: 158/350, Training Loss: 0.23750951500865175
2024-06-27 01:37:29 - INFO - Epoch: 158/350, Validation Loss: 0.3861857234847312, Accuracy: 75.02298498314434%
2024-06-27 01:37:33 - INFO - Epoch: 159/350, Training Loss: 0.23723210007244466
2024-06-27 01:37:33 - INFO - Epoch: 159/350, Validation Loss: 0.38241034921477823, Accuracy: 73.81244253754214%
2024-06-27 01:37:37 - INFO - Epoch: 160/350, Training Loss: 0.23791763798205876
2024-06-27 01:37:37 - INFO - Epoch: 160/350, Validation Loss: 0.384748878578345, Accuracy: 75.2528348145878%
2024-06-27 01:37:41 - INFO - Epoch: 161/350, Training Loss: 0.23762643315336285
2024-06-27 01:37:41 - INFO - Epoch: 161/350, Validation Loss: 0.3844437797864278, Accuracy: 72.83174992338338%
2024-06-27 01:37:45 - INFO - Epoch: 162/350, Training Loss: 0.24230869382838993
2024-06-27 01:37:45 - INFO - Epoch: 162/350, Validation Loss: 0.3809193770090739, Accuracy: 74.36408213300643%
2024-06-27 01:37:49 - INFO - Epoch: 163/350, Training Loss: 0.24306483238058932
2024-06-27 01:37:49 - INFO - Epoch: 163/350, Validation Loss: 0.41381018097494165, Accuracy: 76.41740729390132%
2024-06-27 01:37:53 - INFO - Epoch: 164/350, Training Loss: 0.24204341039134591
2024-06-27 01:37:53 - INFO - Epoch: 164/350, Validation Loss: 0.375931344341998, Accuracy: 73.18418633159669%
2024-06-27 01:37:56 - INFO - Epoch: 165/350, Training Loss: 0.2351574327102771
2024-06-27 01:37:57 - INFO - Epoch: 165/350, Validation Loss: 0.3848833000543071, Accuracy: 75.2068648482991%
2024-06-27 01:38:00 - INFO - Epoch: 166/350, Training Loss: 0.23400576160672834
2024-06-27 01:38:01 - INFO - Epoch: 166/350, Validation Loss: 0.3953736791131543, Accuracy: 74.28746552252528%
2024-06-27 01:38:04 - INFO - Epoch: 167/350, Training Loss: 0.23564141912057118
2024-06-27 01:38:05 - INFO - Epoch: 167/350, Validation Loss: 0.4107131383874837, Accuracy: 72.6325467361324%
2024-06-27 01:38:08 - INFO - Epoch: 168/350, Training Loss: 0.23660932884862027
2024-06-27 01:38:09 - INFO - Epoch: 168/350, Validation Loss: 0.39527807603864107, Accuracy: 75.42139135764634%
2024-06-27 01:38:12 - INFO - Epoch: 169/350, Training Loss: 0.23483477905392647
2024-06-27 01:38:12 - INFO - Epoch: 169/350, Validation Loss: 0.39583256227128644, Accuracy: 73.30677290836654%
2024-06-27 01:38:16 - INFO - Epoch: 170/350, Training Loss: 0.24102680626160958
2024-06-27 01:38:16 - INFO - Epoch: 170/350, Validation Loss: 0.40463266857698854, Accuracy: 75.51333129022372%
2024-06-27 01:38:20 - INFO - Epoch: 171/350, Training Loss: 0.2405649096905893
2024-06-27 01:38:20 - INFO - Epoch: 171/350, Validation Loss: 0.39022277631596025, Accuracy: 73.59791602819492%
2024-06-27 01:38:23 - INFO - Epoch: 172/350, Training Loss: 0.23413832131408008
2024-06-27 01:38:24 - INFO - Epoch: 172/350, Validation Loss: 0.4325716236934942, Accuracy: 72.31075697211155%
2024-06-27 01:38:27 - INFO - Epoch: 173/350, Training Loss: 0.23489700780049258
2024-06-27 01:38:28 - INFO - Epoch: 173/350, Validation Loss: 0.42241301197631687, Accuracy: 72.83174992338338%
2024-06-27 01:38:31 - INFO - Epoch: 174/350, Training Loss: 0.23505095096633716
2024-06-27 01:38:31 - INFO - Epoch: 174/350, Validation Loss: 0.41091903547445935, Accuracy: 74.25681887833282%
2024-06-27 01:38:35 - INFO - Epoch: 175/350, Training Loss: 0.23754452793475458
2024-06-27 01:38:35 - INFO - Epoch: 175/350, Validation Loss: 0.4138330602470566, Accuracy: 72.28011032791909%
2024-06-27 01:38:39 - INFO - Epoch: 176/350, Training Loss: 0.23479790176611906
2024-06-27 01:38:39 - INFO - Epoch: 176/350, Validation Loss: 0.41903265215018215, Accuracy: 72.14220042905302%
2024-06-27 01:38:43 - INFO - Epoch: 177/350, Training Loss: 0.23168782418703332
2024-06-27 01:38:43 - INFO - Epoch: 177/350, Validation Loss: 0.45385336934351456, Accuracy: 72.84707324547962%
2024-06-27 01:38:47 - INFO - Epoch: 178/350, Training Loss: 0.23092263522466608
2024-06-27 01:38:47 - INFO - Epoch: 178/350, Validation Loss: 0.4426686344485657, Accuracy: 72.41802022678517%
2024-06-27 01:38:51 - INFO - Epoch: 179/350, Training Loss: 0.23585407665985472
2024-06-27 01:38:51 - INFO - Epoch: 179/350, Validation Loss: 0.3989953210248667, Accuracy: 72.75513331290223%
2024-06-27 01:38:54 - INFO - Epoch: 180/350, Training Loss: 0.23308085177239835
2024-06-27 01:38:55 - INFO - Epoch: 180/350, Validation Loss: 0.4374657999358925, Accuracy: 71.89702727551334%
2024-06-27 01:38:58 - INFO - Epoch: 181/350, Training Loss: 0.24528088190538042
2024-06-27 01:38:59 - INFO - Epoch: 181/350, Validation Loss: 0.4082891399077341, Accuracy: 73.95035243640821%
2024-06-27 01:39:02 - INFO - Epoch: 182/350, Training Loss: 0.23524386276874473
2024-06-27 01:39:02 - INFO - Epoch: 182/350, Validation Loss: 0.43699300610551645, Accuracy: 72.44866687097763%
2024-06-27 01:39:06 - INFO - Epoch: 183/350, Training Loss: 0.23075923814858293
2024-06-27 01:39:06 - INFO - Epoch: 183/350, Validation Loss: 0.45569364887242225, Accuracy: 71.51394422310757%
2024-06-27 01:39:10 - INFO - Epoch: 184/350, Training Loss: 0.2311950417819853
2024-06-27 01:39:10 - INFO - Epoch: 184/350, Validation Loss: 0.4453658270193081, Accuracy: 71.97364388599448%
2024-06-27 01:39:14 - INFO - Epoch: 185/350, Training Loss: 0.2325645543671414
2024-06-27 01:39:14 - INFO - Epoch: 185/350, Validation Loss: 0.43166550541040943, Accuracy: 73.9963224026969%
2024-06-27 01:39:18 - INFO - Epoch: 186/350, Training Loss: 0.23070858320330873
2024-06-27 01:39:18 - INFO - Epoch: 186/350, Validation Loss: 0.4720936850005505, Accuracy: 71.63653079987742%
2024-06-27 01:39:21 - INFO - Epoch: 187/350, Training Loss: 0.23100624359486735
2024-06-27 01:39:22 - INFO - Epoch: 187/350, Validation Loss: 0.4172140190414354, Accuracy: 73.32209623046276%
2024-06-27 01:39:25 - INFO - Epoch: 188/350, Training Loss: 0.23145619564342731
2024-06-27 01:39:25 - INFO - Epoch: 188/350, Validation Loss: 0.47962171905765344, Accuracy: 71.19215445908674%
2024-06-27 01:39:29 - INFO - Epoch: 189/350, Training Loss: 0.23071406872979566
2024-06-27 01:39:29 - INFO - Epoch: 189/350, Validation Loss: 0.4374951075981645, Accuracy: 71.8817039534171%
2024-06-27 01:39:32 - INFO - Epoch: 190/350, Training Loss: 0.23215261631298298
2024-06-27 01:39:33 - INFO - Epoch: 190/350, Validation Loss: 0.4427567460373336, Accuracy: 71.28409439166411%
2024-06-27 01:39:36 - INFO - Epoch: 191/350, Training Loss: 0.22947480750507585
2024-06-27 01:39:37 - INFO - Epoch: 191/350, Validation Loss: 0.4656779392092836, Accuracy: 72.35672693840024%
2024-06-27 01:39:40 - INFO - Epoch: 192/350, Training Loss: 0.23225178281027897
2024-06-27 01:39:40 - INFO - Epoch: 192/350, Validation Loss: 0.4842134194046843, Accuracy: 71.34538768004903%
2024-06-27 01:39:44 - INFO - Epoch: 193/350, Training Loss: 0.2314346448938344
2024-06-27 01:39:44 - INFO - Epoch: 193/350, Validation Loss: 0.4769083683689435, Accuracy: 71.31474103585657%
2024-06-27 01:39:48 - INFO - Epoch: 194/350, Training Loss: 0.23161426246823633
2024-06-27 01:39:48 - INFO - Epoch: 194/350, Validation Loss: 0.47921207488751877, Accuracy: 71.9276739197058%
2024-06-27 01:39:52 - INFO - Epoch: 195/350, Training Loss: 0.2332838404485408
2024-06-27 01:39:52 - INFO - Epoch: 195/350, Validation Loss: 0.45069902039626064, Accuracy: 71.60588415568495%
2024-06-27 01:39:55 - INFO - Epoch: 196/350, Training Loss: 0.22947970392438127
2024-06-27 01:39:56 - INFO - Epoch: 196/350, Validation Loss: 0.4936506432645461, Accuracy: 72.46399019307385%
2024-06-27 01:39:59 - INFO - Epoch: 197/350, Training Loss: 0.23047163257119702
2024-06-27 01:40:00 - INFO - Epoch: 197/350, Validation Loss: 0.49361132844990374, Accuracy: 71.8817039534171%
2024-06-27 01:40:03 - INFO - Epoch: 198/350, Training Loss: 0.23306072713332435
2024-06-27 01:40:03 - INFO - Epoch: 198/350, Validation Loss: 0.46285172654133216, Accuracy: 73.24547961998161%
2024-06-27 01:40:07 - INFO - Epoch: 199/350, Training Loss: 0.2315278073371041
2024-06-27 01:40:07 - INFO - Epoch: 199/350, Validation Loss: 0.46606973865452933, Accuracy: 71.51394422310757%
2024-06-27 01:40:11 - INFO - Epoch: 200/350, Training Loss: 0.22772700553212097
2024-06-27 01:40:11 - INFO - Epoch: 200/350, Validation Loss: 0.47561079935700284, Accuracy: 71.9276739197058%
2024-06-27 01:40:14 - INFO - Epoch: 201/350, Training Loss: 0.2260623093804016
2024-06-27 01:40:15 - INFO - Epoch: 201/350, Validation Loss: 0.48921087442659866, Accuracy: 71.66717744406988%
2024-06-27 01:40:18 - INFO - Epoch: 202/350, Training Loss: 0.22489256952323167
2024-06-27 01:40:18 - INFO - Epoch: 202/350, Validation Loss: 0.47924604486016664, Accuracy: 72.89304321176832%
2024-06-27 01:40:22 - INFO - Epoch: 203/350, Training Loss: 0.22643658067738892
2024-06-27 01:40:22 - INFO - Epoch: 203/350, Validation Loss: 0.49926521146998687, Accuracy: 71.5292675452038%
2024-06-27 01:40:26 - INFO - Epoch: 204/350, Training Loss: 0.22376526399132082
2024-06-27 01:40:26 - INFO - Epoch: 204/350, Validation Loss: 0.5139346067227569, Accuracy: 71.82041066503218%
2024-06-27 01:40:30 - INFO - Epoch: 205/350, Training Loss: 0.2246277367367464
2024-06-27 01:40:30 - INFO - Epoch: 205/350, Validation Loss: 0.5129993081677193, Accuracy: 72.72448666870977%
2024-06-27 01:40:33 - INFO - Epoch: 206/350, Training Loss: 0.22515168822571344
2024-06-27 01:40:34 - INFO - Epoch: 206/350, Validation Loss: 0.5056062299831241, Accuracy: 71.55991418939627%
2024-06-27 01:40:37 - INFO - Epoch: 207/350, Training Loss: 0.22644799262942636
2024-06-27 01:40:37 - INFO - Epoch: 207/350, Validation Loss: 0.5198129807032791, Accuracy: 74.31811216671774%
2024-06-27 01:40:41 - INFO - Epoch: 208/350, Training Loss: 0.2260487285424389
2024-06-27 01:40:41 - INFO - Epoch: 208/350, Validation Loss: 0.5161735120357251, Accuracy: 72.35672693840024%
2024-06-27 01:40:45 - INFO - Epoch: 209/350, Training Loss: 0.22297441301976934
2024-06-27 01:40:45 - INFO - Epoch: 209/350, Validation Loss: 0.5404217307474098, Accuracy: 71.86638063132087%
2024-06-27 01:40:49 - INFO - Epoch: 210/350, Training Loss: 0.22550032004787057
2024-06-27 01:40:49 - INFO - Epoch: 210/350, Validation Loss: 0.5135005245021745, Accuracy: 72.5865767698437%
2024-06-27 01:40:53 - INFO - Epoch: 211/350, Training Loss: 0.22348877252536078
2024-06-27 01:40:53 - INFO - Epoch: 211/350, Validation Loss: 0.5494499627281638, Accuracy: 71.26877106956788%
2024-06-27 01:40:57 - INFO - Epoch: 212/350, Training Loss: 0.22816641329258097
2024-06-27 01:40:57 - INFO - Epoch: 212/350, Validation Loss: 0.49460286749344246, Accuracy: 71.77444069874349%
2024-06-27 01:41:00 - INFO - Epoch: 213/350, Training Loss: 0.22536859606557033
2024-06-27 01:41:01 - INFO - Epoch: 213/350, Validation Loss: 0.5368078897396723, Accuracy: 71.31474103585657%
2024-06-27 01:41:04 - INFO - Epoch: 214/350, Training Loss: 0.2258749754880281
2024-06-27 01:41:05 - INFO - Epoch: 214/350, Validation Loss: 0.5245203466392031, Accuracy: 71.26877106956788%
2024-06-27 01:41:08 - INFO - Epoch: 215/350, Training Loss: 0.22447502311757384
2024-06-27 01:41:09 - INFO - Epoch: 215/350, Validation Loss: 0.5024116851535498, Accuracy: 71.82041066503218%
2024-06-27 01:41:12 - INFO - Epoch: 216/350, Training Loss: 0.22223754090202205
2024-06-27 01:41:12 - INFO - Epoch: 216/350, Validation Loss: 0.5461168026222902, Accuracy: 71.06956788231689%
2024-06-27 01:41:16 - INFO - Epoch: 217/350, Training Loss: 0.22351168253112072
2024-06-27 01:41:16 - INFO - Epoch: 217/350, Validation Loss: 0.538893887517499, Accuracy: 71.05424456022065%
2024-06-27 01:41:20 - INFO - Epoch: 218/350, Training Loss: 0.2248820415789298
2024-06-27 01:41:20 - INFO - Epoch: 218/350, Validation Loss: 0.5513778016263363, Accuracy: 71.48329757891511%
2024-06-27 01:41:24 - INFO - Epoch: 219/350, Training Loss: 0.2222982395038593
2024-06-27 01:41:24 - INFO - Epoch: 219/350, Validation Loss: 0.5083126934135661, Accuracy: 71.23812442537542%
2024-06-27 01:41:28 - INFO - Epoch: 220/350, Training Loss: 0.22095851552690945
2024-06-27 01:41:28 - INFO - Epoch: 220/350, Validation Loss: 0.5706014939967323, Accuracy: 70.90101133925835%
2024-06-27 01:41:31 - INFO - Epoch: 221/350, Training Loss: 0.22273608434068806
2024-06-27 01:41:32 - INFO - Epoch: 221/350, Validation Loss: 0.5448031329056796, Accuracy: 70.87036469506589%
2024-06-27 01:41:35 - INFO - Epoch: 222/350, Training Loss: 0.22788290794500532
2024-06-27 01:41:36 - INFO - Epoch: 222/350, Validation Loss: 0.5075882803283486, Accuracy: 72.29543365001533%
2024-06-27 01:41:39 - INFO - Epoch: 223/350, Training Loss: 0.22617133544283172
2024-06-27 01:41:39 - INFO - Epoch: 223/350, Validation Loss: 0.5224292365943685, Accuracy: 71.03892123812443%
2024-06-27 01:41:43 - INFO - Epoch: 224/350, Training Loss: 0.22200497281828932
2024-06-27 01:41:43 - INFO - Epoch: 224/350, Validation Loss: 0.5667342742284139, Accuracy: 71.91235059760956%
2024-06-27 01:41:46 - INFO - Epoch: 225/350, Training Loss: 0.22013234378149113
2024-06-27 01:41:47 - INFO - Epoch: 225/350, Validation Loss: 0.5640926849023968, Accuracy: 71.28409439166411%
2024-06-27 01:41:50 - INFO - Epoch: 226/350, Training Loss: 0.22236686145119808
2024-06-27 01:41:50 - INFO - Epoch: 226/350, Validation Loss: 0.5442010985285628, Accuracy: 71.34538768004903%
2024-06-27 01:41:54 - INFO - Epoch: 227/350, Training Loss: 0.22695981039136065
2024-06-27 01:41:54 - INFO - Epoch: 227/350, Validation Loss: 0.5369333256693447, Accuracy: 71.85105730922464%
2024-06-27 01:41:58 - INFO - Epoch: 228/350, Training Loss: 0.22504238609005423
2024-06-27 01:41:58 - INFO - Epoch: 228/350, Validation Loss: 0.5442352937717064, Accuracy: 71.97364388599448%
2024-06-27 01:42:02 - INFO - Epoch: 229/350, Training Loss: 0.22130994778126478
2024-06-27 01:42:02 - INFO - Epoch: 229/350, Validation Loss: 0.568436434748126, Accuracy: 71.34538768004903%
2024-06-27 01:42:06 - INFO - Epoch: 230/350, Training Loss: 0.21958080222647564
2024-06-27 01:42:06 - INFO - Epoch: 230/350, Validation Loss: 0.5700041160863989, Accuracy: 70.76310144039228%
2024-06-27 01:42:09 - INFO - Epoch: 231/350, Training Loss: 0.21875254356977986
2024-06-27 01:42:10 - INFO - Epoch: 231/350, Validation Loss: 0.597082185102444, Accuracy: 70.64051486362243%
2024-06-27 01:42:13 - INFO - Epoch: 232/350, Training Loss: 0.21821304186082938
2024-06-27 01:42:14 - INFO - Epoch: 232/350, Validation Loss: 0.6249328764045939, Accuracy: 71.00827459393196%
2024-06-27 01:42:17 - INFO - Epoch: 233/350, Training Loss: 0.22480183032651743
2024-06-27 01:42:17 - INFO - Epoch: 233/350, Validation Loss: 0.5945999800574546, Accuracy: 71.10021452650935%
2024-06-27 01:42:21 - INFO - Epoch: 234/350, Training Loss: 0.22246434959564723
2024-06-27 01:42:21 - INFO - Epoch: 234/350, Validation Loss: 0.5852388199053559, Accuracy: 70.96230462764328%
2024-06-27 01:42:25 - INFO - Epoch: 235/350, Training Loss: 0.22263370625966905
2024-06-27 01:42:25 - INFO - Epoch: 235/350, Validation Loss: 0.5832293264421762, Accuracy: 70.8243947287772%
2024-06-27 01:42:28 - INFO - Epoch: 236/350, Training Loss: 0.22076903287248284
2024-06-27 01:42:29 - INFO - Epoch: 236/350, Validation Loss: 0.6189584962877572, Accuracy: 71.28409439166411%
2024-06-27 01:42:32 - INFO - Epoch: 237/350, Training Loss: 0.22403543157612577
2024-06-27 01:42:33 - INFO - Epoch: 237/350, Validation Loss: 0.5608541606103673, Accuracy: 70.73245479619982%
2024-06-27 01:42:36 - INFO - Epoch: 238/350, Training Loss: 0.22238278759679958
2024-06-27 01:42:37 - INFO - Epoch: 238/350, Validation Loss: 0.5955270254144481, Accuracy: 72.6325467361324%
2024-06-27 01:42:40 - INFO - Epoch: 239/350, Training Loss: 0.21916825992657857
2024-06-27 01:42:41 - INFO - Epoch: 239/350, Validation Loss: 0.5926293529131833, Accuracy: 70.73245479619982%
2024-06-27 01:42:44 - INFO - Epoch: 240/350, Training Loss: 0.21796742465127916
2024-06-27 01:42:44 - INFO - Epoch: 240/350, Validation Loss: 0.6067612355246264, Accuracy: 70.85504137296967%
2024-06-27 01:42:48 - INFO - Epoch: 241/350, Training Loss: 0.21815529193583072
2024-06-27 01:42:48 - INFO - Epoch: 241/350, Validation Loss: 0.6231242015081293, Accuracy: 71.69782408826234%
2024-06-27 01:42:52 - INFO - Epoch: 242/350, Training Loss: 0.21788473100419722
2024-06-27 01:42:52 - INFO - Epoch: 242/350, Validation Loss: 0.6838298764298943, Accuracy: 71.94299724180202%
2024-06-27 01:42:56 - INFO - Epoch: 243/350, Training Loss: 0.2187974521269401
2024-06-27 01:42:56 - INFO - Epoch: 243/350, Validation Loss: 0.6586430560724408, Accuracy: 70.65583818571866%
2024-06-27 01:42:59 - INFO - Epoch: 244/350, Training Loss: 0.2192013229371286
2024-06-27 01:43:00 - INFO - Epoch: 244/350, Validation Loss: 0.6099652779452941, Accuracy: 70.65583818571866%
2024-06-27 01:43:03 - INFO - Epoch: 245/350, Training Loss: 0.21800861750528508
2024-06-27 01:43:04 - INFO - Epoch: 245/350, Validation Loss: 0.6120328634392982, Accuracy: 70.50260496475636%
2024-06-27 01:43:07 - INFO - Epoch: 246/350, Training Loss: 0.2250691598427354
2024-06-27 01:43:07 - INFO - Epoch: 246/350, Validation Loss: 0.6222770433215534, Accuracy: 70.53325160894882%
2024-06-27 01:43:11 - INFO - Epoch: 247/350, Training Loss: 0.21932439538924134
2024-06-27 01:43:11 - INFO - Epoch: 247/350, Validation Loss: 0.6297184933050006, Accuracy: 70.65583818571866%
2024-06-27 01:43:15 - INFO - Epoch: 248/350, Training Loss: 0.220153134882304
2024-06-27 01:43:15 - INFO - Epoch: 248/350, Validation Loss: 0.6388183902291691, Accuracy: 70.5179282868526%
2024-06-27 01:43:19 - INFO - Epoch: 249/350, Training Loss: 0.21785110794007778
2024-06-27 01:43:19 - INFO - Epoch: 249/350, Validation Loss: 0.6812588254026338, Accuracy: 71.14618449279804%
2024-06-27 01:43:23 - INFO - Epoch: 250/350, Training Loss: 0.21622028671132
2024-06-27 01:43:23 - INFO - Epoch: 250/350, Validation Loss: 0.7049479934514737, Accuracy: 70.53325160894882%
2024-06-27 01:43:27 - INFO - Epoch: 251/350, Training Loss: 0.21649051459469631
2024-06-27 01:43:27 - INFO - Epoch: 251/350, Validation Loss: 0.64286549652324, Accuracy: 70.33404842169783%
2024-06-27 01:43:31 - INFO - Epoch: 252/350, Training Loss: 0.21883578373886206
2024-06-27 01:43:31 - INFO - Epoch: 252/350, Validation Loss: 0.6373597985389186, Accuracy: 70.18081520073552%
2024-06-27 01:43:35 - INFO - Epoch: 253/350, Training Loss: 0.21776526927144504
2024-06-27 01:43:35 - INFO - Epoch: 253/350, Validation Loss: 0.6644700046847848, Accuracy: 71.63653079987742%
2024-06-27 01:43:38 - INFO - Epoch: 254/350, Training Loss: 0.22183685012015641
2024-06-27 01:43:39 - INFO - Epoch: 254/350, Validation Loss: 0.6317265103845036, Accuracy: 70.3187250996016%
2024-06-27 01:43:42 - INFO - Epoch: 255/350, Training Loss: 0.21685012939440854
2024-06-27 01:43:42 - INFO - Epoch: 255/350, Validation Loss: 0.7025398585726234, Accuracy: 70.50260496475636%
2024-06-27 01:43:46 - INFO - Epoch: 256/350, Training Loss: 0.21617909687041653
2024-06-27 01:43:46 - INFO - Epoch: 256/350, Validation Loss: 0.6875825124044045, Accuracy: 70.3187250996016%
2024-06-27 01:43:50 - INFO - Epoch: 257/350, Training Loss: 0.215631967392184
2024-06-27 01:43:50 - INFO - Epoch: 257/350, Validation Loss: 0.724287696036638, Accuracy: 70.08887526815813%
2024-06-27 01:43:54 - INFO - Epoch: 258/350, Training Loss: 0.2171557022295162
2024-06-27 01:43:54 - INFO - Epoch: 258/350, Validation Loss: 0.7172431399424871, Accuracy: 70.45663499846766%
2024-06-27 01:43:58 - INFO - Epoch: 259/350, Training Loss: 0.21873021881808252
2024-06-27 01:43:58 - INFO - Epoch: 259/350, Validation Loss: 0.6662220434815276, Accuracy: 72.05026049647563%
2024-06-27 01:44:02 - INFO - Epoch: 260/350, Training Loss: 0.2171009225113427
2024-06-27 01:44:02 - INFO - Epoch: 260/350, Validation Loss: 0.6807416487558215, Accuracy: 70.64051486362243%
2024-06-27 01:44:06 - INFO - Epoch: 261/350, Training Loss: 0.22131491746461274
2024-06-27 01:44:06 - INFO - Epoch: 261/350, Validation Loss: 0.6938152675535164, Accuracy: 71.89702727551334%
2024-06-27 01:44:10 - INFO - Epoch: 262/350, Training Loss: 0.2183353861099949
2024-06-27 01:44:10 - INFO - Epoch: 262/350, Validation Loss: 0.6766177538563224, Accuracy: 70.80907140668097%
2024-06-27 01:44:13 - INFO - Epoch: 263/350, Training Loss: 0.2166664457934744
2024-06-27 01:44:14 - INFO - Epoch: 263/350, Validation Loss: 0.7135869080529493, Accuracy: 70.45663499846766%
2024-06-27 01:44:17 - INFO - Epoch: 264/350, Training Loss: 0.2162576172427804
2024-06-27 01:44:17 - INFO - Epoch: 264/350, Validation Loss: 0.7012986903097115, Accuracy: 70.36469506589029%
2024-06-27 01:44:21 - INFO - Epoch: 265/350, Training Loss: 0.21419581798288753
2024-06-27 01:44:21 - INFO - Epoch: 265/350, Validation Loss: 0.7823317714181601, Accuracy: 70.38001838798651%
2024-06-27 01:44:25 - INFO - Epoch: 266/350, Training Loss: 0.22112358261045872
2024-06-27 01:44:25 - INFO - Epoch: 266/350, Validation Loss: 0.7101266425029904, Accuracy: 70.6251915415262%
2024-06-27 01:44:29 - INFO - Epoch: 267/350, Training Loss: 0.21607508859140614
2024-06-27 01:44:29 - INFO - Epoch: 267/350, Validation Loss: 0.6834686004063663, Accuracy: 70.24210848912044%
2024-06-27 01:44:33 - INFO - Epoch: 268/350, Training Loss: 0.21409786992943755
2024-06-27 01:44:33 - INFO - Epoch: 268/350, Validation Loss: 0.7563890218734741, Accuracy: 70.25743181121668%
2024-06-27 01:44:36 - INFO - Epoch: 269/350, Training Loss: 0.2144837632008335
2024-06-27 01:44:37 - INFO - Epoch: 269/350, Validation Loss: 0.7719655434290568, Accuracy: 70.54857493104505%
2024-06-27 01:44:40 - INFO - Epoch: 270/350, Training Loss: 0.21693561914577789
2024-06-27 01:44:41 - INFO - Epoch: 270/350, Validation Loss: 0.7349961712664249, Accuracy: 70.54857493104505%
2024-06-27 01:44:44 - INFO - Epoch: 271/350, Training Loss: 0.21992573857891792
2024-06-27 01:44:45 - INFO - Epoch: 271/350, Validation Loss: 0.6583369885589562, Accuracy: 70.4259883542752%
2024-06-27 01:44:48 - INFO - Epoch: 272/350, Training Loss: 0.21873470934509648
2024-06-27 01:44:49 - INFO - Epoch: 272/350, Validation Loss: 0.6688208156356624, Accuracy: 70.57922157523751%
2024-06-27 01:44:52 - INFO - Epoch: 273/350, Training Loss: 0.21476627154020117
2024-06-27 01:44:52 - INFO - Epoch: 273/350, Validation Loss: 0.7386369602937325, Accuracy: 70.56389825314128%
2024-06-27 01:44:56 - INFO - Epoch: 274/350, Training Loss: 0.21717450318529324
2024-06-27 01:44:56 - INFO - Epoch: 274/350, Validation Loss: 0.7441967544602412, Accuracy: 70.18081520073552%
2024-06-27 01:44:59 - INFO - Epoch: 275/350, Training Loss: 0.21468736786468356
2024-06-27 01:45:00 - INFO - Epoch: 275/350, Validation Loss: 0.7433995508095798, Accuracy: 70.4719583205639%
2024-06-27 01:45:03 - INFO - Epoch: 276/350, Training Loss: 0.21362956730174085
2024-06-27 01:45:04 - INFO - Epoch: 276/350, Validation Loss: 0.7589816927325492, Accuracy: 70.36469506589029%
2024-06-27 01:45:08 - INFO - Epoch: 277/350, Training Loss: 0.21187312680059203
2024-06-27 01:45:08 - INFO - Epoch: 277/350, Validation Loss: 0.758068600413846, Accuracy: 70.16549187863929%
2024-06-27 01:45:12 - INFO - Epoch: 278/350, Training Loss: 0.2143382520834897
2024-06-27 01:45:12 - INFO - Epoch: 278/350, Validation Loss: 0.7421476052087896, Accuracy: 70.54857493104505%
2024-06-27 01:45:15 - INFO - Epoch: 279/350, Training Loss: 0.2130225807903152
2024-06-27 01:45:16 - INFO - Epoch: 279/350, Validation Loss: 0.8245577961206436, Accuracy: 70.79374808458473%
2024-06-27 01:45:19 - INFO - Epoch: 280/350, Training Loss: 0.21329017934918987
2024-06-27 01:45:20 - INFO - Epoch: 280/350, Validation Loss: 0.7706338336654738, Accuracy: 70.48728164266012%
2024-06-27 01:45:23 - INFO - Epoch: 281/350, Training Loss: 0.21303662171989096
2024-06-27 01:45:23 - INFO - Epoch: 281/350, Validation Loss: 0.7884558152918723, Accuracy: 70.36469506589029%
2024-06-27 01:45:27 - INFO - Epoch: 282/350, Training Loss: 0.21541199385754617
2024-06-27 01:45:27 - INFO - Epoch: 282/350, Validation Loss: 0.7342224632408104, Accuracy: 70.93165798345082%
2024-06-27 01:45:31 - INFO - Epoch: 283/350, Training Loss: 0.21617293721247538
2024-06-27 01:45:31 - INFO - Epoch: 283/350, Validation Loss: 0.7624867838971755, Accuracy: 70.18081520073552%
2024-06-27 01:45:35 - INFO - Epoch: 284/350, Training Loss: 0.21356000199767888
2024-06-27 01:45:35 - INFO - Epoch: 284/350, Validation Loss: 0.7774079068034303, Accuracy: 70.41066503217898%
2024-06-27 01:45:39 - INFO - Epoch: 285/350, Training Loss: 0.21431201044470072
2024-06-27 01:45:39 - INFO - Epoch: 285/350, Validation Loss: 0.8111906349658966, Accuracy: 71.25344774747165%
2024-06-27 01:45:42 - INFO - Epoch: 286/350, Training Loss: 0.22059204250428022
2024-06-27 01:45:43 - INFO - Epoch: 286/350, Validation Loss: 0.6493858338571062, Accuracy: 70.6251915415262%
2024-06-27 01:45:46 - INFO - Epoch: 287/350, Training Loss: 0.2175222953744963
2024-06-27 01:45:47 - INFO - Epoch: 287/350, Validation Loss: 0.7481226669807061, Accuracy: 70.30340177750536%
2024-06-27 01:45:50 - INFO - Epoch: 288/350, Training Loss: 0.22192428177039997
2024-06-27 01:45:51 - INFO - Epoch: 288/350, Validation Loss: 0.7678718400352141, Accuracy: 70.16549187863929%
2024-06-27 01:45:54 - INFO - Epoch: 289/350, Training Loss: 0.2164232714430374
2024-06-27 01:45:55 - INFO - Epoch: 289/350, Validation Loss: 0.7763759894113914, Accuracy: 70.07355194606191%
2024-06-27 01:45:58 - INFO - Epoch: 290/350, Training Loss: 0.21293614300734856
2024-06-27 01:45:58 - INFO - Epoch: 290/350, Validation Loss: 0.826429037194626, Accuracy: 70.05822862396568%
2024-06-27 01:46:02 - INFO - Epoch: 291/350, Training Loss: 0.21396131652827358
2024-06-27 01:46:02 - INFO - Epoch: 291/350, Validation Loss: 0.8132906345760121, Accuracy: 70.38001838798651%
2024-06-27 01:46:05 - INFO - Epoch: 292/350, Training Loss: 0.21106806123519645
2024-06-27 01:46:06 - INFO - Epoch: 292/350, Validation Loss: 0.8060277227093192, Accuracy: 70.07355194606191%
2024-06-27 01:46:09 - INFO - Epoch: 293/350, Training Loss: 0.2113465897592844
2024-06-27 01:46:09 - INFO - Epoch: 293/350, Validation Loss: 0.8681836505146587, Accuracy: 70.77842476248851%
2024-06-27 01:46:13 - INFO - Epoch: 294/350, Training Loss: 0.21140868879635544
2024-06-27 01:46:13 - INFO - Epoch: 294/350, Validation Loss: 0.7803469963517844, Accuracy: 70.04290530186944%
2024-06-27 01:46:17 - INFO - Epoch: 295/350, Training Loss: 0.21650679809424808
2024-06-27 01:46:17 - INFO - Epoch: 295/350, Validation Loss: 0.8190152390914804, Accuracy: 70.39534171008275%
2024-06-27 01:46:21 - INFO - Epoch: 296/350, Training Loss: 0.2177071329023616
2024-06-27 01:46:21 - INFO - Epoch: 296/350, Validation Loss: 0.8390429987042558, Accuracy: 70.28807845540913%
2024-06-27 01:46:25 - INFO - Epoch: 297/350, Training Loss: 0.2133598821055071
2024-06-27 01:46:25 - INFO - Epoch: 297/350, Validation Loss: 0.7700054762410182, Accuracy: 70.16549187863929%
2024-06-27 01:46:29 - INFO - Epoch: 298/350, Training Loss: 0.211333953574592
2024-06-27 01:46:29 - INFO - Epoch: 298/350, Validation Loss: 0.8224144434812022, Accuracy: 70.04290530186944%
2024-06-27 01:46:32 - INFO - Epoch: 299/350, Training Loss: 0.2114367809000553
2024-06-27 01:46:33 - INFO - Epoch: 299/350, Validation Loss: 0.8211332504071441, Accuracy: 70.02758197977322%
2024-06-27 01:46:36 - INFO - Epoch: 300/350, Training Loss: 0.2115016584558522
2024-06-27 01:46:37 - INFO - Epoch: 300/350, Validation Loss: 0.8609757084472507, Accuracy: 69.95096536929206%
2024-06-27 01:46:40 - INFO - Epoch: 301/350, Training Loss: 0.21209377837458662
2024-06-27 01:46:41 - INFO - Epoch: 301/350, Validation Loss: 0.8357993688653497, Accuracy: 70.38001838798651%
2024-06-27 01:46:44 - INFO - Epoch: 302/350, Training Loss: 0.21154339911014425
2024-06-27 01:46:44 - INFO - Epoch: 302/350, Validation Loss: 0.8370822530751135, Accuracy: 71.20747778118296%
2024-06-27 01:46:48 - INFO - Epoch: 303/350, Training Loss: 0.2143807451368547
2024-06-27 01:46:48 - INFO - Epoch: 303/350, Validation Loss: 0.8144048312131096, Accuracy: 69.90499540300337%
2024-06-27 01:46:52 - INFO - Epoch: 304/350, Training Loss: 0.21275374512462056
2024-06-27 01:46:52 - INFO - Epoch: 304/350, Validation Loss: 0.8029262928986082, Accuracy: 70.91633466135458%
2024-06-27 01:46:55 - INFO - Epoch: 305/350, Training Loss: 0.21376859650527144
2024-06-27 01:46:56 - INFO - Epoch: 305/350, Validation Loss: 0.8156703780679142, Accuracy: 70.16549187863929%
2024-06-27 01:46:59 - INFO - Epoch: 306/350, Training Loss: 0.213867436692703
2024-06-27 01:47:00 - INFO - Epoch: 306/350, Validation Loss: 0.8288461671156042, Accuracy: 70.10419859025437%
2024-06-27 01:47:03 - INFO - Epoch: 307/350, Training Loss: 0.21194600160507596
2024-06-27 01:47:04 - INFO - Epoch: 307/350, Validation Loss: 0.867200680807525, Accuracy: 70.2727551333129%
2024-06-27 01:47:07 - INFO - Epoch: 308/350, Training Loss: 0.21025237671154387
2024-06-27 01:47:07 - INFO - Epoch: 308/350, Validation Loss: 0.8986283961464377, Accuracy: 70.02758197977322%
2024-06-27 01:47:11 - INFO - Epoch: 309/350, Training Loss: 0.21025034966056838
2024-06-27 01:47:11 - INFO - Epoch: 309/350, Validation Loss: 0.8956535969879112, Accuracy: 70.6711615078149%
2024-06-27 01:47:15 - INFO - Epoch: 310/350, Training Loss: 0.21668138616152255
2024-06-27 01:47:15 - INFO - Epoch: 310/350, Validation Loss: 0.8211970378955206, Accuracy: 70.01225865767698%
2024-06-27 01:47:19 - INFO - Epoch: 311/350, Training Loss: 0.210964852505747
2024-06-27 01:47:19 - INFO - Epoch: 311/350, Validation Loss: 0.8839052649689656, Accuracy: 69.88967208090715%
2024-06-27 01:47:23 - INFO - Epoch: 312/350, Training Loss: 0.21408815252795524
2024-06-27 01:47:23 - INFO - Epoch: 312/350, Validation Loss: 0.8924808113598356, Accuracy: 69.7670855041373%
2024-06-27 01:47:26 - INFO - Epoch: 313/350, Training Loss: 0.21041866368157605
2024-06-27 01:47:27 - INFO - Epoch: 313/350, Validation Loss: 0.9203440389212441, Accuracy: 69.7211155378486%
2024-06-27 01:47:30 - INFO - Epoch: 314/350, Training Loss: 0.21044958545369843
2024-06-27 01:47:31 - INFO - Epoch: 314/350, Validation Loss: 0.8831849714704588, Accuracy: 69.78240882623352%
2024-06-27 01:47:34 - INFO - Epoch: 315/350, Training Loss: 0.20866472438416062
2024-06-27 01:47:34 - INFO - Epoch: 315/350, Validation Loss: 0.9230047017335892, Accuracy: 69.75176218204106%
2024-06-27 01:47:38 - INFO - Epoch: 316/350, Training Loss: 0.2090904186936278
2024-06-27 01:47:38 - INFO - Epoch: 316/350, Validation Loss: 0.9099120807413962, Accuracy: 70.15016855654306%
2024-06-27 01:47:41 - INFO - Epoch: 317/350, Training Loss: 0.2092052112132603
2024-06-27 01:47:42 - INFO - Epoch: 317/350, Validation Loss: 0.8557708418252421, Accuracy: 70.02758197977322%
2024-06-27 01:47:45 - INFO - Epoch: 318/350, Training Loss: 0.21514110283597426
2024-06-27 01:47:46 - INFO - Epoch: 318/350, Validation Loss: 0.8595899872335733, Accuracy: 70.04290530186944%
2024-06-27 01:47:49 - INFO - Epoch: 319/350, Training Loss: 0.209956853705294
2024-06-27 01:47:49 - INFO - Epoch: 319/350, Validation Loss: 0.8676565552459043, Accuracy: 69.85902543671467%
2024-06-27 01:47:53 - INFO - Epoch: 320/350, Training Loss: 0.20852305623246173
2024-06-27 01:47:53 - INFO - Epoch: 320/350, Validation Loss: 0.9331746501665489, Accuracy: 69.813055470426%
2024-06-27 01:47:57 - INFO - Epoch: 321/350, Training Loss: 0.20793130394874834
2024-06-27 01:47:57 - INFO - Epoch: 321/350, Validation Loss: 0.9628537604037453, Accuracy: 70.16549187863929%
2024-06-27 01:48:00 - INFO - Epoch: 322/350, Training Loss: 0.20804816424189246
2024-06-27 01:48:01 - INFO - Epoch: 322/350, Validation Loss: 0.9179381380478541, Accuracy: 69.58320563898253%
2024-06-27 01:48:04 - INFO - Epoch: 323/350, Training Loss: 0.2094456341628935
2024-06-27 01:48:05 - INFO - Epoch: 323/350, Validation Loss: 0.8983358454470541, Accuracy: 69.82837879252222%
2024-06-27 01:48:08 - INFO - Epoch: 324/350, Training Loss: 0.2105915251315809
2024-06-27 01:48:08 - INFO - Epoch: 324/350, Validation Loss: 0.8886781039775586, Accuracy: 69.7670855041373%
2024-06-27 01:48:12 - INFO - Epoch: 325/350, Training Loss: 0.21376696024455277
2024-06-27 01:48:12 - INFO - Epoch: 325/350, Validation Loss: 0.8816455117627686, Accuracy: 69.93564204719583%
2024-06-27 01:48:16 - INFO - Epoch: 326/350, Training Loss: 0.21661519009035593
2024-06-27 01:48:16 - INFO - Epoch: 326/350, Validation Loss: 0.8163353549499138, Accuracy: 69.70579221575238%
2024-06-27 01:48:19 - INFO - Epoch: 327/350, Training Loss: 0.2099661559925652
2024-06-27 01:48:20 - INFO - Epoch: 327/350, Validation Loss: 0.9116187361525554, Accuracy: 69.73643885994484%
2024-06-27 01:48:23 - INFO - Epoch: 328/350, Training Loss: 0.20911943709806485
2024-06-27 01:48:24 - INFO - Epoch: 328/350, Validation Loss: 0.9230353718294817, Accuracy: 69.87434875881091%
2024-06-27 01:48:27 - INFO - Epoch: 329/350, Training Loss: 0.20768515411399158
2024-06-27 01:48:27 - INFO - Epoch: 329/350, Validation Loss: 0.9336471423214557, Accuracy: 69.65982224946369%
2024-06-27 01:48:31 - INFO - Epoch: 330/350, Training Loss: 0.20789503821117036
2024-06-27 01:48:31 - INFO - Epoch: 330/350, Validation Loss: 0.9218015723368701, Accuracy: 69.55255899479008%
2024-06-27 01:48:35 - INFO - Epoch: 331/350, Training Loss: 0.20665999918299563
2024-06-27 01:48:35 - INFO - Epoch: 331/350, Validation Loss: 0.9910383510823343, Accuracy: 70.74777811829604%
2024-06-27 01:48:39 - INFO - Epoch: 332/350, Training Loss: 0.20720484443739348
2024-06-27 01:48:39 - INFO - Epoch: 332/350, Validation Loss: 0.9938811244917851, Accuracy: 69.65982224946369%
2024-06-27 01:48:43 - INFO - Epoch: 333/350, Training Loss: 0.20921496223366143
2024-06-27 01:48:43 - INFO - Epoch: 333/350, Validation Loss: 1.0515036594633962, Accuracy: 69.90499540300337%
2024-06-27 01:48:47 - INFO - Epoch: 334/350, Training Loss: 0.21167901843128836
2024-06-27 01:48:47 - INFO - Epoch: 334/350, Validation Loss: 0.8802948404176563, Accuracy: 69.59852896107876%
2024-06-27 01:48:50 - INFO - Epoch: 335/350, Training Loss: 0.21009573546767818
2024-06-27 01:48:51 - INFO - Epoch: 335/350, Validation Loss: 0.93973449047874, Accuracy: 70.2267851670242%
2024-06-27 01:48:54 - INFO - Epoch: 336/350, Training Loss: 0.21058526326555246
2024-06-27 01:48:55 - INFO - Epoch: 336/350, Validation Loss: 0.9694162247812047, Accuracy: 69.82837879252222%
2024-06-27 01:48:58 - INFO - Epoch: 337/350, Training Loss: 0.20917074431610458
2024-06-27 01:48:59 - INFO - Epoch: 337/350, Validation Loss: 0.9655096542601492, Accuracy: 69.87434875881091%
2024-06-27 01:49:02 - INFO - Epoch: 338/350, Training Loss: 0.20782078346054927
2024-06-27 01:49:02 - INFO - Epoch: 338/350, Validation Loss: 1.0073703451483857, Accuracy: 69.90499540300337%
2024-06-27 01:49:06 - INFO - Epoch: 339/350, Training Loss: 0.2082093217793633
2024-06-27 01:49:06 - INFO - Epoch: 339/350, Validation Loss: 0.997621180380092, Accuracy: 69.82837879252222%
2024-06-27 01:49:10 - INFO - Epoch: 340/350, Training Loss: 0.207215664433498
2024-06-27 01:49:10 - INFO - Epoch: 340/350, Validation Loss: 1.0266486818299574, Accuracy: 69.7670855041373%
2024-06-27 01:49:14 - INFO - Epoch: 341/350, Training Loss: 0.20607809222065934
2024-06-27 01:49:14 - INFO - Epoch: 341/350, Validation Loss: 1.0322097580806882, Accuracy: 69.75176218204106%
2024-06-27 01:49:18 - INFO - Epoch: 342/350, Training Loss: 0.2061737875326299
2024-06-27 01:49:18 - INFO - Epoch: 342/350, Validation Loss: 1.0126130128023672, Accuracy: 69.7670855041373%
2024-06-27 01:49:22 - INFO - Epoch: 343/350, Training Loss: 0.2072956621391224
2024-06-27 01:49:22 - INFO - Epoch: 343/350, Validation Loss: 0.9427911721023858, Accuracy: 70.41066503217898%
2024-06-27 01:49:25 - INFO - Epoch: 344/350, Training Loss: 0.20578105473781333
2024-06-27 01:49:26 - INFO - Epoch: 344/350, Validation Loss: 1.0699186214044982, Accuracy: 69.75176218204106%
2024-06-27 01:49:29 - INFO - Epoch: 345/350, Training Loss: 0.20993809283291007
2024-06-27 01:49:30 - INFO - Epoch: 345/350, Validation Loss: 1.0205739137588763, Accuracy: 70.28807845540913%
2024-06-27 01:49:33 - INFO - Epoch: 346/350, Training Loss: 0.21575215292692768
2024-06-27 01:49:33 - INFO - Epoch: 346/350, Validation Loss: 1.0025209363769083, Accuracy: 70.24210848912044%
2024-06-27 01:49:37 - INFO - Epoch: 347/350, Training Loss: 0.20891750627653857
2024-06-27 01:49:37 - INFO - Epoch: 347/350, Validation Loss: 0.9974472227634168, Accuracy: 69.59852896107876%
2024-06-27 01:49:41 - INFO - Epoch: 348/350, Training Loss: 0.20761256400203587
2024-06-27 01:49:41 - INFO - Epoch: 348/350, Validation Loss: 1.0243001673735825, Accuracy: 69.65982224946369%
2024-06-27 01:49:45 - INFO - Epoch: 349/350, Training Loss: 0.21000998792256795
2024-06-27 01:49:45 - INFO - Epoch: 349/350, Validation Loss: 1.0376280160511242, Accuracy: 69.85902543671467%
2024-06-27 01:49:49 - INFO - Epoch: 350/350, Training Loss: 0.20767962784670732
2024-06-27 01:49:49 - INFO - Epoch: 350/350, Validation Loss: 1.0604617259666032, Accuracy: 70.85504137296967%
2024-06-27 01:49:49 - INFO - Finished training model.
2024-06-27 01:49:51 - INFO - Model saved to lstm_classifier.pth and vocabulary saved to vocab.pkl
