2024-07-10 22:44:53 - INFO - This log entry will go into a uniquely named file for this run.
2024-07-10 22:44:56 - INFO - Starting LSTM model training...
2024-07-10 22:44:59 - INFO - Epoch: 1/300, Training Loss: 0.693062586291083
2024-07-10 22:44:59 - INFO - Epoch: 1/300, Validation Loss: 0.692772490637643, Accuracy: 51.42265907915158%
2024-07-10 22:45:01 - INFO - Epoch: 2/300, Training Loss: 0.6928254385652213
2024-07-10 22:45:01 - INFO - Epoch: 2/300, Validation Loss: 0.6930809020996094, Accuracy: 51.4140369029143%
2024-07-10 22:45:04 - INFO - Epoch: 3/300, Training Loss: 0.6926456418530694
2024-07-10 22:45:04 - INFO - Epoch: 3/300, Validation Loss: 0.6922551688257155, Accuracy: 51.733057423693744%
2024-07-10 22:45:06 - INFO - Epoch: 4/300, Training Loss: 0.6930524037624227
2024-07-10 22:45:06 - INFO - Epoch: 4/300, Validation Loss: 0.6921948522001833, Accuracy: 52.198654940506984%
2024-07-10 22:45:08 - INFO - Epoch: 5/300, Training Loss: 0.6925418502708961
2024-07-10 22:45:08 - INFO - Epoch: 5/300, Validation Loss: 0.6927388274407649, Accuracy: 51.50025866528712%
2024-07-10 22:45:11 - INFO - Epoch: 6/300, Training Loss: 0.692506777746924
2024-07-10 22:45:11 - INFO - Epoch: 6/300, Validation Loss: 0.6929694368289068, Accuracy: 51.69856871874461%
2024-07-10 22:45:13 - INFO - Epoch: 7/300, Training Loss: 0.6927969990105465
2024-07-10 22:45:13 - INFO - Epoch: 7/300, Validation Loss: 0.6927896728227426, Accuracy: 51.58648042765994%
2024-07-10 22:45:15 - INFO - Epoch: 8/300, Training Loss: 0.6924655132458127
2024-07-10 22:45:15 - INFO - Epoch: 8/300, Validation Loss: 0.69287976033085, Accuracy: 51.42265907915158%
2024-07-10 22:45:17 - INFO - Epoch: 9/300, Training Loss: 0.6927618114701632
2024-07-10 22:45:18 - INFO - Epoch: 9/300, Validation Loss: 0.6927889723044175, Accuracy: 51.448525607863424%
2024-07-10 22:45:19 - INFO - Epoch: 10/300, Training Loss: 0.689372081838805
2024-07-10 22:45:20 - INFO - Epoch: 10/300, Validation Loss: 0.6857475730089041, Accuracy: 53.103983445421626%
2024-07-10 22:45:22 - INFO - Epoch: 11/300, Training Loss: 0.6833859892549186
2024-07-10 22:45:22 - INFO - Epoch: 11/300, Validation Loss: 0.6575155497252286, Accuracy: 57.00120710467322%
2024-07-10 22:45:24 - INFO - Epoch: 12/300, Training Loss: 0.656275750028676
2024-07-10 22:45:24 - INFO - Epoch: 12/300, Validation Loss: 0.6528307766049772, Accuracy: 57.57027073633385%
2024-07-10 22:45:27 - INFO - Epoch: 13/300, Training Loss: 0.6508748292922973
2024-07-10 22:45:27 - INFO - Epoch: 13/300, Validation Loss: 0.6464294005226303, Accuracy: 57.76858078979134%
2024-07-10 22:45:29 - INFO - Epoch: 14/300, Training Loss: 0.6458071703746401
2024-07-10 22:45:29 - INFO - Epoch: 14/300, Validation Loss: 0.6456804278787676, Accuracy: 57.60475944128298%
2024-07-10 22:45:31 - INFO - Epoch: 15/300, Training Loss: 0.6461805582868642
2024-07-10 22:45:32 - INFO - Epoch: 15/300, Validation Loss: 0.6442657961295202, Accuracy: 57.95826866701155%
2024-07-10 22:45:34 - INFO - Epoch: 16/300, Training Loss: 0.6450145191981874
2024-07-10 22:45:34 - INFO - Epoch: 16/300, Validation Loss: 0.643444999233707, Accuracy: 57.93240213829971%
2024-07-10 22:45:36 - INFO - Epoch: 17/300, Training Loss: 0.6429863928926403
2024-07-10 22:45:36 - INFO - Epoch: 17/300, Validation Loss: 0.6425725906104832, Accuracy: 58.00137954819797%
2024-07-10 22:45:38 - INFO - Epoch: 18/300, Training Loss: 0.64311230289525
2024-07-10 22:45:38 - INFO - Epoch: 18/300, Validation Loss: 0.6413266553983583, Accuracy: 58.044490429384375%
2024-07-10 22:45:40 - INFO - Epoch: 19/300, Training Loss: 0.6415619753969126
2024-07-10 22:45:41 - INFO - Epoch: 19/300, Validation Loss: 0.6426316090337523, Accuracy: 58.07897913433351%
2024-07-10 22:45:43 - INFO - Epoch: 20/300, Training Loss: 0.6399608889941512
2024-07-10 22:45:43 - INFO - Epoch: 20/300, Validation Loss: 0.6386177028928485, Accuracy: 57.93240213829971%
2024-07-10 22:45:45 - INFO - Epoch: 21/300, Training Loss: 0.6377428830903152
2024-07-10 22:45:45 - INFO - Epoch: 21/300, Validation Loss: 0.6340092774275895, Accuracy: 58.044490429384375%
2024-07-10 22:45:47 - INFO - Epoch: 22/300, Training Loss: 0.6310399571780501
2024-07-10 22:45:48 - INFO - Epoch: 22/300, Validation Loss: 0.6270498050438179, Accuracy: 60.217278841179514%
2024-07-10 22:45:50 - INFO - Epoch: 23/300, Training Loss: 0.6200162890861775
2024-07-10 22:45:50 - INFO - Epoch: 23/300, Validation Loss: 0.6122457958184756, Accuracy: 62.528022072771165%
2024-07-10 22:45:53 - INFO - Epoch: 24/300, Training Loss: 0.5939289742913739
2024-07-10 22:45:53 - INFO - Epoch: 24/300, Validation Loss: 0.5642180611471553, Accuracy: 66.8477323676496%
2024-07-10 22:45:56 - INFO - Epoch: 25/300, Training Loss: 0.562029366739865
2024-07-10 22:45:56 - INFO - Epoch: 25/300, Validation Loss: 0.5583978667036518, Accuracy: 67.98585963097085%
2024-07-10 22:45:58 - INFO - Epoch: 26/300, Training Loss: 0.5559094472589164
2024-07-10 22:45:59 - INFO - Epoch: 26/300, Validation Loss: 0.5492491961180509, Accuracy: 68.4514571477841%
2024-07-10 22:46:01 - INFO - Epoch: 27/300, Training Loss: 0.5497567816849412
2024-07-10 22:46:01 - INFO - Epoch: 27/300, Validation Loss: 0.546190450315947, Accuracy: 68.62390067252974%
2024-07-10 22:46:04 - INFO - Epoch: 28/300, Training Loss: 0.546659324169159
2024-07-10 22:46:04 - INFO - Epoch: 28/300, Validation Loss: 0.5416493327408046, Accuracy: 68.9860320744956%
2024-07-10 22:46:07 - INFO - Epoch: 29/300, Training Loss: 0.5410011624056718
2024-07-10 22:46:07 - INFO - Epoch: 29/300, Validation Loss: 0.5391932591632173, Accuracy: 69.04638730815658%
2024-07-10 22:46:09 - INFO - Epoch: 30/300, Training Loss: 0.5379598418597518
2024-07-10 22:46:10 - INFO - Epoch: 30/300, Validation Loss: 0.5404111808472938, Accuracy: 68.80496637351267%
2024-07-10 22:46:12 - INFO - Epoch: 31/300, Training Loss: 0.5335088691629213
2024-07-10 22:46:12 - INFO - Epoch: 31/300, Validation Loss: 0.5300313768151043, Accuracy: 69.29643041903776%
2024-07-10 22:46:15 - INFO - Epoch: 32/300, Training Loss: 0.5241336526952941
2024-07-10 22:46:15 - INFO - Epoch: 32/300, Validation Loss: 0.5193744288696037, Accuracy: 70.77082255561304%
2024-07-10 22:46:18 - INFO - Epoch: 33/300, Training Loss: 0.5103139941445712
2024-07-10 22:46:18 - INFO - Epoch: 33/300, Validation Loss: 0.504530614385238, Accuracy: 71.33126401103638%
2024-07-10 22:46:20 - INFO - Epoch: 34/300, Training Loss: 0.5013855452784176
2024-07-10 22:46:21 - INFO - Epoch: 34/300, Validation Loss: 0.4993514027241822, Accuracy: 71.00362131401965%
2024-07-10 22:46:23 - INFO - Epoch: 35/300, Training Loss: 0.4948673966835285
2024-07-10 22:46:23 - INFO - Epoch: 35/300, Validation Loss: 0.49312699954588335, Accuracy: 71.83997240903604%
2024-07-10 22:46:26 - INFO - Epoch: 36/300, Training Loss: 0.4882469488423446
2024-07-10 22:46:26 - INFO - Epoch: 36/300, Validation Loss: 0.49106946620312364, Accuracy: 71.11570960510433%
2024-07-10 22:46:29 - INFO - Epoch: 37/300, Training Loss: 0.48682782337583347
2024-07-10 22:46:29 - INFO - Epoch: 37/300, Validation Loss: 0.482091146674785, Accuracy: 71.3743748922228%
2024-07-10 22:46:31 - INFO - Epoch: 38/300, Training Loss: 0.47911378922133613
2024-07-10 22:46:32 - INFO - Epoch: 38/300, Validation Loss: 0.48998297669075347, Accuracy: 72.14174857734092%
2024-07-10 22:46:34 - INFO - Epoch: 39/300, Training Loss: 0.4750141142976695
2024-07-10 22:46:34 - INFO - Epoch: 39/300, Validation Loss: 0.4774675652548507, Accuracy: 71.96068287635799%
2024-07-10 22:46:37 - INFO - Epoch: 40/300, Training Loss: 0.470889916173343
2024-07-10 22:46:37 - INFO - Epoch: 40/300, Validation Loss: 0.46591155591246847, Accuracy: 71.73650629418866%
2024-07-10 22:46:40 - INFO - Epoch: 41/300, Training Loss: 0.46685908403889886
2024-07-10 22:46:40 - INFO - Epoch: 41/300, Validation Loss: 0.468266344168684, Accuracy: 71.7623728229005%
2024-07-10 22:46:42 - INFO - Epoch: 42/300, Training Loss: 0.4638497658433585
2024-07-10 22:46:43 - INFO - Epoch: 42/300, Validation Loss: 0.4655224227315777, Accuracy: 71.11570960510433%
2024-07-10 22:46:45 - INFO - Epoch: 43/300, Training Loss: 0.4597227140130668
2024-07-10 22:46:45 - INFO - Epoch: 43/300, Validation Loss: 0.459949818450016, Accuracy: 72.41765821693396%
2024-07-10 22:46:48 - INFO - Epoch: 44/300, Training Loss: 0.4599634539669958
2024-07-10 22:46:48 - INFO - Epoch: 44/300, Validation Loss: 0.45820653766066166, Accuracy: 71.63304017934126%
2024-07-10 22:46:50 - INFO - Epoch: 45/300, Training Loss: 0.4551927426765705
2024-07-10 22:46:51 - INFO - Epoch: 45/300, Validation Loss: 0.45514704057803523, Accuracy: 71.91757199517158%
2024-07-10 22:46:53 - INFO - Epoch: 46/300, Training Loss: 0.4556212028552746
2024-07-10 22:46:54 - INFO - Epoch: 46/300, Validation Loss: 0.45227045377532205, Accuracy: 72.22797033971375%
2024-07-10 22:46:56 - INFO - Epoch: 47/300, Training Loss: 0.4513847842298705
2024-07-10 22:46:56 - INFO - Epoch: 47/300, Validation Loss: 0.4533562954965529, Accuracy: 72.02103811001896%
2024-07-10 22:46:59 - INFO - Epoch: 48/300, Training Loss: 0.45071094036102294
2024-07-10 22:46:59 - INFO - Epoch: 48/300, Validation Loss: 0.4518232966189856, Accuracy: 72.296947749612%
2024-07-10 22:47:01 - INFO - Epoch: 49/300, Training Loss: 0.4471835794531066
2024-07-10 22:47:02 - INFO - Epoch: 49/300, Validation Loss: 0.45026070043280886, Accuracy: 72.37454733574754%
2024-07-10 22:47:04 - INFO - Epoch: 50/300, Training Loss: 0.44714285254478453
2024-07-10 22:47:05 - INFO - Epoch: 50/300, Validation Loss: 0.45180231496527956, Accuracy: 72.09863769615451%
2024-07-10 22:47:07 - INFO - Epoch: 51/300, Training Loss: 0.4443348072315085
2024-07-10 22:47:07 - INFO - Epoch: 51/300, Validation Loss: 0.44880688665332374, Accuracy: 71.12433178134161%
2024-07-10 22:47:10 - INFO - Epoch: 52/300, Training Loss: 0.4413854106130271
2024-07-10 22:47:10 - INFO - Epoch: 52/300, Validation Loss: 0.44498408626724073, Accuracy: 71.36575271598551%
2024-07-10 22:47:13 - INFO - Epoch: 53/300, Training Loss: 0.4399179927233992
2024-07-10 22:47:13 - INFO - Epoch: 53/300, Validation Loss: 0.4420824669874631, Accuracy: 71.25366442490085%
2024-07-10 22:47:15 - INFO - Epoch: 54/300, Training Loss: 0.4377235462747771
2024-07-10 22:47:16 - INFO - Epoch: 54/300, Validation Loss: 0.4409041845208996, Accuracy: 70.90015519917227%
2024-07-10 22:47:18 - INFO - Epoch: 55/300, Training Loss: 0.4368767629820725
2024-07-10 22:47:18 - INFO - Epoch: 55/300, Validation Loss: 0.44091855972022803, Accuracy: 71.27953095361269%
2024-07-10 22:47:21 - INFO - Epoch: 56/300, Training Loss: 0.43608295403677844
2024-07-10 22:47:21 - INFO - Epoch: 56/300, Validation Loss: 0.4412211145345981, Accuracy: 71.5726849456803%
2024-07-10 22:47:24 - INFO - Epoch: 57/300, Training Loss: 0.4360848618375844
2024-07-10 22:47:24 - INFO - Epoch: 57/300, Validation Loss: 0.45674019789957737, Accuracy: 71.78823935161235%
2024-07-10 22:47:26 - INFO - Epoch: 58/300, Training Loss: 0.4336361993592361
2024-07-10 22:47:27 - INFO - Epoch: 58/300, Validation Loss: 0.4394297645642207, Accuracy: 71.54681841696845%
2024-07-10 22:47:29 - INFO - Epoch: 59/300, Training Loss: 0.4319097257482594
2024-07-10 22:47:29 - INFO - Epoch: 59/300, Validation Loss: 0.43783206664598906, Accuracy: 70.57251250215555%
2024-07-10 22:47:32 - INFO - Epoch: 60/300, Training Loss: 0.429245683571388
2024-07-10 22:47:32 - INFO - Epoch: 60/300, Validation Loss: 0.4414737683076125, Accuracy: 71.99517158130712%
2024-07-10 22:47:35 - INFO - Epoch: 61/300, Training Loss: 0.4290205715442526
2024-07-10 22:47:35 - INFO - Epoch: 61/300, Validation Loss: 0.43431580476053466, Accuracy: 70.891533022935%
2024-07-10 22:47:37 - INFO - Epoch: 62/300, Training Loss: 0.4278445922917333
2024-07-10 22:47:38 - INFO - Epoch: 62/300, Validation Loss: 0.4386921952386479, Accuracy: 71.46059665459562%
2024-07-10 22:47:40 - INFO - Epoch: 63/300, Training Loss: 0.42648590461961156
2024-07-10 22:47:40 - INFO - Epoch: 63/300, Validation Loss: 0.43858474558526345, Accuracy: 71.12433178134161%
2024-07-10 22:47:43 - INFO - Epoch: 64/300, Training Loss: 0.42622353220808096
2024-07-10 22:47:43 - INFO - Epoch: 64/300, Validation Loss: 0.43389014654107144, Accuracy: 71.20193136747716%
2024-07-10 22:47:46 - INFO - Epoch: 65/300, Training Loss: 0.42460205924922023
2024-07-10 22:47:46 - INFO - Epoch: 65/300, Validation Loss: 0.43134021087662205, Accuracy: 71.62441800310398%
2024-07-10 22:47:48 - INFO - Epoch: 66/300, Training Loss: 0.4231303009904664
2024-07-10 22:47:49 - INFO - Epoch: 66/300, Validation Loss: 0.43167529410713323, Accuracy: 70.65873426452836%
2024-07-10 22:47:51 - INFO - Epoch: 67/300, Training Loss: 0.422062116203637
2024-07-10 22:47:51 - INFO - Epoch: 67/300, Validation Loss: 0.4298392291907426, Accuracy: 70.99499913778237%
2024-07-10 22:47:54 - INFO - Epoch: 68/300, Training Loss: 0.4204680012423417
2024-07-10 22:47:54 - INFO - Epoch: 68/300, Validation Loss: 0.42870571930984874, Accuracy: 71.36575271598551%
2024-07-10 22:47:57 - INFO - Epoch: 69/300, Training Loss: 0.42090326553788676
2024-07-10 22:47:57 - INFO - Epoch: 69/300, Validation Loss: 0.43020052143505644, Accuracy: 70.33971374374892%
2024-07-10 22:47:59 - INFO - Epoch: 70/300, Training Loss: 0.41898914489252814
2024-07-10 22:48:00 - INFO - Epoch: 70/300, Validation Loss: 0.42686593991059524, Accuracy: 70.37420244869806%
2024-07-10 22:48:02 - INFO - Epoch: 71/300, Training Loss: 0.41783297209904113
2024-07-10 22:48:02 - INFO - Epoch: 71/300, Validation Loss: 0.4264126262821994, Accuracy: 71.41748577340921%
2024-07-10 22:48:05 - INFO - Epoch: 72/300, Training Loss: 0.41606680890609476
2024-07-10 22:48:05 - INFO - Epoch: 72/300, Validation Loss: 0.4281071784732106, Accuracy: 70.60700120710467%
2024-07-10 22:48:08 - INFO - Epoch: 73/300, Training Loss: 0.4162973621590384
2024-07-10 22:48:08 - INFO - Epoch: 73/300, Validation Loss: 0.42660613931142366, Accuracy: 70.92602172788412%
2024-07-10 22:48:10 - INFO - Epoch: 74/300, Training Loss: 0.415715125100366
2024-07-10 22:48:11 - INFO - Epoch: 74/300, Validation Loss: 0.4252577013039327, Accuracy: 71.71063976547681%
2024-07-10 22:48:13 - INFO - Epoch: 75/300, Training Loss: 0.41959427036088087
2024-07-10 22:48:13 - INFO - Epoch: 75/300, Validation Loss: 0.4308879858517385, Accuracy: 70.52940162096914%
2024-07-10 22:48:16 - INFO - Epoch: 76/300, Training Loss: 0.41357901996579666
2024-07-10 22:48:16 - INFO - Epoch: 76/300, Validation Loss: 0.44225134675974376, Accuracy: 70.7880669080876%
2024-07-10 22:48:19 - INFO - Epoch: 77/300, Training Loss: 0.4129452940513348
2024-07-10 22:48:19 - INFO - Epoch: 77/300, Validation Loss: 0.4274128413462377, Accuracy: 71.77961717537507%
2024-07-10 22:48:21 - INFO - Epoch: 78/300, Training Loss: 0.41133116111673157
2024-07-10 22:48:22 - INFO - Epoch: 78/300, Validation Loss: 0.42133654686775834, Accuracy: 70.97775478530781%
2024-07-10 22:48:24 - INFO - Epoch: 79/300, Training Loss: 0.41259178457588985
2024-07-10 22:48:24 - INFO - Epoch: 79/300, Validation Loss: 0.42048693063494924, Accuracy: 71.227797896189%
2024-07-10 22:48:27 - INFO - Epoch: 80/300, Training Loss: 0.41058734277199055
2024-07-10 22:48:27 - INFO - Epoch: 80/300, Validation Loss: 0.4347382017544338, Accuracy: 70.7880669080876%
2024-07-10 22:48:30 - INFO - Epoch: 81/300, Training Loss: 0.41382396430804813
2024-07-10 22:48:30 - INFO - Epoch: 81/300, Validation Loss: 0.4201135370102558, Accuracy: 71.1760648387653%
2024-07-10 22:48:33 - INFO - Epoch: 82/300, Training Loss: 0.4085431780486271
2024-07-10 22:48:33 - INFO - Epoch: 82/300, Validation Loss: 0.4226010739803314, Accuracy: 70.50353509225728%
2024-07-10 22:48:36 - INFO - Epoch: 83/300, Training Loss: 0.4076586870489449
2024-07-10 22:48:36 - INFO - Epoch: 83/300, Validation Loss: 0.42069833766628095, Accuracy: 70.83979996551129%
2024-07-10 22:48:38 - INFO - Epoch: 84/300, Training Loss: 0.40872855642746236
2024-07-10 22:48:39 - INFO - Epoch: 84/300, Validation Loss: 0.41829370486212303, Accuracy: 70.55526814968098%
2024-07-10 22:48:41 - INFO - Epoch: 85/300, Training Loss: 0.4070270740574804
2024-07-10 22:48:42 - INFO - Epoch: 85/300, Validation Loss: 0.4225846021384983, Accuracy: 70.32246939127435%
2024-07-10 22:48:44 - INFO - Epoch: 86/300, Training Loss: 0.40621296668874807
2024-07-10 22:48:44 - INFO - Epoch: 86/300, Validation Loss: 0.4192516646542392, Accuracy: 70.62424555957924%
2024-07-10 22:48:47 - INFO - Epoch: 87/300, Training Loss: 0.405806697771467
2024-07-10 22:48:47 - INFO - Epoch: 87/300, Validation Loss: 0.4220932091657932, Accuracy: 71.02086566649422%
2024-07-10 22:48:50 - INFO - Epoch: 88/300, Training Loss: 0.40498316026967146
2024-07-10 22:48:50 - INFO - Epoch: 88/300, Validation Loss: 0.419712490432865, Accuracy: 70.85704431798585%
2024-07-10 22:48:52 - INFO - Epoch: 89/300, Training Loss: 0.4039322927902485
2024-07-10 22:48:53 - INFO - Epoch: 89/300, Validation Loss: 0.41667065253624547, Accuracy: 70.29660286256251%
2024-07-10 22:48:55 - INFO - Epoch: 90/300, Training Loss: 0.4056171877630826
2024-07-10 22:48:55 - INFO - Epoch: 90/300, Validation Loss: 0.41917244647885415, Accuracy: 69.77065011208829%
2024-07-10 22:48:58 - INFO - Epoch: 91/300, Training Loss: 0.4033833272292696
2024-07-10 22:48:58 - INFO - Epoch: 91/300, Validation Loss: 0.42893512088518876, Accuracy: 69.52922917744439%
2024-07-10 22:49:01 - INFO - Epoch: 92/300, Training Loss: 0.40451394393526274
2024-07-10 22:49:01 - INFO - Epoch: 92/300, Validation Loss: 0.4194174207501359, Accuracy: 70.02069322296948%
2024-07-10 22:49:04 - INFO - Epoch: 93/300, Training Loss: 0.4036858120868946
2024-07-10 22:49:04 - INFO - Epoch: 93/300, Validation Loss: 0.4148614372198398, Accuracy: 69.91722710812209%
2024-07-10 22:49:06 - INFO - Epoch: 94/300, Training Loss: 0.4013529620910513
2024-07-10 22:49:07 - INFO - Epoch: 94/300, Validation Loss: 0.416798683149474, Accuracy: 70.01207104673219%
2024-07-10 22:49:09 - INFO - Epoch: 95/300, Training Loss: 0.40327675252125184
2024-07-10 22:49:10 - INFO - Epoch: 95/300, Validation Loss: 0.4171867393530332, Accuracy: 69.78789446456285%
2024-07-10 22:49:12 - INFO - Epoch: 96/300, Training Loss: 0.4012923425230487
2024-07-10 22:49:12 - INFO - Epoch: 96/300, Validation Loss: 0.4148336193718753, Accuracy: 70.06380410415589%
2024-07-10 22:49:15 - INFO - Epoch: 97/300, Training Loss: 0.39933284792406804
2024-07-10 22:49:15 - INFO - Epoch: 97/300, Validation Loss: 0.4173440679416552, Accuracy: 69.46025176754613%
2024-07-10 22:49:18 - INFO - Epoch: 98/300, Training Loss: 0.4024618520818908
2024-07-10 22:49:18 - INFO - Epoch: 98/300, Validation Loss: 0.4199776700237295, Accuracy: 68.8911881358855%
2024-07-10 22:49:20 - INFO - Epoch: 99/300, Training Loss: 0.39995538929413105
2024-07-10 22:49:21 - INFO - Epoch: 99/300, Validation Loss: 0.42235943642291396, Accuracy: 71.13295395757889%
2024-07-10 22:49:23 - INFO - Epoch: 100/300, Training Loss: 0.3989900569258065
2024-07-10 22:49:23 - INFO - Epoch: 100/300, Validation Loss: 0.4200426706900963, Accuracy: 70.26211415761338%
2024-07-10 22:49:26 - INFO - Epoch: 101/300, Training Loss: 0.4012852078881757
2024-07-10 22:49:26 - INFO - Epoch: 101/300, Validation Loss: 0.41322244016023785, Accuracy: 69.06363166063115%
2024-07-10 22:49:29 - INFO - Epoch: 102/300, Training Loss: 0.39853342627656874
2024-07-10 22:49:29 - INFO - Epoch: 102/300, Validation Loss: 0.41840947001844975, Accuracy: 70.09829280910502%
2024-07-10 22:49:32 - INFO - Epoch: 103/300, Training Loss: 0.4009621150945795
2024-07-10 22:49:32 - INFO - Epoch: 103/300, Validation Loss: 0.4165721029698194, Accuracy: 70.7880669080876%
2024-07-10 22:49:34 - INFO - Epoch: 104/300, Training Loss: 0.3988910051460924
2024-07-10 22:49:35 - INFO - Epoch: 104/300, Validation Loss: 0.42051442163986164, Accuracy: 70.92602172788412%
2024-07-10 22:49:38 - INFO - Epoch: 105/300, Training Loss: 0.39734902394228966
2024-07-10 22:49:38 - INFO - Epoch: 105/300, Validation Loss: 0.4190826661639161, Accuracy: 69.34816347646147%
2024-07-10 22:49:42 - INFO - Epoch: 106/300, Training Loss: 0.3972272060246303
2024-07-10 22:49:42 - INFO - Epoch: 106/300, Validation Loss: 0.41602496082311147, Accuracy: 69.91722710812209%
2024-07-10 22:49:46 - INFO - Epoch: 107/300, Training Loss: 0.3976989422584402
2024-07-10 22:49:46 - INFO - Epoch: 107/300, Validation Loss: 0.41392662531726965, Accuracy: 69.68442834971547%
2024-07-10 22:49:50 - INFO - Epoch: 108/300, Training Loss: 0.39675346880123535
2024-07-10 22:49:51 - INFO - Epoch: 108/300, Validation Loss: 0.4174754352687479, Accuracy: 70.47766856354544%
2024-07-10 22:49:54 - INFO - Epoch: 109/300, Training Loss: 0.39633511160982066
2024-07-10 22:49:55 - INFO - Epoch: 109/300, Validation Loss: 0.4209295467033491, Accuracy: 69.90860493188481%
2024-07-10 22:49:58 - INFO - Epoch: 110/300, Training Loss: 0.3978527701928698
2024-07-10 22:49:59 - INFO - Epoch: 110/300, Validation Loss: 0.4167709866395363, Accuracy: 69.96896016554578%
2024-07-10 22:50:02 - INFO - Epoch: 111/300, Training Loss: 0.3970523023605347
2024-07-10 22:50:03 - INFO - Epoch: 111/300, Validation Loss: 0.41429875463574795, Accuracy: 70.02931539920677%
2024-07-10 22:50:07 - INFO - Epoch: 112/300, Training Loss: 0.3959073633572151
2024-07-10 22:50:07 - INFO - Epoch: 112/300, Validation Loss: 0.41143267577166087, Accuracy: 70.86566649422315%
2024-07-10 22:50:11 - INFO - Epoch: 113/300, Training Loss: 0.3959204565656596
2024-07-10 22:50:11 - INFO - Epoch: 113/300, Validation Loss: 0.41546840572750177, Accuracy: 69.26194171408864%
2024-07-10 22:50:15 - INFO - Epoch: 114/300, Training Loss: 0.39507153416502067
2024-07-10 22:50:15 - INFO - Epoch: 114/300, Validation Loss: 0.4206119233762825, Accuracy: 69.24469736161407%
2024-07-10 22:50:19 - INFO - Epoch: 115/300, Training Loss: 0.3955296929540305
2024-07-10 22:50:20 - INFO - Epoch: 115/300, Validation Loss: 0.4171686318221983, Accuracy: 70.29660286256251%
2024-07-10 22:50:23 - INFO - Epoch: 116/300, Training Loss: 0.39372150347150603
2024-07-10 22:50:24 - INFO - Epoch: 116/300, Validation Loss: 0.4197852136669578, Accuracy: 71.04673219520608%
2024-07-10 22:50:27 - INFO - Epoch: 117/300, Training Loss: 0.3975010675191879
2024-07-10 22:50:28 - INFO - Epoch: 117/300, Validation Loss: 0.41944338037417483, Accuracy: 71.11570960510433%
2024-07-10 22:50:32 - INFO - Epoch: 118/300, Training Loss: 0.3976645324559047
2024-07-10 22:50:32 - INFO - Epoch: 118/300, Validation Loss: 0.41627721062728335, Accuracy: 70.18451457147783%
2024-07-10 22:50:36 - INFO - Epoch: 119/300, Training Loss: 0.3983524332375362
2024-07-10 22:50:36 - INFO - Epoch: 119/300, Validation Loss: 0.41762521175237804, Accuracy: 70.21900327642697%
2024-07-10 22:50:40 - INFO - Epoch: 120/300, Training Loss: 0.39402229391295335
2024-07-10 22:50:40 - INFO - Epoch: 120/300, Validation Loss: 0.4169328428886749, Accuracy: 69.62407311605449%
2024-07-10 22:50:44 - INFO - Epoch: 121/300, Training Loss: 0.39429931751612957
2024-07-10 22:50:45 - INFO - Epoch: 121/300, Validation Loss: 0.4108043738773891, Accuracy: 69.44300741507156%
2024-07-10 22:50:48 - INFO - Epoch: 122/300, Training Loss: 0.3931849251533377
2024-07-10 22:50:49 - INFO - Epoch: 122/300, Validation Loss: 0.41807252643527565, Accuracy: 69.5723400586308%
2024-07-10 22:50:52 - INFO - Epoch: 123/300, Training Loss: 0.39491289052469974
2024-07-10 22:50:53 - INFO - Epoch: 123/300, Validation Loss: 0.41840493302423876, Accuracy: 68.88256595964822%
2024-07-10 22:50:56 - INFO - Epoch: 124/300, Training Loss: 0.39479025417360764
2024-07-10 22:50:57 - INFO - Epoch: 124/300, Validation Loss: 0.41609207483438343, Accuracy: 69.31367477151232%
2024-07-10 22:51:01 - INFO - Epoch: 125/300, Training Loss: 0.392677564703185
2024-07-10 22:51:01 - INFO - Epoch: 125/300, Validation Loss: 0.41910049352017076, Accuracy: 69.52922917744439%
2024-07-10 22:51:05 - INFO - Epoch: 126/300, Training Loss: 0.39226538263518235
2024-07-10 22:51:05 - INFO - Epoch: 126/300, Validation Loss: 0.41540769135558997, Accuracy: 69.1326090705294%
2024-07-10 22:51:09 - INFO - Epoch: 127/300, Training Loss: 0.39125113754436885
2024-07-10 22:51:09 - INFO - Epoch: 127/300, Validation Loss: 0.4113450058541455, Accuracy: 69.39127435764787%
2024-07-10 22:51:13 - INFO - Epoch: 128/300, Training Loss: 0.3924877116803465
2024-07-10 22:51:14 - INFO - Epoch: 128/300, Validation Loss: 0.4100438231950278, Accuracy: 69.74478358337645%
2024-07-10 22:51:17 - INFO - Epoch: 129/300, Training Loss: 0.3919169444051282
2024-07-10 22:51:18 - INFO - Epoch: 129/300, Validation Loss: 0.41612338348404393, Accuracy: 69.53785135368167%
2024-07-10 22:51:21 - INFO - Epoch: 130/300, Training Loss: 0.38968607220156437
2024-07-10 22:51:22 - INFO - Epoch: 130/300, Validation Loss: 0.4123310420539353, Accuracy: 69.1326090705294%
2024-07-10 22:51:25 - INFO - Epoch: 131/300, Training Loss: 0.3906548609815795
2024-07-10 22:51:26 - INFO - Epoch: 131/300, Validation Loss: 0.41412898570626644, Accuracy: 70.60700120710467%
2024-07-10 22:51:30 - INFO - Epoch: 132/300, Training Loss: 0.39272965275008104
2024-07-10 22:51:30 - INFO - Epoch: 132/300, Validation Loss: 0.41839717705171187, Accuracy: 69.2791860665632%
2024-07-10 22:51:34 - INFO - Epoch: 133/300, Training Loss: 0.3896540706322111
2024-07-10 22:51:34 - INFO - Epoch: 133/300, Validation Loss: 0.41106018391284316, Accuracy: 68.68425590619073%
2024-07-10 22:51:38 - INFO - Epoch: 134/300, Training Loss: 0.39111976487883204
2024-07-10 22:51:38 - INFO - Epoch: 134/300, Validation Loss: 0.4093844269985681, Accuracy: 68.93429901707191%
2024-07-10 22:51:42 - INFO - Epoch: 135/300, Training Loss: 0.39151437537423495
2024-07-10 22:51:43 - INFO - Epoch: 135/300, Validation Loss: 0.40789762221194886, Accuracy: 69.15847559924124%
2024-07-10 22:51:46 - INFO - Epoch: 136/300, Training Loss: 0.3897758756012752
2024-07-10 22:51:47 - INFO - Epoch: 136/300, Validation Loss: 0.41032784980732007, Accuracy: 68.75323331608898%
2024-07-10 22:51:50 - INFO - Epoch: 137/300, Training Loss: 0.3888374947679454
2024-07-10 22:51:51 - INFO - Epoch: 137/300, Validation Loss: 0.40805826180583826, Accuracy: 69.14123124676668%
2024-07-10 22:51:54 - INFO - Epoch: 138/300, Training Loss: 0.39058790517264397
2024-07-10 22:51:55 - INFO - Epoch: 138/300, Validation Loss: 0.4148814085420671, Accuracy: 68.56354543886877%
2024-07-10 22:51:59 - INFO - Epoch: 139/300, Training Loss: 0.3904923776511488
2024-07-10 22:51:59 - INFO - Epoch: 139/300, Validation Loss: 0.4103955646137615, Accuracy: 69.47749612002069%
2024-07-10 22:52:03 - INFO - Epoch: 140/300, Training Loss: 0.3883186496126241
2024-07-10 22:52:03 - INFO - Epoch: 140/300, Validation Loss: 0.4124783416698267, Accuracy: 69.67580617347818%
2024-07-10 22:52:07 - INFO - Epoch: 141/300, Training Loss: 0.3882872112866106
2024-07-10 22:52:07 - INFO - Epoch: 141/300, Validation Loss: 0.40959081381231877, Accuracy: 70.23624762890154%
2024-07-10 22:52:11 - INFO - Epoch: 142/300, Training Loss: 0.39365025189416164
2024-07-10 22:52:11 - INFO - Epoch: 142/300, Validation Loss: 0.40986589514292204, Accuracy: 69.44300741507156%
2024-07-10 22:52:15 - INFO - Epoch: 143/300, Training Loss: 0.3923707102907115
2024-07-10 22:52:16 - INFO - Epoch: 143/300, Validation Loss: 0.4091845208799446, Accuracy: 69.23607518537679%
2024-07-10 22:52:19 - INFO - Epoch: 144/300, Training Loss: 0.3880939202678615
2024-07-10 22:52:20 - INFO - Epoch: 144/300, Validation Loss: 0.40905779616518334, Accuracy: 68.79634419727539%
2024-07-10 22:52:23 - INFO - Epoch: 145/300, Training Loss: 0.3889220484782909
2024-07-10 22:52:24 - INFO - Epoch: 145/300, Validation Loss: 0.4141867648769211, Accuracy: 68.79634419727539%
2024-07-10 22:52:28 - INFO - Epoch: 146/300, Training Loss: 0.3898336533431349
2024-07-10 22:52:28 - INFO - Epoch: 146/300, Validation Loss: 0.41040443244216207, Accuracy: 69.76202793585101%
2024-07-10 22:52:32 - INFO - Epoch: 147/300, Training Loss: 0.387382952303722
2024-07-10 22:52:32 - INFO - Epoch: 147/300, Validation Loss: 0.4108641065739013, Accuracy: 68.95154336954647%
2024-07-10 22:52:36 - INFO - Epoch: 148/300, Training Loss: 0.3877920700352767
2024-07-10 22:52:36 - INFO - Epoch: 148/300, Validation Loss: 0.41682414874270723, Accuracy: 68.92567684083463%
2024-07-10 22:52:40 - INFO - Epoch: 149/300, Training Loss: 0.3861132821132397
2024-07-10 22:52:41 - INFO - Epoch: 149/300, Validation Loss: 0.4081647459949766, Accuracy: 69.72753923090188%
2024-07-10 22:52:44 - INFO - Epoch: 150/300, Training Loss: 0.3866967445817487
2024-07-10 22:52:45 - INFO - Epoch: 150/300, Validation Loss: 0.420802272610612, Accuracy: 68.77909984480083%
2024-07-10 22:52:49 - INFO - Epoch: 151/300, Training Loss: 0.3871809841435531
2024-07-10 22:52:49 - INFO - Epoch: 151/300, Validation Loss: 0.40913574135565495, Accuracy: 68.99465425073288%
2024-07-10 22:52:53 - INFO - Epoch: 152/300, Training Loss: 0.3872965366675936
2024-07-10 22:52:53 - INFO - Epoch: 152/300, Validation Loss: 0.415645535666864, Accuracy: 69.14985342300396%
2024-07-10 22:52:56 - INFO - Epoch: 153/300, Training Loss: 0.3842209071126477
2024-07-10 22:52:56 - INFO - Epoch: 153/300, Validation Loss: 0.42203206069521854, Accuracy: 70.29660286256251%
2024-07-10 22:52:58 - INFO - Epoch: 154/300, Training Loss: 0.3871788772015736
2024-07-10 22:52:59 - INFO - Epoch: 154/300, Validation Loss: 0.4153308791446162, Accuracy: 69.05500948439386%
2024-07-10 22:53:01 - INFO - Epoch: 155/300, Training Loss: 0.3870756992389416
2024-07-10 22:53:02 - INFO - Epoch: 155/300, Validation Loss: 0.41468721677313797, Accuracy: 68.77047766856354%
2024-07-10 22:53:04 - INFO - Epoch: 156/300, Training Loss: 0.3902866198276651
2024-07-10 22:53:04 - INFO - Epoch: 156/300, Validation Loss: 0.4087501950971373, Accuracy: 69.04638730815658%
2024-07-10 22:53:07 - INFO - Epoch: 157/300, Training Loss: 0.3850971491377929
2024-07-10 22:53:07 - INFO - Epoch: 157/300, Validation Loss: 0.40637867267315203, Accuracy: 69.83962752198654%
2024-07-10 22:53:10 - INFO - Epoch: 158/300, Training Loss: 0.3842119680396442
2024-07-10 22:53:10 - INFO - Epoch: 158/300, Validation Loss: 0.4066437140598402, Accuracy: 69.27056389032592%
2024-07-10 22:53:13 - INFO - Epoch: 159/300, Training Loss: 0.3860090083089368
2024-07-10 22:53:13 - INFO - Epoch: 159/300, Validation Loss: 0.4073023851756211, Accuracy: 68.83945507846181%
2024-07-10 22:53:15 - INFO - Epoch: 160/300, Training Loss: 0.38658244042560974
2024-07-10 22:53:16 - INFO - Epoch: 160/300, Validation Loss: 0.4080664682519305, Accuracy: 68.85669943093637%
2024-07-10 22:53:18 - INFO - Epoch: 161/300, Training Loss: 0.38455296824718344
2024-07-10 22:53:19 - INFO - Epoch: 161/300, Validation Loss: 0.4080410986156254, Accuracy: 69.07225383686843%
2024-07-10 22:53:21 - INFO - Epoch: 162/300, Training Loss: 0.3865446009307072
2024-07-10 22:53:21 - INFO - Epoch: 162/300, Validation Loss: 0.4105009320345554, Accuracy: 68.63252284876702%
2024-07-10 22:53:24 - INFO - Epoch: 163/300, Training Loss: 0.386107375580689
2024-07-10 22:53:24 - INFO - Epoch: 163/300, Validation Loss: 0.40575512850677575, Accuracy: 70.2103811001897%
2024-07-10 22:53:27 - INFO - Epoch: 164/300, Training Loss: 0.3844393136377992
2024-07-10 22:53:27 - INFO - Epoch: 164/300, Validation Loss: 0.40846399258781263, Accuracy: 68.40834626659769%
2024-07-10 22:53:30 - INFO - Epoch: 165/300, Training Loss: 0.38491898803875363
2024-07-10 22:53:30 - INFO - Epoch: 165/300, Validation Loss: 0.41517271740095957, Accuracy: 68.93429901707191%
2024-07-10 22:53:33 - INFO - Epoch: 166/300, Training Loss: 0.3851169164016329
2024-07-10 22:53:33 - INFO - Epoch: 166/300, Validation Loss: 0.410006487926284, Accuracy: 69.1843421279531%
2024-07-10 22:53:35 - INFO - Epoch: 167/300, Training Loss: 0.38505548415512875
2024-07-10 22:53:36 - INFO - Epoch: 167/300, Validation Loss: 0.40686030505777715, Accuracy: 68.9860320744956%
2024-07-10 22:53:38 - INFO - Epoch: 168/300, Training Loss: 0.38446705534540376
2024-07-10 22:53:38 - INFO - Epoch: 168/300, Validation Loss: 0.40744688386445516, Accuracy: 69.46025176754613%
2024-07-10 22:53:41 - INFO - Epoch: 169/300, Training Loss: 0.384201210017862
2024-07-10 22:53:41 - INFO - Epoch: 169/300, Validation Loss: 0.4062906402152973, Accuracy: 69.10674254181755%
2024-07-10 22:53:44 - INFO - Epoch: 170/300, Training Loss: 0.38418259939243055
2024-07-10 22:53:44 - INFO - Epoch: 170/300, Validation Loss: 0.40384150452011236, Accuracy: 68.8911881358855%
2024-07-10 22:53:47 - INFO - Epoch: 171/300, Training Loss: 0.3839891343692253
2024-07-10 22:53:47 - INFO - Epoch: 171/300, Validation Loss: 0.40835149635325424, Accuracy: 69.0377651319193%
2024-07-10 22:53:49 - INFO - Epoch: 172/300, Training Loss: 0.38353631048366943
2024-07-10 22:53:50 - INFO - Epoch: 172/300, Validation Loss: 0.41004724423963945, Accuracy: 68.8911881358855%
2024-07-10 22:53:52 - INFO - Epoch: 173/300, Training Loss: 0.38206472826415094
2024-07-10 22:53:52 - INFO - Epoch: 173/300, Validation Loss: 0.41944562406330316, Accuracy: 68.94292119330919%
2024-07-10 22:53:55 - INFO - Epoch: 174/300, Training Loss: 0.3825775313788447
2024-07-10 22:53:55 - INFO - Epoch: 174/300, Validation Loss: 0.41084006821716224, Accuracy: 69.21883083290223%
2024-07-10 22:53:57 - INFO - Epoch: 175/300, Training Loss: 0.38309530418494653
2024-07-10 22:53:58 - INFO - Epoch: 175/300, Validation Loss: 0.4042261495040013, Accuracy: 69.425763062597%
2024-07-10 22:54:00 - INFO - Epoch: 176/300, Training Loss: 0.38341171692157616
2024-07-10 22:54:00 - INFO - Epoch: 176/300, Validation Loss: 0.40451398671983363, Accuracy: 70.07242628039317%
2024-07-10 22:54:02 - INFO - Epoch: 177/300, Training Loss: 0.3806641648350091
2024-07-10 22:54:02 - INFO - Epoch: 177/300, Validation Loss: 0.40873741235706834, Accuracy: 69.27056389032592%
2024-07-10 22:54:04 - INFO - Epoch: 178/300, Training Loss: 0.3831064102567475
2024-07-10 22:54:05 - INFO - Epoch: 178/300, Validation Loss: 0.4083765550301625, Accuracy: 69.02052077944474%
2024-07-10 22:54:07 - INFO - Epoch: 179/300, Training Loss: 0.3823245285708329
2024-07-10 22:54:07 - INFO - Epoch: 179/300, Validation Loss: 0.40430975664447955, Accuracy: 69.43438523883428%
2024-07-10 22:54:09 - INFO - Epoch: 180/300, Training Loss: 0.3818852256084311
2024-07-10 22:54:09 - INFO - Epoch: 180/300, Validation Loss: 0.4028677971480967, Accuracy: 69.06363166063115%
2024-07-10 22:54:12 - INFO - Epoch: 181/300, Training Loss: 0.38135486000570756
2024-07-10 22:54:12 - INFO - Epoch: 181/300, Validation Loss: 0.40381936516080585, Accuracy: 68.68425590619073%
2024-07-10 22:54:15 - INFO - Epoch: 182/300, Training Loss: 0.38231693664501454
2024-07-10 22:54:15 - INFO - Epoch: 182/300, Validation Loss: 0.4055339671098269, Accuracy: 68.86532160717366%
2024-07-10 22:54:18 - INFO - Epoch: 183/300, Training Loss: 0.37939314073529734
2024-07-10 22:54:18 - INFO - Epoch: 183/300, Validation Loss: 0.4118683082716806, Accuracy: 69.65856182100362%
2024-07-10 22:54:21 - INFO - Epoch: 184/300, Training Loss: 0.38335524542578336
2024-07-10 22:54:21 - INFO - Epoch: 184/300, Validation Loss: 0.4093090823063484, Accuracy: 69.41714088635972%
2024-07-10 22:54:24 - INFO - Epoch: 185/300, Training Loss: 0.380753212941104
2024-07-10 22:54:24 - INFO - Epoch: 185/300, Validation Loss: 0.405438075026313, Accuracy: 71.18468701500258%
2024-07-10 22:54:27 - INFO - Epoch: 186/300, Training Loss: 0.3794808527518963
2024-07-10 22:54:27 - INFO - Epoch: 186/300, Validation Loss: 0.406111316039012, Accuracy: 70.26211415761338%
2024-07-10 22:54:29 - INFO - Epoch: 187/300, Training Loss: 0.37874201310092004
2024-07-10 22:54:30 - INFO - Epoch: 187/300, Validation Loss: 0.4083017788745545, Accuracy: 68.86532160717366%
2024-07-10 22:54:32 - INFO - Epoch: 188/300, Training Loss: 0.38050277087195167
2024-07-10 22:54:33 - INFO - Epoch: 188/300, Validation Loss: 0.4063989254799518, Accuracy: 69.0377651319193%
2024-07-10 22:54:35 - INFO - Epoch: 189/300, Training Loss: 0.3785335255491322
2024-07-10 22:54:36 - INFO - Epoch: 189/300, Validation Loss: 0.407771382685546, Accuracy: 69.52922917744439%
2024-07-10 22:54:38 - INFO - Epoch: 190/300, Training Loss: 0.37914645803385766
2024-07-10 22:54:38 - INFO - Epoch: 190/300, Validation Loss: 0.4022445663973525, Accuracy: 70.80531126056216%
2024-07-10 22:54:41 - INFO - Epoch: 191/300, Training Loss: 0.37699332124200363
2024-07-10 22:54:41 - INFO - Epoch: 191/300, Validation Loss: 0.4116523141389365, Accuracy: 68.95154336954647%
2024-07-10 22:54:44 - INFO - Epoch: 192/300, Training Loss: 0.3790140918616591
2024-07-10 22:54:44 - INFO - Epoch: 192/300, Validation Loss: 0.39989845094444987, Accuracy: 69.3222969477496%
2024-07-10 22:54:47 - INFO - Epoch: 193/300, Training Loss: 0.37759374593866285
2024-07-10 22:54:47 - INFO - Epoch: 193/300, Validation Loss: 0.4050052244584639, Accuracy: 69.21883083290223%
2024-07-10 22:54:50 - INFO - Epoch: 194/300, Training Loss: 0.38080683938388166
2024-07-10 22:54:50 - INFO - Epoch: 194/300, Validation Loss: 0.39959538457812843, Accuracy: 68.84807725469909%
2024-07-10 22:54:53 - INFO - Epoch: 195/300, Training Loss: 0.37692169785499574
2024-07-10 22:54:53 - INFO - Epoch: 195/300, Validation Loss: 0.4035678022837901, Accuracy: 69.89998275564753%
2024-07-10 22:54:55 - INFO - Epoch: 196/300, Training Loss: 0.38049955425591303
2024-07-10 22:54:56 - INFO - Epoch: 196/300, Validation Loss: 0.40500453261883707, Accuracy: 69.75340575961373%
2024-07-10 22:54:58 - INFO - Epoch: 197/300, Training Loss: 0.37766786776739975
2024-07-10 22:54:59 - INFO - Epoch: 197/300, Validation Loss: 0.4034764106784548, Accuracy: 69.36540782893603%
2024-07-10 22:55:01 - INFO - Epoch: 198/300, Training Loss: 0.3775947797298431
2024-07-10 22:55:01 - INFO - Epoch: 198/300, Validation Loss: 0.40182036554420386, Accuracy: 69.48611829625797%
2024-07-10 22:55:04 - INFO - Epoch: 199/300, Training Loss: 0.3795666756506624
2024-07-10 22:55:04 - INFO - Epoch: 199/300, Validation Loss: 0.40385079089101855, Accuracy: 69.40851871012244%
2024-07-10 22:55:07 - INFO - Epoch: 200/300, Training Loss: 0.37806695074870666
2024-07-10 22:55:07 - INFO - Epoch: 200/300, Validation Loss: 0.4082963193183417, Accuracy: 68.83945507846181%
2024-07-10 22:55:10 - INFO - Epoch: 201/300, Training Loss: 0.37930024243634325
2024-07-10 22:55:10 - INFO - Epoch: 201/300, Validation Loss: 0.40594200839053146, Accuracy: 69.3222969477496%
2024-07-10 22:55:13 - INFO - Epoch: 202/300, Training Loss: 0.3772615533450554
2024-07-10 22:55:13 - INFO - Epoch: 202/300, Validation Loss: 0.4123899802401826, Accuracy: 69.20158648042766%
2024-07-10 22:55:16 - INFO - Epoch: 203/300, Training Loss: 0.378263474004022
2024-07-10 22:55:16 - INFO - Epoch: 203/300, Validation Loss: 0.40993159943884544, Accuracy: 68.52043455768236%
2024-07-10 22:55:18 - INFO - Epoch: 204/300, Training Loss: 0.37641542126392497
2024-07-10 22:55:19 - INFO - Epoch: 204/300, Validation Loss: 0.4197410950948904, Accuracy: 69.89998275564753%
2024-07-10 22:55:21 - INFO - Epoch: 205/300, Training Loss: 0.3772683516247519
2024-07-10 22:55:22 - INFO - Epoch: 205/300, Validation Loss: 0.40382790450866407, Accuracy: 69.07225383686843%
2024-07-10 22:55:24 - INFO - Epoch: 206/300, Training Loss: 0.37660370886325834
2024-07-10 22:55:25 - INFO - Epoch: 206/300, Validation Loss: 0.41216291126969096, Accuracy: 68.81358854974995%
2024-07-10 22:55:27 - INFO - Epoch: 207/300, Training Loss: 0.3759141618835515
2024-07-10 22:55:27 - INFO - Epoch: 207/300, Validation Loss: 0.40540362665286434, Accuracy: 69.22745300913951%
2024-07-10 22:55:30 - INFO - Epoch: 208/300, Training Loss: 0.37909756572082126
2024-07-10 22:55:30 - INFO - Epoch: 208/300, Validation Loss: 0.40790890599345114, Accuracy: 69.8137609932747%
2024-07-10 22:55:33 - INFO - Epoch: 209/300, Training Loss: 0.37890237499927654
2024-07-10 22:55:33 - INFO - Epoch: 209/300, Validation Loss: 0.4108427569761381, Accuracy: 68.8911881358855%
2024-07-10 22:55:36 - INFO - Epoch: 210/300, Training Loss: 0.37592815131976687
2024-07-10 22:55:36 - INFO - Epoch: 210/300, Validation Loss: 0.4132878749252676, Accuracy: 70.27073633385066%
2024-07-10 22:55:39 - INFO - Epoch: 211/300, Training Loss: 0.3758271687400752
2024-07-10 22:55:39 - INFO - Epoch: 211/300, Validation Loss: 0.40187348343513823, Accuracy: 68.95154336954647%
2024-07-10 22:55:41 - INFO - Epoch: 212/300, Training Loss: 0.375953574242263
2024-07-10 22:55:42 - INFO - Epoch: 212/300, Validation Loss: 0.4138498162175273, Accuracy: 69.70167270219004%
2024-07-10 22:55:44 - INFO - Epoch: 213/300, Training Loss: 0.3749260234216164
2024-07-10 22:55:45 - INFO - Epoch: 213/300, Validation Loss: 0.4060484937259129, Accuracy: 69.06363166063115%
2024-07-10 22:55:47 - INFO - Epoch: 214/300, Training Loss: 0.3763312971386416
2024-07-10 22:55:47 - INFO - Epoch: 214/300, Validation Loss: 0.41585586457462104, Accuracy: 68.91705466459734%
2024-07-10 22:55:50 - INFO - Epoch: 215/300, Training Loss: 0.37539647895714334
2024-07-10 22:55:50 - INFO - Epoch: 215/300, Validation Loss: 0.42086887523368166, Accuracy: 70.42593550612175%
2024-07-10 22:55:53 - INFO - Epoch: 216/300, Training Loss: 0.3770223572952994
2024-07-10 22:55:53 - INFO - Epoch: 216/300, Validation Loss: 0.4176964589527675, Accuracy: 69.51198482496983%
2024-07-10 22:55:56 - INFO - Epoch: 217/300, Training Loss: 0.3768296853838296
2024-07-10 22:55:56 - INFO - Epoch: 217/300, Validation Loss: 0.4106424735797631, Accuracy: 69.00327642697016%
2024-07-10 22:55:59 - INFO - Epoch: 218/300, Training Loss: 0.37476543636157594
2024-07-10 22:55:59 - INFO - Epoch: 218/300, Validation Loss: 0.41913020070437546, Accuracy: 68.7446111398517%
2024-07-10 22:56:01 - INFO - Epoch: 219/300, Training Loss: 0.3766530558158611
2024-07-10 22:56:02 - INFO - Epoch: 219/300, Validation Loss: 0.405173672915815, Accuracy: 69.61545093981721%
2024-07-10 22:56:04 - INFO - Epoch: 220/300, Training Loss: 0.37442421896704314
2024-07-10 22:56:05 - INFO - Epoch: 220/300, Validation Loss: 0.4053753057678977, Accuracy: 68.99465425073288%
2024-07-10 22:56:07 - INFO - Epoch: 221/300, Training Loss: 0.3766194916388084
2024-07-10 22:56:07 - INFO - Epoch: 221/300, Validation Loss: 0.404009481380274, Accuracy: 68.86532160717366%
2024-07-10 22:56:10 - INFO - Epoch: 222/300, Training Loss: 0.37596983841780957
2024-07-10 22:56:10 - INFO - Epoch: 222/300, Validation Loss: 0.4048589212553842, Accuracy: 69.56371788239352%
2024-07-10 22:56:13 - INFO - Epoch: 223/300, Training Loss: 0.37368409288340604
2024-07-10 22:56:13 - INFO - Epoch: 223/300, Validation Loss: 0.41304186821638883, Accuracy: 69.37403000517331%
2024-07-10 22:56:16 - INFO - Epoch: 224/300, Training Loss: 0.37332681127663314
2024-07-10 22:56:16 - INFO - Epoch: 224/300, Validation Loss: 0.40725417795417074, Accuracy: 69.02914295568202%
2024-07-10 22:56:19 - INFO - Epoch: 225/300, Training Loss: 0.375742966203854
2024-07-10 22:56:19 - INFO - Epoch: 225/300, Validation Loss: 0.3984385512687348, Accuracy: 69.02052077944474%
2024-07-10 22:56:22 - INFO - Epoch: 226/300, Training Loss: 0.3729845352008425
2024-07-10 22:56:22 - INFO - Epoch: 226/300, Validation Loss: 0.4214703782901659, Accuracy: 69.39127435764787%
2024-07-10 22:56:24 - INFO - Epoch: 227/300, Training Loss: 0.37664586007595063
2024-07-10 22:56:25 - INFO - Epoch: 227/300, Validation Loss: 0.4044699151437361, Accuracy: 69.10674254181755%
2024-07-10 22:56:27 - INFO - Epoch: 228/300, Training Loss: 0.3763221759015116
2024-07-10 22:56:28 - INFO - Epoch: 228/300, Validation Loss: 0.44241179394852986, Accuracy: 69.27056389032592%
2024-07-10 22:56:30 - INFO - Epoch: 229/300, Training Loss: 0.373300606998904
2024-07-10 22:56:30 - INFO - Epoch: 229/300, Validation Loss: 0.4027963197165793, Accuracy: 68.84807725469909%
2024-07-10 22:56:33 - INFO - Epoch: 230/300, Training Loss: 0.3736871642490913
2024-07-10 22:56:33 - INFO - Epoch: 230/300, Validation Loss: 0.41183140644660365, Accuracy: 69.36540782893603%
2024-07-10 22:56:36 - INFO - Epoch: 231/300, Training Loss: 0.37367291656033746
2024-07-10 22:56:36 - INFO - Epoch: 231/300, Validation Loss: 0.4173802111175034, Accuracy: 69.51198482496983%
2024-07-10 22:56:39 - INFO - Epoch: 232/300, Training Loss: 0.37557643290223747
2024-07-10 22:56:39 - INFO - Epoch: 232/300, Validation Loss: 0.40357117698742795, Accuracy: 69.46887394378341%
2024-07-10 22:56:42 - INFO - Epoch: 233/300, Training Loss: 0.37391901863032373
2024-07-10 22:56:42 - INFO - Epoch: 233/300, Validation Loss: 0.40192983471430266, Accuracy: 69.58958441110536%
2024-07-10 22:56:45 - INFO - Epoch: 234/300, Training Loss: 0.37367044683160455
2024-07-10 22:56:45 - INFO - Epoch: 234/300, Validation Loss: 0.4047365195148594, Accuracy: 68.9860320744956%
2024-07-10 22:56:47 - INFO - Epoch: 235/300, Training Loss: 0.3749832690995315
2024-07-10 22:56:48 - INFO - Epoch: 235/300, Validation Loss: 0.40633496478363706, Accuracy: 69.16709777547852%
2024-07-10 22:56:50 - INFO - Epoch: 236/300, Training Loss: 0.37245156602612856
2024-07-10 22:56:51 - INFO - Epoch: 236/300, Validation Loss: 0.4083211512028516, Accuracy: 68.62390067252974%
2024-07-10 22:56:53 - INFO - Epoch: 237/300, Training Loss: 0.37173281053016927
2024-07-10 22:56:53 - INFO - Epoch: 237/300, Validation Loss: 0.40042439905496746, Accuracy: 68.58941196758062%
2024-07-10 22:56:56 - INFO - Epoch: 238/300, Training Loss: 0.37291504263877867
2024-07-10 22:56:56 - INFO - Epoch: 238/300, Validation Loss: 0.40718739733591186, Accuracy: 69.14985342300396%
2024-07-10 22:56:59 - INFO - Epoch: 239/300, Training Loss: 0.3734561772593136
2024-07-10 22:56:59 - INFO - Epoch: 239/300, Validation Loss: 0.40393467525859456, Accuracy: 68.88256595964822%
2024-07-10 22:57:02 - INFO - Epoch: 240/300, Training Loss: 0.3722827975092263
2024-07-10 22:57:02 - INFO - Epoch: 240/300, Validation Loss: 0.4133876853591793, Accuracy: 69.01189860320746%
2024-07-10 22:57:05 - INFO - Epoch: 241/300, Training Loss: 0.3776582933294362
2024-07-10 22:57:05 - INFO - Epoch: 241/300, Validation Loss: 0.40635782103617113, Accuracy: 69.61545093981721%
2024-07-10 22:57:08 - INFO - Epoch: 242/300, Training Loss: 0.3739538498788044
2024-07-10 22:57:08 - INFO - Epoch: 242/300, Validation Loss: 0.4093242477584671, Accuracy: 68.83083290222451%
2024-07-10 22:57:11 - INFO - Epoch: 243/300, Training Loss: 0.3705852199217369
2024-07-10 22:57:11 - INFO - Epoch: 243/300, Validation Loss: 0.41171765147329686, Accuracy: 68.44283497154682%
2024-07-10 22:57:13 - INFO - Epoch: 244/300, Training Loss: 0.3730669713431391
2024-07-10 22:57:14 - INFO - Epoch: 244/300, Validation Loss: 0.4055258728318162, Accuracy: 68.53767891015693%
2024-07-10 22:57:16 - INFO - Epoch: 245/300, Training Loss: 0.3701880387191115
2024-07-10 22:57:17 - INFO - Epoch: 245/300, Validation Loss: 0.40989130358774584, Accuracy: 68.64976720124159%
2024-07-10 22:57:19 - INFO - Epoch: 246/300, Training Loss: 0.3728254442173859
2024-07-10 22:57:19 - INFO - Epoch: 246/300, Validation Loss: 0.4188207826771579, Accuracy: 68.92567684083463%
2024-07-10 22:57:22 - INFO - Epoch: 247/300, Training Loss: 0.37459482209435824
2024-07-10 22:57:22 - INFO - Epoch: 247/300, Validation Loss: 0.4134303801334821, Accuracy: 68.86532160717366%
2024-07-10 22:57:25 - INFO - Epoch: 248/300, Training Loss: 0.3732962085049728
2024-07-10 22:57:25 - INFO - Epoch: 248/300, Validation Loss: 0.412531560921407, Accuracy: 68.79634419727539%
2024-07-10 22:57:28 - INFO - Epoch: 249/300, Training Loss: 0.3741154867616193
2024-07-10 22:57:28 - INFO - Epoch: 249/300, Validation Loss: 0.4079898782483824, Accuracy: 69.43438523883428%
2024-07-10 22:57:31 - INFO - Epoch: 250/300, Training Loss: 0.3716479331460492
2024-07-10 22:57:31 - INFO - Epoch: 250/300, Validation Loss: 0.41495418090086716, Accuracy: 70.17589239524055%
2024-07-10 22:57:34 - INFO - Epoch: 251/300, Training Loss: 0.3742956513577494
2024-07-10 22:57:34 - INFO - Epoch: 251/300, Validation Loss: 0.4079106063633175, Accuracy: 68.75323331608898%
2024-07-10 22:57:36 - INFO - Epoch: 252/300, Training Loss: 0.3699792440389765
2024-07-10 22:57:37 - INFO - Epoch: 252/300, Validation Loss: 0.4167443151984896, Accuracy: 68.66701155371616%
2024-07-10 22:57:39 - INFO - Epoch: 253/300, Training Loss: 0.37167323455728335
2024-07-10 22:57:40 - INFO - Epoch: 253/300, Validation Loss: 0.4105049070421156, Accuracy: 68.86532160717366%
2024-07-10 22:57:42 - INFO - Epoch: 254/300, Training Loss: 0.37235091826011396
2024-07-10 22:57:42 - INFO - Epoch: 254/300, Validation Loss: 0.4097750710917043, Accuracy: 69.29643041903776%
2024-07-10 22:57:45 - INFO - Epoch: 255/300, Training Loss: 0.3721278696841207
2024-07-10 22:57:45 - INFO - Epoch: 255/300, Validation Loss: 0.42607375979423523, Accuracy: 68.86532160717366%
2024-07-10 22:57:48 - INFO - Epoch: 256/300, Training Loss: 0.374362869180482
2024-07-10 22:57:48 - INFO - Epoch: 256/300, Validation Loss: 0.40496418797052824, Accuracy: 69.425763062597%
2024-07-10 22:57:51 - INFO - Epoch: 257/300, Training Loss: 0.3703890405646686
2024-07-10 22:57:51 - INFO - Epoch: 257/300, Validation Loss: 0.4048718083035815, Accuracy: 68.67563372995345%
2024-07-10 22:57:54 - INFO - Epoch: 258/300, Training Loss: 0.3736402672940287
2024-07-10 22:57:54 - INFO - Epoch: 258/300, Validation Loss: 0.40303058807666486, Accuracy: 69.14123124676668%
2024-07-10 22:57:57 - INFO - Epoch: 259/300, Training Loss: 0.37245972725851784
2024-07-10 22:57:57 - INFO - Epoch: 259/300, Validation Loss: 0.4109816755894776, Accuracy: 69.22745300913951%
2024-07-10 22:57:59 - INFO - Epoch: 260/300, Training Loss: 0.3730157790512874
2024-07-10 22:58:00 - INFO - Epoch: 260/300, Validation Loss: 0.4084834092920953, Accuracy: 69.33954130022417%
2024-07-10 22:58:02 - INFO - Epoch: 261/300, Training Loss: 0.3741388476717061
2024-07-10 22:58:03 - INFO - Epoch: 261/300, Validation Loss: 0.4182693938632588, Accuracy: 69.91722710812209%
2024-07-10 22:58:05 - INFO - Epoch: 262/300, Training Loss: 0.3738487814829267
2024-07-10 22:58:05 - INFO - Epoch: 262/300, Validation Loss: 0.411392208475333, Accuracy: 68.53767891015693%
2024-07-10 22:58:08 - INFO - Epoch: 263/300, Training Loss: 0.372454595380816
2024-07-10 22:58:08 - INFO - Epoch: 263/300, Validation Loss: 0.41003547657977096, Accuracy: 68.68425590619073%
2024-07-10 22:58:11 - INFO - Epoch: 264/300, Training Loss: 0.3710382048426003
2024-07-10 22:58:11 - INFO - Epoch: 264/300, Validation Loss: 0.4064546782564331, Accuracy: 68.82221072598723%
2024-07-10 22:58:14 - INFO - Epoch: 265/300, Training Loss: 0.37302966134301546
2024-07-10 22:58:14 - INFO - Epoch: 265/300, Validation Loss: 0.4052790177392436, Accuracy: 69.35678565269875%
2024-07-10 22:58:17 - INFO - Epoch: 266/300, Training Loss: 0.3719567420770382
2024-07-10 22:58:17 - INFO - Epoch: 266/300, Validation Loss: 0.40013269015720915, Accuracy: 68.94292119330919%
2024-07-10 22:58:19 - INFO - Epoch: 267/300, Training Loss: 0.37047551062600365
2024-07-10 22:58:20 - INFO - Epoch: 267/300, Validation Loss: 0.4129379656943646, Accuracy: 68.88256595964822%
2024-07-10 22:58:22 - INFO - Epoch: 268/300, Training Loss: 0.3708700610440353
2024-07-10 22:58:23 - INFO - Epoch: 268/300, Validation Loss: 0.4094712056301452, Accuracy: 69.0377651319193%
2024-07-10 22:58:25 - INFO - Epoch: 269/300, Training Loss: 0.3704677129408409
2024-07-10 22:58:26 - INFO - Epoch: 269/300, Validation Loss: 0.4089219144412449, Accuracy: 68.87394378341094%
2024-07-10 22:58:28 - INFO - Epoch: 270/300, Training Loss: 0.3721911596635292
2024-07-10 22:58:28 - INFO - Epoch: 270/300, Validation Loss: 0.4111925826950388, Accuracy: 68.8911881358855%
2024-07-10 22:58:31 - INFO - Epoch: 271/300, Training Loss: 0.3705014812740786
2024-07-10 22:58:31 - INFO - Epoch: 271/300, Validation Loss: 0.4267583687554349, Accuracy: 69.16709777547852%
2024-07-10 22:58:34 - INFO - Epoch: 272/300, Training Loss: 0.370867762956126
2024-07-10 22:58:34 - INFO - Epoch: 272/300, Validation Loss: 0.4097518634337645, Accuracy: 68.80496637351267%
2024-07-10 22:58:37 - INFO - Epoch: 273/300, Training Loss: 0.3713750360340908
2024-07-10 22:58:37 - INFO - Epoch: 273/300, Validation Loss: 0.41802103096967214, Accuracy: 68.51181238144508%
2024-07-10 22:58:40 - INFO - Epoch: 274/300, Training Loss: 0.3747635290540498
2024-07-10 22:58:40 - INFO - Epoch: 274/300, Validation Loss: 0.43338042202886645, Accuracy: 69.45162959130884%
2024-07-10 22:58:42 - INFO - Epoch: 275/300, Training Loss: 0.3708867226386892
2024-07-10 22:58:43 - INFO - Epoch: 275/300, Validation Loss: 0.41618759013139284, Accuracy: 68.5980341438179%
2024-07-10 22:58:45 - INFO - Epoch: 276/300, Training Loss: 0.3698480872450204
2024-07-10 22:58:45 - INFO - Epoch: 276/300, Validation Loss: 0.40173244116070506, Accuracy: 68.7446111398517%
2024-07-10 22:58:48 - INFO - Epoch: 277/300, Training Loss: 0.3720224397757958
2024-07-10 22:58:48 - INFO - Epoch: 277/300, Validation Loss: 0.413290160042899, Accuracy: 69.1326090705294%
2024-07-10 22:58:51 - INFO - Epoch: 278/300, Training Loss: 0.37210050739091016
2024-07-10 22:58:51 - INFO - Epoch: 278/300, Validation Loss: 0.4139821285402382, Accuracy: 68.83083290222451%
2024-07-10 22:58:54 - INFO - Epoch: 279/300, Training Loss: 0.3745136069429332
2024-07-10 22:58:54 - INFO - Epoch: 279/300, Validation Loss: 0.4036319396653018, Accuracy: 68.7877220210381%
2024-07-10 22:58:57 - INFO - Epoch: 280/300, Training Loss: 0.3709851489190398
2024-07-10 22:58:57 - INFO - Epoch: 280/300, Validation Loss: 0.41608369939929835, Accuracy: 68.97740989825832%
2024-07-10 22:59:00 - INFO - Epoch: 281/300, Training Loss: 0.3699654867731292
2024-07-10 22:59:00 - INFO - Epoch: 281/300, Validation Loss: 0.40948828285212047, Accuracy: 69.64993964476633%
2024-07-10 22:59:03 - INFO - Epoch: 282/300, Training Loss: 0.3703338511236783
2024-07-10 22:59:03 - INFO - Epoch: 282/300, Validation Loss: 0.4022357783147267, Accuracy: 68.17554750819107%
2024-07-10 22:59:05 - INFO - Epoch: 283/300, Training Loss: 0.37240402984208076
2024-07-10 22:59:06 - INFO - Epoch: 283/300, Validation Loss: 0.42537509052308053, Accuracy: 68.57216761510605%
2024-07-10 22:59:08 - INFO - Epoch: 284/300, Training Loss: 0.37115147898937095
2024-07-10 22:59:09 - INFO - Epoch: 284/300, Validation Loss: 0.41280286750950657, Accuracy: 68.73598896361442%
2024-07-10 22:59:11 - INFO - Epoch: 285/300, Training Loss: 0.37042871822570933
2024-07-10 22:59:11 - INFO - Epoch: 285/300, Validation Loss: 0.4151473844444359, Accuracy: 68.56354543886877%
2024-07-10 22:59:14 - INFO - Epoch: 286/300, Training Loss: 0.369580732542893
2024-07-10 22:59:14 - INFO - Epoch: 286/300, Validation Loss: 0.4084788760641119, Accuracy: 68.66701155371616%
2024-07-10 22:59:17 - INFO - Epoch: 287/300, Training Loss: 0.3709852857219762
2024-07-10 22:59:17 - INFO - Epoch: 287/300, Validation Loss: 0.4143164912750433, Accuracy: 69.01189860320746%
2024-07-10 22:59:20 - INFO - Epoch: 288/300, Training Loss: 0.3710514918483537
2024-07-10 22:59:20 - INFO - Epoch: 288/300, Validation Loss: 0.4217641150558388, Accuracy: 68.90843248836006%
2024-07-10 22:59:23 - INFO - Epoch: 289/300, Training Loss: 0.3708285330492875
2024-07-10 22:59:23 - INFO - Epoch: 289/300, Validation Loss: 0.4162094748609669, Accuracy: 68.8911881358855%
2024-07-10 22:59:26 - INFO - Epoch: 290/300, Training Loss: 0.3709137409925461
2024-07-10 22:59:26 - INFO - Epoch: 290/300, Validation Loss: 0.4156556170392822, Accuracy: 69.26194171408864%
2024-07-10 22:59:28 - INFO - Epoch: 291/300, Training Loss: 0.3705996804401792
2024-07-10 22:59:29 - INFO - Epoch: 291/300, Validation Loss: 0.4061287698837427, Accuracy: 68.60665632005518%
2024-07-10 22:59:31 - INFO - Epoch: 292/300, Training Loss: 0.3696689848447668
2024-07-10 22:59:32 - INFO - Epoch: 292/300, Validation Loss: 0.4245850031192486, Accuracy: 69.44300741507156%
2024-07-10 22:59:34 - INFO - Epoch: 293/300, Training Loss: 0.36971801061054754
2024-07-10 22:59:35 - INFO - Epoch: 293/300, Validation Loss: 0.42085354586878976, Accuracy: 68.53767891015693%
2024-07-10 22:59:37 - INFO - Epoch: 294/300, Training Loss: 0.3692727573575645
2024-07-10 22:59:38 - INFO - Epoch: 294/300, Validation Loss: 0.41428444739226455, Accuracy: 68.84807725469909%
2024-07-10 22:59:40 - INFO - Epoch: 295/300, Training Loss: 0.3688082876698724
2024-07-10 22:59:41 - INFO - Epoch: 295/300, Validation Loss: 0.4205282063602091, Accuracy: 68.66701155371616%
2024-07-10 22:59:43 - INFO - Epoch: 296/300, Training Loss: 0.37117835901934526
2024-07-10 22:59:43 - INFO - Epoch: 296/300, Validation Loss: 0.4122828875596707, Accuracy: 68.37385756164856%
2024-07-10 22:59:46 - INFO - Epoch: 297/300, Training Loss: 0.37033412261255855
2024-07-10 22:59:46 - INFO - Epoch: 297/300, Validation Loss: 0.4098612646480183, Accuracy: 68.73598896361442%
2024-07-10 22:59:49 - INFO - Epoch: 298/300, Training Loss: 0.36921729831859984
2024-07-10 22:59:49 - INFO - Epoch: 298/300, Validation Loss: 0.42171608533833055, Accuracy: 69.01189860320746%
2024-07-10 22:59:52 - INFO - Epoch: 299/300, Training Loss: 0.3695474173282755
2024-07-10 22:59:52 - INFO - Epoch: 299/300, Validation Loss: 0.40690439955873803, Accuracy: 69.60682876357993%
2024-07-10 22:59:55 - INFO - Epoch: 300/300, Training Loss: 0.36868666145308265
2024-07-10 22:59:55 - INFO - Epoch: 300/300, Validation Loss: 0.41429105941410904, Accuracy: 68.34799103293672%
2024-07-10 22:59:55 - INFO - Finished training model.
