2024-07-03 09:23:02 - INFO - This log entry will go into a uniquely named file for this run.
2024-07-03 09:23:02 - INFO - without hidden
2024-07-03 09:23:02 - INFO - valid:3302
2024-07-03 09:23:02 - INFO - invalid:3304
2024-07-03 09:23:02 - INFO - Params:
2024-07-03 09:23:02 - INFO - embedding_dim=128
2024-07-03 09:23:02 - INFO - hidden_dim:256
2024-07-03 09:23:02 - INFO - num_layers:2
2024-07-03 09:23:02 - INFO - epochs:50
2024-07-03 09:23:02 - INFO - batch_size:64
2024-07-03 09:23:02 - INFO - lr:0.001
2024-07-03 09:23:05 - INFO - Starting LSTM model training...
2024-07-03 09:23:06 - INFO - Epoch: 1/50, Training Loss: 0.6532791554927826
2024-07-03 09:23:06 - INFO - Epoch: 1/50, Validation Loss: 0.5735607147216797, Accuracy: 75.86206896551724%
2024-07-03 09:23:06 - INFO - Epoch: 2/50, Training Loss: 0.5461793541908264
2024-07-03 09:23:06 - INFO - Epoch: 2/50, Validation Loss: 0.549383819103241, Accuracy: 75.86206896551724%
2024-07-03 09:23:06 - INFO - Epoch: 3/50, Training Loss: 0.5017768740653992
2024-07-03 09:23:06 - INFO - Epoch: 3/50, Validation Loss: 0.5244209170341492, Accuracy: 75.86206896551724%
2024-07-03 09:23:06 - INFO - Epoch: 4/50, Training Loss: 0.467607319355011
2024-07-03 09:23:06 - INFO - Epoch: 4/50, Validation Loss: 0.5165467858314514, Accuracy: 75.86206896551724%
2024-07-03 09:23:06 - INFO - Epoch: 5/50, Training Loss: 0.4591057747602463
2024-07-03 09:23:06 - INFO - Epoch: 5/50, Validation Loss: 0.5156715512275696, Accuracy: 68.96551724137932%
2024-07-03 09:23:06 - INFO - Epoch: 6/50, Training Loss: 0.43691985309123993
2024-07-03 09:23:06 - INFO - Epoch: 6/50, Validation Loss: 0.5159357190132141, Accuracy: 65.51724137931035%
2024-07-03 09:23:06 - INFO - Epoch: 7/50, Training Loss: 0.43001072108745575
2024-07-03 09:23:06 - INFO - Epoch: 7/50, Validation Loss: 0.5033092498779297, Accuracy: 68.96551724137932%
2024-07-03 09:23:06 - INFO - Epoch: 8/50, Training Loss: 0.4059295952320099
2024-07-03 09:23:06 - INFO - Epoch: 8/50, Validation Loss: 0.4712759554386139, Accuracy: 72.41379310344827%
2024-07-03 09:23:06 - INFO - Epoch: 9/50, Training Loss: 0.38048405945301056
2024-07-03 09:23:06 - INFO - Epoch: 9/50, Validation Loss: 0.42548367381095886, Accuracy: 75.86206896551724%
2024-07-03 09:23:06 - INFO - Epoch: 10/50, Training Loss: 0.33859995007514954
2024-07-03 09:23:06 - INFO - Epoch: 10/50, Validation Loss: 0.36495476961135864, Accuracy: 86.20689655172414%
2024-07-03 09:23:06 - INFO - Epoch: 11/50, Training Loss: 0.32747782766819
2024-07-03 09:23:06 - INFO - Epoch: 11/50, Validation Loss: 0.3113626539707184, Accuracy: 82.75862068965517%
2024-07-03 09:23:06 - INFO - Epoch: 12/50, Training Loss: 0.28014153242111206
2024-07-03 09:23:06 - INFO - Epoch: 12/50, Validation Loss: 0.2055428922176361, Accuracy: 93.10344827586206%
2024-07-03 09:23:06 - INFO - Epoch: 13/50, Training Loss: 0.2837388962507248
2024-07-03 09:23:06 - INFO - Epoch: 13/50, Validation Loss: 0.14080432057380676, Accuracy: 96.55172413793103%
2024-07-03 09:23:06 - INFO - Epoch: 14/50, Training Loss: 0.20263754576444626
2024-07-03 09:23:06 - INFO - Epoch: 14/50, Validation Loss: 0.06661693006753922, Accuracy: 100.0%
2024-07-03 09:23:06 - INFO - Epoch: 15/50, Training Loss: 0.1870279647409916
2024-07-03 09:23:06 - INFO - Epoch: 15/50, Validation Loss: 0.053610850125551224, Accuracy: 100.0%
2024-07-03 09:23:06 - INFO - Epoch: 16/50, Training Loss: 0.13187798857688904
2024-07-03 09:23:06 - INFO - Epoch: 16/50, Validation Loss: 0.037152521312236786, Accuracy: 100.0%
2024-07-03 09:23:06 - INFO - Epoch: 17/50, Training Loss: 0.05612063594162464
2024-07-03 09:23:06 - INFO - Epoch: 17/50, Validation Loss: 0.050463687628507614, Accuracy: 100.0%
2024-07-03 09:23:06 - INFO - Epoch: 18/50, Training Loss: 0.20463240146636963
2024-07-03 09:23:06 - INFO - Epoch: 18/50, Validation Loss: 0.020858196541666985, Accuracy: 100.0%
2024-07-03 09:23:06 - INFO - Epoch: 19/50, Training Loss: 0.023445146158337593
2024-07-03 09:23:06 - INFO - Epoch: 19/50, Validation Loss: 0.008006332442164421, Accuracy: 100.0%
2024-07-03 09:23:06 - INFO - Epoch: 20/50, Training Loss: 0.022119052475318313
2024-07-03 09:23:06 - INFO - Epoch: 20/50, Validation Loss: 0.005045029334723949, Accuracy: 100.0%
2024-07-03 09:23:06 - INFO - Epoch: 21/50, Training Loss: 0.005924718687310815
2024-07-03 09:23:06 - INFO - Epoch: 21/50, Validation Loss: 0.00339722353965044, Accuracy: 100.0%
2024-07-03 09:23:06 - INFO - Epoch: 22/50, Training Loss: 0.0037667100550606847
2024-07-03 09:23:06 - INFO - Epoch: 22/50, Validation Loss: 0.002486826851963997, Accuracy: 100.0%
2024-07-03 09:23:06 - INFO - Epoch: 23/50, Training Loss: 0.002600112580694258
2024-07-03 09:23:06 - INFO - Epoch: 23/50, Validation Loss: 0.0019091888098046184, Accuracy: 100.0%
2024-07-03 09:23:06 - INFO - Epoch: 24/50, Training Loss: 0.001972546975594014
2024-07-03 09:23:06 - INFO - Epoch: 24/50, Validation Loss: 0.0014926398871466517, Accuracy: 100.0%
2024-07-03 09:23:06 - INFO - Epoch: 25/50, Training Loss: 0.0014845655532553792
2024-07-03 09:23:06 - INFO - Epoch: 25/50, Validation Loss: 0.0011779993074014783, Accuracy: 100.0%
2024-07-03 09:23:06 - INFO - Epoch: 26/50, Training Loss: 0.0011906217550858855
2024-07-03 09:23:06 - INFO - Epoch: 26/50, Validation Loss: 0.000934366718865931, Accuracy: 100.0%
2024-07-03 09:23:06 - INFO - Epoch: 27/50, Training Loss: 0.0009419599373359233
2024-07-03 09:23:06 - INFO - Epoch: 27/50, Validation Loss: 0.0007465500384569168, Accuracy: 100.0%
2024-07-03 09:23:06 - INFO - Epoch: 28/50, Training Loss: 0.0007880551856942475
2024-07-03 09:23:06 - INFO - Epoch: 28/50, Validation Loss: 0.0006031045923009515, Accuracy: 100.0%
2024-07-03 09:23:06 - INFO - Epoch: 29/50, Training Loss: 0.0006144203362055123
2024-07-03 09:23:06 - INFO - Epoch: 29/50, Validation Loss: 0.0004927436821162701, Accuracy: 100.0%
2024-07-03 09:23:06 - INFO - Epoch: 30/50, Training Loss: 0.0005214676493778825
2024-07-03 09:23:06 - INFO - Epoch: 30/50, Validation Loss: 0.0004092578892596066, Accuracy: 100.0%
2024-07-03 09:23:06 - INFO - Epoch: 31/50, Training Loss: 0.0004305114271119237
2024-07-03 09:23:06 - INFO - Epoch: 31/50, Validation Loss: 0.00034429976949468255, Accuracy: 100.0%
2024-07-03 09:23:06 - INFO - Epoch: 32/50, Training Loss: 0.0003683700633700937
2024-07-03 09:23:06 - INFO - Epoch: 32/50, Validation Loss: 0.0002950771595351398, Accuracy: 100.0%
2024-07-03 09:23:06 - INFO - Epoch: 33/50, Training Loss: 0.00030784452974330634
2024-07-03 09:23:06 - INFO - Epoch: 33/50, Validation Loss: 0.0002569631324149668, Accuracy: 100.0%
2024-07-03 09:23:06 - INFO - Epoch: 34/50, Training Loss: 0.00027984200278297067
2024-07-03 09:23:06 - INFO - Epoch: 34/50, Validation Loss: 0.00022708167671225965, Accuracy: 100.0%
2024-07-03 09:23:06 - INFO - Epoch: 35/50, Training Loss: 0.00024887682229746133
2024-07-03 09:23:06 - INFO - Epoch: 35/50, Validation Loss: 0.00020313031564000994, Accuracy: 100.0%
2024-07-03 09:23:06 - INFO - Epoch: 36/50, Training Loss: 0.00021801386901643127
2024-07-03 09:23:06 - INFO - Epoch: 36/50, Validation Loss: 0.00018408699543215334, Accuracy: 100.0%
2024-07-03 09:23:06 - INFO - Epoch: 37/50, Training Loss: 0.00019669815083034337
2024-07-03 09:23:06 - INFO - Epoch: 37/50, Validation Loss: 0.00016849824169185013, Accuracy: 100.0%
2024-07-03 09:23:06 - INFO - Epoch: 38/50, Training Loss: 0.00019075407180935144
2024-07-03 09:23:06 - INFO - Epoch: 38/50, Validation Loss: 0.00015563706983812153, Accuracy: 100.0%
2024-07-03 09:23:06 - INFO - Epoch: 39/50, Training Loss: 0.0001835650618886575
2024-07-03 09:23:06 - INFO - Epoch: 39/50, Validation Loss: 0.00014496980293188244, Accuracy: 100.0%
2024-07-03 09:23:06 - INFO - Epoch: 40/50, Training Loss: 0.00016143546235980466
2024-07-03 09:23:06 - INFO - Epoch: 40/50, Validation Loss: 0.0001359828602289781, Accuracy: 100.0%
2024-07-03 09:23:06 - INFO - Epoch: 41/50, Training Loss: 0.00015180627087829635
2024-07-03 09:23:06 - INFO - Epoch: 41/50, Validation Loss: 0.0001283147867070511, Accuracy: 100.0%
2024-07-03 09:23:06 - INFO - Epoch: 42/50, Training Loss: 0.0001544175174785778
2024-07-03 09:23:06 - INFO - Epoch: 42/50, Validation Loss: 0.00012167390377726406, Accuracy: 100.0%
2024-07-03 09:23:06 - INFO - Epoch: 43/50, Training Loss: 0.0001335531851509586
2024-07-03 09:23:06 - INFO - Epoch: 43/50, Validation Loss: 0.00011594108946155757, Accuracy: 100.0%
2024-07-03 09:23:06 - INFO - Epoch: 44/50, Training Loss: 0.00013659415708389133
2024-07-03 09:23:06 - INFO - Epoch: 44/50, Validation Loss: 0.00011093558714492247, Accuracy: 100.0%
2024-07-03 09:23:06 - INFO - Epoch: 45/50, Training Loss: 0.00011739679757738486
2024-07-03 09:23:06 - INFO - Epoch: 45/50, Validation Loss: 0.00010648894385667518, Accuracy: 100.0%
2024-07-03 09:23:06 - INFO - Epoch: 46/50, Training Loss: 0.00011829799041152
2024-07-03 09:23:06 - INFO - Epoch: 46/50, Validation Loss: 0.00010258059046464041, Accuracy: 100.0%
2024-07-03 09:23:06 - INFO - Epoch: 47/50, Training Loss: 0.0001190549592138268
2024-07-03 09:23:06 - INFO - Epoch: 47/50, Validation Loss: 9.907493222272024e-05, Accuracy: 100.0%
2024-07-03 09:23:06 - INFO - Epoch: 48/50, Training Loss: 0.00011106058445875533
2024-07-03 09:23:06 - INFO - Epoch: 48/50, Validation Loss: 9.586104715708643e-05, Accuracy: 100.0%
2024-07-03 09:23:06 - INFO - Epoch: 49/50, Training Loss: 0.00011028942026314326
2024-07-03 09:23:06 - INFO - Epoch: 49/50, Validation Loss: 9.290604793932289e-05, Accuracy: 100.0%
2024-07-03 09:23:06 - INFO - Epoch: 50/50, Training Loss: 0.00010382495383964851
2024-07-03 09:23:06 - INFO - Epoch: 50/50, Validation Loss: 9.019763820106164e-05, Accuracy: 100.0%
2024-07-03 09:23:06 - INFO - Finished training model.
2024-07-03 09:23:07 - INFO - Model saved to lstm_classifier_py.pth and vocabulary saved to vocab_py.pkl
