2024-06-19 08:16:21 - INFO - This log entry will go into a uniquely named file for this run.
2024-06-19 08:16:22 - INFO - Starting LSTM model training...
2024-06-19 08:16:22 - INFO - Optimizer=Adam
2024-06-19 08:16:22 - INFO - epochs=800
2024-06-19 08:16:22 - INFO - batch_size=32
2024-06-19 08:16:22 - INFO - File=codeExamples.txt
2024-06-19 08:16:22 - INFO - Learning Rate=0.01
2024-06-19 08:16:24 - INFO - Starting LSTM model training...
2024-06-19 08:16:31 - INFO - Epoch 1/800, Loss: 1.4889811267470658
2024-06-19 08:16:37 - INFO - Epoch 2/800, Loss: 1.356758954229866
2024-06-19 08:16:44 - INFO - Epoch 3/800, Loss: 1.364022711117619
2024-06-19 08:16:51 - INFO - Epoch 4/800, Loss: 1.3136846549850192
2024-06-19 08:16:57 - INFO - Epoch 5/800, Loss: 1.351565793640792
2024-06-19 08:17:04 - INFO - Epoch 6/800, Loss: 1.351444604594865
2024-06-19 08:17:11 - INFO - Epoch 7/800, Loss: 1.3251641800711358
2024-06-19 08:17:17 - INFO - Epoch 8/800, Loss: 1.2996150974736842
2024-06-19 08:17:24 - INFO - Epoch 9/800, Loss: 1.2901669748102178
2024-06-19 08:17:31 - INFO - Epoch 10/800, Loss: 1.5342092420778553
2024-06-19 08:17:37 - INFO - Epoch 11/800, Loss: 1.3028789636968308
2024-06-19 08:17:44 - INFO - Epoch 12/800, Loss: 1.2942015711014303
2024-06-19 08:17:51 - INFO - Epoch 13/800, Loss: 1.288702724136546
2024-06-19 08:17:58 - INFO - Epoch 14/800, Loss: 1.3382276854842896
2024-06-19 08:18:04 - INFO - Epoch 15/800, Loss: 1.2790266131942467
2024-06-19 08:18:11 - INFO - Epoch 16/800, Loss: 1.306040790536184
2024-06-19 08:18:17 - INFO - Epoch 17/800, Loss: 1.4160499396319945
2024-06-19 08:18:24 - INFO - Epoch 18/800, Loss: 1.3088675270473775
2024-06-19 08:18:31 - INFO - Epoch 19/800, Loss: 1.292591486400304
2024-06-19 08:18:38 - INFO - Epoch 20/800, Loss: 1.32767566826167
2024-06-19 08:18:44 - INFO - Epoch 21/800, Loss: 1.2964389924639987
2024-06-19 08:18:51 - INFO - Epoch 22/800, Loss: 1.2942531290942254
2024-06-19 08:18:57 - INFO - Epoch 23/800, Loss: 1.3826149005811872
2024-06-19 08:19:04 - INFO - Epoch 24/800, Loss: 1.3068614807974726
2024-06-19 08:19:11 - INFO - Epoch 25/800, Loss: 1.282800854529673
2024-06-19 08:19:18 - INFO - Epoch 26/800, Loss: 1.3129917274418887
2024-06-19 08:19:24 - INFO - Epoch 27/800, Loss: 1.27431450422985
2024-06-19 08:19:31 - INFO - Epoch 28/800, Loss: 1.28870975403242
2024-06-19 08:19:37 - INFO - Epoch 29/800, Loss: 1.3365035016007079
2024-06-19 08:19:44 - INFO - Epoch 30/800, Loss: 1.2808076661096226
2024-06-19 08:19:51 - INFO - Epoch 31/800, Loss: 1.2876338793277984
2024-06-19 08:19:58 - INFO - Epoch 32/800, Loss: 1.289419693355696
2024-06-19 08:20:04 - INFO - Epoch 33/800, Loss: 1.2967005222294667
2024-06-19 08:20:11 - INFO - Epoch 34/800, Loss: 1.3036493700218794
2024-06-19 08:20:18 - INFO - Epoch 35/800, Loss: 1.3204691105627455
2024-06-19 08:20:24 - INFO - Epoch 36/800, Loss: 1.2736613590758432
2024-06-19 08:20:31 - INFO - Epoch 37/800, Loss: 1.4061754019928794
2024-06-19 08:20:38 - INFO - Epoch 38/800, Loss: 1.2742036963165242
2024-06-19 08:20:44 - INFO - Epoch 39/800, Loss: 1.3664237732214115
2024-06-19 08:20:51 - INFO - Epoch 40/800, Loss: 1.2579496835435455
2024-06-19 08:20:58 - INFO - Epoch 41/800, Loss: 1.3293161935422375
2024-06-19 08:21:05 - INFO - Epoch 42/800, Loss: 1.2794328904554213
2024-06-19 08:21:11 - INFO - Epoch 43/800, Loss: 1.284218195929541
2024-06-19 08:21:18 - INFO - Epoch 44/800, Loss: 1.3061290625464614
2024-06-19 08:21:25 - INFO - Epoch 45/800, Loss: 1.2857874548818113
2024-06-19 08:21:31 - INFO - Epoch 46/800, Loss: 1.2967787459433808
2024-06-19 08:21:38 - INFO - Epoch 47/800, Loss: 1.2695056642276032
2024-06-19 08:21:45 - INFO - Epoch 48/800, Loss: 1.2805981804557311
2024-06-19 08:21:52 - INFO - Epoch 49/800, Loss: 1.3050191126258526
2024-06-19 08:21:59 - INFO - Epoch 50/800, Loss: 1.3014882693911112
2024-06-19 08:22:05 - INFO - Epoch 51/800, Loss: 1.2997856892751682
2024-06-19 08:22:12 - INFO - Epoch 52/800, Loss: 1.308127046673167
2024-06-19 08:22:19 - INFO - Epoch 53/800, Loss: 1.2685449731148797
2024-06-19 08:22:26 - INFO - Epoch 54/800, Loss: 1.2927297361779344
2024-06-19 08:22:33 - INFO - Epoch 55/800, Loss: 1.322718990279647
2024-06-19 08:22:39 - INFO - Epoch 56/800, Loss: 1.3043287751155215
2024-06-19 08:22:46 - INFO - Epoch 57/800, Loss: 1.2881999531256816
2024-06-19 08:22:53 - INFO - Epoch 58/800, Loss: 1.2834541726543476
2024-06-19 08:22:59 - INFO - Epoch 59/800, Loss: 1.2927076745021073
2024-06-19 08:23:06 - INFO - Epoch 60/800, Loss: 1.2966724338488493
2024-06-19 08:23:13 - INFO - Epoch 61/800, Loss: 1.3293595877766737
2024-06-19 08:23:19 - INFO - Epoch 62/800, Loss: 1.3094759375204663
2024-06-19 08:23:26 - INFO - Epoch 63/800, Loss: 1.2903732956467062
2024-06-19 08:23:33 - INFO - Epoch 64/800, Loss: 1.2944974035740853
2024-06-19 08:23:39 - INFO - Epoch 65/800, Loss: 1.3205173553097438
2024-06-19 08:23:46 - INFO - Epoch 66/800, Loss: 1.4202094823031979
2024-06-19 08:23:53 - INFO - Epoch 67/800, Loss: 1.2913860104348112
2024-06-19 08:23:59 - INFO - Epoch 68/800, Loss: 1.2820212295717792
2024-06-19 08:24:06 - INFO - Epoch 69/800, Loss: 1.2855421948376402
2024-06-19 08:24:13 - INFO - Epoch 70/800, Loss: 1.2961792772253904
2024-06-19 08:24:19 - INFO - Epoch 71/800, Loss: 1.2659656203054115
2024-06-19 08:24:26 - INFO - Epoch 72/800, Loss: 1.2713791737910878
2024-06-19 08:24:33 - INFO - Epoch 73/800, Loss: 1.313550845641214
2024-06-19 08:24:40 - INFO - Epoch 74/800, Loss: 1.3197619708762565
2024-06-19 08:24:46 - INFO - Epoch 75/800, Loss: 1.3158020704232438
2024-06-19 08:24:53 - INFO - Epoch 76/800, Loss: 1.2865691363426375
2024-06-19 08:25:00 - INFO - Epoch 77/800, Loss: 1.3029359009056107
2024-06-19 08:25:07 - INFO - Epoch 78/800, Loss: 1.2890903857641682
2024-06-19 08:25:13 - INFO - Epoch 79/800, Loss: 1.3062416773729453
2024-06-19 08:25:20 - INFO - Epoch 80/800, Loss: 1.2868345823657235
2024-06-19 08:25:27 - INFO - Epoch 81/800, Loss: 1.3143100894512074
2024-06-19 08:25:33 - INFO - Epoch 82/800, Loss: 1.3166145756615593
2024-06-19 08:25:40 - INFO - Epoch 83/800, Loss: 1.3179207178348666
2024-06-19 08:25:47 - INFO - Epoch 84/800, Loss: 1.3080828255652406
2024-06-19 08:25:53 - INFO - Epoch 85/800, Loss: 1.2848226156038802
2024-06-19 08:26:00 - INFO - Epoch 86/800, Loss: 1.293812307648505
2024-06-19 08:26:07 - INFO - Epoch 87/800, Loss: 1.2793474843748853
2024-06-19 08:26:13 - INFO - Epoch 88/800, Loss: 1.2761212740461791
2024-06-19 08:26:20 - INFO - Epoch 89/800, Loss: 1.2876518316549974
2024-06-19 08:26:27 - INFO - Epoch 90/800, Loss: 1.2936025516084617
2024-06-19 08:26:33 - INFO - Epoch 91/800, Loss: 1.3106163334758945
2024-06-19 08:26:40 - INFO - Epoch 92/800, Loss: 1.278122782308243
2024-06-19 08:26:47 - INFO - Epoch 93/800, Loss: 1.321349329952415
2024-06-19 08:26:53 - INFO - Epoch 94/800, Loss: 1.3208694275866346
2024-06-19 08:27:00 - INFO - Epoch 95/800, Loss: 1.3061205837310221
2024-06-19 08:27:06 - INFO - Epoch 96/800, Loss: 1.3517462864656005
2024-06-19 08:27:13 - INFO - Epoch 97/800, Loss: 1.2850589131187407
2024-06-19 08:27:20 - INFO - Epoch 98/800, Loss: 1.29965874853202
2024-06-19 08:27:26 - INFO - Epoch 99/800, Loss: 1.2744198274131444
2024-06-19 08:27:33 - INFO - Epoch 100/800, Loss: 1.296237481447774
2024-06-19 08:27:40 - INFO - Epoch 101/800, Loss: 1.295913978813361
2024-06-19 08:27:46 - INFO - Epoch 102/800, Loss: 1.2770947982968688
2024-06-19 08:27:53 - INFO - Epoch 103/800, Loss: 1.2985754615674374
2024-06-19 08:27:59 - INFO - Epoch 104/800, Loss: 1.2874439036846714
2024-06-19 08:28:06 - INFO - Epoch 105/800, Loss: 1.281487266992872
2024-06-19 08:28:13 - INFO - Epoch 106/800, Loss: 1.3333817392702643
2024-06-19 08:28:19 - INFO - Epoch 107/800, Loss: 1.2891045960401195
2024-06-19 08:28:26 - INFO - Epoch 108/800, Loss: 1.3007008337893646
2024-06-19 08:28:33 - INFO - Epoch 109/800, Loss: 1.283947484577372
2024-06-19 08:28:39 - INFO - Epoch 110/800, Loss: 1.2966917758372984
2024-06-19 08:28:46 - INFO - Epoch 111/800, Loss: 1.3436631664639984
2024-06-19 08:28:52 - INFO - Epoch 112/800, Loss: 1.3467094272559355
2024-06-19 08:28:59 - INFO - Epoch 113/800, Loss: 1.2668767470681328
2024-06-19 08:29:06 - INFO - Epoch 114/800, Loss: 1.3126744917899402
2024-06-19 08:29:12 - INFO - Epoch 115/800, Loss: 1.3174117130919136
2024-06-19 08:29:19 - INFO - Epoch 116/800, Loss: 1.3237164919221107
2024-06-19 08:29:26 - INFO - Epoch 117/800, Loss: 1.2813522180564254
2024-06-19 08:29:32 - INFO - Epoch 118/800, Loss: 1.3146331378429807
2024-06-19 08:29:39 - INFO - Epoch 119/800, Loss: 1.479329056499981
2024-06-19 08:29:45 - INFO - Epoch 120/800, Loss: 1.276408160070282
2024-06-19 08:29:52 - INFO - Epoch 121/800, Loss: 1.2827058256750232
2024-06-19 08:29:59 - INFO - Epoch 122/800, Loss: 1.2766733951760996
2024-06-19 08:30:06 - INFO - Epoch 123/800, Loss: 1.2769112135528027
2024-06-19 08:30:12 - INFO - Epoch 124/800, Loss: 1.2927495772628135
2024-06-19 08:30:19 - INFO - Epoch 125/800, Loss: 1.2942497119552026
2024-06-19 08:30:25 - INFO - Epoch 126/800, Loss: 1.2855068211973735
2024-06-19 08:30:32 - INFO - Epoch 127/800, Loss: 1.2714101332077248
2024-06-19 08:30:39 - INFO - Epoch 128/800, Loss: 1.2830753583752483
2024-06-19 08:30:45 - INFO - Epoch 129/800, Loss: 1.2828782948136346
2024-06-19 08:30:52 - INFO - Epoch 130/800, Loss: 1.2713421603955413
2024-06-19 08:30:59 - INFO - Epoch 131/800, Loss: 1.2846946715366578
2024-06-19 08:31:05 - INFO - Epoch 132/800, Loss: 1.303850460588885
2024-06-19 08:31:12 - INFO - Epoch 133/800, Loss: 1.342595468287587
2024-06-19 08:31:19 - INFO - Epoch 134/800, Loss: 1.3012973913414754
2024-06-19 08:31:25 - INFO - Epoch 135/800, Loss: 1.2940284058244547
2024-06-19 08:31:32 - INFO - Epoch 136/800, Loss: 1.2899134848698885
2024-06-19 08:31:39 - INFO - Epoch 137/800, Loss: 1.307102018687004
2024-06-19 08:31:45 - INFO - Epoch 138/800, Loss: 1.3192211551180402
2024-06-19 08:31:52 - INFO - Epoch 139/800, Loss: 1.3368423691256046
2024-06-19 08:31:58 - INFO - Epoch 140/800, Loss: 1.3065339937284557
2024-06-19 08:32:05 - INFO - Epoch 141/800, Loss: 1.2903425932950134
2024-06-19 08:32:12 - INFO - Epoch 142/800, Loss: 1.2845508291349748
2024-06-19 08:32:19 - INFO - Epoch 143/800, Loss: 1.2765935191559348
2024-06-19 08:32:25 - INFO - Epoch 144/800, Loss: 1.3511314029968007
2024-06-19 08:32:32 - INFO - Epoch 145/800, Loss: 1.2844722396918589
2024-06-19 08:32:38 - INFO - Epoch 146/800, Loss: 1.2581268523032323
2024-06-19 08:32:45 - INFO - Epoch 147/800, Loss: 1.2665231006501116
2024-06-19 08:32:52 - INFO - Epoch 148/800, Loss: 1.2698948527404257
2024-06-19 08:32:59 - INFO - Epoch 149/800, Loss: 1.2918101063234806
2024-06-19 08:33:05 - INFO - Epoch 150/800, Loss: 1.3019422906016846
2024-06-19 08:33:12 - INFO - Epoch 151/800, Loss: 1.3106486262434203
2024-06-19 08:33:18 - INFO - Epoch 152/800, Loss: 1.3550542302861548
2024-06-19 08:33:25 - INFO - Epoch 153/800, Loss: 1.2744478576769473
2024-06-19 08:33:32 - INFO - Epoch 154/800, Loss: 1.3109990026153668
2024-06-19 08:33:38 - INFO - Epoch 155/800, Loss: 1.257547343458274
2024-06-19 08:33:45 - INFO - Epoch 156/800, Loss: 1.293710309782659
2024-06-19 08:33:52 - INFO - Epoch 157/800, Loss: 1.2695451367102546
2024-06-19 08:33:58 - INFO - Epoch 158/800, Loss: 1.28037122128449
2024-06-19 08:34:05 - INFO - Epoch 159/800, Loss: 1.289960131072014
2024-06-19 08:34:11 - INFO - Epoch 160/800, Loss: 1.3228661816350553
2024-06-19 08:34:18 - INFO - Epoch 161/800, Loss: 1.2680342130701352
2024-06-19 08:34:25 - INFO - Epoch 162/800, Loss: 1.355679540400757
2024-06-19 08:34:31 - INFO - Epoch 163/800, Loss: 1.3115834213170925
2024-06-19 08:34:38 - INFO - Epoch 164/800, Loss: 1.2910198629946965
2024-06-19 08:34:45 - INFO - Epoch 165/800, Loss: 1.2907371360742634
2024-06-19 08:34:51 - INFO - Epoch 166/800, Loss: 1.2743420144512314
2024-06-19 08:34:58 - INFO - Epoch 167/800, Loss: 1.287371310358549
2024-06-19 08:35:05 - INFO - Epoch 168/800, Loss: 1.29734030801349
2024-06-19 08:35:11 - INFO - Epoch 169/800, Loss: 1.28041984671103
2024-06-19 08:35:18 - INFO - Epoch 170/800, Loss: 1.2778391199775117
2024-06-19 08:35:24 - INFO - Epoch 171/800, Loss: 1.3033019112935542
2024-06-19 08:35:31 - INFO - Epoch 172/800, Loss: 1.2598293366716125
2024-06-19 08:35:38 - INFO - Epoch 173/800, Loss: 1.2870245532710665
2024-06-19 08:35:44 - INFO - Epoch 174/800, Loss: 1.3132561440193653
2024-06-19 08:35:51 - INFO - Epoch 175/800, Loss: 1.3367774032046982
2024-06-19 08:35:58 - INFO - Epoch 176/800, Loss: 1.2822971956775215
2024-06-19 08:36:04 - INFO - Epoch 177/800, Loss: 1.2882986022123526
2024-06-19 08:36:11 - INFO - Epoch 178/800, Loss: 1.2936429853625073
2024-06-19 08:36:18 - INFO - Epoch 179/800, Loss: 1.2692501716620863
2024-06-19 08:36:24 - INFO - Epoch 180/800, Loss: 1.2838035459515773
2024-06-19 08:36:31 - INFO - Epoch 181/800, Loss: 1.2836893735745183
2024-06-19 08:36:38 - INFO - Epoch 182/800, Loss: 1.329425069326382
2024-06-19 08:36:44 - INFO - Epoch 183/800, Loss: 1.290331736627452
2024-06-19 08:36:51 - INFO - Epoch 184/800, Loss: 1.2709562117178026
2024-06-19 08:36:57 - INFO - Epoch 185/800, Loss: 1.2664448085791207
2024-06-19 08:37:04 - INFO - Epoch 186/800, Loss: 1.2779402107433955
2024-06-19 08:37:11 - INFO - Epoch 187/800, Loss: 1.3093838366716082
2024-06-19 08:37:17 - INFO - Epoch 188/800, Loss: 1.2799055175025864
2024-06-19 08:37:24 - INFO - Epoch 189/800, Loss: 1.2627653360688216
2024-06-19 08:37:31 - INFO - Epoch 190/800, Loss: 1.3285586133703873
2024-06-19 08:37:37 - INFO - Epoch 191/800, Loss: 1.3704079518406616
2024-06-19 08:37:44 - INFO - Epoch 192/800, Loss: 1.250714545546286
2024-06-19 08:37:51 - INFO - Epoch 193/800, Loss: 1.2742154351428026
2024-06-19 08:37:57 - INFO - Epoch 194/800, Loss: 1.2846278820510844
2024-06-19 08:38:04 - INFO - Epoch 195/800, Loss: 1.2705161769603002
2024-06-19 08:38:10 - INFO - Epoch 196/800, Loss: 1.2842885478295492
2024-06-19 08:38:17 - INFO - Epoch 197/800, Loss: 1.2867626073674854
2024-06-19 08:38:24 - INFO - Epoch 198/800, Loss: 1.2785537542339505
2024-06-19 08:38:30 - INFO - Epoch 199/800, Loss: 1.2926414742472225
2024-06-19 08:38:37 - INFO - Epoch 200/800, Loss: 1.265700899684124
2024-06-19 08:38:44 - INFO - Epoch 201/800, Loss: 1.2736174819171664
2024-06-19 08:38:50 - INFO - Epoch 202/800, Loss: 1.2853748820313782
2024-06-19 08:38:57 - INFO - Epoch 203/800, Loss: 1.272340432601134
2024-06-19 08:39:04 - INFO - Epoch 204/800, Loss: 1.2828453940582294
2024-06-19 08:39:10 - INFO - Epoch 205/800, Loss: 1.3014396896329279
2024-06-19 08:39:17 - INFO - Epoch 206/800, Loss: 1.3214558406293528
2024-06-19 08:39:24 - INFO - Epoch 207/800, Loss: 1.2780553921326396
2024-06-19 08:39:30 - INFO - Epoch 208/800, Loss: 1.2661488839385622
2024-06-19 08:39:37 - INFO - Epoch 209/800, Loss: 1.296658942508037
2024-06-19 08:39:44 - INFO - Epoch 210/800, Loss: 1.2723810950432928
2024-06-19 08:39:50 - INFO - Epoch 211/800, Loss: 1.2945191136121539
2024-06-19 08:39:57 - INFO - Epoch 212/800, Loss: 1.2696181942671516
2024-06-19 08:40:03 - INFO - Epoch 213/800, Loss: 1.344185939566813
2024-06-19 08:40:10 - INFO - Epoch 214/800, Loss: 1.2665523321055714
2024-06-19 08:40:17 - INFO - Epoch 215/800, Loss: 1.2819256447118812
2024-06-19 08:40:23 - INFO - Epoch 216/800, Loss: 1.2857447539624633
2024-06-19 08:40:30 - INFO - Epoch 217/800, Loss: 1.2562272266514192
2024-06-19 08:40:37 - INFO - Epoch 218/800, Loss: 1.2976731258705836
2024-06-19 08:40:43 - INFO - Epoch 219/800, Loss: 1.2705536082782478
2024-06-19 08:40:50 - INFO - Epoch 220/800, Loss: 1.2720842709774276
2024-06-19 08:40:56 - INFO - Epoch 221/800, Loss: 1.2814332173081537
2024-06-19 08:41:03 - INFO - Epoch 222/800, Loss: 1.2770819043102433
2024-06-19 08:41:10 - INFO - Epoch 223/800, Loss: 1.2691872086766784
2024-06-19 08:41:17 - INFO - Epoch 224/800, Loss: 1.2771719948149278
2024-06-19 08:41:23 - INFO - Epoch 225/800, Loss: 1.276518533708926
2024-06-19 08:41:30 - INFO - Epoch 226/800, Loss: 1.2790261692112639
2024-06-19 08:41:36 - INFO - Epoch 227/800, Loss: 1.266723550829446
2024-06-19 08:41:43 - INFO - Epoch 228/800, Loss: 1.3079925935061048
2024-06-19 08:41:50 - INFO - Epoch 229/800, Loss: 1.2679606756394652
2024-06-19 08:41:56 - INFO - Epoch 230/800, Loss: 1.3189621868090544
2024-06-19 08:42:03 - INFO - Epoch 231/800, Loss: 1.2710950139653525
2024-06-19 08:42:10 - INFO - Epoch 232/800, Loss: 1.2726099217824067
2024-06-19 08:42:16 - INFO - Epoch 233/800, Loss: 1.3073357360186684
2024-06-19 08:42:23 - INFO - Epoch 234/800, Loss: 1.2780564351876023
2024-06-19 08:42:29 - INFO - Epoch 235/800, Loss: 1.3239959503812715
2024-06-19 08:42:36 - INFO - Epoch 236/800, Loss: 1.256014202388378
2024-06-19 08:42:43 - INFO - Epoch 237/800, Loss: 1.274932426410656
2024-06-19 08:42:49 - INFO - Epoch 238/800, Loss: 1.2636617456071852
2024-06-19 08:42:56 - INFO - Epoch 239/800, Loss: 1.277596844116503
2024-06-19 08:43:03 - INFO - Epoch 240/800, Loss: 1.2650422261681444
2024-06-19 08:43:09 - INFO - Epoch 241/800, Loss: 1.281323629482207
2024-06-19 08:43:16 - INFO - Epoch 242/800, Loss: 1.2712796783644535
2024-06-19 08:43:23 - INFO - Epoch 243/800, Loss: 1.2749394322574286
2024-06-19 08:43:29 - INFO - Epoch 244/800, Loss: 1.3052103622728926
2024-06-19 08:43:36 - INFO - Epoch 245/800, Loss: 1.265342725435405
2024-06-19 08:43:43 - INFO - Epoch 246/800, Loss: 1.276704558018211
2024-06-19 08:43:49 - INFO - Epoch 247/800, Loss: 1.2923264805644326
2024-06-19 08:43:56 - INFO - Epoch 248/800, Loss: 1.281833578529193
2024-06-19 08:44:02 - INFO - Epoch 249/800, Loss: 1.2603304002073659
2024-06-19 08:44:09 - INFO - Epoch 250/800, Loss: 1.3044762661482219
2024-06-19 08:44:16 - INFO - Epoch 251/800, Loss: 1.3159549901526781
2024-06-19 08:44:22 - INFO - Epoch 252/800, Loss: 1.3196364978264883
2024-06-19 08:44:29 - INFO - Epoch 253/800, Loss: 1.2952183198104292
2024-06-19 08:44:36 - INFO - Epoch 254/800, Loss: 1.3019251065601538
2024-06-19 08:44:42 - INFO - Epoch 255/800, Loss: 1.3036365616533794
2024-06-19 08:44:49 - INFO - Epoch 256/800, Loss: 1.2901669325414287
2024-06-19 08:44:56 - INFO - Epoch 257/800, Loss: 1.2720310232138714
2024-06-19 08:45:02 - INFO - Epoch 258/800, Loss: 1.2915428054054008
2024-06-19 08:45:09 - INFO - Epoch 259/800, Loss: 1.2489459774115481
2024-06-19 08:45:16 - INFO - Epoch 260/800, Loss: 1.3188859667620865
2024-06-19 08:45:22 - INFO - Epoch 261/800, Loss: 1.2601498279124685
2024-06-19 08:45:29 - INFO - Epoch 262/800, Loss: 1.279922829037602
2024-06-19 08:45:35 - INFO - Epoch 263/800, Loss: 1.2821401970902842
2024-06-19 08:45:42 - INFO - Epoch 264/800, Loss: 1.2796581888367307
2024-06-19 08:45:49 - INFO - Epoch 265/800, Loss: 1.2780417789116467
2024-06-19 08:45:56 - INFO - Epoch 266/800, Loss: 1.416851964194378
2024-06-19 08:46:02 - INFO - Epoch 267/800, Loss: 1.2877305954651803
2024-06-19 08:46:09 - INFO - Epoch 268/800, Loss: 1.2889974281189749
2024-06-19 08:46:16 - INFO - Epoch 269/800, Loss: 1.298925367106189
2024-06-19 08:46:22 - INFO - Epoch 270/800, Loss: 1.3520144229874376
2024-06-19 08:46:29 - INFO - Epoch 271/800, Loss: 1.2670098656153561
2024-06-19 08:46:36 - INFO - Epoch 272/800, Loss: 1.255451196809751
2024-06-19 08:46:42 - INFO - Epoch 273/800, Loss: 1.2873609535798187
2024-06-19 08:46:49 - INFO - Epoch 274/800, Loss: 1.2977158116234822
2024-06-19 08:46:55 - INFO - Epoch 275/800, Loss: 1.281646075516029
2024-06-19 08:47:02 - INFO - Epoch 276/800, Loss: 1.290779620208141
2024-06-19 08:47:09 - INFO - Epoch 277/800, Loss: 1.3271400373317714
2024-06-19 08:47:15 - INFO - Epoch 278/800, Loss: 1.2733679707565773
2024-06-19 08:47:22 - INFO - Epoch 279/800, Loss: 1.2659136734652463
2024-06-19 08:47:29 - INFO - Epoch 280/800, Loss: 1.2949211435028074
2024-06-19 08:47:35 - INFO - Epoch 281/800, Loss: 1.286742650121014
2024-06-19 08:47:42 - INFO - Epoch 282/800, Loss: 1.270329560123272
2024-06-19 08:47:49 - INFO - Epoch 283/800, Loss: 1.2886915878233747
2024-06-19 08:47:55 - INFO - Epoch 284/800, Loss: 1.3271540892050477
2024-06-19 08:48:02 - INFO - Epoch 285/800, Loss: 1.3026474538427049
2024-06-19 08:48:08 - INFO - Epoch 286/800, Loss: 1.2885630206794014
2024-06-19 08:48:15 - INFO - Epoch 287/800, Loss: 1.3014593775821066
2024-06-19 08:48:22 - INFO - Epoch 288/800, Loss: 1.2792307260517117
2024-06-19 08:48:28 - INFO - Epoch 289/800, Loss: 1.3055728959864343
2024-06-19 08:48:35 - INFO - Epoch 290/800, Loss: 1.2843762429827887
2024-06-19 08:48:42 - INFO - Epoch 291/800, Loss: 1.2889655723912232
2024-06-19 08:48:48 - INFO - Epoch 292/800, Loss: 1.2635789374862318
2024-06-19 08:48:55 - INFO - Epoch 293/800, Loss: 1.278102213754673
2024-06-19 08:49:02 - INFO - Epoch 294/800, Loss: 1.2854759287746615
2024-06-19 08:49:08 - INFO - Epoch 295/800, Loss: 1.3112968786077641
2024-06-19 08:49:15 - INFO - Epoch 296/800, Loss: 1.3029099937507764
2024-06-19 08:49:22 - INFO - Epoch 297/800, Loss: 1.3122430538547114
2024-06-19 08:49:28 - INFO - Epoch 298/800, Loss: 1.28853464507272
2024-06-19 08:49:35 - INFO - Epoch 299/800, Loss: 1.2598681264590148
2024-06-19 08:49:41 - INFO - Epoch 300/800, Loss: 1.2683467223810163
2024-06-19 08:49:48 - INFO - Epoch 301/800, Loss: 1.37377890689167
2024-06-19 08:49:55 - INFO - Epoch 302/800, Loss: 1.30494234048023
2024-06-19 08:50:01 - INFO - Epoch 303/800, Loss: 1.2842808569130946
2024-06-19 08:50:08 - INFO - Epoch 304/800, Loss: 1.297327789572422
2024-06-19 08:50:15 - INFO - Epoch 305/800, Loss: 1.3185511922944912
2024-06-19 08:50:21 - INFO - Epoch 306/800, Loss: 1.30737972659601
2024-06-19 08:50:28 - INFO - Epoch 307/800, Loss: 1.291333701838533
2024-06-19 08:50:34 - INFO - Epoch 308/800, Loss: 1.281621401598002
2024-06-19 08:50:41 - INFO - Epoch 309/800, Loss: 1.2695515867678884
2024-06-19 08:50:48 - INFO - Epoch 310/800, Loss: 1.2766688477625625
2024-06-19 08:50:55 - INFO - Epoch 311/800, Loss: 1.2943279929547409
2024-06-19 08:51:01 - INFO - Epoch 312/800, Loss: 1.2954965912081655
2024-06-19 08:51:08 - INFO - Epoch 313/800, Loss: 1.2722359874150646
2024-06-19 08:51:14 - INFO - Epoch 314/800, Loss: 1.2768653805981907
2024-06-19 08:51:21 - INFO - Epoch 315/800, Loss: 1.2620202938405305
2024-06-19 08:51:28 - INFO - Epoch 316/800, Loss: 1.2871122934692703
2024-06-19 08:51:34 - INFO - Epoch 317/800, Loss: 1.2701962247850374
2024-06-19 08:51:41 - INFO - Epoch 318/800, Loss: 1.2639239245099856
2024-06-19 08:51:48 - INFO - Epoch 319/800, Loss: 1.302145092201295
2024-06-19 08:51:54 - INFO - Epoch 320/800, Loss: 1.2700237452731729
2024-06-19 08:52:01 - INFO - Epoch 321/800, Loss: 1.2808724264938318
2024-06-19 08:52:08 - INFO - Epoch 322/800, Loss: 1.270020356045515
2024-06-19 08:52:14 - INFO - Epoch 323/800, Loss: 1.2949779994405863
2024-06-19 08:52:21 - INFO - Epoch 324/800, Loss: 1.25574942449809
2024-06-19 08:52:28 - INFO - Epoch 325/800, Loss: 1.306363962032758
2024-06-19 08:52:34 - INFO - Epoch 326/800, Loss: 1.3197053793788494
2024-06-19 08:52:41 - INFO - Epoch 327/800, Loss: 1.280048266606634
2024-06-19 08:52:48 - INFO - Epoch 328/800, Loss: 1.3099022846709998
2024-06-19 08:52:54 - INFO - Epoch 329/800, Loss: 1.2880886146803145
2024-06-19 08:53:01 - INFO - Epoch 330/800, Loss: 1.35550375054672
2024-06-19 08:53:08 - INFO - Epoch 331/800, Loss: 1.2659596798809283
2024-06-19 08:53:14 - INFO - Epoch 332/800, Loss: 1.2962358890149193
2024-06-19 08:53:21 - INFO - Epoch 333/800, Loss: 1.2949675497070925
2024-06-19 08:53:27 - INFO - Epoch 334/800, Loss: 1.2694146323225097
2024-06-19 08:53:34 - INFO - Epoch 335/800, Loss: 1.2874053584167837
2024-06-19 08:53:41 - INFO - Epoch 336/800, Loss: 1.3531335922086145
2024-06-19 08:53:47 - INFO - Epoch 337/800, Loss: 1.2788415141076395
2024-06-19 08:53:54 - INFO - Epoch 338/800, Loss: 1.2773253582890705
2024-06-19 08:54:01 - INFO - Epoch 339/800, Loss: 1.2782136312960937
2024-06-19 08:54:07 - INFO - Epoch 340/800, Loss: 1.2607744809269368
2024-06-19 08:54:14 - INFO - Epoch 341/800, Loss: 1.2783855019390171
2024-06-19 08:54:21 - INFO - Epoch 342/800, Loss: 1.2721524751707805
2024-06-19 08:54:27 - INFO - Epoch 343/800, Loss: 1.2531820627090706
2024-06-19 08:54:34 - INFO - Epoch 344/800, Loss: 1.268499179741542
2024-06-19 08:54:41 - INFO - Epoch 345/800, Loss: 1.2777500011618044
2024-06-19 08:54:47 - INFO - Epoch 346/800, Loss: 1.2804396759763852
2024-06-19 08:54:54 - INFO - Epoch 347/800, Loss: 1.2525622513217418
2024-06-19 08:55:00 - INFO - Epoch 348/800, Loss: 1.3189605684042787
2024-06-19 08:55:07 - INFO - Epoch 349/800, Loss: 1.2700173731146789
2024-06-19 08:55:14 - INFO - Epoch 350/800, Loss: 1.2788889508353103
2024-06-19 08:55:21 - INFO - Epoch 351/800, Loss: 1.2789165472178614
2024-06-19 08:55:27 - INFO - Epoch 352/800, Loss: 1.2969347260761133
2024-06-19 08:55:34 - INFO - Epoch 353/800, Loss: 1.3242805639703266
2024-06-19 08:55:40 - INFO - Epoch 354/800, Loss: 1.2956925512207982
2024-06-19 08:55:47 - INFO - Epoch 355/800, Loss: 1.2984881839985818
2024-06-19 08:55:54 - INFO - Epoch 356/800, Loss: 1.2684340930099196
2024-06-19 08:56:00 - INFO - Epoch 357/800, Loss: 1.3009051910222715
2024-06-19 08:56:07 - INFO - Epoch 358/800, Loss: 1.2716547968646603
2024-06-19 08:56:14 - INFO - Epoch 359/800, Loss: 1.289100115753498
2024-06-19 08:56:20 - INFO - Epoch 360/800, Loss: 1.3208305467229582
2024-06-19 08:56:27 - INFO - Epoch 361/800, Loss: 1.2472073930757113
2024-06-19 08:56:34 - INFO - Epoch 362/800, Loss: 1.2725349593926123
2024-06-19 08:56:40 - INFO - Epoch 363/800, Loss: 1.2900524129873316
2024-06-19 08:56:47 - INFO - Epoch 364/800, Loss: 1.2667944775528475
2024-06-19 08:56:54 - INFO - Epoch 365/800, Loss: 1.2625431637271247
2024-06-19 08:57:00 - INFO - Epoch 366/800, Loss: 1.259017972258385
2024-06-19 08:57:07 - INFO - Epoch 367/800, Loss: 1.2934617984025032
2024-06-19 08:57:13 - INFO - Epoch 368/800, Loss: 1.3156800349209867
2024-06-19 08:57:20 - INFO - Epoch 369/800, Loss: 1.3639080905240488
2024-06-19 08:57:27 - INFO - Epoch 370/800, Loss: 1.2555696070679105
2024-06-19 08:57:33 - INFO - Epoch 371/800, Loss: 1.2836723814270838
2024-06-19 08:57:40 - INFO - Epoch 372/800, Loss: 1.285518847499073
2024-06-19 08:57:47 - INFO - Epoch 373/800, Loss: 1.272982426336474
2024-06-19 08:57:53 - INFO - Epoch 374/800, Loss: 1.3015189700250107
2024-06-19 08:58:00 - INFO - Epoch 375/800, Loss: 1.2694433568517285
2024-06-19 08:58:07 - INFO - Epoch 376/800, Loss: 1.274970036135255
2024-06-19 08:58:13 - INFO - Epoch 377/800, Loss: 1.4064037436993004
2024-06-19 08:58:20 - INFO - Epoch 378/800, Loss: 1.3099701700364397
2024-06-19 08:58:27 - INFO - Epoch 379/800, Loss: 1.2671704764108591
2024-06-19 08:58:33 - INFO - Epoch 380/800, Loss: 1.278455311204856
2024-06-19 08:58:40 - INFO - Epoch 381/800, Loss: 1.3055931677109238
2024-06-19 08:58:47 - INFO - Epoch 382/800, Loss: 1.2603094509576303
2024-06-19 08:58:53 - INFO - Epoch 383/800, Loss: 1.2862240335950512
2024-06-19 08:59:00 - INFO - Epoch 384/800, Loss: 1.3282321863181532
2024-06-19 08:59:07 - INFO - Epoch 385/800, Loss: 1.2967245033311194
2024-06-19 08:59:13 - INFO - Epoch 386/800, Loss: 1.268587983658095
2024-06-19 08:59:20 - INFO - Epoch 387/800, Loss: 1.2863369332814778
2024-06-19 08:59:26 - INFO - Epoch 388/800, Loss: 1.3052844172468723
2024-06-19 08:59:33 - INFO - Epoch 389/800, Loss: 1.2927661244575435
2024-06-19 08:59:40 - INFO - Epoch 390/800, Loss: 1.2873694924792225
2024-06-19 08:59:46 - INFO - Epoch 391/800, Loss: 1.269126410686681
2024-06-19 08:59:53 - INFO - Epoch 392/800, Loss: 1.266968252358175
2024-06-19 09:00:00 - INFO - Epoch 393/800, Loss: 1.3286386675035162
2024-06-19 09:00:06 - INFO - Epoch 394/800, Loss: 1.311816527532832
2024-06-19 09:00:13 - INFO - Epoch 395/800, Loss: 1.2565394336916949
2024-06-19 09:00:20 - INFO - Epoch 396/800, Loss: 1.3025513450254795
2024-06-19 09:00:26 - INFO - Epoch 397/800, Loss: 1.289706034795103
2024-06-19 09:00:33 - INFO - Epoch 398/800, Loss: 1.3015474720280058
2024-06-19 09:00:39 - INFO - Epoch 399/800, Loss: 1.332492842250016
2024-06-19 09:00:46 - INFO - Epoch 400/800, Loss: 1.31226716105622
2024-06-19 09:00:53 - INFO - Epoch 401/800, Loss: 1.2971455894996946
2024-06-19 09:01:00 - INFO - Epoch 402/800, Loss: 1.3367795382717222
2024-06-19 09:01:06 - INFO - Epoch 403/800, Loss: 1.3113857454675757
2024-06-19 09:01:13 - INFO - Epoch 404/800, Loss: 1.2609668827143328
2024-06-19 09:01:19 - INFO - Epoch 405/800, Loss: 1.2550552754434743
2024-06-19 09:01:26 - INFO - Epoch 406/800, Loss: 1.2783050080896814
2024-06-19 09:01:33 - INFO - Epoch 407/800, Loss: 1.2731744201702093
2024-06-19 09:01:39 - INFO - Epoch 408/800, Loss: 1.2746937741341353
2024-06-19 09:01:46 - INFO - Epoch 409/800, Loss: 1.255422458241731
2024-06-19 09:01:53 - INFO - Epoch 410/800, Loss: 1.264796293630198
2024-06-19 09:01:59 - INFO - Epoch 411/800, Loss: 1.3312678249295784
2024-06-19 09:02:06 - INFO - Epoch 412/800, Loss: 1.2527074468067676
2024-06-19 09:02:12 - INFO - Epoch 413/800, Loss: 1.2676487544565604
2024-06-19 09:02:19 - INFO - Epoch 414/800, Loss: 1.3274146618052007
2024-06-19 09:02:26 - INFO - Epoch 415/800, Loss: 1.271893384006351
2024-06-19 09:02:33 - INFO - Epoch 416/800, Loss: 1.2806151892546747
2024-06-19 09:02:39 - INFO - Epoch 417/800, Loss: 1.2777309365193392
2024-06-19 09:02:46 - INFO - Epoch 418/800, Loss: 1.2867019815834608
2024-06-19 09:02:52 - INFO - Epoch 419/800, Loss: 1.292020383946418
2024-06-19 09:02:59 - INFO - Epoch 420/800, Loss: 1.282037340602255
2024-06-19 09:03:06 - INFO - Epoch 421/800, Loss: 1.2834750898478504
2024-06-19 09:03:13 - INFO - Epoch 422/800, Loss: 1.3220848957985696
2024-06-19 09:03:19 - INFO - Epoch 423/800, Loss: 1.3038013241134008
2024-06-19 09:03:26 - INFO - Epoch 424/800, Loss: 1.2806260648844536
2024-06-19 09:03:32 - INFO - Epoch 425/800, Loss: 1.2713277200849487
2024-06-19 09:03:39 - INFO - Epoch 426/800, Loss: 1.2986120719964638
2024-06-19 09:03:45 - INFO - Epoch 427/800, Loss: 1.3327715593152802
2024-06-19 09:03:52 - INFO - Epoch 428/800, Loss: 1.3390923983902356
2024-06-19 09:03:59 - INFO - Epoch 429/800, Loss: 1.2622771346075334
2024-06-19 09:04:06 - INFO - Epoch 430/800, Loss: 1.263876828822399
2024-06-19 09:04:12 - INFO - Epoch 431/800, Loss: 1.3148824389729048
2024-06-19 09:04:19 - INFO - Epoch 432/800, Loss: 1.2602097940529173
2024-06-19 09:04:25 - INFO - Epoch 433/800, Loss: 1.317308634803567
2024-06-19 09:04:32 - INFO - Epoch 434/800, Loss: 1.2876579578366234
2024-06-19 09:04:39 - INFO - Epoch 435/800, Loss: 1.2606098817514475
2024-06-19 09:04:46 - INFO - Epoch 436/800, Loss: 1.2540532690164452
2024-06-19 09:04:52 - INFO - Epoch 437/800, Loss: 1.2794349158773837
2024-06-19 09:04:59 - INFO - Epoch 438/800, Loss: 1.2740691900474947
2024-06-19 09:05:05 - INFO - Epoch 439/800, Loss: 1.3064226960501943
2024-06-19 09:05:12 - INFO - Epoch 440/800, Loss: 1.2534727530183971
2024-06-19 09:05:18 - INFO - Epoch 441/800, Loss: 1.2646491976954175
2024-06-19 09:05:25 - INFO - Epoch 442/800, Loss: 1.252967254423848
2024-06-19 09:05:32 - INFO - Epoch 443/800, Loss: 1.2686925136255585
2024-06-19 09:05:39 - INFO - Epoch 444/800, Loss: 1.2777711525846878
2024-06-19 09:05:45 - INFO - Epoch 445/800, Loss: 1.277079327615275
2024-06-19 09:05:52 - INFO - Epoch 446/800, Loss: 1.2704069325765772
2024-06-19 09:05:58 - INFO - Epoch 447/800, Loss: 1.3281320985798855
2024-06-19 09:06:05 - INFO - Epoch 448/800, Loss: 1.2656152235305176
2024-06-19 09:06:12 - INFO - Epoch 449/800, Loss: 1.2731105172140398
2024-06-19 09:06:18 - INFO - Epoch 450/800, Loss: 1.2838624858437282
2024-06-19 09:06:25 - INFO - Epoch 451/800, Loss: 1.2709294053149822
2024-06-19 09:06:32 - INFO - Epoch 452/800, Loss: 1.2944974641983231
2024-06-19 09:06:38 - INFO - Epoch 453/800, Loss: 1.2931967893305314
2024-06-19 09:06:45 - INFO - Epoch 454/800, Loss: 1.2614472847472937
2024-06-19 09:06:52 - INFO - Epoch 455/800, Loss: 1.488826452236719
2024-06-19 09:06:58 - INFO - Epoch 456/800, Loss: 1.271650478732152
2024-06-19 09:07:05 - INFO - Epoch 457/800, Loss: 1.3241448200203931
2024-06-19 09:07:12 - INFO - Epoch 458/800, Loss: 1.3242672901519732
2024-06-19 09:07:18 - INFO - Epoch 459/800, Loss: 1.2562761457983889
2024-06-19 09:07:25 - INFO - Epoch 460/800, Loss: 1.2698330998459504
2024-06-19 09:07:32 - INFO - Epoch 461/800, Loss: 1.267826112738681
2024-06-19 09:07:38 - INFO - Epoch 462/800, Loss: 1.2695576404974405
2024-06-19 09:07:45 - INFO - Epoch 463/800, Loss: 1.2622987161823958
2024-06-19 09:07:52 - INFO - Epoch 464/800, Loss: 1.2734852365102471
2024-06-19 09:07:58 - INFO - Epoch 465/800, Loss: 1.2838455173353411
2024-06-19 09:08:05 - INFO - Epoch 466/800, Loss: 1.3075031785072158
2024-06-19 09:08:11 - INFO - Epoch 467/800, Loss: 1.2652728001465054
2024-06-19 09:08:18 - INFO - Epoch 468/800, Loss: 1.272254040831608
2024-06-19 09:08:25 - INFO - Epoch 469/800, Loss: 1.2836838702535338
2024-06-19 09:08:31 - INFO - Epoch 470/800, Loss: 1.2754503139939506
2024-06-19 09:08:38 - INFO - Epoch 471/800, Loss: 1.2800609760967552
2024-06-19 09:08:45 - INFO - Epoch 472/800, Loss: 1.306879355790741
2024-06-19 09:08:51 - INFO - Epoch 473/800, Loss: 1.2783876360141544
2024-06-19 09:08:58 - INFO - Epoch 474/800, Loss: 1.2871625338068169
2024-06-19 09:09:05 - INFO - Epoch 475/800, Loss: 1.264331284235618
2024-06-19 09:09:11 - INFO - Epoch 476/800, Loss: 1.2568966562166233
2024-06-19 09:09:18 - INFO - Epoch 477/800, Loss: 1.271036734847196
2024-06-19 09:09:25 - INFO - Epoch 478/800, Loss: 1.327168952685622
2024-06-19 09:09:31 - INFO - Epoch 479/800, Loss: 1.2893168799621049
2024-06-19 09:09:38 - INFO - Epoch 480/800, Loss: 1.2642066101202687
2024-06-19 09:09:44 - INFO - Epoch 481/800, Loss: 1.2693848322886656
2024-06-19 09:09:51 - INFO - Epoch 482/800, Loss: 1.2805559604075842
2024-06-19 09:09:58 - INFO - Epoch 483/800, Loss: 1.2761575638463805
2024-06-19 09:10:04 - INFO - Epoch 484/800, Loss: 1.2642264059496153
2024-06-19 09:10:11 - INFO - Epoch 485/800, Loss: 1.281694703425057
2024-06-19 09:10:18 - INFO - Epoch 486/800, Loss: 1.2606796343134952
2024-06-19 09:10:24 - INFO - Epoch 487/800, Loss: 1.2535009864804825
2024-06-19 09:10:31 - INFO - Epoch 488/800, Loss: 1.3205554968187103
2024-06-19 09:10:38 - INFO - Epoch 489/800, Loss: 1.3154925571427554
2024-06-19 09:10:44 - INFO - Epoch 490/800, Loss: 1.2806321228115163
2024-06-19 09:10:51 - INFO - Epoch 491/800, Loss: 1.2642976632594995
2024-06-19 09:10:58 - INFO - Epoch 492/800, Loss: 1.3452847914256207
2024-06-19 09:11:04 - INFO - Epoch 493/800, Loss: 1.2769977821469478
2024-06-19 09:11:11 - INFO - Epoch 494/800, Loss: 1.278391951525643
2024-06-19 09:11:18 - INFO - Epoch 495/800, Loss: 1.2860860751717291
2024-06-19 09:11:24 - INFO - Epoch 496/800, Loss: 1.2712324430895656
2024-06-19 09:11:31 - INFO - Epoch 497/800, Loss: 1.2873748172217763
2024-06-19 09:11:37 - INFO - Epoch 498/800, Loss: 1.260251118870497
2024-06-19 09:11:44 - INFO - Epoch 499/800, Loss: 1.2859416463598625
2024-06-19 09:11:51 - INFO - Epoch 500/800, Loss: 1.3359632104952477
2024-06-19 09:11:57 - INFO - Epoch 501/800, Loss: 1.274261238778568
2024-06-19 09:12:04 - INFO - Epoch 502/800, Loss: 1.2887193136499366
2024-06-19 09:12:11 - INFO - Epoch 503/800, Loss: 1.2878073979159952
2024-06-19 09:12:17 - INFO - Epoch 504/800, Loss: 1.262548480191025
2024-06-19 09:12:24 - INFO - Epoch 505/800, Loss: 1.2598999395300885
2024-06-19 09:12:30 - INFO - Epoch 506/800, Loss: 1.2854152157101313
2024-06-19 09:12:37 - INFO - Epoch 507/800, Loss: 1.2563855371974821
2024-06-19 09:12:44 - INFO - Epoch 508/800, Loss: 1.2873160820960865
2024-06-19 09:12:51 - INFO - Epoch 509/800, Loss: 1.2915865261396349
2024-06-19 09:12:57 - INFO - Epoch 510/800, Loss: 1.2937740335813355
2024-06-19 09:13:04 - INFO - Epoch 511/800, Loss: 1.258614197694091
2024-06-19 09:13:10 - INFO - Epoch 512/800, Loss: 1.2540762289095828
2024-06-19 09:13:17 - INFO - Epoch 513/800, Loss: 1.2798878887383136
2024-06-19 09:13:24 - INFO - Epoch 514/800, Loss: 1.257520459510955
2024-06-19 09:13:30 - INFO - Epoch 515/800, Loss: 1.267449960085558
2024-06-19 09:13:37 - INFO - Epoch 516/800, Loss: 1.263041867486371
2024-06-19 09:13:44 - INFO - Epoch 517/800, Loss: 1.2960134987130034
2024-06-19 09:13:50 - INFO - Epoch 518/800, Loss: 1.2849958166829858
2024-06-19 09:13:57 - INFO - Epoch 519/800, Loss: 1.2772787472462879
2024-06-19 09:14:03 - INFO - Epoch 520/800, Loss: 1.2685211897561315
2024-06-19 09:14:10 - INFO - Epoch 521/800, Loss: 1.2609964299721736
2024-06-19 09:14:17 - INFO - Epoch 522/800, Loss: 1.262698507999402
2024-06-19 09:14:23 - INFO - Epoch 523/800, Loss: 1.2883492535872756
2024-06-19 09:14:30 - INFO - Epoch 524/800, Loss: 1.3158322383473842
2024-06-19 09:14:37 - INFO - Epoch 525/800, Loss: 1.2843752392985324
2024-06-19 09:14:43 - INFO - Epoch 526/800, Loss: 1.2704232422725783
2024-06-19 09:14:50 - INFO - Epoch 527/800, Loss: 1.40007065364641
2024-06-19 09:14:57 - INFO - Epoch 528/800, Loss: 1.2690558307191815
2024-06-19 09:15:03 - INFO - Epoch 529/800, Loss: 1.264864164028674
2024-06-19 09:15:10 - INFO - Epoch 530/800, Loss: 1.3261369010956945
2024-06-19 09:15:17 - INFO - Epoch 531/800, Loss: 1.276031852522106
2024-06-19 09:15:23 - INFO - Epoch 532/800, Loss: 1.3015488259647037
2024-06-19 09:15:30 - INFO - Epoch 533/800, Loss: 1.277373157213385
2024-06-19 09:15:37 - INFO - Epoch 534/800, Loss: 1.2629006145245714
2024-06-19 09:15:43 - INFO - Epoch 535/800, Loss: 1.3223424740528753
2024-06-19 09:15:50 - INFO - Epoch 536/800, Loss: 1.2652551020859109
2024-06-19 09:15:57 - INFO - Epoch 537/800, Loss: 1.305641971837802
2024-06-19 09:16:03 - INFO - Epoch 538/800, Loss: 1.2661423858048908
2024-06-19 09:16:10 - INFO - Epoch 539/800, Loss: 1.278904018965979
2024-06-19 09:16:16 - INFO - Epoch 540/800, Loss: 1.252802068937918
2024-06-19 09:16:23 - INFO - Epoch 541/800, Loss: 1.2847714983579677
2024-06-19 09:16:30 - INFO - Epoch 542/800, Loss: 1.3378967012603462
2024-06-19 09:16:37 - INFO - Epoch 543/800, Loss: 1.274928816097504
2024-06-19 09:16:43 - INFO - Epoch 544/800, Loss: 1.2689450451482462
2024-06-19 09:16:50 - INFO - Epoch 545/800, Loss: 1.265896848708423
2024-06-19 09:16:56 - INFO - Epoch 546/800, Loss: 1.2784881660785656
2024-06-19 09:17:03 - INFO - Epoch 547/800, Loss: 1.2604762520084365
2024-06-19 09:17:10 - INFO - Epoch 548/800, Loss: 1.3051058361233625
2024-06-19 09:17:17 - INFO - Epoch 549/800, Loss: 1.3955844121071737
2024-06-19 09:17:23 - INFO - Epoch 550/800, Loss: 1.2880686471049203
2024-06-19 09:17:30 - INFO - Epoch 551/800, Loss: 1.272293314959045
2024-06-19 09:17:36 - INFO - Epoch 552/800, Loss: 1.3424689924900366
2024-06-19 09:17:43 - INFO - Epoch 553/800, Loss: 1.268189102105115
2024-06-19 09:17:50 - INFO - Epoch 554/800, Loss: 1.295450888273856
2024-06-19 09:17:57 - INFO - Epoch 555/800, Loss: 1.291173263434635
2024-06-19 09:18:03 - INFO - Epoch 556/800, Loss: 1.290259630400915
2024-06-19 09:18:10 - INFO - Epoch 557/800, Loss: 1.2779243941897325
2024-06-19 09:18:16 - INFO - Epoch 558/800, Loss: 1.272532446909853
2024-06-19 09:18:23 - INFO - Epoch 559/800, Loss: 1.2895154943361125
2024-06-19 09:18:30 - INFO - Epoch 560/800, Loss: 1.271647432096133
2024-06-19 09:18:36 - INFO - Epoch 561/800, Loss: 1.2868619187132104
2024-06-19 09:18:43 - INFO - Epoch 562/800, Loss: 1.274983292903128
2024-06-19 09:18:50 - INFO - Epoch 563/800, Loss: 1.2936745171588384
2024-06-19 09:18:56 - INFO - Epoch 564/800, Loss: 1.2605696158590207
2024-06-19 09:19:03 - INFO - Epoch 565/800, Loss: 1.359522386712797
2024-06-19 09:19:10 - INFO - Epoch 566/800, Loss: 1.3136750569498945
2024-06-19 09:19:16 - INFO - Epoch 567/800, Loss: 1.2524802282155434
2024-06-19 09:19:23 - INFO - Epoch 568/800, Loss: 1.2729058223849465
2024-06-19 09:19:30 - INFO - Epoch 569/800, Loss: 1.2947881611876477
2024-06-19 09:19:36 - INFO - Epoch 570/800, Loss: 1.2807698024675191
2024-06-19 09:19:43 - INFO - Epoch 571/800, Loss: 1.3042781153289542
2024-06-19 09:19:50 - INFO - Epoch 572/800, Loss: 1.2806821174797351
2024-06-19 09:19:56 - INFO - Epoch 573/800, Loss: 1.2722170617642143
2024-06-19 09:20:03 - INFO - Epoch 574/800, Loss: 1.3315089318380249
2024-06-19 09:20:10 - INFO - Epoch 575/800, Loss: 1.2884508968868034
2024-06-19 09:20:16 - INFO - Epoch 576/800, Loss: 1.263372140549574
2024-06-19 09:20:23 - INFO - Epoch 577/800, Loss: 1.3106482196750764
2024-06-19 09:20:30 - INFO - Epoch 578/800, Loss: 1.2673671239701207
2024-06-19 09:20:36 - INFO - Epoch 579/800, Loss: 1.2767400327367397
2024-06-19 09:20:43 - INFO - Epoch 580/800, Loss: 1.3185197989411896
2024-06-19 09:20:50 - INFO - Epoch 581/800, Loss: 1.2637022070564863
2024-06-19 09:20:56 - INFO - Epoch 582/800, Loss: 1.2715744074986957
2024-06-19 09:21:03 - INFO - Epoch 583/800, Loss: 1.2841113531422716
2024-06-19 09:21:09 - INFO - Epoch 584/800, Loss: 1.3094437175707379
2024-06-19 09:21:16 - INFO - Epoch 585/800, Loss: 1.316661095179225
2024-06-19 09:21:23 - INFO - Epoch 586/800, Loss: 1.2905657785139295
2024-06-19 09:21:29 - INFO - Epoch 587/800, Loss: 1.2786268285947415
2024-06-19 09:21:36 - INFO - Epoch 588/800, Loss: 1.2781877085148847
2024-06-19 09:21:43 - INFO - Epoch 589/800, Loss: 1.266167774790252
2024-06-19 09:21:49 - INFO - Epoch 590/800, Loss: 1.2772301981063787
2024-06-19 09:21:56 - INFO - Epoch 591/800, Loss: 1.268933415972571
2024-06-19 09:22:03 - INFO - Epoch 592/800, Loss: 1.2809732973739059
2024-06-19 09:22:09 - INFO - Epoch 593/800, Loss: 1.2915436943965006
2024-06-19 09:22:16 - INFO - Epoch 594/800, Loss: 1.268313237071752
2024-06-19 09:22:22 - INFO - Epoch 595/800, Loss: 1.2727332170530603
2024-06-19 09:22:29 - INFO - Epoch 596/800, Loss: 1.2931008920927558
2024-06-19 09:22:36 - INFO - Epoch 597/800, Loss: 1.264347430663711
2024-06-19 09:22:43 - INFO - Epoch 598/800, Loss: 1.298604029289866
2024-06-19 09:22:49 - INFO - Epoch 599/800, Loss: 1.2723399791758312
2024-06-19 09:22:56 - INFO - Epoch 600/800, Loss: 1.2700544482233225
2024-06-19 09:23:02 - INFO - Epoch 601/800, Loss: 1.2796424616664843
2024-06-19 09:23:09 - INFO - Epoch 602/800, Loss: 1.25876226960679
2024-06-19 09:23:16 - INFO - Epoch 603/800, Loss: 1.262587171670799
2024-06-19 09:23:23 - INFO - Epoch 604/800, Loss: 1.2670257758136707
2024-06-19 09:23:29 - INFO - Epoch 605/800, Loss: 1.2740978426732252
2024-06-19 09:23:36 - INFO - Epoch 606/800, Loss: 1.3613407397455282
2024-06-19 09:23:42 - INFO - Epoch 607/800, Loss: 1.2590811301080085
2024-06-19 09:23:49 - INFO - Epoch 608/800, Loss: 1.2726764381666071
2024-06-19 09:23:56 - INFO - Epoch 609/800, Loss: 1.260616773431484
2024-06-19 09:24:02 - INFO - Epoch 610/800, Loss: 1.251240215712454
2024-06-19 09:24:09 - INFO - Epoch 611/800, Loss: 1.3430863177322507
2024-06-19 09:24:16 - INFO - Epoch 612/800, Loss: 1.284727148468212
2024-06-19 09:24:22 - INFO - Epoch 613/800, Loss: 1.2796595596077995
2024-06-19 09:24:29 - INFO - Epoch 614/800, Loss: 1.2768247084643547
2024-06-19 09:24:35 - INFO - Epoch 615/800, Loss: 1.3488467401337303
2024-06-19 09:24:42 - INFO - Epoch 616/800, Loss: 1.32937986508399
2024-06-19 09:24:49 - INFO - Epoch 617/800, Loss: 1.3028743815561699
2024-06-19 09:24:56 - INFO - Epoch 618/800, Loss: 1.2603820979176819
2024-06-19 09:25:02 - INFO - Epoch 619/800, Loss: 1.3199753710588906
2024-06-19 09:25:09 - INFO - Epoch 620/800, Loss: 1.3841340628726675
2024-06-19 09:25:15 - INFO - Epoch 621/800, Loss: 1.2934311311769058
2024-06-19 09:25:22 - INFO - Epoch 622/800, Loss: 1.2707422469354144
2024-06-19 09:25:29 - INFO - Epoch 623/800, Loss: 1.3108026751834456
2024-06-19 09:25:36 - INFO - Epoch 624/800, Loss: 1.2823406304352476
2024-06-19 09:25:42 - INFO - Epoch 625/800, Loss: 1.3013958384821904
2024-06-19 09:25:49 - INFO - Epoch 626/800, Loss: 1.2807586818472176
2024-06-19 09:25:55 - INFO - Epoch 627/800, Loss: 1.2702038835870755
2024-06-19 09:26:02 - INFO - Epoch 628/800, Loss: 1.2976076179084233
2024-06-19 09:26:09 - INFO - Epoch 629/800, Loss: 1.2984870707025113
2024-06-19 09:26:15 - INFO - Epoch 630/800, Loss: 1.2734939358238062
2024-06-19 09:26:22 - INFO - Epoch 631/800, Loss: 1.252556135662983
2024-06-19 09:26:29 - INFO - Epoch 632/800, Loss: 1.2884444581388967
2024-06-19 09:26:35 - INFO - Epoch 633/800, Loss: 1.273910348481759
2024-06-19 09:26:42 - INFO - Epoch 634/800, Loss: 1.27142064480393
2024-06-19 09:26:49 - INFO - Epoch 635/800, Loss: 1.262459394290447
2024-06-19 09:26:55 - INFO - Epoch 636/800, Loss: 1.264810224626263
2024-06-19 09:27:02 - INFO - Epoch 637/800, Loss: 1.2708127293267333
2024-06-19 09:27:09 - INFO - Epoch 638/800, Loss: 1.250098591828753
2024-06-19 09:27:15 - INFO - Epoch 639/800, Loss: 1.2971113218410253
2024-06-19 09:27:22 - INFO - Epoch 640/800, Loss: 1.3188623837755742
2024-06-19 09:27:29 - INFO - Epoch 641/800, Loss: 1.3013077647190727
2024-06-19 09:27:35 - INFO - Epoch 642/800, Loss: 1.2673824123273871
2024-06-19 09:27:42 - INFO - Epoch 643/800, Loss: 1.2757974945229367
2024-06-19 09:27:49 - INFO - Epoch 644/800, Loss: 1.2856433064137542
2024-06-19 09:27:55 - INFO - Epoch 645/800, Loss: 1.2538723296956893
2024-06-19 09:28:02 - INFO - Epoch 646/800, Loss: 1.2719862212453412
2024-06-19 09:28:09 - INFO - Epoch 647/800, Loss: 1.2705423733914674
2024-06-19 09:28:15 - INFO - Epoch 648/800, Loss: 1.3086029075874708
2024-06-19 09:28:22 - INFO - Epoch 649/800, Loss: 1.2619970248388634
2024-06-19 09:28:29 - INFO - Epoch 650/800, Loss: 1.2951716009567447
2024-06-19 09:28:35 - INFO - Epoch 651/800, Loss: 1.3252000353999402
2024-06-19 09:28:42 - INFO - Epoch 652/800, Loss: 1.2600207643097083
2024-06-19 09:28:49 - INFO - Epoch 653/800, Loss: 1.2795796211541728
2024-06-19 09:28:55 - INFO - Epoch 654/800, Loss: 1.2693427555931112
2024-06-19 09:29:02 - INFO - Epoch 655/800, Loss: 1.2506798909242773
2024-06-19 09:29:09 - INFO - Epoch 656/800, Loss: 1.285709810850982
2024-06-19 09:29:15 - INFO - Epoch 657/800, Loss: 1.2997827850857444
2024-06-19 09:29:22 - INFO - Epoch 658/800, Loss: 1.3248204294510235
2024-06-19 09:29:28 - INFO - Epoch 659/800, Loss: 1.2622066792409767
2024-06-19 09:29:35 - INFO - Epoch 660/800, Loss: 1.3237704636772125
2024-06-19 09:29:42 - INFO - Epoch 661/800, Loss: 1.276856589759515
2024-06-19 09:29:48 - INFO - Epoch 662/800, Loss: 1.2583615965398347
2024-06-19 09:29:55 - INFO - Epoch 663/800, Loss: 1.2760270672607403
2024-06-19 09:30:02 - INFO - Epoch 664/800, Loss: 1.2915342877567582
2024-06-19 09:30:08 - INFO - Epoch 665/800, Loss: 1.3809965950272514
2024-06-19 09:30:15 - INFO - Epoch 666/800, Loss: 1.2812664064964046
2024-06-19 09:30:22 - INFO - Epoch 667/800, Loss: 1.2991261314476894
2024-06-19 09:30:28 - INFO - Epoch 668/800, Loss: 1.2734105616041858
2024-06-19 09:30:35 - INFO - Epoch 669/800, Loss: 1.3081995085327163
2024-06-19 09:30:41 - INFO - Epoch 670/800, Loss: 1.2576115671707175
2024-06-19 09:30:48 - INFO - Epoch 671/800, Loss: 1.288797136331233
2024-06-19 09:30:55 - INFO - Epoch 672/800, Loss: 1.2913343774021706
2024-06-19 09:31:01 - INFO - Epoch 673/800, Loss: 1.292057175175923
2024-06-19 09:31:08 - INFO - Epoch 674/800, Loss: 1.287972313586524
2024-06-19 09:31:15 - INFO - Epoch 675/800, Loss: 1.2888462353865373
2024-06-19 09:31:21 - INFO - Epoch 676/800, Loss: 1.2972923389334716
2024-06-19 09:31:28 - INFO - Epoch 677/800, Loss: 1.2938295518848257
2024-06-19 09:31:35 - INFO - Epoch 678/800, Loss: 1.3082472669669887
2024-06-19 09:31:41 - INFO - Epoch 679/800, Loss: 1.2741394333774474
2024-06-19 09:31:48 - INFO - Epoch 680/800, Loss: 1.2677157888606199
2024-06-19 09:31:54 - INFO - Epoch 681/800, Loss: 1.2613233589358017
2024-06-19 09:32:01 - INFO - Epoch 682/800, Loss: 1.326003925740367
2024-06-19 09:32:08 - INFO - Epoch 683/800, Loss: 1.299771660287327
2024-06-19 09:32:14 - INFO - Epoch 684/800, Loss: 1.2807732481052811
2024-06-19 09:32:21 - INFO - Epoch 685/800, Loss: 1.2751476576996221
2024-06-19 09:32:28 - INFO - Epoch 686/800, Loss: 1.2929271762409742
2024-06-19 09:32:34 - INFO - Epoch 687/800, Loss: 1.3704032060774511
2024-06-19 09:32:41 - INFO - Epoch 688/800, Loss: 1.3054747318770437
2024-06-19 09:32:48 - INFO - Epoch 689/800, Loss: 1.2766644311395643
2024-06-19 09:32:54 - INFO - Epoch 690/800, Loss: 1.2714725427451794
2024-06-19 09:33:01 - INFO - Epoch 691/800, Loss: 1.2885190814585277
2024-06-19 09:33:07 - INFO - Epoch 692/800, Loss: 1.25863684406785
2024-06-19 09:33:14 - INFO - Epoch 693/800, Loss: 1.2617652567450441
2024-06-19 09:33:21 - INFO - Epoch 694/800, Loss: 1.2795649281285306
2024-06-19 09:33:27 - INFO - Epoch 695/800, Loss: 1.282319439309182
2024-06-19 09:33:34 - INFO - Epoch 696/800, Loss: 1.2623887778447827
2024-06-19 09:33:41 - INFO - Epoch 697/800, Loss: 1.4645526400227729
2024-06-19 09:33:47 - INFO - Epoch 698/800, Loss: 1.3075206026019996
2024-06-19 09:33:54 - INFO - Epoch 699/800, Loss: 1.2924368626091796
2024-06-19 09:34:00 - INFO - Epoch 700/800, Loss: 1.2739352535537634
2024-06-19 09:34:07 - INFO - Epoch 701/800, Loss: 1.2677461910196823
2024-06-19 09:34:14 - INFO - Epoch 702/800, Loss: 1.300716778814546
2024-06-19 09:34:20 - INFO - Epoch 703/800, Loss: 1.2893083695891467
2024-06-19 09:34:27 - INFO - Epoch 704/800, Loss: 1.2742896670771626
2024-06-19 09:34:34 - INFO - Epoch 705/800, Loss: 1.2874600263130203
2024-06-19 09:34:40 - INFO - Epoch 706/800, Loss: 1.271296167896753
2024-06-19 09:34:47 - INFO - Epoch 707/800, Loss: 1.2672152150454716
2024-06-19 09:34:53 - INFO - Epoch 708/800, Loss: 1.2864905710816135
2024-06-19 09:35:00 - INFO - Epoch 709/800, Loss: 1.2855913446343317
2024-06-19 09:35:07 - INFO - Epoch 710/800, Loss: 1.2526874985205259
2024-06-19 09:35:13 - INFO - Epoch 711/800, Loss: 1.2745576234939502
2024-06-19 09:35:20 - INFO - Epoch 712/800, Loss: 1.2950336010293282
2024-06-19 09:35:27 - INFO - Epoch 713/800, Loss: 1.2766951626826546
2024-06-19 09:35:33 - INFO - Epoch 714/800, Loss: 1.2592737245819023
2024-06-19 09:35:40 - INFO - Epoch 715/800, Loss: 1.2600534058335335
2024-06-19 09:35:46 - INFO - Epoch 716/800, Loss: 1.263143850365859
2024-06-19 09:35:53 - INFO - Epoch 717/800, Loss: 1.2583476379371745
2024-06-19 09:36:00 - INFO - Epoch 718/800, Loss: 1.2666344451964142
2024-06-19 09:36:07 - INFO - Epoch 719/800, Loss: 1.250606595170452
2024-06-19 09:36:13 - INFO - Epoch 720/800, Loss: 1.2659326641123947
2024-06-19 09:36:20 - INFO - Epoch 721/800, Loss: 1.2599301632215458
2024-06-19 09:36:26 - INFO - Epoch 722/800, Loss: 1.2877417707667105
2024-06-19 09:36:33 - INFO - Epoch 723/800, Loss: 1.2722797947870175
2024-06-19 09:36:40 - INFO - Epoch 724/800, Loss: 1.2601184764511497
2024-06-19 09:36:46 - INFO - Epoch 725/800, Loss: 1.2748017699428225
2024-06-19 09:36:53 - INFO - Epoch 726/800, Loss: 1.2838658322373877
2024-06-19 09:37:00 - INFO - Epoch 727/800, Loss: 1.318953519479692
2024-06-19 09:37:06 - INFO - Epoch 728/800, Loss: 1.3040501089024699
2024-06-19 09:37:13 - INFO - Epoch 729/800, Loss: 1.2689878630825417
2024-06-19 09:37:20 - INFO - Epoch 730/800, Loss: 1.2793369045933825
2024-06-19 09:37:26 - INFO - Epoch 731/800, Loss: 1.2855216411900798
2024-06-19 09:37:33 - INFO - Epoch 732/800, Loss: 1.305661400242319
2024-06-19 09:37:40 - INFO - Epoch 733/800, Loss: 1.280188608118576
2024-06-19 09:37:46 - INFO - Epoch 734/800, Loss: 1.2761341891561166
2024-06-19 09:37:53 - INFO - Epoch 735/800, Loss: 1.2853706378276915
2024-06-19 09:37:59 - INFO - Epoch 736/800, Loss: 1.2571036584433921
2024-06-19 09:38:06 - INFO - Epoch 737/800, Loss: 1.3017390459278595
2024-06-19 09:38:13 - INFO - Epoch 738/800, Loss: 1.2832214178103858
2024-06-19 09:38:20 - INFO - Epoch 739/800, Loss: 1.2594228824112685
2024-06-19 09:38:26 - INFO - Epoch 740/800, Loss: 1.2897225921303526
2024-06-19 09:38:33 - INFO - Epoch 741/800, Loss: 1.2811706424651605
2024-06-19 09:38:39 - INFO - Epoch 742/800, Loss: 1.3011942464249273
2024-06-19 09:38:46 - INFO - Epoch 743/800, Loss: 1.3011907575098656
2024-06-19 09:38:53 - INFO - Epoch 744/800, Loss: 1.2674287164836882
2024-06-19 09:38:59 - INFO - Epoch 745/800, Loss: 1.302562954266445
2024-06-19 09:39:06 - INFO - Epoch 746/800, Loss: 1.2702603222452402
2024-06-19 09:39:13 - INFO - Epoch 747/800, Loss: 1.2867917886135196
2024-06-19 09:39:19 - INFO - Epoch 748/800, Loss: 1.2794799337669467
2024-06-19 09:39:26 - INFO - Epoch 749/800, Loss: 1.3853466047467322
2024-06-19 09:39:32 - INFO - Epoch 750/800, Loss: 1.2605364177370317
2024-06-19 09:39:39 - INFO - Epoch 751/800, Loss: 1.2943770006788728
2024-06-19 09:39:46 - INFO - Epoch 752/800, Loss: 1.2658695256488957
2024-06-19 09:39:52 - INFO - Epoch 753/800, Loss: 1.298150813280885
2024-06-19 09:39:59 - INFO - Epoch 754/800, Loss: 1.3395018940639536
2024-06-19 09:40:06 - INFO - Epoch 755/800, Loss: 1.2808450197944115
2024-06-19 09:40:12 - INFO - Epoch 756/800, Loss: 1.2922456991454745
2024-06-19 09:40:19 - INFO - Epoch 757/800, Loss: 1.2862845439600135
2024-06-19 09:40:26 - INFO - Epoch 758/800, Loss: 1.2821938742300414
2024-06-19 09:40:33 - INFO - Epoch 759/800, Loss: 1.293491627938056
2024-06-19 09:40:39 - INFO - Epoch 760/800, Loss: 1.2825318064166762
2024-06-19 09:40:46 - INFO - Epoch 761/800, Loss: 1.3522197963613705
2024-06-19 09:40:52 - INFO - Epoch 762/800, Loss: 1.2770419862431828
2024-06-19 09:40:59 - INFO - Epoch 763/800, Loss: 1.2822672864114402
2024-06-19 09:41:05 - INFO - Epoch 764/800, Loss: 1.3002205671517357
2024-06-19 09:41:12 - INFO - Epoch 765/800, Loss: 1.2713549219929723
2024-06-19 09:41:19 - INFO - Epoch 766/800, Loss: 1.317895440273314
2024-06-19 09:41:25 - INFO - Epoch 767/800, Loss: 1.2636996528867708
2024-06-19 09:41:32 - INFO - Epoch 768/800, Loss: 1.291212563633736
2024-06-19 09:41:39 - INFO - Epoch 769/800, Loss: 1.2689855515981814
2024-06-19 09:41:45 - INFO - Epoch 770/800, Loss: 1.3234245930623239
2024-06-19 09:41:52 - INFO - Epoch 771/800, Loss: 1.2966487584450763
2024-06-19 09:41:59 - INFO - Epoch 772/800, Loss: 1.2745658444631263
2024-06-19 09:42:05 - INFO - Epoch 773/800, Loss: 1.278472531242461
2024-06-19 09:42:12 - INFO - Epoch 774/800, Loss: 1.2762957560834884
2024-06-19 09:42:19 - INFO - Epoch 775/800, Loss: 1.2665039729646452
2024-06-19 09:42:25 - INFO - Epoch 776/800, Loss: 1.253347570536077
2024-06-19 09:42:32 - INFO - Epoch 777/800, Loss: 1.2664164407690028
2024-06-19 09:42:39 - INFO - Epoch 778/800, Loss: 1.3045343164009446
2024-06-19 09:42:45 - INFO - Epoch 779/800, Loss: 1.2790217724786457
2024-06-19 09:42:52 - INFO - Epoch 780/800, Loss: 1.3708128244071272
2024-06-19 09:42:59 - INFO - Epoch 781/800, Loss: 1.266223112448419
2024-06-19 09:43:05 - INFO - Epoch 782/800, Loss: 1.2788223179182525
2024-06-19 09:43:12 - INFO - Epoch 783/800, Loss: 1.2978023462635102
2024-06-19 09:43:19 - INFO - Epoch 784/800, Loss: 1.2933308594463893
2024-06-19 09:43:25 - INFO - Epoch 785/800, Loss: 1.271566844405431
2024-06-19 09:43:32 - INFO - Epoch 786/800, Loss: 1.2746503186991693
2024-06-19 09:43:39 - INFO - Epoch 787/800, Loss: 1.302271655484378
2024-06-19 09:43:45 - INFO - Epoch 788/800, Loss: 1.2825343507451004
2024-06-19 09:43:52 - INFO - Epoch 789/800, Loss: 1.2698945990778194
2024-06-19 09:43:58 - INFO - Epoch 790/800, Loss: 1.3012083247910038
2024-06-19 09:44:05 - INFO - Epoch 791/800, Loss: 1.3082971785106525
2024-06-19 09:44:12 - INFO - Epoch 792/800, Loss: 1.2718324332879365
2024-06-19 09:44:18 - INFO - Epoch 793/800, Loss: 1.3099362393699585
2024-06-19 09:44:25 - INFO - Epoch 794/800, Loss: 1.2896507723042308
2024-06-19 09:44:32 - INFO - Epoch 795/800, Loss: 1.2612784299447946
2024-06-19 09:44:38 - INFO - Epoch 796/800, Loss: 1.352947702208573
2024-06-19 09:44:45 - INFO - Epoch 797/800, Loss: 1.2773286509158106
2024-06-19 09:44:52 - INFO - Epoch 798/800, Loss: 1.2880079740538832
2024-06-19 09:44:58 - INFO - Epoch 799/800, Loss: 1.2627806642955082
2024-06-19 09:45:03 - INFO - Epoch 800/800, Loss: 1.2937546678901146
2024-06-19 09:45:03 - INFO - Finished training model.
2024-06-19 09:45:04 - INFO - 
Generated Code:
2024-06-19 09:45:04 - INFO - e = = : { float a = FLOAT_LITERAL - FLOAT_LITERAL + FLOAT_LITERAL + FLOAT_LITERAL ; float a = FLOAT_LITERAL + FLOAT_LITERAL + FLOAT_LITERAL + FLOAT_LITERAL ; float a = FLOAT_LITERAL + FLOAT_LITERAL + FLOAT_LITERAL + FLOAT_LITERAL ; return h ; } else { float a = FLOAT_LITERAL - FLOAT_LITERAL + FLOAT_LITERAL + FLOAT_LITERAL + FLOAT_LITERAL ; float a = FLOAT_LITERAL + FLOAT_LITERAL + FLOAT_LITERAL + FLOAT_LITERAL ; float a = FLOAT_LITERAL + FLOAT_LITERAL + FLOAT_LITERAL + FLOAT_LITERAL ; return e ; } else { float a = FLOAT_LITERAL - FLOAT_LITERAL + FLOAT_LITERAL + FLOAT_LITERAL + FLOAT_LITERAL ; float a
2024-06-19 09:45:04 - INFO - Finished training LSTM model.
