2024-06-27 00:45:15 - INFO - This log entry will go into a uniquely named file for this run.
2024-06-27 00:45:16 - INFO - Params:
2024-06-27 00:45:16 - INFO - embedding_dim=128
2024-06-27 00:45:16 - INFO - hidden_dim:256
2024-06-27 00:45:16 - INFO - num_layers:2
2024-06-27 00:45:16 - INFO - epochs:300
2024-06-27 00:45:16 - INFO - batch_size:64
2024-06-27 00:45:16 - INFO - lr:0.001
2024-06-27 00:45:19 - INFO - Starting LSTM model training...
2024-06-27 00:45:27 - INFO - Epoch: 1/300, Training Loss: 0.6931800579323488
2024-06-27 00:45:28 - INFO - Epoch: 1/300, Validation Loss: 0.6923193037509918, Accuracy: 52.05332516089488%
2024-06-27 00:45:36 - INFO - Epoch: 2/300, Training Loss: 0.6924579196116504
2024-06-27 00:45:37 - INFO - Epoch: 2/300, Validation Loss: 0.6924811262710422, Accuracy: 52.05332516089488%
2024-06-27 00:45:46 - INFO - Epoch: 3/300, Training Loss: 0.6923861074097016
2024-06-27 00:45:47 - INFO - Epoch: 3/300, Validation Loss: 0.6926858249832603, Accuracy: 52.17591173766473%
2024-06-27 00:45:55 - INFO - Epoch: 4/300, Training Loss: 0.6922676006660742
2024-06-27 00:45:56 - INFO - Epoch: 4/300, Validation Loss: 0.692345527457256, Accuracy: 52.05332516089488%
2024-06-27 00:46:04 - INFO - Epoch: 5/300, Training Loss: 0.6922125211533379
2024-06-27 00:46:05 - INFO - Epoch: 5/300, Validation Loss: 0.69226554386756, Accuracy: 52.05332516089488%
2024-06-27 00:46:14 - INFO - Epoch: 6/300, Training Loss: 0.6921319619697683
2024-06-27 00:46:15 - INFO - Epoch: 6/300, Validation Loss: 0.6923405159922207, Accuracy: 52.05332516089488%
2024-06-27 00:46:23 - INFO - Epoch: 7/300, Training Loss: 0.6921705228148722
2024-06-27 00:46:24 - INFO - Epoch: 7/300, Validation Loss: 0.6923050313603645, Accuracy: 52.05332516089488%
2024-06-27 00:46:32 - INFO - Epoch: 8/300, Training Loss: 0.6921536986734352
2024-06-27 00:46:33 - INFO - Epoch: 8/300, Validation Loss: 0.6923047017817404, Accuracy: 52.05332516089488%
2024-06-27 00:46:42 - INFO - Epoch: 9/300, Training Loss: 0.6921612408523466
2024-06-27 00:46:43 - INFO - Epoch: 9/300, Validation Loss: 0.6923504763958501, Accuracy: 52.05332516089488%
2024-06-27 00:46:51 - INFO - Epoch: 10/300, Training Loss: 0.6921529601894173
2024-06-27 00:46:52 - INFO - Epoch: 10/300, Validation Loss: 0.6923187351694294, Accuracy: 52.05332516089488%
2024-06-27 00:47:00 - INFO - Epoch: 11/300, Training Loss: 0.6921863852470529
2024-06-27 00:47:01 - INFO - Epoch: 11/300, Validation Loss: 0.6923291876035578, Accuracy: 52.05332516089488%
2024-06-27 00:47:10 - INFO - Epoch: 12/300, Training Loss: 0.6921471805841315
2024-06-27 00:47:11 - INFO - Epoch: 12/300, Validation Loss: 0.6923041863768709, Accuracy: 52.05332516089488%
2024-06-27 00:47:19 - INFO - Epoch: 13/300, Training Loss: 0.6921545978562504
2024-06-27 00:47:20 - INFO - Epoch: 13/300, Validation Loss: 0.6923569516808379, Accuracy: 52.05332516089488%
2024-06-27 00:47:28 - INFO - Epoch: 14/300, Training Loss: 0.6921684138622939
2024-06-27 00:47:29 - INFO - Epoch: 14/300, Validation Loss: 0.6923243976106831, Accuracy: 52.05332516089488%
2024-06-27 00:47:38 - INFO - Epoch: 15/300, Training Loss: 0.6921585658017326
2024-06-27 00:47:39 - INFO - Epoch: 15/300, Validation Loss: 0.6923057308384016, Accuracy: 52.05332516089488%
2024-06-27 00:47:47 - INFO - Epoch: 16/300, Training Loss: 0.6921652098204575
2024-06-27 00:47:48 - INFO - Epoch: 16/300, Validation Loss: 0.6923044306390426, Accuracy: 52.05332516089488%
2024-06-27 00:47:56 - INFO - Epoch: 17/300, Training Loss: 0.6921492516994476
2024-06-27 00:47:57 - INFO - Epoch: 17/300, Validation Loss: 0.692328402224709, Accuracy: 52.05332516089488%
2024-06-27 00:48:05 - INFO - Epoch: 18/300, Training Loss: 0.6921744817027858
2024-06-27 00:48:06 - INFO - Epoch: 18/300, Validation Loss: 0.6923530195273605, Accuracy: 52.05332516089488%
2024-06-27 00:48:15 - INFO - Epoch: 19/300, Training Loss: 0.6921591840538324
2024-06-27 00:48:16 - INFO - Epoch: 19/300, Validation Loss: 0.6923657281726014, Accuracy: 52.05332516089488%
2024-06-27 00:48:24 - INFO - Epoch: 20/300, Training Loss: 0.6921774613506654
2024-06-27 00:48:25 - INFO - Epoch: 20/300, Validation Loss: 0.6923382609498268, Accuracy: 52.05332516089488%
2024-06-27 00:48:33 - INFO - Epoch: 21/300, Training Loss: 0.6921539588593969
2024-06-27 00:48:34 - INFO - Epoch: 21/300, Validation Loss: 0.6923973694735882, Accuracy: 52.05332516089488%
2024-06-27 00:48:43 - INFO - Epoch: 22/300, Training Loss: 0.6921761668488091
2024-06-27 00:48:44 - INFO - Epoch: 22/300, Validation Loss: 0.6923595263677484, Accuracy: 52.05332516089488%
2024-06-27 00:48:52 - INFO - Epoch: 23/300, Training Loss: 0.6921823997707928
2024-06-27 00:48:53 - INFO - Epoch: 23/300, Validation Loss: 0.6923423321808085, Accuracy: 52.05332516089488%
2024-06-27 00:49:01 - INFO - Epoch: 24/300, Training Loss: 0.6921640406636631
2024-06-27 00:49:02 - INFO - Epoch: 24/300, Validation Loss: 0.6923370659351349, Accuracy: 52.05332516089488%
2024-06-27 00:49:11 - INFO - Epoch: 25/300, Training Loss: 0.6921444811365184
2024-06-27 00:49:12 - INFO - Epoch: 25/300, Validation Loss: 0.6923274789370742, Accuracy: 52.05332516089488%
2024-06-27 00:49:20 - INFO - Epoch: 26/300, Training Loss: 0.6922019657258894
2024-06-27 00:49:21 - INFO - Epoch: 26/300, Validation Loss: 0.6923250450807459, Accuracy: 52.05332516089488%
2024-06-27 00:49:29 - INFO - Epoch: 27/300, Training Loss: 0.692121788421098
2024-06-27 00:49:30 - INFO - Epoch: 27/300, Validation Loss: 0.6923617101183125, Accuracy: 52.05332516089488%
2024-06-27 00:49:38 - INFO - Epoch: 28/300, Training Loss: 0.692148720516878
2024-06-27 00:49:39 - INFO - Epoch: 28/300, Validation Loss: 0.6923297065145829, Accuracy: 52.05332516089488%
2024-06-27 00:49:48 - INFO - Epoch: 29/300, Training Loss: 0.6921820995562217
2024-06-27 00:49:49 - INFO - Epoch: 29/300, Validation Loss: 0.6923080045802921, Accuracy: 52.05332516089488%
2024-06-27 00:49:57 - INFO - Epoch: 30/300, Training Loss: 0.6921427916078007
2024-06-27 00:49:58 - INFO - Epoch: 30/300, Validation Loss: 0.6923664089511422, Accuracy: 52.05332516089488%
2024-06-27 00:50:07 - INFO - Epoch: 31/300, Training Loss: 0.6921665506327853
2024-06-27 00:50:08 - INFO - Epoch: 31/300, Validation Loss: 0.6923651934838763, Accuracy: 52.05332516089488%
2024-06-27 00:50:16 - INFO - Epoch: 32/300, Training Loss: 0.6921714285717291
2024-06-27 00:50:17 - INFO - Epoch: 32/300, Validation Loss: 0.6923179918644475, Accuracy: 52.05332516089488%
2024-06-27 00:50:25 - INFO - Epoch: 33/300, Training Loss: 0.6921526072364227
2024-06-27 00:50:26 - INFO - Epoch: 33/300, Validation Loss: 0.6923310417754978, Accuracy: 52.05332516089488%
2024-06-27 00:50:35 - INFO - Epoch: 34/300, Training Loss: 0.6921473440586352
2024-06-27 00:50:36 - INFO - Epoch: 34/300, Validation Loss: 0.6923999015022727, Accuracy: 52.05332516089488%
2024-06-27 00:50:44 - INFO - Epoch: 35/300, Training Loss: 0.6921504522655525
2024-06-27 00:50:45 - INFO - Epoch: 35/300, Validation Loss: 0.6923364815758724, Accuracy: 52.05332516089488%
2024-06-27 00:50:54 - INFO - Epoch: 36/300, Training Loss: 0.6921734368684245
2024-06-27 00:50:55 - INFO - Epoch: 36/300, Validation Loss: 0.6923462649186453, Accuracy: 52.05332516089488%
2024-06-27 00:51:03 - INFO - Epoch: 37/300, Training Loss: 0.6921783833234918
2024-06-27 00:51:04 - INFO - Epoch: 37/300, Validation Loss: 0.692359879320743, Accuracy: 52.05332516089488%
2024-06-27 00:51:12 - INFO - Epoch: 38/300, Training Loss: 0.6921682553548439
2024-06-27 00:51:13 - INFO - Epoch: 38/300, Validation Loss: 0.692340986401427, Accuracy: 52.05332516089488%
2024-06-27 00:51:22 - INFO - Epoch: 39/300, Training Loss: 0.692144454548172
2024-06-27 00:51:23 - INFO - Epoch: 39/300, Validation Loss: 0.6924205702893874, Accuracy: 52.05332516089488%
2024-06-27 00:51:31 - INFO - Epoch: 40/300, Training Loss: 0.6921845655523094
2024-06-27 00:51:32 - INFO - Epoch: 40/300, Validation Loss: 0.6923452861168805, Accuracy: 52.05332516089488%
2024-06-27 00:51:40 - INFO - Epoch: 41/300, Training Loss: 0.6921462331916771
2024-06-27 00:51:41 - INFO - Epoch: 41/300, Validation Loss: 0.692306726586585, Accuracy: 52.05332516089488%
2024-06-27 00:51:50 - INFO - Epoch: 42/300, Training Loss: 0.6921474813830619
2024-06-27 00:51:51 - INFO - Epoch: 42/300, Validation Loss: 0.6923513237167808, Accuracy: 52.05332516089488%
2024-06-27 00:51:59 - INFO - Epoch: 43/300, Training Loss: 0.6921271836640788
2024-06-27 00:52:00 - INFO - Epoch: 43/300, Validation Loss: 0.6923647522926331, Accuracy: 52.05332516089488%
2024-06-27 00:52:08 - INFO - Epoch: 44/300, Training Loss: 0.6921709473518765
2024-06-27 00:52:09 - INFO - Epoch: 44/300, Validation Loss: 0.6923434220108331, Accuracy: 52.05332516089488%
2024-06-27 00:52:18 - INFO - Epoch: 45/300, Training Loss: 0.692208981543195
2024-06-27 00:52:19 - INFO - Epoch: 45/300, Validation Loss: 0.69231577129925, Accuracy: 52.05332516089488%
2024-06-27 00:52:27 - INFO - Epoch: 46/300, Training Loss: 0.6921812168815556
2024-06-27 00:52:28 - INFO - Epoch: 46/300, Validation Loss: 0.6923317237227571, Accuracy: 52.05332516089488%
2024-06-27 00:52:36 - INFO - Epoch: 47/300, Training Loss: 0.6921763950411011
2024-06-27 00:52:37 - INFO - Epoch: 47/300, Validation Loss: 0.692329673206105, Accuracy: 52.05332516089488%
2024-06-27 00:52:45 - INFO - Epoch: 48/300, Training Loss: 0.6921845180731193
2024-06-27 00:52:46 - INFO - Epoch: 48/300, Validation Loss: 0.6923443190023011, Accuracy: 52.05332516089488%
2024-06-27 00:52:55 - INFO - Epoch: 49/300, Training Loss: 0.6921424966524629
2024-06-27 00:52:56 - INFO - Epoch: 49/300, Validation Loss: 0.6924084302257089, Accuracy: 52.05332516089488%
2024-06-27 00:53:04 - INFO - Epoch: 50/300, Training Loss: 0.6921265540169734
2024-06-27 00:53:05 - INFO - Epoch: 50/300, Validation Loss: 0.6926041093527102, Accuracy: 52.05332516089488%
2024-06-27 00:53:13 - INFO - Epoch: 51/300, Training Loss: 0.6921551674604416
2024-06-27 00:53:14 - INFO - Epoch: 51/300, Validation Loss: 0.6924044039903903, Accuracy: 52.05332516089488%
2024-06-27 00:53:23 - INFO - Epoch: 52/300, Training Loss: 0.6921561786941454
2024-06-27 00:53:24 - INFO - Epoch: 52/300, Validation Loss: 0.6924086201424692, Accuracy: 52.05332516089488%
2024-06-27 00:53:32 - INFO - Epoch: 53/300, Training Loss: 0.6921899486698356
2024-06-27 00:53:33 - INFO - Epoch: 53/300, Validation Loss: 0.6923998851402133, Accuracy: 52.05332516089488%
2024-06-27 00:53:41 - INFO - Epoch: 54/300, Training Loss: 0.6921128808867698
2024-06-27 00:53:42 - INFO - Epoch: 54/300, Validation Loss: 0.6925835457502627, Accuracy: 52.05332516089488%
2024-06-27 00:53:50 - INFO - Epoch: 55/300, Training Loss: 0.6921223806692105
2024-06-27 00:53:52 - INFO - Epoch: 55/300, Validation Loss: 0.6925119927116469, Accuracy: 52.05332516089488%
2024-06-27 00:54:00 - INFO - Epoch: 56/300, Training Loss: 0.6921022420420366
2024-06-27 00:54:01 - INFO - Epoch: 56/300, Validation Loss: 0.6927609788436516, Accuracy: 52.05332516089488%
2024-06-27 00:54:09 - INFO - Epoch: 57/300, Training Loss: 0.6920974101213848
2024-06-27 00:54:10 - INFO - Epoch: 57/300, Validation Loss: 0.6926893428260205, Accuracy: 52.05332516089488%
2024-06-27 00:54:18 - INFO - Epoch: 58/300, Training Loss: 0.6921592351852679
2024-06-27 00:54:19 - INFO - Epoch: 58/300, Validation Loss: 0.6926745924295163, Accuracy: 52.05332516089488%
2024-06-27 00:54:28 - INFO - Epoch: 59/300, Training Loss: 0.6921272764311117
2024-06-27 00:54:29 - INFO - Epoch: 59/300, Validation Loss: 0.6928181852780136, Accuracy: 52.05332516089488%
2024-06-27 00:54:37 - INFO - Epoch: 60/300, Training Loss: 0.692100778222084
2024-06-27 00:54:38 - INFO - Epoch: 60/300, Validation Loss: 0.6927746920024648, Accuracy: 52.05332516089488%
2024-06-27 00:54:46 - INFO - Epoch: 61/300, Training Loss: 0.6920594852052483
2024-06-27 00:54:47 - INFO - Epoch: 61/300, Validation Loss: 0.6927758151409673, Accuracy: 52.05332516089488%
2024-06-27 00:54:56 - INFO - Epoch: 62/300, Training Loss: 0.6920996074583016
2024-06-27 00:54:57 - INFO - Epoch: 62/300, Validation Loss: 0.6928128816333472, Accuracy: 52.05332516089488%
2024-06-27 00:55:05 - INFO - Epoch: 63/300, Training Loss: 0.691942521023984
2024-06-27 00:55:06 - INFO - Epoch: 63/300, Validation Loss: 0.6931252660704594, Accuracy: 52.05332516089488%
2024-06-27 00:55:14 - INFO - Epoch: 64/300, Training Loss: 0.6921703977619901
2024-06-27 00:55:15 - INFO - Epoch: 64/300, Validation Loss: 0.69300943905232, Accuracy: 52.05332516089488%
2024-06-27 00:55:24 - INFO - Epoch: 65/300, Training Loss: 0.692023422934261
2024-06-27 00:55:25 - INFO - Epoch: 65/300, Validation Loss: 0.6929196078403324, Accuracy: 52.05332516089488%
2024-06-27 00:55:33 - INFO - Epoch: 66/300, Training Loss: 0.6919703543478367
2024-06-27 00:55:34 - INFO - Epoch: 66/300, Validation Loss: 0.6930869268436058, Accuracy: 52.05332516089488%
2024-06-27 00:55:42 - INFO - Epoch: 67/300, Training Loss: 0.6918603056201748
2024-06-27 00:55:43 - INFO - Epoch: 67/300, Validation Loss: 0.693041615042032, Accuracy: 52.05332516089488%
2024-06-27 00:55:52 - INFO - Epoch: 68/300, Training Loss: 0.6918202254409883
2024-06-27 00:55:52 - INFO - Epoch: 68/300, Validation Loss: 0.693155464588427, Accuracy: 52.05332516089488%
2024-06-27 00:56:01 - INFO - Epoch: 69/300, Training Loss: 0.6918316267284692
2024-06-27 00:56:02 - INFO - Epoch: 69/300, Validation Loss: 0.6930723862320769, Accuracy: 52.05332516089488%
2024-06-27 00:56:10 - INFO - Epoch: 70/300, Training Loss: 0.6890845091319552
2024-06-27 00:56:11 - INFO - Epoch: 70/300, Validation Loss: 0.6781277668242361, Accuracy: 58.136684033098376%
2024-06-27 00:56:19 - INFO - Epoch: 71/300, Training Loss: 0.650038972789166
2024-06-27 00:56:20 - INFO - Epoch: 71/300, Validation Loss: 0.5896813244211907, Accuracy: 66.84033098375728%
2024-06-27 00:56:29 - INFO - Epoch: 72/300, Training Loss: 0.5502171266604873
2024-06-27 00:56:30 - INFO - Epoch: 72/300, Validation Loss: 0.49746857174471315, Accuracy: 73.9963224026969%
2024-06-27 00:56:38 - INFO - Epoch: 73/300, Training Loss: 0.48085895786974947
2024-06-27 00:56:39 - INFO - Epoch: 73/300, Validation Loss: 0.4675932173051086, Accuracy: 75.4060680355501%
2024-06-27 00:56:47 - INFO - Epoch: 74/300, Training Loss: 0.4457598574751732
2024-06-27 00:56:48 - INFO - Epoch: 74/300, Validation Loss: 0.4240547003699284, Accuracy: 76.81581366840331%
2024-06-27 00:56:56 - INFO - Epoch: 75/300, Training Loss: 0.41307949895660084
2024-06-27 00:56:57 - INFO - Epoch: 75/300, Validation Loss: 0.40009744991274443, Accuracy: 77.18357339871284%
2024-06-27 00:57:06 - INFO - Epoch: 76/300, Training Loss: 0.3851659160253464
2024-06-27 00:57:07 - INFO - Epoch: 76/300, Validation Loss: 0.37892164888919566, Accuracy: 77.30615997548269%
2024-06-27 00:57:15 - INFO - Epoch: 77/300, Training Loss: 0.36502782251758903
2024-06-27 00:57:16 - INFO - Epoch: 77/300, Validation Loss: 0.3660798497936305, Accuracy: 77.22954336500153%
2024-06-27 00:57:24 - INFO - Epoch: 78/300, Training Loss: 0.34265026727727815
2024-06-27 00:57:25 - INFO - Epoch: 78/300, Validation Loss: 0.35274480706920813, Accuracy: 78.6239656757585%
2024-06-27 00:57:33 - INFO - Epoch: 79/300, Training Loss: 0.3356547344329895
2024-06-27 00:57:34 - INFO - Epoch: 79/300, Validation Loss: 0.3468586437258066, Accuracy: 79.45142506895495%
2024-06-27 00:57:43 - INFO - Epoch: 80/300, Training Loss: 0.32026853770309804
2024-06-27 00:57:44 - INFO - Epoch: 80/300, Validation Loss: 0.33306089744848366, Accuracy: 78.65461231995097%
2024-06-27 00:57:52 - INFO - Epoch: 81/300, Training Loss: 0.30940633782130833
2024-06-27 00:57:53 - INFO - Epoch: 81/300, Validation Loss: 0.32554977007356345, Accuracy: 79.63530493410971%
2024-06-27 00:58:01 - INFO - Epoch: 82/300, Training Loss: 0.3012887595915327
2024-06-27 00:58:02 - INFO - Epoch: 82/300, Validation Loss: 0.3302781251715679, Accuracy: 80.09500459699663%
2024-06-27 00:58:11 - INFO - Epoch: 83/300, Training Loss: 0.2968852647452378
2024-06-27 00:58:11 - INFO - Epoch: 83/300, Validation Loss: 0.31525921690113407, Accuracy: 79.46674839105118%
2024-06-27 00:58:20 - INFO - Epoch: 84/300, Training Loss: 0.2923106351757751
2024-06-27 00:58:21 - INFO - Epoch: 84/300, Validation Loss: 0.3184424945536782, Accuracy: 80.2329144958627%
2024-06-27 00:58:29 - INFO - Epoch: 85/300, Training Loss: 0.29026058338144245
2024-06-27 00:58:30 - INFO - Epoch: 85/300, Validation Loss: 0.30935928050209494, Accuracy: 80.4321176831137%
2024-06-27 00:58:38 - INFO - Epoch: 86/300, Training Loss: 0.2847215043125199
2024-06-27 00:58:39 - INFO - Epoch: 86/300, Validation Loss: 0.30983484887024937, Accuracy: 79.83450812136071%
2024-06-27 00:58:48 - INFO - Epoch: 87/300, Training Loss: 0.28812102312404736
2024-06-27 00:58:49 - INFO - Epoch: 87/300, Validation Loss: 0.3098767839518248, Accuracy: 79.80386147716825%
2024-06-27 00:58:57 - INFO - Epoch: 88/300, Training Loss: 0.28151842502548413
2024-06-27 00:58:58 - INFO - Epoch: 88/300, Validation Loss: 0.31803035049461853, Accuracy: 78.50137909898866%
2024-06-27 00:59:06 - INFO - Epoch: 89/300, Training Loss: 0.2820148278100818
2024-06-27 00:59:07 - INFO - Epoch: 89/300, Validation Loss: 0.30107980309163823, Accuracy: 80.86117070180815%
2024-06-27 00:59:16 - INFO - Epoch: 90/300, Training Loss: 0.2836570403739518
2024-06-27 00:59:16 - INFO - Epoch: 90/300, Validation Loss: 0.30310556964547025, Accuracy: 79.31351517008888%
2024-06-27 00:59:25 - INFO - Epoch: 91/300, Training Loss: 0.2780338611234637
2024-06-27 00:59:26 - INFO - Epoch: 91/300, Validation Loss: 0.30028007296370524, Accuracy: 80.0337113086117%
2024-06-27 00:59:34 - INFO - Epoch: 92/300, Training Loss: 0.2703566876258336
2024-06-27 00:59:35 - INFO - Epoch: 92/300, Validation Loss: 0.3174471936973871, Accuracy: 80.24823781795894%
2024-06-27 00:59:43 - INFO - Epoch: 93/300, Training Loss: 0.2747718410602972
2024-06-27 00:59:44 - INFO - Epoch: 93/300, Validation Loss: 0.3079323298206516, Accuracy: 80.40147103892124%
2024-06-27 00:59:53 - INFO - Epoch: 94/300, Training Loss: 0.26811980039757843
2024-06-27 00:59:54 - INFO - Epoch: 94/300, Validation Loss: 0.3301750208232917, Accuracy: 78.59331903156604%
2024-06-27 01:00:02 - INFO - Epoch: 95/300, Training Loss: 0.2719826814809851
2024-06-27 01:00:03 - INFO - Epoch: 95/300, Validation Loss: 0.317136837571275, Accuracy: 79.4820717131474%
2024-06-27 01:00:11 - INFO - Epoch: 96/300, Training Loss: 0.2697360968290299
2024-06-27 01:00:12 - INFO - Epoch: 96/300, Validation Loss: 0.32525913914044696, Accuracy: 79.20625191541527%
2024-06-27 01:00:20 - INFO - Epoch: 97/300, Training Loss: 0.26725891615976305
2024-06-27 01:00:21 - INFO - Epoch: 97/300, Validation Loss: 0.3065451598342727, Accuracy: 78.33282255593012%
2024-06-27 01:00:30 - INFO - Epoch: 98/300, Training Loss: 0.26482162328765674
2024-06-27 01:00:31 - INFO - Epoch: 98/300, Validation Loss: 0.3001255856132975, Accuracy: 79.14495862703033%
2024-06-27 01:00:39 - INFO - Epoch: 99/300, Training Loss: 0.265715280219036
2024-06-27 01:00:40 - INFO - Epoch: 99/300, Validation Loss: 0.30952316712515027, Accuracy: 78.4707324547962%
2024-06-27 01:00:48 - INFO - Epoch: 100/300, Training Loss: 0.26248732574430167
2024-06-27 01:00:49 - INFO - Epoch: 100/300, Validation Loss: 0.3089042603969574, Accuracy: 78.45540913269997%
2024-06-27 01:00:58 - INFO - Epoch: 101/300, Training Loss: 0.25830116422445165
2024-06-27 01:00:59 - INFO - Epoch: 101/300, Validation Loss: 0.30990278910772473, Accuracy: 77.85779957094698%
2024-06-27 01:01:07 - INFO - Epoch: 102/300, Training Loss: 0.26241566810537786
2024-06-27 01:01:08 - INFO - Epoch: 102/300, Validation Loss: 0.3062160416853194, Accuracy: 78.1642660128716%
2024-06-27 01:01:16 - INFO - Epoch: 103/300, Training Loss: 0.26573756643954444
2024-06-27 01:01:17 - INFO - Epoch: 103/300, Validation Loss: 0.30808570411275416, Accuracy: 77.65859638369598%
2024-06-27 01:01:25 - INFO - Epoch: 104/300, Training Loss: 0.2561812391322033
2024-06-27 01:01:26 - INFO - Epoch: 104/300, Validation Loss: 0.3077341705268505, Accuracy: 78.1182960465829%
2024-06-27 01:01:35 - INFO - Epoch: 105/300, Training Loss: 0.26779091774540786
2024-06-27 01:01:36 - INFO - Epoch: 105/300, Validation Loss: 0.3085823349800764, Accuracy: 78.57799570946982%
2024-06-27 01:01:44 - INFO - Epoch: 106/300, Training Loss: 0.2559134053687255
2024-06-27 01:01:45 - INFO - Epoch: 106/300, Validation Loss: 0.30573225488849715, Accuracy: 77.13760343242414%
2024-06-27 01:01:53 - INFO - Epoch: 107/300, Training Loss: 0.25158921417360214
2024-06-27 01:01:54 - INFO - Epoch: 107/300, Validation Loss: 0.2996808531529763, Accuracy: 77.30615997548269%
2024-06-27 01:02:03 - INFO - Epoch: 108/300, Training Loss: 0.2519735487579715
2024-06-27 01:02:04 - INFO - Epoch: 108/300, Validation Loss: 0.31320267506674226, Accuracy: 77.67391970579222%
2024-06-27 01:02:12 - INFO - Epoch: 109/300, Training Loss: 0.25373935535111847
2024-06-27 01:02:14 - INFO - Epoch: 109/300, Validation Loss: 0.30700651877651025, Accuracy: 77.2142200429053%
2024-06-27 01:02:22 - INFO - Epoch: 110/300, Training Loss: 0.2497019780178865
2024-06-27 01:02:23 - INFO - Epoch: 110/300, Validation Loss: 0.3160673670616804, Accuracy: 76.93840024517316%
2024-06-27 01:02:31 - INFO - Epoch: 111/300, Training Loss: 0.2521697796662064
2024-06-27 01:02:32 - INFO - Epoch: 111/300, Validation Loss: 0.32292313055664884, Accuracy: 77.19889672080907%
2024-06-27 01:02:40 - INFO - Epoch: 112/300, Training Loss: 0.25377127455145704
2024-06-27 01:02:41 - INFO - Epoch: 112/300, Validation Loss: 0.30091315230318144, Accuracy: 77.04566349984677%
2024-06-27 01:02:50 - INFO - Epoch: 113/300, Training Loss: 0.25001979832920956
2024-06-27 01:02:51 - INFO - Epoch: 113/300, Validation Loss: 0.32255897086625007, Accuracy: 76.81581366840331%
2024-06-27 01:02:59 - INFO - Epoch: 114/300, Training Loss: 0.25079736727125507
2024-06-27 01:03:00 - INFO - Epoch: 114/300, Validation Loss: 0.3073275038132481, Accuracy: 77.15292675452038%
2024-06-27 01:03:08 - INFO - Epoch: 115/300, Training Loss: 0.25424146444043694
2024-06-27 01:03:09 - INFO - Epoch: 115/300, Validation Loss: 0.3140437529951918, Accuracy: 77.5666564511186%
2024-06-27 01:03:18 - INFO - Epoch: 116/300, Training Loss: 0.2571865737657337
2024-06-27 01:03:19 - INFO - Epoch: 116/300, Validation Loss: 0.3133479409358081, Accuracy: 78.34814587802636%
2024-06-27 01:03:27 - INFO - Epoch: 117/300, Training Loss: 0.248430927211017
2024-06-27 01:03:28 - INFO - Epoch: 117/300, Validation Loss: 0.3195270862357289, Accuracy: 77.29083665338645%
2024-06-27 01:03:36 - INFO - Epoch: 118/300, Training Loss: 0.2459045843604733
2024-06-27 01:03:37 - INFO - Epoch: 118/300, Validation Loss: 0.3256610941653158, Accuracy: 76.57064051486363%
2024-06-27 01:03:46 - INFO - Epoch: 119/300, Training Loss: 0.24669023347543736
2024-06-27 01:03:47 - INFO - Epoch: 119/300, Validation Loss: 0.32249212235796687, Accuracy: 76.03432424149555%
2024-06-27 01:03:55 - INFO - Epoch: 120/300, Training Loss: 0.24563531836896552
2024-06-27 01:03:56 - INFO - Epoch: 120/300, Validation Loss: 0.33494039771019246, Accuracy: 77.13760343242414%
2024-06-27 01:04:04 - INFO - Epoch: 121/300, Training Loss: 0.2473197666672515
2024-06-27 01:04:05 - INFO - Epoch: 121/300, Validation Loss: 0.3189171162598273, Accuracy: 76.6166104811523%
2024-06-27 01:04:14 - INFO - Epoch: 122/300, Training Loss: 0.24920109557170494
2024-06-27 01:04:15 - INFO - Epoch: 122/300, Validation Loss: 0.3281442321398679, Accuracy: 76.2028807845541%
2024-06-27 01:04:23 - INFO - Epoch: 123/300, Training Loss: 0.24518010166345858
2024-06-27 01:04:24 - INFO - Epoch: 123/300, Validation Loss: 0.3125203456364426, Accuracy: 76.31014403922771%
2024-06-27 01:04:32 - INFO - Epoch: 124/300, Training Loss: 0.24485845725033797
2024-06-27 01:04:33 - INFO - Epoch: 124/300, Validation Loss: 0.3482338712349826, Accuracy: 76.67790376953724%
2024-06-27 01:04:42 - INFO - Epoch: 125/300, Training Loss: 0.24191244207687823
2024-06-27 01:04:43 - INFO - Epoch: 125/300, Validation Loss: 0.3358258464757134, Accuracy: 75.74318112166718%
2024-06-27 01:04:51 - INFO - Epoch: 126/300, Training Loss: 0.24087078071327186
2024-06-27 01:04:52 - INFO - Epoch: 126/300, Validation Loss: 0.33619829281872393, Accuracy: 75.58994790070487%
2024-06-27 01:05:00 - INFO - Epoch: 127/300, Training Loss: 0.2489125585804383
2024-06-27 01:05:01 - INFO - Epoch: 127/300, Validation Loss: 0.36407145974682825, Accuracy: 76.0036775973031%
2024-06-27 01:05:10 - INFO - Epoch: 128/300, Training Loss: 0.2432144783510297
2024-06-27 01:05:11 - INFO - Epoch: 128/300, Validation Loss: 0.3320588577611774, Accuracy: 75.46736132393502%
2024-06-27 01:05:19 - INFO - Epoch: 129/300, Training Loss: 0.23976198510796415
2024-06-27 01:05:20 - INFO - Epoch: 129/300, Validation Loss: 0.3590811904446751, Accuracy: 76.662580447441%
2024-06-27 01:05:28 - INFO - Epoch: 130/300, Training Loss: 0.2401997335985595
2024-06-27 01:05:29 - INFO - Epoch: 130/300, Validation Loss: 0.3462326517876457, Accuracy: 75.74318112166718%
2024-06-27 01:05:38 - INFO - Epoch: 131/300, Training Loss: 0.23877608083992027
2024-06-27 01:05:39 - INFO - Epoch: 131/300, Validation Loss: 0.3492206638934566, Accuracy: 75.17621820410665%
2024-06-27 01:05:47 - INFO - Epoch: 132/300, Training Loss: 0.24266128598109765
2024-06-27 01:05:48 - INFO - Epoch: 132/300, Validation Loss: 0.3493603646170859, Accuracy: 75.14557155991419%
2024-06-27 01:05:56 - INFO - Epoch: 133/300, Training Loss: 0.2474542123393393
2024-06-27 01:05:57 - INFO - Epoch: 133/300, Validation Loss: 0.34020458088785993, Accuracy: 75.54397793441618%
2024-06-27 01:06:06 - INFO - Epoch: 134/300, Training Loss: 0.240160944433335
2024-06-27 01:06:07 - INFO - Epoch: 134/300, Validation Loss: 0.35033588242881436, Accuracy: 75.4060680355501%
2024-06-27 01:06:15 - INFO - Epoch: 135/300, Training Loss: 0.23917931325587571
2024-06-27 01:06:16 - INFO - Epoch: 135/300, Validation Loss: 0.3681769747944439, Accuracy: 75.28348145878026%
2024-06-27 01:06:25 - INFO - Epoch: 136/300, Training Loss: 0.24030365011490443
2024-06-27 01:06:26 - INFO - Epoch: 136/300, Validation Loss: 0.3602960862073244, Accuracy: 75.2988047808765%
2024-06-27 01:06:34 - INFO - Epoch: 137/300, Training Loss: 0.24166092000828654
2024-06-27 01:06:35 - INFO - Epoch: 137/300, Validation Loss: 0.34578454552912247, Accuracy: 75.42139135764634%
2024-06-27 01:06:43 - INFO - Epoch: 138/300, Training Loss: 0.23844935903873513
2024-06-27 01:06:44 - INFO - Epoch: 138/300, Validation Loss: 0.35529085891503914, Accuracy: 75.14557155991419%
2024-06-27 01:06:53 - INFO - Epoch: 139/300, Training Loss: 0.23918724675461941
2024-06-27 01:06:54 - INFO - Epoch: 139/300, Validation Loss: 0.3857032548563153, Accuracy: 74.80845847379712%
2024-06-27 01:07:02 - INFO - Epoch: 140/300, Training Loss: 0.24207346499258398
2024-06-27 01:07:03 - INFO - Epoch: 140/300, Validation Loss: 0.3622080845867886, Accuracy: 74.7931351517009%
2024-06-27 01:07:11 - INFO - Epoch: 141/300, Training Loss: 0.23835592561711869
2024-06-27 01:07:12 - INFO - Epoch: 141/300, Validation Loss: 0.3747594242586809, Accuracy: 74.68587189702727%
2024-06-27 01:07:21 - INFO - Epoch: 142/300, Training Loss: 0.24717400376411044
2024-06-27 01:07:22 - INFO - Epoch: 142/300, Validation Loss: 0.33735181595764907, Accuracy: 75.03830830524058%
2024-06-27 01:07:30 - INFO - Epoch: 143/300, Training Loss: 0.24095815080491936
2024-06-27 01:07:31 - INFO - Epoch: 143/300, Validation Loss: 0.3524700181156981, Accuracy: 74.67054857493105%
2024-06-27 01:07:39 - INFO - Epoch: 144/300, Training Loss: 0.23687934371478417
2024-06-27 01:07:40 - INFO - Epoch: 144/300, Validation Loss: 0.3612098886686213, Accuracy: 74.82378179589335%
2024-06-27 01:07:49 - INFO - Epoch: 145/300, Training Loss: 0.23703387518431626
2024-06-27 01:07:50 - INFO - Epoch: 145/300, Validation Loss: 0.3795827761584637, Accuracy: 74.94636837266319%
2024-06-27 01:07:58 - INFO - Epoch: 146/300, Training Loss: 0.23810118882387293
2024-06-27 01:07:59 - INFO - Epoch: 146/300, Validation Loss: 0.35597362836786345, Accuracy: 74.44069874348759%
2024-06-27 01:08:07 - INFO - Epoch: 147/300, Training Loss: 0.23613358588487493
2024-06-27 01:08:08 - INFO - Epoch: 147/300, Validation Loss: 0.37168458367095275, Accuracy: 75.13024823781795%
2024-06-27 01:08:17 - INFO - Epoch: 148/300, Training Loss: 0.2348394359589792
2024-06-27 01:08:18 - INFO - Epoch: 148/300, Validation Loss: 0.3731698642174403, Accuracy: 74.5479619981612%
2024-06-27 01:08:26 - INFO - Epoch: 149/300, Training Loss: 0.23865258492821573
2024-06-27 01:08:27 - INFO - Epoch: 149/300, Validation Loss: 0.34859195249337777, Accuracy: 75.42139135764634%
2024-06-27 01:08:35 - INFO - Epoch: 150/300, Training Loss: 0.2373729261989687
2024-06-27 01:08:36 - INFO - Epoch: 150/300, Validation Loss: 0.3718627207711631, Accuracy: 74.44069874348759%
2024-06-27 01:08:45 - INFO - Epoch: 151/300, Training Loss: 0.24284279751865304
2024-06-27 01:08:46 - INFO - Epoch: 151/300, Validation Loss: 0.36822287577624413, Accuracy: 74.7011952191235%
2024-06-27 01:08:54 - INFO - Epoch: 152/300, Training Loss: 0.236485127706592
2024-06-27 01:08:55 - INFO - Epoch: 152/300, Validation Loss: 0.363609009513668, Accuracy: 73.87373582592706%
2024-06-27 01:09:03 - INFO - Epoch: 153/300, Training Loss: 0.23550077688460255
2024-06-27 01:09:04 - INFO - Epoch: 153/300, Validation Loss: 0.3722943405018133, Accuracy: 74.34875881091021%
2024-06-27 01:09:12 - INFO - Epoch: 154/300, Training Loss: 0.23367471806704998
2024-06-27 01:09:13 - INFO - Epoch: 154/300, Validation Loss: 0.3912481217115533, Accuracy: 74.37940545510267%
2024-06-27 01:09:22 - INFO - Epoch: 155/300, Training Loss: 0.2337750944254153
2024-06-27 01:09:23 - INFO - Epoch: 155/300, Validation Loss: 0.3821021039404121, Accuracy: 74.76248850750842%
2024-06-27 01:09:31 - INFO - Epoch: 156/300, Training Loss: 0.24131860764806762
2024-06-27 01:09:32 - INFO - Epoch: 156/300, Validation Loss: 0.41019104903235154, Accuracy: 75.00766166104812%
2024-06-27 01:09:40 - INFO - Epoch: 157/300, Training Loss: 0.2363303871460113
2024-06-27 01:09:41 - INFO - Epoch: 157/300, Validation Loss: 0.38541696761168687, Accuracy: 73.98099908060067%
2024-06-27 01:09:50 - INFO - Epoch: 158/300, Training Loss: 0.23288933196853773
2024-06-27 01:09:51 - INFO - Epoch: 158/300, Validation Loss: 0.3774585799843657, Accuracy: 73.87373582592706%
2024-06-27 01:09:59 - INFO - Epoch: 159/300, Training Loss: 0.2326451727536087
2024-06-27 01:10:00 - INFO - Epoch: 159/300, Validation Loss: 0.4012719632363787, Accuracy: 73.3833895188477%
2024-06-27 01:10:08 - INFO - Epoch: 160/300, Training Loss: 0.23616803013810925
2024-06-27 01:10:09 - INFO - Epoch: 160/300, Validation Loss: 0.43319173580875586, Accuracy: 73.87373582592706%
2024-06-27 01:10:18 - INFO - Epoch: 161/300, Training Loss: 0.23961525960076674
2024-06-27 01:10:19 - INFO - Epoch: 161/300, Validation Loss: 0.39087745065198226, Accuracy: 73.7971192154459%
2024-06-27 01:10:27 - INFO - Epoch: 162/300, Training Loss: 0.23537811359354094
2024-06-27 01:10:28 - INFO - Epoch: 162/300, Validation Loss: 0.38774921102266685, Accuracy: 74.36408213300643%
2024-06-27 01:10:36 - INFO - Epoch: 163/300, Training Loss: 0.23202677953111775
2024-06-27 01:10:37 - INFO - Epoch: 163/300, Validation Loss: 0.4030119430492906, Accuracy: 73.53662273980999%
2024-06-27 01:10:45 - INFO - Epoch: 164/300, Training Loss: 0.23242855300286822
2024-06-27 01:10:46 - INFO - Epoch: 164/300, Validation Loss: 0.41577204930431705, Accuracy: 73.19950965369291%
2024-06-27 01:10:55 - INFO - Epoch: 165/300, Training Loss: 0.23277575498921613
2024-06-27 01:10:56 - INFO - Epoch: 165/300, Validation Loss: 0.4280814253816418, Accuracy: 73.59791602819492%
2024-06-27 01:11:04 - INFO - Epoch: 166/300, Training Loss: 0.23078207436072476
2024-06-27 01:11:05 - INFO - Epoch: 166/300, Validation Loss: 0.40374889239376666, Accuracy: 73.35274287465522%
2024-06-27 01:11:13 - INFO - Epoch: 167/300, Training Loss: 0.23172191437333822
2024-06-27 01:11:14 - INFO - Epoch: 167/300, Validation Loss: 0.4134814508405386, Accuracy: 73.2914495862703%
2024-06-27 01:11:22 - INFO - Epoch: 168/300, Training Loss: 0.2320239202429851
2024-06-27 01:11:23 - INFO - Epoch: 168/300, Validation Loss: 0.42085572142227023, Accuracy: 73.0922463990193%
2024-06-27 01:11:30 - INFO - Epoch: 169/300, Training Loss: 0.23178858958257764
2024-06-27 01:11:31 - INFO - Epoch: 169/300, Validation Loss: 0.4400558195569936, Accuracy: 73.12289304321177%
2024-06-27 01:11:38 - INFO - Epoch: 170/300, Training Loss: 0.23125216264423787
2024-06-27 01:11:39 - INFO - Epoch: 170/300, Validation Loss: 0.4499577552664514, Accuracy: 72.95433650015323%
2024-06-27 01:11:46 - INFO - Epoch: 171/300, Training Loss: 0.2311530521906474
2024-06-27 01:11:47 - INFO - Epoch: 171/300, Validation Loss: 0.4498900385463939, Accuracy: 73.41403616304015%
2024-06-27 01:11:54 - INFO - Epoch: 172/300, Training Loss: 0.2315698997756722
2024-06-27 01:11:55 - INFO - Epoch: 172/300, Validation Loss: 0.4219834280072474, Accuracy: 73.06159975482684%
2024-06-27 01:12:02 - INFO - Epoch: 173/300, Training Loss: 0.2343808025048644
2024-06-27 01:12:02 - INFO - Epoch: 173/300, Validation Loss: 0.4409643284538213, Accuracy: 74.31811216671774%
2024-06-27 01:12:09 - INFO - Epoch: 174/300, Training Loss: 0.23841324715199425
2024-06-27 01:12:10 - INFO - Epoch: 174/300, Validation Loss: 0.4114387868081822, Accuracy: 73.42935948513637%
2024-06-27 01:12:17 - INFO - Epoch: 175/300, Training Loss: 0.23142579913723701
2024-06-27 01:12:18 - INFO - Epoch: 175/300, Validation Loss: 0.45368778632552015, Accuracy: 73.00030646644193%
2024-06-27 01:12:25 - INFO - Epoch: 176/300, Training Loss: 0.22876859951179987
2024-06-27 01:12:26 - INFO - Epoch: 176/300, Validation Loss: 0.46811094018174154, Accuracy: 72.939013178057%
2024-06-27 01:12:33 - INFO - Epoch: 177/300, Training Loss: 0.2294921783693865
2024-06-27 01:12:34 - INFO - Epoch: 177/300, Validation Loss: 0.42235347906164095, Accuracy: 72.77045663499847%
2024-06-27 01:12:41 - INFO - Epoch: 178/300, Training Loss: 0.23434791761432208
2024-06-27 01:12:42 - INFO - Epoch: 178/300, Validation Loss: 0.4708493787283991, Accuracy: 73.64388599448361%
2024-06-27 01:12:49 - INFO - Epoch: 179/300, Training Loss: 0.23194441608354158
2024-06-27 01:12:50 - INFO - Epoch: 179/300, Validation Loss: 0.45302805041565614, Accuracy: 72.84707324547962%
2024-06-27 01:12:57 - INFO - Epoch: 180/300, Training Loss: 0.22918520487991034
2024-06-27 01:12:58 - INFO - Epoch: 180/300, Validation Loss: 0.4286830314234191, Accuracy: 72.80110327919093%
2024-06-27 01:13:05 - INFO - Epoch: 181/300, Training Loss: 0.22890457039808526
2024-06-27 01:13:06 - INFO - Epoch: 181/300, Validation Loss: 0.4582053802761377, Accuracy: 72.87771988967208%
2024-06-27 01:13:13 - INFO - Epoch: 182/300, Training Loss: 0.22783178476361082
2024-06-27 01:13:14 - INFO - Epoch: 182/300, Validation Loss: 0.4832619957479776, Accuracy: 72.26478700582287%
2024-06-27 01:13:21 - INFO - Epoch: 183/300, Training Loss: 0.2279738195824857
2024-06-27 01:13:22 - INFO - Epoch: 183/300, Validation Loss: 0.44740686434156757, Accuracy: 73.12289304321177%
2024-06-27 01:13:29 - INFO - Epoch: 184/300, Training Loss: 0.2277189984771551
2024-06-27 01:13:30 - INFO - Epoch: 184/300, Validation Loss: 0.45923011107187645, Accuracy: 73.06159975482684%
2024-06-27 01:13:37 - INFO - Epoch: 185/300, Training Loss: 0.23099560938848585
2024-06-27 01:13:37 - INFO - Epoch: 185/300, Validation Loss: 0.4531383962900031, Accuracy: 72.57125344774747%
2024-06-27 01:13:45 - INFO - Epoch: 186/300, Training Loss: 0.22986207920692714
2024-06-27 01:13:45 - INFO - Epoch: 186/300, Validation Loss: 0.43868162965073304, Accuracy: 72.3873735825927%
2024-06-27 01:13:53 - INFO - Epoch: 187/300, Training Loss: 0.22621155994049474
2024-06-27 01:13:53 - INFO - Epoch: 187/300, Validation Loss: 0.4677380245982432, Accuracy: 72.37205026049648%
2024-06-27 01:14:01 - INFO - Epoch: 188/300, Training Loss: 0.2259925860619428
2024-06-27 01:14:01 - INFO - Epoch: 188/300, Validation Loss: 0.4822992907435286, Accuracy: 72.29543365001533%
2024-06-27 01:14:09 - INFO - Epoch: 189/300, Training Loss: 0.22671009103457132
2024-06-27 01:14:09 - INFO - Epoch: 189/300, Validation Loss: 0.5207023376635477, Accuracy: 72.35672693840024%
2024-06-27 01:14:16 - INFO - Epoch: 190/300, Training Loss: 0.23049495027710995
2024-06-27 01:14:17 - INFO - Epoch: 190/300, Validation Loss: 0.486857364721158, Accuracy: 72.31075697211155%
2024-06-27 01:14:22 - INFO - Epoch: 191/300, Training Loss: 0.2274117344698193
2024-06-27 01:14:23 - INFO - Epoch: 191/300, Validation Loss: 0.4521810624237154, Accuracy: 72.37205026049648%
2024-06-27 01:14:28 - INFO - Epoch: 192/300, Training Loss: 0.2247735395771908
2024-06-27 01:14:29 - INFO - Epoch: 192/300, Validation Loss: 0.4754008872836244, Accuracy: 72.09623046276432%
2024-06-27 01:14:34 - INFO - Epoch: 193/300, Training Loss: 0.22466142959527524
2024-06-27 01:14:35 - INFO - Epoch: 193/300, Validation Loss: 0.524537637537601, Accuracy: 72.31075697211155%
2024-06-27 01:14:40 - INFO - Epoch: 194/300, Training Loss: 0.2263247232847646
2024-06-27 01:14:41 - INFO - Epoch: 194/300, Validation Loss: 0.5086281597614288, Accuracy: 72.01961385228317%
2024-06-27 01:14:46 - INFO - Epoch: 195/300, Training Loss: 0.22539374807520823
2024-06-27 01:14:47 - INFO - Epoch: 195/300, Validation Loss: 0.5159728950729557, Accuracy: 72.15752375114926%
2024-06-27 01:14:53 - INFO - Epoch: 196/300, Training Loss: 0.22598770114721037
2024-06-27 01:14:53 - INFO - Epoch: 196/300, Validation Loss: 0.527699256936709, Accuracy: 71.77444069874349%
2024-06-27 01:14:59 - INFO - Epoch: 197/300, Training Loss: 0.22502628706541716
2024-06-27 01:14:59 - INFO - Epoch: 197/300, Validation Loss: 0.47982243331624014, Accuracy: 71.54459086730003%
2024-06-27 01:15:05 - INFO - Epoch: 198/300, Training Loss: 0.22989947294049404
2024-06-27 01:15:05 - INFO - Epoch: 198/300, Validation Loss: 0.4929385551927136, Accuracy: 71.77444069874349%
2024-06-27 01:15:11 - INFO - Epoch: 199/300, Training Loss: 0.22810232679487444
2024-06-27 01:15:12 - INFO - Epoch: 199/300, Validation Loss: 0.56927870564601, Accuracy: 71.8357339871284%
2024-06-27 01:15:17 - INFO - Epoch: 200/300, Training Loss: 0.23153423244024024
2024-06-27 01:15:18 - INFO - Epoch: 200/300, Validation Loss: 0.5012621588858903, Accuracy: 71.74379405455103%
2024-06-27 01:15:23 - INFO - Epoch: 201/300, Training Loss: 0.2243379441948206
2024-06-27 01:15:24 - INFO - Epoch: 201/300, Validation Loss: 0.5302780513085571, Accuracy: 71.98896720809071%
2024-06-27 01:15:29 - INFO - Epoch: 202/300, Training Loss: 0.22388738510655423
2024-06-27 01:15:30 - INFO - Epoch: 202/300, Validation Loss: 0.47977647959601644, Accuracy: 71.31474103585657%
2024-06-27 01:15:35 - INFO - Epoch: 203/300, Training Loss: 0.22507669301886185
2024-06-27 01:15:36 - INFO - Epoch: 203/300, Validation Loss: 0.5488082886326546, Accuracy: 71.57523751149249%
2024-06-27 01:15:41 - INFO - Epoch: 204/300, Training Loss: 0.22675524653830365
2024-06-27 01:15:42 - INFO - Epoch: 204/300, Validation Loss: 0.527653849446306, Accuracy: 72.0809071406681%
2024-06-27 01:15:47 - INFO - Epoch: 205/300, Training Loss: 0.227026938278155
2024-06-27 01:15:48 - INFO - Epoch: 205/300, Validation Loss: 0.526639340262787, Accuracy: 71.89702727551334%
2024-06-27 01:15:53 - INFO - Epoch: 206/300, Training Loss: 0.22307226585918197
2024-06-27 01:15:54 - INFO - Epoch: 206/300, Validation Loss: 0.5916487022357828, Accuracy: 71.74379405455103%
2024-06-27 01:15:59 - INFO - Epoch: 207/300, Training Loss: 0.22351771527353456
2024-06-27 01:16:00 - INFO - Epoch: 207/300, Validation Loss: 0.5380878873607692, Accuracy: 71.39135764633772%
2024-06-27 01:16:05 - INFO - Epoch: 208/300, Training Loss: 0.22330025842815054
2024-06-27 01:16:06 - INFO - Epoch: 208/300, Validation Loss: 0.5961448960736686, Accuracy: 71.39135764633772%
2024-06-27 01:16:11 - INFO - Epoch: 209/300, Training Loss: 0.2237781006295015
2024-06-27 01:16:12 - INFO - Epoch: 209/300, Validation Loss: 0.5385005948882476, Accuracy: 71.60588415568495%
2024-06-27 01:16:17 - INFO - Epoch: 210/300, Training Loss: 0.22607135423915645
2024-06-27 01:16:18 - INFO - Epoch: 210/300, Validation Loss: 0.5590806609275294, Accuracy: 71.46797425681888%
2024-06-27 01:16:23 - INFO - Epoch: 211/300, Training Loss: 0.2271924624402149
2024-06-27 01:16:24 - INFO - Epoch: 211/300, Validation Loss: 0.5546867642916885, Accuracy: 71.59056083358873%
2024-06-27 01:16:30 - INFO - Epoch: 212/300, Training Loss: 0.2235208800537329
2024-06-27 01:16:30 - INFO - Epoch: 212/300, Validation Loss: 0.5629669405958232, Accuracy: 71.43732761262642%
2024-06-27 01:16:36 - INFO - Epoch: 213/300, Training Loss: 0.2215180124393573
2024-06-27 01:16:36 - INFO - Epoch: 213/300, Validation Loss: 0.5774233965020553, Accuracy: 71.26877106956788%
2024-06-27 01:16:42 - INFO - Epoch: 214/300, Training Loss: 0.22253743224941633
2024-06-27 01:16:42 - INFO - Epoch: 214/300, Validation Loss: 0.5784482524967661, Accuracy: 71.66717744406988%
2024-06-27 01:16:48 - INFO - Epoch: 215/300, Training Loss: 0.22189664877220697
2024-06-27 01:16:48 - INFO - Epoch: 215/300, Validation Loss: 0.5714899035645467, Accuracy: 71.1768311369905%
2024-06-27 01:16:54 - INFO - Epoch: 216/300, Training Loss: 0.221706884712273
2024-06-27 01:16:54 - INFO - Epoch: 216/300, Validation Loss: 0.5869289063939861, Accuracy: 71.91235059760956%
2024-06-27 01:17:00 - INFO - Epoch: 217/300, Training Loss: 0.22312506368639423
2024-06-27 01:17:00 - INFO - Epoch: 217/300, Validation Loss: 0.5533766787426144, Accuracy: 70.90101133925835%
2024-06-27 01:17:06 - INFO - Epoch: 218/300, Training Loss: 0.21905949600406138
2024-06-27 01:17:07 - INFO - Epoch: 218/300, Validation Loss: 0.6206072767575582, Accuracy: 71.1308611707018%
2024-06-27 01:17:12 - INFO - Epoch: 219/300, Training Loss: 0.22438739612698555
2024-06-27 01:17:13 - INFO - Epoch: 219/300, Validation Loss: 0.5885201279146999, Accuracy: 70.70180815200736%
2024-06-27 01:17:18 - INFO - Epoch: 220/300, Training Loss: 0.22329502048737862
2024-06-27 01:17:18 - INFO - Epoch: 220/300, Validation Loss: 0.5994177612603879, Accuracy: 70.77842476248851%
2024-06-27 01:17:24 - INFO - Epoch: 221/300, Training Loss: 0.22193910442657916
2024-06-27 01:17:25 - INFO - Epoch: 221/300, Validation Loss: 0.6005868441333958, Accuracy: 71.08489120441311%
2024-06-27 01:17:30 - INFO - Epoch: 222/300, Training Loss: 0.22398272863424876
2024-06-27 01:17:31 - INFO - Epoch: 222/300, Validation Loss: 0.5649790617765165, Accuracy: 71.16150781489426%
2024-06-27 01:17:36 - INFO - Epoch: 223/300, Training Loss: 0.2231373920598451
2024-06-27 01:17:37 - INFO - Epoch: 223/300, Validation Loss: 0.6053895583631945, Accuracy: 71.25344774747165%
2024-06-27 01:17:42 - INFO - Epoch: 224/300, Training Loss: 0.21936140613009533
2024-06-27 01:17:43 - INFO - Epoch: 224/300, Validation Loss: 0.6067658478722853, Accuracy: 70.73245479619982%
2024-06-27 01:17:48 - INFO - Epoch: 225/300, Training Loss: 0.21879093456721188
2024-06-27 01:17:49 - INFO - Epoch: 225/300, Validation Loss: 0.6187179713856941, Accuracy: 70.76310144039228%
2024-06-27 01:17:54 - INFO - Epoch: 226/300, Training Loss: 0.21721634922512606
2024-06-27 01:17:55 - INFO - Epoch: 226/300, Validation Loss: 0.7071892537322699, Accuracy: 70.8243947287772%
2024-06-27 01:18:00 - INFO - Epoch: 227/300, Training Loss: 0.22007378541371403
2024-06-27 01:18:01 - INFO - Epoch: 227/300, Validation Loss: 0.640220950047175, Accuracy: 70.77842476248851%
2024-06-27 01:18:06 - INFO - Epoch: 228/300, Training Loss: 0.21978923291260122
2024-06-27 01:18:07 - INFO - Epoch: 228/300, Validation Loss: 0.6016083622679991, Accuracy: 70.6251915415262%
2024-06-27 01:18:12 - INFO - Epoch: 229/300, Training Loss: 0.2266081205441379
2024-06-27 01:18:13 - INFO - Epoch: 229/300, Validation Loss: 0.5999894863834568, Accuracy: 71.0235979160282%
2024-06-27 01:18:18 - INFO - Epoch: 230/300, Training Loss: 0.22132374894093065
2024-06-27 01:18:19 - INFO - Epoch: 230/300, Validation Loss: 0.626127787518735, Accuracy: 70.87036469506589%
2024-06-27 01:18:25 - INFO - Epoch: 231/300, Training Loss: 0.21778018759819223
2024-06-27 01:18:25 - INFO - Epoch: 231/300, Validation Loss: 0.6636699823772206, Accuracy: 70.65583818571866%
2024-06-27 01:18:31 - INFO - Epoch: 232/300, Training Loss: 0.217409647599447
2024-06-27 01:18:31 - INFO - Epoch: 232/300, Validation Loss: 0.6861739360234317, Accuracy: 70.54857493104505%
2024-06-27 01:18:37 - INFO - Epoch: 233/300, Training Loss: 0.21815317593441874
2024-06-27 01:18:37 - INFO - Epoch: 233/300, Validation Loss: 0.6657482695345786, Accuracy: 70.77842476248851%
2024-06-27 01:18:43 - INFO - Epoch: 234/300, Training Loss: 0.2222972846060407
2024-06-27 01:18:43 - INFO - Epoch: 234/300, Validation Loss: 0.6532661736595864, Accuracy: 70.90101133925835%
2024-06-27 01:18:49 - INFO - Epoch: 235/300, Training Loss: 0.21854342445365937
2024-06-27 01:18:49 - INFO - Epoch: 235/300, Validation Loss: 0.6625216604740012, Accuracy: 70.5179282868526%
2024-06-27 01:18:55 - INFO - Epoch: 236/300, Training Loss: 0.21997668208810045
2024-06-27 01:18:56 - INFO - Epoch: 236/300, Validation Loss: 0.6076984049058428, Accuracy: 71.26877106956788%
2024-06-27 01:19:01 - INFO - Epoch: 237/300, Training Loss: 0.2171291725746557
2024-06-27 01:19:02 - INFO - Epoch: 237/300, Validation Loss: 0.7065087022150264, Accuracy: 70.59454489733375%
2024-06-27 01:19:07 - INFO - Epoch: 238/300, Training Loss: 0.21591793882715352
2024-06-27 01:19:08 - INFO - Epoch: 238/300, Validation Loss: 0.7104191577025488, Accuracy: 70.45663499846766%
2024-06-27 01:19:13 - INFO - Epoch: 239/300, Training Loss: 0.21721422126261042
2024-06-27 01:19:14 - INFO - Epoch: 239/300, Validation Loss: 0.6795525873700777, Accuracy: 70.3187250996016%
2024-06-27 01:19:19 - INFO - Epoch: 240/300, Training Loss: 0.2245031945115211
2024-06-27 01:19:20 - INFO - Epoch: 240/300, Validation Loss: 0.6629708523259443, Accuracy: 70.77842476248851%
2024-06-27 01:19:25 - INFO - Epoch: 241/300, Training Loss: 0.21720092772853142
2024-06-27 01:19:26 - INFO - Epoch: 241/300, Validation Loss: 0.6355575381540784, Accuracy: 70.48728164266012%
2024-06-27 01:19:31 - INFO - Epoch: 242/300, Training Loss: 0.2170844618778895
2024-06-27 01:19:32 - INFO - Epoch: 242/300, Validation Loss: 0.6735991845820465, Accuracy: 70.48728164266012%
2024-06-27 01:19:37 - INFO - Epoch: 243/300, Training Loss: 0.21740470707927848
2024-06-27 01:19:38 - INFO - Epoch: 243/300, Validation Loss: 0.6793901192791322, Accuracy: 70.4719583205639%
2024-06-27 01:19:43 - INFO - Epoch: 244/300, Training Loss: 0.21660029933806144
2024-06-27 01:19:44 - INFO - Epoch: 244/300, Validation Loss: 0.7024619851042243, Accuracy: 70.68648482991112%
2024-06-27 01:19:50 - INFO - Epoch: 245/300, Training Loss: 0.21573207319221077
2024-06-27 01:19:50 - INFO - Epoch: 245/300, Validation Loss: 0.7066143190159517, Accuracy: 70.3187250996016%
2024-06-27 01:19:56 - INFO - Epoch: 246/300, Training Loss: 0.2161075567790106
2024-06-27 01:19:56 - INFO - Epoch: 246/300, Validation Loss: 0.6794579330028272, Accuracy: 70.3187250996016%
2024-06-27 01:20:02 - INFO - Epoch: 247/300, Training Loss: 0.2147466672547892
2024-06-27 01:20:02 - INFO - Epoch: 247/300, Validation Loss: 0.7594755750660803, Accuracy: 70.3187250996016%
2024-06-27 01:20:08 - INFO - Epoch: 248/300, Training Loss: 0.21433063317090273
2024-06-27 01:20:08 - INFO - Epoch: 248/300, Validation Loss: 0.750675286732468, Accuracy: 70.33404842169783%
2024-06-27 01:20:14 - INFO - Epoch: 249/300, Training Loss: 0.21555843076431283
2024-06-27 01:20:14 - INFO - Epoch: 249/300, Validation Loss: 0.7270740872504664, Accuracy: 70.41066503217898%
2024-06-27 01:20:20 - INFO - Epoch: 250/300, Training Loss: 0.21737942691234982
2024-06-27 01:20:20 - INFO - Epoch: 250/300, Validation Loss: 0.7063093737644308, Accuracy: 70.38001838798651%
2024-06-27 01:20:26 - INFO - Epoch: 251/300, Training Loss: 0.22402486961115808
2024-06-27 01:20:26 - INFO - Epoch: 251/300, Validation Loss: 0.6926845247839012, Accuracy: 70.76310144039228%
2024-06-27 01:20:32 - INFO - Epoch: 252/300, Training Loss: 0.2191340441395547
2024-06-27 01:20:32 - INFO - Epoch: 252/300, Validation Loss: 0.7259155725147209, Accuracy: 70.34937174379405%
2024-06-27 01:20:38 - INFO - Epoch: 253/300, Training Loss: 0.2154246417842075
2024-06-27 01:20:39 - INFO - Epoch: 253/300, Validation Loss: 0.7335683352806989, Accuracy: 70.30340177750536%
2024-06-27 01:20:44 - INFO - Epoch: 254/300, Training Loss: 0.21513759931001594
2024-06-27 01:20:45 - INFO - Epoch: 254/300, Validation Loss: 0.7373546271347532, Accuracy: 70.5179282868526%
2024-06-27 01:20:50 - INFO - Epoch: 255/300, Training Loss: 0.2184802570982891
2024-06-27 01:20:51 - INFO - Epoch: 255/300, Validation Loss: 0.7299888925809487, Accuracy: 70.5179282868526%
2024-06-27 01:20:56 - INFO - Epoch: 256/300, Training Loss: 0.21687072601315438
2024-06-27 01:20:57 - INFO - Epoch: 256/300, Validation Loss: 0.7517642069096658, Accuracy: 70.30340177750536%
2024-06-27 01:21:02 - INFO - Epoch: 257/300, Training Loss: 0.21589113539997853
2024-06-27 01:21:03 - INFO - Epoch: 257/300, Validation Loss: 0.7979230731725693, Accuracy: 70.30340177750536%
2024-06-27 01:21:08 - INFO - Epoch: 258/300, Training Loss: 0.2147033581984978
2024-06-27 01:21:09 - INFO - Epoch: 258/300, Validation Loss: 0.7959035497670081, Accuracy: 70.30340177750536%
2024-06-27 01:21:14 - INFO - Epoch: 259/300, Training Loss: 0.2146254287229157
2024-06-27 01:21:15 - INFO - Epoch: 259/300, Validation Loss: 0.7240839150606417, Accuracy: 70.15016855654306%
2024-06-27 01:21:20 - INFO - Epoch: 260/300, Training Loss: 0.2188654219110807
2024-06-27 01:21:21 - INFO - Epoch: 260/300, Validation Loss: 0.7015133283886255, Accuracy: 70.16549187863929%
2024-06-27 01:21:27 - INFO - Epoch: 261/300, Training Loss: 0.21423275041960033
2024-06-27 01:21:27 - INFO - Epoch: 261/300, Validation Loss: 0.7828531615874347, Accuracy: 70.11952191235059%
2024-06-27 01:21:33 - INFO - Epoch: 262/300, Training Loss: 0.21416706792718054
2024-06-27 01:21:33 - INFO - Epoch: 262/300, Validation Loss: 0.7530596238725326, Accuracy: 70.08887526815813%
2024-06-27 01:21:39 - INFO - Epoch: 263/300, Training Loss: 0.2150071840915902
2024-06-27 01:21:39 - INFO - Epoch: 263/300, Validation Loss: 0.768596054000013, Accuracy: 70.34937174379405%
2024-06-27 01:21:45 - INFO - Epoch: 264/300, Training Loss: 0.21641922077419712
2024-06-27 01:21:46 - INFO - Epoch: 264/300, Validation Loss: 0.6855886920410044, Accuracy: 70.3187250996016%
2024-06-27 01:21:51 - INFO - Epoch: 265/300, Training Loss: 0.22471865467435004
2024-06-27 01:21:52 - INFO - Epoch: 265/300, Validation Loss: 0.6577846895830304, Accuracy: 70.13484523444683%
2024-06-27 01:21:57 - INFO - Epoch: 266/300, Training Loss: 0.21609543282173427
2024-06-27 01:21:58 - INFO - Epoch: 266/300, Validation Loss: 0.7615718344847361, Accuracy: 70.05822862396568%
2024-06-27 01:22:03 - INFO - Epoch: 267/300, Training Loss: 0.21612779556901432
2024-06-27 01:22:04 - INFO - Epoch: 267/300, Validation Loss: 0.7586886812658871, Accuracy: 70.01225865767698%
2024-06-27 01:22:09 - INFO - Epoch: 268/300, Training Loss: 0.21430438110495315
2024-06-27 01:22:10 - INFO - Epoch: 268/300, Validation Loss: 0.7671484295644012, Accuracy: 69.9662886913883%
2024-06-27 01:22:15 - INFO - Epoch: 269/300, Training Loss: 0.21293755697415157
2024-06-27 01:22:16 - INFO - Epoch: 269/300, Validation Loss: 0.7939437817709118, Accuracy: 69.9203187250996%
2024-06-27 01:22:21 - INFO - Epoch: 270/300, Training Loss: 0.21188103918935738
2024-06-27 01:22:22 - INFO - Epoch: 270/300, Validation Loss: 0.784172480305036, Accuracy: 70.10419859025437%
2024-06-27 01:22:27 - INFO - Epoch: 271/300, Training Loss: 0.2116550809758551
2024-06-27 01:22:28 - INFO - Epoch: 271/300, Validation Loss: 0.8060790718186135, Accuracy: 70.01225865767698%
2024-06-27 01:22:33 - INFO - Epoch: 272/300, Training Loss: 0.2110954792074421
2024-06-27 01:22:34 - INFO - Epoch: 272/300, Validation Loss: 0.8718964510104236, Accuracy: 70.04290530186944%
2024-06-27 01:22:39 - INFO - Epoch: 273/300, Training Loss: 0.21228573036690554
2024-06-27 01:22:40 - INFO - Epoch: 273/300, Validation Loss: 0.8411691206343034, Accuracy: 70.19613852283175%
2024-06-27 01:22:45 - INFO - Epoch: 274/300, Training Loss: 0.21733395117974164
2024-06-27 01:22:46 - INFO - Epoch: 274/300, Validation Loss: 0.739147931045177, Accuracy: 70.56389825314128%
2024-06-27 01:22:51 - INFO - Epoch: 275/300, Training Loss: 0.2143125421385847
2024-06-27 01:22:52 - INFO - Epoch: 275/300, Validation Loss: 0.7803525968509561, Accuracy: 69.93564204719583%
2024-06-27 01:22:58 - INFO - Epoch: 276/300, Training Loss: 0.2152959060873471
2024-06-27 01:22:58 - INFO - Epoch: 276/300, Validation Loss: 0.7477730547680574, Accuracy: 70.04290530186944%
2024-06-27 01:23:04 - INFO - Epoch: 277/300, Training Loss: 0.21565794526581086
2024-06-27 01:23:04 - INFO - Epoch: 277/300, Validation Loss: 0.7450477559776867, Accuracy: 70.10419859025437%
2024-06-27 01:23:09 - INFO - Epoch: 278/300, Training Loss: 0.21354337927757525
2024-06-27 01:23:10 - INFO - Epoch: 278/300, Validation Loss: 0.7991715967655182, Accuracy: 70.01225865767698%
2024-06-27 01:23:15 - INFO - Epoch: 279/300, Training Loss: 0.21198349066224753
2024-06-27 01:23:16 - INFO - Epoch: 279/300, Validation Loss: 0.8014581714775048, Accuracy: 70.01225865767698%
2024-06-27 01:23:22 - INFO - Epoch: 280/300, Training Loss: 0.2118895917436948
2024-06-27 01:23:22 - INFO - Epoch: 280/300, Validation Loss: 0.8510800594208288, Accuracy: 70.11952191235059%
2024-06-27 01:23:28 - INFO - Epoch: 281/300, Training Loss: 0.2115462201592677
2024-06-27 01:23:28 - INFO - Epoch: 281/300, Validation Loss: 0.7805745788649017, Accuracy: 69.82837879252222%
2024-06-27 01:23:34 - INFO - Epoch: 282/300, Training Loss: 0.21057413156856508
2024-06-27 01:23:34 - INFO - Epoch: 282/300, Validation Loss: 0.83502751121334, Accuracy: 69.9203187250996%
2024-06-27 01:23:40 - INFO - Epoch: 283/300, Training Loss: 0.2112993888703047
2024-06-27 01:23:40 - INFO - Epoch: 283/300, Validation Loss: 0.8195489119080936, Accuracy: 69.90499540300337%
2024-06-27 01:23:46 - INFO - Epoch: 284/300, Training Loss: 0.2125546800739625
2024-06-27 01:23:46 - INFO - Epoch: 284/300, Validation Loss: 0.8284345903232986, Accuracy: 70.01225865767698%
2024-06-27 01:23:52 - INFO - Epoch: 285/300, Training Loss: 0.21889767839628108
2024-06-27 01:23:52 - INFO - Epoch: 285/300, Validation Loss: 0.8099633052068598, Accuracy: 70.2267851670242%
2024-06-27 01:23:58 - INFO - Epoch: 286/300, Training Loss: 0.21566623615502728
2024-06-27 01:23:59 - INFO - Epoch: 286/300, Validation Loss: 0.8252927798266504, Accuracy: 70.15016855654306%
2024-06-27 01:24:04 - INFO - Epoch: 287/300, Training Loss: 0.21222957338699522
2024-06-27 01:24:05 - INFO - Epoch: 287/300, Validation Loss: 0.8422850513575124, Accuracy: 69.813055470426%
2024-06-27 01:24:10 - INFO - Epoch: 288/300, Training Loss: 0.21113455757571786
2024-06-27 01:24:11 - INFO - Epoch: 288/300, Validation Loss: 0.8377354276530883, Accuracy: 69.84370211461845%
2024-06-27 01:24:16 - INFO - Epoch: 289/300, Training Loss: 0.2106181684077955
2024-06-27 01:24:17 - INFO - Epoch: 289/300, Validation Loss: 0.8604938820296643, Accuracy: 69.85902543671467%
2024-06-27 01:24:23 - INFO - Epoch: 290/300, Training Loss: 0.2092827345043713
2024-06-27 01:24:23 - INFO - Epoch: 290/300, Validation Loss: 0.929637508649452, Accuracy: 69.90499540300337%
2024-06-27 01:24:29 - INFO - Epoch: 291/300, Training Loss: 0.21296731097733274
2024-06-27 01:24:29 - INFO - Epoch: 291/300, Validation Loss: 0.8510232769391116, Accuracy: 70.21146184492798%
2024-06-27 01:24:35 - INFO - Epoch: 292/300, Training Loss: 0.21222820081839375
2024-06-27 01:24:36 - INFO - Epoch: 292/300, Validation Loss: 0.8701184070577809, Accuracy: 69.9662886913883%
2024-06-27 01:24:41 - INFO - Epoch: 293/300, Training Loss: 0.2126056651274363
2024-06-27 01:24:42 - INFO - Epoch: 293/300, Validation Loss: 0.8348473868533677, Accuracy: 69.65982224946369%
2024-06-27 01:24:47 - INFO - Epoch: 294/300, Training Loss: 0.2097057928787727
2024-06-27 01:24:48 - INFO - Epoch: 294/300, Validation Loss: 0.8998506858068354, Accuracy: 69.79773214832976%
2024-06-27 01:24:54 - INFO - Epoch: 295/300, Training Loss: 0.21271388550453327
2024-06-27 01:24:54 - INFO - Epoch: 295/300, Validation Loss: 0.8434990615236992, Accuracy: 69.85902543671467%
2024-06-27 01:25:00 - INFO - Epoch: 296/300, Training Loss: 0.21201833299196818
2024-06-27 01:25:00 - INFO - Epoch: 296/300, Validation Loss: 0.8983314817442614, Accuracy: 69.70579221575238%
2024-06-27 01:25:06 - INFO - Epoch: 297/300, Training Loss: 0.2093768497454185
2024-06-27 01:25:06 - INFO - Epoch: 297/300, Validation Loss: 0.8164461652437845, Accuracy: 69.79773214832976%
2024-06-27 01:25:12 - INFO - Epoch: 298/300, Training Loss: 0.20998994472856616
2024-06-27 01:25:12 - INFO - Epoch: 298/300, Validation Loss: 0.9011846687279496, Accuracy: 70.02758197977322%
2024-06-27 01:25:18 - INFO - Epoch: 299/300, Training Loss: 0.21128812351939724
2024-06-27 01:25:19 - INFO - Epoch: 299/300, Validation Loss: 0.8782687520279604, Accuracy: 69.90499540300337%
2024-06-27 01:25:24 - INFO - Epoch: 300/300, Training Loss: 0.20935717794825048
2024-06-27 01:25:25 - INFO - Epoch: 300/300, Validation Loss: 0.9115427080907074, Accuracy: 69.79773214832976%
2024-06-27 01:25:25 - INFO - Finished training model.
2024-06-27 01:25:25 - INFO - Model saved to lstm_classifier.pth and vocabulary saved to vocab.pkl
