2024-07-03 15:39:43 - INFO - This log entry will go into a uniquely named file for this run.
2024-07-03 15:39:45 - INFO - without hidden
2024-07-03 15:39:45 - INFO - valid:3302
2024-07-03 15:39:45 - INFO - invalid:3304
2024-07-03 15:39:45 - INFO - Params:
2024-07-03 15:39:45 - INFO - embedding_dim=128
2024-07-03 15:39:45 - INFO - hidden_dim:256
2024-07-03 15:39:45 - INFO - num_layers:2
2024-07-03 15:39:45 - INFO - epochs:50
2024-07-03 15:39:45 - INFO - batch_size:64
2024-07-03 15:39:45 - INFO - lr:0.001
2024-07-03 15:39:49 - INFO - Starting LSTM model training...
2024-07-03 15:40:39 - INFO - Epoch: 1/50, Training Loss: 0.01374118540640726
2024-07-03 15:40:44 - INFO - Epoch: 1/50, Validation Loss: 0.0018615280578358122, Accuracy: 99.94184465726111%
2024-07-03 15:40:44 - INFO - Model saved with validation accuracy: 99.94184465726111%
2024-07-03 15:41:34 - INFO - Epoch: 2/50, Training Loss: 0.001494325752685459
2024-07-03 15:41:40 - INFO - Epoch: 2/50, Validation Loss: 0.0012964658778865006, Accuracy: 99.96072626204646%
2024-07-03 15:41:40 - INFO - Model saved with validation accuracy: 99.96072626204646%
2024-07-03 15:42:29 - INFO - Epoch: 3/50, Training Loss: 0.0012374645214931147
2024-07-03 15:42:35 - INFO - Epoch: 3/50, Validation Loss: 0.0011603245706844135, Accuracy: 99.96525784719495%
2024-07-03 15:42:35 - INFO - Model saved with validation accuracy: 99.96525784719495%
2024-07-03 15:44:01 - INFO - Epoch: 4/50, Training Loss: 0.0009405589690469102
2024-07-03 15:44:13 - INFO - Epoch: 4/50, Validation Loss: 0.001145095468462256, Accuracy: 99.96676837557777%
2024-07-03 15:44:13 - INFO - Model saved with validation accuracy: 99.96676837557777%
2024-07-03 15:45:48 - INFO - Epoch: 5/50, Training Loss: 0.0007610208542017026
2024-07-03 15:45:59 - INFO - Epoch: 5/50, Validation Loss: 0.0007809861996475735, Accuracy: 99.9735657533005%
2024-07-03 15:45:59 - INFO - Model saved with validation accuracy: 99.9735657533005%
2024-07-03 15:47:32 - INFO - Epoch: 6/50, Training Loss: 0.0005799021889862329
2024-07-03 15:47:37 - INFO - Epoch: 6/50, Validation Loss: 0.0005692945615542695, Accuracy: 99.98187365940606%
2024-07-03 15:47:37 - INFO - Model saved with validation accuracy: 99.98187365940606%
2024-07-03 15:48:26 - INFO - Epoch: 7/50, Training Loss: 0.0004317288366395676
2024-07-03 15:48:32 - INFO - Epoch: 7/50, Validation Loss: 0.0005456352125696079, Accuracy: 99.98564998036314%
2024-07-03 15:48:32 - INFO - Model saved with validation accuracy: 99.98564998036314%
2024-07-03 15:49:22 - INFO - Epoch: 8/50, Training Loss: 0.00038836299111794206
2024-07-03 15:49:27 - INFO - Epoch: 8/50, Validation Loss: 0.00045139912844814064, Accuracy: 99.98791577293737%
2024-07-03 15:49:27 - INFO - Model saved with validation accuracy: 99.98791577293737%
2024-07-03 15:50:16 - INFO - Epoch: 9/50, Training Loss: 0.00025235734325531624
2024-07-03 15:50:21 - INFO - Epoch: 9/50, Validation Loss: 0.0004120377143273518, Accuracy: 99.98640524455455%
2024-07-03 15:51:10 - INFO - Epoch: 10/50, Training Loss: 0.00026070066058754874
2024-07-03 15:51:16 - INFO - Epoch: 10/50, Validation Loss: 0.0005412967373710232, Accuracy: 99.98640524455455%
2024-07-03 15:52:04 - INFO - Epoch: 11/50, Training Loss: 0.00016605535059906773
2024-07-03 15:52:09 - INFO - Epoch: 11/50, Validation Loss: 0.0006328882290060708, Accuracy: 99.98338418778889%
2024-07-03 15:52:57 - INFO - Epoch: 12/50, Training Loss: 0.00019285047355093577
2024-07-03 15:53:02 - INFO - Epoch: 12/50, Validation Loss: 0.0007713429950884354, Accuracy: 99.9841394519803%
2024-07-03 15:53:50 - INFO - Epoch: 13/50, Training Loss: 0.0002824740274072951
2024-07-03 15:53:55 - INFO - Epoch: 13/50, Validation Loss: 0.00044656434964270784, Accuracy: 99.98716050874596%
2024-07-03 15:54:44 - INFO - Epoch: 14/50, Training Loss: 0.00018223455290522877
2024-07-03 15:54:49 - INFO - Epoch: 14/50, Validation Loss: 0.000764397544065478, Accuracy: 99.98489471617172%
2024-07-03 15:55:38 - INFO - Epoch: 15/50, Training Loss: 0.0001819738869193028
2024-07-03 15:55:43 - INFO - Epoch: 15/50, Validation Loss: 0.0002870644744097359, Accuracy: 99.9947131506601%
2024-07-03 15:55:43 - INFO - Model saved with validation accuracy: 99.9947131506601%
2024-07-03 15:56:32 - INFO - Epoch: 16/50, Training Loss: 0.00016642172554662908
2024-07-03 15:56:37 - INFO - Epoch: 16/50, Validation Loss: 0.00043712268062443617, Accuracy: 99.99320262227727%
2024-07-03 15:57:26 - INFO - Epoch: 17/50, Training Loss: 0.00027665157492473704
2024-07-03 15:57:31 - INFO - Epoch: 17/50, Validation Loss: 0.00064186281990961, Accuracy: 99.98867103712878%
2024-07-03 15:58:19 - INFO - Epoch: 18/50, Training Loss: 9.116869620453301e-05
2024-07-03 15:58:24 - INFO - Epoch: 18/50, Validation Loss: 0.000550968916854029, Accuracy: 99.98942630132021%
2024-07-03 15:59:12 - INFO - Epoch: 19/50, Training Loss: 0.00011969135610408912
2024-07-03 15:59:17 - INFO - Epoch: 19/50, Validation Loss: 0.00035821724559691946, Accuracy: 99.99395788646869%
2024-07-03 16:00:06 - INFO - Epoch: 20/50, Training Loss: 0.000123547393406728
2024-07-03 16:00:11 - INFO - Epoch: 20/50, Validation Loss: 0.00039551658822519495, Accuracy: 99.99320262227727%
2024-07-03 16:00:59 - INFO - Epoch: 21/50, Training Loss: 0.00010878499681450665
2024-07-03 16:01:05 - INFO - Epoch: 21/50, Validation Loss: 0.0005282395484223622, Accuracy: 99.99093682970303%
2024-07-03 16:01:53 - INFO - Epoch: 22/50, Training Loss: 0.0001461221902669868
2024-07-03 16:01:58 - INFO - Epoch: 22/50, Validation Loss: 0.000517401715037989, Accuracy: 99.99244735808585%
2024-07-03 16:02:47 - INFO - Epoch: 23/50, Training Loss: 0.00013756624495871766
2024-07-03 16:02:52 - INFO - Epoch: 23/50, Validation Loss: 0.0003642368571405528, Accuracy: 99.98640524455455%
2024-07-03 16:03:41 - INFO - Epoch: 24/50, Training Loss: 0.0001478929242446779
2024-07-03 16:03:46 - INFO - Epoch: 24/50, Validation Loss: 0.00034445100753895987, Accuracy: 99.9947131506601%
2024-07-03 16:04:34 - INFO - Epoch: 25/50, Training Loss: 5.475935713666288e-05
2024-07-03 16:04:39 - INFO - Epoch: 25/50, Validation Loss: 0.00045666712632161984, Accuracy: 99.99395788646869%
2024-07-03 16:05:27 - INFO - Epoch: 26/50, Training Loss: 0.00014328135071681053
2024-07-03 16:05:32 - INFO - Epoch: 26/50, Validation Loss: 0.00028256534133498467, Accuracy: 99.99546841485152%
2024-07-03 16:05:32 - INFO - Model saved with validation accuracy: 99.99546841485152%
2024-07-03 16:06:20 - INFO - Epoch: 27/50, Training Loss: 0.00013911933420359928
2024-07-03 16:06:26 - INFO - Epoch: 27/50, Validation Loss: 0.00038322182524203426, Accuracy: 99.99320262227727%
2024-07-03 16:07:15 - INFO - Epoch: 28/50, Training Loss: 8.818392831326479e-05
2024-07-03 16:07:21 - INFO - Epoch: 28/50, Validation Loss: 0.0006650849329856847, Accuracy: 99.99093682970303%
2024-07-03 16:08:10 - INFO - Epoch: 29/50, Training Loss: 8.128784418561289e-05
2024-07-03 16:08:15 - INFO - Epoch: 29/50, Validation Loss: 0.0005094923766063598, Accuracy: 99.99320262227727%
2024-07-03 16:09:03 - INFO - Epoch: 30/50, Training Loss: 0.0001016169746326573
2024-07-03 16:09:08 - INFO - Epoch: 30/50, Validation Loss: 0.0004171422998421626, Accuracy: 99.99320262227727%
2024-07-03 16:09:57 - INFO - Epoch: 31/50, Training Loss: 0.00020092991515707206
2024-07-03 16:10:02 - INFO - Epoch: 31/50, Validation Loss: 0.0005868984290827872, Accuracy: 99.98640524455455%
2024-07-03 16:10:50 - INFO - Epoch: 32/50, Training Loss: 0.00011111320923921481
2024-07-03 16:10:55 - INFO - Epoch: 32/50, Validation Loss: 0.0003736659128380583, Accuracy: 99.99395788646869%
2024-07-03 16:11:43 - INFO - Epoch: 33/50, Training Loss: 9.631301835520173e-05
2024-07-03 16:11:48 - INFO - Epoch: 33/50, Validation Loss: 0.0007895491514836122, Accuracy: 99.9841394519803%
2024-07-03 16:12:36 - INFO - Epoch: 34/50, Training Loss: 0.00021435432401774716
2024-07-03 16:12:42 - INFO - Epoch: 34/50, Validation Loss: 0.00025315629801336517, Accuracy: 99.9947131506601%
2024-07-03 16:13:30 - INFO - Epoch: 35/50, Training Loss: 7.985266548651375e-05
2024-07-03 16:13:36 - INFO - Epoch: 35/50, Validation Loss: 0.0008862156205672225, Accuracy: 99.99018156551162%
2024-07-03 16:14:25 - INFO - Epoch: 36/50, Training Loss: 0.00018690071312334744
2024-07-03 16:14:30 - INFO - Epoch: 36/50, Validation Loss: 0.0003038557191393395, Accuracy: 99.99546841485152%
2024-07-03 16:15:19 - INFO - Epoch: 37/50, Training Loss: 0.0001555991778879334
2024-07-03 16:15:24 - INFO - Epoch: 37/50, Validation Loss: 0.0003514150404014605, Accuracy: 99.99395788646869%
2024-07-03 16:16:13 - INFO - Epoch: 38/50, Training Loss: 7.652373646275657e-05
2024-07-03 16:16:18 - INFO - Epoch: 38/50, Validation Loss: 0.0004540874214333219, Accuracy: 99.98942630132021%
2024-07-03 16:17:06 - INFO - Epoch: 39/50, Training Loss: 0.00011518733143622617
2024-07-03 16:17:11 - INFO - Epoch: 39/50, Validation Loss: 0.0003552030819464556, Accuracy: 99.99244735808585%
2024-07-03 16:18:00 - INFO - Epoch: 40/50, Training Loss: 0.00012573095311267662
2024-07-03 16:18:05 - INFO - Epoch: 40/50, Validation Loss: 0.0003527595089771187, Accuracy: 99.9947131506601%
2024-07-03 16:18:55 - INFO - Epoch: 41/50, Training Loss: 9.947147163288262e-05
2024-07-03 16:19:00 - INFO - Epoch: 41/50, Validation Loss: 0.0005045990252554114, Accuracy: 99.99244735808585%
2024-07-03 16:19:49 - INFO - Epoch: 42/50, Training Loss: 8.246125566258366e-05
2024-07-03 16:19:54 - INFO - Epoch: 42/50, Validation Loss: 0.0006165987129218152, Accuracy: 99.98640524455455%
2024-07-03 16:20:43 - INFO - Epoch: 43/50, Training Loss: 7.437153950847122e-05
2024-07-03 16:20:48 - INFO - Epoch: 43/50, Validation Loss: 0.0005569735669742846, Accuracy: 99.99169209389444%
2024-07-03 16:21:36 - INFO - Epoch: 44/50, Training Loss: 6.704706613766826e-05
2024-07-03 16:21:42 - INFO - Epoch: 44/50, Validation Loss: 0.00042906980708306484, Accuracy: 99.99244735808585%
2024-07-03 16:22:29 - INFO - Epoch: 45/50, Training Loss: 0.00010625959166808098
2024-07-03 16:22:35 - INFO - Epoch: 45/50, Validation Loss: 0.0003791302137314393, Accuracy: 99.99244735808585%
2024-07-03 16:23:23 - INFO - Epoch: 46/50, Training Loss: 4.607330362524203e-05
2024-07-03 16:23:28 - INFO - Epoch: 46/50, Validation Loss: 0.0007003316925128454, Accuracy: 99.98640524455455%
2024-07-03 16:24:17 - INFO - Epoch: 47/50, Training Loss: 8.930725409016248e-05
2024-07-03 16:24:22 - INFO - Epoch: 47/50, Validation Loss: 0.000409430109643678, Accuracy: 99.99244735808585%
2024-07-03 16:25:11 - INFO - Epoch: 48/50, Training Loss: 0.0001271252751978513
2024-07-03 16:25:17 - INFO - Epoch: 48/50, Validation Loss: 0.0006099455030828881, Accuracy: 99.99320262227727%
2024-07-03 16:26:05 - INFO - Epoch: 49/50, Training Loss: 0.00015167642695687258
2024-07-03 16:26:10 - INFO - Epoch: 49/50, Validation Loss: 0.0005248894167356783, Accuracy: 99.99169209389444%
2024-07-03 16:26:59 - INFO - Epoch: 50/50, Training Loss: 0.00010729378577205362
2024-07-03 16:27:04 - INFO - Epoch: 50/50, Validation Loss: 0.00033554679776321236, Accuracy: 99.99395788646869%
2024-07-03 16:27:04 - INFO - Finished training model.
2024-07-03 16:27:05 - INFO - Model saved to lstm_classifier_dc2.pth and vocabulary saved to vocab_dc2.pkl
