2024-07-11 14:25:01 - INFO - This log entry will go into a uniquely named file for this run.
2024-07-11 14:25:02 - INFO - without hidden
2024-07-11 14:25:02 - INFO - Params:
2024-07-11 14:25:02 - INFO - embedding_dim=32
2024-07-11 14:25:02 - INFO - hidden_dim:32
2024-07-11 14:25:02 - INFO - num_layers:2
2024-07-11 14:25:02 - INFO - epochs:100
2024-07-11 14:25:02 - INFO - batch_size:64
2024-07-11 14:25:02 - INFO - lr:0.001
2024-07-11 14:25:05 - INFO - Starting LSTM model training...
2024-07-11 14:25:12 - INFO - Epoch: 1/100, Training Loss: 0.5723434631328302
2024-07-11 14:25:13 - INFO - Epoch: 1/100, Validation Loss: 0.556101038511553, Accuracy: 68.19788939569783%
2024-07-11 14:25:13 - INFO - Model saved with validation accuracy: 68.19788939569783%
2024-07-11 14:25:19 - INFO - Epoch: 2/100, Training Loss: 0.5557681518721045
2024-07-11 14:25:20 - INFO - Epoch: 2/100, Validation Loss: 0.5537987152220671, Accuracy: 68.2572670103371%
2024-07-11 14:25:20 - INFO - Model saved with validation accuracy: 68.2572670103371%
2024-07-11 14:25:26 - INFO - Epoch: 3/100, Training Loss: 0.5705845231811205
2024-07-11 14:25:27 - INFO - Epoch: 3/100, Validation Loss: 0.6926098810782293, Accuracy: 51.653126771207255%
2024-07-11 14:25:34 - INFO - Epoch: 4/100, Training Loss: 0.693669122375149
2024-07-11 14:25:34 - INFO - Epoch: 4/100, Validation Loss: 0.6925803350866974, Accuracy: 52.684138079943864%
2024-07-11 14:25:41 - INFO - Epoch: 5/100, Training Loss: 0.5224514622788149
2024-07-11 14:25:42 - INFO - Epoch: 5/100, Validation Loss: 0.48907312586105756, Accuracy: 74.54859517961728%
2024-07-11 14:25:42 - INFO - Model saved with validation accuracy: 74.54859517961728%
2024-07-11 14:25:48 - INFO - Epoch: 6/100, Training Loss: 0.4887620898571657
2024-07-11 14:25:49 - INFO - Epoch: 6/100, Validation Loss: 0.48182979267290016, Accuracy: 75.05330490405117%
2024-07-11 14:25:49 - INFO - Model saved with validation accuracy: 75.05330490405117%
2024-07-11 14:25:56 - INFO - Epoch: 7/100, Training Loss: 0.4857953667048757
2024-07-11 14:25:57 - INFO - Epoch: 7/100, Validation Loss: 0.4827628123327858, Accuracy: 75.12617743110847%
2024-07-11 14:25:57 - INFO - Model saved with validation accuracy: 75.12617743110847%
2024-07-11 14:26:04 - INFO - Epoch: 8/100, Training Loss: 0.4850818024552548
2024-07-11 14:26:04 - INFO - Epoch: 8/100, Validation Loss: 0.47835903814213676, Accuracy: 75.1450703084937%
2024-07-11 14:26:04 - INFO - Model saved with validation accuracy: 75.1450703084937%
2024-07-11 14:26:11 - INFO - Epoch: 9/100, Training Loss: 0.48093677521884337
2024-07-11 14:26:12 - INFO - Epoch: 9/100, Validation Loss: 0.47605475212008225, Accuracy: 75.15856522091171%
2024-07-11 14:26:12 - INFO - Model saved with validation accuracy: 75.15856522091171%
2024-07-11 14:26:18 - INFO - Epoch: 10/100, Training Loss: 0.478767224917243
2024-07-11 14:26:19 - INFO - Epoch: 10/100, Validation Loss: 0.4743967692469068, Accuracy: 75.17475911581334%
2024-07-11 14:26:19 - INFO - Model saved with validation accuracy: 75.17475911581334%
2024-07-11 14:26:25 - INFO - Epoch: 11/100, Training Loss: 0.4762343441446622
2024-07-11 14:26:26 - INFO - Epoch: 11/100, Validation Loss: 0.47286317411276135, Accuracy: 75.19095301071496%
2024-07-11 14:26:26 - INFO - Model saved with validation accuracy: 75.19095301071496%
2024-07-11 14:26:32 - INFO - Epoch: 12/100, Training Loss: 0.4735948575181253
2024-07-11 14:26:33 - INFO - Epoch: 12/100, Validation Loss: 0.47270373101885044, Accuracy: 75.19635097568217%
2024-07-11 14:26:33 - INFO - Model saved with validation accuracy: 75.19635097568217%
2024-07-11 14:26:39 - INFO - Epoch: 13/100, Training Loss: 0.47060251107281764
2024-07-11 14:26:40 - INFO - Epoch: 13/100, Validation Loss: 0.469140878561659, Accuracy: 75.13157539607568%
2024-07-11 14:26:46 - INFO - Epoch: 14/100, Training Loss: 0.46594887117441863
2024-07-11 14:26:47 - INFO - Epoch: 14/100, Validation Loss: 0.46132146349636793, Accuracy: 75.53912175109984%
2024-07-11 14:26:47 - INFO - Model saved with validation accuracy: 75.53912175109984%
2024-07-11 14:26:54 - INFO - Epoch: 15/100, Training Loss: 0.46201185544949536
2024-07-11 14:26:54 - INFO - Epoch: 15/100, Validation Loss: 0.4566114997822592, Accuracy: 75.5904024182883%
2024-07-11 14:26:54 - INFO - Model saved with validation accuracy: 75.5904024182883%
2024-07-11 14:27:01 - INFO - Epoch: 16/100, Training Loss: 0.4548072387723313
2024-07-11 14:27:02 - INFO - Epoch: 16/100, Validation Loss: 0.45257623449920165, Accuracy: 75.84680575423066%
2024-07-11 14:27:02 - INFO - Model saved with validation accuracy: 75.84680575423066%
2024-07-11 14:27:08 - INFO - Epoch: 17/100, Training Loss: 0.449102550410442
2024-07-11 14:27:09 - INFO - Epoch: 17/100, Validation Loss: 0.448574743585883, Accuracy: 76.38930123343499%
2024-07-11 14:27:09 - INFO - Model saved with validation accuracy: 76.38930123343499%
2024-07-11 14:27:15 - INFO - Epoch: 18/100, Training Loss: 0.4422179298517206
2024-07-11 14:27:16 - INFO - Epoch: 18/100, Validation Loss: 0.4553673102653912, Accuracy: 75.73884645488651%
2024-07-11 14:27:22 - INFO - Epoch: 19/100, Training Loss: 0.43512553071188187
2024-07-11 14:27:23 - INFO - Epoch: 19/100, Validation Loss: 0.4350435073408644, Accuracy: 76.64840355186095%
2024-07-11 14:27:23 - INFO - Model saved with validation accuracy: 76.64840355186095%
2024-07-11 14:27:29 - INFO - Epoch: 20/100, Training Loss: 0.42717679680062903
2024-07-11 14:27:30 - INFO - Epoch: 20/100, Validation Loss: 0.4287815876884164, Accuracy: 76.79414860597555%
2024-07-11 14:27:30 - INFO - Model saved with validation accuracy: 76.79414860597555%
2024-07-11 14:27:36 - INFO - Epoch: 21/100, Training Loss: 0.4205390117895212
2024-07-11 14:27:37 - INFO - Epoch: 21/100, Validation Loss: 0.42244343951164337, Accuracy: 76.82113843081159%
2024-07-11 14:27:37 - INFO - Model saved with validation accuracy: 76.82113843081159%
2024-07-11 14:27:43 - INFO - Epoch: 22/100, Training Loss: 0.4149495562947064
2024-07-11 14:27:44 - INFO - Epoch: 22/100, Validation Loss: 0.4207194012578493, Accuracy: 77.31505222531106%
2024-07-11 14:27:44 - INFO - Model saved with validation accuracy: 77.31505222531106%
2024-07-11 14:27:50 - INFO - Epoch: 23/100, Training Loss: 0.4100383291654739
2024-07-11 14:27:50 - INFO - Epoch: 23/100, Validation Loss: 0.4091339938484119, Accuracy: 77.48508812177809%
2024-07-11 14:27:50 - INFO - Model saved with validation accuracy: 77.48508812177809%
2024-07-11 14:27:57 - INFO - Epoch: 24/100, Training Loss: 0.4029026509540892
2024-07-11 14:27:58 - INFO - Epoch: 24/100, Validation Loss: 0.40863090099860144, Accuracy: 77.28536341799142%
2024-07-11 14:28:04 - INFO - Epoch: 25/100, Training Loss: 0.39790143749462714
2024-07-11 14:28:05 - INFO - Epoch: 25/100, Validation Loss: 0.4015679656429818, Accuracy: 77.70910366791719%
2024-07-11 14:28:05 - INFO - Model saved with validation accuracy: 77.70910366791719%
2024-07-11 14:28:11 - INFO - Epoch: 26/100, Training Loss: 0.3943182424495772
2024-07-11 14:28:11 - INFO - Epoch: 26/100, Validation Loss: 0.399885008886894, Accuracy: 77.23408275080294%
2024-07-11 14:28:18 - INFO - Epoch: 27/100, Training Loss: 0.38917571239314963
2024-07-11 14:28:18 - INFO - Epoch: 27/100, Validation Loss: 0.3920185316823719, Accuracy: 77.91692531915469%
2024-07-11 14:28:18 - INFO - Model saved with validation accuracy: 77.91692531915469%
2024-07-11 14:28:25 - INFO - Epoch: 28/100, Training Loss: 0.384747358460449
2024-07-11 14:28:25 - INFO - Epoch: 28/100, Validation Loss: 0.39260608668154384, Accuracy: 77.82515991471216%
2024-07-11 14:28:32 - INFO - Epoch: 29/100, Training Loss: 0.3798890209632937
2024-07-11 14:28:32 - INFO - Epoch: 29/100, Validation Loss: 0.38328728676871726, Accuracy: 78.11125205797414%
2024-07-11 14:28:32 - INFO - Model saved with validation accuracy: 78.11125205797414%
2024-07-11 14:28:39 - INFO - Epoch: 30/100, Training Loss: 0.37673646201329736
2024-07-11 14:28:39 - INFO - Epoch: 30/100, Validation Loss: 0.38075929326817576, Accuracy: 77.97630293379396%
2024-07-11 14:28:45 - INFO - Epoch: 31/100, Training Loss: 0.372085056896603
2024-07-11 14:28:46 - INFO - Epoch: 31/100, Validation Loss: 0.3834706244793992, Accuracy: 78.04377749588406%
2024-07-11 14:28:52 - INFO - Epoch: 32/100, Training Loss: 0.36960380824221645
2024-07-11 14:28:53 - INFO - Epoch: 32/100, Validation Loss: 0.37456374495758293, Accuracy: 78.16253272516262%
2024-07-11 14:28:53 - INFO - Model saved with validation accuracy: 78.16253272516262%
2024-07-11 14:28:59 - INFO - Epoch: 33/100, Training Loss: 0.366606582715361
2024-07-11 14:29:00 - INFO - Epoch: 33/100, Validation Loss: 0.3745905786032092, Accuracy: 77.80356805484332%
2024-07-11 14:29:06 - INFO - Epoch: 34/100, Training Loss: 0.36385893570146616
2024-07-11 14:29:07 - INFO - Epoch: 34/100, Validation Loss: 0.3673208339947287, Accuracy: 78.24080321718712%
2024-07-11 14:29:07 - INFO - Model saved with validation accuracy: 78.24080321718712%
2024-07-11 14:29:13 - INFO - Epoch: 35/100, Training Loss: 0.35867040433851755
2024-07-11 14:29:14 - INFO - Epoch: 35/100, Validation Loss: 0.369192205794117, Accuracy: 78.1571347601954%
2024-07-11 14:29:20 - INFO - Epoch: 36/100, Training Loss: 0.35747486863137323
2024-07-11 14:29:20 - INFO - Epoch: 36/100, Validation Loss: 0.35935435023332507, Accuracy: 78.03298156594964%
2024-07-11 14:29:27 - INFO - Epoch: 37/100, Training Loss: 0.35465792069189084
2024-07-11 14:29:27 - INFO - Epoch: 37/100, Validation Loss: 0.3761983412946856, Accuracy: 78.36225742894929%
2024-07-11 14:29:27 - INFO - Model saved with validation accuracy: 78.36225742894929%
2024-07-11 14:29:34 - INFO - Epoch: 38/100, Training Loss: 0.3527548328325127
2024-07-11 14:29:34 - INFO - Epoch: 38/100, Validation Loss: 0.3599320094717187, Accuracy: 78.62135974737524%
2024-07-11 14:29:34 - INFO - Model saved with validation accuracy: 78.62135974737524%
2024-07-11 14:29:40 - INFO - Epoch: 39/100, Training Loss: 0.3494322940334034
2024-07-11 14:29:41 - INFO - Epoch: 39/100, Validation Loss: 0.35271680257275106, Accuracy: 78.6672424495965%
2024-07-11 14:29:41 - INFO - Model saved with validation accuracy: 78.6672424495965%
2024-07-11 14:29:47 - INFO - Epoch: 40/100, Training Loss: 0.34732518781343275
2024-07-11 14:29:48 - INFO - Epoch: 40/100, Validation Loss: 0.3578691107055272, Accuracy: 78.32177269169523%
2024-07-11 14:29:54 - INFO - Epoch: 41/100, Training Loss: 0.34628434458004376
2024-07-11 14:29:55 - INFO - Epoch: 41/100, Validation Loss: 0.3571691226876873, Accuracy: 78.19222153248225%
2024-07-11 14:30:01 - INFO - Epoch: 42/100, Training Loss: 0.3432685172375105
2024-07-11 14:30:02 - INFO - Epoch: 42/100, Validation Loss: 0.3526727224415448, Accuracy: 78.65374753717849%
2024-07-11 14:30:08 - INFO - Epoch: 43/100, Training Loss: 0.34140058305751475
2024-07-11 14:30:09 - INFO - Epoch: 43/100, Validation Loss: 0.3486469057042776, Accuracy: 78.52419637796551%
2024-07-11 14:30:15 - INFO - Epoch: 44/100, Training Loss: 0.3403113853823336
2024-07-11 14:30:15 - INFO - Epoch: 44/100, Validation Loss: 0.34687662948186737, Accuracy: 78.57277806267037%
2024-07-11 14:30:22 - INFO - Epoch: 45/100, Training Loss: 0.33874077738515246
2024-07-11 14:30:23 - INFO - Epoch: 45/100, Validation Loss: 0.35093866651539973, Accuracy: 78.67264041456372%
2024-07-11 14:30:23 - INFO - Model saved with validation accuracy: 78.67264041456372%
2024-07-11 14:30:28 - INFO - Epoch: 46/100, Training Loss: 0.3370071579871091
2024-07-11 14:30:29 - INFO - Epoch: 46/100, Validation Loss: 0.34447648609137493, Accuracy: 78.8075895387439%
2024-07-11 14:30:29 - INFO - Model saved with validation accuracy: 78.8075895387439%
2024-07-11 14:30:36 - INFO - Epoch: 47/100, Training Loss: 0.3346609445240522
2024-07-11 14:30:36 - INFO - Epoch: 47/100, Validation Loss: 0.34069955449339023, Accuracy: 78.78599767887506%
2024-07-11 14:30:42 - INFO - Epoch: 48/100, Training Loss: 0.3337926690198082
2024-07-11 14:30:43 - INFO - Epoch: 48/100, Validation Loss: 0.33872449681137096, Accuracy: 78.90745189063723%
2024-07-11 14:30:43 - INFO - Model saved with validation accuracy: 78.90745189063723%
2024-07-11 14:30:50 - INFO - Epoch: 49/100, Training Loss: 0.3314796378884291
2024-07-11 14:30:50 - INFO - Epoch: 49/100, Validation Loss: 0.34555652349003446, Accuracy: 79.07478880462065%
2024-07-11 14:30:50 - INFO - Model saved with validation accuracy: 79.07478880462065%
2024-07-11 14:30:57 - INFO - Epoch: 50/100, Training Loss: 0.33194751627678903
2024-07-11 14:30:58 - INFO - Epoch: 50/100, Validation Loss: 0.336968699138811, Accuracy: 78.72931904671938%
2024-07-11 14:31:04 - INFO - Epoch: 51/100, Training Loss: 0.3310394631972173
2024-07-11 14:31:05 - INFO - Epoch: 51/100, Validation Loss: 0.3471191882932742, Accuracy: 78.86696715338317%
2024-07-11 14:31:11 - INFO - Epoch: 52/100, Training Loss: 0.33006143697339635
2024-07-11 14:31:12 - INFO - Epoch: 52/100, Validation Loss: 0.3450510585761029, Accuracy: 79.17465115651399%
2024-07-11 14:31:12 - INFO - Model saved with validation accuracy: 79.17465115651399%
2024-07-11 14:31:18 - INFO - Epoch: 53/100, Training Loss: 0.32712930189333017
2024-07-11 14:31:19 - INFO - Epoch: 53/100, Validation Loss: 0.3379662424480359, Accuracy: 78.90205392567002%
2024-07-11 14:31:25 - INFO - Epoch: 54/100, Training Loss: 0.32725219533413596
2024-07-11 14:31:26 - INFO - Epoch: 54/100, Validation Loss: 0.3331956885021585, Accuracy: 78.87236511835039%
2024-07-11 14:31:33 - INFO - Epoch: 55/100, Training Loss: 0.3254790185131969
2024-07-11 14:31:33 - INFO - Epoch: 55/100, Validation Loss: 0.33492841161079767, Accuracy: 79.20973792880085%
2024-07-11 14:31:33 - INFO - Model saved with validation accuracy: 79.20973792880085%
2024-07-11 14:31:40 - INFO - Epoch: 56/100, Training Loss: 0.32519608403400024
2024-07-11 14:31:41 - INFO - Epoch: 56/100, Validation Loss: 0.3385160782331012, Accuracy: 78.91824782057165%
2024-07-11 14:31:47 - INFO - Epoch: 57/100, Training Loss: 0.3244432393068991
2024-07-11 14:31:48 - INFO - Epoch: 57/100, Validation Loss: 0.328524994057489, Accuracy: 79.01541118998138%
2024-07-11 14:31:55 - INFO - Epoch: 58/100, Training Loss: 0.3223314034287691
2024-07-11 14:31:55 - INFO - Epoch: 58/100, Validation Loss: 0.33354235253906417, Accuracy: 79.16115624409598%
2024-07-11 14:32:02 - INFO - Epoch: 59/100, Training Loss: 0.3212828109095545
2024-07-11 14:32:02 - INFO - Epoch: 59/100, Validation Loss: 0.3349730408201975, Accuracy: 79.16925319154679%
2024-07-11 14:32:09 - INFO - Epoch: 60/100, Training Loss: 0.32170296177937163
2024-07-11 14:32:09 - INFO - Epoch: 60/100, Validation Loss: 0.33244561155637103, Accuracy: 79.10987557690751%
2024-07-11 14:32:16 - INFO - Epoch: 61/100, Training Loss: 0.3196202159532714
2024-07-11 14:32:16 - INFO - Epoch: 61/100, Validation Loss: 0.32817779296111566, Accuracy: 79.16385522657959%
2024-07-11 14:32:23 - INFO - Epoch: 62/100, Training Loss: 0.3183189348184177
2024-07-11 14:32:24 - INFO - Epoch: 62/100, Validation Loss: 0.32722287183701476, Accuracy: 78.98572238266173%
2024-07-11 14:32:30 - INFO - Epoch: 63/100, Training Loss: 0.31829903166039825
2024-07-11 14:32:31 - INFO - Epoch: 63/100, Validation Loss: 0.3276554745250415, Accuracy: 79.12606947180913%
2024-07-11 14:32:37 - INFO - Epoch: 64/100, Training Loss: 0.3167640865299471
2024-07-11 14:32:38 - INFO - Epoch: 64/100, Validation Loss: 0.3279950392524196, Accuracy: 79.05049796226822%
2024-07-11 14:32:44 - INFO - Epoch: 65/100, Training Loss: 0.31717643510415144
2024-07-11 14:32:45 - INFO - Epoch: 65/100, Validation Loss: 0.32778385474583027, Accuracy: 79.26371757847292%
2024-07-11 14:32:45 - INFO - Model saved with validation accuracy: 79.26371757847292%
2024-07-11 14:32:51 - INFO - Epoch: 66/100, Training Loss: 0.31577652853001587
2024-07-11 14:32:52 - INFO - Epoch: 66/100, Validation Loss: 0.33143843656376853, Accuracy: 79.06399287468625%
2024-07-11 14:32:59 - INFO - Epoch: 67/100, Training Loss: 0.31534407071653425
2024-07-11 14:32:59 - INFO - Epoch: 67/100, Validation Loss: 0.32472413968751673, Accuracy: 79.22053385873525%
2024-07-11 14:33:06 - INFO - Epoch: 68/100, Training Loss: 0.31442387745633643
2024-07-11 14:33:07 - INFO - Epoch: 68/100, Validation Loss: 0.3237362083736067, Accuracy: 79.07748778710426%
2024-07-11 14:33:13 - INFO - Epoch: 69/100, Training Loss: 0.3132098083463152
2024-07-11 14:33:14 - INFO - Epoch: 69/100, Validation Loss: 0.3202934664302539, Accuracy: 78.9614315403093%
2024-07-11 14:33:20 - INFO - Epoch: 70/100, Training Loss: 0.3131926958489397
2024-07-11 14:33:21 - INFO - Epoch: 70/100, Validation Loss: 0.3216779688324953, Accuracy: 79.26101859598931%
2024-07-11 14:33:27 - INFO - Epoch: 71/100, Training Loss: 0.3128956065019384
2024-07-11 14:33:28 - INFO - Epoch: 71/100, Validation Loss: 0.32278378711875033, Accuracy: 79.16385522657959%
2024-07-11 14:33:34 - INFO - Epoch: 72/100, Training Loss: 0.31207690106154723
2024-07-11 14:33:35 - INFO - Epoch: 72/100, Validation Loss: 0.3229454543975557, Accuracy: 79.23942673612048%
2024-07-11 14:33:41 - INFO - Epoch: 73/100, Training Loss: 0.31003681773606157
2024-07-11 14:33:42 - INFO - Epoch: 73/100, Validation Loss: 0.32647238100439774, Accuracy: 79.35548298291545%
2024-07-11 14:33:42 - INFO - Model saved with validation accuracy: 79.35548298291545%
2024-07-11 14:33:48 - INFO - Epoch: 74/100, Training Loss: 0.31102085211322306
2024-07-11 14:33:49 - INFO - Epoch: 74/100, Validation Loss: 0.32138888038604785, Accuracy: 79.43105449245634%
2024-07-11 14:33:49 - INFO - Model saved with validation accuracy: 79.43105449245634%
2024-07-11 14:33:55 - INFO - Epoch: 75/100, Training Loss: 0.309741093209319
2024-07-11 14:33:56 - INFO - Epoch: 75/100, Validation Loss: 0.32048013379124984, Accuracy: 79.0343040673666%
2024-07-11 14:34:02 - INFO - Epoch: 76/100, Training Loss: 0.3093702929908336
2024-07-11 14:34:03 - INFO - Epoch: 76/100, Validation Loss: 0.3208407094904796, Accuracy: 78.94253866292408%
2024-07-11 14:34:09 - INFO - Epoch: 77/100, Training Loss: 0.31032212028386064
2024-07-11 14:34:10 - INFO - Epoch: 77/100, Validation Loss: 0.3204438025212247, Accuracy: 78.97762543521092%
2024-07-11 14:34:16 - INFO - Epoch: 78/100, Training Loss: 0.3087036817918479
2024-07-11 14:34:17 - INFO - Epoch: 78/100, Validation Loss: 0.31743794046535395, Accuracy: 79.2502226660549%
2024-07-11 14:34:23 - INFO - Epoch: 79/100, Training Loss: 0.3077178038914072
2024-07-11 14:34:24 - INFO - Epoch: 79/100, Validation Loss: 0.31755334532631496, Accuracy: 79.10177862945669%
2024-07-11 14:34:30 - INFO - Epoch: 80/100, Training Loss: 0.30649309252776424
2024-07-11 14:34:31 - INFO - Epoch: 80/100, Validation Loss: 0.3288092262952851, Accuracy: 78.92094680305524%
2024-07-11 14:34:37 - INFO - Epoch: 81/100, Training Loss: 0.3069652235312371
2024-07-11 14:34:38 - INFO - Epoch: 81/100, Validation Loss: 0.3209687750883053, Accuracy: 79.39326873768589%
2024-07-11 14:34:44 - INFO - Epoch: 82/100, Training Loss: 0.30701839215474425
2024-07-11 14:34:45 - INFO - Epoch: 82/100, Validation Loss: 0.31727084406814016, Accuracy: 79.29340638579255%
2024-07-11 14:34:51 - INFO - Epoch: 83/100, Training Loss: 0.3058368465919466
2024-07-11 14:34:52 - INFO - Epoch: 83/100, Validation Loss: 0.3164118462224493, Accuracy: 79.44724838735796%
2024-07-11 14:34:52 - INFO - Model saved with validation accuracy: 79.44724838735796%
2024-07-11 14:34:58 - INFO - Epoch: 84/100, Training Loss: 0.3058095592329848
2024-07-11 14:34:59 - INFO - Epoch: 84/100, Validation Loss: 0.31897572169340954, Accuracy: 79.57140158160374%
2024-07-11 14:34:59 - INFO - Model saved with validation accuracy: 79.57140158160374%
2024-07-11 14:35:05 - INFO - Epoch: 85/100, Training Loss: 0.3057347727627437
2024-07-11 14:35:06 - INFO - Epoch: 85/100, Validation Loss: 0.3237807500547696, Accuracy: 79.09368168200588%
2024-07-11 14:35:12 - INFO - Epoch: 86/100, Training Loss: 0.3059441658100419
2024-07-11 14:35:13 - INFO - Epoch: 86/100, Validation Loss: 0.31921864055187177, Accuracy: 79.04779897978462%
2024-07-11 14:35:19 - INFO - Epoch: 87/100, Training Loss: 0.30310564916677424
2024-07-11 14:35:20 - INFO - Epoch: 87/100, Validation Loss: 0.31625036321361655, Accuracy: 78.98572238266173%
2024-07-11 14:35:26 - INFO - Epoch: 88/100, Training Loss: 0.3041341102107819
2024-07-11 14:35:27 - INFO - Epoch: 88/100, Validation Loss: 0.31728670608400267, Accuracy: 79.29070740330896%
2024-07-11 14:35:33 - INFO - Epoch: 89/100, Training Loss: 0.30341708895610403
2024-07-11 14:35:34 - INFO - Epoch: 89/100, Validation Loss: 0.31387512638058274, Accuracy: 78.96682950527651%
2024-07-11 14:35:40 - INFO - Epoch: 90/100, Training Loss: 0.3040150251233104
2024-07-11 14:35:41 - INFO - Epoch: 90/100, Validation Loss: 0.32092603760576827, Accuracy: 79.21513589376805%
2024-07-11 14:35:47 - INFO - Epoch: 91/100, Training Loss: 0.30469090661391074
2024-07-11 14:35:48 - INFO - Epoch: 91/100, Validation Loss: 0.31955195551606247, Accuracy: 79.15845726161237%
2024-07-11 14:35:54 - INFO - Epoch: 92/100, Training Loss: 0.3050492441021099
2024-07-11 14:35:55 - INFO - Epoch: 92/100, Validation Loss: 0.3127818039404502, Accuracy: 79.14226336671075%
2024-07-11 14:36:01 - INFO - Epoch: 93/100, Training Loss: 0.3026608154242006
2024-07-11 14:36:02 - INFO - Epoch: 93/100, Validation Loss: 0.3157161354040647, Accuracy: 79.04779897978462%
2024-07-11 14:36:08 - INFO - Epoch: 94/100, Training Loss: 0.3018194992088798
2024-07-11 14:36:09 - INFO - Epoch: 94/100, Validation Loss: 0.31782595700035854, Accuracy: 79.67126393349707%
2024-07-11 14:36:09 - INFO - Model saved with validation accuracy: 79.67126393349707%
2024-07-11 14:36:15 - INFO - Epoch: 95/100, Training Loss: 0.3026890369946063
2024-07-11 14:36:16 - INFO - Epoch: 95/100, Validation Loss: 0.31207879592820564, Accuracy: 79.33389112304661%
2024-07-11 14:36:22 - INFO - Epoch: 96/100, Training Loss: 0.30149026188697015
2024-07-11 14:36:23 - INFO - Epoch: 96/100, Validation Loss: 0.31909220901177954, Accuracy: 79.16115624409598%
2024-07-11 14:36:29 - INFO - Epoch: 97/100, Training Loss: 0.3005503430602258
2024-07-11 14:36:30 - INFO - Epoch: 97/100, Validation Loss: 0.3116677560954514, Accuracy: 79.10987557690751%
2024-07-11 14:36:36 - INFO - Epoch: 98/100, Training Loss: 0.3013389012317892
2024-07-11 14:36:37 - INFO - Epoch: 98/100, Validation Loss: 0.31031136484961436, Accuracy: 79.14766133167795%
2024-07-11 14:36:43 - INFO - Epoch: 99/100, Training Loss: 0.30106578217192015
2024-07-11 14:36:44 - INFO - Epoch: 99/100, Validation Loss: 0.31495506410359925, Accuracy: 79.05319694475183%
2024-07-11 14:36:50 - INFO - Epoch: 100/100, Training Loss: 0.30124647267458765
2024-07-11 14:36:51 - INFO - Epoch: 100/100, Validation Loss: 0.31087256805884406, Accuracy: 79.22593182370247%
2024-07-11 14:36:51 - INFO - Finished training model.
2024-07-11 14:36:52 - INFO - Model saved to lstm_classifier_py3.pth and vocabulary saved to vocab_py3.pkl
