2024-06-27 00:14:21 - INFO - This log entry will go into a uniquely named file for this run.
2024-06-27 00:14:22 - INFO - Params:
2024-06-27 00:14:22 - INFO - embedding_dim=64
2024-06-27 00:14:22 - INFO - hidden_dim:128
2024-06-27 00:14:22 - INFO - num_layers:2
2024-06-27 00:14:22 - INFO - epochs:200
2024-06-27 00:14:22 - INFO - batch_size:64
2024-06-27 00:14:22 - INFO - lr:0.001
2024-06-27 00:14:26 - INFO - Starting LSTM model training...
2024-06-27 00:14:31 - INFO - Epoch: 1/200, Validation Loss: 0.6921754006077262, Accuracy: 52.37511492491572%
2024-06-27 00:14:37 - INFO - Epoch: 2/200, Validation Loss: 0.692177742135291, Accuracy: 52.37511492491572%
2024-06-27 00:14:42 - INFO - Epoch: 3/200, Validation Loss: 0.6927210291226705, Accuracy: 51.31780570027582%
2024-06-27 00:14:47 - INFO - Epoch: 4/200, Validation Loss: 0.6922459830256069, Accuracy: 52.37511492491572%
2024-06-27 00:14:53 - INFO - Epoch: 5/200, Validation Loss: 0.6923379062437544, Accuracy: 52.35979160281949%
2024-06-27 00:14:59 - INFO - Epoch: 6/200, Validation Loss: 0.6920090627436545, Accuracy: 52.6662580447441%
2024-06-27 00:15:05 - INFO - Epoch: 7/200, Validation Loss: 0.6918031865475225, Accuracy: 52.52834814587803%
2024-06-27 00:15:11 - INFO - Epoch: 8/200, Validation Loss: 0.6457248978755054, Accuracy: 61.507814894269075%
2024-06-27 00:15:17 - INFO - Epoch: 9/200, Validation Loss: 0.646096314869675, Accuracy: 61.124731841863316%
2024-06-27 00:15:23 - INFO - Epoch: 10/200, Validation Loss: 0.6253989607680077, Accuracy: 64.02083971805088%
2024-06-27 00:15:29 - INFO - Epoch: 11/200, Validation Loss: 0.692326485526328, Accuracy: 52.4670548574931%
2024-06-27 00:15:35 - INFO - Epoch: 12/200, Validation Loss: 0.688427583844054, Accuracy: 56.9414649095924%
2024-06-27 00:15:41 - INFO - Epoch: 13/200, Validation Loss: 0.5973230445501851, Accuracy: 64.49586270303402%
2024-06-27 00:15:47 - INFO - Epoch: 14/200, Validation Loss: 0.5585260031854405, Accuracy: 68.89365614465216%
2024-06-27 00:15:53 - INFO - Epoch: 15/200, Validation Loss: 0.5121997381542244, Accuracy: 72.73980999080601%
2024-06-27 00:15:59 - INFO - Epoch: 16/200, Validation Loss: 0.5067441054418975, Accuracy: 74.07293901317806%
2024-06-27 00:16:05 - INFO - Epoch: 17/200, Validation Loss: 0.47687652239612505, Accuracy: 75.83512105424457%
2024-06-27 00:16:11 - INFO - Epoch: 18/200, Validation Loss: 0.451806938531352, Accuracy: 77.5666564511186%
2024-06-27 00:16:17 - INFO - Epoch: 19/200, Validation Loss: 0.4239072358491374, Accuracy: 78.57799570946982%
2024-06-27 00:16:23 - INFO - Epoch: 20/200, Validation Loss: 0.4313904266147053, Accuracy: 78.71590560833589%
2024-06-27 00:16:29 - INFO - Epoch: 21/200, Validation Loss: 0.40641937828531455, Accuracy: 77.22954336500153%
2024-06-27 00:16:35 - INFO - Epoch: 22/200, Validation Loss: 0.3479540231181126, Accuracy: 78.71590560833589%
2024-06-27 00:16:41 - INFO - Epoch: 23/200, Validation Loss: 0.3412635536754833, Accuracy: 79.22157523751149%
2024-06-27 00:16:47 - INFO - Epoch: 24/200, Validation Loss: 0.32928913451877295, Accuracy: 78.70058228623965%
2024-06-27 00:16:53 - INFO - Epoch: 25/200, Validation Loss: 0.3286970564547707, Accuracy: 78.88446215139442%
2024-06-27 00:16:59 - INFO - Epoch: 26/200, Validation Loss: 0.3336114253775746, Accuracy: 77.87312289304322%
2024-06-27 00:17:06 - INFO - Epoch: 27/200, Validation Loss: 0.32422023602560457, Accuracy: 77.98038614771683%
2024-06-27 00:17:12 - INFO - Epoch: 28/200, Validation Loss: 0.33736638827066795, Accuracy: 77.5666564511186%
2024-06-27 00:17:18 - INFO - Epoch: 29/200, Validation Loss: 0.32873494514063295, Accuracy: 78.25620594544897%
2024-06-27 00:17:24 - INFO - Epoch: 30/200, Validation Loss: 0.3099262626732097, Accuracy: 78.50137909898866%
2024-06-27 00:17:30 - INFO - Epoch: 31/200, Validation Loss: 0.3105364926889831, Accuracy: 78.04167943610175%
2024-06-27 00:17:36 - INFO - Epoch: 32/200, Validation Loss: 0.30834359734081757, Accuracy: 77.6126264174073%
2024-06-27 00:17:42 - INFO - Epoch: 33/200, Validation Loss: 0.3043651928504308, Accuracy: 77.67391970579222%
2024-06-27 00:17:48 - INFO - Epoch: 34/200, Validation Loss: 0.3032911532357627, Accuracy: 78.25620594544897%
2024-06-27 00:17:54 - INFO - Epoch: 35/200, Validation Loss: 0.31841221612458137, Accuracy: 77.93441618142813%
2024-06-27 00:18:00 - INFO - Epoch: 36/200, Validation Loss: 0.3137817030736044, Accuracy: 78.08764940239044%
2024-06-27 00:18:06 - INFO - Epoch: 37/200, Validation Loss: 0.3072538318879464, Accuracy: 79.03769537235672%
2024-06-27 00:18:12 - INFO - Epoch: 38/200, Validation Loss: 0.3048250266149932, Accuracy: 79.05301869445296%
2024-06-27 00:18:19 - INFO - Epoch: 39/200, Validation Loss: 0.30758392460205974, Accuracy: 78.1182960465829%
2024-06-27 00:18:25 - INFO - Epoch: 40/200, Validation Loss: 0.30640559497417186, Accuracy: 78.33282255593012%
2024-06-27 00:18:31 - INFO - Epoch: 41/200, Validation Loss: 0.30297503372033435, Accuracy: 77.5666564511186%
2024-06-27 00:18:37 - INFO - Epoch: 42/200, Validation Loss: 0.3027432483493113, Accuracy: 77.79650628256206%
2024-06-27 00:18:43 - INFO - Epoch: 43/200, Validation Loss: 0.3103358387654903, Accuracy: 77.45939319644499%
2024-06-27 00:18:49 - INFO - Epoch: 44/200, Validation Loss: 0.3073283512802685, Accuracy: 77.84247624885074%
2024-06-27 00:18:55 - INFO - Epoch: 45/200, Validation Loss: 0.3053158131592414, Accuracy: 78.89978547349065%
2024-06-27 00:19:01 - INFO - Epoch: 46/200, Validation Loss: 0.3017828018934119, Accuracy: 77.39809990806006%
2024-06-27 00:19:07 - INFO - Epoch: 47/200, Validation Loss: 0.3015103324079046, Accuracy: 77.7658596383696%
2024-06-27 00:19:13 - INFO - Epoch: 48/200, Validation Loss: 0.30959799199127686, Accuracy: 78.01103279190929%
2024-06-27 00:19:19 - INFO - Epoch: 49/200, Validation Loss: 0.3052123374506539, Accuracy: 76.98437021146185%
2024-06-27 00:19:26 - INFO - Epoch: 50/200, Validation Loss: 0.3007207114030333, Accuracy: 77.22954336500153%
2024-06-27 00:19:32 - INFO - Epoch: 51/200, Validation Loss: 0.3073401085886301, Accuracy: 78.93043211768311%
2024-06-27 00:19:38 - INFO - Epoch: 52/200, Validation Loss: 0.3029434628346387, Accuracy: 76.89243027888446%
2024-06-27 00:19:44 - INFO - Epoch: 53/200, Validation Loss: 0.3049922104851872, Accuracy: 76.84646031259577%
2024-06-27 00:19:50 - INFO - Epoch: 54/200, Validation Loss: 0.3062058579103619, Accuracy: 77.29083665338645%
2024-06-27 00:19:56 - INFO - Epoch: 55/200, Validation Loss: 0.30571568158327367, Accuracy: 77.93441618142813%
2024-06-27 00:20:02 - INFO - Epoch: 56/200, Validation Loss: 0.30899348548230005, Accuracy: 77.15292675452038%
2024-06-27 00:20:08 - INFO - Epoch: 57/200, Validation Loss: 0.30547266468113543, Accuracy: 77.7658596383696%
2024-06-27 00:20:14 - INFO - Epoch: 58/200, Validation Loss: 0.2969760795434316, Accuracy: 76.93840024517316%
2024-06-27 00:20:20 - INFO - Epoch: 59/200, Validation Loss: 0.30901192391619964, Accuracy: 78.0723260802942%
2024-06-27 00:20:26 - INFO - Epoch: 60/200, Validation Loss: 0.3059017028586537, Accuracy: 77.47471651854121%
2024-06-27 00:20:32 - INFO - Epoch: 61/200, Validation Loss: 0.3008582207794283, Accuracy: 77.9190928593319%
2024-06-27 00:20:39 - INFO - Epoch: 62/200, Validation Loss: 0.30133310135673075, Accuracy: 78.8691388292982%
2024-06-27 00:20:45 - INFO - Epoch: 63/200, Validation Loss: 0.29793663206053717, Accuracy: 78.42476248850751%
2024-06-27 00:20:51 - INFO - Epoch: 64/200, Validation Loss: 0.2997746495347397, Accuracy: 77.22954336500153%
2024-06-27 00:20:57 - INFO - Epoch: 65/200, Validation Loss: 0.30072854532330645, Accuracy: 76.53999387067117%
2024-06-27 00:21:03 - INFO - Epoch: 66/200, Validation Loss: 0.30723893350245907, Accuracy: 76.58596383695985%
2024-06-27 00:21:09 - INFO - Epoch: 67/200, Validation Loss: 0.32288383487977235, Accuracy: 77.04566349984677%
2024-06-27 00:21:15 - INFO - Epoch: 68/200, Validation Loss: 0.2969934526903957, Accuracy: 76.12626417407294%
2024-06-27 00:21:21 - INFO - Epoch: 69/200, Validation Loss: 0.31980736582886937, Accuracy: 78.0723260802942%
2024-06-27 00:21:27 - INFO - Epoch: 70/200, Validation Loss: 0.30553342109801723, Accuracy: 76.75452038001839%
2024-06-27 00:21:34 - INFO - Epoch: 71/200, Validation Loss: 0.30361169006894617, Accuracy: 76.34079068342017%
2024-06-27 00:21:40 - INFO - Epoch: 72/200, Validation Loss: 0.3047168257774091, Accuracy: 76.29482071713147%
2024-06-27 00:21:46 - INFO - Epoch: 73/200, Validation Loss: 0.30305465734472464, Accuracy: 76.35611400551639%
2024-06-27 00:21:52 - INFO - Epoch: 74/200, Validation Loss: 0.30722008484835717, Accuracy: 76.75452038001839%
2024-06-27 00:21:58 - INFO - Epoch: 75/200, Validation Loss: 0.30163361745722156, Accuracy: 75.97303095311064%
2024-06-27 00:22:04 - INFO - Epoch: 76/200, Validation Loss: 0.3092399745010862, Accuracy: 75.8044744100521%
2024-06-27 00:22:10 - INFO - Epoch: 77/200, Validation Loss: 0.3056151175908014, Accuracy: 76.29482071713147%
2024-06-27 00:22:16 - INFO - Epoch: 78/200, Validation Loss: 0.3125951566240367, Accuracy: 75.72785779957094%
2024-06-27 00:22:22 - INFO - Epoch: 79/200, Validation Loss: 0.30573872842040717, Accuracy: 75.57462457860865%
2024-06-27 00:22:28 - INFO - Epoch: 80/200, Validation Loss: 0.30901190083400876, Accuracy: 78.71590560833589%
2024-06-27 00:22:34 - INFO - Epoch: 81/200, Validation Loss: 0.30655479153581694, Accuracy: 75.62059454489733%
2024-06-27 00:22:41 - INFO - Epoch: 82/200, Validation Loss: 0.3134019988424638, Accuracy: 75.98835427520686%
2024-06-27 00:22:47 - INFO - Epoch: 83/200, Validation Loss: 0.32282624393701553, Accuracy: 75.22218817039534%
2024-06-27 00:22:53 - INFO - Epoch: 84/200, Validation Loss: 0.3172315083005849, Accuracy: 75.23751149249158%
2024-06-27 00:22:59 - INFO - Epoch: 85/200, Validation Loss: 0.30567163375078465, Accuracy: 75.14557155991419%
2024-06-27 00:23:05 - INFO - Epoch: 86/200, Validation Loss: 0.31260229238108095, Accuracy: 74.68587189702727%
2024-06-27 00:23:11 - INFO - Epoch: 87/200, Validation Loss: 0.3139728087128377, Accuracy: 75.19154152620288%
2024-06-27 00:23:17 - INFO - Epoch: 88/200, Validation Loss: 0.3103065975740844, Accuracy: 75.13024823781795%
2024-06-27 00:23:23 - INFO - Epoch: 89/200, Validation Loss: 0.31596056780978743, Accuracy: 74.96169169475942%
2024-06-27 00:23:29 - INFO - Epoch: 90/200, Validation Loss: 0.35471788180225033, Accuracy: 75.62059454489733%
2024-06-27 00:23:35 - INFO - Epoch: 91/200, Validation Loss: 0.31567609178669315, Accuracy: 75.32945142506895%
2024-06-27 00:23:41 - INFO - Epoch: 92/200, Validation Loss: 0.3119147809989312, Accuracy: 75.14557155991419%
2024-06-27 00:23:48 - INFO - Epoch: 93/200, Validation Loss: 0.3293124266407069, Accuracy: 75.08427827152927%
2024-06-27 00:23:54 - INFO - Epoch: 94/200, Validation Loss: 0.3137923794634202, Accuracy: 74.21084891204413%
2024-06-27 00:24:00 - INFO - Epoch: 95/200, Validation Loss: 0.3346688484444338, Accuracy: 76.06497088568801%
2024-06-27 00:24:06 - INFO - Epoch: 96/200, Validation Loss: 0.32238176581906336, Accuracy: 76.89243027888446%
2024-06-27 00:24:12 - INFO - Epoch: 97/200, Validation Loss: 0.32398735950974855, Accuracy: 74.41005209929513%
2024-06-27 00:24:18 - INFO - Epoch: 98/200, Validation Loss: 0.32925276925750807, Accuracy: 74.62457860864235%
2024-06-27 00:24:24 - INFO - Epoch: 99/200, Validation Loss: 0.33040395364457487, Accuracy: 75.03830830524058%
2024-06-27 00:24:30 - INFO - Epoch: 100/200, Validation Loss: 0.33550374166053887, Accuracy: 74.24149555623659%
2024-06-27 00:24:36 - INFO - Epoch: 101/200, Validation Loss: 0.3416752926274842, Accuracy: 74.1955255899479%
2024-06-27 00:24:42 - INFO - Epoch: 102/200, Validation Loss: 0.32697442904406904, Accuracy: 75.85044437634079%
2024-06-27 00:24:49 - INFO - Epoch: 103/200, Validation Loss: 0.3553190554181735, Accuracy: 74.37940545510267%
2024-06-27 00:24:55 - INFO - Epoch: 104/200, Validation Loss: 0.34669264990325066, Accuracy: 74.71651854121974%
2024-06-27 00:25:01 - INFO - Epoch: 105/200, Validation Loss: 0.36066270356669144, Accuracy: 74.57860864235366%
2024-06-27 00:25:07 - INFO - Epoch: 106/200, Validation Loss: 0.3381892413485284, Accuracy: 73.46000612932883%
2024-06-27 00:25:13 - INFO - Epoch: 107/200, Validation Loss: 0.34973593582125273, Accuracy: 75.60527122280111%
2024-06-27 00:25:19 - INFO - Epoch: 108/200, Validation Loss: 0.3466844538263246, Accuracy: 73.68985596077229%
2024-06-27 00:25:25 - INFO - Epoch: 109/200, Validation Loss: 0.36502087379203124, Accuracy: 74.51731535396874%
2024-06-27 00:25:31 - INFO - Epoch: 110/200, Validation Loss: 0.3573215694404116, Accuracy: 74.1955255899479%
2024-06-27 00:25:37 - INFO - Epoch: 111/200, Validation Loss: 0.3707025674920456, Accuracy: 74.39472877719889%
2024-06-27 00:25:43 - INFO - Epoch: 112/200, Validation Loss: 0.35881709351259117, Accuracy: 73.138216365308%
2024-06-27 00:25:50 - INFO - Epoch: 113/200, Validation Loss: 0.36602861580311086, Accuracy: 73.42935948513637%
2024-06-27 00:25:56 - INFO - Epoch: 114/200, Validation Loss: 0.34358034838064044, Accuracy: 73.75114924915722%
2024-06-27 00:26:02 - INFO - Epoch: 115/200, Validation Loss: 0.35927558383520913, Accuracy: 73.53662273980999%
2024-06-27 00:26:08 - INFO - Epoch: 116/200, Validation Loss: 0.3815761426208066, Accuracy: 73.337419552559%
2024-06-27 00:26:14 - INFO - Epoch: 117/200, Validation Loss: 0.36758507948880104, Accuracy: 73.41403616304015%
2024-06-27 00:26:20 - INFO - Epoch: 118/200, Validation Loss: 0.3611797116258565, Accuracy: 73.10756972111554%
2024-06-27 00:26:26 - INFO - Epoch: 119/200, Validation Loss: 0.39128931933173944, Accuracy: 73.62856267238737%
2024-06-27 00:26:32 - INFO - Epoch: 120/200, Validation Loss: 0.36311699479233983, Accuracy: 73.62856267238737%
2024-06-27 00:26:38 - INFO - Epoch: 121/200, Validation Loss: 0.3602135112764789, Accuracy: 72.95433650015323%
2024-06-27 00:26:44 - INFO - Epoch: 122/200, Validation Loss: 0.36546239972698924, Accuracy: 74.10358565737052%
2024-06-27 00:26:50 - INFO - Epoch: 123/200, Validation Loss: 0.36169256080015033, Accuracy: 73.21483297578915%
2024-06-27 00:26:56 - INFO - Epoch: 124/200, Validation Loss: 0.3778318859198514, Accuracy: 73.00030646644193%
2024-06-27 00:27:03 - INFO - Epoch: 125/200, Validation Loss: 0.380126958676413, Accuracy: 74.24149555623659%
2024-06-27 00:27:09 - INFO - Epoch: 126/200, Validation Loss: 0.36231471861110015, Accuracy: 73.16886300950046%
2024-06-27 00:27:15 - INFO - Epoch: 127/200, Validation Loss: 0.37811176873305263, Accuracy: 73.41403616304015%
2024-06-27 00:27:21 - INFO - Epoch: 128/200, Validation Loss: 0.39107103806500343, Accuracy: 75.00766166104812%
2024-06-27 00:27:27 - INFO - Epoch: 129/200, Validation Loss: 0.3858526908591682, Accuracy: 72.939013178057%
2024-06-27 00:27:33 - INFO - Epoch: 130/200, Validation Loss: 0.3827215915217119, Accuracy: 73.55194606190622%
2024-06-27 00:27:39 - INFO - Epoch: 131/200, Validation Loss: 0.38984330553634494, Accuracy: 72.87771988967208%
2024-06-27 00:27:45 - INFO - Epoch: 132/200, Validation Loss: 0.4076077314276321, Accuracy: 72.92368985596077%
2024-06-27 00:27:51 - INFO - Epoch: 133/200, Validation Loss: 0.40043255935112637, Accuracy: 72.57125344774747%
2024-06-27 00:27:57 - INFO - Epoch: 134/200, Validation Loss: 0.3987337017760557, Accuracy: 73.67453263867607%
2024-06-27 00:28:03 - INFO - Epoch: 135/200, Validation Loss: 0.3942457364470351, Accuracy: 72.32608029420778%
2024-06-27 00:28:10 - INFO - Epoch: 136/200, Validation Loss: 0.3966737208413143, Accuracy: 72.28011032791909%
2024-06-27 00:28:16 - INFO - Epoch: 137/200, Validation Loss: 0.39058955656547173, Accuracy: 72.32608029420778%
2024-06-27 00:28:22 - INFO - Epoch: 138/200, Validation Loss: 0.40421393820468116, Accuracy: 72.70916334661355%
2024-06-27 00:28:28 - INFO - Epoch: 139/200, Validation Loss: 0.39126722441584455, Accuracy: 73.12289304321177%
2024-06-27 00:28:34 - INFO - Epoch: 140/200, Validation Loss: 0.41402480108480827, Accuracy: 72.83174992338338%
2024-06-27 00:28:40 - INFO - Epoch: 141/200, Validation Loss: 0.4135229223791291, Accuracy: 74.5479619981612%
2024-06-27 00:28:46 - INFO - Epoch: 142/200, Validation Loss: 0.42259185512860614, Accuracy: 72.47931351517009%
2024-06-27 00:28:52 - INFO - Epoch: 143/200, Validation Loss: 0.4037755125877904, Accuracy: 72.15752375114926%
2024-06-27 00:28:58 - INFO - Epoch: 144/200, Validation Loss: 0.40787844637445375, Accuracy: 71.94299724180202%
2024-06-27 00:29:04 - INFO - Epoch: 145/200, Validation Loss: 0.4139857227895774, Accuracy: 72.06558381857187%
2024-06-27 00:29:10 - INFO - Epoch: 146/200, Validation Loss: 0.4266575114691959, Accuracy: 72.18817039534171%
2024-06-27 00:29:16 - INFO - Epoch: 147/200, Validation Loss: 0.40113983770795897, Accuracy: 72.0809071406681%
2024-06-27 00:29:23 - INFO - Epoch: 148/200, Validation Loss: 0.43033111650569766, Accuracy: 72.03493717437941%
2024-06-27 00:29:29 - INFO - Epoch: 149/200, Validation Loss: 0.4228498057699671, Accuracy: 71.97364388599448%
2024-06-27 00:29:35 - INFO - Epoch: 150/200, Validation Loss: 0.4194674125196887, Accuracy: 72.24946368372663%
2024-06-27 00:29:41 - INFO - Epoch: 151/200, Validation Loss: 0.4379695818996897, Accuracy: 72.31075697211155%
2024-06-27 00:29:47 - INFO - Epoch: 152/200, Validation Loss: 0.4313902003215809, Accuracy: 72.18817039534171%
2024-06-27 00:29:53 - INFO - Epoch: 153/200, Validation Loss: 0.4637221295167418, Accuracy: 72.26478700582287%
2024-06-27 00:29:59 - INFO - Epoch: 154/200, Validation Loss: 0.41412360659416986, Accuracy: 72.35672693840024%
2024-06-27 00:30:05 - INFO - Epoch: 155/200, Validation Loss: 0.44097524808318006, Accuracy: 72.34140361630402%
2024-06-27 00:30:11 - INFO - Epoch: 156/200, Validation Loss: 0.44386985737319085, Accuracy: 72.14220042905302%
2024-06-27 00:30:18 - INFO - Epoch: 157/200, Validation Loss: 0.44813801479690213, Accuracy: 72.12687710695678%
2024-06-27 00:30:23 - INFO - Epoch: 158/200, Validation Loss: 0.45934436630968956, Accuracy: 71.74379405455103%
2024-06-27 00:30:30 - INFO - Epoch: 159/200, Validation Loss: 0.46888832981679957, Accuracy: 71.7284707324548%
2024-06-27 00:30:36 - INFO - Epoch: 160/200, Validation Loss: 0.46992644273182926, Accuracy: 71.86638063132087%
2024-06-27 00:30:42 - INFO - Epoch: 161/200, Validation Loss: 0.4410067757262903, Accuracy: 73.10756972111554%
2024-06-27 00:30:48 - INFO - Epoch: 162/200, Validation Loss: 0.44358694115105796, Accuracy: 71.48329757891511%
2024-06-27 00:30:54 - INFO - Epoch: 163/200, Validation Loss: 0.4204685343246834, Accuracy: 72.03493717437941%
2024-06-27 00:31:00 - INFO - Epoch: 164/200, Validation Loss: 0.46571483506875877, Accuracy: 71.7284707324548%
2024-06-27 00:31:06 - INFO - Epoch: 165/200, Validation Loss: 0.4963610984531103, Accuracy: 72.06558381857187%
2024-06-27 00:31:12 - INFO - Epoch: 166/200, Validation Loss: 0.4736381041653016, Accuracy: 71.51394422310757%
2024-06-27 00:31:18 - INFO - Epoch: 167/200, Validation Loss: 0.4871465630975424, Accuracy: 71.08489120441311%
2024-06-27 00:31:24 - INFO - Epoch: 168/200, Validation Loss: 0.4629369061075005, Accuracy: 71.34538768004903%
2024-06-27 00:31:30 - INFO - Epoch: 169/200, Validation Loss: 0.5154967893864594, Accuracy: 71.20747778118296%
2024-06-27 00:31:36 - INFO - Epoch: 170/200, Validation Loss: 0.5035088857014974, Accuracy: 71.82041066503218%
2024-06-27 00:31:43 - INFO - Epoch: 171/200, Validation Loss: 0.470195653683999, Accuracy: 72.40269690468894%
2024-06-27 00:31:49 - INFO - Epoch: 172/200, Validation Loss: 0.46081479361244276, Accuracy: 71.71314741035856%
2024-06-27 00:31:55 - INFO - Epoch: 173/200, Validation Loss: 0.5007981453456131, Accuracy: 71.51394422310757%
2024-06-27 00:32:01 - INFO - Epoch: 174/200, Validation Loss: 0.49479183656912223, Accuracy: 71.3300643579528%
2024-06-27 00:32:07 - INFO - Epoch: 175/200, Validation Loss: 0.5216666293494842, Accuracy: 72.05026049647563%
2024-06-27 00:32:13 - INFO - Epoch: 176/200, Validation Loss: 0.46809008118568685, Accuracy: 71.43732761262642%
2024-06-27 00:32:19 - INFO - Epoch: 177/200, Validation Loss: 0.4636976337608169, Accuracy: 71.43732761262642%
2024-06-27 00:32:25 - INFO - Epoch: 178/200, Validation Loss: 0.5093843590687303, Accuracy: 71.42200429053018%
2024-06-27 00:32:31 - INFO - Epoch: 179/200, Validation Loss: 0.4990636009503813, Accuracy: 71.10021452650935%
2024-06-27 00:32:37 - INFO - Epoch: 180/200, Validation Loss: 0.525022021987859, Accuracy: 71.25344774747165%
2024-06-27 00:32:43 - INFO - Epoch: 181/200, Validation Loss: 0.5012777579181334, Accuracy: 71.00827459393196%
2024-06-27 00:32:50 - INFO - Epoch: 182/200, Validation Loss: 0.5467432488997778, Accuracy: 71.31474103585657%
2024-06-27 00:32:56 - INFO - Epoch: 183/200, Validation Loss: 0.5416412398803467, Accuracy: 71.63653079987742%
2024-06-27 00:33:02 - INFO - Epoch: 184/200, Validation Loss: 0.5354957565957424, Accuracy: 70.90101133925835%
2024-06-27 00:33:07 - INFO - Epoch: 185/200, Validation Loss: 0.5352977802063904, Accuracy: 71.39135764633772%
2024-06-27 00:33:13 - INFO - Epoch: 186/200, Validation Loss: 0.534842147546656, Accuracy: 71.1768311369905%
2024-06-27 00:33:18 - INFO - Epoch: 187/200, Validation Loss: 0.5584378756728827, Accuracy: 71.19215445908674%
2024-06-27 00:33:23 - INFO - Epoch: 188/200, Validation Loss: 0.5661208728949229, Accuracy: 71.59056083358873%
2024-06-27 00:33:28 - INFO - Epoch: 189/200, Validation Loss: 0.547237940863067, Accuracy: 71.05424456022065%
2024-06-27 00:33:34 - INFO - Epoch: 190/200, Validation Loss: 0.551268091534867, Accuracy: 70.91633466135458%
2024-06-27 00:33:39 - INFO - Epoch: 191/200, Validation Loss: 0.5908110299531151, Accuracy: 71.00827459393196%
2024-06-27 00:33:44 - INFO - Epoch: 192/200, Validation Loss: 0.5313281641871321, Accuracy: 71.42200429053018%
2024-06-27 00:33:49 - INFO - Epoch: 193/200, Validation Loss: 0.5622251863573112, Accuracy: 71.08489120441311%
2024-06-27 00:33:55 - INFO - Epoch: 194/200, Validation Loss: 0.5624387921655879, Accuracy: 71.06956788231689%
2024-06-27 00:34:00 - INFO - Epoch: 195/200, Validation Loss: 0.5536951333576557, Accuracy: 70.94698130554704%
2024-06-27 00:34:05 - INFO - Epoch: 196/200, Validation Loss: 0.588235611132547, Accuracy: 70.64051486362243%
2024-06-27 00:34:11 - INFO - Epoch: 197/200, Validation Loss: 0.5796657318578047, Accuracy: 70.73245479619982%
2024-06-27 00:34:16 - INFO - Epoch: 198/200, Validation Loss: 0.5808305527065315, Accuracy: 70.39534171008275%
2024-06-27 00:34:21 - INFO - Epoch: 199/200, Validation Loss: 0.5928990303301344, Accuracy: 70.74777811829604%
2024-06-27 00:34:26 - INFO - Epoch: 200/200, Validation Loss: 0.5807104575283387, Accuracy: 71.08489120441311%
2024-06-27 00:34:26 - INFO - Finished training model.
2024-06-27 00:34:26 - INFO - Model saved to lstm_classifier.pth and vocabulary saved to vocab.pkl
