2024-07-10 22:20:49 - INFO - This log entry will go into a uniquely named file for this run.
2024-07-10 22:20:52 - INFO - Starting LSTM model training...
2024-07-10 22:20:55 - INFO - Epoch: 1/300, Training Loss: 0.6929393316959512
2024-07-10 22:20:55 - INFO - Epoch: 1/300, Validation Loss: 0.6938942408823705, Accuracy: 51.189860320744955%
2024-07-10 22:20:57 - INFO - Epoch: 2/300, Training Loss: 0.6926916958545817
2024-07-10 22:20:57 - INFO - Epoch: 2/300, Validation Loss: 0.6930886549609048, Accuracy: 51.189860320744955%
2024-07-10 22:20:59 - INFO - Epoch: 3/300, Training Loss: 0.6925014874030804
2024-07-10 22:20:59 - INFO - Epoch: 3/300, Validation Loss: 0.6929301445955759, Accuracy: 51.19848249698224%
2024-07-10 22:21:01 - INFO - Epoch: 4/300, Training Loss: 0.6872441240014701
2024-07-10 22:21:02 - INFO - Epoch: 4/300, Validation Loss: 0.6639330950412121, Accuracy: 57.80306949474047%
2024-07-10 22:21:04 - INFO - Epoch: 5/300, Training Loss: 0.6473723236445723
2024-07-10 22:21:04 - INFO - Epoch: 5/300, Validation Loss: 0.6417451094795059, Accuracy: 59.070529401620966%
2024-07-10 22:21:06 - INFO - Epoch: 6/300, Training Loss: 0.6314038361352066
2024-07-10 22:21:06 - INFO - Epoch: 6/300, Validation Loss: 0.625850036576554, Accuracy: 60.06207966890843%
2024-07-10 22:21:08 - INFO - Epoch: 7/300, Training Loss: 0.6256609783501461
2024-07-10 22:21:08 - INFO - Epoch: 7/300, Validation Loss: 0.6253320856408758, Accuracy: 60.225901017416795%
2024-07-10 22:21:10 - INFO - Epoch: 8/300, Training Loss: 0.6212355147559068
2024-07-10 22:21:11 - INFO - Epoch: 8/300, Validation Loss: 0.6174549037938589, Accuracy: 61.174340403517846%
2024-07-10 22:21:13 - INFO - Epoch: 9/300, Training Loss: 0.6157006733170871
2024-07-10 22:21:13 - INFO - Epoch: 9/300, Validation Loss: 0.6190172895625398, Accuracy: 60.700120710467324%
2024-07-10 22:21:15 - INFO - Epoch: 10/300, Training Loss: 0.6111263248427161
2024-07-10 22:21:15 - INFO - Epoch: 10/300, Validation Loss: 0.6098890969386468, Accuracy: 62.16589067080531%
2024-07-10 22:21:17 - INFO - Epoch: 11/300, Training Loss: 0.5983015455459726
2024-07-10 22:21:17 - INFO - Epoch: 11/300, Validation Loss: 0.5968657181813166, Accuracy: 63.278151405414725%
2024-07-10 22:21:20 - INFO - Epoch: 12/300, Training Loss: 0.5923132713909807
2024-07-10 22:21:20 - INFO - Epoch: 12/300, Validation Loss: 0.5930185471917246, Accuracy: 63.45921710639765%
2024-07-10 22:21:22 - INFO - Epoch: 13/300, Training Loss: 0.5864812147206273
2024-07-10 22:21:22 - INFO - Epoch: 13/300, Validation Loss: 0.5898150238361988, Accuracy: 63.86445938954992%
2024-07-10 22:21:24 - INFO - Epoch: 14/300, Training Loss: 0.5788312502565055
2024-07-10 22:21:25 - INFO - Epoch: 14/300, Validation Loss: 0.5767573128034781, Accuracy: 65.20089670632868%
2024-07-10 22:21:27 - INFO - Epoch: 15/300, Training Loss: 0.5765387014273939
2024-07-10 22:21:27 - INFO - Epoch: 15/300, Validation Loss: 0.5743846161352409, Accuracy: 65.34747370236248%
2024-07-10 22:21:29 - INFO - Epoch: 16/300, Training Loss: 0.5714037073069606
2024-07-10 22:21:29 - INFO - Epoch: 16/300, Validation Loss: 0.5717431740773903, Accuracy: 65.16640800137955%
2024-07-10 22:21:31 - INFO - Epoch: 17/300, Training Loss: 0.5682096425007129
2024-07-10 22:21:32 - INFO - Epoch: 17/300, Validation Loss: 0.569410815180003, Accuracy: 65.5802724607691%
2024-07-10 22:21:34 - INFO - Epoch: 18/300, Training Loss: 0.567420928478241
2024-07-10 22:21:34 - INFO - Epoch: 18/300, Validation Loss: 0.5656921544245311, Accuracy: 66.09760303500603%
2024-07-10 22:21:36 - INFO - Epoch: 19/300, Training Loss: 0.5612070604850506
2024-07-10 22:21:36 - INFO - Epoch: 19/300, Validation Loss: 0.5632947868370748, Accuracy: 66.19244697361614%
2024-07-10 22:21:38 - INFO - Epoch: 20/300, Training Loss: 0.5582175786741849
2024-07-10 22:21:39 - INFO - Epoch: 20/300, Validation Loss: 0.5577375381202488, Accuracy: 66.34764614588723%
2024-07-10 22:21:41 - INFO - Epoch: 21/300, Training Loss: 0.5571333173636732
2024-07-10 22:21:41 - INFO - Epoch: 21/300, Validation Loss: 0.5552849505956357, Accuracy: 66.24418003103983%
2024-07-10 22:21:43 - INFO - Epoch: 22/300, Training Loss: 0.5514635839544494
2024-07-10 22:21:43 - INFO - Epoch: 22/300, Validation Loss: 0.5472232370258687, Accuracy: 66.38213485083635%
2024-07-10 22:21:45 - INFO - Epoch: 23/300, Training Loss: 0.5469403758953357
2024-07-10 22:21:46 - INFO - Epoch: 23/300, Validation Loss: 0.5486006407619832, Accuracy: 66.5976892567684%
2024-07-10 22:21:48 - INFO - Epoch: 24/300, Training Loss: 0.5439330950276605
2024-07-10 22:21:48 - INFO - Epoch: 24/300, Validation Loss: 0.5462180626588863, Accuracy: 65.85618210036213%
2024-07-10 22:21:50 - INFO - Epoch: 25/300, Training Loss: 0.5377645520095168
2024-07-10 22:21:50 - INFO - Epoch: 25/300, Validation Loss: 0.5342999220221907, Accuracy: 67.06328677358165%
2024-07-10 22:21:52 - INFO - Epoch: 26/300, Training Loss: 0.5331603429646328
2024-07-10 22:21:52 - INFO - Epoch: 26/300, Validation Loss: 0.5377372614629976, Accuracy: 66.554578375582%
2024-07-10 22:21:54 - INFO - Epoch: 27/300, Training Loss: 0.5288353105249076
2024-07-10 22:21:55 - INFO - Epoch: 27/300, Validation Loss: 0.5245297305531554, Accuracy: 66.8477323676496%
2024-07-10 22:21:57 - INFO - Epoch: 28/300, Training Loss: 0.5215542657621975
2024-07-10 22:21:57 - INFO - Epoch: 28/300, Validation Loss: 0.5212644359895161, Accuracy: 67.40817382307294%
2024-07-10 22:21:59 - INFO - Epoch: 29/300, Training Loss: 0.5147118539645754
2024-07-10 22:21:59 - INFO - Epoch: 29/300, Validation Loss: 0.5151311458794625, Accuracy: 66.93395413002241%
2024-07-10 22:22:01 - INFO - Epoch: 30/300, Training Loss: 0.5104220197940695
2024-07-10 22:22:01 - INFO - Epoch: 30/300, Validation Loss: 0.5119713233722435, Accuracy: 67.15813071219176%
2024-07-10 22:22:04 - INFO - Epoch: 31/300, Training Loss: 0.5053844393532851
2024-07-10 22:22:04 - INFO - Epoch: 31/300, Validation Loss: 0.5104120932110063, Accuracy: 67.59786170029315%
2024-07-10 22:22:06 - INFO - Epoch: 32/300, Training Loss: 0.49998276624186283
2024-07-10 22:22:06 - INFO - Epoch: 32/300, Validation Loss: 0.4965588060709146, Accuracy: 68.11519227453009%
2024-07-10 22:22:09 - INFO - Epoch: 33/300, Training Loss: 0.4948262347024063
2024-07-10 22:22:09 - INFO - Epoch: 33/300, Validation Loss: 0.49844203479997407, Accuracy: 68.27901362303845%
2024-07-10 22:22:11 - INFO - Epoch: 34/300, Training Loss: 0.48625346286543486
2024-07-10 22:22:11 - INFO - Epoch: 34/300, Validation Loss: 0.4832929279450532, Accuracy: 69.61545093981721%
2024-07-10 22:22:13 - INFO - Epoch: 35/300, Training Loss: 0.4786816486819037
2024-07-10 22:22:13 - INFO - Epoch: 35/300, Validation Loss: 0.4942035575161923, Accuracy: 68.76185549232626%
2024-07-10 22:22:15 - INFO - Epoch: 36/300, Training Loss: 0.46953631812128527
2024-07-10 22:22:16 - INFO - Epoch: 36/300, Validation Loss: 0.4683084406040527, Accuracy: 70.03793757544405%
2024-07-10 22:22:18 - INFO - Epoch: 37/300, Training Loss: 0.46222802482802294
2024-07-10 22:22:18 - INFO - Epoch: 37/300, Validation Loss: 0.4579956773873214, Accuracy: 70.60700120710467%
2024-07-10 22:22:20 - INFO - Epoch: 38/300, Training Loss: 0.4588387141967642
2024-07-10 22:22:20 - INFO - Epoch: 38/300, Validation Loss: 0.4663877004122996, Accuracy: 69.48611829625797%
2024-07-10 22:22:22 - INFO - Epoch: 39/300, Training Loss: 0.456010129533965
2024-07-10 22:22:23 - INFO - Epoch: 39/300, Validation Loss: 0.4528914994590885, Accuracy: 70.42593550612175%
2024-07-10 22:22:25 - INFO - Epoch: 40/300, Training Loss: 0.4530686909576942
2024-07-10 22:22:25 - INFO - Epoch: 40/300, Validation Loss: 0.45195877388283445, Accuracy: 70.39144680117262%
2024-07-10 22:22:27 - INFO - Epoch: 41/300, Training Loss: 0.44799898809400096
2024-07-10 22:22:27 - INFO - Epoch: 41/300, Validation Loss: 0.4552650879045109, Accuracy: 70.76220037937576%
2024-07-10 22:22:29 - INFO - Epoch: 42/300, Training Loss: 0.4451097907691166
2024-07-10 22:22:29 - INFO - Epoch: 42/300, Validation Loss: 0.44718393421435093, Accuracy: 70.66735644076564%
2024-07-10 22:22:31 - INFO - Epoch: 43/300, Training Loss: 0.4415255739771087
2024-07-10 22:22:32 - INFO - Epoch: 43/300, Validation Loss: 0.44334498850198895, Accuracy: 70.51215726849456%
2024-07-10 22:22:33 - INFO - Epoch: 44/300, Training Loss: 0.4385388080827121
2024-07-10 22:22:34 - INFO - Epoch: 44/300, Validation Loss: 0.44651969448550716, Accuracy: 70.33109156751163%
2024-07-10 22:22:36 - INFO - Epoch: 45/300, Training Loss: 0.4383433237980152
2024-07-10 22:22:36 - INFO - Epoch: 45/300, Validation Loss: 0.43898105261090037, Accuracy: 69.97758234178306%
2024-07-10 22:22:38 - INFO - Epoch: 46/300, Training Loss: 0.43407471097748856
2024-07-10 22:22:38 - INFO - Epoch: 46/300, Validation Loss: 0.4348783769777843, Accuracy: 70.71046732195207%
2024-07-10 22:22:40 - INFO - Epoch: 47/300, Training Loss: 0.4311453921219398
2024-07-10 22:22:40 - INFO - Epoch: 47/300, Validation Loss: 0.4377714357860796, Accuracy: 69.64131746852905%
2024-07-10 22:22:42 - INFO - Epoch: 48/300, Training Loss: 0.4316143550955016
2024-07-10 22:22:43 - INFO - Epoch: 48/300, Validation Loss: 0.43455902675350944, Accuracy: 70.59837903086739%
2024-07-10 22:22:44 - INFO - Epoch: 49/300, Training Loss: 0.42934127458210647
2024-07-10 22:22:45 - INFO - Epoch: 49/300, Validation Loss: 0.4335836710838171, Accuracy: 70.59837903086739%
2024-07-10 22:22:47 - INFO - Epoch: 50/300, Training Loss: 0.4264962030690292
2024-07-10 22:22:47 - INFO - Epoch: 50/300, Validation Loss: 0.44194064477642814, Accuracy: 69.39127435764787%
2024-07-10 22:22:49 - INFO - Epoch: 51/300, Training Loss: 0.42609548749594855
2024-07-10 22:22:49 - INFO - Epoch: 51/300, Validation Loss: 0.4268557414576247, Accuracy: 70.46042421107087%
2024-07-10 22:22:51 - INFO - Epoch: 52/300, Training Loss: 0.4243644340696006
2024-07-10 22:22:52 - INFO - Epoch: 52/300, Validation Loss: 0.4279866506765177, Accuracy: 70.66735644076564%
2024-07-10 22:22:54 - INFO - Epoch: 53/300, Training Loss: 0.42283044440992945
2024-07-10 22:22:54 - INFO - Epoch: 53/300, Validation Loss: 0.424176193855621, Accuracy: 70.891533022935%
2024-07-10 22:22:56 - INFO - Epoch: 54/300, Training Loss: 0.42023476370449725
2024-07-10 22:22:56 - INFO - Epoch: 54/300, Validation Loss: 0.4218298303229468, Accuracy: 70.41731332988446%
2024-07-10 22:22:58 - INFO - Epoch: 55/300, Training Loss: 0.4181507445203847
2024-07-10 22:22:59 - INFO - Epoch: 55/300, Validation Loss: 0.4210509968982948, Accuracy: 70.84842214174857%
2024-07-10 22:23:01 - INFO - Epoch: 56/300, Training Loss: 0.41941117331899447
2024-07-10 22:23:01 - INFO - Epoch: 56/300, Validation Loss: 0.42237320722459437, Accuracy: 70.74495602690119%
2024-07-10 22:23:03 - INFO - Epoch: 57/300, Training Loss: 0.4156286700840654
2024-07-10 22:23:03 - INFO - Epoch: 57/300, Validation Loss: 0.4411405670446354, Accuracy: 69.39989653388515%
2024-07-10 22:23:05 - INFO - Epoch: 58/300, Training Loss: 0.41491767792866147
2024-07-10 22:23:06 - INFO - Epoch: 58/300, Validation Loss: 0.4193147722181383, Accuracy: 70.52077944473184%
2024-07-10 22:23:08 - INFO - Epoch: 59/300, Training Loss: 0.4142258561890701
2024-07-10 22:23:08 - INFO - Epoch: 59/300, Validation Loss: 0.4214239478275016, Accuracy: 70.58975685463011%
2024-07-10 22:23:10 - INFO - Epoch: 60/300, Training Loss: 0.4113989768151579
2024-07-10 22:23:10 - INFO - Epoch: 60/300, Validation Loss: 0.4196621415379283, Accuracy: 70.94326608035868%
2024-07-10 22:23:12 - INFO - Epoch: 61/300, Training Loss: 0.414618477122537
2024-07-10 22:23:13 - INFO - Epoch: 61/300, Validation Loss: 0.41612169105600527, Accuracy: 71.44335230212106%
2024-07-10 22:23:15 - INFO - Epoch: 62/300, Training Loss: 0.41070817437665214
2024-07-10 22:23:15 - INFO - Epoch: 62/300, Validation Loss: 0.41760002150312886, Accuracy: 70.6414899120538%
2024-07-10 22:23:17 - INFO - Epoch: 63/300, Training Loss: 0.41102400775613457
2024-07-10 22:23:17 - INFO - Epoch: 63/300, Validation Loss: 0.4225739682768727, Accuracy: 70.891533022935%
2024-07-10 22:23:19 - INFO - Epoch: 64/300, Training Loss: 0.4094650871589266
2024-07-10 22:23:20 - INFO - Epoch: 64/300, Validation Loss: 0.41655234951566866, Accuracy: 70.52940162096914%
2024-07-10 22:23:22 - INFO - Epoch: 65/300, Training Loss: 0.4099854326248169
2024-07-10 22:23:22 - INFO - Epoch: 65/300, Validation Loss: 0.4132039011507244, Accuracy: 70.3569580962235%
2024-07-10 22:23:24 - INFO - Epoch: 66/300, Training Loss: 0.40770643723422084
2024-07-10 22:23:24 - INFO - Epoch: 66/300, Validation Loss: 0.4109108162286517, Accuracy: 70.04655975168133%
2024-07-10 22:23:26 - INFO - Epoch: 67/300, Training Loss: 0.4075067721153128
2024-07-10 22:23:26 - INFO - Epoch: 67/300, Validation Loss: 0.42746320293172374, Accuracy: 71.08984307639248%
2024-07-10 22:23:28 - INFO - Epoch: 68/300, Training Loss: 0.4075184662999778
2024-07-10 22:23:29 - INFO - Epoch: 68/300, Validation Loss: 0.42010486813691944, Accuracy: 70.72771167442663%
2024-07-10 22:23:31 - INFO - Epoch: 69/300, Training Loss: 0.40286719036513363
2024-07-10 22:23:31 - INFO - Epoch: 69/300, Validation Loss: 0.4118741186601775, Accuracy: 70.07242628039317%
2024-07-10 22:23:33 - INFO - Epoch: 70/300, Training Loss: 0.40273723150121754
2024-07-10 22:23:33 - INFO - Epoch: 70/300, Validation Loss: 0.41196669490782767, Accuracy: 70.75357820313847%
2024-07-10 22:23:35 - INFO - Epoch: 71/300, Training Loss: 0.40223647705439863
2024-07-10 22:23:36 - INFO - Epoch: 71/300, Validation Loss: 0.41073808786305754, Accuracy: 70.52077944473184%
2024-07-10 22:23:38 - INFO - Epoch: 72/300, Training Loss: 0.4055608659777148
2024-07-10 22:23:38 - INFO - Epoch: 72/300, Validation Loss: 0.4097027017192526, Accuracy: 71.21055354371444%
2024-07-10 22:23:40 - INFO - Epoch: 73/300, Training Loss: 0.40031487082612927
2024-07-10 22:23:40 - INFO - Epoch: 73/300, Validation Loss: 0.4053193293102495, Accuracy: 70.12415933781686%
2024-07-10 22:23:42 - INFO - Epoch: 74/300, Training Loss: 0.4001880932265315
2024-07-10 22:23:42 - INFO - Epoch: 74/300, Validation Loss: 0.40889824885915926, Accuracy: 70.76220037937576%
2024-07-10 22:23:45 - INFO - Epoch: 75/300, Training Loss: 0.40072764528208765
2024-07-10 22:23:45 - INFO - Epoch: 75/300, Validation Loss: 0.40484365362387437, Accuracy: 70.40869115364718%
2024-07-10 22:23:47 - INFO - Epoch: 76/300, Training Loss: 0.3990224473435303
2024-07-10 22:23:47 - INFO - Epoch: 76/300, Validation Loss: 0.41311344921916393, Accuracy: 70.77082255561304%
2024-07-10 22:23:49 - INFO - Epoch: 77/300, Training Loss: 0.39936725846652327
2024-07-10 22:23:49 - INFO - Epoch: 77/300, Validation Loss: 0.4079280803491781, Accuracy: 70.29660286256251%
2024-07-10 22:23:52 - INFO - Epoch: 78/300, Training Loss: 0.398267782392173
2024-07-10 22:23:52 - INFO - Epoch: 78/300, Validation Loss: 0.40468335773918657, Accuracy: 71.1760648387653%
2024-07-10 22:23:54 - INFO - Epoch: 79/300, Training Loss: 0.3975485889253945
2024-07-10 22:23:54 - INFO - Epoch: 79/300, Validation Loss: 0.4045042667415116, Accuracy: 70.65011208829108%
2024-07-10 22:23:56 - INFO - Epoch: 80/300, Training Loss: 0.396494039050464
2024-07-10 22:23:57 - INFO - Epoch: 80/300, Validation Loss: 0.4041958904855854, Accuracy: 70.24486980513882%
2024-07-10 22:23:59 - INFO - Epoch: 81/300, Training Loss: 0.39756542061937267
2024-07-10 22:23:59 - INFO - Epoch: 81/300, Validation Loss: 0.4057544402696274, Accuracy: 69.74478358337645%
2024-07-10 22:24:01 - INFO - Epoch: 82/300, Training Loss: 0.3979882361971099
2024-07-10 22:24:01 - INFO - Epoch: 82/300, Validation Loss: 0.4006876853796152, Accuracy: 70.08967063286774%
2024-07-10 22:24:03 - INFO - Epoch: 83/300, Training Loss: 0.39338240261735585
2024-07-10 22:24:04 - INFO - Epoch: 83/300, Validation Loss: 0.40249360221755376, Accuracy: 71.75375064666322%
2024-07-10 22:24:06 - INFO - Epoch: 84/300, Training Loss: 0.39605249483009863
2024-07-10 22:24:06 - INFO - Epoch: 84/300, Validation Loss: 0.40639709877771335, Accuracy: 70.15864804276599%
2024-07-10 22:24:08 - INFO - Epoch: 85/300, Training Loss: 0.3935569940969862
2024-07-10 22:24:08 - INFO - Epoch: 85/300, Validation Loss: 0.40251663916713587, Accuracy: 70.01207104673219%
2024-07-10 22:24:11 - INFO - Epoch: 86/300, Training Loss: 0.3949508431245541
2024-07-10 22:24:11 - INFO - Epoch: 86/300, Validation Loss: 0.4073043283852902, Accuracy: 69.80513881703742%
2024-07-10 22:24:13 - INFO - Epoch: 87/300, Training Loss: 0.39373600363731387
2024-07-10 22:24:13 - INFO - Epoch: 87/300, Validation Loss: 0.40103841843185845, Accuracy: 70.97775478530781%
2024-07-10 22:24:15 - INFO - Epoch: 88/300, Training Loss: 0.39234465993683915
2024-07-10 22:24:16 - INFO - Epoch: 88/300, Validation Loss: 0.40038889515530934, Accuracy: 69.84824969822384%
2024-07-10 22:24:18 - INFO - Epoch: 89/300, Training Loss: 0.39324139878667635
2024-07-10 22:24:18 - INFO - Epoch: 89/300, Validation Loss: 0.4016742283826346, Accuracy: 69.94309363683394%
2024-07-10 22:24:20 - INFO - Epoch: 90/300, Training Loss: 0.39228407991343534
2024-07-10 22:24:20 - INFO - Epoch: 90/300, Validation Loss: 0.4090386702791675, Accuracy: 70.53802379720642%
2024-07-10 22:24:22 - INFO - Epoch: 91/300, Training Loss: 0.39186134330157574
2024-07-10 22:24:22 - INFO - Epoch: 91/300, Validation Loss: 0.40039619213932165, Accuracy: 70.23624762890154%
2024-07-10 22:24:24 - INFO - Epoch: 92/300, Training Loss: 0.3899371091661782
2024-07-10 22:24:25 - INFO - Epoch: 92/300, Validation Loss: 0.400809482394994, Accuracy: 70.16727021900327%
2024-07-10 22:24:27 - INFO - Epoch: 93/300, Training Loss: 0.39163711938364754
2024-07-10 22:24:27 - INFO - Epoch: 93/300, Validation Loss: 0.41159725664081154, Accuracy: 70.26211415761338%
2024-07-10 22:24:29 - INFO - Epoch: 94/300, Training Loss: 0.3934260138149919
2024-07-10 22:24:29 - INFO - Epoch: 94/300, Validation Loss: 0.40236890152260496, Accuracy: 70.24486980513882%
2024-07-10 22:24:31 - INFO - Epoch: 95/300, Training Loss: 0.3907186943498151
2024-07-10 22:24:32 - INFO - Epoch: 95/300, Validation Loss: 0.404669293826753, Accuracy: 70.96913260907053%
2024-07-10 22:24:34 - INFO - Epoch: 96/300, Training Loss: 0.3887842325917606
2024-07-10 22:24:34 - INFO - Epoch: 96/300, Validation Loss: 0.402249052465617, Accuracy: 70.6414899120538%
2024-07-10 22:24:36 - INFO - Epoch: 97/300, Training Loss: 0.39130387688505236
2024-07-10 22:24:36 - INFO - Epoch: 97/300, Validation Loss: 0.40575565479613923, Accuracy: 70.33109156751163%
2024-07-10 22:24:38 - INFO - Epoch: 98/300, Training Loss: 0.39044294571054394
2024-07-10 22:24:38 - INFO - Epoch: 98/300, Validation Loss: 0.4011665299371049, Accuracy: 70.1069149853423%
2024-07-10 22:24:40 - INFO - Epoch: 99/300, Training Loss: 0.39022301160056017
2024-07-10 22:24:40 - INFO - Epoch: 99/300, Validation Loss: 0.39872265263245654, Accuracy: 70.66735644076564%
2024-07-10 22:24:43 - INFO - Epoch: 100/300, Training Loss: 0.3874169689211352
2024-07-10 22:24:43 - INFO - Epoch: 100/300, Validation Loss: 0.3998341296727841, Accuracy: 70.3569580962235%
2024-07-10 22:24:45 - INFO - Epoch: 101/300, Training Loss: 0.38756355090387934
2024-07-10 22:24:45 - INFO - Epoch: 101/300, Validation Loss: 0.40278574185711996, Accuracy: 70.24486980513882%
2024-07-10 22:24:47 - INFO - Epoch: 102/300, Training Loss: 0.3885390228855199
2024-07-10 22:24:47 - INFO - Epoch: 102/300, Validation Loss: 0.4004315735547097, Accuracy: 70.27935851008795%
2024-07-10 22:24:49 - INFO - Epoch: 103/300, Training Loss: 0.3875649371845969
2024-07-10 22:24:50 - INFO - Epoch: 103/300, Validation Loss: 0.4032909218426589, Accuracy: 70.51215726849456%
2024-07-10 22:24:52 - INFO - Epoch: 104/300, Training Loss: 0.38644967588885076
2024-07-10 22:24:52 - INFO - Epoch: 104/300, Validation Loss: 0.3982368861580943, Accuracy: 69.94309363683394%
2024-07-10 22:24:54 - INFO - Epoch: 105/300, Training Loss: 0.3900372183733973
2024-07-10 22:24:54 - INFO - Epoch: 105/300, Validation Loss: 0.39777975979742114, Accuracy: 70.49491291602%
2024-07-10 22:24:56 - INFO - Epoch: 106/300, Training Loss: 0.3876683482219433
2024-07-10 22:24:57 - INFO - Epoch: 106/300, Validation Loss: 0.39923438364332847, Accuracy: 70.28798068632523%
2024-07-10 22:24:59 - INFO - Epoch: 107/300, Training Loss: 0.38624845574642047
2024-07-10 22:24:59 - INFO - Epoch: 107/300, Validation Loss: 0.40985008943211904, Accuracy: 70.53802379720642%
2024-07-10 22:25:01 - INFO - Epoch: 108/300, Training Loss: 0.38597355345199846
2024-07-10 22:25:01 - INFO - Epoch: 108/300, Validation Loss: 0.4028654141904234, Accuracy: 70.52077944473184%
2024-07-10 22:25:03 - INFO - Epoch: 109/300, Training Loss: 0.3874965597226702
2024-07-10 22:25:04 - INFO - Epoch: 109/300, Validation Loss: 0.40187205562552253, Accuracy: 70.20175892395241%
2024-07-10 22:25:06 - INFO - Epoch: 110/300, Training Loss: 0.38692551764948613
2024-07-10 22:25:06 - INFO - Epoch: 110/300, Validation Loss: 0.3984633928144371, Accuracy: 70.17589239524055%
2024-07-10 22:25:08 - INFO - Epoch: 111/300, Training Loss: 0.38475512035961806
2024-07-10 22:25:09 - INFO - Epoch: 111/300, Validation Loss: 0.4034032482694794, Accuracy: 70.08104845663046%
2024-07-10 22:25:11 - INFO - Epoch: 112/300, Training Loss: 0.38517699878791284
2024-07-10 22:25:11 - INFO - Epoch: 112/300, Validation Loss: 0.399189843417524, Accuracy: 70.47766856354544%
2024-07-10 22:25:13 - INFO - Epoch: 113/300, Training Loss: 0.3874128173137533
2024-07-10 22:25:13 - INFO - Epoch: 113/300, Validation Loss: 0.40582279517100406, Accuracy: 70.02931539920677%
2024-07-10 22:25:15 - INFO - Epoch: 114/300, Training Loss: 0.38478266350154217
2024-07-10 22:25:16 - INFO - Epoch: 114/300, Validation Loss: 0.3991260594064063, Accuracy: 70.81393343679945%
2024-07-10 22:25:18 - INFO - Epoch: 115/300, Training Loss: 0.3837878953999486
2024-07-10 22:25:18 - INFO - Epoch: 115/300, Validation Loss: 0.40243726117270334, Accuracy: 69.89998275564753%
2024-07-10 22:25:20 - INFO - Epoch: 116/300, Training Loss: 0.38312049390940833
2024-07-10 22:25:20 - INFO - Epoch: 116/300, Validation Loss: 0.3948635460583718, Accuracy: 69.46025176754613%
2024-07-10 22:25:22 - INFO - Epoch: 117/300, Training Loss: 0.38580282112647746
2024-07-10 22:25:22 - INFO - Epoch: 117/300, Validation Loss: 0.3957178805555616, Accuracy: 70.11553716157958%
2024-07-10 22:25:24 - INFO - Epoch: 118/300, Training Loss: 0.3831881213599238
2024-07-10 22:25:25 - INFO - Epoch: 118/300, Validation Loss: 0.3963284942802492, Accuracy: 69.97758234178306%
2024-07-10 22:25:27 - INFO - Epoch: 119/300, Training Loss: 0.3816271966490252
2024-07-10 22:25:27 - INFO - Epoch: 119/300, Validation Loss: 0.40241942210839343, Accuracy: 70.0034488704949%
2024-07-10 22:25:29 - INFO - Epoch: 120/300, Training Loss: 0.3843949565805238
2024-07-10 22:25:29 - INFO - Epoch: 120/300, Validation Loss: 0.3984778364608576, Accuracy: 70.36558027246078%
2024-07-10 22:25:31 - INFO - Epoch: 121/300, Training Loss: 0.3815885898162579
2024-07-10 22:25:32 - INFO - Epoch: 121/300, Validation Loss: 0.39319990771812396, Accuracy: 70.28798068632523%
2024-07-10 22:25:34 - INFO - Epoch: 122/300, Training Loss: 0.38256430056588403
2024-07-10 22:25:34 - INFO - Epoch: 122/300, Validation Loss: 0.3943663485102601, Accuracy: 70.32246939127435%
2024-07-10 22:25:36 - INFO - Epoch: 123/300, Training Loss: 0.3819369333365868
2024-07-10 22:25:36 - INFO - Epoch: 123/300, Validation Loss: 0.39592084468721034, Accuracy: 70.06380410415589%
2024-07-10 22:25:39 - INFO - Epoch: 124/300, Training Loss: 0.3833412068876727
2024-07-10 22:25:39 - INFO - Epoch: 124/300, Validation Loss: 0.3961109705678709, Accuracy: 69.65856182100362%
2024-07-10 22:25:41 - INFO - Epoch: 125/300, Training Loss: 0.38232152318132334
2024-07-10 22:25:41 - INFO - Epoch: 125/300, Validation Loss: 0.39867002705296317, Accuracy: 70.16727021900327%
2024-07-10 22:25:43 - INFO - Epoch: 126/300, Training Loss: 0.3839401769226995
2024-07-10 22:25:43 - INFO - Epoch: 126/300, Validation Loss: 0.3953204769027102, Accuracy: 69.77927228832557%
2024-07-10 22:25:45 - INFO - Epoch: 127/300, Training Loss: 0.3795845575373748
2024-07-10 22:25:45 - INFO - Epoch: 127/300, Validation Loss: 0.40047330417475857, Accuracy: 70.30522503879979%
2024-07-10 22:25:47 - INFO - Epoch: 128/300, Training Loss: 0.37933859298969136
2024-07-10 22:25:48 - INFO - Epoch: 128/300, Validation Loss: 0.3917160656425979, Accuracy: 70.37420244869806%
2024-07-10 22:25:49 - INFO - Epoch: 129/300, Training Loss: 0.38141600300525796
2024-07-10 22:25:50 - INFO - Epoch: 129/300, Validation Loss: 0.39601750999361607, Accuracy: 69.77927228832557%
2024-07-10 22:25:52 - INFO - Epoch: 130/300, Training Loss: 0.37939659574936174
2024-07-10 22:25:52 - INFO - Epoch: 130/300, Validation Loss: 0.39740900908197674, Accuracy: 69.82238316951198%
2024-07-10 22:25:54 - INFO - Epoch: 131/300, Training Loss: 0.3808410230792802
2024-07-10 22:25:54 - INFO - Epoch: 131/300, Validation Loss: 0.3963986414146947, Accuracy: 69.46887394378341%
2024-07-10 22:25:56 - INFO - Epoch: 132/300, Training Loss: 0.3795627013979287
2024-07-10 22:25:56 - INFO - Epoch: 132/300, Validation Loss: 0.4058890811034611, Accuracy: 70.08104845663046%
2024-07-10 22:25:58 - INFO - Epoch: 133/300, Training Loss: 0.38086133155329477
2024-07-10 22:25:59 - INFO - Epoch: 133/300, Validation Loss: 0.403179495871722, Accuracy: 70.0034488704949%
2024-07-10 22:26:01 - INFO - Epoch: 134/300, Training Loss: 0.3805111426937169
2024-07-10 22:26:01 - INFO - Epoch: 134/300, Validation Loss: 0.4085927767740501, Accuracy: 69.67580617347818%
2024-07-10 22:26:03 - INFO - Epoch: 135/300, Training Loss: 0.37938499101277057
2024-07-10 22:26:03 - INFO - Epoch: 135/300, Validation Loss: 0.39404967247129796, Accuracy: 70.29660286256251%
2024-07-10 22:26:05 - INFO - Epoch: 136/300, Training Loss: 0.37896954844737873
2024-07-10 22:26:06 - INFO - Epoch: 136/300, Validation Loss: 0.3915126947583733, Accuracy: 69.82238316951198%
2024-07-10 22:26:08 - INFO - Epoch: 137/300, Training Loss: 0.38107028167823265
2024-07-10 22:26:08 - INFO - Epoch: 137/300, Validation Loss: 0.39355291933803765, Accuracy: 70.27073633385066%
2024-07-10 22:26:10 - INFO - Epoch: 138/300, Training Loss: 0.3795970126883737
2024-07-10 22:26:10 - INFO - Epoch: 138/300, Validation Loss: 0.39535903766915037, Accuracy: 70.15002586652871%
2024-07-10 22:26:12 - INFO - Epoch: 139/300, Training Loss: 0.37820491496858927
2024-07-10 22:26:12 - INFO - Epoch: 139/300, Validation Loss: 0.39894816819783097, Accuracy: 69.98620451802034%
2024-07-10 22:26:14 - INFO - Epoch: 140/300, Training Loss: 0.3793716506505835
2024-07-10 22:26:14 - INFO - Epoch: 140/300, Validation Loss: 0.4020347573927471, Accuracy: 69.70167270219004%
2024-07-10 22:26:16 - INFO - Epoch: 141/300, Training Loss: 0.3785117017811742
2024-07-10 22:26:17 - INFO - Epoch: 141/300, Validation Loss: 0.4025030730517356, Accuracy: 69.85687187446112%
2024-07-10 22:26:19 - INFO - Epoch: 142/300, Training Loss: 0.379754850268364
2024-07-10 22:26:19 - INFO - Epoch: 142/300, Validation Loss: 0.39716353422992834, Accuracy: 69.64993964476633%
2024-07-10 22:26:21 - INFO - Epoch: 143/300, Training Loss: 0.37724668946759454
2024-07-10 22:26:21 - INFO - Epoch: 143/300, Validation Loss: 0.39829196428859626, Accuracy: 70.891533022935%
2024-07-10 22:26:23 - INFO - Epoch: 144/300, Training Loss: 0.3795197461185784
2024-07-10 22:26:23 - INFO - Epoch: 144/300, Validation Loss: 0.39599957570924865, Accuracy: 69.8654940506984%
2024-07-10 22:26:25 - INFO - Epoch: 145/300, Training Loss: 0.37627910498915046
2024-07-10 22:26:26 - INFO - Epoch: 145/300, Validation Loss: 0.4043013708932059, Accuracy: 69.9603379893085%
2024-07-10 22:26:28 - INFO - Epoch: 146/300, Training Loss: 0.3779245630626021
2024-07-10 22:26:28 - INFO - Epoch: 146/300, Validation Loss: 0.393263273022987, Accuracy: 70.6414899120538%
2024-07-10 22:26:30 - INFO - Epoch: 147/300, Training Loss: 0.376853768825531
2024-07-10 22:26:30 - INFO - Epoch: 147/300, Validation Loss: 0.39586837671615266, Accuracy: 69.07225383686843%
2024-07-10 22:26:32 - INFO - Epoch: 148/300, Training Loss: 0.37691015266138933
2024-07-10 22:26:33 - INFO - Epoch: 148/300, Validation Loss: 0.3986498634893816, Accuracy: 69.72753923090188%
2024-07-10 22:26:35 - INFO - Epoch: 149/300, Training Loss: 0.37893053145244204
2024-07-10 22:26:35 - INFO - Epoch: 149/300, Validation Loss: 0.3925756450210299, Accuracy: 69.99482669425763%
2024-07-10 22:26:37 - INFO - Epoch: 150/300, Training Loss: 0.380009074930487
2024-07-10 22:26:37 - INFO - Epoch: 150/300, Validation Loss: 0.4030294017149852, Accuracy: 69.60682876357993%
2024-07-10 22:26:39 - INFO - Epoch: 151/300, Training Loss: 0.3787039368317045
2024-07-10 22:26:39 - INFO - Epoch: 151/300, Validation Loss: 0.39761032999216855, Accuracy: 69.94309363683394%
2024-07-10 22:26:41 - INFO - Epoch: 152/300, Training Loss: 0.37648342753278796
2024-07-10 22:26:42 - INFO - Epoch: 152/300, Validation Loss: 0.3997929472844679, Accuracy: 70.05518192791861%
2024-07-10 22:26:44 - INFO - Epoch: 153/300, Training Loss: 0.3793862229174581
2024-07-10 22:26:44 - INFO - Epoch: 153/300, Validation Loss: 0.39933996000787714, Accuracy: 69.70167270219004%
2024-07-10 22:26:46 - INFO - Epoch: 154/300, Training Loss: 0.37774797279259253
2024-07-10 22:26:46 - INFO - Epoch: 154/300, Validation Loss: 0.4029682899241919, Accuracy: 69.77927228832557%
2024-07-10 22:26:48 - INFO - Epoch: 155/300, Training Loss: 0.3773258988816163
2024-07-10 22:26:49 - INFO - Epoch: 155/300, Validation Loss: 0.3966678317104067, Accuracy: 69.87411622693568%
2024-07-10 22:26:50 - INFO - Epoch: 156/300, Training Loss: 0.37664580127288555
2024-07-10 22:26:51 - INFO - Epoch: 156/300, Validation Loss: 0.40636927691789776, Accuracy: 69.41714088635972%
2024-07-10 22:26:53 - INFO - Epoch: 157/300, Training Loss: 0.378215219481238
2024-07-10 22:26:53 - INFO - Epoch: 157/300, Validation Loss: 0.4036504930847294, Accuracy: 70.30522503879979%
2024-07-10 22:26:55 - INFO - Epoch: 158/300, Training Loss: 0.37864540416618875
2024-07-10 22:26:55 - INFO - Epoch: 158/300, Validation Loss: 0.3957145094544023, Accuracy: 69.82238316951198%
2024-07-10 22:26:57 - INFO - Epoch: 159/300, Training Loss: 0.3774727763184186
2024-07-10 22:26:57 - INFO - Epoch: 159/300, Validation Loss: 0.395956793820465, Accuracy: 69.98620451802034%
2024-07-10 22:27:00 - INFO - Epoch: 160/300, Training Loss: 0.3764598313487809
2024-07-10 22:27:00 - INFO - Epoch: 160/300, Validation Loss: 0.3922316562998426, Accuracy: 69.38265218141059%
2024-07-10 22:27:02 - INFO - Epoch: 161/300, Training Loss: 0.3767088386519202
2024-07-10 22:27:02 - INFO - Epoch: 161/300, Validation Loss: 0.39278255370292037, Accuracy: 69.12398689429212%
2024-07-10 22:27:04 - INFO - Epoch: 162/300, Training Loss: 0.37549634501851836
2024-07-10 22:27:04 - INFO - Epoch: 162/300, Validation Loss: 0.39412884889068184, Accuracy: 69.54647352991896%
2024-07-10 22:27:06 - INFO - Epoch: 163/300, Training Loss: 0.3764444138263834
2024-07-10 22:27:06 - INFO - Epoch: 163/300, Validation Loss: 0.39698290022519916, Accuracy: 69.34816347646147%
2024-07-10 22:27:08 - INFO - Epoch: 164/300, Training Loss: 0.3761878980439285
2024-07-10 22:27:09 - INFO - Epoch: 164/300, Validation Loss: 0.40229421248147773, Accuracy: 68.60665632005518%
2024-07-10 22:27:11 - INFO - Epoch: 165/300, Training Loss: 0.3763540501224584
2024-07-10 22:27:11 - INFO - Epoch: 165/300, Validation Loss: 0.39711278709736497, Accuracy: 68.79634419727539%
2024-07-10 22:27:13 - INFO - Epoch: 166/300, Training Loss: 0.3764483767131279
2024-07-10 22:27:13 - INFO - Epoch: 166/300, Validation Loss: 0.4006188813146654, Accuracy: 69.15847559924124%
2024-07-10 22:27:15 - INFO - Epoch: 167/300, Training Loss: 0.375337371456212
2024-07-10 22:27:15 - INFO - Epoch: 167/300, Validation Loss: 0.4160315540138182, Accuracy: 69.60682876357993%
2024-07-10 22:27:18 - INFO - Epoch: 168/300, Training Loss: 0.37606007978833955
2024-07-10 22:27:18 - INFO - Epoch: 168/300, Validation Loss: 0.4068933810506548, Accuracy: 69.07225383686843%
2024-07-10 22:27:20 - INFO - Epoch: 169/300, Training Loss: 0.376789802950004
2024-07-10 22:27:20 - INFO - Epoch: 169/300, Validation Loss: 0.39965636520595343, Accuracy: 70.02931539920677%
2024-07-10 22:27:22 - INFO - Epoch: 170/300, Training Loss: 0.3760827764971503
2024-07-10 22:27:22 - INFO - Epoch: 170/300, Validation Loss: 0.39423051918600943, Accuracy: 69.38265218141059%
2024-07-10 22:27:25 - INFO - Epoch: 171/300, Training Loss: 0.3766631890165395
2024-07-10 22:27:25 - INFO - Epoch: 171/300, Validation Loss: 0.39973250866591276, Accuracy: 69.45162959130884%
2024-07-10 22:27:27 - INFO - Epoch: 172/300, Training Loss: 0.3760845193780702
2024-07-10 22:27:27 - INFO - Epoch: 172/300, Validation Loss: 0.3936361490370153, Accuracy: 69.31367477151232%
2024-07-10 22:27:29 - INFO - Epoch: 173/300, Training Loss: 0.37530467105322873
2024-07-10 22:27:30 - INFO - Epoch: 173/300, Validation Loss: 0.4035701568310077, Accuracy: 69.54647352991896%
2024-07-10 22:27:32 - INFO - Epoch: 174/300, Training Loss: 0.3778228747022563
2024-07-10 22:27:32 - INFO - Epoch: 174/300, Validation Loss: 0.4049737548435127, Accuracy: 69.10674254181755%
2024-07-10 22:27:34 - INFO - Epoch: 175/300, Training Loss: 0.37571609254541066
2024-07-10 22:27:34 - INFO - Epoch: 175/300, Validation Loss: 0.3990800046658778, Accuracy: 68.73598896361442%
2024-07-10 22:27:36 - INFO - Epoch: 176/300, Training Loss: 0.37437652836585866
2024-07-10 22:27:36 - INFO - Epoch: 176/300, Validation Loss: 0.39470282712808025, Accuracy: 70.0034488704949%
2024-07-10 22:27:38 - INFO - Epoch: 177/300, Training Loss: 0.3752409237212148
2024-07-10 22:27:39 - INFO - Epoch: 177/300, Validation Loss: 0.39774192558540095, Accuracy: 70.24486980513882%
2024-07-10 22:27:41 - INFO - Epoch: 178/300, Training Loss: 0.3775558613703169
2024-07-10 22:27:41 - INFO - Epoch: 178/300, Validation Loss: 0.4003663611608547, Accuracy: 68.76185549232626%
2024-07-10 22:27:43 - INFO - Epoch: 179/300, Training Loss: 0.3786190022271255
2024-07-10 22:27:43 - INFO - Epoch: 179/300, Validation Loss: 0.40061241339196213, Accuracy: 68.95154336954647%
2024-07-10 22:27:45 - INFO - Epoch: 180/300, Training Loss: 0.3741067363475931
2024-07-10 22:27:45 - INFO - Epoch: 180/300, Validation Loss: 0.4056565298156424, Accuracy: 69.09812036558027%
2024-07-10 22:27:47 - INFO - Epoch: 181/300, Training Loss: 0.37438342887779763
2024-07-10 22:27:48 - INFO - Epoch: 181/300, Validation Loss: 0.39899049666556685, Accuracy: 68.97740989825832%
2024-07-10 22:27:50 - INFO - Epoch: 182/300, Training Loss: 0.3736172737746403
2024-07-10 22:27:50 - INFO - Epoch: 182/300, Validation Loss: 0.4089798676771122, Accuracy: 69.73616140713916%
2024-07-10 22:27:52 - INFO - Epoch: 183/300, Training Loss: 0.3784154291810661
2024-07-10 22:27:52 - INFO - Epoch: 183/300, Validation Loss: 0.40418595239356325, Accuracy: 69.20158648042766%
2024-07-10 22:27:54 - INFO - Epoch: 184/300, Training Loss: 0.37662718540635604
2024-07-10 22:27:55 - INFO - Epoch: 184/300, Validation Loss: 0.39919551789433094, Accuracy: 68.71012243490257%
2024-07-10 22:27:57 - INFO - Epoch: 185/300, Training Loss: 0.37496753507647024
2024-07-10 22:27:57 - INFO - Epoch: 185/300, Validation Loss: 0.4028808237104626, Accuracy: 69.56371788239352%
2024-07-10 22:27:59 - INFO - Epoch: 186/300, Training Loss: 0.3742110777312312
2024-07-10 22:27:59 - INFO - Epoch: 186/300, Validation Loss: 0.40653196419333365, Accuracy: 69.15847559924124%
2024-07-10 22:28:01 - INFO - Epoch: 187/300, Training Loss: 0.37763790967135596
2024-07-10 22:28:02 - INFO - Epoch: 187/300, Validation Loss: 0.4096168970668709, Accuracy: 69.7189170546646%
2024-07-10 22:28:04 - INFO - Epoch: 188/300, Training Loss: 0.3771203968031653
2024-07-10 22:28:04 - INFO - Epoch: 188/300, Validation Loss: 0.40346304237187564, Accuracy: 68.84807725469909%
2024-07-10 22:28:06 - INFO - Epoch: 189/300, Training Loss: 0.37323161123127774
2024-07-10 22:28:06 - INFO - Epoch: 189/300, Validation Loss: 0.4020534691574809, Accuracy: 69.84824969822384%
2024-07-10 22:28:08 - INFO - Epoch: 190/300, Training Loss: 0.37447319400721585
2024-07-10 22:28:08 - INFO - Epoch: 190/300, Validation Loss: 0.39529430653367725, Accuracy: 69.52922917744439%
2024-07-10 22:28:10 - INFO - Epoch: 191/300, Training Loss: 0.37633840472533786
2024-07-10 22:28:11 - INFO - Epoch: 191/300, Validation Loss: 0.4045319350866171, Accuracy: 69.07225383686843%
2024-07-10 22:28:12 - INFO - Epoch: 192/300, Training Loss: 0.37371212613993676
2024-07-10 22:28:13 - INFO - Epoch: 192/300, Validation Loss: 0.40390962247665113, Accuracy: 68.77047766856354%
2024-07-10 22:28:15 - INFO - Epoch: 193/300, Training Loss: 0.37468920374738757
2024-07-10 22:28:15 - INFO - Epoch: 193/300, Validation Loss: 0.40358331611195764, Accuracy: 68.87394378341094%
2024-07-10 22:28:17 - INFO - Epoch: 194/300, Training Loss: 0.37702027727817666
2024-07-10 22:28:17 - INFO - Epoch: 194/300, Validation Loss: 0.4106614366992489, Accuracy: 69.07225383686843%
2024-07-10 22:28:19 - INFO - Epoch: 195/300, Training Loss: 0.3738087203379335
2024-07-10 22:28:19 - INFO - Epoch: 195/300, Validation Loss: 0.40302233627209294, Accuracy: 69.24469736161407%
2024-07-10 22:28:21 - INFO - Epoch: 196/300, Training Loss: 0.3732512059293944
2024-07-10 22:28:21 - INFO - Epoch: 196/300, Validation Loss: 0.40360210361061516, Accuracy: 69.8654940506984%
2024-07-10 22:28:24 - INFO - Epoch: 197/300, Training Loss: 0.37282140700981536
2024-07-10 22:28:24 - INFO - Epoch: 197/300, Validation Loss: 0.39938402765399805, Accuracy: 69.67580617347818%
2024-07-10 22:28:26 - INFO - Epoch: 198/300, Training Loss: 0.37481893516820053
2024-07-10 22:28:26 - INFO - Epoch: 198/300, Validation Loss: 0.41194313568073315, Accuracy: 68.88256595964822%
2024-07-10 22:28:28 - INFO - Epoch: 199/300, Training Loss: 0.37666250115838545
2024-07-10 22:28:29 - INFO - Epoch: 199/300, Validation Loss: 0.39870130655529734, Accuracy: 68.89981031212278%
2024-07-10 22:28:31 - INFO - Epoch: 200/300, Training Loss: 0.37663831914293355
2024-07-10 22:28:31 - INFO - Epoch: 200/300, Validation Loss: 0.4010573943237682, Accuracy: 68.77909984480083%
2024-07-10 22:28:33 - INFO - Epoch: 201/300, Training Loss: 0.3729237624489028
2024-07-10 22:28:33 - INFO - Epoch: 201/300, Validation Loss: 0.39711825975349974, Accuracy: 69.08087601310571%
2024-07-10 22:28:35 - INFO - Epoch: 202/300, Training Loss: 0.37422824068316096
2024-07-10 22:28:36 - INFO - Epoch: 202/300, Validation Loss: 0.40972142527391625, Accuracy: 68.94292119330919%
2024-07-10 22:28:38 - INFO - Epoch: 203/300, Training Loss: 0.3741261449970048
2024-07-10 22:28:38 - INFO - Epoch: 203/300, Validation Loss: 0.4048729573304837, Accuracy: 68.94292119330919%
2024-07-10 22:28:40 - INFO - Epoch: 204/300, Training Loss: 0.37429216405441024
2024-07-10 22:28:40 - INFO - Epoch: 204/300, Validation Loss: 0.40050701109262615, Accuracy: 69.02052077944474%
2024-07-10 22:28:42 - INFO - Epoch: 205/300, Training Loss: 0.374260498943
2024-07-10 22:28:42 - INFO - Epoch: 205/300, Validation Loss: 0.4057110593869136, Accuracy: 69.14123124676668%
2024-07-10 22:28:44 - INFO - Epoch: 206/300, Training Loss: 0.3766395229101181
2024-07-10 22:28:45 - INFO - Epoch: 206/300, Validation Loss: 0.4112766200042033, Accuracy: 68.94292119330919%
2024-07-10 22:28:47 - INFO - Epoch: 207/300, Training Loss: 0.3720913380795512
2024-07-10 22:28:47 - INFO - Epoch: 207/300, Validation Loss: 0.40766991462026325, Accuracy: 69.1326090705294%
2024-07-10 22:28:49 - INFO - Epoch: 208/300, Training Loss: 0.37603851622548595
2024-07-10 22:28:49 - INFO - Epoch: 208/300, Validation Loss: 0.406029442181954, Accuracy: 69.08949818934299%
2024-07-10 22:28:51 - INFO - Epoch: 209/300, Training Loss: 0.37388810441411774
2024-07-10 22:28:52 - INFO - Epoch: 209/300, Validation Loss: 0.4021916382915371, Accuracy: 69.0377651319193%
2024-07-10 22:28:54 - INFO - Epoch: 210/300, Training Loss: 0.37332577232656805
2024-07-10 22:28:54 - INFO - Epoch: 210/300, Validation Loss: 0.4012071174252164, Accuracy: 69.33954130022417%
2024-07-10 22:28:56 - INFO - Epoch: 211/300, Training Loss: 0.3746426865766788
2024-07-10 22:28:56 - INFO - Epoch: 211/300, Validation Loss: 0.4049099259651624, Accuracy: 68.7877220210381%
2024-07-10 22:28:58 - INFO - Epoch: 212/300, Training Loss: 0.37432144635710224
2024-07-10 22:28:58 - INFO - Epoch: 212/300, Validation Loss: 0.40759287971061664, Accuracy: 68.79634419727539%
2024-07-10 22:29:00 - INFO - Epoch: 213/300, Training Loss: 0.37422007990294487
2024-07-10 22:29:00 - INFO - Epoch: 213/300, Validation Loss: 0.4021019262599421, Accuracy: 68.52905673391965%
2024-07-10 22:29:02 - INFO - Epoch: 214/300, Training Loss: 0.37349214927903535
2024-07-10 22:29:03 - INFO - Epoch: 214/300, Validation Loss: 0.40490589839416546, Accuracy: 68.56354543886877%
2024-07-10 22:29:05 - INFO - Epoch: 215/300, Training Loss: 0.3724718334551515
2024-07-10 22:29:05 - INFO - Epoch: 215/300, Validation Loss: 0.40410278966793645, Accuracy: 68.54630108639421%
2024-07-10 22:29:07 - INFO - Epoch: 216/300, Training Loss: 0.37378804326057435
2024-07-10 22:29:08 - INFO - Epoch: 216/300, Validation Loss: 0.4035849690764815, Accuracy: 69.01189860320746%
2024-07-10 22:29:10 - INFO - Epoch: 217/300, Training Loss: 0.37260958281056633
2024-07-10 22:29:10 - INFO - Epoch: 217/300, Validation Loss: 0.40079202920525936, Accuracy: 69.54647352991896%
2024-07-10 22:29:12 - INFO - Epoch: 218/300, Training Loss: 0.37285827324308196
2024-07-10 22:29:12 - INFO - Epoch: 218/300, Validation Loss: 0.4131796874187805, Accuracy: 68.46870150025866%
2024-07-10 22:29:14 - INFO - Epoch: 219/300, Training Loss: 0.3729720546048263
2024-07-10 22:29:15 - INFO - Epoch: 219/300, Validation Loss: 0.40649514784524726, Accuracy: 68.91705466459734%
2024-07-10 22:29:17 - INFO - Epoch: 220/300, Training Loss: 0.3761416267732094
2024-07-10 22:29:17 - INFO - Epoch: 220/300, Validation Loss: 0.39686788602189704, Accuracy: 69.53785135368167%
2024-07-10 22:29:19 - INFO - Epoch: 221/300, Training Loss: 0.37465916093053486
2024-07-10 22:29:19 - INFO - Epoch: 221/300, Validation Loss: 0.41080574707670525, Accuracy: 68.83945507846181%
2024-07-10 22:29:21 - INFO - Epoch: 222/300, Training Loss: 0.37309263274587434
2024-07-10 22:29:22 - INFO - Epoch: 222/300, Validation Loss: 0.40297511039854406, Accuracy: 68.94292119330919%
2024-07-10 22:29:24 - INFO - Epoch: 223/300, Training Loss: 0.37391690556345314
2024-07-10 22:29:24 - INFO - Epoch: 223/300, Validation Loss: 0.39998613396188715, Accuracy: 69.08087601310571%
2024-07-10 22:29:26 - INFO - Epoch: 224/300, Training Loss: 0.3740502525609115
2024-07-10 22:29:26 - INFO - Epoch: 224/300, Validation Loss: 0.3997326106815548, Accuracy: 69.36540782893603%
2024-07-10 22:29:28 - INFO - Epoch: 225/300, Training Loss: 0.3723664749079737
2024-07-10 22:29:28 - INFO - Epoch: 225/300, Validation Loss: 0.4033067069210849, Accuracy: 68.89981031212278%
2024-07-10 22:29:31 - INFO - Epoch: 226/300, Training Loss: 0.3747524460430803
2024-07-10 22:29:31 - INFO - Epoch: 226/300, Validation Loss: 0.39886346262889905, Accuracy: 68.65838937747887%
2024-07-10 22:29:33 - INFO - Epoch: 227/300, Training Loss: 0.373120873118269
2024-07-10 22:29:33 - INFO - Epoch: 227/300, Validation Loss: 0.3977193855322324, Accuracy: 70.2103811001897%
2024-07-10 22:29:35 - INFO - Epoch: 228/300, Training Loss: 0.37286559511875284
2024-07-10 22:29:35 - INFO - Epoch: 228/300, Validation Loss: 0.4007877121259878, Accuracy: 69.69305052595276%
2024-07-10 22:29:37 - INFO - Epoch: 229/300, Training Loss: 0.37070618103290426
2024-07-10 22:29:38 - INFO - Epoch: 229/300, Validation Loss: 0.39976927408805263, Accuracy: 69.41714088635972%
2024-07-10 22:29:40 - INFO - Epoch: 230/300, Training Loss: 0.37302889992450844
2024-07-10 22:29:40 - INFO - Epoch: 230/300, Validation Loss: 0.4089797727026782, Accuracy: 69.83100534574926%
2024-07-10 22:29:42 - INFO - Epoch: 231/300, Training Loss: 0.3744963843041453
2024-07-10 22:29:42 - INFO - Epoch: 231/300, Validation Loss: 0.4045662084123591, Accuracy: 68.70150025866529%
2024-07-10 22:29:44 - INFO - Epoch: 232/300, Training Loss: 0.372765437220705
2024-07-10 22:29:44 - INFO - Epoch: 232/300, Validation Loss: 0.39896428159305025, Accuracy: 68.81358854974995%
2024-07-10 22:29:46 - INFO - Epoch: 233/300, Training Loss: 0.3752854563449991
2024-07-10 22:29:47 - INFO - Epoch: 233/300, Validation Loss: 0.40025639149186376, Accuracy: 69.5723400586308%
2024-07-10 22:29:49 - INFO - Epoch: 234/300, Training Loss: 0.3714936016962446
2024-07-10 22:29:49 - INFO - Epoch: 234/300, Validation Loss: 0.39861083358198734, Accuracy: 70.03793757544405%
2024-07-10 22:29:51 - INFO - Epoch: 235/300, Training Loss: 0.37100743945302633
2024-07-10 22:29:51 - INFO - Epoch: 235/300, Validation Loss: 0.4053351703908417, Accuracy: 68.69287808242801%
2024-07-10 22:29:53 - INFO - Epoch: 236/300, Training Loss: 0.373817954536142
2024-07-10 22:29:54 - INFO - Epoch: 236/300, Validation Loss: 0.4061108776828745, Accuracy: 69.65856182100362%
2024-07-10 22:29:56 - INFO - Epoch: 237/300, Training Loss: 0.3742002249997238
2024-07-10 22:29:56 - INFO - Epoch: 237/300, Validation Loss: 0.39535799098538826, Accuracy: 68.4514571477841%
2024-07-10 22:29:58 - INFO - Epoch: 238/300, Training Loss: 0.37102104955706106
2024-07-10 22:29:58 - INFO - Epoch: 238/300, Validation Loss: 0.3977200061410338, Accuracy: 68.41696844283497%
2024-07-10 22:30:00 - INFO - Epoch: 239/300, Training Loss: 0.37204769786061914
2024-07-10 22:30:00 - INFO - Epoch: 239/300, Validation Loss: 0.40143061863197077, Accuracy: 68.31350232798758%
2024-07-10 22:30:02 - INFO - Epoch: 240/300, Training Loss: 0.3710908140601783
2024-07-10 22:30:03 - INFO - Epoch: 240/300, Validation Loss: 0.41614587146502274, Accuracy: 69.31367477151232%
2024-07-10 22:30:05 - INFO - Epoch: 241/300, Training Loss: 0.37299360554793787
2024-07-10 22:30:05 - INFO - Epoch: 241/300, Validation Loss: 0.4067006366593497, Accuracy: 68.73598896361442%
2024-07-10 22:30:07 - INFO - Epoch: 242/300, Training Loss: 0.3721146707493683
2024-07-10 22:30:07 - INFO - Epoch: 242/300, Validation Loss: 0.4058187921623607, Accuracy: 68.44283497154682%
2024-07-10 22:30:09 - INFO - Epoch: 243/300, Training Loss: 0.3710044531164498
2024-07-10 22:30:09 - INFO - Epoch: 243/300, Validation Loss: 0.40590040402098015, Accuracy: 68.25314709432661%
2024-07-10 22:30:11 - INFO - Epoch: 244/300, Training Loss: 0.3718191681853656
2024-07-10 22:30:12 - INFO - Epoch: 244/300, Validation Loss: 0.3999285725774346, Accuracy: 67.99448180720815%
2024-07-10 22:30:14 - INFO - Epoch: 245/300, Training Loss: 0.37193639619597074
2024-07-10 22:30:14 - INFO - Epoch: 245/300, Validation Loss: 0.4069330864227735, Accuracy: 68.36523538541128%
2024-07-10 22:30:16 - INFO - Epoch: 246/300, Training Loss: 0.373417501326265
2024-07-10 22:30:16 - INFO - Epoch: 246/300, Validation Loss: 0.4109909572116621, Accuracy: 68.4514571477841%
2024-07-10 22:30:18 - INFO - Epoch: 247/300, Training Loss: 0.37189136794928845
2024-07-10 22:30:18 - INFO - Epoch: 247/300, Validation Loss: 0.40196487373048134, Accuracy: 68.57216761510605%
2024-07-10 22:30:20 - INFO - Epoch: 248/300, Training Loss: 0.37250652547540336
2024-07-10 22:30:21 - INFO - Epoch: 248/300, Validation Loss: 0.3954038190972674, Accuracy: 69.0377651319193%
2024-07-10 22:30:22 - INFO - Epoch: 249/300, Training Loss: 0.37438724996714756
2024-07-10 22:30:23 - INFO - Epoch: 249/300, Validation Loss: 0.4037264359521342, Accuracy: 68.58078979134334%
2024-07-10 22:30:25 - INFO - Epoch: 250/300, Training Loss: 0.37424464149721737
2024-07-10 22:30:25 - INFO - Epoch: 250/300, Validation Loss: 0.39640058478811285, Accuracy: 68.36523538541128%
2024-07-10 22:30:27 - INFO - Epoch: 251/300, Training Loss: 0.37194528542715927
2024-07-10 22:30:27 - INFO - Epoch: 251/300, Validation Loss: 0.4094240334662762, Accuracy: 68.57216761510605%
2024-07-10 22:30:29 - INFO - Epoch: 252/300, Training Loss: 0.3717064193199421
2024-07-10 22:30:30 - INFO - Epoch: 252/300, Validation Loss: 0.40272487994733747, Accuracy: 68.86532160717366%
2024-07-10 22:30:32 - INFO - Epoch: 253/300, Training Loss: 0.3726159843288619
2024-07-10 22:30:32 - INFO - Epoch: 253/300, Validation Loss: 0.40336800260203226, Accuracy: 68.37385756164856%
2024-07-10 22:30:34 - INFO - Epoch: 254/300, Training Loss: 0.3736846394374453
2024-07-10 22:30:34 - INFO - Epoch: 254/300, Validation Loss: 0.40396226254793316, Accuracy: 68.46007932402138%
2024-07-10 22:30:36 - INFO - Epoch: 255/300, Training Loss: 0.37116254566044643
2024-07-10 22:30:36 - INFO - Epoch: 255/300, Validation Loss: 0.4017213113032855, Accuracy: 69.39127435764787%
2024-07-10 22:30:38 - INFO - Epoch: 256/300, Training Loss: 0.3713742479373669
2024-07-10 22:30:39 - INFO - Epoch: 256/300, Validation Loss: 0.40801300976302596, Accuracy: 68.23590274185204%
2024-07-10 22:30:40 - INFO - Epoch: 257/300, Training Loss: 0.3742726854825842
2024-07-10 22:30:41 - INFO - Epoch: 257/300, Validation Loss: 0.4004740908250704, Accuracy: 68.32212450422486%
2024-07-10 22:30:43 - INFO - Epoch: 258/300, Training Loss: 0.3715860549951422
2024-07-10 22:30:43 - INFO - Epoch: 258/300, Validation Loss: 0.40273256796401935, Accuracy: 68.02897051215727%
2024-07-10 22:30:45 - INFO - Epoch: 259/300, Training Loss: 0.3706649969775101
2024-07-10 22:30:45 - INFO - Epoch: 259/300, Validation Loss: 0.40696721990684886, Accuracy: 67.95137092602172%
2024-07-10 22:30:48 - INFO - Epoch: 260/300, Training Loss: 0.3727470215435686
2024-07-10 22:30:48 - INFO - Epoch: 260/300, Validation Loss: 0.40440866891499405, Accuracy: 68.47732367649594%
2024-07-10 22:30:50 - INFO - Epoch: 261/300, Training Loss: 0.372820759888353
2024-07-10 22:30:50 - INFO - Epoch: 261/300, Validation Loss: 0.4002751239708492, Accuracy: 68.90843248836006%
2024-07-10 22:30:52 - INFO - Epoch: 262/300, Training Loss: 0.3710733178360709
2024-07-10 22:30:53 - INFO - Epoch: 262/300, Validation Loss: 0.40389950507944755, Accuracy: 68.48594585273322%
2024-07-10 22:30:55 - INFO - Epoch: 263/300, Training Loss: 0.374136278629303
2024-07-10 22:30:55 - INFO - Epoch: 263/300, Validation Loss: 0.4051545237774377, Accuracy: 68.83945507846181%
2024-07-10 22:30:57 - INFO - Epoch: 264/300, Training Loss: 0.3708480608052221
2024-07-10 22:30:57 - INFO - Epoch: 264/300, Validation Loss: 0.4016186039853882, Accuracy: 68.1583031557165%
2024-07-10 22:30:59 - INFO - Epoch: 265/300, Training Loss: 0.3732025742530823
2024-07-10 22:31:00 - INFO - Epoch: 265/300, Validation Loss: 0.405994618331993, Accuracy: 68.17554750819107%
2024-07-10 22:31:02 - INFO - Epoch: 266/300, Training Loss: 0.37172184851662865
2024-07-10 22:31:02 - INFO - Epoch: 266/300, Validation Loss: 0.4058799679790224, Accuracy: 68.16692533195379%
2024-07-10 22:31:04 - INFO - Epoch: 267/300, Training Loss: 0.3723684739655462
2024-07-10 22:31:04 - INFO - Epoch: 267/300, Validation Loss: 0.40518585305947524, Accuracy: 68.19279186066564%
2024-07-10 22:31:06 - INFO - Epoch: 268/300, Training Loss: 0.3715527656982685
2024-07-10 22:31:07 - INFO - Epoch: 268/300, Validation Loss: 0.40371024166489694, Accuracy: 67.84790481117435%
2024-07-10 22:31:09 - INFO - Epoch: 269/300, Training Loss: 0.3739511541045945
2024-07-10 22:31:09 - INFO - Epoch: 269/300, Validation Loss: 0.4052268839799441, Accuracy: 68.84807725469909%
2024-07-10 22:31:11 - INFO - Epoch: 270/300, Training Loss: 0.3823560372097739
2024-07-10 22:31:11 - INFO - Epoch: 270/300, Validation Loss: 0.40489211907753575, Accuracy: 68.60665632005518%
2024-07-10 22:31:14 - INFO - Epoch: 271/300, Training Loss: 0.3717449063679268
2024-07-10 22:31:14 - INFO - Epoch: 271/300, Validation Loss: 0.3968873836181976, Accuracy: 68.17554750819107%
2024-07-10 22:31:16 - INFO - Epoch: 272/300, Training Loss: 0.37041971401921636
2024-07-10 22:31:16 - INFO - Epoch: 272/300, Validation Loss: 0.40591295734866634, Accuracy: 68.57216761510605%
2024-07-10 22:31:18 - INFO - Epoch: 273/300, Training Loss: 0.3703193713878763
2024-07-10 22:31:18 - INFO - Epoch: 273/300, Validation Loss: 0.40738589947040266, Accuracy: 68.23590274185204%
2024-07-10 22:31:21 - INFO - Epoch: 274/300, Training Loss: 0.3719823185123246
2024-07-10 22:31:21 - INFO - Epoch: 274/300, Validation Loss: 0.4018798141361593, Accuracy: 68.77047766856354%
2024-07-10 22:31:23 - INFO - Epoch: 275/300, Training Loss: 0.37121205399776325
2024-07-10 22:31:23 - INFO - Epoch: 275/300, Validation Loss: 0.40421349350567704, Accuracy: 68.40834626659769%
2024-07-10 22:31:25 - INFO - Epoch: 276/300, Training Loss: 0.36867476648297803
2024-07-10 22:31:25 - INFO - Epoch: 276/300, Validation Loss: 0.40637219558050347, Accuracy: 68.51181238144508%
2024-07-10 22:31:27 - INFO - Epoch: 277/300, Training Loss: 0.3712677123217747
2024-07-10 22:31:28 - INFO - Epoch: 277/300, Validation Loss: 0.402008987390078, Accuracy: 68.64976720124159%
2024-07-10 22:31:30 - INFO - Epoch: 278/300, Training Loss: 0.37331500772772164
2024-07-10 22:31:30 - INFO - Epoch: 278/300, Validation Loss: 0.4047415744472336, Accuracy: 68.4514571477841%
2024-07-10 22:31:32 - INFO - Epoch: 279/300, Training Loss: 0.37082884391834
2024-07-10 22:31:32 - INFO - Epoch: 279/300, Validation Loss: 0.40593479180729, Accuracy: 68.2100362131402%
2024-07-10 22:31:34 - INFO - Epoch: 280/300, Training Loss: 0.37674367783398466
2024-07-10 22:31:35 - INFO - Epoch: 280/300, Validation Loss: 0.40420194625199496, Accuracy: 68.22728056561476%
2024-07-10 22:31:37 - INFO - Epoch: 281/300, Training Loss: 0.37634699889298145
2024-07-10 22:31:37 - INFO - Epoch: 281/300, Validation Loss: 0.4087815346953633, Accuracy: 68.08070356958096%
2024-07-10 22:31:39 - INFO - Epoch: 282/300, Training Loss: 0.37176653847612184
2024-07-10 22:31:39 - INFO - Epoch: 282/300, Validation Loss: 0.41249802528501867, Accuracy: 68.29625797551302%
2024-07-10 22:31:41 - INFO - Epoch: 283/300, Training Loss: 0.3708058803862539
2024-07-10 22:31:42 - INFO - Epoch: 283/300, Validation Loss: 0.4123537414349042, Accuracy: 67.89101569236075%
2024-07-10 22:31:44 - INFO - Epoch: 284/300, Training Loss: 0.37080662897948563
2024-07-10 22:31:44 - INFO - Epoch: 284/300, Validation Loss: 0.40239998812858874, Accuracy: 68.36523538541128%
2024-07-10 22:31:46 - INFO - Epoch: 285/300, Training Loss: 0.3694034824700191
2024-07-10 22:31:46 - INFO - Epoch: 285/300, Validation Loss: 0.4056870079302526, Accuracy: 68.12381445076737%
2024-07-10 22:31:48 - INFO - Epoch: 286/300, Training Loss: 0.37050475295247703
2024-07-10 22:31:48 - INFO - Epoch: 286/300, Validation Loss: 0.40890517077603183, Accuracy: 69.10674254181755%
2024-07-10 22:31:50 - INFO - Epoch: 287/300, Training Loss: 0.36982002451502044
2024-07-10 22:31:50 - INFO - Epoch: 287/300, Validation Loss: 0.4047391155918876, Accuracy: 68.24452491808933%
2024-07-10 22:31:52 - INFO - Epoch: 288/300, Training Loss: 0.3708329847763325
2024-07-10 22:31:53 - INFO - Epoch: 288/300, Validation Loss: 0.403784379199311, Accuracy: 67.4254181755475%
2024-07-10 22:31:55 - INFO - Epoch: 289/300, Training Loss: 0.37732304607999734
2024-07-10 22:31:55 - INFO - Epoch: 289/300, Validation Loss: 0.40909897855349947, Accuracy: 68.08070356958096%
2024-07-10 22:31:57 - INFO - Epoch: 290/300, Training Loss: 0.3761409587901214
2024-07-10 22:31:57 - INFO - Epoch: 290/300, Validation Loss: 0.40410013775249104, Accuracy: 69.07225383686843%
2024-07-10 22:31:59 - INFO - Epoch: 291/300, Training Loss: 0.36986689454522625
2024-07-10 22:31:59 - INFO - Epoch: 291/300, Validation Loss: 0.4023118074778672, Accuracy: 68.80496637351267%
2024-07-10 22:32:01 - INFO - Epoch: 292/300, Training Loss: 0.3692627759637504
2024-07-10 22:32:01 - INFO - Epoch: 292/300, Validation Loss: 0.4093727695417928, Accuracy: 68.29625797551302%
2024-07-10 22:32:03 - INFO - Epoch: 293/300, Training Loss: 0.3685495700096262
2024-07-10 22:32:04 - INFO - Epoch: 293/300, Validation Loss: 0.4076227318127077, Accuracy: 67.71857216761511%
2024-07-10 22:32:05 - INFO - Epoch: 294/300, Training Loss: 0.36930950210012237
2024-07-10 22:32:06 - INFO - Epoch: 294/300, Validation Loss: 0.4130153639630957, Accuracy: 67.58061734781859%
2024-07-10 22:32:08 - INFO - Epoch: 295/300, Training Loss: 0.36845753873216697
2024-07-10 22:32:08 - INFO - Epoch: 295/300, Validation Loss: 0.4060400475512494, Accuracy: 67.66683911019142%
2024-07-10 22:32:10 - INFO - Epoch: 296/300, Training Loss: 0.3740792710616671
2024-07-10 22:32:10 - INFO - Epoch: 296/300, Validation Loss: 0.40174640305749665, Accuracy: 68.53767891015693%
2024-07-10 22:32:12 - INFO - Epoch: 297/300, Training Loss: 0.37207324566512273
2024-07-10 22:32:13 - INFO - Epoch: 297/300, Validation Loss: 0.4033591295336629, Accuracy: 67.43404035178479%
2024-07-10 22:32:15 - INFO - Epoch: 298/300, Training Loss: 0.3692810560094899
2024-07-10 22:32:15 - INFO - Epoch: 298/300, Validation Loss: 0.40372079709074, Accuracy: 68.01172615968271%
2024-07-10 22:32:17 - INFO - Epoch: 299/300, Training Loss: 0.3694245221697051
2024-07-10 22:32:17 - INFO - Epoch: 299/300, Validation Loss: 0.40056378975674345, Accuracy: 67.86514916364891%
2024-07-10 22:32:19 - INFO - Epoch: 300/300, Training Loss: 0.36959512044643533
2024-07-10 22:32:19 - INFO - Epoch: 300/300, Validation Loss: 0.4115636373286719, Accuracy: 68.356613209174%
2024-07-10 22:32:19 - INFO - Finished training model.
