2024-06-19 08:16:26 - INFO - This log entry will go into a uniquely named file for this run.
2024-06-19 08:16:26 - INFO - Starting LSTM model training...
2024-06-19 08:16:26 - INFO - Optimizer=Adam
2024-06-19 08:16:26 - INFO - epochs=800
2024-06-19 08:16:26 - INFO - batch_size=16
2024-06-19 08:16:26 - INFO - File=codeExamples.txt
2024-06-19 08:16:26 - INFO - Learning Rate=0.01
2024-06-19 08:16:31 - INFO - Starting LSTM model training...
2024-06-19 08:16:45 - INFO - Epoch 1/800, Loss: 1.5147178019849137
2024-06-19 08:16:58 - INFO - Epoch 2/800, Loss: 1.434010248816352
2024-06-19 08:17:12 - INFO - Epoch 3/800, Loss: 1.4070434506033795
2024-06-19 08:17:25 - INFO - Epoch 4/800, Loss: 1.4369185490294136
2024-06-19 08:17:38 - INFO - Epoch 5/800, Loss: 1.3868411009001254
2024-06-19 08:17:51 - INFO - Epoch 6/800, Loss: 1.3731437058249971
2024-06-19 08:18:05 - INFO - Epoch 7/800, Loss: 1.353134475550392
2024-06-19 08:18:18 - INFO - Epoch 8/800, Loss: 1.3789586627970445
2024-06-19 08:18:31 - INFO - Epoch 9/800, Loss: 1.3826506093517759
2024-06-19 08:18:44 - INFO - Epoch 10/800, Loss: 1.363399070270828
2024-06-19 08:18:57 - INFO - Epoch 11/800, Loss: 1.3308623700811735
2024-06-19 08:19:11 - INFO - Epoch 12/800, Loss: 1.3253535623082289
2024-06-19 08:19:24 - INFO - Epoch 13/800, Loss: 1.4117080827684287
2024-06-19 08:19:37 - INFO - Epoch 14/800, Loss: 1.342164056872865
2024-06-19 08:19:50 - INFO - Epoch 15/800, Loss: 1.3313034938944714
2024-06-19 08:20:03 - INFO - Epoch 16/800, Loss: 1.3446926839907
2024-06-19 08:20:17 - INFO - Epoch 17/800, Loss: 1.3293385048521693
2024-06-19 08:20:30 - INFO - Epoch 18/800, Loss: 1.3240345415419372
2024-06-19 08:20:43 - INFO - Epoch 19/800, Loss: 1.4171691041597179
2024-06-19 08:20:56 - INFO - Epoch 20/800, Loss: 1.314588683600074
2024-06-19 08:21:10 - INFO - Epoch 21/800, Loss: 1.3436735195189968
2024-06-19 08:21:23 - INFO - Epoch 22/800, Loss: 1.349046771066647
2024-06-19 08:21:36 - INFO - Epoch 23/800, Loss: 1.3251250996968904
2024-06-19 08:21:49 - INFO - Epoch 24/800, Loss: 1.3376747885935312
2024-06-19 08:22:03 - INFO - Epoch 25/800, Loss: 1.3437812456661393
2024-06-19 08:22:16 - INFO - Epoch 26/800, Loss: 1.3314745569807633
2024-06-19 08:22:30 - INFO - Epoch 27/800, Loss: 1.3086722334331256
2024-06-19 08:22:43 - INFO - Epoch 28/800, Loss: 1.322840443836597
2024-06-19 08:22:56 - INFO - Epoch 29/800, Loss: 1.4337845981018549
2024-06-19 08:23:10 - INFO - Epoch 30/800, Loss: 1.3308964605439586
2024-06-19 08:23:23 - INFO - Epoch 31/800, Loss: 1.378088344261691
2024-06-19 08:23:36 - INFO - Epoch 32/800, Loss: 1.334626447881265
2024-06-19 08:23:49 - INFO - Epoch 33/800, Loss: 1.3471694470770725
2024-06-19 08:24:03 - INFO - Epoch 34/800, Loss: 1.3527638153296626
2024-06-19 08:24:16 - INFO - Epoch 35/800, Loss: 1.3731976308422773
2024-06-19 08:24:29 - INFO - Epoch 36/800, Loss: 1.3042921305225024
2024-06-19 08:24:42 - INFO - Epoch 37/800, Loss: 1.321829263000194
2024-06-19 08:24:56 - INFO - Epoch 38/800, Loss: 1.3384391436853684
2024-06-19 08:25:09 - INFO - Epoch 39/800, Loss: 1.3034493495955526
2024-06-19 08:25:22 - INFO - Epoch 40/800, Loss: 1.528780103528779
2024-06-19 08:25:36 - INFO - Epoch 41/800, Loss: 1.3187215957815375
2024-06-19 08:25:49 - INFO - Epoch 42/800, Loss: 1.3111019378835973
2024-06-19 08:26:02 - INFO - Epoch 43/800, Loss: 1.2871154911519316
2024-06-19 08:26:15 - INFO - Epoch 44/800, Loss: 1.3136497726778669
2024-06-19 08:26:28 - INFO - Epoch 45/800, Loss: 1.3399347667718917
2024-06-19 08:26:42 - INFO - Epoch 46/800, Loss: 1.3211503945062812
2024-06-19 08:26:55 - INFO - Epoch 47/800, Loss: 1.3041374387698088
2024-06-19 08:27:08 - INFO - Epoch 48/800, Loss: 1.3062145132702199
2024-06-19 08:27:21 - INFO - Epoch 49/800, Loss: 1.3218701449707506
2024-06-19 08:27:34 - INFO - Epoch 50/800, Loss: 1.3483530567684572
2024-06-19 08:27:47 - INFO - Epoch 51/800, Loss: 1.3606536105460094
2024-06-19 08:28:00 - INFO - Epoch 52/800, Loss: 1.3319634371697529
2024-06-19 08:28:13 - INFO - Epoch 53/800, Loss: 1.358234255936601
2024-06-19 08:28:26 - INFO - Epoch 54/800, Loss: 1.4556342652944187
2024-06-19 08:28:40 - INFO - Epoch 55/800, Loss: 1.3313874904289187
2024-06-19 08:28:53 - INFO - Epoch 56/800, Loss: 1.3374793983194855
2024-06-19 08:29:06 - INFO - Epoch 57/800, Loss: 1.293562545344422
2024-06-19 08:29:19 - INFO - Epoch 58/800, Loss: 1.3268721556389775
2024-06-19 08:29:32 - INFO - Epoch 59/800, Loss: 1.3138702885158025
2024-06-19 08:29:45 - INFO - Epoch 60/800, Loss: 1.3217912271853653
2024-06-19 08:29:59 - INFO - Epoch 61/800, Loss: 1.3378755210616602
2024-06-19 08:30:12 - INFO - Epoch 62/800, Loss: 1.3105301002475755
2024-06-19 08:30:25 - INFO - Epoch 63/800, Loss: 1.3749732584120011
2024-06-19 08:30:38 - INFO - Epoch 64/800, Loss: 1.3662484509450745
2024-06-19 08:30:51 - INFO - Epoch 65/800, Loss: 1.3906081262514447
2024-06-19 08:31:04 - INFO - Epoch 66/800, Loss: 1.3051326978058682
2024-06-19 08:31:18 - INFO - Epoch 67/800, Loss: 1.3132984603525777
2024-06-19 08:31:31 - INFO - Epoch 68/800, Loss: 1.2996054323725978
2024-06-19 08:31:44 - INFO - Epoch 69/800, Loss: 1.281098769858465
2024-06-19 08:31:57 - INFO - Epoch 70/800, Loss: 1.2855384798865677
2024-06-19 08:32:10 - INFO - Epoch 71/800, Loss: 1.3877970121819254
2024-06-19 08:32:23 - INFO - Epoch 72/800, Loss: 1.2804607615967163
2024-06-19 08:32:36 - INFO - Epoch 73/800, Loss: 1.3130663289344666
2024-06-19 08:32:50 - INFO - Epoch 74/800, Loss: 1.2956980922944386
2024-06-19 08:33:03 - INFO - Epoch 75/800, Loss: 1.3138969137828973
2024-06-19 08:33:16 - INFO - Epoch 76/800, Loss: 1.3302501017360326
2024-06-19 08:33:29 - INFO - Epoch 77/800, Loss: 1.2880242015832761
2024-06-19 08:33:42 - INFO - Epoch 78/800, Loss: 1.3011456324133985
2024-06-19 08:33:55 - INFO - Epoch 79/800, Loss: 1.3129073669126563
2024-06-19 08:34:09 - INFO - Epoch 80/800, Loss: 1.2870337538089025
2024-06-19 08:34:22 - INFO - Epoch 81/800, Loss: 1.292927497678824
2024-06-19 08:34:35 - INFO - Epoch 82/800, Loss: 1.2951581005337947
2024-06-19 08:34:48 - INFO - Epoch 83/800, Loss: 1.297842874753837
2024-06-19 08:35:01 - INFO - Epoch 84/800, Loss: 1.3465333399632782
2024-06-19 08:35:14 - INFO - Epoch 85/800, Loss: 1.3023989704230925
2024-06-19 08:35:28 - INFO - Epoch 86/800, Loss: 1.324734785697209
2024-06-19 08:35:41 - INFO - Epoch 87/800, Loss: 1.4049310548664697
2024-06-19 08:35:54 - INFO - Epoch 88/800, Loss: 1.2939112456956567
2024-06-19 08:36:07 - INFO - Epoch 89/800, Loss: 1.2951635510243338
2024-06-19 08:36:20 - INFO - Epoch 90/800, Loss: 1.2980855893530185
2024-06-19 08:36:33 - INFO - Epoch 91/800, Loss: 1.3177152785087671
2024-06-19 08:36:47 - INFO - Epoch 92/800, Loss: 1.3531418844772805
2024-06-19 08:37:00 - INFO - Epoch 93/800, Loss: 1.3620786561031906
2024-06-19 08:37:13 - INFO - Epoch 94/800, Loss: 1.308883915515268
2024-06-19 08:37:26 - INFO - Epoch 95/800, Loss: 1.3424863297808638
2024-06-19 08:37:39 - INFO - Epoch 96/800, Loss: 1.3151751113326924
2024-06-19 08:37:53 - INFO - Epoch 97/800, Loss: 1.3062924681384545
2024-06-19 08:38:06 - INFO - Epoch 98/800, Loss: 1.323730430254814
2024-06-19 08:38:19 - INFO - Epoch 99/800, Loss: 1.3136394922910517
2024-06-19 08:38:32 - INFO - Epoch 100/800, Loss: 1.3256026207860452
2024-06-19 08:38:45 - INFO - Epoch 101/800, Loss: 1.3280767895042693
2024-06-19 08:38:58 - INFO - Epoch 102/800, Loss: 1.3133875019562624
2024-06-19 08:39:12 - INFO - Epoch 103/800, Loss: 1.3031691774238976
2024-06-19 08:39:25 - INFO - Epoch 104/800, Loss: 1.2881004247174228
2024-06-19 08:39:38 - INFO - Epoch 105/800, Loss: 1.335432886485455
2024-06-19 08:39:51 - INFO - Epoch 106/800, Loss: 1.3526349913843012
2024-06-19 08:40:04 - INFO - Epoch 107/800, Loss: 1.3485989049558431
2024-06-19 08:40:17 - INFO - Epoch 108/800, Loss: 1.3268203212920855
2024-06-19 08:40:31 - INFO - Epoch 109/800, Loss: 1.3414556157975186
2024-06-19 08:40:44 - INFO - Epoch 110/800, Loss: 1.2879604006702419
2024-06-19 08:40:57 - INFO - Epoch 111/800, Loss: 1.2790235265585876
2024-06-19 08:41:10 - INFO - Epoch 112/800, Loss: 1.3644982153294458
2024-06-19 08:41:23 - INFO - Epoch 113/800, Loss: 1.585689779832507
2024-06-19 08:41:36 - INFO - Epoch 114/800, Loss: 1.3205255670693332
2024-06-19 08:41:49 - INFO - Epoch 115/800, Loss: 1.3306854813522149
2024-06-19 08:42:03 - INFO - Epoch 116/800, Loss: 1.3049481266773835
2024-06-19 08:42:16 - INFO - Epoch 117/800, Loss: 1.3000793561872033
2024-06-19 08:42:29 - INFO - Epoch 118/800, Loss: 1.3088558509371655
2024-06-19 08:42:42 - INFO - Epoch 119/800, Loss: 1.4439043760111279
2024-06-19 08:42:55 - INFO - Epoch 120/800, Loss: 1.3239664176360104
2024-06-19 08:43:08 - INFO - Epoch 121/800, Loss: 1.317653427838279
2024-06-19 08:43:21 - INFO - Epoch 122/800, Loss: 1.38878668068299
2024-06-19 08:43:35 - INFO - Epoch 123/800, Loss: 1.300003580644097
2024-06-19 08:43:48 - INFO - Epoch 124/800, Loss: 1.3208604161445552
2024-06-19 08:44:01 - INFO - Epoch 125/800, Loss: 1.341047946520055
2024-06-19 08:44:14 - INFO - Epoch 126/800, Loss: 1.3607259781375145
2024-06-19 08:44:27 - INFO - Epoch 127/800, Loss: 1.2932718968793715
2024-06-19 08:44:40 - INFO - Epoch 128/800, Loss: 1.3026479944626235
2024-06-19 08:44:54 - INFO - Epoch 129/800, Loss: 1.3316628162605861
2024-06-19 08:45:07 - INFO - Epoch 130/800, Loss: 1.3683178596559087
2024-06-19 08:45:20 - INFO - Epoch 131/800, Loss: 1.3282451643457207
2024-06-19 08:45:33 - INFO - Epoch 132/800, Loss: 1.2926185398771635
2024-06-19 08:45:46 - INFO - Epoch 133/800, Loss: 1.323977404811506
2024-06-19 08:45:59 - INFO - Epoch 134/800, Loss: 1.32282999065782
2024-06-19 08:46:13 - INFO - Epoch 135/800, Loss: 1.3098121320154579
2024-06-19 08:46:26 - INFO - Epoch 136/800, Loss: 1.3000808222459095
2024-06-19 08:46:39 - INFO - Epoch 137/800, Loss: 1.2922199846660554
2024-06-19 08:46:52 - INFO - Epoch 138/800, Loss: 1.3162046543907844
2024-06-19 08:47:05 - INFO - Epoch 139/800, Loss: 1.3476558967054026
2024-06-19 08:47:18 - INFO - Epoch 140/800, Loss: 1.2853437275067092
2024-06-19 08:47:32 - INFO - Epoch 141/800, Loss: 1.3270284412950395
2024-06-19 08:47:45 - INFO - Epoch 142/800, Loss: 1.3293361768880794
2024-06-19 08:47:58 - INFO - Epoch 143/800, Loss: 1.3232495829699202
2024-06-19 08:48:11 - INFO - Epoch 144/800, Loss: 1.312108505859937
2024-06-19 08:48:24 - INFO - Epoch 145/800, Loss: 1.3669924924536871
2024-06-19 08:48:37 - INFO - Epoch 146/800, Loss: 1.292883110795566
2024-06-19 08:48:51 - INFO - Epoch 147/800, Loss: 1.4217793430260455
2024-06-19 08:49:04 - INFO - Epoch 148/800, Loss: 1.3203597388573174
2024-06-19 08:49:17 - INFO - Epoch 149/800, Loss: 1.3140672387668058
2024-06-19 08:49:30 - INFO - Epoch 150/800, Loss: 1.2989746327126026
2024-06-19 08:49:43 - INFO - Epoch 151/800, Loss: 1.303004062447827
2024-06-19 08:49:56 - INFO - Epoch 152/800, Loss: 1.3122198925198734
2024-06-19 08:50:09 - INFO - Epoch 153/800, Loss: 1.3220191878742273
2024-06-19 08:50:23 - INFO - Epoch 154/800, Loss: 1.4162732482549398
2024-06-19 08:50:36 - INFO - Epoch 155/800, Loss: 1.335139211249397
2024-06-19 08:50:49 - INFO - Epoch 156/800, Loss: 1.3187764608139096
2024-06-19 08:51:02 - INFO - Epoch 157/800, Loss: 1.3191675288969906
2024-06-19 08:51:15 - INFO - Epoch 158/800, Loss: 1.316779082796594
2024-06-19 08:51:28 - INFO - Epoch 159/800, Loss: 1.307243039173234
2024-06-19 08:51:41 - INFO - Epoch 160/800, Loss: 1.2970237791114332
2024-06-19 08:51:55 - INFO - Epoch 161/800, Loss: 1.3040485575581142
2024-06-19 08:52:08 - INFO - Epoch 162/800, Loss: 1.3016772420149338
2024-06-19 08:52:21 - INFO - Epoch 163/800, Loss: 1.302358095900692
2024-06-19 08:52:34 - INFO - Epoch 164/800, Loss: 1.3303175783443277
2024-06-19 08:52:47 - INFO - Epoch 165/800, Loss: 1.3069642478660666
2024-06-19 08:53:00 - INFO - Epoch 166/800, Loss: 1.336247643427897
2024-06-19 08:53:14 - INFO - Epoch 167/800, Loss: 1.3075125625385864
2024-06-19 08:53:27 - INFO - Epoch 168/800, Loss: 1.3030329472803757
2024-06-19 08:53:40 - INFO - Epoch 169/800, Loss: 1.4028066458941693
2024-06-19 08:53:53 - INFO - Epoch 170/800, Loss: 1.3170877912855434
2024-06-19 08:54:06 - INFO - Epoch 171/800, Loss: 1.309667403709161
2024-06-19 08:54:19 - INFO - Epoch 172/800, Loss: 1.3516263553095802
2024-06-19 08:54:32 - INFO - Epoch 173/800, Loss: 1.4130158233979486
2024-06-19 08:54:46 - INFO - Epoch 174/800, Loss: 1.4490022890815917
2024-06-19 08:54:59 - INFO - Epoch 175/800, Loss: 1.321621516146199
2024-06-19 08:55:12 - INFO - Epoch 176/800, Loss: 1.315868588209385
2024-06-19 08:55:25 - INFO - Epoch 177/800, Loss: 1.3448687213814718
2024-06-19 08:55:38 - INFO - Epoch 178/800, Loss: 1.2848120416252966
2024-06-19 08:55:51 - INFO - Epoch 179/800, Loss: 1.2830425385445148
2024-06-19 08:56:05 - INFO - Epoch 180/800, Loss: 1.289563847331773
2024-06-19 08:56:18 - INFO - Epoch 181/800, Loss: 1.3050581659947302
2024-06-19 08:56:31 - INFO - Epoch 182/800, Loss: 1.3396228010094893
2024-06-19 08:56:44 - INFO - Epoch 183/800, Loss: 1.3262714155159285
2024-06-19 08:56:57 - INFO - Epoch 184/800, Loss: 1.2806105546991635
2024-06-19 08:57:10 - INFO - Epoch 185/800, Loss: 1.3281931335532737
2024-06-19 08:57:24 - INFO - Epoch 186/800, Loss: 1.3431952578172643
2024-06-19 08:57:37 - INFO - Epoch 187/800, Loss: 1.3515928252628922
2024-06-19 08:57:50 - INFO - Epoch 188/800, Loss: 1.3227250342842747
2024-06-19 08:58:03 - INFO - Epoch 189/800, Loss: 1.3500045526478184
2024-06-19 08:58:16 - INFO - Epoch 190/800, Loss: 1.3690606748155096
2024-06-19 08:58:29 - INFO - Epoch 191/800, Loss: 1.2888312088375404
2024-06-19 08:58:43 - INFO - Epoch 192/800, Loss: 1.3023759719689665
2024-06-19 08:58:56 - INFO - Epoch 193/800, Loss: 1.2949932266610473
2024-06-19 08:59:09 - INFO - Epoch 194/800, Loss: 1.3256289195755073
2024-06-19 08:59:22 - INFO - Epoch 195/800, Loss: 1.3967935350800926
2024-06-19 08:59:35 - INFO - Epoch 196/800, Loss: 1.3948866052064128
2024-06-19 08:59:48 - INFO - Epoch 197/800, Loss: 1.3070215551761084
2024-06-19 09:00:02 - INFO - Epoch 198/800, Loss: 1.2992703593193402
2024-06-19 09:00:15 - INFO - Epoch 199/800, Loss: 1.3205510264952878
2024-06-19 09:00:28 - INFO - Epoch 200/800, Loss: 1.325208852520848
2024-06-19 09:00:41 - INFO - Epoch 201/800, Loss: 1.3245967894273756
2024-06-19 09:00:54 - INFO - Epoch 202/800, Loss: 1.3040951726404808
2024-06-19 09:01:07 - INFO - Epoch 203/800, Loss: 1.3558048094155117
2024-06-19 09:01:20 - INFO - Epoch 204/800, Loss: 1.3306730779506326
2024-06-19 09:01:34 - INFO - Epoch 205/800, Loss: 1.2966159256921066
2024-06-19 09:01:47 - INFO - Epoch 206/800, Loss: 1.335045398686358
2024-06-19 09:02:00 - INFO - Epoch 207/800, Loss: 1.3212709133303526
2024-06-19 09:02:13 - INFO - Epoch 208/800, Loss: 1.3263287120624045
2024-06-19 09:02:26 - INFO - Epoch 209/800, Loss: 1.294896306267001
2024-06-19 09:02:39 - INFO - Epoch 210/800, Loss: 1.2954293069095617
2024-06-19 09:02:53 - INFO - Epoch 211/800, Loss: 1.2983839145579696
2024-06-19 09:03:06 - INFO - Epoch 212/800, Loss: 1.3083824349132391
2024-06-19 09:03:19 - INFO - Epoch 213/800, Loss: 1.325226746797728
2024-06-19 09:03:32 - INFO - Epoch 214/800, Loss: 1.3469162221977369
2024-06-19 09:03:45 - INFO - Epoch 215/800, Loss: 1.2870153299697034
2024-06-19 09:03:58 - INFO - Epoch 216/800, Loss: 1.3143489609556829
2024-06-19 09:04:11 - INFO - Epoch 217/800, Loss: 1.2940573706729073
2024-06-19 09:04:25 - INFO - Epoch 218/800, Loss: 1.3201384151219624
2024-06-19 09:04:38 - INFO - Epoch 219/800, Loss: 1.3399345209015199
2024-06-19 09:04:51 - INFO - Epoch 220/800, Loss: 1.3019154798489692
2024-06-19 09:05:04 - INFO - Epoch 221/800, Loss: 1.3316184007677634
2024-06-19 09:05:17 - INFO - Epoch 222/800, Loss: 1.3092447104870966
2024-06-19 09:05:30 - INFO - Epoch 223/800, Loss: 1.3109374350319623
2024-06-19 09:05:43 - INFO - Epoch 224/800, Loss: 1.2956828106303309
2024-06-19 09:05:56 - INFO - Epoch 225/800, Loss: 1.3115191537011857
2024-06-19 09:06:10 - INFO - Epoch 226/800, Loss: 1.2918419143298356
2024-06-19 09:06:23 - INFO - Epoch 227/800, Loss: 1.3548434654417238
2024-06-19 09:06:36 - INFO - Epoch 228/800, Loss: 1.3763686746354715
2024-06-19 09:06:49 - INFO - Epoch 229/800, Loss: 1.319256553156508
2024-06-19 09:07:02 - INFO - Epoch 230/800, Loss: 1.3567051990683683
2024-06-19 09:07:16 - INFO - Epoch 231/800, Loss: 1.2987641549626305
2024-06-19 09:07:29 - INFO - Epoch 232/800, Loss: 1.3102386935188455
2024-06-19 09:07:42 - INFO - Epoch 233/800, Loss: 1.3168274540770522
2024-06-19 09:07:55 - INFO - Epoch 234/800, Loss: 1.3152976949383501
2024-06-19 09:08:08 - INFO - Epoch 235/800, Loss: 1.3299297054170902
2024-06-19 09:08:21 - INFO - Epoch 236/800, Loss: 1.3206816228348268
2024-06-19 09:08:34 - INFO - Epoch 237/800, Loss: 1.3104320050327647
2024-06-19 09:08:48 - INFO - Epoch 238/800, Loss: 1.3684545238773975
2024-06-19 09:09:01 - INFO - Epoch 239/800, Loss: 1.3209911107473924
2024-06-19 09:09:14 - INFO - Epoch 240/800, Loss: 1.3491271594597727
2024-06-19 09:09:27 - INFO - Epoch 241/800, Loss: 1.3766220102237923
2024-06-19 09:09:40 - INFO - Epoch 242/800, Loss: 1.303241560483851
2024-06-19 09:09:53 - INFO - Epoch 243/800, Loss: 1.3161504449069912
2024-06-19 09:10:07 - INFO - Epoch 244/800, Loss: 1.3081837384231874
2024-06-19 09:10:20 - INFO - Epoch 245/800, Loss: 1.2977586595582002
2024-06-19 09:10:33 - INFO - Epoch 246/800, Loss: 1.3242488948558435
2024-06-19 09:10:46 - INFO - Epoch 247/800, Loss: 1.3200724562446935
2024-06-19 09:10:59 - INFO - Epoch 248/800, Loss: 1.2918596541217164
2024-06-19 09:11:12 - INFO - Epoch 249/800, Loss: 1.3016627911593088
2024-06-19 09:11:26 - INFO - Epoch 250/800, Loss: 1.3108842662924232
2024-06-19 09:11:39 - INFO - Epoch 251/800, Loss: 1.327319447013317
2024-06-19 09:11:52 - INFO - Epoch 252/800, Loss: 1.3102866710437555
2024-06-19 09:12:05 - INFO - Epoch 253/800, Loss: 1.2988606603420556
2024-06-19 09:12:18 - INFO - Epoch 254/800, Loss: 1.315877506203528
2024-06-19 09:12:31 - INFO - Epoch 255/800, Loss: 1.289843259205497
2024-06-19 09:12:44 - INFO - Epoch 256/800, Loss: 1.3536739338615176
2024-06-19 09:12:57 - INFO - Epoch 257/800, Loss: 1.334922751040271
2024-06-19 09:13:11 - INFO - Epoch 258/800, Loss: 1.3137664063557672
2024-06-19 09:13:24 - INFO - Epoch 259/800, Loss: 1.3266891182530116
2024-06-19 09:13:37 - INFO - Epoch 260/800, Loss: 1.2943338246069123
2024-06-19 09:13:50 - INFO - Epoch 261/800, Loss: 1.3620283871256025
2024-06-19 09:14:03 - INFO - Epoch 262/800, Loss: 1.324469994912391
2024-06-19 09:14:16 - INFO - Epoch 263/800, Loss: 1.3923575460996687
2024-06-19 09:14:30 - INFO - Epoch 264/800, Loss: 1.2902733117407106
2024-06-19 09:14:43 - INFO - Epoch 265/800, Loss: 1.3121852842644213
2024-06-19 09:14:56 - INFO - Epoch 266/800, Loss: 1.3368063629828908
2024-06-19 09:15:09 - INFO - Epoch 267/800, Loss: 1.292274776609108
2024-06-19 09:15:22 - INFO - Epoch 268/800, Loss: 1.3910591655854085
2024-06-19 09:15:35 - INFO - Epoch 269/800, Loss: 1.3066548754446001
2024-06-19 09:15:48 - INFO - Epoch 270/800, Loss: 1.2954956208324686
2024-06-19 09:16:02 - INFO - Epoch 271/800, Loss: 1.2942731860871497
2024-06-19 09:16:15 - INFO - Epoch 272/800, Loss: 1.2934321856801272
2024-06-19 09:16:28 - INFO - Epoch 273/800, Loss: 1.3124596521300607
2024-06-19 09:16:41 - INFO - Epoch 274/800, Loss: 1.3032862681178419
2024-06-19 09:16:54 - INFO - Epoch 275/800, Loss: 1.3376922221971301
2024-06-19 09:17:07 - INFO - Epoch 276/800, Loss: 1.308832757804249
2024-06-19 09:17:21 - INFO - Epoch 277/800, Loss: 1.3703724646625928
2024-06-19 09:17:34 - INFO - Epoch 278/800, Loss: 1.3983681842546907
2024-06-19 09:17:47 - INFO - Epoch 279/800, Loss: 1.3094354919746032
2024-06-19 09:18:00 - INFO - Epoch 280/800, Loss: 1.3167014048566703
2024-06-19 09:18:13 - INFO - Epoch 281/800, Loss: 1.3270297866815615
2024-06-19 09:18:27 - INFO - Epoch 282/800, Loss: 1.2997871682616517
2024-06-19 09:18:40 - INFO - Epoch 283/800, Loss: 1.333239047407511
2024-06-19 09:18:53 - INFO - Epoch 284/800, Loss: 1.3104120219030324
2024-06-19 09:19:06 - INFO - Epoch 285/800, Loss: 1.2955195596500935
2024-06-19 09:19:19 - INFO - Epoch 286/800, Loss: 1.3199235590488483
2024-06-19 09:19:32 - INFO - Epoch 287/800, Loss: 1.3072139348510763
2024-06-19 09:19:46 - INFO - Epoch 288/800, Loss: 1.4155026403247233
2024-06-19 09:19:59 - INFO - Epoch 289/800, Loss: 1.3224363997741395
2024-06-19 09:20:12 - INFO - Epoch 290/800, Loss: 1.3147327478186985
2024-06-19 09:20:25 - INFO - Epoch 291/800, Loss: 1.3701262567901424
2024-06-19 09:20:38 - INFO - Epoch 292/800, Loss: 1.2919080799074678
2024-06-19 09:20:51 - INFO - Epoch 293/800, Loss: 1.325899010749008
2024-06-19 09:21:05 - INFO - Epoch 294/800, Loss: 1.3038373404402717
2024-06-19 09:21:18 - INFO - Epoch 295/800, Loss: 1.342764590844136
2024-06-19 09:21:31 - INFO - Epoch 296/800, Loss: 1.3178142265080353
2024-06-19 09:21:44 - INFO - Epoch 297/800, Loss: 1.2965678688384097
2024-06-19 09:21:57 - INFO - Epoch 298/800, Loss: 1.3135151645215504
2024-06-19 09:22:10 - INFO - Epoch 299/800, Loss: 1.3421662192860446
2024-06-19 09:22:23 - INFO - Epoch 300/800, Loss: 1.443058738763687
2024-06-19 09:22:37 - INFO - Epoch 301/800, Loss: 1.3246965336676606
2024-06-19 09:22:50 - INFO - Epoch 302/800, Loss: 1.3141614202618992
2024-06-19 09:23:03 - INFO - Epoch 303/800, Loss: 1.3006215880274334
2024-06-19 09:23:16 - INFO - Epoch 304/800, Loss: 1.3167404086166572
2024-06-19 09:23:29 - INFO - Epoch 305/800, Loss: 1.3429597011200083
2024-06-19 09:23:42 - INFO - Epoch 306/800, Loss: 1.3692231477955443
2024-06-19 09:23:56 - INFO - Epoch 307/800, Loss: 1.328253863407845
2024-06-19 09:24:09 - INFO - Epoch 308/800, Loss: 1.3299167000399037
2024-06-19 09:24:22 - INFO - Epoch 309/800, Loss: 1.305544494391208
2024-06-19 09:24:35 - INFO - Epoch 310/800, Loss: 1.3084078443458775
2024-06-19 09:24:48 - INFO - Epoch 311/800, Loss: 1.303369369482676
2024-06-19 09:25:01 - INFO - Epoch 312/800, Loss: 1.3170651754053802
2024-06-19 09:25:14 - INFO - Epoch 313/800, Loss: 1.3887007760241326
2024-06-19 09:25:28 - INFO - Epoch 314/800, Loss: 1.295889344361627
2024-06-19 09:25:41 - INFO - Epoch 315/800, Loss: 1.3805410823180122
2024-06-19 09:25:54 - INFO - Epoch 316/800, Loss: 1.3172373238320476
2024-06-19 09:26:07 - INFO - Epoch 317/800, Loss: 1.283224133995683
2024-06-19 09:26:20 - INFO - Epoch 318/800, Loss: 1.2959047460059532
2024-06-19 09:26:33 - INFO - Epoch 319/800, Loss: 1.2835544138829567
2024-06-19 09:26:47 - INFO - Epoch 320/800, Loss: 1.3390180077955314
2024-06-19 09:27:00 - INFO - Epoch 321/800, Loss: 1.2831982420183805
2024-06-19 09:27:13 - INFO - Epoch 322/800, Loss: 1.3499557367554438
2024-06-19 09:27:26 - INFO - Epoch 323/800, Loss: 1.2880647914355223
2024-06-19 09:27:39 - INFO - Epoch 324/800, Loss: 1.3199993078664207
2024-06-19 09:27:53 - INFO - Epoch 325/800, Loss: 1.2840943371798543
2024-06-19 09:28:06 - INFO - Epoch 326/800, Loss: 1.3245128694147166
2024-06-19 09:28:19 - INFO - Epoch 327/800, Loss: 1.3108361593013371
2024-06-19 09:28:32 - INFO - Epoch 328/800, Loss: 1.3967127759425715
2024-06-19 09:28:45 - INFO - Epoch 329/800, Loss: 1.3303687457110056
2024-06-19 09:28:58 - INFO - Epoch 330/800, Loss: 1.3234181152207745
2024-06-19 09:29:11 - INFO - Epoch 331/800, Loss: 1.2891169205118864
2024-06-19 09:29:25 - INFO - Epoch 332/800, Loss: 1.3359833056971169
2024-06-19 09:29:38 - INFO - Epoch 333/800, Loss: 1.3370526422711977
2024-06-19 09:29:51 - INFO - Epoch 334/800, Loss: 1.3482192677063838
2024-06-19 09:30:04 - INFO - Epoch 335/800, Loss: 1.320609548542615
2024-06-19 09:30:17 - INFO - Epoch 336/800, Loss: 1.3867928049629838
2024-06-19 09:30:30 - INFO - Epoch 337/800, Loss: 1.3247073843423411
2024-06-19 09:30:44 - INFO - Epoch 338/800, Loss: 1.300807267783471
2024-06-19 09:30:57 - INFO - Epoch 339/800, Loss: 1.2926893645470396
2024-06-19 09:31:10 - INFO - Epoch 340/800, Loss: 1.2960932722474243
2024-06-19 09:31:23 - INFO - Epoch 341/800, Loss: 1.2960900084228077
2024-06-19 09:31:36 - INFO - Epoch 342/800, Loss: 1.2938237040798595
2024-06-19 09:31:49 - INFO - Epoch 343/800, Loss: 1.3624558502818862
2024-06-19 09:32:02 - INFO - Epoch 344/800, Loss: 1.3251576905236586
2024-06-19 09:32:16 - INFO - Epoch 345/800, Loss: 1.2923320447202231
2024-06-19 09:32:29 - INFO - Epoch 346/800, Loss: 1.3289132694627752
2024-06-19 09:32:42 - INFO - Epoch 347/800, Loss: 1.3092584401301215
2024-06-19 09:32:55 - INFO - Epoch 348/800, Loss: 1.417875541523788
2024-06-19 09:33:08 - INFO - Epoch 349/800, Loss: 1.3110493333282174
2024-06-19 09:33:21 - INFO - Epoch 350/800, Loss: 1.2992042915339983
2024-06-19 09:33:34 - INFO - Epoch 351/800, Loss: 1.3437199782600397
2024-06-19 09:33:47 - INFO - Epoch 352/800, Loss: 1.290983175115373
2024-06-19 09:34:01 - INFO - Epoch 353/800, Loss: 1.3127753824246333
2024-06-19 09:34:14 - INFO - Epoch 354/800, Loss: 1.320703759018538
2024-06-19 09:34:27 - INFO - Epoch 355/800, Loss: 1.306803031639979
2024-06-19 09:34:40 - INFO - Epoch 356/800, Loss: 1.3091450992368874
2024-06-19 09:34:53 - INFO - Epoch 357/800, Loss: 1.3242051233109562
2024-06-19 09:35:06 - INFO - Epoch 358/800, Loss: 1.3261527281140415
2024-06-19 09:35:19 - INFO - Epoch 359/800, Loss: 1.3257964056793718
2024-06-19 09:35:33 - INFO - Epoch 360/800, Loss: 1.3607717846713627
2024-06-19 09:35:46 - INFO - Epoch 361/800, Loss: 1.3383783076140487
2024-06-19 09:35:59 - INFO - Epoch 362/800, Loss: 1.2911648818296528
2024-06-19 09:36:12 - INFO - Epoch 363/800, Loss: 1.3157556066562712
2024-06-19 09:36:25 - INFO - Epoch 364/800, Loss: 1.3085916724568747
2024-06-19 09:36:38 - INFO - Epoch 365/800, Loss: 1.395207557535625
2024-06-19 09:36:52 - INFO - Epoch 366/800, Loss: 1.3211003346118015
2024-06-19 09:37:05 - INFO - Epoch 367/800, Loss: 1.303896738196973
2024-06-19 09:37:18 - INFO - Epoch 368/800, Loss: 1.29413403414319
2024-06-19 09:37:31 - INFO - Epoch 369/800, Loss: 1.3378391088091424
2024-06-19 09:37:44 - INFO - Epoch 370/800, Loss: 1.3105169264601846
2024-06-19 09:37:58 - INFO - Epoch 371/800, Loss: 1.3034412273883886
2024-06-19 09:38:11 - INFO - Epoch 372/800, Loss: 1.4121699748896812
2024-06-19 09:38:24 - INFO - Epoch 373/800, Loss: 1.2797640845825808
2024-06-19 09:38:37 - INFO - Epoch 374/800, Loss: 1.3149003938435455
2024-06-19 09:38:50 - INFO - Epoch 375/800, Loss: 1.3151694449820746
2024-06-19 09:39:03 - INFO - Epoch 376/800, Loss: 1.3566803143099584
2024-06-19 09:39:17 - INFO - Epoch 377/800, Loss: 1.370864519984055
2024-06-19 09:39:30 - INFO - Epoch 378/800, Loss: 1.2981930074734773
2024-06-19 09:39:43 - INFO - Epoch 379/800, Loss: 1.2967659946610193
2024-06-19 09:39:56 - INFO - Epoch 380/800, Loss: 1.2992018832312253
2024-06-19 09:40:09 - INFO - Epoch 381/800, Loss: 1.292985384940702
2024-06-19 09:40:22 - INFO - Epoch 382/800, Loss: 1.295898135852787
2024-06-19 09:40:36 - INFO - Epoch 383/800, Loss: 1.3387875360604837
2024-06-19 09:40:49 - INFO - Epoch 384/800, Loss: 1.295721470309463
2024-06-19 09:41:02 - INFO - Epoch 385/800, Loss: 1.3154597897157894
2024-06-19 09:41:15 - INFO - Epoch 386/800, Loss: 1.2962750910005936
2024-06-19 09:41:28 - INFO - Epoch 387/800, Loss: 1.3333533667888577
2024-06-19 09:41:41 - INFO - Epoch 388/800, Loss: 1.3168770926648012
2024-06-19 09:41:54 - INFO - Epoch 389/800, Loss: 1.2930147686314064
2024-06-19 09:42:08 - INFO - Epoch 390/800, Loss: 1.320781072329894
2024-06-19 09:42:21 - INFO - Epoch 391/800, Loss: 1.2788500234748574
2024-06-19 09:42:34 - INFO - Epoch 392/800, Loss: 1.298783206448741
2024-06-19 09:42:47 - INFO - Epoch 393/800, Loss: 1.3082168416135653
2024-06-19 09:43:00 - INFO - Epoch 394/800, Loss: 1.318206899059604
2024-06-19 09:43:14 - INFO - Epoch 395/800, Loss: 1.299139427832855
2024-06-19 09:43:27 - INFO - Epoch 396/800, Loss: 1.306012279828377
2024-06-19 09:43:40 - INFO - Epoch 397/800, Loss: 1.313309451653547
2024-06-19 09:43:53 - INFO - Epoch 398/800, Loss: 1.3015711825246266
2024-06-19 09:44:06 - INFO - Epoch 399/800, Loss: 1.31111020609485
2024-06-19 09:44:19 - INFO - Epoch 400/800, Loss: 1.3494696100237025
2024-06-19 09:44:32 - INFO - Epoch 401/800, Loss: 1.3021442697054062
2024-06-19 09:44:46 - INFO - Epoch 402/800, Loss: 1.3158684821453674
2024-06-19 09:44:58 - INFO - Epoch 403/800, Loss: 1.3856826629154586
2024-06-19 09:45:07 - INFO - Epoch 404/800, Loss: 1.3103339882615233
2024-06-19 09:45:14 - INFO - Epoch 405/800, Loss: 1.2905972618606203
2024-06-19 09:45:22 - INFO - Epoch 406/800, Loss: 1.305447295243696
2024-06-19 09:45:29 - INFO - Epoch 407/800, Loss: 1.2924128777948776
2024-06-19 09:45:36 - INFO - Epoch 408/800, Loss: 1.3937603954335045
2024-06-19 09:45:43 - INFO - Epoch 409/800, Loss: 1.2952025188692875
2024-06-19 09:45:51 - INFO - Epoch 410/800, Loss: 1.3221005688805032
2024-06-19 09:45:58 - INFO - Epoch 411/800, Loss: 1.316680414886237
2024-06-19 09:46:05 - INFO - Epoch 412/800, Loss: 1.3912124942936381
2024-06-19 09:46:12 - INFO - Epoch 413/800, Loss: 1.3409085410611985
2024-06-19 09:46:19 - INFO - Epoch 414/800, Loss: 1.4163026949645754
2024-06-19 09:46:27 - INFO - Epoch 415/800, Loss: 1.2926842815838437
2024-06-19 09:46:34 - INFO - Epoch 416/800, Loss: 1.2825838667586253
2024-06-19 09:46:41 - INFO - Epoch 417/800, Loss: 1.300543194240935
2024-06-19 09:46:48 - INFO - Epoch 418/800, Loss: 1.3020213509140135
2024-06-19 09:46:56 - INFO - Epoch 419/800, Loss: 1.3661415986157426
2024-06-19 09:47:03 - INFO - Epoch 420/800, Loss: 1.286309293992892
2024-06-19 09:47:10 - INFO - Epoch 421/800, Loss: 1.3036371979377417
2024-06-19 09:47:17 - INFO - Epoch 422/800, Loss: 1.3450197489841356
2024-06-19 09:47:25 - INFO - Epoch 423/800, Loss: 1.3295403675892714
2024-06-19 09:47:32 - INFO - Epoch 424/800, Loss: 1.3049508680144941
2024-06-19 09:47:39 - INFO - Epoch 425/800, Loss: 1.352655281222848
2024-06-19 09:47:46 - INFO - Epoch 426/800, Loss: 1.3938799536289688
2024-06-19 09:47:54 - INFO - Epoch 427/800, Loss: 1.3421596174198442
2024-06-19 09:48:01 - INFO - Epoch 428/800, Loss: 1.3688540679027705
2024-06-19 09:48:08 - INFO - Epoch 429/800, Loss: 1.3097684667105234
2024-06-19 09:48:15 - INFO - Epoch 430/800, Loss: 1.2950803795596941
2024-06-19 09:48:23 - INFO - Epoch 431/800, Loss: 1.2814979074678787
2024-06-19 09:48:30 - INFO - Epoch 432/800, Loss: 1.334350114054235
2024-06-19 09:48:37 - INFO - Epoch 433/800, Loss: 1.4170755463509148
2024-06-19 09:48:45 - INFO - Epoch 434/800, Loss: 1.4145790394205975
2024-06-19 09:48:52 - INFO - Epoch 435/800, Loss: 1.2876975596025888
2024-06-19 09:48:59 - INFO - Epoch 436/800, Loss: 1.3171898525407202
2024-06-19 09:49:06 - INFO - Epoch 437/800, Loss: 1.3146536738803927
2024-06-19 09:49:14 - INFO - Epoch 438/800, Loss: 1.3291231671154529
2024-06-19 09:49:21 - INFO - Epoch 439/800, Loss: 1.2939813227875818
2024-06-19 09:49:28 - INFO - Epoch 440/800, Loss: 1.2908854617617793
2024-06-19 09:49:35 - INFO - Epoch 441/800, Loss: 1.3661689089386664
2024-06-19 09:49:43 - INFO - Epoch 442/800, Loss: 1.308052630247844
2024-06-19 09:49:50 - INFO - Epoch 443/800, Loss: 1.2926000460240485
2024-06-19 09:49:57 - INFO - Epoch 444/800, Loss: 1.3141157994380928
2024-06-19 09:50:05 - INFO - Epoch 445/800, Loss: 1.3138782445690969
2024-06-19 09:50:12 - INFO - Epoch 446/800, Loss: 1.3473829209308592
2024-06-19 09:50:19 - INFO - Epoch 447/800, Loss: 1.2896586169049713
2024-06-19 09:50:26 - INFO - Epoch 448/800, Loss: 1.3549985487147564
2024-06-19 09:50:34 - INFO - Epoch 449/800, Loss: 1.3330692042700667
2024-06-19 09:50:41 - INFO - Epoch 450/800, Loss: 1.3105025344736012
2024-06-19 09:50:48 - INFO - Epoch 451/800, Loss: 1.3116952633306924
2024-06-19 09:50:55 - INFO - Epoch 452/800, Loss: 1.2978756836987504
2024-06-19 09:51:03 - INFO - Epoch 453/800, Loss: 1.3443981093497688
2024-06-19 09:51:10 - INFO - Epoch 454/800, Loss: 1.3178149564647554
2024-06-19 09:51:18 - INFO - Epoch 455/800, Loss: 1.6461300824868021
2024-06-19 09:51:25 - INFO - Epoch 456/800, Loss: 1.3048845570617067
2024-06-19 09:51:32 - INFO - Epoch 457/800, Loss: 1.3456184868089314
2024-06-19 09:51:40 - INFO - Epoch 458/800, Loss: 1.3033515009726906
2024-06-19 09:51:47 - INFO - Epoch 459/800, Loss: 1.2843933895210207
2024-06-19 09:51:54 - INFO - Epoch 460/800, Loss: 1.28980844913985
2024-06-19 09:52:02 - INFO - Epoch 461/800, Loss: 1.3168531270814685
2024-06-19 09:52:09 - INFO - Epoch 462/800, Loss: 1.2980853211473555
2024-06-19 09:52:16 - INFO - Epoch 463/800, Loss: 1.4267210591781332
2024-06-19 09:52:24 - INFO - Epoch 464/800, Loss: 1.319399794785042
2024-06-19 09:52:32 - INFO - Epoch 465/800, Loss: 1.36993599837336
2024-06-19 09:52:39 - INFO - Epoch 466/800, Loss: 1.3276541347545332
2024-06-19 09:52:47 - INFO - Epoch 467/800, Loss: 1.346776867879239
2024-06-19 09:52:54 - INFO - Epoch 468/800, Loss: 1.2907913643595774
2024-06-19 09:53:02 - INFO - Epoch 469/800, Loss: 1.311441738990174
2024-06-19 09:53:09 - INFO - Epoch 470/800, Loss: 1.3138314507417155
2024-06-19 09:53:18 - INFO - Epoch 471/800, Loss: 1.2985977980901366
2024-06-19 09:53:30 - INFO - Epoch 472/800, Loss: 1.3815261714213432
2024-06-19 09:53:43 - INFO - Epoch 473/800, Loss: 1.3367210284941466
2024-06-19 09:53:57 - INFO - Epoch 474/800, Loss: 1.2863156943508967
2024-06-19 09:54:10 - INFO - Epoch 475/800, Loss: 1.291225972290524
2024-06-19 09:54:23 - INFO - Epoch 476/800, Loss: 1.3199212927181994
2024-06-19 09:54:37 - INFO - Epoch 477/800, Loss: 1.2838111459219776
2024-06-19 09:54:50 - INFO - Epoch 478/800, Loss: 1.2879364273125107
2024-06-19 09:55:03 - INFO - Epoch 479/800, Loss: 1.314084501129998
2024-06-19 09:55:17 - INFO - Epoch 480/800, Loss: 1.2989193304853006
2024-06-19 09:55:30 - INFO - Epoch 481/800, Loss: 1.3250115561096294
2024-06-19 09:55:43 - INFO - Epoch 482/800, Loss: 1.3219047092604004
2024-06-19 09:55:56 - INFO - Epoch 483/800, Loss: 1.3165542351142834
2024-06-19 09:56:10 - INFO - Epoch 484/800, Loss: 1.3261171196403958
2024-06-19 09:56:23 - INFO - Epoch 485/800, Loss: 1.6252320002618486
2024-06-19 09:56:39 - INFO - Epoch 486/800, Loss: 1.3293703225446603
2024-06-19 09:56:58 - INFO - Epoch 487/800, Loss: 1.3692279668863485
2024-06-19 09:57:18 - INFO - Epoch 488/800, Loss: 1.3202165539491981
2024-06-19 09:57:38 - INFO - Epoch 489/800, Loss: 1.3016175079483125
2024-06-19 09:57:58 - INFO - Epoch 490/800, Loss: 1.3059518831724768
2024-06-19 09:58:18 - INFO - Epoch 491/800, Loss: 1.341469188628212
2024-06-19 09:58:38 - INFO - Epoch 492/800, Loss: 1.336125565994868
2024-06-19 09:58:58 - INFO - Epoch 493/800, Loss: 1.2912053214629835
2024-06-19 09:59:18 - INFO - Epoch 494/800, Loss: 1.3234009374353348
2024-06-19 09:59:38 - INFO - Epoch 495/800, Loss: 1.3232828869412026
2024-06-19 09:59:58 - INFO - Epoch 496/800, Loss: 1.3733305605486426
2024-06-19 10:00:18 - INFO - Epoch 497/800, Loss: 1.344882472934669
2024-06-19 10:00:38 - INFO - Epoch 498/800, Loss: 1.3018550960742652
2024-06-19 10:00:58 - INFO - Epoch 499/800, Loss: 1.3433024289024729
2024-06-19 10:01:18 - INFO - Epoch 500/800, Loss: 1.2727483244269862
2024-06-19 10:01:38 - INFO - Epoch 501/800, Loss: 1.2967739763506418
2024-06-19 10:01:58 - INFO - Epoch 502/800, Loss: 1.384021076936411
2024-06-19 10:02:18 - INFO - Epoch 503/800, Loss: 1.3337488397252846
2024-06-19 10:02:38 - INFO - Epoch 504/800, Loss: 1.3116001795565395
2024-06-19 10:02:58 - INFO - Epoch 505/800, Loss: 1.3484296857360372
2024-06-19 10:03:18 - INFO - Epoch 506/800, Loss: 1.2958030643636245
2024-06-19 10:03:38 - INFO - Epoch 507/800, Loss: 1.317162602238036
2024-06-19 10:03:58 - INFO - Epoch 508/800, Loss: 1.3678846693169715
2024-06-19 10:04:18 - INFO - Epoch 509/800, Loss: 1.5098983233750674
2024-06-19 10:04:38 - INFO - Epoch 510/800, Loss: 1.2905673706420144
2024-06-19 10:04:58 - INFO - Epoch 511/800, Loss: 1.3290495971187535
2024-06-19 10:05:18 - INFO - Epoch 512/800, Loss: 1.32684903150821
2024-06-19 10:05:38 - INFO - Epoch 513/800, Loss: 1.336439067924094
2024-06-19 10:05:58 - INFO - Epoch 514/800, Loss: 1.3115978296545712
2024-06-19 10:06:18 - INFO - Epoch 515/800, Loss: 1.306503614488076
2024-06-19 10:06:38 - INFO - Epoch 516/800, Loss: 1.3633042755516172
2024-06-19 10:06:58 - INFO - Epoch 517/800, Loss: 1.3854510177934496
2024-06-19 10:07:18 - INFO - Epoch 518/800, Loss: 1.3007199270081466
2024-06-19 10:07:38 - INFO - Epoch 519/800, Loss: 1.3037781807378108
2024-06-19 10:07:58 - INFO - Epoch 520/800, Loss: 1.299236817744045
2024-06-19 10:08:18 - INFO - Epoch 521/800, Loss: 1.300657256141742
2024-06-19 10:08:38 - INFO - Epoch 522/800, Loss: 1.3198745673999335
2024-06-19 10:08:58 - INFO - Epoch 523/800, Loss: 1.3192675775194502
2024-06-19 10:09:18 - INFO - Epoch 524/800, Loss: 1.3182488716347405
2024-06-19 10:09:38 - INFO - Epoch 525/800, Loss: 1.2958332581737964
2024-06-19 10:09:58 - INFO - Epoch 526/800, Loss: 1.3142477487501494
2024-06-19 10:10:18 - INFO - Epoch 527/800, Loss: 1.2953028866078062
2024-06-19 10:10:38 - INFO - Epoch 528/800, Loss: 1.3149843917134383
2024-06-19 10:10:58 - INFO - Epoch 529/800, Loss: 1.3358221596899722
2024-06-19 10:11:18 - INFO - Epoch 530/800, Loss: 1.3681086798315019
2024-06-19 10:11:38 - INFO - Epoch 531/800, Loss: 1.2912074083763925
2024-06-19 10:11:58 - INFO - Epoch 532/800, Loss: 1.3200321213385497
2024-06-19 10:12:18 - INFO - Epoch 533/800, Loss: 1.3303884548028908
2024-06-19 10:12:38 - INFO - Epoch 534/800, Loss: 1.6900817011986706
2024-06-19 10:12:58 - INFO - Epoch 535/800, Loss: 1.3216818402802402
2024-06-19 10:13:18 - INFO - Epoch 536/800, Loss: 1.2843017362791342
2024-06-19 10:13:37 - INFO - Epoch 537/800, Loss: 1.3681904201543476
2024-06-19 10:13:57 - INFO - Epoch 538/800, Loss: 1.3161953843488292
2024-06-19 10:14:17 - INFO - Epoch 539/800, Loss: 1.3294163604541365
2024-06-19 10:14:37 - INFO - Epoch 540/800, Loss: 1.3018362466380091
2024-06-19 10:14:57 - INFO - Epoch 541/800, Loss: 1.3991008872451218
2024-06-19 10:15:17 - INFO - Epoch 542/800, Loss: 1.295890702743807
2024-06-19 10:15:37 - INFO - Epoch 543/800, Loss: 1.341755670904476
2024-06-19 10:15:57 - INFO - Epoch 544/800, Loss: 1.3057272718889534
2024-06-19 10:16:17 - INFO - Epoch 545/800, Loss: 1.3134629515190646
2024-06-19 10:16:37 - INFO - Epoch 546/800, Loss: 1.3216607967292127
2024-06-19 10:16:57 - INFO - Epoch 547/800, Loss: 1.3053582135801096
2024-06-19 10:17:17 - INFO - Epoch 548/800, Loss: 1.317696064933653
2024-06-19 10:17:37 - INFO - Epoch 549/800, Loss: 1.3642644170149263
2024-06-19 10:17:57 - INFO - Epoch 550/800, Loss: 1.3765523189093751
2024-06-19 10:18:17 - INFO - Epoch 551/800, Loss: 1.3079932396622354
2024-06-19 10:18:37 - INFO - Epoch 552/800, Loss: 1.3594502094735308
2024-06-19 10:18:57 - INFO - Epoch 553/800, Loss: 1.2938638059840133
2024-06-19 10:19:17 - INFO - Epoch 554/800, Loss: 1.2892039897623284
2024-06-19 10:19:37 - INFO - Epoch 555/800, Loss: 1.3131792781487428
2024-06-19 10:19:57 - INFO - Epoch 556/800, Loss: 1.3165459757330404
2024-06-19 10:20:17 - INFO - Epoch 557/800, Loss: 1.3102818066863364
2024-06-19 10:20:37 - INFO - Epoch 558/800, Loss: 1.5998880067906973
2024-06-19 10:20:57 - INFO - Epoch 559/800, Loss: 1.278922289312066
2024-06-19 10:21:17 - INFO - Epoch 560/800, Loss: 1.310288041515596
2024-06-19 10:21:37 - INFO - Epoch 561/800, Loss: 1.3111809799485319
2024-06-19 10:21:57 - INFO - Epoch 562/800, Loss: 1.3227486674414237
2024-06-19 10:22:17 - INFO - Epoch 563/800, Loss: 1.4898385170119712
2024-06-19 10:22:37 - INFO - Epoch 564/800, Loss: 1.2961991013373668
2024-06-19 10:22:57 - INFO - Epoch 565/800, Loss: 1.3002168766287354
2024-06-19 10:23:17 - INFO - Epoch 566/800, Loss: 1.358326664902102
2024-06-19 10:23:37 - INFO - Epoch 567/800, Loss: 1.33299585426182
2024-06-19 10:23:57 - INFO - Epoch 568/800, Loss: 1.2936105664424837
2024-06-19 10:24:17 - INFO - Epoch 569/800, Loss: 1.2953091111690969
2024-06-19 10:24:37 - INFO - Epoch 570/800, Loss: 1.3438337419561466
2024-06-19 10:24:57 - INFO - Epoch 571/800, Loss: 1.2869102685226421
2024-06-19 10:25:17 - INFO - Epoch 572/800, Loss: 1.3128775786830975
2024-06-19 10:25:37 - INFO - Epoch 573/800, Loss: 1.3241309436390614
2024-06-19 10:25:57 - INFO - Epoch 574/800, Loss: 1.2975677867949338
2024-06-19 10:26:17 - INFO - Epoch 575/800, Loss: 1.3126470686994502
2024-06-19 10:26:37 - INFO - Epoch 576/800, Loss: 1.3071061664615522
2024-06-19 10:26:57 - INFO - Epoch 577/800, Loss: 1.3104783801810156
2024-06-19 10:27:17 - INFO - Epoch 578/800, Loss: 1.2818642867089138
2024-06-19 10:27:37 - INFO - Epoch 579/800, Loss: 1.2897154355001479
2024-06-19 10:27:57 - INFO - Epoch 580/800, Loss: 1.2968603080659875
2024-06-19 10:28:17 - INFO - Epoch 581/800, Loss: 1.322423455390378
2024-06-19 10:28:37 - INFO - Epoch 582/800, Loss: 1.3260454250801692
2024-06-19 10:28:57 - INFO - Epoch 583/800, Loss: 1.3064340501573468
2024-06-19 10:29:17 - INFO - Epoch 584/800, Loss: 1.307659694076011
2024-06-19 10:29:37 - INFO - Epoch 585/800, Loss: 1.27658373052337
2024-06-19 10:29:57 - INFO - Epoch 586/800, Loss: 1.3049322424066596
2024-06-19 10:30:17 - INFO - Epoch 587/800, Loss: 1.305699474987323
2024-06-19 10:30:37 - INFO - Epoch 588/800, Loss: 1.298009867953638
2024-06-19 10:30:57 - INFO - Epoch 589/800, Loss: 1.2937869372762618
2024-06-19 10:31:16 - INFO - Epoch 590/800, Loss: 1.3032124232354814
2024-06-19 10:31:37 - INFO - Epoch 591/800, Loss: 1.345071565380091
2024-06-19 10:31:57 - INFO - Epoch 592/800, Loss: 1.3291119972277412
2024-06-19 10:32:17 - INFO - Epoch 593/800, Loss: 1.2770529886072928
2024-06-19 10:32:36 - INFO - Epoch 594/800, Loss: 1.3174820132974367
2024-06-19 10:32:57 - INFO - Epoch 595/800, Loss: 1.287034725276229
2024-06-19 10:33:17 - INFO - Epoch 596/800, Loss: 1.3279998076382926
2024-06-19 10:33:37 - INFO - Epoch 597/800, Loss: 1.3065112865503676
2024-06-19 10:33:56 - INFO - Epoch 598/800, Loss: 1.301977432096087
2024-06-19 10:34:17 - INFO - Epoch 599/800, Loss: 1.3406142877833103
2024-06-19 10:34:37 - INFO - Epoch 600/800, Loss: 1.327321992106436
2024-06-19 10:34:57 - INFO - Epoch 601/800, Loss: 1.3707252497819988
2024-06-19 10:35:17 - INFO - Epoch 602/800, Loss: 1.284808920419228
2024-06-19 10:35:37 - INFO - Epoch 603/800, Loss: 1.2927220642597157
2024-06-19 10:35:56 - INFO - Epoch 604/800, Loss: 1.3049424455869936
2024-06-19 10:36:16 - INFO - Epoch 605/800, Loss: 1.2947608308212664
2024-06-19 10:36:37 - INFO - Epoch 606/800, Loss: 1.3016436340109228
2024-06-19 10:36:57 - INFO - Epoch 607/800, Loss: 1.3412408146272836
2024-06-19 10:37:17 - INFO - Epoch 608/800, Loss: 1.309603496458509
2024-06-19 10:37:36 - INFO - Epoch 609/800, Loss: 1.2940995101343997
2024-06-19 10:37:57 - INFO - Epoch 610/800, Loss: 1.2964818032943892
2024-06-19 10:38:16 - INFO - Epoch 611/800, Loss: 1.3451542029706127
2024-06-19 10:38:36 - INFO - Epoch 612/800, Loss: 1.3279898684210887
2024-06-19 10:38:56 - INFO - Epoch 613/800, Loss: 1.4449188375120599
2024-06-19 10:39:16 - INFO - Epoch 614/800, Loss: 1.3094056024503267
2024-06-19 10:39:36 - INFO - Epoch 615/800, Loss: 1.3796632050271673
2024-06-19 10:39:56 - INFO - Epoch 616/800, Loss: 1.2977262909750513
2024-06-19 10:40:16 - INFO - Epoch 617/800, Loss: 1.354565400201307
2024-06-19 10:40:36 - INFO - Epoch 618/800, Loss: 1.429023863131856
2024-06-19 10:40:56 - INFO - Epoch 619/800, Loss: 1.298288858469375
2024-06-19 10:41:16 - INFO - Epoch 620/800, Loss: 1.317201688954262
2024-06-19 10:41:36 - INFO - Epoch 621/800, Loss: 1.310630669643904
2024-06-19 10:41:57 - INFO - Epoch 622/800, Loss: 1.292009288461306
2024-06-19 10:42:17 - INFO - Epoch 623/800, Loss: 1.3541931055282908
2024-06-19 10:42:36 - INFO - Epoch 624/800, Loss: 1.3318331500606513
2024-06-19 10:42:57 - INFO - Epoch 625/800, Loss: 1.3087177998368358
2024-06-19 10:43:16 - INFO - Epoch 626/800, Loss: 1.3286149566522543
2024-06-19 10:43:36 - INFO - Epoch 627/800, Loss: 1.2907855458318984
2024-06-19 10:43:56 - INFO - Epoch 628/800, Loss: 1.405125717939883
2024-06-19 10:44:16 - INFO - Epoch 629/800, Loss: 1.3078014046550823
2024-06-19 10:44:36 - INFO - Epoch 630/800, Loss: 1.3186517691826136
2024-06-19 10:44:56 - INFO - Epoch 631/800, Loss: 1.3637381982466437
2024-06-19 10:45:16 - INFO - Epoch 632/800, Loss: 1.3196156489069435
2024-06-19 10:45:36 - INFO - Epoch 633/800, Loss: 1.3279812283104324
2024-06-19 10:45:57 - INFO - Epoch 634/800, Loss: 1.3167945585927776
2024-06-19 10:46:16 - INFO - Epoch 635/800, Loss: 1.2967907999153998
2024-06-19 10:46:36 - INFO - Epoch 636/800, Loss: 1.351964373903971
2024-06-19 10:46:56 - INFO - Epoch 637/800, Loss: 1.2880785583989842
2024-06-19 10:47:16 - INFO - Epoch 638/800, Loss: 1.3409878664075072
2024-06-19 10:47:36 - INFO - Epoch 639/800, Loss: 1.3030027955879933
2024-06-19 10:47:56 - INFO - Epoch 640/800, Loss: 1.432786941885732
2024-06-19 10:48:11 - INFO - Epoch 641/800, Loss: 1.387344205772362
2024-06-19 10:48:25 - INFO - Epoch 642/800, Loss: 1.3280423495946045
2024-06-19 10:48:38 - INFO - Epoch 643/800, Loss: 1.385509022297467
2024-06-19 10:48:51 - INFO - Epoch 644/800, Loss: 1.3292154055151963
2024-06-19 10:49:04 - INFO - Epoch 645/800, Loss: 3.2278598119639255
2024-06-19 10:49:17 - INFO - Epoch 646/800, Loss: 1.3088303047072543
2024-06-19 10:49:30 - INFO - Epoch 647/800, Loss: 1.345115525571892
2024-06-19 10:49:43 - INFO - Epoch 648/800, Loss: 1.2856029260221156
2024-06-19 10:49:52 - INFO - Epoch 649/800, Loss: 2.063890975339417
2024-06-19 10:50:02 - INFO - Epoch 650/800, Loss: 1.306118962522365
2024-06-19 10:50:12 - INFO - Epoch 651/800, Loss: 1.332535783244782
2024-06-19 10:50:22 - INFO - Epoch 652/800, Loss: 1.3364100315046294
2024-06-19 10:50:32 - INFO - Epoch 653/800, Loss: 1.2902605938666514
2024-06-19 10:50:42 - INFO - Epoch 654/800, Loss: 1.2861806924532315
2024-06-19 10:50:51 - INFO - Epoch 655/800, Loss: 1.2800383844984262
2024-06-19 10:51:01 - INFO - Epoch 656/800, Loss: 1.3069306094404964
2024-06-19 10:51:11 - INFO - Epoch 657/800, Loss: 1.2949570661843341
2024-06-19 10:51:21 - INFO - Epoch 658/800, Loss: 1.3041329370107755
2024-06-19 10:51:31 - INFO - Epoch 659/800, Loss: 1.296020539685871
2024-06-19 10:51:40 - INFO - Epoch 660/800, Loss: 1.3024127378416313
2024-06-19 10:51:50 - INFO - Epoch 661/800, Loss: 1.2966651884641618
2024-06-19 10:52:00 - INFO - Epoch 662/800, Loss: 1.3300182524127717
2024-06-19 10:52:10 - INFO - Epoch 663/800, Loss: 1.3170492214864642
2024-06-19 10:52:20 - INFO - Epoch 664/800, Loss: 1.3560487469752198
2024-06-19 10:52:30 - INFO - Epoch 665/800, Loss: 1.3179713805749294
2024-06-19 10:52:39 - INFO - Epoch 666/800, Loss: 1.288913915985516
2024-06-19 10:52:49 - INFO - Epoch 667/800, Loss: 1.3467294054619916
2024-06-19 10:52:59 - INFO - Epoch 668/800, Loss: 1.2935278056162491
2024-06-19 10:53:09 - INFO - Epoch 669/800, Loss: 1.3204346628849162
2024-06-19 10:53:19 - INFO - Epoch 670/800, Loss: 1.3013102649417776
2024-06-19 10:53:28 - INFO - Epoch 671/800, Loss: 1.3216996487727564
2024-06-19 10:53:38 - INFO - Epoch 672/800, Loss: 1.2995264971045133
2024-06-19 10:53:48 - INFO - Epoch 673/800, Loss: 1.2972648433354954
2024-06-19 10:53:58 - INFO - Epoch 674/800, Loss: 1.3776142748669036
2024-06-19 10:54:08 - INFO - Epoch 675/800, Loss: 1.2988177887627488
2024-06-19 10:54:17 - INFO - Epoch 676/800, Loss: 1.2785892074412784
2024-06-19 10:54:27 - INFO - Epoch 677/800, Loss: 1.4145752965769487
2024-06-19 10:54:37 - INFO - Epoch 678/800, Loss: 1.3140008345267788
2024-06-19 10:54:47 - INFO - Epoch 679/800, Loss: 1.3058990722298152
2024-06-19 10:54:57 - INFO - Epoch 680/800, Loss: 1.2987413197133806
2024-06-19 10:55:06 - INFO - Epoch 681/800, Loss: 1.3282185345853506
2024-06-19 10:55:16 - INFO - Epoch 682/800, Loss: 1.3050443545736783
2024-06-19 10:55:26 - INFO - Epoch 683/800, Loss: 1.2981968398695516
2024-06-19 10:55:36 - INFO - Epoch 684/800, Loss: 1.391539710702903
2024-06-19 10:55:46 - INFO - Epoch 685/800, Loss: 1.3127675846420626
2024-06-19 10:55:55 - INFO - Epoch 686/800, Loss: 1.3020552984314895
2024-06-19 10:56:05 - INFO - Epoch 687/800, Loss: 1.3136180146980756
2024-06-19 10:56:15 - INFO - Epoch 688/800, Loss: 1.3331580269216454
2024-06-19 10:56:25 - INFO - Epoch 689/800, Loss: 1.3109692746117674
2024-06-19 10:56:35 - INFO - Epoch 690/800, Loss: 1.2915370671152764
2024-06-19 10:56:44 - INFO - Epoch 691/800, Loss: 1.303586597417802
2024-06-19 10:56:54 - INFO - Epoch 692/800, Loss: 1.2984032323158408
2024-06-19 10:57:04 - INFO - Epoch 693/800, Loss: 1.325868253389152
2024-06-19 10:57:14 - INFO - Epoch 694/800, Loss: 1.3063431096997924
2024-06-19 10:57:24 - INFO - Epoch 695/800, Loss: 1.2940406447667565
2024-06-19 10:57:33 - INFO - Epoch 696/800, Loss: 1.3477189919442438
2024-06-19 10:57:43 - INFO - Epoch 697/800, Loss: 1.3232865037764265
2024-06-19 10:57:53 - INFO - Epoch 698/800, Loss: 1.307720533326287
2024-06-19 10:58:03 - INFO - Epoch 699/800, Loss: 1.2932899390637655
2024-06-19 10:58:13 - INFO - Epoch 700/800, Loss: 1.3147146416215814
2024-06-19 10:58:22 - INFO - Epoch 701/800, Loss: 1.3201362579328126
2024-06-19 10:58:32 - INFO - Epoch 702/800, Loss: 1.3152795832498367
2024-06-19 10:58:42 - INFO - Epoch 703/800, Loss: 1.321984594183997
2024-06-19 10:58:52 - INFO - Epoch 704/800, Loss: 1.3610152957917412
2024-06-19 10:59:02 - INFO - Epoch 705/800, Loss: 1.3384336909339922
2024-06-19 10:59:11 - INFO - Epoch 706/800, Loss: 1.317011040368517
2024-06-19 10:59:21 - INFO - Epoch 707/800, Loss: 1.323301129298347
2024-06-19 10:59:31 - INFO - Epoch 708/800, Loss: 1.4268421930830797
2024-06-19 10:59:41 - INFO - Epoch 709/800, Loss: 1.347903570448156
2024-06-19 10:59:51 - INFO - Epoch 710/800, Loss: 1.3020352403275408
2024-06-19 11:00:00 - INFO - Epoch 711/800, Loss: 1.3003324522763977
2024-06-19 11:00:10 - INFO - Epoch 712/800, Loss: 1.3344945170604186
2024-06-19 11:00:20 - INFO - Epoch 713/800, Loss: 1.316350989066224
2024-06-19 11:00:30 - INFO - Epoch 714/800, Loss: 1.3031572640643139
2024-06-19 11:00:40 - INFO - Epoch 715/800, Loss: 1.3028668262733218
2024-06-19 11:00:49 - INFO - Epoch 716/800, Loss: 1.2926895819309672
2024-06-19 11:00:59 - INFO - Epoch 717/800, Loss: 1.3030691589985754
2024-06-19 11:01:09 - INFO - Epoch 718/800, Loss: 1.298586763046401
2024-06-19 11:01:19 - INFO - Epoch 719/800, Loss: 1.30851928196054
2024-06-19 11:01:29 - INFO - Epoch 720/800, Loss: 1.3378490351214267
2024-06-19 11:01:38 - INFO - Epoch 721/800, Loss: 1.2949088534700186
2024-06-19 11:01:48 - INFO - Epoch 722/800, Loss: 1.3342592574859304
2024-06-19 11:01:58 - INFO - Epoch 723/800, Loss: 1.4480179101886739
2024-06-19 11:02:08 - INFO - Epoch 724/800, Loss: 1.3020450682540998
2024-06-19 11:02:18 - INFO - Epoch 725/800, Loss: 1.3144919104513606
2024-06-19 11:02:28 - INFO - Epoch 726/800, Loss: 1.3290829429210649
2024-06-19 11:02:37 - INFO - Epoch 727/800, Loss: 1.3265855996693958
2024-06-19 11:02:47 - INFO - Epoch 728/800, Loss: 1.3398072419680573
2024-06-19 11:02:57 - INFO - Epoch 729/800, Loss: 1.305651199522308
2024-06-19 11:03:07 - INFO - Epoch 730/800, Loss: 1.3252921036162735
2024-06-19 11:03:17 - INFO - Epoch 731/800, Loss: 1.306742139271112
2024-06-19 11:03:27 - INFO - Epoch 732/800, Loss: 1.3553623561336756
2024-06-19 11:03:36 - INFO - Epoch 733/800, Loss: 1.3359063584197324
2024-06-19 11:03:46 - INFO - Epoch 734/800, Loss: 1.321655436954765
2024-06-19 11:03:56 - INFO - Epoch 735/800, Loss: 1.3095483752173183
2024-06-19 11:04:06 - INFO - Epoch 736/800, Loss: 1.3126645250832005
2024-06-19 11:04:15 - INFO - Epoch 737/800, Loss: 1.317126928648955
2024-06-19 11:04:25 - INFO - Epoch 738/800, Loss: 1.293876029000712
2024-06-19 11:04:35 - INFO - Epoch 739/800, Loss: 1.3037719633136728
2024-06-19 11:04:45 - INFO - Epoch 740/800, Loss: 1.4462566875942646
2024-06-19 11:04:55 - INFO - Epoch 741/800, Loss: 1.3317263699063295
2024-06-19 11:05:05 - INFO - Epoch 742/800, Loss: 1.347230255878083
2024-06-19 11:05:14 - INFO - Epoch 743/800, Loss: 1.33220715505699
2024-06-19 11:05:24 - INFO - Epoch 744/800, Loss: 1.3013107639883361
2024-06-19 11:05:34 - INFO - Epoch 745/800, Loss: 1.3026261137673663
2024-06-19 11:05:44 - INFO - Epoch 746/800, Loss: 1.2990472927611283
2024-06-19 11:05:54 - INFO - Epoch 747/800, Loss: 1.3191238494618238
2024-06-19 11:06:03 - INFO - Epoch 748/800, Loss: 1.2968091814885805
2024-06-19 11:06:13 - INFO - Epoch 749/800, Loss: 1.3272011319762997
2024-06-19 11:06:23 - INFO - Epoch 750/800, Loss: 1.3026010555160243
2024-06-19 11:06:33 - INFO - Epoch 751/800, Loss: 1.301372735762881
2024-06-19 11:06:43 - INFO - Epoch 752/800, Loss: 1.2910660372886211
2024-06-19 11:06:53 - INFO - Epoch 753/800, Loss: 1.3478623748972665
2024-06-19 11:07:02 - INFO - Epoch 754/800, Loss: 1.3101769584561693
2024-06-19 11:07:12 - INFO - Epoch 755/800, Loss: 1.3388504208876975
2024-06-19 11:07:22 - INFO - Epoch 756/800, Loss: 1.2941447600312952
2024-06-19 11:07:32 - INFO - Epoch 757/800, Loss: 1.2791167974516375
2024-06-19 11:07:42 - INFO - Epoch 758/800, Loss: 1.2840447880059989
2024-06-19 11:07:51 - INFO - Epoch 759/800, Loss: 1.3105988135559703
2024-06-19 11:08:01 - INFO - Epoch 760/800, Loss: 1.302935219684339
2024-06-19 11:08:11 - INFO - Epoch 761/800, Loss: 1.3616198884672253
2024-06-19 11:08:21 - INFO - Epoch 762/800, Loss: 1.2867484882121383
2024-06-19 11:08:31 - INFO - Epoch 763/800, Loss: 1.7002306271978032
2024-06-19 11:08:41 - INFO - Epoch 764/800, Loss: 1.3588823612911156
2024-06-19 11:08:50 - INFO - Epoch 765/800, Loss: 1.2982648909465986
2024-06-19 11:09:00 - INFO - Epoch 766/800, Loss: 1.299399492847356
2024-06-19 11:09:10 - INFO - Epoch 767/800, Loss: 1.3499775993626182
2024-06-19 11:09:20 - INFO - Epoch 768/800, Loss: 1.2884120456855321
2024-06-19 11:09:30 - INFO - Epoch 769/800, Loss: 1.3176498200412088
2024-06-19 11:09:40 - INFO - Epoch 770/800, Loss: 1.323983842384664
2024-06-19 11:09:49 - INFO - Epoch 771/800, Loss: 1.3149668021564043
2024-06-19 11:09:59 - INFO - Epoch 772/800, Loss: 1.431445052134261
2024-06-19 11:10:09 - INFO - Epoch 773/800, Loss: 1.3088997194542356
2024-06-19 11:10:19 - INFO - Epoch 774/800, Loss: 1.373798481707559
2024-06-19 11:10:29 - INFO - Epoch 775/800, Loss: 1.2829250123041676
2024-06-19 11:10:38 - INFO - Epoch 776/800, Loss: 1.3113650119615523
2024-06-19 11:10:48 - INFO - Epoch 777/800, Loss: 1.3658931997150068
2024-06-19 11:10:58 - INFO - Epoch 778/800, Loss: 1.2929944433948959
2024-06-19 11:11:08 - INFO - Epoch 779/800, Loss: 1.3060332045796492
2024-06-19 11:11:18 - INFO - Epoch 780/800, Loss: 1.3320220882787435
2024-06-19 11:11:28 - INFO - Epoch 781/800, Loss: 1.3267635525406107
2024-06-19 11:11:37 - INFO - Epoch 782/800, Loss: 1.3485826751108931
2024-06-19 11:11:47 - INFO - Epoch 783/800, Loss: 1.3118117811102108
2024-06-19 11:11:57 - INFO - Epoch 784/800, Loss: 1.3105553881809955
2024-06-19 11:12:07 - INFO - Epoch 785/800, Loss: 1.315807629278812
2024-06-19 11:12:17 - INFO - Epoch 786/800, Loss: 1.3399344393439314
2024-06-19 11:12:27 - INFO - Epoch 787/800, Loss: 1.4188235837706284
2024-06-19 11:12:36 - INFO - Epoch 788/800, Loss: 1.3008111397331132
2024-06-19 11:12:46 - INFO - Epoch 789/800, Loss: 1.2887946822368102
2024-06-19 11:12:56 - INFO - Epoch 790/800, Loss: 1.3410785578259508
2024-06-19 11:13:06 - INFO - Epoch 791/800, Loss: 1.342222699309772
2024-06-19 11:13:16 - INFO - Epoch 792/800, Loss: 1.2875706498822268
2024-06-19 11:13:25 - INFO - Epoch 793/800, Loss: 1.3129081414821218
2024-06-19 11:13:35 - INFO - Epoch 794/800, Loss: 1.3163063223378704
2024-06-19 11:13:45 - INFO - Epoch 795/800, Loss: 1.3057655589282304
2024-06-19 11:13:55 - INFO - Epoch 796/800, Loss: 1.295682215044501
2024-06-19 11:14:05 - INFO - Epoch 797/800, Loss: 1.3226079909321498
2024-06-19 11:14:15 - INFO - Epoch 798/800, Loss: 1.3021604246781338
2024-06-19 11:14:22 - INFO - Epoch 799/800, Loss: 1.3391628908943676
2024-06-19 11:14:30 - INFO - Epoch 800/800, Loss: 1.312393736468445
2024-06-19 11:14:30 - INFO - Finished training model.
2024-06-19 11:14:30 - INFO - 
Generated Code:
2024-06-19 11:14:30 - INFO - float e = FLOAT_LITERAL + FLOAT_LITERAL ; float e = FLOAT_LITERAL + FLOAT_LITERAL ; return h ; } else { float e = FLOAT_LITERAL + FLOAT_LITERAL ; float e = FLOAT_LITERAL + FLOAT_LITERAL ; float e = FLOAT_LITERAL + FLOAT_LITERAL ; float e = FLOAT_LITERAL + FLOAT_LITERAL ; return h ; } else { float e = FLOAT_LITERAL + FLOAT_LITERAL ; float e = FLOAT_LITERAL + FLOAT_LITERAL ; float e = FLOAT_LITERAL + FLOAT_LITERAL ; float e = FLOAT_LITERAL + FLOAT_LITERAL ; return h ; } else { float e = FLOAT_LITERAL + FLOAT_LITERAL ; float e = FLOAT_LITERAL +
2024-06-19 11:14:30 - INFO - Finished training LSTM model.
