2024-06-27 00:45:04 - INFO - This log entry will go into a uniquely named file for this run.
2024-06-27 00:45:04 - INFO - Params:
2024-06-27 00:45:04 - INFO - embedding_dim=64
2024-06-27 00:45:04 - INFO - hidden_dim:128
2024-06-27 00:45:04 - INFO - num_layers:2
2024-06-27 00:45:04 - INFO - epochs:300
2024-06-27 00:45:04 - INFO - batch_size:64
2024-06-27 00:45:04 - INFO - lr:0.001
2024-06-27 00:45:08 - INFO - Starting LSTM model training...
2024-06-27 00:45:10 - INFO - Epoch: 1/300, Training Loss: 0.6928170488453379
2024-06-27 00:45:11 - INFO - Epoch: 1/300, Validation Loss: 0.6920378178942437, Accuracy: 52.436408213300645%
2024-06-27 00:45:13 - INFO - Epoch: 2/300, Training Loss: 0.6924475298500529
2024-06-27 00:45:13 - INFO - Epoch: 2/300, Validation Loss: 0.6920749726248723, Accuracy: 52.436408213300645%
2024-06-27 00:45:15 - INFO - Epoch: 3/300, Training Loss: 0.6923668960145876
2024-06-27 00:45:16 - INFO - Epoch: 3/300, Validation Loss: 0.6920657543575063, Accuracy: 52.436408213300645%
2024-06-27 00:45:18 - INFO - Epoch: 4/300, Training Loss: 0.6922927307439786
2024-06-27 00:45:19 - INFO - Epoch: 4/300, Validation Loss: 0.6920705870086071, Accuracy: 52.436408213300645%
2024-06-27 00:45:22 - INFO - Epoch: 5/300, Training Loss: 0.6922830299419516
2024-06-27 00:45:22 - INFO - Epoch: 5/300, Validation Loss: 0.6920509583809796, Accuracy: 52.436408213300645%
2024-06-27 00:45:26 - INFO - Epoch: 6/300, Training Loss: 0.6922911075400371
2024-06-27 00:45:27 - INFO - Epoch: 6/300, Validation Loss: 0.6920374053366044, Accuracy: 52.436408213300645%
2024-06-27 00:45:32 - INFO - Epoch: 7/300, Training Loss: 0.6921738926686493
2024-06-27 00:45:33 - INFO - Epoch: 7/300, Validation Loss: 0.691984659316493, Accuracy: 52.436408213300645%
2024-06-27 00:45:38 - INFO - Epoch: 8/300, Training Loss: 0.6921674411963014
2024-06-27 00:45:39 - INFO - Epoch: 8/300, Validation Loss: 0.6920647697121489, Accuracy: 52.49770150168557%
2024-06-27 00:45:44 - INFO - Epoch: 9/300, Training Loss: 0.6915641397822136
2024-06-27 00:45:44 - INFO - Epoch: 9/300, Validation Loss: 0.6875540801123077, Accuracy: 54.73490652773521%
2024-06-27 00:45:50 - INFO - Epoch: 10/300, Training Loss: 0.6855819009098352
2024-06-27 00:45:50 - INFO - Epoch: 10/300, Validation Loss: 0.6803979610695559, Accuracy: 56.129328838492185%
2024-06-27 00:45:56 - INFO - Epoch: 11/300, Training Loss: 0.6905679996399319
2024-06-27 00:45:56 - INFO - Epoch: 11/300, Validation Loss: 0.6893699367841085, Accuracy: 53.47839411584432%
2024-06-27 00:46:02 - INFO - Epoch: 12/300, Training Loss: 0.6469523293130538
2024-06-27 00:46:02 - INFO - Epoch: 12/300, Validation Loss: 0.6368464739883647, Accuracy: 60.772295433650015%
2024-06-27 00:46:07 - INFO - Epoch: 13/300, Training Loss: 0.615571924868752
2024-06-27 00:46:08 - INFO - Epoch: 13/300, Validation Loss: 0.6055659350811267, Accuracy: 63.377260190009196%
2024-06-27 00:46:14 - INFO - Epoch: 14/300, Training Loss: 0.5958261210836616
2024-06-27 00:46:14 - INFO - Epoch: 14/300, Validation Loss: 0.5975074800206166, Accuracy: 63.22402696904689%
2024-06-27 00:46:20 - INFO - Epoch: 15/300, Training Loss: 0.581762514643225
2024-06-27 00:46:20 - INFO - Epoch: 15/300, Validation Loss: 0.5909890713644963, Accuracy: 64.67974256818879%
2024-06-27 00:46:25 - INFO - Epoch: 16/300, Training Loss: 0.5572271141789708
2024-06-27 00:46:26 - INFO - Epoch: 16/300, Validation Loss: 0.5543560785990135, Accuracy: 67.52988047808765%
2024-06-27 00:46:31 - INFO - Epoch: 17/300, Training Loss: 0.5398159855428863
2024-06-27 00:46:32 - INFO - Epoch: 17/300, Validation Loss: 0.5273636608731513, Accuracy: 67.95893349678211%
2024-06-27 00:46:37 - INFO - Epoch: 18/300, Training Loss: 0.4993017137634988
2024-06-27 00:46:38 - INFO - Epoch: 18/300, Validation Loss: 0.5010671098442638, Accuracy: 69.53723567269384%
2024-06-27 00:46:43 - INFO - Epoch: 19/300, Training Loss: 0.4749886937731621
2024-06-27 00:46:44 - INFO - Epoch: 19/300, Validation Loss: 0.4597616552137861, Accuracy: 72.21881703953417%
2024-06-27 00:46:49 - INFO - Epoch: 20/300, Training Loss: 0.4478587170734125
2024-06-27 00:46:50 - INFO - Epoch: 20/300, Validation Loss: 0.44970308098138545, Accuracy: 72.95433650015323%
2024-06-27 00:46:55 - INFO - Epoch: 21/300, Training Loss: 0.42737357749366295
2024-06-27 00:46:56 - INFO - Epoch: 21/300, Validation Loss: 0.4419992019732793, Accuracy: 74.24149555623659%
2024-06-27 00:47:01 - INFO - Epoch: 22/300, Training Loss: 0.40669046415417803
2024-06-27 00:47:02 - INFO - Epoch: 22/300, Validation Loss: 0.40030190757676665, Accuracy: 74.7011952191235%
2024-06-27 00:47:07 - INFO - Epoch: 23/300, Training Loss: 0.3838742208466226
2024-06-27 00:47:08 - INFO - Epoch: 23/300, Validation Loss: 0.38522451005729974, Accuracy: 75.46736132393502%
2024-06-27 00:47:13 - INFO - Epoch: 24/300, Training Loss: 0.36849783167389094
2024-06-27 00:47:14 - INFO - Epoch: 24/300, Validation Loss: 0.38554726774786036, Accuracy: 76.17223414036162%
2024-06-27 00:47:19 - INFO - Epoch: 25/300, Training Loss: 0.35533802068847065
2024-06-27 00:47:20 - INFO - Epoch: 25/300, Validation Loss: 0.35595214220823024, Accuracy: 76.662580447441%
2024-06-27 00:47:25 - INFO - Epoch: 26/300, Training Loss: 0.3431759450365515
2024-06-27 00:47:26 - INFO - Epoch: 26/300, Validation Loss: 0.34624146728539, Accuracy: 76.76984370211461%
2024-06-27 00:47:31 - INFO - Epoch: 27/300, Training Loss: 0.33260512249726876
2024-06-27 00:47:31 - INFO - Epoch: 27/300, Validation Loss: 0.33958547226354185, Accuracy: 76.52467054857493%
2024-06-27 00:47:37 - INFO - Epoch: 28/300, Training Loss: 0.32528620063528124
2024-06-27 00:47:37 - INFO - Epoch: 28/300, Validation Loss: 0.3309389555863306, Accuracy: 76.84646031259577%
2024-06-27 00:47:43 - INFO - Epoch: 29/300, Training Loss: 0.31276362341846903
2024-06-27 00:47:43 - INFO - Epoch: 29/300, Validation Loss: 0.31851988870139214, Accuracy: 76.96904688936561%
2024-06-27 00:47:49 - INFO - Epoch: 30/300, Training Loss: 0.3055942257610606
2024-06-27 00:47:49 - INFO - Epoch: 30/300, Validation Loss: 0.3178007775077633, Accuracy: 76.76984370211461%
2024-06-27 00:47:55 - INFO - Epoch: 31/300, Training Loss: 0.3010438163856081
2024-06-27 00:47:55 - INFO - Epoch: 31/300, Validation Loss: 0.3098231742487234, Accuracy: 77.33680661967514%
2024-06-27 00:48:01 - INFO - Epoch: 32/300, Training Loss: 0.30067663957529206
2024-06-27 00:48:01 - INFO - Epoch: 32/300, Validation Loss: 0.3100904980126549, Accuracy: 77.3674532638676%
2024-06-27 00:48:07 - INFO - Epoch: 33/300, Training Loss: 0.2955828013592491
2024-06-27 00:48:07 - INFO - Epoch: 33/300, Validation Loss: 0.3114548611874674, Accuracy: 77.03034017775053%
2024-06-27 00:48:13 - INFO - Epoch: 34/300, Training Loss: 0.28844926897071155
2024-06-27 00:48:13 - INFO - Epoch: 34/300, Validation Loss: 0.30287838741844775, Accuracy: 76.63193380324854%
2024-06-27 00:48:19 - INFO - Epoch: 35/300, Training Loss: 0.2907115506263925
2024-06-27 00:48:19 - INFO - Epoch: 35/300, Validation Loss: 0.3440031003133923, Accuracy: 76.80049034630709%
2024-06-27 00:48:25 - INFO - Epoch: 36/300, Training Loss: 0.28379447805676977
2024-06-27 00:48:25 - INFO - Epoch: 36/300, Validation Loss: 0.30749352174062355, Accuracy: 77.85779957094698%
2024-06-27 00:48:31 - INFO - Epoch: 37/300, Training Loss: 0.278621012637136
2024-06-27 00:48:31 - INFO - Epoch: 37/300, Validation Loss: 0.29809732837419883, Accuracy: 77.2142200429053%
2024-06-27 00:48:36 - INFO - Epoch: 38/300, Training Loss: 0.2810885153856932
2024-06-27 00:48:37 - INFO - Epoch: 38/300, Validation Loss: 0.2984008919082436, Accuracy: 77.12228011032792%
2024-06-27 00:48:43 - INFO - Epoch: 39/300, Training Loss: 0.27468880211167473
2024-06-27 00:48:43 - INFO - Epoch: 39/300, Validation Loss: 0.29957733537052195, Accuracy: 76.38676064970886%
2024-06-27 00:48:48 - INFO - Epoch: 40/300, Training Loss: 0.27449315596444934
2024-06-27 00:48:49 - INFO - Epoch: 40/300, Validation Loss: 0.30249322088910086, Accuracy: 76.46337726019001%
2024-06-27 00:48:54 - INFO - Epoch: 41/300, Training Loss: 0.27132784107736513
2024-06-27 00:48:55 - INFO - Epoch: 41/300, Validation Loss: 0.2940058055169442, Accuracy: 75.98835427520686%
2024-06-27 00:49:00 - INFO - Epoch: 42/300, Training Loss: 0.27186279316597123
2024-06-27 00:49:01 - INFO - Epoch: 42/300, Validation Loss: 0.3210036124961049, Accuracy: 76.04964756359179%
2024-06-27 00:49:06 - INFO - Epoch: 43/300, Training Loss: 0.28496401742392896
2024-06-27 00:49:07 - INFO - Epoch: 43/300, Validation Loss: 0.2978409286223206, Accuracy: 76.34079068342017%
2024-06-27 00:49:12 - INFO - Epoch: 44/300, Training Loss: 0.2698232228045954
2024-06-27 00:49:13 - INFO - Epoch: 44/300, Validation Loss: 0.2981666902116701, Accuracy: 75.65124118908979%
2024-06-27 00:49:18 - INFO - Epoch: 45/300, Training Loss: 0.26774240716123116
2024-06-27 00:49:19 - INFO - Epoch: 45/300, Validation Loss: 0.31035755297132567, Accuracy: 76.60128715905608%
2024-06-27 00:49:24 - INFO - Epoch: 46/300, Training Loss: 0.269247040335162
2024-06-27 00:49:25 - INFO - Epoch: 46/300, Validation Loss: 0.3024440036684859, Accuracy: 75.98835427520686%
2024-06-27 00:49:30 - INFO - Epoch: 47/300, Training Loss: 0.26818944473623063
2024-06-27 00:49:31 - INFO - Epoch: 47/300, Validation Loss: 0.3057188112653938, Accuracy: 76.29482071713147%
2024-06-27 00:49:36 - INFO - Epoch: 48/300, Training Loss: 0.266125767984811
2024-06-27 00:49:37 - INFO - Epoch: 48/300, Validation Loss: 0.2966903770963351, Accuracy: 75.69721115537848%
2024-06-27 00:49:42 - INFO - Epoch: 49/300, Training Loss: 0.27236800224465485
2024-06-27 00:49:43 - INFO - Epoch: 49/300, Validation Loss: 0.30358846865448297, Accuracy: 75.81979773214833%
2024-06-27 00:49:48 - INFO - Epoch: 50/300, Training Loss: 0.2688759337818506
2024-06-27 00:49:49 - INFO - Epoch: 50/300, Validation Loss: 0.3132194039576194, Accuracy: 75.74318112166718%
2024-06-27 00:49:54 - INFO - Epoch: 51/300, Training Loss: 0.2655102646745303
2024-06-27 00:49:55 - INFO - Epoch: 51/300, Validation Loss: 0.30097726265005037, Accuracy: 75.92706098682194%
2024-06-27 00:50:00 - INFO - Epoch: 52/300, Training Loss: 0.2672646793299446
2024-06-27 00:50:01 - INFO - Epoch: 52/300, Validation Loss: 0.301080212143122, Accuracy: 76.73919705792215%
2024-06-27 00:50:06 - INFO - Epoch: 53/300, Training Loss: 0.2677748510248813
2024-06-27 00:50:07 - INFO - Epoch: 53/300, Validation Loss: 0.30238725098909114, Accuracy: 75.32945142506895%
2024-06-27 00:50:12 - INFO - Epoch: 54/300, Training Loss: 0.2620881194723587
2024-06-27 00:50:13 - INFO - Epoch: 54/300, Validation Loss: 0.30539662157203634, Accuracy: 75.8044744100521%
2024-06-27 00:50:18 - INFO - Epoch: 55/300, Training Loss: 0.26831779917519466
2024-06-27 00:50:19 - INFO - Epoch: 55/300, Validation Loss: 0.30355027157301995, Accuracy: 75.13024823781795%
2024-06-27 00:50:24 - INFO - Epoch: 56/300, Training Loss: 0.26043270751103464
2024-06-27 00:50:25 - INFO - Epoch: 56/300, Validation Loss: 0.30158267024100993, Accuracy: 74.76248850750842%
2024-06-27 00:50:30 - INFO - Epoch: 57/300, Training Loss: 0.258750551617613
2024-06-27 00:50:31 - INFO - Epoch: 57/300, Validation Loss: 0.3068631503219698, Accuracy: 74.7931351517009%
2024-06-27 00:50:36 - INFO - Epoch: 58/300, Training Loss: 0.2631464028256197
2024-06-27 00:50:36 - INFO - Epoch: 58/300, Validation Loss: 0.3102422323004872, Accuracy: 74.80845847379712%
2024-06-27 00:50:42 - INFO - Epoch: 59/300, Training Loss: 0.25892371490743815
2024-06-27 00:50:42 - INFO - Epoch: 59/300, Validation Loss: 0.3056248563761805, Accuracy: 74.47134538768005%
2024-06-27 00:50:48 - INFO - Epoch: 60/300, Training Loss: 0.25964184313574257
2024-06-27 00:50:48 - INFO - Epoch: 60/300, Validation Loss: 0.3078741029489274, Accuracy: 74.28746552252528%
2024-06-27 00:50:53 - INFO - Epoch: 61/300, Training Loss: 0.2604135734339555
2024-06-27 00:50:54 - INFO - Epoch: 61/300, Validation Loss: 0.3125429100850049, Accuracy: 74.16487894575543%
2024-06-27 00:50:59 - INFO - Epoch: 62/300, Training Loss: 0.2579469023381962
2024-06-27 00:51:00 - INFO - Epoch: 62/300, Validation Loss: 0.31556308313327674, Accuracy: 73.81244253754214%
2024-06-27 00:51:05 - INFO - Epoch: 63/300, Training Loss: 0.2644912395261082
2024-06-27 00:51:06 - INFO - Epoch: 63/300, Validation Loss: 0.3160665017717025, Accuracy: 74.31811216671774%
2024-06-27 00:51:11 - INFO - Epoch: 64/300, Training Loss: 0.25492198049437764
2024-06-27 00:51:12 - INFO - Epoch: 64/300, Validation Loss: 0.31195418171438516, Accuracy: 73.96567575850445%
2024-06-27 00:51:17 - INFO - Epoch: 65/300, Training Loss: 0.2549502107442594
2024-06-27 00:51:18 - INFO - Epoch: 65/300, Validation Loss: 0.30681969137752757, Accuracy: 73.95035243640821%
2024-06-27 00:51:23 - INFO - Epoch: 66/300, Training Loss: 0.25327852448704197
2024-06-27 00:51:24 - INFO - Epoch: 66/300, Validation Loss: 0.31947775258153094, Accuracy: 73.95035243640821%
2024-06-27 00:51:29 - INFO - Epoch: 67/300, Training Loss: 0.25754304953357754
2024-06-27 00:51:30 - INFO - Epoch: 67/300, Validation Loss: 0.3193695385958634, Accuracy: 73.81244253754214%
2024-06-27 00:51:35 - INFO - Epoch: 68/300, Training Loss: 0.25252581217928843
2024-06-27 00:51:36 - INFO - Epoch: 68/300, Validation Loss: 0.32694318583782983, Accuracy: 73.93502911431199%
2024-06-27 00:51:41 - INFO - Epoch: 69/300, Training Loss: 0.2529628964177534
2024-06-27 00:51:42 - INFO - Epoch: 69/300, Validation Loss: 0.3201036944108851, Accuracy: 73.98099908060067%
2024-06-27 00:51:47 - INFO - Epoch: 70/300, Training Loss: 0.26117291878543647
2024-06-27 00:51:48 - INFO - Epoch: 70/300, Validation Loss: 0.31629840109278173, Accuracy: 73.4906527735213%
2024-06-27 00:51:53 - INFO - Epoch: 71/300, Training Loss: 0.2588633196976255
2024-06-27 00:51:54 - INFO - Epoch: 71/300, Validation Loss: 0.32051341016502943, Accuracy: 73.50597609561753%
2024-06-27 00:51:59 - INFO - Epoch: 72/300, Training Loss: 0.25379895837064465
2024-06-27 00:52:00 - INFO - Epoch: 72/300, Validation Loss: 0.3310915726949187, Accuracy: 73.62856267238737%
2024-06-27 00:52:05 - INFO - Epoch: 73/300, Training Loss: 0.25617275960451247
2024-06-27 00:52:06 - INFO - Epoch: 73/300, Validation Loss: 0.32391004410444524, Accuracy: 73.35274287465522%
2024-06-27 00:52:11 - INFO - Epoch: 74/300, Training Loss: 0.2514230178340393
2024-06-27 00:52:12 - INFO - Epoch: 74/300, Validation Loss: 0.35303326316323935, Accuracy: 73.82776585963838%
2024-06-27 00:52:17 - INFO - Epoch: 75/300, Training Loss: 0.25307260910231694
2024-06-27 00:52:18 - INFO - Epoch: 75/300, Validation Loss: 0.32822496853038374, Accuracy: 73.2914495862703%
2024-06-27 00:52:23 - INFO - Epoch: 76/300, Training Loss: 0.24992126942265266
2024-06-27 00:52:24 - INFO - Epoch: 76/300, Validation Loss: 0.3287101269644849, Accuracy: 72.86239656757586%
2024-06-27 00:52:29 - INFO - Epoch: 77/300, Training Loss: 0.2484988204623554
2024-06-27 00:52:30 - INFO - Epoch: 77/300, Validation Loss: 0.3358350794981508, Accuracy: 72.7857799570947%
2024-06-27 00:52:35 - INFO - Epoch: 78/300, Training Loss: 0.25113686543031066
2024-06-27 00:52:36 - INFO - Epoch: 78/300, Validation Loss: 0.3368099480867386, Accuracy: 72.89304321176832%
2024-06-27 00:52:41 - INFO - Epoch: 79/300, Training Loss: 0.2549964209068932
2024-06-27 00:52:42 - INFO - Epoch: 79/300, Validation Loss: 0.333896647773537, Accuracy: 73.21483297578915%
2024-06-27 00:52:47 - INFO - Epoch: 80/300, Training Loss: 0.25218678762515384
2024-06-27 00:52:48 - INFO - Epoch: 80/300, Validation Loss: 0.35014892004284204, Accuracy: 72.66319338032486%
2024-06-27 00:52:53 - INFO - Epoch: 81/300, Training Loss: 0.2489986752762514
2024-06-27 00:52:54 - INFO - Epoch: 81/300, Validation Loss: 0.3436424469246584, Accuracy: 72.80110327919093%
2024-06-27 00:52:59 - INFO - Epoch: 82/300, Training Loss: 0.24557088673406957
2024-06-27 00:53:00 - INFO - Epoch: 82/300, Validation Loss: 0.3512449929235028, Accuracy: 71.94299724180202%
2024-06-27 00:53:05 - INFO - Epoch: 83/300, Training Loss: 0.24587202059360697
2024-06-27 00:53:06 - INFO - Epoch: 83/300, Validation Loss: 0.35065411381861744, Accuracy: 72.24946368372663%
2024-06-27 00:53:11 - INFO - Epoch: 84/300, Training Loss: 0.2508046633983944
2024-06-27 00:53:12 - INFO - Epoch: 84/300, Validation Loss: 0.3481140203920065, Accuracy: 72.20349371743794%
2024-06-27 00:53:17 - INFO - Epoch: 85/300, Training Loss: 0.24815510217027337
2024-06-27 00:53:18 - INFO - Epoch: 85/300, Validation Loss: 0.3439374606983334, Accuracy: 71.97364388599448%
2024-06-27 00:53:23 - INFO - Epoch: 86/300, Training Loss: 0.24922765714719014
2024-06-27 00:53:23 - INFO - Epoch: 86/300, Validation Loss: 0.3549845757729867, Accuracy: 72.96965982224947%
2024-06-27 00:53:29 - INFO - Epoch: 87/300, Training Loss: 0.2501059464160718
2024-06-27 00:53:29 - INFO - Epoch: 87/300, Validation Loss: 0.35394685671609993, Accuracy: 71.75911737664725%
2024-06-27 00:53:35 - INFO - Epoch: 88/300, Training Loss: 0.2474761140331918
2024-06-27 00:53:35 - INFO - Epoch: 88/300, Validation Loss: 0.3531560008140171, Accuracy: 71.7284707324548%
2024-06-27 00:53:41 - INFO - Epoch: 89/300, Training Loss: 0.2493857772399982
2024-06-27 00:53:41 - INFO - Epoch: 89/300, Validation Loss: 0.36009931096843645, Accuracy: 71.78976402083971%
2024-06-27 00:53:47 - INFO - Epoch: 90/300, Training Loss: 0.24438709190444036
2024-06-27 00:53:47 - INFO - Epoch: 90/300, Validation Loss: 0.3584754277093738, Accuracy: 71.46797425681888%
2024-06-27 00:53:53 - INFO - Epoch: 91/300, Training Loss: 0.24188036197686896
2024-06-27 00:53:53 - INFO - Epoch: 91/300, Validation Loss: 0.366798505625304, Accuracy: 71.80508734293595%
2024-06-27 00:53:59 - INFO - Epoch: 92/300, Training Loss: 0.24367436547489726
2024-06-27 00:53:59 - INFO - Epoch: 92/300, Validation Loss: 0.3669475740661808, Accuracy: 71.3300643579528%
2024-06-27 00:54:05 - INFO - Epoch: 93/300, Training Loss: 0.24961604415347763
2024-06-27 00:54:05 - INFO - Epoch: 93/300, Validation Loss: 0.3692419127214189, Accuracy: 71.3300643579528%
2024-06-27 00:54:11 - INFO - Epoch: 94/300, Training Loss: 0.24512733824039792
2024-06-27 00:54:11 - INFO - Epoch: 94/300, Validation Loss: 0.3805740948985605, Accuracy: 71.46797425681888%
2024-06-27 00:54:17 - INFO - Epoch: 95/300, Training Loss: 0.24837999316115006
2024-06-27 00:54:17 - INFO - Epoch: 95/300, Validation Loss: 0.3743913800400846, Accuracy: 71.3760343242415%
2024-06-27 00:54:23 - INFO - Epoch: 96/300, Training Loss: 0.24498710573157845
2024-06-27 00:54:23 - INFO - Epoch: 96/300, Validation Loss: 0.37054088901655347, Accuracy: 71.34538768004903%
2024-06-27 00:54:28 - INFO - Epoch: 97/300, Training Loss: 0.24182208903206914
2024-06-27 00:54:29 - INFO - Epoch: 97/300, Validation Loss: 0.3825109190508431, Accuracy: 70.96230462764328%
2024-06-27 00:54:34 - INFO - Epoch: 98/300, Training Loss: 0.23945970278160245
2024-06-27 00:54:35 - INFO - Epoch: 98/300, Validation Loss: 0.39193638983894796, Accuracy: 70.91633466135458%
2024-06-27 00:54:40 - INFO - Epoch: 99/300, Training Loss: 0.24055312163032153
2024-06-27 00:54:41 - INFO - Epoch: 99/300, Validation Loss: 0.38120123685574997, Accuracy: 71.0235979160282%
2024-06-27 00:54:46 - INFO - Epoch: 100/300, Training Loss: 0.2406295238829711
2024-06-27 00:54:47 - INFO - Epoch: 100/300, Validation Loss: 0.3859295028389669, Accuracy: 70.71713147410358%
2024-06-27 00:54:52 - INFO - Epoch: 101/300, Training Loss: 0.23785492089376145
2024-06-27 00:54:53 - INFO - Epoch: 101/300, Validation Loss: 0.40004263891308917, Accuracy: 70.74777811829604%
2024-06-27 00:54:58 - INFO - Epoch: 102/300, Training Loss: 0.23891649355052733
2024-06-27 00:54:59 - INFO - Epoch: 102/300, Validation Loss: 0.3925762253941274, Accuracy: 70.70180815200736%
2024-06-27 00:55:04 - INFO - Epoch: 103/300, Training Loss: 0.25101680034661994
2024-06-27 00:55:05 - INFO - Epoch: 103/300, Validation Loss: 0.3893328284223874, Accuracy: 70.8243947287772%
2024-06-27 00:55:10 - INFO - Epoch: 104/300, Training Loss: 0.24386569446719744
2024-06-27 00:55:11 - INFO - Epoch: 104/300, Validation Loss: 0.38837457126846503, Accuracy: 70.73245479619982%
2024-06-27 00:55:16 - INFO - Epoch: 105/300, Training Loss: 0.24070712712173367
2024-06-27 00:55:17 - INFO - Epoch: 105/300, Validation Loss: 0.4031464159488678, Accuracy: 70.44131167637144%
2024-06-27 00:55:22 - INFO - Epoch: 106/300, Training Loss: 0.2402688645045547
2024-06-27 00:55:23 - INFO - Epoch: 106/300, Validation Loss: 0.4146150295056549, Accuracy: 70.93165798345082%
2024-06-27 00:55:28 - INFO - Epoch: 107/300, Training Loss: 0.23772355311495416
2024-06-27 00:55:29 - INFO - Epoch: 107/300, Validation Loss: 0.40708622818484025, Accuracy: 70.33404842169783%
2024-06-27 00:55:34 - INFO - Epoch: 108/300, Training Loss: 0.23709240216104424
2024-06-27 00:55:35 - INFO - Epoch: 108/300, Validation Loss: 0.417623381988675, Accuracy: 70.2267851670242%
2024-06-27 00:55:40 - INFO - Epoch: 109/300, Training Loss: 0.2461730731906844
2024-06-27 00:55:41 - INFO - Epoch: 109/300, Validation Loss: 0.40082881672709597, Accuracy: 70.45663499846766%
2024-06-27 00:55:46 - INFO - Epoch: 110/300, Training Loss: 0.2454319545159153
2024-06-27 00:55:47 - INFO - Epoch: 110/300, Validation Loss: 0.3995394106296932, Accuracy: 70.28807845540913%
2024-06-27 00:55:52 - INFO - Epoch: 111/300, Training Loss: 0.23688632804973453
2024-06-27 00:55:53 - INFO - Epoch: 111/300, Validation Loss: 0.41481362736108257, Accuracy: 69.9662886913883%
2024-06-27 00:55:58 - INFO - Epoch: 112/300, Training Loss: 0.2360886590117041
2024-06-27 00:55:59 - INFO - Epoch: 112/300, Validation Loss: 0.41426025710853875, Accuracy: 70.01225865767698%
2024-06-27 00:56:04 - INFO - Epoch: 113/300, Training Loss: 0.2360617559147524
2024-06-27 00:56:05 - INFO - Epoch: 113/300, Validation Loss: 0.41648278400009753, Accuracy: 69.84370211461845%
2024-06-27 00:56:10 - INFO - Epoch: 114/300, Training Loss: 0.23570965555514775
2024-06-27 00:56:11 - INFO - Epoch: 114/300, Validation Loss: 0.41681327349415015, Accuracy: 69.98161201348452%
2024-06-27 00:56:16 - INFO - Epoch: 115/300, Training Loss: 0.23649634970534666
2024-06-27 00:56:17 - INFO - Epoch: 115/300, Validation Loss: 0.433070508434492, Accuracy: 69.82837879252222%
2024-06-27 00:56:22 - INFO - Epoch: 116/300, Training Loss: 0.23514298970500627
2024-06-27 00:56:23 - INFO - Epoch: 116/300, Validation Loss: 0.4413609789574848, Accuracy: 69.38400245173153%
2024-06-27 00:56:28 - INFO - Epoch: 117/300, Training Loss: 0.24113304673821903
2024-06-27 00:56:29 - INFO - Epoch: 117/300, Validation Loss: 0.43313778074933035, Accuracy: 69.58320563898253%
2024-06-27 00:56:34 - INFO - Epoch: 118/300, Training Loss: 0.23523217965574825
2024-06-27 00:56:35 - INFO - Epoch: 118/300, Validation Loss: 0.4467327789056535, Accuracy: 69.55255899479008%
2024-06-27 00:56:40 - INFO - Epoch: 119/300, Training Loss: 0.23520366909603277
2024-06-27 00:56:41 - INFO - Epoch: 119/300, Validation Loss: 0.44554637971461986, Accuracy: 69.73643885994484%
2024-06-27 00:56:46 - INFO - Epoch: 120/300, Training Loss: 0.23879329524203843
2024-06-27 00:56:47 - INFO - Epoch: 120/300, Validation Loss: 0.4413704923262783, Accuracy: 69.90499540300337%
2024-06-27 00:56:52 - INFO - Epoch: 121/300, Training Loss: 0.2427783696820923
2024-06-27 00:56:53 - INFO - Epoch: 121/300, Validation Loss: 0.4471672755830428, Accuracy: 69.75176218204106%
2024-06-27 00:56:58 - INFO - Epoch: 122/300, Training Loss: 0.23472683140825407
2024-06-27 00:56:59 - INFO - Epoch: 122/300, Validation Loss: 0.4482257282909225, Accuracy: 69.49126570640514%
2024-06-27 00:57:04 - INFO - Epoch: 123/300, Training Loss: 0.2352103899945231
2024-06-27 00:57:05 - INFO - Epoch: 123/300, Validation Loss: 0.4608847083998661, Accuracy: 69.49126570640514%
2024-06-27 00:57:10 - INFO - Epoch: 124/300, Training Loss: 0.23476055501868912
2024-06-27 00:57:11 - INFO - Epoch: 124/300, Validation Loss: 0.4656347942118551, Accuracy: 69.62917560527123%
2024-06-27 00:57:16 - INFO - Epoch: 125/300, Training Loss: 0.23550110332229557
2024-06-27 00:57:17 - INFO - Epoch: 125/300, Validation Loss: 0.45911475606993135, Accuracy: 69.84370211461845%
2024-06-27 00:57:22 - INFO - Epoch: 126/300, Training Loss: 0.2348964878851
2024-06-27 00:57:23 - INFO - Epoch: 126/300, Validation Loss: 0.45746370609484466, Accuracy: 69.39932577382777%
2024-06-27 00:57:28 - INFO - Epoch: 127/300, Training Loss: 0.23464498909957268
2024-06-27 00:57:29 - INFO - Epoch: 127/300, Validation Loss: 0.4641702105017269, Accuracy: 69.47594238430892%
2024-06-27 00:57:34 - INFO - Epoch: 128/300, Training Loss: 0.23614263695244694
2024-06-27 00:57:35 - INFO - Epoch: 128/300, Validation Loss: 0.4787406617519902, Accuracy: 69.58320563898253%
2024-06-27 00:57:40 - INFO - Epoch: 129/300, Training Loss: 0.23285404092394837
2024-06-27 00:57:41 - INFO - Epoch: 129/300, Validation Loss: 0.4642055041941942, Accuracy: 69.58320563898253%
2024-06-27 00:57:46 - INFO - Epoch: 130/300, Training Loss: 0.2344916096212817
2024-06-27 00:57:47 - INFO - Epoch: 130/300, Validation Loss: 0.4839107172161925, Accuracy: 69.41464909592399%
2024-06-27 00:57:52 - INFO - Epoch: 131/300, Training Loss: 0.23517613346670188
2024-06-27 00:57:53 - INFO - Epoch: 131/300, Validation Loss: 0.48651885226661085, Accuracy: 69.38400245173153%
2024-06-27 00:57:58 - INFO - Epoch: 132/300, Training Loss: 0.2347276428823962
2024-06-27 00:57:59 - INFO - Epoch: 132/300, Validation Loss: 0.4850473782303287, Accuracy: 69.42997241802023%
2024-06-27 00:58:04 - INFO - Epoch: 133/300, Training Loss: 0.2344830407961911
2024-06-27 00:58:05 - INFO - Epoch: 133/300, Validation Loss: 0.4965837726406023, Accuracy: 69.53723567269384%
2024-06-27 00:58:10 - INFO - Epoch: 134/300, Training Loss: 0.23309409200195588
2024-06-27 00:58:11 - INFO - Epoch: 134/300, Validation Loss: 0.4871031333710633, Accuracy: 69.39932577382777%
2024-06-27 00:58:16 - INFO - Epoch: 135/300, Training Loss: 0.23146570415473453
2024-06-27 00:58:17 - INFO - Epoch: 135/300, Validation Loss: 0.5013381984888339, Accuracy: 69.16947594238431%
2024-06-27 00:58:22 - INFO - Epoch: 136/300, Training Loss: 0.22979947984876
2024-06-27 00:58:23 - INFO - Epoch: 136/300, Validation Loss: 0.4946395271256858, Accuracy: 69.32270916334662%
2024-06-27 00:58:28 - INFO - Epoch: 137/300, Training Loss: 0.2293825314435012
2024-06-27 00:58:29 - INFO - Epoch: 137/300, Validation Loss: 0.5144334873732399, Accuracy: 69.30738584125038%
2024-06-27 00:58:34 - INFO - Epoch: 138/300, Training Loss: 0.23051115835779437
2024-06-27 00:58:35 - INFO - Epoch: 138/300, Validation Loss: 0.5022803685244392, Accuracy: 69.5219123505976%
2024-06-27 00:58:40 - INFO - Epoch: 139/300, Training Loss: 0.2325100209929195
2024-06-27 00:58:41 - INFO - Epoch: 139/300, Validation Loss: 0.4970177987626955, Accuracy: 69.5219123505976%
2024-06-27 00:58:46 - INFO - Epoch: 140/300, Training Loss: 0.22909132394866616
2024-06-27 00:58:47 - INFO - Epoch: 140/300, Validation Loss: 0.504202331105868, Accuracy: 69.27673919705792%
2024-06-27 00:58:52 - INFO - Epoch: 141/300, Training Loss: 0.2290065355562404
2024-06-27 00:58:53 - INFO - Epoch: 141/300, Validation Loss: 0.5150414328364765, Accuracy: 69.12350597609561%
2024-06-27 00:58:58 - INFO - Epoch: 142/300, Training Loss: 0.2296486853932341
2024-06-27 00:58:58 - INFO - Epoch: 142/300, Validation Loss: 0.5103342784386055, Accuracy: 69.23076923076923%
2024-06-27 00:59:04 - INFO - Epoch: 143/300, Training Loss: 0.23317015846716424
2024-06-27 00:59:05 - INFO - Epoch: 143/300, Validation Loss: 0.5095586940353992, Accuracy: 69.33803248544284%
2024-06-27 00:59:10 - INFO - Epoch: 144/300, Training Loss: 0.23110281739968294
2024-06-27 00:59:11 - INFO - Epoch: 144/300, Validation Loss: 0.5204887609271442, Accuracy: 69.016242721422%
2024-06-27 00:59:16 - INFO - Epoch: 145/300, Training Loss: 0.22902183820877006
2024-06-27 00:59:16 - INFO - Epoch: 145/300, Validation Loss: 0.5388085456455455, Accuracy: 69.016242721422%
2024-06-27 00:59:22 - INFO - Epoch: 146/300, Training Loss: 0.22662572864004793
2024-06-27 00:59:22 - INFO - Epoch: 146/300, Validation Loss: 0.5378870680636051, Accuracy: 68.97027275513331%
2024-06-27 00:59:28 - INFO - Epoch: 147/300, Training Loss: 0.22663786512452597
2024-06-27 00:59:28 - INFO - Epoch: 147/300, Validation Loss: 0.5419986607397304, Accuracy: 68.8630095004597%
2024-06-27 00:59:34 - INFO - Epoch: 148/300, Training Loss: 0.22809112294777936
2024-06-27 00:59:34 - INFO - Epoch: 148/300, Validation Loss: 0.5453452406560674, Accuracy: 69.03156604351824%
2024-06-27 00:59:40 - INFO - Epoch: 149/300, Training Loss: 0.22929593361914158
2024-06-27 00:59:40 - INFO - Epoch: 149/300, Validation Loss: 0.4968682723302467, Accuracy: 68.92430278884463%
2024-06-27 00:59:46 - INFO - Epoch: 150/300, Training Loss: 0.2280343318467631
2024-06-27 00:59:46 - INFO - Epoch: 150/300, Validation Loss: 0.5488487119768181, Accuracy: 69.07753600980692%
2024-06-27 00:59:52 - INFO - Epoch: 151/300, Training Loss: 0.22710278115290053
2024-06-27 00:59:52 - INFO - Epoch: 151/300, Validation Loss: 0.5245888306229722, Accuracy: 68.8630095004597%
2024-06-27 00:59:58 - INFO - Epoch: 152/300, Training Loss: 0.23305906411990815
2024-06-27 00:59:58 - INFO - Epoch: 152/300, Validation Loss: 0.5366469700546825, Accuracy: 68.84768617836347%
2024-06-27 01:00:04 - INFO - Epoch: 153/300, Training Loss: 0.22862365900301465
2024-06-27 01:00:04 - INFO - Epoch: 153/300, Validation Loss: 0.5476607700773314, Accuracy: 68.89365614465216%
2024-06-27 01:00:10 - INFO - Epoch: 154/300, Training Loss: 0.22785857133567333
2024-06-27 01:00:10 - INFO - Epoch: 154/300, Validation Loss: 0.5583644991411882, Accuracy: 68.75574624578609%
2024-06-27 01:00:16 - INFO - Epoch: 155/300, Training Loss: 0.22526501893412834
2024-06-27 01:00:16 - INFO - Epoch: 155/300, Validation Loss: 0.5786760995785395, Accuracy: 68.87833282255593%
2024-06-27 01:00:22 - INFO - Epoch: 156/300, Training Loss: 0.2252403033130309
2024-06-27 01:00:22 - INFO - Epoch: 156/300, Validation Loss: 0.5702512208737579, Accuracy: 68.817039534171%
2024-06-27 01:00:28 - INFO - Epoch: 157/300, Training Loss: 0.22756204423585943
2024-06-27 01:00:28 - INFO - Epoch: 157/300, Validation Loss: 0.5684403984570036, Accuracy: 68.72509960159363%
2024-06-27 01:00:34 - INFO - Epoch: 158/300, Training Loss: 0.22811959008229712
2024-06-27 01:00:34 - INFO - Epoch: 158/300, Validation Loss: 0.5826103792471045, Accuracy: 68.75574624578609%
2024-06-27 01:00:40 - INFO - Epoch: 159/300, Training Loss: 0.22851638839233154
2024-06-27 01:00:40 - INFO - Epoch: 159/300, Validation Loss: 0.5596600245026981, Accuracy: 68.89365614465216%
2024-06-27 01:00:46 - INFO - Epoch: 160/300, Training Loss: 0.22531839233695292
2024-06-27 01:00:46 - INFO - Epoch: 160/300, Validation Loss: 0.5876466409832823, Accuracy: 68.817039534171%
2024-06-27 01:00:52 - INFO - Epoch: 161/300, Training Loss: 0.2250703969860778
2024-06-27 01:00:52 - INFO - Epoch: 161/300, Validation Loss: 0.5676120543012432, Accuracy: 68.84768617836347%
2024-06-27 01:00:58 - INFO - Epoch: 162/300, Training Loss: 0.22577386922842146
2024-06-27 01:00:58 - INFO - Epoch: 162/300, Validation Loss: 0.6004167783494089, Accuracy: 68.93962611094085%
2024-06-27 01:01:04 - INFO - Epoch: 163/300, Training Loss: 0.22548061180129356
2024-06-27 01:01:04 - INFO - Epoch: 163/300, Validation Loss: 0.5801579177963967, Accuracy: 68.72509960159363%
2024-06-27 01:01:09 - INFO - Epoch: 164/300, Training Loss: 0.22552962886059985
2024-06-27 01:01:10 - INFO - Epoch: 164/300, Validation Loss: 0.5989897192693224, Accuracy: 68.78639288997854%
2024-06-27 01:01:15 - INFO - Epoch: 165/300, Training Loss: 0.2266120778250636
2024-06-27 01:01:16 - INFO - Epoch: 165/300, Validation Loss: 0.5830560902170107, Accuracy: 68.93962611094085%
2024-06-27 01:01:22 - INFO - Epoch: 166/300, Training Loss: 0.22716265142548317
2024-06-27 01:01:22 - INFO - Epoch: 166/300, Validation Loss: 0.5910225472613877, Accuracy: 68.93962611094085%
2024-06-27 01:01:27 - INFO - Epoch: 167/300, Training Loss: 0.22636658968586548
2024-06-27 01:01:28 - INFO - Epoch: 167/300, Validation Loss: 0.5822697217557945, Accuracy: 68.64848299111247%
2024-06-27 01:01:33 - INFO - Epoch: 168/300, Training Loss: 0.22803321933629467
2024-06-27 01:01:34 - INFO - Epoch: 168/300, Validation Loss: 0.5868001282215118, Accuracy: 68.74042292368986%
2024-06-27 01:01:39 - INFO - Epoch: 169/300, Training Loss: 0.22306633638400658
2024-06-27 01:01:40 - INFO - Epoch: 169/300, Validation Loss: 0.6196188134889976, Accuracy: 68.80171621207478%
2024-06-27 01:01:45 - INFO - Epoch: 170/300, Training Loss: 0.22564324689115964
2024-06-27 01:01:46 - INFO - Epoch: 170/300, Validation Loss: 0.5990566360015496, Accuracy: 68.72509960159363%
2024-06-27 01:01:51 - INFO - Epoch: 171/300, Training Loss: 0.22238643527688348
2024-06-27 01:01:52 - INFO - Epoch: 171/300, Validation Loss: 0.6268221285997653, Accuracy: 68.67912963530493%
2024-06-27 01:01:57 - INFO - Epoch: 172/300, Training Loss: 0.22333067533213133
2024-06-27 01:01:58 - INFO - Epoch: 172/300, Validation Loss: 0.5991803480713975, Accuracy: 68.63315966901624%
2024-06-27 01:02:03 - INFO - Epoch: 173/300, Training Loss: 0.2234299175039518
2024-06-27 01:02:04 - INFO - Epoch: 173/300, Validation Loss: 0.6099958863912844, Accuracy: 68.66380631320871%
2024-06-27 01:02:09 - INFO - Epoch: 174/300, Training Loss: 0.2218999642805726
2024-06-27 01:02:10 - INFO - Epoch: 174/300, Validation Loss: 0.6259291966756185, Accuracy: 68.74042292368986%
2024-06-27 01:02:15 - INFO - Epoch: 175/300, Training Loss: 0.2234188851663003
2024-06-27 01:02:16 - INFO - Epoch: 175/300, Validation Loss: 0.620971487141123, Accuracy: 68.52589641434263%
2024-06-27 01:02:21 - INFO - Epoch: 176/300, Training Loss: 0.22435381223319792
2024-06-27 01:02:22 - INFO - Epoch: 176/300, Validation Loss: 0.640127000563285, Accuracy: 68.47992644805394%
2024-06-27 01:02:27 - INFO - Epoch: 177/300, Training Loss: 0.22307514010325952
2024-06-27 01:02:28 - INFO - Epoch: 177/300, Validation Loss: 0.6559767267283272, Accuracy: 68.43395648176525%
2024-06-27 01:02:33 - INFO - Epoch: 178/300, Training Loss: 0.22504506303983576
2024-06-27 01:02:34 - INFO - Epoch: 178/300, Validation Loss: 0.6302511870276695, Accuracy: 68.47992644805394%
2024-06-27 01:02:39 - INFO - Epoch: 179/300, Training Loss: 0.22227370576458236
2024-06-27 01:02:40 - INFO - Epoch: 179/300, Validation Loss: 0.6586800834127501, Accuracy: 68.63315966901624%
2024-06-27 01:02:45 - INFO - Epoch: 180/300, Training Loss: 0.22258589763705636
2024-06-27 01:02:46 - INFO - Epoch: 180/300, Validation Loss: 0.6291997946944892, Accuracy: 68.75574624578609%
2024-06-27 01:02:51 - INFO - Epoch: 181/300, Training Loss: 0.22120809741318226
2024-06-27 01:02:52 - INFO - Epoch: 181/300, Validation Loss: 0.6465831203203575, Accuracy: 68.70977627949739%
2024-06-27 01:02:57 - INFO - Epoch: 182/300, Training Loss: 0.22427176645792582
2024-06-27 01:02:58 - INFO - Epoch: 182/300, Validation Loss: 0.617347392673586, Accuracy: 68.70977627949739%
2024-06-27 01:03:03 - INFO - Epoch: 183/300, Training Loss: 0.22471124903463266
2024-06-27 01:03:04 - INFO - Epoch: 183/300, Validation Loss: 0.6358073041135189, Accuracy: 68.72509960159363%
2024-06-27 01:03:09 - INFO - Epoch: 184/300, Training Loss: 0.22448701984888197
2024-06-27 01:03:10 - INFO - Epoch: 184/300, Validation Loss: 0.6374320066442677, Accuracy: 68.64848299111247%
2024-06-27 01:03:15 - INFO - Epoch: 185/300, Training Loss: 0.2210024583025598
2024-06-27 01:03:16 - INFO - Epoch: 185/300, Validation Loss: 0.6692551841922835, Accuracy: 68.57186638063132%
2024-06-27 01:03:21 - INFO - Epoch: 186/300, Training Loss: 0.2198764776774481
2024-06-27 01:03:22 - INFO - Epoch: 186/300, Validation Loss: 0.6710986684934765, Accuracy: 68.58718970272756%
2024-06-27 01:03:27 - INFO - Epoch: 187/300, Training Loss: 0.21984153967715947
2024-06-27 01:03:27 - INFO - Epoch: 187/300, Validation Loss: 0.6919309301119224, Accuracy: 68.55654305853508%
2024-06-27 01:03:33 - INFO - Epoch: 188/300, Training Loss: 0.2203471036810501
2024-06-27 01:03:33 - INFO - Epoch: 188/300, Validation Loss: 0.6824089788338717, Accuracy: 68.44927980386147%
2024-06-27 01:03:39 - INFO - Epoch: 189/300, Training Loss: 0.21968877019689365
2024-06-27 01:03:39 - INFO - Epoch: 189/300, Validation Loss: 0.6910420860729966, Accuracy: 68.55654305853508%
2024-06-27 01:03:45 - INFO - Epoch: 190/300, Training Loss: 0.22601180388500877
2024-06-27 01:03:45 - INFO - Epoch: 190/300, Validation Loss: 0.6388198087612788, Accuracy: 68.52589641434263%
2024-06-27 01:03:51 - INFO - Epoch: 191/300, Training Loss: 0.21987780793478676
2024-06-27 01:03:51 - INFO - Epoch: 191/300, Validation Loss: 0.679721900937604, Accuracy: 68.60251302482378%
2024-06-27 01:03:57 - INFO - Epoch: 192/300, Training Loss: 0.22137166137861855
2024-06-27 01:03:57 - INFO - Epoch: 192/300, Validation Loss: 0.6528704432295818, Accuracy: 68.54121973643886%
2024-06-27 01:04:03 - INFO - Epoch: 193/300, Training Loss: 0.2205210929261703
2024-06-27 01:04:03 - INFO - Epoch: 193/300, Validation Loss: 0.7278253757486156, Accuracy: 68.57186638063132%
2024-06-27 01:04:09 - INFO - Epoch: 194/300, Training Loss: 0.22152089597839936
2024-06-27 01:04:09 - INFO - Epoch: 194/300, Validation Loss: 0.6610238797524396, Accuracy: 68.49524977015017%
2024-06-27 01:04:15 - INFO - Epoch: 195/300, Training Loss: 0.22285822565283844
2024-06-27 01:04:15 - INFO - Epoch: 195/300, Validation Loss: 0.6739846783525804, Accuracy: 68.61783634692001%
2024-06-27 01:04:21 - INFO - Epoch: 196/300, Training Loss: 0.22132336633170352
2024-06-27 01:04:21 - INFO - Epoch: 196/300, Validation Loss: 0.7063498590506759, Accuracy: 68.49524977015017%
2024-06-27 01:04:27 - INFO - Epoch: 197/300, Training Loss: 0.21939068236479572
2024-06-27 01:04:27 - INFO - Epoch: 197/300, Validation Loss: 0.6847760306269515, Accuracy: 68.5105730922464%
2024-06-27 01:04:33 - INFO - Epoch: 198/300, Training Loss: 0.2178647008669727
2024-06-27 01:04:33 - INFO - Epoch: 198/300, Validation Loss: 0.7198217493646285, Accuracy: 68.47992644805394%
2024-06-27 01:04:39 - INFO - Epoch: 199/300, Training Loss: 0.21785408987061067
2024-06-27 01:04:39 - INFO - Epoch: 199/300, Validation Loss: 0.7429036968478969, Accuracy: 68.46460312595771%
2024-06-27 01:04:44 - INFO - Epoch: 200/300, Training Loss: 0.21732297492231809
2024-06-27 01:04:45 - INFO - Epoch: 200/300, Validation Loss: 0.7028024298887626, Accuracy: 68.54121973643886%
2024-06-27 01:04:51 - INFO - Epoch: 201/300, Training Loss: 0.220160998641422
2024-06-27 01:04:51 - INFO - Epoch: 201/300, Validation Loss: 0.7245584448762968, Accuracy: 68.60251302482378%
2024-06-27 01:04:57 - INFO - Epoch: 202/300, Training Loss: 0.2174434145437736
2024-06-27 01:04:57 - INFO - Epoch: 202/300, Validation Loss: 0.7340684679209017, Accuracy: 68.66380631320871%
2024-06-27 01:05:02 - INFO - Epoch: 203/300, Training Loss: 0.2177239598560275
2024-06-27 01:05:03 - INFO - Epoch: 203/300, Validation Loss: 0.7169420178614411, Accuracy: 68.63315966901624%
2024-06-27 01:05:08 - INFO - Epoch: 204/300, Training Loss: 0.21873087923535528
2024-06-27 01:05:09 - INFO - Epoch: 204/300, Validation Loss: 0.7183026989885405, Accuracy: 68.44927980386147%
2024-06-27 01:05:15 - INFO - Epoch: 205/300, Training Loss: 0.21766811696922078
2024-06-27 01:05:15 - INFO - Epoch: 205/300, Validation Loss: 0.7416489504131616, Accuracy: 68.5105730922464%
2024-06-27 01:05:20 - INFO - Epoch: 206/300, Training Loss: 0.22005245708586538
2024-06-27 01:05:21 - INFO - Epoch: 206/300, Validation Loss: 0.7118403268795387, Accuracy: 68.54121973643886%
2024-06-27 01:05:27 - INFO - Epoch: 207/300, Training Loss: 0.2211270003999565
2024-06-27 01:05:27 - INFO - Epoch: 207/300, Validation Loss: 0.6962899556931328, Accuracy: 68.52589641434263%
2024-06-27 01:05:32 - INFO - Epoch: 208/300, Training Loss: 0.22001010689007885
2024-06-27 01:05:33 - INFO - Epoch: 208/300, Validation Loss: 0.7369814237543181, Accuracy: 68.58718970272756%
2024-06-27 01:05:38 - INFO - Epoch: 209/300, Training Loss: 0.21980730057054876
2024-06-27 01:05:39 - INFO - Epoch: 209/300, Validation Loss: 0.7406648005924973, Accuracy: 68.40330983757279%
2024-06-27 01:05:44 - INFO - Epoch: 210/300, Training Loss: 0.21721699685953996
2024-06-27 01:05:45 - INFO - Epoch: 210/300, Validation Loss: 0.7821505575203428, Accuracy: 68.3573398712841%
2024-06-27 01:05:50 - INFO - Epoch: 211/300, Training Loss: 0.2180720905718558
2024-06-27 01:05:51 - INFO - Epoch: 211/300, Validation Loss: 0.7551396936178207, Accuracy: 68.34201654918786%
2024-06-27 01:05:56 - INFO - Epoch: 212/300, Training Loss: 0.21769561072555826
2024-06-27 01:05:57 - INFO - Epoch: 212/300, Validation Loss: 0.7760776503413331, Accuracy: 68.5105730922464%
2024-06-27 01:06:02 - INFO - Epoch: 213/300, Training Loss: 0.21693427920998895
2024-06-27 01:06:03 - INFO - Epoch: 213/300, Validation Loss: 0.7692803170751122, Accuracy: 68.5105730922464%
2024-06-27 01:06:08 - INFO - Epoch: 214/300, Training Loss: 0.21712331862791495
2024-06-27 01:06:09 - INFO - Epoch: 214/300, Validation Loss: 0.7742713377171871, Accuracy: 68.43395648176525%
2024-06-27 01:06:14 - INFO - Epoch: 215/300, Training Loss: 0.2185926418568866
2024-06-27 01:06:15 - INFO - Epoch: 215/300, Validation Loss: 0.7342597985384511, Accuracy: 68.40330983757279%
2024-06-27 01:06:20 - INFO - Epoch: 216/300, Training Loss: 0.2218826333900877
2024-06-27 01:06:21 - INFO - Epoch: 216/300, Validation Loss: 0.7578512982410543, Accuracy: 68.14281336193687%
2024-06-27 01:06:26 - INFO - Epoch: 217/300, Training Loss: 0.22085320544155204
2024-06-27 01:06:27 - INFO - Epoch: 217/300, Validation Loss: 0.7656499077292049, Accuracy: 68.32669322709164%
2024-06-27 01:06:32 - INFO - Epoch: 218/300, Training Loss: 0.21714758922291152
2024-06-27 01:06:33 - INFO - Epoch: 218/300, Validation Loss: 0.8040127532154906, Accuracy: 68.49524977015017%
2024-06-27 01:06:38 - INFO - Epoch: 219/300, Training Loss: 0.21578301662834837
2024-06-27 01:06:39 - INFO - Epoch: 219/300, Validation Loss: 0.7925486219864265, Accuracy: 68.52589641434263%
2024-06-27 01:06:44 - INFO - Epoch: 220/300, Training Loss: 0.21622804212657845
2024-06-27 01:06:44 - INFO - Epoch: 220/300, Validation Loss: 0.8216752033023274, Accuracy: 68.3113699049954%
2024-06-27 01:06:50 - INFO - Epoch: 221/300, Training Loss: 0.217144511731378
2024-06-27 01:06:50 - INFO - Epoch: 221/300, Validation Loss: 0.7954182928683711, Accuracy: 68.5105730922464%
2024-06-27 01:06:56 - INFO - Epoch: 222/300, Training Loss: 0.21575722480010168
2024-06-27 01:06:57 - INFO - Epoch: 222/300, Validation Loss: 0.7899966555483201, Accuracy: 68.57186638063132%
2024-06-27 01:07:02 - INFO - Epoch: 223/300, Training Loss: 0.21547240511897733
2024-06-27 01:07:02 - INFO - Epoch: 223/300, Validation Loss: 0.8373135854216183, Accuracy: 68.69445295740117%
2024-06-27 01:07:08 - INFO - Epoch: 224/300, Training Loss: 0.21616669205546962
2024-06-27 01:07:08 - INFO - Epoch: 224/300, Validation Loss: 0.746108719239048, Accuracy: 68.55654305853508%
2024-06-27 01:07:14 - INFO - Epoch: 225/300, Training Loss: 0.2141358688035432
2024-06-27 01:07:14 - INFO - Epoch: 225/300, Validation Loss: 0.8063871173882017, Accuracy: 68.55654305853508%
2024-06-27 01:07:20 - INFO - Epoch: 226/300, Training Loss: 0.21549362106723527
2024-06-27 01:07:20 - INFO - Epoch: 226/300, Validation Loss: 0.795513531740974, Accuracy: 68.47992644805394%
2024-06-27 01:07:26 - INFO - Epoch: 227/300, Training Loss: 0.2167839810215667
2024-06-27 01:07:26 - INFO - Epoch: 227/300, Validation Loss: 0.8284108372879964, Accuracy: 68.49524977015017%
2024-06-27 01:07:32 - INFO - Epoch: 228/300, Training Loss: 0.21611402043159686
2024-06-27 01:07:32 - INFO - Epoch: 228/300, Validation Loss: 0.8196318707629746, Accuracy: 68.49524977015017%
2024-06-27 01:07:38 - INFO - Epoch: 229/300, Training Loss: 0.21932557868022545
2024-06-27 01:07:38 - INFO - Epoch: 229/300, Validation Loss: 0.8058497823920905, Accuracy: 68.44927980386147%
2024-06-27 01:07:44 - INFO - Epoch: 230/300, Training Loss: 0.2173986738985952
2024-06-27 01:07:44 - INFO - Epoch: 230/300, Validation Loss: 0.818783874020857, Accuracy: 68.49524977015017%
2024-06-27 01:07:50 - INFO - Epoch: 231/300, Training Loss: 0.21949107322257524
2024-06-27 01:07:50 - INFO - Epoch: 231/300, Validation Loss: 0.7852475365587309, Accuracy: 68.3573398712841%
2024-06-27 01:07:56 - INFO - Epoch: 232/300, Training Loss: 0.21767134126275778
2024-06-27 01:07:56 - INFO - Epoch: 232/300, Validation Loss: 0.8539838866860259, Accuracy: 68.55654305853508%
2024-06-27 01:08:02 - INFO - Epoch: 233/300, Training Loss: 0.23403156227340885
2024-06-27 01:08:02 - INFO - Epoch: 233/300, Validation Loss: 0.7948622998653674, Accuracy: 68.52589641434263%
2024-06-27 01:08:08 - INFO - Epoch: 234/300, Training Loss: 0.21557011650692598
2024-06-27 01:08:08 - INFO - Epoch: 234/300, Validation Loss: 0.778056786925185, Accuracy: 68.43395648176525%
2024-06-27 01:08:14 - INFO - Epoch: 235/300, Training Loss: 0.2154225353882009
2024-06-27 01:08:14 - INFO - Epoch: 235/300, Validation Loss: 0.8188873488529056, Accuracy: 68.49524977015017%
2024-06-27 01:08:19 - INFO - Epoch: 236/300, Training Loss: 0.21436675179603637
2024-06-27 01:08:20 - INFO - Epoch: 236/300, Validation Loss: 0.8398721469383613, Accuracy: 68.40330983757279%
2024-06-27 01:08:25 - INFO - Epoch: 237/300, Training Loss: 0.21479191987172647
2024-06-27 01:08:26 - INFO - Epoch: 237/300, Validation Loss: 0.8493835446881313, Accuracy: 68.41863315966901%
2024-06-27 01:08:31 - INFO - Epoch: 238/300, Training Loss: 0.21525536274866147
2024-06-27 01:08:32 - INFO - Epoch: 238/300, Validation Loss: 0.8268089367478502, Accuracy: 68.54121973643886%
2024-06-27 01:08:37 - INFO - Epoch: 239/300, Training Loss: 0.21523914696173926
2024-06-27 01:08:38 - INFO - Epoch: 239/300, Validation Loss: 0.8370007305752998, Accuracy: 68.55654305853508%
2024-06-27 01:08:43 - INFO - Epoch: 240/300, Training Loss: 0.2140769260917224
2024-06-27 01:08:44 - INFO - Epoch: 240/300, Validation Loss: 0.84712347797319, Accuracy: 68.40330983757279%
2024-06-27 01:08:49 - INFO - Epoch: 241/300, Training Loss: 0.21409306012313156
2024-06-27 01:08:50 - INFO - Epoch: 241/300, Validation Loss: 0.8284865500880223, Accuracy: 68.46460312595771%
2024-06-27 01:08:55 - INFO - Epoch: 242/300, Training Loss: 0.21409075336494282
2024-06-27 01:08:56 - INFO - Epoch: 242/300, Validation Loss: 0.8818507892828361, Accuracy: 68.38798651547656%
2024-06-27 01:09:01 - INFO - Epoch: 243/300, Training Loss: 0.21667359095505057
2024-06-27 01:09:02 - INFO - Epoch: 243/300, Validation Loss: 0.8349316175661835, Accuracy: 68.46460312595771%
2024-06-27 01:09:07 - INFO - Epoch: 244/300, Training Loss: 0.21567798263448126
2024-06-27 01:09:08 - INFO - Epoch: 244/300, Validation Loss: 0.8427737469182295, Accuracy: 68.43395648176525%
2024-06-27 01:09:13 - INFO - Epoch: 245/300, Training Loss: 0.21610720850089016
2024-06-27 01:09:14 - INFO - Epoch: 245/300, Validation Loss: 0.877036878583478, Accuracy: 68.44927980386147%
2024-06-27 01:09:19 - INFO - Epoch: 246/300, Training Loss: 0.21526320483170303
2024-06-27 01:09:20 - INFO - Epoch: 246/300, Validation Loss: 0.8526535443231171, Accuracy: 68.60251302482378%
2024-06-27 01:09:25 - INFO - Epoch: 247/300, Training Loss: 0.21610464522724643
2024-06-27 01:09:26 - INFO - Epoch: 247/300, Validation Loss: 0.7983856195328283, Accuracy: 68.58718970272756%
2024-06-27 01:09:31 - INFO - Epoch: 248/300, Training Loss: 0.21740134191863678
2024-06-27 01:09:32 - INFO - Epoch: 248/300, Validation Loss: 0.8489241155923581, Accuracy: 68.54121973643886%
2024-06-27 01:09:37 - INFO - Epoch: 249/300, Training Loss: 0.21321477247949908
2024-06-27 01:09:38 - INFO - Epoch: 249/300, Validation Loss: 0.8771187639703938, Accuracy: 68.54121973643886%
2024-06-27 01:09:43 - INFO - Epoch: 250/300, Training Loss: 0.21166141480937892
2024-06-27 01:09:44 - INFO - Epoch: 250/300, Validation Loss: 0.8628454634956285, Accuracy: 68.5105730922464%
2024-06-27 01:09:49 - INFO - Epoch: 251/300, Training Loss: 0.21142682613914504
2024-06-27 01:09:50 - INFO - Epoch: 251/300, Validation Loss: 0.897542386078367, Accuracy: 68.57186638063132%
2024-06-27 01:09:55 - INFO - Epoch: 252/300, Training Loss: 0.2116746856995365
2024-06-27 01:09:56 - INFO - Epoch: 252/300, Validation Loss: 0.938463326178345, Accuracy: 68.57186638063132%
2024-06-27 01:10:01 - INFO - Epoch: 253/300, Training Loss: 0.21458395720258647
2024-06-27 01:10:02 - INFO - Epoch: 253/300, Validation Loss: 0.8651916294121275, Accuracy: 68.54121973643886%
2024-06-27 01:10:07 - INFO - Epoch: 254/300, Training Loss: 0.21322595410268097
2024-06-27 01:10:08 - INFO - Epoch: 254/300, Validation Loss: 0.8844426215863695, Accuracy: 68.60251302482378%
2024-06-27 01:10:13 - INFO - Epoch: 255/300, Training Loss: 0.21226707480701745
2024-06-27 01:10:14 - INFO - Epoch: 255/300, Validation Loss: 0.8712347675772274, Accuracy: 68.61783634692001%
2024-06-27 01:10:19 - INFO - Epoch: 256/300, Training Loss: 0.2138063163660905
2024-06-27 01:10:20 - INFO - Epoch: 256/300, Validation Loss: 0.9377817651804756, Accuracy: 68.66380631320871%
2024-06-27 01:10:25 - INFO - Epoch: 257/300, Training Loss: 0.21159484213692883
2024-06-27 01:10:26 - INFO - Epoch: 257/300, Validation Loss: 0.9250457555639977, Accuracy: 68.70977627949739%
2024-06-27 01:10:31 - INFO - Epoch: 258/300, Training Loss: 0.21281455753042416
2024-06-27 01:10:32 - INFO - Epoch: 258/300, Validation Loss: 0.910389783335667, Accuracy: 68.69445295740117%
2024-06-27 01:10:37 - INFO - Epoch: 259/300, Training Loss: 0.21160016409760596
2024-06-27 01:10:38 - INFO - Epoch: 259/300, Validation Loss: 0.9146477959904016, Accuracy: 68.54121973643886%
2024-06-27 01:10:43 - INFO - Epoch: 260/300, Training Loss: 0.2128615709861704
2024-06-27 01:10:44 - INFO - Epoch: 260/300, Validation Loss: 0.9196522481301251, Accuracy: 68.57186638063132%
2024-06-27 01:10:49 - INFO - Epoch: 261/300, Training Loss: 0.2108330363407731
2024-06-27 01:10:50 - INFO - Epoch: 261/300, Validation Loss: 0.9562741921228521, Accuracy: 68.69445295740117%
2024-06-27 01:10:55 - INFO - Epoch: 262/300, Training Loss: 0.2165115701363367
2024-06-27 01:10:56 - INFO - Epoch: 262/300, Validation Loss: 0.8445108094636131, Accuracy: 68.5105730922464%
2024-06-27 01:11:01 - INFO - Epoch: 263/300, Training Loss: 0.21906411215005553
2024-06-27 01:11:02 - INFO - Epoch: 263/300, Validation Loss: 0.9161966516106737, Accuracy: 68.77106956788232%
2024-06-27 01:11:07 - INFO - Epoch: 264/300, Training Loss: 0.21645038907288336
2024-06-27 01:11:08 - INFO - Epoch: 264/300, Validation Loss: 0.8818226818944893, Accuracy: 68.66380631320871%
2024-06-27 01:11:13 - INFO - Epoch: 265/300, Training Loss: 0.21290392702554956
2024-06-27 01:11:14 - INFO - Epoch: 265/300, Validation Loss: 0.9062745302331214, Accuracy: 68.55654305853508%
2024-06-27 01:11:19 - INFO - Epoch: 266/300, Training Loss: 0.211465453126413
2024-06-27 01:11:19 - INFO - Epoch: 266/300, Validation Loss: 0.932535903710945, Accuracy: 68.49524977015017%
2024-06-27 01:11:24 - INFO - Epoch: 267/300, Training Loss: 0.21041837089932433
2024-06-27 01:11:24 - INFO - Epoch: 267/300, Validation Loss: 0.9388535180512596, Accuracy: 68.63315966901624%
2024-06-27 01:11:29 - INFO - Epoch: 268/300, Training Loss: 0.21059868097597478
2024-06-27 01:11:30 - INFO - Epoch: 268/300, Validation Loss: 0.9411119076551175, Accuracy: 68.54121973643886%
2024-06-27 01:11:34 - INFO - Epoch: 269/300, Training Loss: 0.21064436905012995
2024-06-27 01:11:35 - INFO - Epoch: 269/300, Validation Loss: 0.9334187162857429, Accuracy: 68.55654305853508%
2024-06-27 01:11:39 - INFO - Epoch: 270/300, Training Loss: 0.21037880457280314
2024-06-27 01:11:40 - INFO - Epoch: 270/300, Validation Loss: 0.9376987797372481, Accuracy: 68.52589641434263%
2024-06-27 01:11:45 - INFO - Epoch: 271/300, Training Loss: 0.21514667970511844
2024-06-27 01:11:45 - INFO - Epoch: 271/300, Validation Loss: 0.8892672348256204, Accuracy: 68.57186638063132%
2024-06-27 01:11:50 - INFO - Epoch: 272/300, Training Loss: 0.2129661576164996
2024-06-27 01:11:50 - INFO - Epoch: 272/300, Validation Loss: 0.9192667305469513, Accuracy: 68.57186638063132%
2024-06-27 01:11:55 - INFO - Epoch: 273/300, Training Loss: 0.21022492018984815
2024-06-27 01:11:55 - INFO - Epoch: 273/300, Validation Loss: 0.9396379636783226, Accuracy: 68.3573398712841%
2024-06-27 01:12:00 - INFO - Epoch: 274/300, Training Loss: 0.2118905700889288
2024-06-27 01:12:01 - INFO - Epoch: 274/300, Validation Loss: 0.9322465482880088, Accuracy: 68.5105730922464%
2024-06-27 01:12:05 - INFO - Epoch: 275/300, Training Loss: 0.2100641113139835
2024-06-27 01:12:06 - INFO - Epoch: 275/300, Validation Loss: 0.9791707250417447, Accuracy: 68.55654305853508%
2024-06-27 01:12:11 - INFO - Epoch: 276/300, Training Loss: 0.2187208050825432
2024-06-27 01:12:11 - INFO - Epoch: 276/300, Validation Loss: 0.9147253889663547, Accuracy: 68.32669322709164%
2024-06-27 01:12:16 - INFO - Epoch: 277/300, Training Loss: 0.2131776436432904
2024-06-27 01:12:16 - INFO - Epoch: 277/300, Validation Loss: 0.9587465092247608, Accuracy: 68.47992644805394%
2024-06-27 01:12:21 - INFO - Epoch: 278/300, Training Loss: 0.20952388129251845
2024-06-27 01:12:21 - INFO - Epoch: 278/300, Validation Loss: 0.9244510169122734, Accuracy: 68.5105730922464%
2024-06-27 01:12:26 - INFO - Epoch: 279/300, Training Loss: 0.21097285499540613
2024-06-27 01:12:27 - INFO - Epoch: 279/300, Validation Loss: 0.9395809769630432, Accuracy: 68.47992644805394%
2024-06-27 01:12:31 - INFO - Epoch: 280/300, Training Loss: 0.21099880103971444
2024-06-27 01:12:32 - INFO - Epoch: 280/300, Validation Loss: 0.9815873211505366, Accuracy: 68.47992644805394%
2024-06-27 01:12:36 - INFO - Epoch: 281/300, Training Loss: 0.21611619824726208
2024-06-27 01:12:37 - INFO - Epoch: 281/300, Validation Loss: 0.9867652087819343, Accuracy: 68.40330983757279%
2024-06-27 01:12:42 - INFO - Epoch: 282/300, Training Loss: 0.21111831543784515
2024-06-27 01:12:42 - INFO - Epoch: 282/300, Validation Loss: 0.9981745668486053, Accuracy: 68.44927980386147%
2024-06-27 01:12:47 - INFO - Epoch: 283/300, Training Loss: 0.21081428496422722
2024-06-27 01:12:47 - INFO - Epoch: 283/300, Validation Loss: 0.9123809770041821, Accuracy: 68.3573398712841%
2024-06-27 01:12:52 - INFO - Epoch: 284/300, Training Loss: 0.21137000017744653
2024-06-27 01:12:53 - INFO - Epoch: 284/300, Validation Loss: 0.9504089869704901, Accuracy: 68.41863315966901%
2024-06-27 01:12:57 - INFO - Epoch: 285/300, Training Loss: 0.2104023444082807
2024-06-27 01:12:58 - INFO - Epoch: 285/300, Validation Loss: 0.9621293737607843, Accuracy: 68.43395648176525%
2024-06-27 01:13:02 - INFO - Epoch: 286/300, Training Loss: 0.2159537719014813
2024-06-27 01:13:03 - INFO - Epoch: 286/300, Validation Loss: 0.9311231538361194, Accuracy: 68.37266319338032%
2024-06-27 01:13:08 - INFO - Epoch: 287/300, Training Loss: 0.21159220693231212
2024-06-27 01:13:08 - INFO - Epoch: 287/300, Validation Loss: 0.9565481327328027, Accuracy: 68.49524977015017%
2024-06-27 01:13:13 - INFO - Epoch: 288/300, Training Loss: 0.20875272828647318
2024-06-27 01:13:13 - INFO - Epoch: 288/300, Validation Loss: 1.0333295178179647, Accuracy: 68.47992644805394%
2024-06-27 01:13:18 - INFO - Epoch: 289/300, Training Loss: 0.20842206010631487
2024-06-27 01:13:19 - INFO - Epoch: 289/300, Validation Loss: 0.9936279555161794, Accuracy: 68.47992644805394%
2024-06-27 01:13:23 - INFO - Epoch: 290/300, Training Loss: 0.20919882906052997
2024-06-27 01:13:24 - INFO - Epoch: 290/300, Validation Loss: 1.0161134518829047, Accuracy: 68.55654305853508%
2024-06-27 01:13:28 - INFO - Epoch: 291/300, Training Loss: 0.2097541103322132
2024-06-27 01:13:29 - INFO - Epoch: 291/300, Validation Loss: 1.0304137076817306, Accuracy: 68.52589641434263%
2024-06-27 01:13:34 - INFO - Epoch: 292/300, Training Loss: 0.21021737412129546
2024-06-27 01:13:34 - INFO - Epoch: 292/300, Validation Loss: 1.0022278948157441, Accuracy: 68.47992644805394%
2024-06-27 01:13:39 - INFO - Epoch: 293/300, Training Loss: 0.21398068206640436
2024-06-27 01:13:39 - INFO - Epoch: 293/300, Validation Loss: 0.9662458359026441, Accuracy: 68.46460312595771%
2024-06-27 01:13:44 - INFO - Epoch: 294/300, Training Loss: 0.20962806038704573
2024-06-27 01:13:45 - INFO - Epoch: 294/300, Validation Loss: 0.9970541894435883, Accuracy: 68.41863315966901%
2024-06-27 01:13:49 - INFO - Epoch: 295/300, Training Loss: 0.20910966102326034
2024-06-27 01:13:50 - INFO - Epoch: 295/300, Validation Loss: 1.0310121540929758, Accuracy: 68.40330983757279%
2024-06-27 01:13:54 - INFO - Epoch: 296/300, Training Loss: 0.2084430551667716
2024-06-27 01:13:55 - INFO - Epoch: 296/300, Validation Loss: 0.9832212352285198, Accuracy: 68.49524977015017%
2024-06-27 01:13:59 - INFO - Epoch: 297/300, Training Loss: 0.20874343410718674
2024-06-27 01:14:00 - INFO - Epoch: 297/300, Validation Loss: 1.054128226111917, Accuracy: 68.46460312595771%
2024-06-27 01:14:05 - INFO - Epoch: 298/300, Training Loss: 0.2079548640176654
2024-06-27 01:14:05 - INFO - Epoch: 298/300, Validation Loss: 1.045637338184843, Accuracy: 68.41863315966901%
2024-06-27 01:14:10 - INFO - Epoch: 299/300, Training Loss: 0.20970640355246326
2024-06-27 01:14:10 - INFO - Epoch: 299/300, Validation Loss: 1.0529762880474913, Accuracy: 68.52589641434263%
2024-06-27 01:14:15 - INFO - Epoch: 300/300, Training Loss: 0.21039504985160687
2024-06-27 01:14:16 - INFO - Epoch: 300/300, Validation Loss: 1.0066714403676051, Accuracy: 68.44927980386147%
2024-06-27 01:14:16 - INFO - Finished training model.
2024-06-27 01:14:16 - INFO - Model saved to lstm_classifier.pth and vocabulary saved to vocab.pkl
