2024-06-19 01:54:42 - INFO - This log entry will go into a uniquely named file for this run.
2024-06-19 01:54:42 - INFO - Starting LSTM model training...
2024-06-19 01:54:42 - INFO - Optimizer=RMSprop
2024-06-19 01:54:42 - INFO - epochs=1000
2024-06-19 01:54:42 - INFO - batch_size=32
2024-06-19 01:54:42 - INFO - File=codeExamples.txt
2024-06-19 01:54:42 - INFO - Learning Rate=0.01
2024-06-19 01:54:49 - INFO - Starting LSTM model training...
2024-06-19 01:54:55 - INFO - Epoch 1/1000, Loss: 3.2112814343436096
2024-06-19 01:55:02 - INFO - Epoch 2/1000, Loss: 3.2100128812315143
2024-06-19 01:55:09 - INFO - Epoch 3/1000, Loss: 1.6546724642724475
2024-06-19 01:55:17 - INFO - Epoch 4/1000, Loss: 1.4792063518010028
2024-06-19 01:55:25 - INFO - Epoch 5/1000, Loss: 1.3786343127753686
2024-06-19 01:55:33 - INFO - Epoch 6/1000, Loss: 1.4246421315284008
2024-06-19 01:55:41 - INFO - Epoch 7/1000, Loss: 1.5071844809148311
2024-06-19 01:55:49 - INFO - Epoch 8/1000, Loss: 1.3534319365267828
2024-06-19 01:55:58 - INFO - Epoch 9/1000, Loss: 1.3303198030247314
2024-06-19 01:56:06 - INFO - Epoch 10/1000, Loss: 1.3645088849459788
2024-06-19 01:56:14 - INFO - Epoch 11/1000, Loss: 1.432081779697553
2024-06-19 01:56:22 - INFO - Epoch 12/1000, Loss: 1.32829501234005
2024-06-19 01:56:30 - INFO - Epoch 13/1000, Loss: 1.307317392106713
2024-06-19 01:56:38 - INFO - Epoch 14/1000, Loss: 1.3218949842069547
2024-06-19 01:56:47 - INFO - Epoch 15/1000, Loss: 1.302848131427349
2024-06-19 01:56:55 - INFO - Epoch 16/1000, Loss: 1.3179122875775553
2024-06-19 01:57:03 - INFO - Epoch 17/1000, Loss: 1.3994589642667594
2024-06-19 01:57:11 - INFO - Epoch 18/1000, Loss: 1.4120265279904307
2024-06-19 01:57:19 - INFO - Epoch 19/1000, Loss: 1.3037423451220658
2024-06-19 01:57:27 - INFO - Epoch 20/1000, Loss: 1.391213472416027
2024-06-19 01:57:36 - INFO - Epoch 21/1000, Loss: 1.3249327406880802
2024-06-19 01:57:44 - INFO - Epoch 22/1000, Loss: 1.313301611732407
2024-06-19 01:57:52 - INFO - Epoch 23/1000, Loss: 1.3125046209516993
2024-06-19 01:58:00 - INFO - Epoch 24/1000, Loss: 1.6122891802515815
2024-06-19 01:58:08 - INFO - Epoch 25/1000, Loss: 1.312025199833926
2024-06-19 01:58:16 - INFO - Epoch 26/1000, Loss: 1.3188846424268401
2024-06-19 01:58:24 - INFO - Epoch 27/1000, Loss: 1.326404284800312
2024-06-19 01:58:32 - INFO - Epoch 28/1000, Loss: 1.3460332565558526
2024-06-19 01:58:40 - INFO - Epoch 29/1000, Loss: 1.3028804692952518
2024-06-19 01:58:49 - INFO - Epoch 30/1000, Loss: 1.3360561637185095
2024-06-19 01:58:57 - INFO - Epoch 31/1000, Loss: 1.3226282746534836
2024-06-19 01:59:05 - INFO - Epoch 32/1000, Loss: 1.3105789364916407
2024-06-19 01:59:13 - INFO - Epoch 33/1000, Loss: 1.3014624011803055
2024-06-19 01:59:21 - INFO - Epoch 34/1000, Loss: 1.3148301133704763
2024-06-19 01:59:29 - INFO - Epoch 35/1000, Loss: 1.3468370602530193
2024-06-19 01:59:37 - INFO - Epoch 36/1000, Loss: 1.3169767461173045
2024-06-19 01:59:45 - INFO - Epoch 37/1000, Loss: 1.286898723202969
2024-06-19 01:59:53 - INFO - Epoch 38/1000, Loss: 1.2990317779433382
2024-06-19 02:00:01 - INFO - Epoch 39/1000, Loss: 1.3197397194064733
2024-06-19 02:00:10 - INFO - Epoch 40/1000, Loss: 1.3068972797965215
2024-06-19 02:00:18 - INFO - Epoch 41/1000, Loss: 1.7708440208426193
2024-06-19 02:00:26 - INFO - Epoch 42/1000, Loss: 1.3631541715618933
2024-06-19 02:00:34 - INFO - Epoch 43/1000, Loss: 1.323326331432165
2024-06-19 02:00:42 - INFO - Epoch 44/1000, Loss: 1.324486668763874
2024-06-19 02:00:50 - INFO - Epoch 45/1000, Loss: 1.3345647282233128
2024-06-19 02:00:58 - INFO - Epoch 46/1000, Loss: 1.3174283466694638
2024-06-19 02:01:06 - INFO - Epoch 47/1000, Loss: 1.4526033716898208
2024-06-19 02:01:14 - INFO - Epoch 48/1000, Loss: 1.354562924069263
2024-06-19 02:01:23 - INFO - Epoch 49/1000, Loss: 1.3372921154366395
2024-06-19 02:01:31 - INFO - Epoch 50/1000, Loss: 1.331948672933281
2024-06-19 02:01:39 - INFO - Epoch 51/1000, Loss: 1.4100923165169874
2024-06-19 02:01:47 - INFO - Epoch 52/1000, Loss: 1.3514925584363975
2024-06-19 02:01:55 - INFO - Epoch 53/1000, Loss: 1.3493839005781607
2024-06-19 02:02:04 - INFO - Epoch 54/1000, Loss: 1.3033413766335118
2024-06-19 02:02:12 - INFO - Epoch 55/1000, Loss: 1.3147937964651646
2024-06-19 02:02:20 - INFO - Epoch 56/1000, Loss: 1.3746988983526227
2024-06-19 02:02:28 - INFO - Epoch 57/1000, Loss: 1.3175610930485322
2024-06-19 02:02:36 - INFO - Epoch 58/1000, Loss: 1.3615074491409977
2024-06-19 02:02:44 - INFO - Epoch 59/1000, Loss: 1.3496566097844858
2024-06-19 02:02:52 - INFO - Epoch 60/1000, Loss: 1.2848147713466984
2024-06-19 02:03:00 - INFO - Epoch 61/1000, Loss: 1.3564573629671675
2024-06-19 02:03:08 - INFO - Epoch 62/1000, Loss: 1.2994174522230473
2024-06-19 02:03:16 - INFO - Epoch 63/1000, Loss: 1.2804927158648292
2024-06-19 02:03:25 - INFO - Epoch 64/1000, Loss: 1.3559261104449154
2024-06-19 02:03:33 - INFO - Epoch 65/1000, Loss: 1.3243946650478955
2024-06-19 02:03:41 - INFO - Epoch 66/1000, Loss: 1.3323778259988577
2024-06-19 02:03:49 - INFO - Epoch 67/1000, Loss: 1.4006808443514533
2024-06-19 02:03:57 - INFO - Epoch 68/1000, Loss: 1.2930860462001648
2024-06-19 02:04:05 - INFO - Epoch 69/1000, Loss: 1.3049202436783078
2024-06-19 02:04:13 - INFO - Epoch 70/1000, Loss: 1.3004869267802321
2024-06-19 02:04:21 - INFO - Epoch 71/1000, Loss: 1.3091693033108356
2024-06-19 02:04:29 - INFO - Epoch 72/1000, Loss: 1.2869397795295103
2024-06-19 02:04:38 - INFO - Epoch 73/1000, Loss: 1.29547409050879
2024-06-19 02:04:46 - INFO - Epoch 74/1000, Loss: 1.3005329671583432
2024-06-19 02:04:54 - INFO - Epoch 75/1000, Loss: 1.3147956225954383
2024-06-19 02:05:02 - INFO - Epoch 76/1000, Loss: 1.2925199893031476
2024-06-19 02:05:10 - INFO - Epoch 77/1000, Loss: 1.304572085902453
2024-06-19 02:05:18 - INFO - Epoch 78/1000, Loss: 1.3067224684028906
2024-06-19 02:05:26 - INFO - Epoch 79/1000, Loss: 1.3262781869172109
2024-06-19 02:05:34 - INFO - Epoch 80/1000, Loss: 1.293109700729983
2024-06-19 02:05:42 - INFO - Epoch 81/1000, Loss: 1.317585059041919
2024-06-19 02:05:51 - INFO - Epoch 82/1000, Loss: 1.2925381675755325
2024-06-19 02:05:59 - INFO - Epoch 83/1000, Loss: 1.3045286134280891
2024-06-19 02:06:07 - INFO - Epoch 84/1000, Loss: 1.2942893407403888
2024-06-19 02:06:15 - INFO - Epoch 85/1000, Loss: 1.6317409375984733
2024-06-19 02:06:23 - INFO - Epoch 86/1000, Loss: 1.3202257508464212
2024-06-19 02:06:31 - INFO - Epoch 87/1000, Loss: 1.4162581131968413
2024-06-19 02:06:39 - INFO - Epoch 88/1000, Loss: 1.3477195873257395
2024-06-19 02:06:48 - INFO - Epoch 89/1000, Loss: 1.3084192180802
2024-06-19 02:06:56 - INFO - Epoch 90/1000, Loss: 1.2969596876080929
2024-06-19 02:07:04 - INFO - Epoch 91/1000, Loss: 1.3316523089145331
2024-06-19 02:07:12 - INFO - Epoch 92/1000, Loss: 1.4465623453494278
2024-06-19 02:07:20 - INFO - Epoch 93/1000, Loss: 1.317808064369124
2024-06-19 02:07:28 - INFO - Epoch 94/1000, Loss: 1.3180372016076258
2024-06-19 02:07:36 - INFO - Epoch 95/1000, Loss: 1.286437686459487
2024-06-19 02:07:45 - INFO - Epoch 96/1000, Loss: 1.312125954762976
2024-06-19 02:07:53 - INFO - Epoch 97/1000, Loss: 1.3127061958698216
2024-06-19 02:08:01 - INFO - Epoch 98/1000, Loss: 1.3392129263130683
2024-06-19 02:08:09 - INFO - Epoch 99/1000, Loss: 1.3946172227942837
2024-06-19 02:08:17 - INFO - Epoch 100/1000, Loss: 1.2852477147501282
2024-06-19 02:08:26 - INFO - Epoch 101/1000, Loss: 1.3064473151983325
2024-06-19 02:08:34 - INFO - Epoch 102/1000, Loss: 1.3007379711818559
2024-06-19 02:08:42 - INFO - Epoch 103/1000, Loss: 1.3006408034311658
2024-06-19 02:08:50 - INFO - Epoch 104/1000, Loss: 1.3091852066158134
2024-06-19 02:08:58 - INFO - Epoch 105/1000, Loss: 1.3262634112491039
2024-06-19 02:09:07 - INFO - Epoch 106/1000, Loss: 1.3490273407943765
2024-06-19 02:09:15 - INFO - Epoch 107/1000, Loss: 1.2822845904241849
2024-06-19 02:09:23 - INFO - Epoch 108/1000, Loss: 1.2964292942704623
2024-06-19 02:09:31 - INFO - Epoch 109/1000, Loss: 1.509200461942692
2024-06-19 02:09:39 - INFO - Epoch 110/1000, Loss: 1.4065323710713111
2024-06-19 02:09:47 - INFO - Epoch 111/1000, Loss: 1.2811774733519503
2024-06-19 02:09:56 - INFO - Epoch 112/1000, Loss: 1.3039967017609755
2024-06-19 02:10:04 - INFO - Epoch 113/1000, Loss: 1.2812380996901016
2024-06-19 02:10:12 - INFO - Epoch 114/1000, Loss: 1.3102276497670078
2024-06-19 02:10:20 - INFO - Epoch 115/1000, Loss: 1.304441420668334
2024-06-19 02:10:28 - INFO - Epoch 116/1000, Loss: 1.2990025895379862
2024-06-19 02:10:37 - INFO - Epoch 117/1000, Loss: 1.408131586991665
2024-06-19 02:10:45 - INFO - Epoch 118/1000, Loss: 1.3681365869891187
2024-06-19 02:10:53 - INFO - Epoch 119/1000, Loss: 1.3092682097672208
2024-06-19 02:11:01 - INFO - Epoch 120/1000, Loss: 1.3003424643384127
2024-06-19 02:11:10 - INFO - Epoch 121/1000, Loss: 1.3155386700311233
2024-06-19 02:11:18 - INFO - Epoch 122/1000, Loss: 1.27365434352077
2024-06-19 02:11:26 - INFO - Epoch 123/1000, Loss: 1.2940105269024276
2024-06-19 02:11:34 - INFO - Epoch 124/1000, Loss: 1.3111862596461217
2024-06-19 02:11:42 - INFO - Epoch 125/1000, Loss: 1.3515569906556577
2024-06-19 02:11:50 - INFO - Epoch 126/1000, Loss: 1.6530620677087815
2024-06-19 02:11:58 - INFO - Epoch 127/1000, Loss: 1.3670863872380545
2024-06-19 02:12:07 - INFO - Epoch 128/1000, Loss: 1.3054445325671638
2024-06-19 02:12:15 - INFO - Epoch 129/1000, Loss: 1.3031457607003483
2024-06-19 02:12:23 - INFO - Epoch 130/1000, Loss: 1.3867254198464711
2024-06-19 02:12:31 - INFO - Epoch 131/1000, Loss: 1.303031130204533
2024-06-19 02:12:39 - INFO - Epoch 132/1000, Loss: 1.2775810159400312
2024-06-19 02:12:47 - INFO - Epoch 133/1000, Loss: 1.3141669610751001
2024-06-19 02:12:56 - INFO - Epoch 134/1000, Loss: 1.3259160353073165
2024-06-19 02:13:04 - INFO - Epoch 135/1000, Loss: 1.270290903680933
2024-06-19 02:13:12 - INFO - Epoch 136/1000, Loss: 1.3006940821870314
2024-06-19 02:13:20 - INFO - Epoch 137/1000, Loss: 1.4263950302495243
2024-06-19 02:13:28 - INFO - Epoch 138/1000, Loss: 1.3333643629356657
2024-06-19 02:13:36 - INFO - Epoch 139/1000, Loss: 1.3605171926144703
2024-06-19 02:13:44 - INFO - Epoch 140/1000, Loss: 1.2831839330081234
2024-06-19 02:13:52 - INFO - Epoch 141/1000, Loss: 1.2987405528324238
2024-06-19 02:14:01 - INFO - Epoch 142/1000, Loss: 1.2932002554709834
2024-06-19 02:14:09 - INFO - Epoch 143/1000, Loss: 1.3531898749410505
2024-06-19 02:14:17 - INFO - Epoch 144/1000, Loss: 1.287220824586571
2024-06-19 02:14:25 - INFO - Epoch 145/1000, Loss: 1.2949802469122234
2024-06-19 02:14:33 - INFO - Epoch 146/1000, Loss: 1.300501538931074
2024-06-19 02:14:41 - INFO - Epoch 147/1000, Loss: 1.3026574363004977
2024-06-19 02:14:50 - INFO - Epoch 148/1000, Loss: 1.2853907343012814
2024-06-19 02:14:58 - INFO - Epoch 149/1000, Loss: 1.2757185322411726
2024-06-19 02:15:06 - INFO - Epoch 150/1000, Loss: 1.2864636240635867
2024-06-19 02:15:14 - INFO - Epoch 151/1000, Loss: 1.2930558936253356
2024-06-19 02:15:22 - INFO - Epoch 152/1000, Loss: 1.2981020768904616
2024-06-19 02:15:30 - INFO - Epoch 153/1000, Loss: 1.3990992932828772
2024-06-19 02:15:39 - INFO - Epoch 154/1000, Loss: 1.4839254174445047
2024-06-19 02:15:47 - INFO - Epoch 155/1000, Loss: 1.31621571758693
2024-06-19 02:15:55 - INFO - Epoch 156/1000, Loss: 1.2828168678232712
2024-06-19 02:16:03 - INFO - Epoch 157/1000, Loss: 1.2936512628470715
2024-06-19 02:16:11 - INFO - Epoch 158/1000, Loss: 1.3035439655648133
2024-06-19 02:16:20 - INFO - Epoch 159/1000, Loss: 1.285844064737438
2024-06-19 02:16:28 - INFO - Epoch 160/1000, Loss: 1.3150200494046225
2024-06-19 02:16:36 - INFO - Epoch 161/1000, Loss: 1.3068497271593857
2024-06-19 02:16:44 - INFO - Epoch 162/1000, Loss: 1.3047723524220147
2024-06-19 02:16:52 - INFO - Epoch 163/1000, Loss: 1.32329362888236
2024-06-19 02:17:01 - INFO - Epoch 164/1000, Loss: 1.2947359407252306
2024-06-19 02:17:09 - INFO - Epoch 165/1000, Loss: 1.3612238488669222
2024-06-19 02:17:17 - INFO - Epoch 166/1000, Loss: 1.296114214659236
2024-06-19 02:17:25 - INFO - Epoch 167/1000, Loss: 1.446610317366318
2024-06-19 02:17:33 - INFO - Epoch 168/1000, Loss: 1.6376612056322921
2024-06-19 02:17:42 - INFO - Epoch 169/1000, Loss: 1.357411012563979
2024-06-19 02:17:50 - INFO - Epoch 170/1000, Loss: 1.2820889139831502
2024-06-19 02:17:58 - INFO - Epoch 171/1000, Loss: 1.2918213902338553
2024-06-19 02:18:06 - INFO - Epoch 172/1000, Loss: 1.3560222730484544
2024-06-19 02:18:14 - INFO - Epoch 173/1000, Loss: 1.289586265006336
2024-06-19 02:18:22 - INFO - Epoch 174/1000, Loss: 1.30059130013485
2024-06-19 02:18:31 - INFO - Epoch 175/1000, Loss: 1.3084461716646287
2024-06-19 02:18:39 - INFO - Epoch 176/1000, Loss: 1.313194251695515
2024-06-19 02:18:47 - INFO - Epoch 177/1000, Loss: 1.3168175203754875
2024-06-19 02:18:55 - INFO - Epoch 178/1000, Loss: 1.3127703176728132
2024-06-19 02:19:03 - INFO - Epoch 179/1000, Loss: 1.3735607885191732
2024-06-19 02:19:12 - INFO - Epoch 180/1000, Loss: 1.4040498212696768
2024-06-19 02:19:20 - INFO - Epoch 181/1000, Loss: 1.3013849625947425
2024-06-19 02:19:28 - INFO - Epoch 182/1000, Loss: 1.373207113425092
2024-06-19 02:19:36 - INFO - Epoch 183/1000, Loss: 1.2921513507584839
2024-06-19 02:19:44 - INFO - Epoch 184/1000, Loss: 1.3352436849951594
2024-06-19 02:19:53 - INFO - Epoch 185/1000, Loss: 1.4742258288496481
2024-06-19 02:20:01 - INFO - Epoch 186/1000, Loss: 1.306747016007723
2024-06-19 02:20:09 - INFO - Epoch 187/1000, Loss: 1.287648815393437
2024-06-19 02:20:17 - INFO - Epoch 188/1000, Loss: 1.3323583175285654
2024-06-19 02:20:25 - INFO - Epoch 189/1000, Loss: 1.2895841273681636
2024-06-19 02:20:33 - INFO - Epoch 190/1000, Loss: 1.2801542002602955
2024-06-19 02:20:42 - INFO - Epoch 191/1000, Loss: 1.2747558256475207
2024-06-19 02:20:50 - INFO - Epoch 192/1000, Loss: 1.427786423782865
2024-06-19 02:20:58 - INFO - Epoch 193/1000, Loss: 1.350787484451345
2024-06-19 02:21:06 - INFO - Epoch 194/1000, Loss: 1.3047857715988993
2024-06-19 02:21:14 - INFO - Epoch 195/1000, Loss: 1.319152569923752
2024-06-19 02:21:23 - INFO - Epoch 196/1000, Loss: 1.2951075808415546
2024-06-19 02:21:31 - INFO - Epoch 197/1000, Loss: 1.2893495732690756
2024-06-19 02:21:39 - INFO - Epoch 198/1000, Loss: 1.345004519247939
2024-06-19 02:21:47 - INFO - Epoch 199/1000, Loss: 1.4398623630657292
2024-06-19 02:21:55 - INFO - Epoch 200/1000, Loss: 1.2768884415529664
2024-06-19 02:22:04 - INFO - Epoch 201/1000, Loss: 1.3626768988046454
2024-06-19 02:22:12 - INFO - Epoch 202/1000, Loss: 1.298171400907498
2024-06-19 02:22:20 - INFO - Epoch 203/1000, Loss: 1.2919427639591485
2024-06-19 02:22:28 - INFO - Epoch 204/1000, Loss: 1.3134639709225118
2024-06-19 02:22:36 - INFO - Epoch 205/1000, Loss: 1.2975251081902706
2024-06-19 02:22:44 - INFO - Epoch 206/1000, Loss: 1.3968061325867371
2024-06-19 02:22:53 - INFO - Epoch 207/1000, Loss: 1.307629976690173
2024-06-19 02:23:01 - INFO - Epoch 208/1000, Loss: 1.3096128112683652
2024-06-19 02:23:09 - INFO - Epoch 209/1000, Loss: 1.3037017464820617
2024-06-19 02:23:17 - INFO - Epoch 210/1000, Loss: 1.338938972089201
2024-06-19 02:23:25 - INFO - Epoch 211/1000, Loss: 1.2917597228577629
2024-06-19 02:23:33 - INFO - Epoch 212/1000, Loss: 1.4478507864061319
2024-06-19 02:23:42 - INFO - Epoch 213/1000, Loss: 1.29419602727378
2024-06-19 02:23:50 - INFO - Epoch 214/1000, Loss: 1.2879952459340203
2024-06-19 02:23:58 - INFO - Epoch 215/1000, Loss: 1.282507457881882
2024-06-19 02:24:06 - INFO - Epoch 216/1000, Loss: 1.2826498956830577
2024-06-19 02:24:14 - INFO - Epoch 217/1000, Loss: 1.3461938317348583
2024-06-19 02:24:22 - INFO - Epoch 218/1000, Loss: 1.356292805866523
2024-06-19 02:24:31 - INFO - Epoch 219/1000, Loss: 1.4259861695164113
2024-06-19 02:24:39 - INFO - Epoch 220/1000, Loss: 1.2973497849331292
2024-06-19 02:24:47 - INFO - Epoch 221/1000, Loss: 1.2813020021586394
2024-06-19 02:24:55 - INFO - Epoch 222/1000, Loss: 1.3977636739764703
2024-06-19 02:25:03 - INFO - Epoch 223/1000, Loss: 1.3133429231124127
2024-06-19 02:25:12 - INFO - Epoch 224/1000, Loss: 1.3012245380190777
2024-06-19 02:25:20 - INFO - Epoch 225/1000, Loss: 1.3046959806052687
2024-06-19 02:25:28 - INFO - Epoch 226/1000, Loss: 1.2950649559594805
2024-06-19 02:25:36 - INFO - Epoch 227/1000, Loss: 1.5901984382428225
2024-06-19 02:25:44 - INFO - Epoch 228/1000, Loss: 1.394481192180725
2024-06-19 02:25:53 - INFO - Epoch 229/1000, Loss: 1.3575836247559545
2024-06-19 02:26:01 - INFO - Epoch 230/1000, Loss: 1.2960295652249354
2024-06-19 02:26:09 - INFO - Epoch 231/1000, Loss: 1.3138566524786401
2024-06-19 02:26:17 - INFO - Epoch 232/1000, Loss: 1.2847311667959787
2024-06-19 02:26:25 - INFO - Epoch 233/1000, Loss: 1.298224949933149
2024-06-19 02:26:33 - INFO - Epoch 234/1000, Loss: 1.3322521860239447
2024-06-19 02:26:42 - INFO - Epoch 235/1000, Loss: 1.399712837962034
2024-06-19 02:26:50 - INFO - Epoch 236/1000, Loss: 2.753363330499545
2024-06-19 02:26:58 - INFO - Epoch 237/1000, Loss: 1.3057491780601884
2024-06-19 02:27:06 - INFO - Epoch 238/1000, Loss: 1.3223957529140251
2024-06-19 02:27:15 - INFO - Epoch 239/1000, Loss: 1.4507565888789764
2024-06-19 02:27:23 - INFO - Epoch 240/1000, Loss: 1.3295646416882183
2024-06-19 02:27:31 - INFO - Epoch 241/1000, Loss: 1.3605888233753127
2024-06-19 02:27:39 - INFO - Epoch 242/1000, Loss: 1.2946355716457252
2024-06-19 02:27:47 - INFO - Epoch 243/1000, Loss: 1.3147233558245264
2024-06-19 02:27:55 - INFO - Epoch 244/1000, Loss: 1.427356600334736
2024-06-19 02:28:04 - INFO - Epoch 245/1000, Loss: 1.2808432310760056
2024-06-19 02:28:12 - INFO - Epoch 246/1000, Loss: 1.2778299428072013
2024-06-19 02:28:20 - INFO - Epoch 247/1000, Loss: 1.396765021468142
2024-06-19 02:28:28 - INFO - Epoch 248/1000, Loss: 1.3605091248142422
2024-06-19 02:28:36 - INFO - Epoch 249/1000, Loss: 1.3500486633321351
2024-06-19 02:28:44 - INFO - Epoch 250/1000, Loss: 1.3016409940956328
2024-06-19 02:28:53 - INFO - Epoch 251/1000, Loss: 1.2975247647258819
2024-06-19 02:29:01 - INFO - Epoch 252/1000, Loss: 1.3244283544448154
2024-06-19 02:29:09 - INFO - Epoch 253/1000, Loss: 1.2920189402744326
2024-06-19 02:29:17 - INFO - Epoch 254/1000, Loss: 1.3569194465115086
2024-06-19 02:29:25 - INFO - Epoch 255/1000, Loss: 1.388406383084136
2024-06-19 02:29:33 - INFO - Epoch 256/1000, Loss: 1.3162371133243014
2024-06-19 02:29:42 - INFO - Epoch 257/1000, Loss: 1.3316661336401685
2024-06-19 02:29:50 - INFO - Epoch 258/1000, Loss: 1.3927954287119604
2024-06-19 02:29:58 - INFO - Epoch 259/1000, Loss: 1.3123897555947985
2024-06-19 02:30:06 - INFO - Epoch 260/1000, Loss: 1.3096678045090453
2024-06-19 02:30:14 - INFO - Epoch 261/1000, Loss: 1.3616399969376598
2024-06-19 02:30:22 - INFO - Epoch 262/1000, Loss: 1.4072301514792718
2024-06-19 02:30:31 - INFO - Epoch 263/1000, Loss: 1.340446680829941
2024-06-19 02:30:39 - INFO - Epoch 264/1000, Loss: 1.3063845874868343
2024-06-19 02:30:47 - INFO - Epoch 265/1000, Loss: 1.3541714580455917
2024-06-19 02:30:55 - INFO - Epoch 266/1000, Loss: 1.2867330499635838
2024-06-19 02:31:03 - INFO - Epoch 267/1000, Loss: 1.3292335554329149
2024-06-19 02:31:12 - INFO - Epoch 268/1000, Loss: 1.3368158173994424
2024-06-19 02:31:20 - INFO - Epoch 269/1000, Loss: 1.3513514970860898
2024-06-19 02:31:28 - INFO - Epoch 270/1000, Loss: 1.2888098205254677
2024-06-19 02:31:36 - INFO - Epoch 271/1000, Loss: 1.2966298005468193
2024-06-19 02:31:44 - INFO - Epoch 272/1000, Loss: 2.3236671069706465
2024-06-19 02:31:53 - INFO - Epoch 273/1000, Loss: 1.3198513592524668
2024-06-19 02:32:01 - INFO - Epoch 274/1000, Loss: 1.2974702980496953
2024-06-19 02:32:09 - INFO - Epoch 275/1000, Loss: 1.2990969746414158
2024-06-19 02:32:17 - INFO - Epoch 276/1000, Loss: 1.3167216816756624
2024-06-19 02:32:25 - INFO - Epoch 277/1000, Loss: 1.287021675175472
2024-06-19 02:32:33 - INFO - Epoch 278/1000, Loss: 1.3365409208109857
2024-06-19 02:32:42 - INFO - Epoch 279/1000, Loss: 1.4099739181974889
2024-06-19 02:32:50 - INFO - Epoch 280/1000, Loss: 1.3708383598869793
2024-06-19 02:32:58 - INFO - Epoch 281/1000, Loss: 1.3266837151597048
2024-06-19 02:33:06 - INFO - Epoch 282/1000, Loss: 1.2886127326155243
2024-06-19 02:33:14 - INFO - Epoch 283/1000, Loss: 1.2972045475505793
2024-06-19 02:33:23 - INFO - Epoch 284/1000, Loss: 1.3194120056220346
2024-06-19 02:33:31 - INFO - Epoch 285/1000, Loss: 1.289437866064648
2024-06-19 02:33:39 - INFO - Epoch 286/1000, Loss: 1.3137157043253467
2024-06-19 02:33:47 - INFO - Epoch 287/1000, Loss: 1.33608433941288
2024-06-19 02:33:55 - INFO - Epoch 288/1000, Loss: 1.3173619834680645
2024-06-19 02:34:04 - INFO - Epoch 289/1000, Loss: 1.4160106807541262
2024-06-19 02:34:12 - INFO - Epoch 290/1000, Loss: 1.3127032381517532
2024-06-19 02:34:20 - INFO - Epoch 291/1000, Loss: 1.342604805401045
2024-06-19 02:34:28 - INFO - Epoch 292/1000, Loss: 1.3168668836273476
2024-06-19 02:34:36 - INFO - Epoch 293/1000, Loss: 1.372059780179454
2024-06-19 02:34:44 - INFO - Epoch 294/1000, Loss: 1.2785495854386035
2024-06-19 02:34:53 - INFO - Epoch 295/1000, Loss: 1.3296710791539288
2024-06-19 02:35:01 - INFO - Epoch 296/1000, Loss: 1.3152447726411456
2024-06-19 02:35:09 - INFO - Epoch 297/1000, Loss: 1.2880355851263348
2024-06-19 02:35:17 - INFO - Epoch 298/1000, Loss: 1.3526260978212605
2024-06-19 02:35:25 - INFO - Epoch 299/1000, Loss: 1.311130408944154
2024-06-19 02:35:34 - INFO - Epoch 300/1000, Loss: 1.3542719753595462
2024-06-19 02:35:42 - INFO - Epoch 301/1000, Loss: 1.2955601238968348
2024-06-19 02:35:50 - INFO - Epoch 302/1000, Loss: 1.8719124000995544
2024-06-19 02:35:58 - INFO - Epoch 303/1000, Loss: 2.07331655372698
2024-06-19 02:36:06 - INFO - Epoch 304/1000, Loss: 1.295608122583846
2024-06-19 02:36:15 - INFO - Epoch 305/1000, Loss: 1.3162474766528096
2024-06-19 02:36:23 - INFO - Epoch 306/1000, Loss: 1.306027334182935
2024-06-19 02:36:31 - INFO - Epoch 307/1000, Loss: 1.3218866357997068
2024-06-19 02:36:39 - INFO - Epoch 308/1000, Loss: 1.4127449631685438
2024-06-19 02:36:47 - INFO - Epoch 309/1000, Loss: 1.3171371724246155
2024-06-19 02:36:55 - INFO - Epoch 310/1000, Loss: 4.5306640772486375
2024-06-19 02:37:03 - INFO - Epoch 311/1000, Loss: 1.3204072705872503
2024-06-19 02:37:12 - INFO - Epoch 312/1000, Loss: 1.3677904100446463
2024-06-19 02:37:20 - INFO - Epoch 313/1000, Loss: 1.2840944428338181
2024-06-19 02:37:28 - INFO - Epoch 314/1000, Loss: 1.2690030214721475
2024-06-19 02:37:36 - INFO - Epoch 315/1000, Loss: 1.2907489726429608
2024-06-19 02:37:44 - INFO - Epoch 316/1000, Loss: 1.3475239714590712
2024-06-19 02:37:52 - INFO - Epoch 317/1000, Loss: 1.302981046798455
2024-06-19 02:38:00 - INFO - Epoch 318/1000, Loss: 1.4019327818397054
2024-06-19 02:38:09 - INFO - Epoch 319/1000, Loss: 1.3165248041731905
2024-06-19 02:38:17 - INFO - Epoch 320/1000, Loss: 1.2987726837422944
2024-06-19 02:38:25 - INFO - Epoch 321/1000, Loss: 1.2996711381081396
2024-06-19 02:38:33 - INFO - Epoch 322/1000, Loss: 1.316516356045291
2024-06-19 02:38:41 - INFO - Epoch 323/1000, Loss: 1.310718895994137
2024-06-19 02:38:49 - INFO - Epoch 324/1000, Loss: 1.2780610129672858
2024-06-19 02:38:57 - INFO - Epoch 325/1000, Loss: 1.310954084911922
2024-06-19 02:39:05 - INFO - Epoch 326/1000, Loss: 1.3046072260946575
2024-06-19 02:39:14 - INFO - Epoch 327/1000, Loss: 1.285207036022184
2024-06-19 02:39:22 - INFO - Epoch 328/1000, Loss: 1.4150065995546053
2024-06-19 02:39:30 - INFO - Epoch 329/1000, Loss: 1.375263265983134
2024-06-19 02:39:38 - INFO - Epoch 330/1000, Loss: 1.2923496646129264
2024-06-19 02:39:46 - INFO - Epoch 331/1000, Loss: 1.2919248748633538
2024-06-19 02:39:55 - INFO - Epoch 332/1000, Loss: 1.2836637505260144
2024-06-19 02:40:03 - INFO - Epoch 333/1000, Loss: 1.2801366666922291
2024-06-19 02:40:11 - INFO - Epoch 334/1000, Loss: 1.3687342372320965
2024-06-19 02:40:19 - INFO - Epoch 335/1000, Loss: 1.3124064213837372
2024-06-19 02:40:27 - INFO - Epoch 336/1000, Loss: 1.3136201767760085
2024-06-19 02:40:35 - INFO - Epoch 337/1000, Loss: 1.2890787684412641
2024-06-19 02:40:44 - INFO - Epoch 338/1000, Loss: 1.3717497206352658
2024-06-19 02:40:52 - INFO - Epoch 339/1000, Loss: 1.3466560551795823
2024-06-19 02:41:00 - INFO - Epoch 340/1000, Loss: 1.327798076943363
2024-06-19 02:41:08 - INFO - Epoch 341/1000, Loss: 1.2959780090718414
2024-06-19 02:41:16 - INFO - Epoch 342/1000, Loss: 1.3564959327219166
2024-06-19 02:41:25 - INFO - Epoch 343/1000, Loss: 1.3060776683978665
2024-06-19 02:41:33 - INFO - Epoch 344/1000, Loss: 1.2922693251654709
2024-06-19 02:41:41 - INFO - Epoch 345/1000, Loss: 1.3223529266290395
2024-06-19 02:41:49 - INFO - Epoch 346/1000, Loss: 1.2940785445379246
2024-06-19 02:41:57 - INFO - Epoch 347/1000, Loss: 1.3224351049018128
2024-06-19 02:42:06 - INFO - Epoch 348/1000, Loss: 1.3080380577613955
2024-06-19 02:42:14 - INFO - Epoch 349/1000, Loss: 1.3395718420942153
2024-06-19 02:42:22 - INFO - Epoch 350/1000, Loss: 1.6572476403403913
2024-06-19 02:42:30 - INFO - Epoch 351/1000, Loss: 1.2843551423123751
2024-06-19 02:42:38 - INFO - Epoch 352/1000, Loss: 1.295477362051007
2024-06-19 02:42:46 - INFO - Epoch 353/1000, Loss: 1.2910977626054105
2024-06-19 02:42:55 - INFO - Epoch 354/1000, Loss: 1.3355320297468714
2024-06-19 02:43:03 - INFO - Epoch 355/1000, Loss: 1.5873728624166197
2024-06-19 02:43:11 - INFO - Epoch 356/1000, Loss: 1.2993682854811595
2024-06-19 02:43:19 - INFO - Epoch 357/1000, Loss: 1.4107172661776746
2024-06-19 02:43:27 - INFO - Epoch 358/1000, Loss: 1.3143486905584485
2024-06-19 02:43:36 - INFO - Epoch 359/1000, Loss: 1.2987298296235215
2024-06-19 02:43:44 - INFO - Epoch 360/1000, Loss: 1.3263545775742664
2024-06-19 02:43:52 - INFO - Epoch 361/1000, Loss: 1.3268460734133352
2024-06-19 02:44:00 - INFO - Epoch 362/1000, Loss: 1.296926444036627
2024-06-19 02:44:08 - INFO - Epoch 363/1000, Loss: 1.303056009055259
2024-06-19 02:44:16 - INFO - Epoch 364/1000, Loss: 1.276415648007334
2024-06-19 02:44:24 - INFO - Epoch 365/1000, Loss: 1.4430234112378495
2024-06-19 02:44:33 - INFO - Epoch 366/1000, Loss: 1.3541641120536498
2024-06-19 02:44:41 - INFO - Epoch 367/1000, Loss: 1.2960399020551023
2024-06-19 02:44:49 - INFO - Epoch 368/1000, Loss: 1.2902585263144315
2024-06-19 02:44:57 - INFO - Epoch 369/1000, Loss: 1.2877841102291738
2024-06-19 02:45:05 - INFO - Epoch 370/1000, Loss: 1.2978008471456015
2024-06-19 02:45:14 - INFO - Epoch 371/1000, Loss: 1.3400665694121363
2024-06-19 02:45:22 - INFO - Epoch 372/1000, Loss: 1.2886220062149734
2024-06-19 02:45:30 - INFO - Epoch 373/1000, Loss: 1.333284604235218
2024-06-19 02:45:38 - INFO - Epoch 374/1000, Loss: 1.296976823340853
2024-06-19 02:45:46 - INFO - Epoch 375/1000, Loss: 1.3236135743360653
2024-06-19 02:45:54 - INFO - Epoch 376/1000, Loss: 1.324884479810452
2024-06-19 02:46:02 - INFO - Epoch 377/1000, Loss: 1.2972583756455482
2024-06-19 02:46:11 - INFO - Epoch 378/1000, Loss: 1.2971735749457254
2024-06-19 02:46:19 - INFO - Epoch 379/1000, Loss: 1.3037793005393294
2024-06-19 02:46:27 - INFO - Epoch 380/1000, Loss: 1.2802537601706607
2024-06-19 02:46:35 - INFO - Epoch 381/1000, Loss: 1.3290552601833996
2024-06-19 02:46:43 - INFO - Epoch 382/1000, Loss: 1.3082690244272253
2024-06-19 02:46:51 - INFO - Epoch 383/1000, Loss: 1.3252395751037087
2024-06-19 02:47:00 - INFO - Epoch 384/1000, Loss: 1.283402633346707
2024-06-19 02:47:08 - INFO - Epoch 385/1000, Loss: 1.347865070363764
2024-06-19 02:47:16 - INFO - Epoch 386/1000, Loss: 1.2878715176410114
2024-06-19 02:47:24 - INFO - Epoch 387/1000, Loss: 1.3042452751118974
2024-06-19 02:47:32 - INFO - Epoch 388/1000, Loss: 1.2766030401674402
2024-06-19 02:47:40 - INFO - Epoch 389/1000, Loss: 1.319153454866956
2024-06-19 02:47:48 - INFO - Epoch 390/1000, Loss: 1.2781159995916924
2024-06-19 02:47:56 - INFO - Epoch 391/1000, Loss: 1.297235837614653
2024-06-19 02:48:05 - INFO - Epoch 392/1000, Loss: 1.3007988057109716
2024-06-19 02:48:13 - INFO - Epoch 393/1000, Loss: 1.303071000860508
2024-06-19 02:48:21 - INFO - Epoch 394/1000, Loss: 1.2851402108065173
2024-06-19 02:48:29 - INFO - Epoch 395/1000, Loss: 1.3138115192642161
2024-06-19 02:48:37 - INFO - Epoch 396/1000, Loss: 1.3155982904740526
2024-06-19 02:48:45 - INFO - Epoch 397/1000, Loss: 1.3228683550919813
2024-06-19 02:48:54 - INFO - Epoch 398/1000, Loss: 1.4179346156808526
2024-06-19 02:49:02 - INFO - Epoch 399/1000, Loss: 1.3258059339499377
2024-06-19 02:49:10 - INFO - Epoch 400/1000, Loss: 1.3164333758125666
2024-06-19 02:49:18 - INFO - Epoch 401/1000, Loss: 1.3173100788689822
2024-06-19 02:49:26 - INFO - Epoch 402/1000, Loss: 1.2902446727908283
2024-06-19 02:49:35 - INFO - Epoch 403/1000, Loss: 1.2842837125582436
2024-06-19 02:49:43 - INFO - Epoch 404/1000, Loss: 1.3419351193693532
2024-06-19 02:49:51 - INFO - Epoch 405/1000, Loss: 1.3013048329701546
2024-06-19 02:49:59 - INFO - Epoch 406/1000, Loss: 1.3124958554366164
2024-06-19 02:50:07 - INFO - Epoch 407/1000, Loss: 1.2976874969818266
2024-06-19 02:50:16 - INFO - Epoch 408/1000, Loss: 1.3174227286996532
2024-06-19 02:50:24 - INFO - Epoch 409/1000, Loss: 1.3431030842891405
2024-06-19 02:50:32 - INFO - Epoch 410/1000, Loss: 1.4009719936273501
2024-06-19 02:50:40 - INFO - Epoch 411/1000, Loss: 1.4523580451615212
2024-06-19 02:50:48 - INFO - Epoch 412/1000, Loss: 1.3388289645676477
2024-06-19 02:50:56 - INFO - Epoch 413/1000, Loss: 1.3227503730269625
2024-06-19 02:51:05 - INFO - Epoch 414/1000, Loss: 1.2944685754065388
2024-06-19 02:51:13 - INFO - Epoch 415/1000, Loss: 1.2959238714915364
2024-06-19 02:51:21 - INFO - Epoch 416/1000, Loss: 1.3977024313994921
2024-06-19 02:51:29 - INFO - Epoch 417/1000, Loss: 1.3235517050084755
2024-06-19 02:51:37 - INFO - Epoch 418/1000, Loss: 1.3368076527184625
2024-06-19 02:51:46 - INFO - Epoch 419/1000, Loss: 1.3757663848803188
2024-06-19 02:51:54 - INFO - Epoch 420/1000, Loss: 1.3158531584722175
2024-06-19 02:52:02 - INFO - Epoch 421/1000, Loss: 1.3324252394781404
2024-06-19 02:52:10 - INFO - Epoch 422/1000, Loss: 1.3338832664161704
2024-06-19 02:52:18 - INFO - Epoch 423/1000, Loss: 1.288410741381968
2024-06-19 02:52:27 - INFO - Epoch 424/1000, Loss: 1.3085686494486992
2024-06-19 02:52:35 - INFO - Epoch 425/1000, Loss: 1.3226760003942772
2024-06-19 02:52:43 - INFO - Epoch 426/1000, Loss: 1.3158182452170857
2024-06-19 02:52:51 - INFO - Epoch 427/1000, Loss: 1.4868573421814206
2024-06-19 02:52:59 - INFO - Epoch 428/1000, Loss: 1.3951432861244695
2024-06-19 02:53:07 - INFO - Epoch 429/1000, Loss: 1.3042453589900647
2024-06-19 02:53:16 - INFO - Epoch 430/1000, Loss: 1.331883049197417
2024-06-19 02:53:24 - INFO - Epoch 431/1000, Loss: 1.3133526129053874
2024-06-19 02:53:32 - INFO - Epoch 432/1000, Loss: 1.3077866124047322
2024-06-19 02:53:40 - INFO - Epoch 433/1000, Loss: 1.4360584774171603
2024-06-19 02:53:48 - INFO - Epoch 434/1000, Loss: 1.3207787034158365
2024-06-19 02:53:56 - INFO - Epoch 435/1000, Loss: 1.285576373087957
2024-06-19 02:54:05 - INFO - Epoch 436/1000, Loss: 1.2876818645107404
2024-06-19 02:54:13 - INFO - Epoch 437/1000, Loss: 1.2900027054398926
2024-06-19 02:54:21 - INFO - Epoch 438/1000, Loss: 1.657154199757104
2024-06-19 02:54:29 - INFO - Epoch 439/1000, Loss: 1.2999106917660346
2024-06-19 02:54:37 - INFO - Epoch 440/1000, Loss: 1.2982097035565259
2024-06-19 02:54:45 - INFO - Epoch 441/1000, Loss: 1.4257357157418757
2024-06-19 02:54:54 - INFO - Epoch 442/1000, Loss: 1.2857302548313154
2024-06-19 02:55:02 - INFO - Epoch 443/1000, Loss: 1.2993945066596277
2024-06-19 02:55:10 - INFO - Epoch 444/1000, Loss: 1.3428168957942601
2024-06-19 02:55:18 - INFO - Epoch 445/1000, Loss: 1.4121263834387612
2024-06-19 02:55:26 - INFO - Epoch 446/1000, Loss: 1.2934296008339543
2024-06-19 02:55:35 - INFO - Epoch 447/1000, Loss: 1.303172118277118
2024-06-19 02:55:43 - INFO - Epoch 448/1000, Loss: 1.2917730440650366
2024-06-19 02:55:51 - INFO - Epoch 449/1000, Loss: 1.2791010080252498
2024-06-19 02:55:59 - INFO - Epoch 450/1000, Loss: 1.2821900981443284
2024-06-19 02:56:07 - INFO - Epoch 451/1000, Loss: 1.2701495716840339
2024-06-19 02:56:15 - INFO - Epoch 452/1000, Loss: 1.3904734821503106
2024-06-19 02:56:23 - INFO - Epoch 453/1000, Loss: 1.2834921234827552
2024-06-19 02:56:32 - INFO - Epoch 454/1000, Loss: 1.2899443485334219
2024-06-19 02:56:40 - INFO - Epoch 455/1000, Loss: 1.301054713602806
2024-06-19 02:56:48 - INFO - Epoch 456/1000, Loss: 1.3017669943748467
2024-06-19 02:56:56 - INFO - Epoch 457/1000, Loss: 1.3217908110971237
2024-06-19 02:57:04 - INFO - Epoch 458/1000, Loss: 1.2875296669747105
2024-06-19 02:57:13 - INFO - Epoch 459/1000, Loss: 1.3092635918355124
2024-06-19 02:57:21 - INFO - Epoch 460/1000, Loss: 1.3053107585572512
2024-06-19 02:57:29 - INFO - Epoch 461/1000, Loss: 1.319408356403643
2024-06-19 02:57:37 - INFO - Epoch 462/1000, Loss: 1.2781752930998342
2024-06-19 02:57:45 - INFO - Epoch 463/1000, Loss: 1.2964622002208062
2024-06-19 02:57:54 - INFO - Epoch 464/1000, Loss: 1.3412201536287465
2024-06-19 02:58:02 - INFO - Epoch 465/1000, Loss: 1.3910357357041194
2024-06-19 02:58:10 - INFO - Epoch 466/1000, Loss: 1.4851897522056972
2024-06-19 02:58:18 - INFO - Epoch 467/1000, Loss: 1.3034826591856803
2024-06-19 02:58:26 - INFO - Epoch 468/1000, Loss: 1.3006769496183352
2024-06-19 02:58:34 - INFO - Epoch 469/1000, Loss: 1.2890526848635524
2024-06-19 02:58:43 - INFO - Epoch 470/1000, Loss: 1.2896072834110912
2024-06-19 02:58:51 - INFO - Epoch 471/1000, Loss: 1.2885304299357523
2024-06-19 02:58:59 - INFO - Epoch 472/1000, Loss: 1.3401506918497246
2024-06-19 02:59:07 - INFO - Epoch 473/1000, Loss: 1.2892498781905704
2024-06-19 02:59:15 - INFO - Epoch 474/1000, Loss: 1.3020776949217865
2024-06-19 02:59:23 - INFO - Epoch 475/1000, Loss: 1.3305481052440795
2024-06-19 02:59:32 - INFO - Epoch 476/1000, Loss: 1.2804281162882052
2024-06-19 02:59:40 - INFO - Epoch 477/1000, Loss: 1.2894300815035418
2024-06-19 02:59:48 - INFO - Epoch 478/1000, Loss: 1.2791114968967168
2024-06-19 02:59:56 - INFO - Epoch 479/1000, Loss: 1.3146279932137885
2024-06-19 03:00:04 - INFO - Epoch 480/1000, Loss: 1.294168020682272
2024-06-19 03:00:12 - INFO - Epoch 481/1000, Loss: 1.3180247744533997
2024-06-19 03:00:20 - INFO - Epoch 482/1000, Loss: 1.3547184592271257
2024-06-19 03:00:29 - INFO - Epoch 483/1000, Loss: 1.308354747598487
2024-06-19 03:00:37 - INFO - Epoch 484/1000, Loss: 1.4328370285195984
2024-06-19 03:00:45 - INFO - Epoch 485/1000, Loss: 1.3909607261027253
2024-06-19 03:00:53 - INFO - Epoch 486/1000, Loss: 1.3451746788693402
2024-06-19 03:01:01 - INFO - Epoch 487/1000, Loss: 1.3419819790044822
2024-06-19 03:01:09 - INFO - Epoch 488/1000, Loss: 1.2975165554931105
2024-06-19 03:01:17 - INFO - Epoch 489/1000, Loss: 1.2941784248055925
2024-06-19 03:01:26 - INFO - Epoch 490/1000, Loss: 1.2961634551166064
2024-06-19 03:01:34 - INFO - Epoch 491/1000, Loss: 1.3498103354192537
2024-06-19 03:01:42 - INFO - Epoch 492/1000, Loss: 1.3030801282702356
2024-06-19 03:01:50 - INFO - Epoch 493/1000, Loss: 1.3397137200666682
2024-06-19 03:01:58 - INFO - Epoch 494/1000, Loss: 1.2849730704832913
2024-06-19 03:02:07 - INFO - Epoch 495/1000, Loss: 1.3968137046457727
2024-06-19 03:02:15 - INFO - Epoch 496/1000, Loss: 1.316920493196888
2024-06-19 03:02:23 - INFO - Epoch 497/1000, Loss: 1.3082907252723313
2024-06-19 03:02:31 - INFO - Epoch 498/1000, Loss: 1.313658582306981
2024-06-19 03:02:39 - INFO - Epoch 499/1000, Loss: 1.2878402550948722
2024-06-19 03:02:47 - INFO - Epoch 500/1000, Loss: 1.313264813155181
2024-06-19 03:02:56 - INFO - Epoch 501/1000, Loss: 1.3392255370134711
2024-06-19 03:03:04 - INFO - Epoch 502/1000, Loss: 1.344577278706539
2024-06-19 03:03:12 - INFO - Epoch 503/1000, Loss: 1.335179399386757
2024-06-19 03:03:20 - INFO - Epoch 504/1000, Loss: 1.2960313836916362
2024-06-19 03:03:28 - INFO - Epoch 505/1000, Loss: 1.78372571474227
2024-06-19 03:03:36 - INFO - Epoch 506/1000, Loss: 1.2951864466221437
2024-06-19 03:03:45 - INFO - Epoch 507/1000, Loss: 1.3723253947180285
2024-06-19 03:03:53 - INFO - Epoch 508/1000, Loss: 1.5924660027711477
2024-06-19 03:04:01 - INFO - Epoch 509/1000, Loss: 1.321168657332868
2024-06-19 03:04:09 - INFO - Epoch 510/1000, Loss: 1.2745984080490227
2024-06-19 03:04:17 - INFO - Epoch 511/1000, Loss: 1.439069964976256
2024-06-19 03:04:26 - INFO - Epoch 512/1000, Loss: 1.2957066532868762
2024-06-19 03:04:34 - INFO - Epoch 513/1000, Loss: 1.2862542665182606
2024-06-19 03:04:42 - INFO - Epoch 514/1000, Loss: 1.3141145755383214
2024-06-19 03:04:50 - INFO - Epoch 515/1000, Loss: 1.301331772446516
2024-06-19 03:04:58 - INFO - Epoch 516/1000, Loss: 1.2968158497613316
2024-06-19 03:05:06 - INFO - Epoch 517/1000, Loss: 1.4084798004073877
2024-06-19 03:05:15 - INFO - Epoch 518/1000, Loss: 1.2957606526513437
2024-06-19 03:05:23 - INFO - Epoch 519/1000, Loss: 1.3057036900661072
2024-06-19 03:05:31 - INFO - Epoch 520/1000, Loss: 1.3935715459588127
2024-06-19 03:05:39 - INFO - Epoch 521/1000, Loss: 1.3524072830665839
2024-06-19 03:05:47 - INFO - Epoch 522/1000, Loss: 1.2827265451450158
2024-06-19 03:05:55 - INFO - Epoch 523/1000, Loss: 1.2892781733823766
2024-06-19 03:06:04 - INFO - Epoch 524/1000, Loss: 1.2903504519040785
2024-06-19 03:06:12 - INFO - Epoch 525/1000, Loss: 1.3007743131309264
2024-06-19 03:06:20 - INFO - Epoch 526/1000, Loss: 1.3093229901733543
2024-06-19 03:06:28 - INFO - Epoch 527/1000, Loss: 1.2841979916478192
2024-06-19 03:06:36 - INFO - Epoch 528/1000, Loss: 1.308221046918939
2024-06-19 03:06:44 - INFO - Epoch 529/1000, Loss: 1.6812011251022685
2024-06-19 03:06:53 - INFO - Epoch 530/1000, Loss: 1.28729914244108
2024-06-19 03:07:01 - INFO - Epoch 531/1000, Loss: 1.2946636200239319
2024-06-19 03:07:09 - INFO - Epoch 532/1000, Loss: 1.3140778334764835
2024-06-19 03:07:17 - INFO - Epoch 533/1000, Loss: 1.2935308734559283
2024-06-19 03:07:26 - INFO - Epoch 534/1000, Loss: 1.2764039431379435
2024-06-19 03:07:34 - INFO - Epoch 535/1000, Loss: 1.2951501167364123
2024-06-19 03:07:42 - INFO - Epoch 536/1000, Loss: 1.316782976362721
2024-06-19 03:07:50 - INFO - Epoch 537/1000, Loss: 1.4900987727569026
2024-06-19 03:07:58 - INFO - Epoch 538/1000, Loss: 1.3263412688348448
2024-06-19 03:08:06 - INFO - Epoch 539/1000, Loss: 1.3208832349958088
2024-06-19 03:08:14 - INFO - Epoch 540/1000, Loss: 1.3385608610468296
2024-06-19 03:08:23 - INFO - Epoch 541/1000, Loss: 1.317945004800637
2024-06-19 03:08:31 - INFO - Epoch 542/1000, Loss: 1.2911499553116186
2024-06-19 03:08:39 - INFO - Epoch 543/1000, Loss: 1.304486891949952
2024-06-19 03:08:47 - INFO - Epoch 544/1000, Loss: 1.4675777091677649
2024-06-19 03:08:55 - INFO - Epoch 545/1000, Loss: 1.2850795438952045
2024-06-19 03:09:03 - INFO - Epoch 546/1000, Loss: 1.3139032053048656
2024-06-19 03:09:12 - INFO - Epoch 547/1000, Loss: 1.3099128438888588
2024-06-19 03:09:20 - INFO - Epoch 548/1000, Loss: 1.2852341053055092
2024-06-19 03:09:28 - INFO - Epoch 549/1000, Loss: 1.2699957306800747
2024-06-19 03:09:36 - INFO - Epoch 550/1000, Loss: 1.3642106279581876
2024-06-19 03:09:44 - INFO - Epoch 551/1000, Loss: 1.342030754308457
2024-06-19 03:09:52 - INFO - Epoch 552/1000, Loss: 1.320942748370366
2024-06-19 03:10:00 - INFO - Epoch 553/1000, Loss: 1.3489437629248604
2024-06-19 03:10:08 - INFO - Epoch 554/1000, Loss: 1.3342885160714364
2024-06-19 03:10:17 - INFO - Epoch 555/1000, Loss: 4.008878910075514
2024-06-19 03:10:25 - INFO - Epoch 556/1000, Loss: 1.2943005561440724
2024-06-19 03:10:33 - INFO - Epoch 557/1000, Loss: 1.6521794017663545
2024-06-19 03:10:41 - INFO - Epoch 558/1000, Loss: 1.4249502846992195
2024-06-19 03:10:49 - INFO - Epoch 559/1000, Loss: 1.3327701986570246
2024-06-19 03:10:58 - INFO - Epoch 560/1000, Loss: 1.3023647441971735
2024-06-19 03:11:06 - INFO - Epoch 561/1000, Loss: 2.216870192409099
2024-06-19 03:11:14 - INFO - Epoch 562/1000, Loss: 1.3362420023232942
2024-06-19 03:11:22 - INFO - Epoch 563/1000, Loss: 1.3051098471311149
2024-06-19 03:11:30 - INFO - Epoch 564/1000, Loss: 1.3029275182976592
2024-06-19 03:11:38 - INFO - Epoch 565/1000, Loss: 1.2914171729666117
2024-06-19 03:11:47 - INFO - Epoch 566/1000, Loss: 1.354320615858334
2024-06-19 03:11:55 - INFO - Epoch 567/1000, Loss: 1.2904364082407975
2024-06-19 03:12:03 - INFO - Epoch 568/1000, Loss: 1.2930000049213548
2024-06-19 03:12:11 - INFO - Epoch 569/1000, Loss: 1.289415204552146
2024-06-19 03:12:19 - INFO - Epoch 570/1000, Loss: 1.2968963056640668
2024-06-19 03:12:28 - INFO - Epoch 571/1000, Loss: 1.3150495732838554
2024-06-19 03:12:36 - INFO - Epoch 572/1000, Loss: 1.2924394456433579
2024-06-19 03:12:44 - INFO - Epoch 573/1000, Loss: 1.2887324247323435
2024-06-19 03:12:52 - INFO - Epoch 574/1000, Loss: 1.2944457596029824
2024-06-19 03:13:00 - INFO - Epoch 575/1000, Loss: 1.2921534893165068
2024-06-19 03:13:08 - INFO - Epoch 576/1000, Loss: 1.2979375265778699
2024-06-19 03:13:17 - INFO - Epoch 577/1000, Loss: 1.9207461090182758
2024-06-19 03:13:25 - INFO - Epoch 578/1000, Loss: 1.3137241334356158
2024-06-19 03:13:33 - INFO - Epoch 579/1000, Loss: 1.3088024991917233
2024-06-19 03:13:41 - INFO - Epoch 580/1000, Loss: 1.2784200364318856
2024-06-19 03:13:49 - INFO - Epoch 581/1000, Loss: 1.2776691899252852
2024-06-19 03:13:58 - INFO - Epoch 582/1000, Loss: 1.3120425759912042
2024-06-19 03:14:06 - INFO - Epoch 583/1000, Loss: 1.37203314398775
2024-06-19 03:14:14 - INFO - Epoch 584/1000, Loss: 1.3276284019889313
2024-06-19 03:14:22 - INFO - Epoch 585/1000, Loss: 1.289594042790472
2024-06-19 03:14:30 - INFO - Epoch 586/1000, Loss: 1.3997284204276188
2024-06-19 03:14:39 - INFO - Epoch 587/1000, Loss: 1.2997250915687464
2024-06-19 03:14:47 - INFO - Epoch 588/1000, Loss: 1.3089503240580893
2024-06-19 03:14:55 - INFO - Epoch 589/1000, Loss: 1.2780219509928195
2024-06-19 03:15:03 - INFO - Epoch 590/1000, Loss: 1.3044948688817037
2024-06-19 03:15:11 - INFO - Epoch 591/1000, Loss: 1.3808055101941332
2024-06-19 03:15:19 - INFO - Epoch 592/1000, Loss: 1.2856338778527574
2024-06-19 03:15:28 - INFO - Epoch 593/1000, Loss: 1.3326689683426287
2024-06-19 03:15:36 - INFO - Epoch 594/1000, Loss: 1.3194928191470972
2024-06-19 03:15:44 - INFO - Epoch 595/1000, Loss: 1.3141074708907479
2024-06-19 03:15:52 - INFO - Epoch 596/1000, Loss: 1.3471183607957633
2024-06-19 03:16:00 - INFO - Epoch 597/1000, Loss: 1.3532033386309377
2024-06-19 03:16:09 - INFO - Epoch 598/1000, Loss: 1.297254078863544
2024-06-19 03:16:17 - INFO - Epoch 599/1000, Loss: 1.2868632120949361
2024-06-19 03:16:25 - INFO - Epoch 600/1000, Loss: 1.32868715865406
2024-06-19 03:16:33 - INFO - Epoch 601/1000, Loss: 1.2982346009455625
2024-06-19 03:16:41 - INFO - Epoch 602/1000, Loss: 1.3157382819385801
2024-06-19 03:16:50 - INFO - Epoch 603/1000, Loss: 1.296037878334309
2024-06-19 03:16:58 - INFO - Epoch 604/1000, Loss: 1.2880166763818919
2024-06-19 03:17:06 - INFO - Epoch 605/1000, Loss: 1.3080416827810717
2024-06-19 03:17:14 - INFO - Epoch 606/1000, Loss: 1.3319913776317733
2024-06-19 03:17:22 - INFO - Epoch 607/1000, Loss: 1.3398673896847624
2024-06-19 03:17:31 - INFO - Epoch 608/1000, Loss: 1.2871860086859694
2024-06-19 03:17:39 - INFO - Epoch 609/1000, Loss: 1.323936347227097
2024-06-19 03:17:47 - INFO - Epoch 610/1000, Loss: 1.3249351630254984
2024-06-19 03:17:55 - INFO - Epoch 611/1000, Loss: 1.2732812457463014
2024-06-19 03:18:03 - INFO - Epoch 612/1000, Loss: 1.2863197429256725
2024-06-19 03:18:11 - INFO - Epoch 613/1000, Loss: 1.3016401534853401
2024-06-19 03:18:20 - INFO - Epoch 614/1000, Loss: 1.3547782052850499
2024-06-19 03:18:28 - INFO - Epoch 615/1000, Loss: 1.2889463777949508
2024-06-19 03:18:36 - INFO - Epoch 616/1000, Loss: 1.3376184831862281
2024-06-19 03:18:44 - INFO - Epoch 617/1000, Loss: 1.3176266242175212
2024-06-19 03:18:52 - INFO - Epoch 618/1000, Loss: 1.2980721169633413
2024-06-19 03:19:01 - INFO - Epoch 619/1000, Loss: 1.5079709394026992
2024-06-19 03:19:09 - INFO - Epoch 620/1000, Loss: 1.2875345647736793
2024-06-19 03:19:17 - INFO - Epoch 621/1000, Loss: 1.3910045788798246
2024-06-19 03:19:25 - INFO - Epoch 622/1000, Loss: 1.2989549523743549
2024-06-19 03:19:33 - INFO - Epoch 623/1000, Loss: 1.2881034007493806
2024-06-19 03:19:41 - INFO - Epoch 624/1000, Loss: 1.3594303960492742
2024-06-19 03:19:50 - INFO - Epoch 625/1000, Loss: 1.367674621595685
2024-06-19 03:19:58 - INFO - Epoch 626/1000, Loss: 1.3603061228978086
2024-06-19 03:20:06 - INFO - Epoch 627/1000, Loss: 1.3018787863895893
2024-06-19 03:20:14 - INFO - Epoch 628/1000, Loss: 3.906808965371165
2024-06-19 03:20:22 - INFO - Epoch 629/1000, Loss: 1.3435688613543078
2024-06-19 03:20:31 - INFO - Epoch 630/1000, Loss: 1.3145754003948134
2024-06-19 03:20:39 - INFO - Epoch 631/1000, Loss: 1.2789283648797538
2024-06-19 03:20:47 - INFO - Epoch 632/1000, Loss: 1.2915399448423768
2024-06-19 03:20:55 - INFO - Epoch 633/1000, Loss: 1.3347686620091748
2024-06-19 03:21:03 - INFO - Epoch 634/1000, Loss: 1.3082561064801588
2024-06-19 03:21:11 - INFO - Epoch 635/1000, Loss: 1.2916105344461408
2024-06-19 03:21:19 - INFO - Epoch 636/1000, Loss: 1.6434705947358998
2024-06-19 03:21:28 - INFO - Epoch 637/1000, Loss: 1.3846170057042653
2024-06-19 03:21:36 - INFO - Epoch 638/1000, Loss: 1.5630766410228736
2024-06-19 03:21:44 - INFO - Epoch 639/1000, Loss: 1.3399954077611547
2024-06-19 03:21:52 - INFO - Epoch 640/1000, Loss: 1.3293969586587864
2024-06-19 03:22:00 - INFO - Epoch 641/1000, Loss: 1.2908822758972565
2024-06-19 03:22:09 - INFO - Epoch 642/1000, Loss: 1.3671787949068988
2024-06-19 03:22:17 - INFO - Epoch 643/1000, Loss: 1.2776069769670688
2024-06-19 03:22:25 - INFO - Epoch 644/1000, Loss: 1.2979826641255652
2024-06-19 03:22:33 - INFO - Epoch 645/1000, Loss: 1.287214661500103
2024-06-19 03:22:41 - INFO - Epoch 646/1000, Loss: 1.2965686164274435
2024-06-19 03:22:49 - INFO - Epoch 647/1000, Loss: 1.2824931814542782
2024-06-19 03:22:57 - INFO - Epoch 648/1000, Loss: 1.3371203467308745
2024-06-19 03:23:06 - INFO - Epoch 649/1000, Loss: 1.3050112114931003
2024-06-19 03:23:14 - INFO - Epoch 650/1000, Loss: 1.3653717824661686
2024-06-19 03:23:22 - INFO - Epoch 651/1000, Loss: 1.3271782791598463
2024-06-19 03:23:30 - INFO - Epoch 652/1000, Loss: 1.2912174424206158
2024-06-19 03:23:38 - INFO - Epoch 653/1000, Loss: 1.2814162353289453
2024-06-19 03:23:47 - INFO - Epoch 654/1000, Loss: 1.3536200576849697
2024-06-19 03:23:55 - INFO - Epoch 655/1000, Loss: 1.3220296147887811
2024-06-19 03:24:03 - INFO - Epoch 656/1000, Loss: 1.3248664136323693
2024-06-19 03:24:11 - INFO - Epoch 657/1000, Loss: 1.3020907552295586
2024-06-19 03:24:19 - INFO - Epoch 658/1000, Loss: 1.3138597788618116
2024-06-19 03:24:27 - INFO - Epoch 659/1000, Loss: 1.2902390785099367
2024-06-19 03:24:35 - INFO - Epoch 660/1000, Loss: 1.288673443945638
2024-06-19 03:24:44 - INFO - Epoch 661/1000, Loss: 1.305273958719387
2024-06-19 03:24:52 - INFO - Epoch 662/1000, Loss: 1.3204727978718107
2024-06-19 03:25:00 - INFO - Epoch 663/1000, Loss: 1.3391647133840288
2024-06-19 03:25:08 - INFO - Epoch 664/1000, Loss: 1.295866279584762
2024-06-19 03:25:16 - INFO - Epoch 665/1000, Loss: 1.3242478653437388
2024-06-19 03:25:25 - INFO - Epoch 666/1000, Loss: 1.2843965060850657
2024-06-19 03:25:33 - INFO - Epoch 667/1000, Loss: 1.2768458786943004
2024-06-19 03:25:41 - INFO - Epoch 668/1000, Loss: 1.3397742264142114
2024-06-19 03:25:49 - INFO - Epoch 669/1000, Loss: 1.351322339661965
2024-06-19 03:25:57 - INFO - Epoch 670/1000, Loss: 1.2919245707973777
2024-06-19 03:26:06 - INFO - Epoch 671/1000, Loss: 1.2831687103425842
2024-06-19 03:26:14 - INFO - Epoch 672/1000, Loss: 1.4044243371376393
2024-06-19 03:26:22 - INFO - Epoch 673/1000, Loss: 1.3142367475884942
2024-06-19 03:26:30 - INFO - Epoch 674/1000, Loss: 1.3376538161148017
2024-06-19 03:26:38 - INFO - Epoch 675/1000, Loss: 1.2785054245060725
2024-06-19 03:26:46 - INFO - Epoch 676/1000, Loss: 1.354220598250349
2024-06-19 03:26:54 - INFO - Epoch 677/1000, Loss: 1.326275651997859
2024-06-19 03:27:03 - INFO - Epoch 678/1000, Loss: 1.3769160643706886
2024-06-19 03:27:11 - INFO - Epoch 679/1000, Loss: 1.2927000866947893
2024-06-19 03:27:19 - INFO - Epoch 680/1000, Loss: 1.275694027974594
2024-06-19 03:27:27 - INFO - Epoch 681/1000, Loss: 1.283294724718783
2024-06-19 03:27:35 - INFO - Epoch 682/1000, Loss: 1.3267801694832757
2024-06-19 03:27:44 - INFO - Epoch 683/1000, Loss: 1.3026566478058268
2024-06-19 03:27:52 - INFO - Epoch 684/1000, Loss: 1.3065575833035352
2024-06-19 03:28:00 - INFO - Epoch 685/1000, Loss: 1.3224156236779334
2024-06-19 03:28:08 - INFO - Epoch 686/1000, Loss: 1.3467762384688189
2024-06-19 03:28:16 - INFO - Epoch 687/1000, Loss: 1.279121572023898
2024-06-19 03:28:24 - INFO - Epoch 688/1000, Loss: 1.293383798855028
2024-06-19 03:28:33 - INFO - Epoch 689/1000, Loss: 1.3003065766458348
2024-06-19 03:28:41 - INFO - Epoch 690/1000, Loss: 1.5280609383541177
2024-06-19 03:28:49 - INFO - Epoch 691/1000, Loss: 1.3099822312675193
2024-06-19 03:28:57 - INFO - Epoch 692/1000, Loss: 1.3803893674762602
2024-06-19 03:29:05 - INFO - Epoch 693/1000, Loss: 1.307841703321336
2024-06-19 03:29:13 - INFO - Epoch 694/1000, Loss: 1.3564076477838616
2024-06-19 03:29:21 - INFO - Epoch 695/1000, Loss: 1.2818220150397035
2024-06-19 03:29:30 - INFO - Epoch 696/1000, Loss: 1.289128691460893
2024-06-19 03:29:38 - INFO - Epoch 697/1000, Loss: 1.3005705653764998
2024-06-19 03:29:46 - INFO - Epoch 698/1000, Loss: 1.2895699613281515
2024-06-19 03:29:54 - INFO - Epoch 699/1000, Loss: 1.2896320297922743
2024-06-19 03:30:02 - INFO - Epoch 700/1000, Loss: 1.3197207252932621
2024-06-19 03:30:10 - INFO - Epoch 701/1000, Loss: 1.3344112255691523
2024-06-19 03:30:19 - INFO - Epoch 702/1000, Loss: 1.286814566287614
2024-06-19 03:30:27 - INFO - Epoch 703/1000, Loss: 1.294634534503295
2024-06-19 03:30:35 - INFO - Epoch 704/1000, Loss: 1.3295542033198644
2024-06-19 03:30:43 - INFO - Epoch 705/1000, Loss: 1.3228879355211745
2024-06-19 03:30:51 - INFO - Epoch 706/1000, Loss: 1.2815844552905824
2024-06-19 03:31:00 - INFO - Epoch 707/1000, Loss: 1.2948255063222607
2024-06-19 03:31:08 - INFO - Epoch 708/1000, Loss: 1.3036862535024074
2024-06-19 03:31:16 - INFO - Epoch 709/1000, Loss: 1.2857852238067848
2024-06-19 03:31:24 - INFO - Epoch 710/1000, Loss: 1.3454788317824653
2024-06-19 03:31:32 - INFO - Epoch 711/1000, Loss: 1.3174679217874734
2024-06-19 03:31:40 - INFO - Epoch 712/1000, Loss: 1.3100823415559755
2024-06-19 03:31:49 - INFO - Epoch 713/1000, Loss: 1.306446528415913
2024-06-19 03:31:57 - INFO - Epoch 714/1000, Loss: 1.3408099165860676
2024-06-19 03:32:05 - INFO - Epoch 715/1000, Loss: 1.3303145137407488
2024-06-19 03:32:13 - INFO - Epoch 716/1000, Loss: 1.2956365685369193
2024-06-19 03:32:21 - INFO - Epoch 717/1000, Loss: 1.734300388045509
2024-06-19 03:32:30 - INFO - Epoch 718/1000, Loss: 1.3558051463412046
2024-06-19 03:32:38 - INFO - Epoch 719/1000, Loss: 1.2906086422412602
2024-06-19 03:32:46 - INFO - Epoch 720/1000, Loss: 1.3172255438840224
2024-06-19 03:32:54 - INFO - Epoch 721/1000, Loss: 1.294948503777488
2024-06-19 03:33:02 - INFO - Epoch 722/1000, Loss: 1.2977566350893357
2024-06-19 03:33:10 - INFO - Epoch 723/1000, Loss: 1.3065639590250644
2024-06-19 03:33:18 - INFO - Epoch 724/1000, Loss: 1.3564963094449933
2024-06-19 03:33:27 - INFO - Epoch 725/1000, Loss: 1.6404044357175325
2024-06-19 03:33:35 - INFO - Epoch 726/1000, Loss: 1.3086406362387546
2024-06-19 03:33:43 - INFO - Epoch 727/1000, Loss: 1.3601108347804942
2024-06-19 03:33:51 - INFO - Epoch 728/1000, Loss: 1.554933617782522
2024-06-19 03:34:00 - INFO - Epoch 729/1000, Loss: 1.2970081538949692
2024-06-19 03:34:08 - INFO - Epoch 730/1000, Loss: 1.2811740760506654
2024-06-19 03:34:16 - INFO - Epoch 731/1000, Loss: 1.2995576334815309
2024-06-19 03:34:24 - INFO - Epoch 732/1000, Loss: 1.319510133546948
2024-06-19 03:34:32 - INFO - Epoch 733/1000, Loss: 1.5814572055098324
2024-06-19 03:34:41 - INFO - Epoch 734/1000, Loss: 1.3155510512510116
2024-06-19 03:34:49 - INFO - Epoch 735/1000, Loss: 1.2785059184657477
2024-06-19 03:34:57 - INFO - Epoch 736/1000, Loss: 1.27607250117205
2024-06-19 03:35:05 - INFO - Epoch 737/1000, Loss: 1.306088622336839
2024-06-19 03:35:13 - INFO - Epoch 738/1000, Loss: 1.4079440473119336
2024-06-19 03:35:21 - INFO - Epoch 739/1000, Loss: 1.3301644838211488
2024-06-19 03:35:30 - INFO - Epoch 740/1000, Loss: 1.3102042408926642
2024-06-19 03:35:38 - INFO - Epoch 741/1000, Loss: 1.3163728410494033
2024-06-19 03:35:46 - INFO - Epoch 742/1000, Loss: 1.2851437321435357
2024-06-19 03:35:54 - INFO - Epoch 743/1000, Loss: 1.3273516255476117
2024-06-19 03:36:02 - INFO - Epoch 744/1000, Loss: 1.2724870786293168
2024-06-19 03:36:11 - INFO - Epoch 745/1000, Loss: 1.3006326502538572
2024-06-19 03:36:19 - INFO - Epoch 746/1000, Loss: 1.3175920741093605
2024-06-19 03:36:27 - INFO - Epoch 747/1000, Loss: 1.2765472488013658
2024-06-19 03:36:35 - INFO - Epoch 748/1000, Loss: 1.298786028948798
2024-06-19 03:36:43 - INFO - Epoch 749/1000, Loss: 1.3144741605549783
2024-06-19 03:36:51 - INFO - Epoch 750/1000, Loss: 1.2974074623749101
2024-06-19 03:37:00 - INFO - Epoch 751/1000, Loss: 1.324498563344102
2024-06-19 03:37:08 - INFO - Epoch 752/1000, Loss: 1.3187152657200534
2024-06-19 03:37:16 - INFO - Epoch 753/1000, Loss: 1.3116968155727333
2024-06-19 03:37:24 - INFO - Epoch 754/1000, Loss: 1.3104023855555835
2024-06-19 03:37:32 - INFO - Epoch 755/1000, Loss: 1.4508635585557321
2024-06-19 03:37:41 - INFO - Epoch 756/1000, Loss: 1.2805911262503165
2024-06-19 03:37:49 - INFO - Epoch 757/1000, Loss: 1.3643215524597834
2024-06-19 03:37:57 - INFO - Epoch 758/1000, Loss: 1.5107331469828895
2024-06-19 03:38:05 - INFO - Epoch 759/1000, Loss: 1.3375106855111047
2024-06-19 03:38:13 - INFO - Epoch 760/1000, Loss: 1.2977933144517309
2024-06-19 03:38:22 - INFO - Epoch 761/1000, Loss: 1.5375715967546373
2024-06-19 03:38:30 - INFO - Epoch 762/1000, Loss: 1.4196115984597732
2024-06-19 03:38:38 - INFO - Epoch 763/1000, Loss: 1.290426641086186
2024-06-19 03:38:46 - INFO - Epoch 764/1000, Loss: 1.3024713169695559
2024-06-19 03:38:54 - INFO - Epoch 765/1000, Loss: 1.325375649351979
2024-06-19 03:39:02 - INFO - Epoch 766/1000, Loss: 1.358079507406002
2024-06-19 03:39:11 - INFO - Epoch 767/1000, Loss: 1.3103045312640047
2024-06-19 03:39:19 - INFO - Epoch 768/1000, Loss: 1.3323208085054223
2024-06-19 03:39:27 - INFO - Epoch 769/1000, Loss: 1.295106831224417
2024-06-19 03:39:35 - INFO - Epoch 770/1000, Loss: 1.2967423516902854
2024-06-19 03:39:43 - INFO - Epoch 771/1000, Loss: 1.3033129488779611
2024-06-19 03:39:51 - INFO - Epoch 772/1000, Loss: 1.3242485654662743
2024-06-19 03:40:00 - INFO - Epoch 773/1000, Loss: 1.278720147450233
2024-06-19 03:40:08 - INFO - Epoch 774/1000, Loss: 1.2936948765738874
2024-06-19 03:40:16 - INFO - Epoch 775/1000, Loss: 1.600704665652369
2024-06-19 03:40:24 - INFO - Epoch 776/1000, Loss: 1.320736958653293
2024-06-19 03:40:32 - INFO - Epoch 777/1000, Loss: 1.2819856121434452
2024-06-19 03:40:41 - INFO - Epoch 778/1000, Loss: 1.3143458497334195
2024-06-19 03:40:49 - INFO - Epoch 779/1000, Loss: 1.319198721343324
2024-06-19 03:40:57 - INFO - Epoch 780/1000, Loss: 1.5327543191916884
2024-06-19 03:41:05 - INFO - Epoch 781/1000, Loss: 1.3186457029242553
2024-06-19 03:41:13 - INFO - Epoch 782/1000, Loss: 1.2896989436072683
2024-06-19 03:41:22 - INFO - Epoch 783/1000, Loss: 1.3233320669211786
2024-06-19 03:41:30 - INFO - Epoch 784/1000, Loss: 1.3903152259363765
2024-06-19 03:41:38 - INFO - Epoch 785/1000, Loss: 1.2941920001658747
2024-06-19 03:41:46 - INFO - Epoch 786/1000, Loss: 1.3926206441713123
2024-06-19 03:41:54 - INFO - Epoch 787/1000, Loss: 1.3020041827759206
2024-06-19 03:42:02 - INFO - Epoch 788/1000, Loss: 1.359790551273448
2024-06-19 03:42:11 - INFO - Epoch 789/1000, Loss: 1.3018299780014762
2024-06-19 03:42:19 - INFO - Epoch 790/1000, Loss: 1.3630010195369806
2024-06-19 03:42:27 - INFO - Epoch 791/1000, Loss: 1.4599593700250144
2024-06-19 03:42:35 - INFO - Epoch 792/1000, Loss: 1.2966297613395805
2024-06-19 03:42:43 - INFO - Epoch 793/1000, Loss: 1.3027495932269837
2024-06-19 03:42:52 - INFO - Epoch 794/1000, Loss: 1.2990037864794908
2024-06-19 03:43:00 - INFO - Epoch 795/1000, Loss: 1.3050319742791818
2024-06-19 03:43:08 - INFO - Epoch 796/1000, Loss: 1.2961448227816732
2024-06-19 03:43:16 - INFO - Epoch 797/1000, Loss: 1.3324677327717331
2024-06-19 03:43:24 - INFO - Epoch 798/1000, Loss: 1.3138257343222814
2024-06-19 03:43:32 - INFO - Epoch 799/1000, Loss: 1.2854164939254076
2024-06-19 03:43:41 - INFO - Epoch 800/1000, Loss: 1.2686615096405063
2024-06-19 03:43:49 - INFO - Epoch 801/1000, Loss: 1.3367557909478371
2024-06-19 03:43:57 - INFO - Epoch 802/1000, Loss: 1.2963068854973383
2024-06-19 03:44:05 - INFO - Epoch 803/1000, Loss: 1.6189868069756774
2024-06-19 03:44:13 - INFO - Epoch 804/1000, Loss: 1.276449748042659
2024-06-19 03:44:22 - INFO - Epoch 805/1000, Loss: 1.3571336218232761
2024-06-19 03:44:30 - INFO - Epoch 806/1000, Loss: 1.3419530571063947
2024-06-19 03:44:38 - INFO - Epoch 807/1000, Loss: 1.2872856968933029
2024-06-19 03:44:46 - INFO - Epoch 808/1000, Loss: 1.4642910265121278
2024-06-19 03:44:54 - INFO - Epoch 809/1000, Loss: 1.3468103588350546
2024-06-19 03:45:02 - INFO - Epoch 810/1000, Loss: 1.3138277734034687
2024-06-19 03:45:11 - INFO - Epoch 811/1000, Loss: 1.288015970571245
2024-06-19 03:45:19 - INFO - Epoch 812/1000, Loss: 1.3717378294185876
2024-06-19 03:45:27 - INFO - Epoch 813/1000, Loss: 1.279112781345919
2024-06-19 03:45:35 - INFO - Epoch 814/1000, Loss: 1.3098048835498255
2024-06-19 03:45:43 - INFO - Epoch 815/1000, Loss: 1.350881730031198
2024-06-19 03:45:51 - INFO - Epoch 816/1000, Loss: 1.284764637177068
2024-06-19 03:46:00 - INFO - Epoch 817/1000, Loss: 1.3473733175872
2024-06-19 03:46:08 - INFO - Epoch 818/1000, Loss: 1.296235858936919
2024-06-19 03:46:16 - INFO - Epoch 819/1000, Loss: 1.3024177780179296
2024-06-19 03:46:24 - INFO - Epoch 820/1000, Loss: 1.292221836180876
2024-06-19 03:46:32 - INFO - Epoch 821/1000, Loss: 1.3036284822912965
2024-06-19 03:46:41 - INFO - Epoch 822/1000, Loss: 2.1478587411268206
2024-06-19 03:46:49 - INFO - Epoch 823/1000, Loss: 1.3534721171612665
2024-06-19 03:46:57 - INFO - Epoch 824/1000, Loss: 1.3278717902926551
2024-06-19 03:47:05 - INFO - Epoch 825/1000, Loss: 1.3135259653552995
2024-06-19 03:47:13 - INFO - Epoch 826/1000, Loss: 1.3192816915768313
2024-06-19 03:47:21 - INFO - Epoch 827/1000, Loss: 1.4264874964729433
2024-06-19 03:47:30 - INFO - Epoch 828/1000, Loss: 1.3090925088505285
2024-06-19 03:47:38 - INFO - Epoch 829/1000, Loss: 1.3286029096317553
2024-06-19 03:47:46 - INFO - Epoch 830/1000, Loss: 1.3138498663375862
2024-06-19 03:47:54 - INFO - Epoch 831/1000, Loss: 1.3045379996482604
2024-06-19 03:48:02 - INFO - Epoch 832/1000, Loss: 1.3126215343943468
2024-06-19 03:48:11 - INFO - Epoch 833/1000, Loss: 1.2843964755970114
2024-06-19 03:48:19 - INFO - Epoch 834/1000, Loss: 1.5347913056688207
2024-06-19 03:48:27 - INFO - Epoch 835/1000, Loss: 1.2857186726899192
2024-06-19 03:48:35 - INFO - Epoch 836/1000, Loss: 1.3025622371959424
2024-06-19 03:48:43 - INFO - Epoch 837/1000, Loss: 1.283497195809488
2024-06-19 03:48:51 - INFO - Epoch 838/1000, Loss: 1.315576734655002
2024-06-19 03:49:00 - INFO - Epoch 839/1000, Loss: 1.2910693892817315
2024-06-19 03:49:08 - INFO - Epoch 840/1000, Loss: 1.2977620933376495
2024-06-19 03:49:16 - INFO - Epoch 841/1000, Loss: 1.4235133540262954
2024-06-19 03:49:24 - INFO - Epoch 842/1000, Loss: 1.2795654884836738
2024-06-19 03:49:32 - INFO - Epoch 843/1000, Loss: 2.0640514586608303
2024-06-19 03:49:40 - INFO - Epoch 844/1000, Loss: 1.3188568133609218
2024-06-19 03:49:49 - INFO - Epoch 845/1000, Loss: 1.3134284393616602
2024-06-19 03:49:57 - INFO - Epoch 846/1000, Loss: 1.626087122203327
2024-06-19 03:50:05 - INFO - Epoch 847/1000, Loss: 1.2988390370636136
2024-06-19 03:50:13 - INFO - Epoch 848/1000, Loss: 1.2809555395008692
2024-06-19 03:50:21 - INFO - Epoch 849/1000, Loss: 1.2760822903199525
2024-06-19 03:50:30 - INFO - Epoch 850/1000, Loss: 1.3505597341699547
2024-06-19 03:50:38 - INFO - Epoch 851/1000, Loss: 1.317376705989874
2024-06-19 03:50:46 - INFO - Epoch 852/1000, Loss: 1.2678962354407797
2024-06-19 03:50:54 - INFO - Epoch 853/1000, Loss: 1.301955544560135
2024-06-19 03:51:02 - INFO - Epoch 854/1000, Loss: 1.3838982190213842
2024-06-19 03:51:10 - INFO - Epoch 855/1000, Loss: 1.2849976130788177
2024-06-19 03:51:18 - INFO - Epoch 856/1000, Loss: 1.3227043319146337
2024-06-19 03:51:27 - INFO - Epoch 857/1000, Loss: 1.3243153828576713
2024-06-19 03:51:35 - INFO - Epoch 858/1000, Loss: 1.3002351515297443
2024-06-19 03:51:43 - INFO - Epoch 859/1000, Loss: 1.2968441569001108
2024-06-19 03:51:51 - INFO - Epoch 860/1000, Loss: 1.2922492563234116
2024-06-19 03:51:59 - INFO - Epoch 861/1000, Loss: 1.297229400504191
2024-06-19 03:52:08 - INFO - Epoch 862/1000, Loss: 1.2882733170370984
2024-06-19 03:52:16 - INFO - Epoch 863/1000, Loss: 1.2909030844542082
2024-06-19 03:52:24 - INFO - Epoch 864/1000, Loss: 1.2972629506213504
2024-06-19 03:52:32 - INFO - Epoch 865/1000, Loss: 1.4181767308063122
2024-06-19 03:52:40 - INFO - Epoch 866/1000, Loss: 1.3220831469745198
2024-06-19 03:52:48 - INFO - Epoch 867/1000, Loss: 1.28988072136614
2024-06-19 03:52:56 - INFO - Epoch 868/1000, Loss: 1.6752710289432708
2024-06-19 03:53:05 - INFO - Epoch 869/1000, Loss: 1.3005729596418565
2024-06-19 03:53:13 - INFO - Epoch 870/1000, Loss: 1.2917050959669063
2024-06-19 03:53:21 - INFO - Epoch 871/1000, Loss: 1.29867113684974
2024-06-19 03:53:29 - INFO - Epoch 872/1000, Loss: 1.349354023021983
2024-06-19 03:53:37 - INFO - Epoch 873/1000, Loss: 1.3046392283058175
2024-06-19 03:53:45 - INFO - Epoch 874/1000, Loss: 1.3119830146680587
2024-06-19 03:53:54 - INFO - Epoch 875/1000, Loss: 1.762647888725042
2024-06-19 03:54:02 - INFO - Epoch 876/1000, Loss: 1.2837086303826017
2024-06-19 03:54:10 - INFO - Epoch 877/1000, Loss: 1.285287965525977
2024-06-19 03:54:18 - INFO - Epoch 878/1000, Loss: 1.300908658725361
2024-06-19 03:54:26 - INFO - Epoch 879/1000, Loss: 1.3410337546355708
2024-06-19 03:54:34 - INFO - Epoch 880/1000, Loss: 1.3350491076451556
2024-06-19 03:54:43 - INFO - Epoch 881/1000, Loss: 1.3146710962518424
2024-06-19 03:54:51 - INFO - Epoch 882/1000, Loss: 1.8820712604942955
2024-06-19 03:54:59 - INFO - Epoch 883/1000, Loss: 1.2982738456571805
2024-06-19 03:55:07 - INFO - Epoch 884/1000, Loss: 1.28147805584905
2024-06-19 03:55:15 - INFO - Epoch 885/1000, Loss: 1.3945536326315868
2024-06-19 03:55:23 - INFO - Epoch 886/1000, Loss: 1.3742204300281045
2024-06-19 03:55:32 - INFO - Epoch 887/1000, Loss: 1.4447657195160712
2024-06-19 03:55:40 - INFO - Epoch 888/1000, Loss: 1.2959021938588005
2024-06-19 03:55:48 - INFO - Epoch 889/1000, Loss: 1.3089226202857724
2024-06-19 03:55:56 - INFO - Epoch 890/1000, Loss: 1.3005308115913996
2024-06-19 03:56:04 - INFO - Epoch 891/1000, Loss: 1.2886274432956448
2024-06-19 03:56:12 - INFO - Epoch 892/1000, Loss: 1.296035281929052
2024-06-19 03:56:21 - INFO - Epoch 893/1000, Loss: 1.3232771424808767
2024-06-19 03:56:29 - INFO - Epoch 894/1000, Loss: 1.3414939899621456
2024-06-19 03:56:37 - INFO - Epoch 895/1000, Loss: 1.3268867182675108
2024-06-19 03:56:45 - INFO - Epoch 896/1000, Loss: 1.3045650189909117
2024-06-19 03:56:53 - INFO - Epoch 897/1000, Loss: 1.2858209692439413
2024-06-19 03:57:02 - INFO - Epoch 898/1000, Loss: 1.303218294643477
2024-06-19 03:57:10 - INFO - Epoch 899/1000, Loss: 1.4977984489359706
2024-06-19 03:57:18 - INFO - Epoch 900/1000, Loss: 1.289418257657595
2024-06-19 03:57:26 - INFO - Epoch 901/1000, Loss: 1.2962728929238156
2024-06-19 03:57:34 - INFO - Epoch 902/1000, Loss: 1.2998465584815366
2024-06-19 03:57:42 - INFO - Epoch 903/1000, Loss: 1.3108209243452666
2024-06-19 03:57:51 - INFO - Epoch 904/1000, Loss: 1.3022573661788683
2024-06-19 03:57:59 - INFO - Epoch 905/1000, Loss: 1.2845499166378176
2024-06-19 03:58:07 - INFO - Epoch 906/1000, Loss: 1.2987999334853104
2024-06-19 03:58:15 - INFO - Epoch 907/1000, Loss: 1.336727915980829
2024-06-19 03:58:23 - INFO - Epoch 908/1000, Loss: 1.521252676221897
2024-06-19 03:58:32 - INFO - Epoch 909/1000, Loss: 1.3636747590613234
2024-06-19 03:58:40 - INFO - Epoch 910/1000, Loss: 1.3590297244091953
2024-06-19 03:58:48 - INFO - Epoch 911/1000, Loss: 1.628889792302283
2024-06-19 03:58:56 - INFO - Epoch 912/1000, Loss: 1.2786127746905906
2024-06-19 03:59:04 - INFO - Epoch 913/1000, Loss: 1.295654534733911
2024-06-19 03:59:12 - INFO - Epoch 914/1000, Loss: 1.3263944434702926
2024-06-19 03:59:20 - INFO - Epoch 915/1000, Loss: 1.286882553562506
2024-06-19 03:59:29 - INFO - Epoch 916/1000, Loss: 1.2847362653994026
2024-06-19 03:59:37 - INFO - Epoch 917/1000, Loss: 1.5120525938172455
2024-06-19 03:59:45 - INFO - Epoch 918/1000, Loss: 1.2802418268957614
2024-06-19 03:59:53 - INFO - Epoch 919/1000, Loss: 1.3236257482571332
2024-06-19 04:00:01 - INFO - Epoch 920/1000, Loss: 1.4353411991282696
2024-06-19 04:00:10 - INFO - Epoch 921/1000, Loss: 1.332978982969302
2024-06-19 04:00:18 - INFO - Epoch 922/1000, Loss: 1.286541765301274
2024-06-19 04:00:26 - INFO - Epoch 923/1000, Loss: 1.3554102826671488
2024-06-19 04:00:34 - INFO - Epoch 924/1000, Loss: 1.2946277340990182
2024-06-19 04:00:42 - INFO - Epoch 925/1000, Loss: 1.345679528043952
2024-06-19 04:00:50 - INFO - Epoch 926/1000, Loss: 1.3593547522858231
2024-06-19 04:00:58 - INFO - Epoch 927/1000, Loss: 1.280698608937625
2024-06-19 04:01:07 - INFO - Epoch 928/1000, Loss: 1.289494300855008
2024-06-19 04:01:15 - INFO - Epoch 929/1000, Loss: 1.286082422983218
2024-06-19 04:01:23 - INFO - Epoch 930/1000, Loss: 1.2972233287461248
2024-06-19 04:01:31 - INFO - Epoch 931/1000, Loss: 1.279479419664764
2024-06-19 04:01:39 - INFO - Epoch 932/1000, Loss: 1.282212098262214
2024-06-19 04:01:48 - INFO - Epoch 933/1000, Loss: 1.2909838121228707
2024-06-19 04:01:56 - INFO - Epoch 934/1000, Loss: 1.2703447986312952
2024-06-19 04:02:04 - INFO - Epoch 935/1000, Loss: 1.297010811938516
2024-06-19 04:02:12 - INFO - Epoch 936/1000, Loss: 1.2900240797380997
2024-06-19 04:02:20 - INFO - Epoch 937/1000, Loss: 1.2863833964222873
2024-06-19 04:02:29 - INFO - Epoch 938/1000, Loss: 1.4605470740944195
2024-06-19 04:02:37 - INFO - Epoch 939/1000, Loss: 1.2862091818841295
2024-06-19 04:02:45 - INFO - Epoch 940/1000, Loss: 1.2870669893344475
2024-06-19 04:02:53 - INFO - Epoch 941/1000, Loss: 1.307201185929295
2024-06-19 04:03:01 - INFO - Epoch 942/1000, Loss: 1.292909655434447
2024-06-19 04:03:09 - INFO - Epoch 943/1000, Loss: 1.3601228291728045
2024-06-19 04:03:18 - INFO - Epoch 944/1000, Loss: 1.298817109963011
2024-06-19 04:03:26 - INFO - Epoch 945/1000, Loss: 1.280882385276559
2024-06-19 04:03:34 - INFO - Epoch 946/1000, Loss: 1.3101696850603741
2024-06-19 04:03:42 - INFO - Epoch 947/1000, Loss: 1.2879166925479326
2024-06-19 04:03:50 - INFO - Epoch 948/1000, Loss: 1.4060017372482088
2024-06-19 04:03:59 - INFO - Epoch 949/1000, Loss: 1.280250423878732
2024-06-19 04:04:07 - INFO - Epoch 950/1000, Loss: 1.3000912284970765
2024-06-19 04:04:15 - INFO - Epoch 951/1000, Loss: 1.2793985583462686
2024-06-19 04:04:23 - INFO - Epoch 952/1000, Loss: 1.3198291083922231
2024-06-19 04:04:31 - INFO - Epoch 953/1000, Loss: 1.2877825934401628
2024-06-19 04:04:40 - INFO - Epoch 954/1000, Loss: 1.292992533164804
2024-06-19 04:04:48 - INFO - Epoch 955/1000, Loss: 1.3240352523535779
2024-06-19 04:04:56 - INFO - Epoch 956/1000, Loss: 1.3184912168280891
2024-06-19 04:05:04 - INFO - Epoch 957/1000, Loss: 1.3023250562146258
2024-06-19 04:05:12 - INFO - Epoch 958/1000, Loss: 1.2779103194143973
2024-06-19 04:05:20 - INFO - Epoch 959/1000, Loss: 1.3116589709094715
2024-06-19 04:05:29 - INFO - Epoch 960/1000, Loss: 1.2896728270368496
2024-06-19 04:05:37 - INFO - Epoch 961/1000, Loss: 1.3725737400347067
2024-06-19 04:05:45 - INFO - Epoch 962/1000, Loss: 1.3004949161853772
2024-06-19 04:05:53 - INFO - Epoch 963/1000, Loss: 1.3522264088668046
2024-06-19 04:06:01 - INFO - Epoch 964/1000, Loss: 1.335517642787603
2024-06-19 04:06:10 - INFO - Epoch 965/1000, Loss: 1.2925979502113638
2024-06-19 04:06:18 - INFO - Epoch 966/1000, Loss: 1.2969784814820586
2024-06-19 04:06:26 - INFO - Epoch 967/1000, Loss: 1.291907727100502
2024-06-19 04:06:34 - INFO - Epoch 968/1000, Loss: 1.3281148467520283
2024-06-19 04:06:42 - INFO - Epoch 969/1000, Loss: 1.3704658526841862
2024-06-19 04:06:50 - INFO - Epoch 970/1000, Loss: 1.328861316288941
2024-06-19 04:06:58 - INFO - Epoch 971/1000, Loss: 1.2906032412342405
2024-06-19 04:07:07 - INFO - Epoch 972/1000, Loss: 1.3864289751302434
2024-06-19 04:07:15 - INFO - Epoch 973/1000, Loss: 1.429361449593265
2024-06-19 04:07:23 - INFO - Epoch 974/1000, Loss: 1.3001251160968261
2024-06-19 04:07:31 - INFO - Epoch 975/1000, Loss: 1.3147470849231824
2024-06-19 04:07:40 - INFO - Epoch 976/1000, Loss: 1.2964247719034547
2024-06-19 04:07:48 - INFO - Epoch 977/1000, Loss: 1.3913412016926354
2024-06-19 04:07:56 - INFO - Epoch 978/1000, Loss: 1.3602566305454964
2024-06-19 04:08:04 - INFO - Epoch 979/1000, Loss: 1.3291794957295846
2024-06-19 04:08:12 - INFO - Epoch 980/1000, Loss: 1.3308664726278958
2024-06-19 04:08:20 - INFO - Epoch 981/1000, Loss: 1.274758522704362
2024-06-19 04:08:29 - INFO - Epoch 982/1000, Loss: 1.320433674860282
2024-06-19 04:08:37 - INFO - Epoch 983/1000, Loss: 1.3001717472488685
2024-06-19 04:08:45 - INFO - Epoch 984/1000, Loss: 1.2915492034028255
2024-06-19 04:08:53 - INFO - Epoch 985/1000, Loss: 1.3169249845106321
2024-06-19 04:09:01 - INFO - Epoch 986/1000, Loss: 1.5189928100602605
2024-06-19 04:09:09 - INFO - Epoch 987/1000, Loss: 1.311168938956932
2024-06-19 04:09:18 - INFO - Epoch 988/1000, Loss: 1.929338948118112
2024-06-19 04:09:26 - INFO - Epoch 989/1000, Loss: 1.3308669423888553
2024-06-19 04:09:34 - INFO - Epoch 990/1000, Loss: 1.3140472641262955
2024-06-19 04:09:42 - INFO - Epoch 991/1000, Loss: 1.3121465319941712
2024-06-19 04:09:50 - INFO - Epoch 992/1000, Loss: 1.2962331574636872
2024-06-19 04:09:58 - INFO - Epoch 993/1000, Loss: 1.3063811257821671
2024-06-19 04:10:07 - INFO - Epoch 994/1000, Loss: 1.2994542137181107
2024-06-19 04:10:15 - INFO - Epoch 995/1000, Loss: 1.33635413511214
2024-06-19 04:10:23 - INFO - Epoch 996/1000, Loss: 1.3685014746774609
2024-06-19 04:10:31 - INFO - Epoch 997/1000, Loss: 1.3019941368290544
2024-06-19 04:10:39 - INFO - Epoch 998/1000, Loss: 1.309905573673751
2024-06-19 04:10:47 - INFO - Epoch 999/1000, Loss: 1.294698907151158
2024-06-19 04:10:56 - INFO - Epoch 1000/1000, Loss: 1.3133276076057059
2024-06-19 04:10:56 - INFO - Finished training model.
2024-06-19 04:10:58 - INFO - 
Generated Code:
2024-06-19 04:10:58 - INFO - float c = FLOAT_LITERAL * FLOAT_LITERAL * FLOAT_LITERAL * FLOAT_LITERAL ; float a = FLOAT_LITERAL * FLOAT_LITERAL * FLOAT_LITERAL * FLOAT_LITERAL ; return g ; } else { float g = FLOAT_LITERAL * FLOAT_LITERAL * FLOAT_LITERAL * FLOAT_LITERAL ; float a = FLOAT_LITERAL * FLOAT_LITERAL * FLOAT_LITERAL * FLOAT_LITERAL ; float a = FLOAT_LITERAL * FLOAT_LITERAL * FLOAT_LITERAL * FLOAT_LITERAL ; float a = FLOAT_LITERAL * FLOAT_LITERAL * FLOAT_LITERAL ; return g ; } else { float g = FLOAT_LITERAL * FLOAT_LITERAL * FLOAT_LITERAL * FLOAT_LITERAL ; float a = FLOAT_LITERAL * FLOAT_LITERAL * FLOAT_LITERAL * FLOAT_LITERAL ; float a
2024-06-19 04:10:58 - INFO - Finished training LSTM model.
