2024-06-27 00:45:19 - INFO - This log entry will go into a uniquely named file for this run.
2024-06-27 00:45:19 - INFO - Params:
2024-06-27 00:45:19 - INFO - embedding_dim=128
2024-06-27 00:45:19 - INFO - hidden_dim:256
2024-06-27 00:45:19 - INFO - num_layers:2
2024-06-27 00:45:19 - INFO - epochs:300
2024-06-27 00:45:19 - INFO - batch_size:64
2024-06-27 00:45:19 - INFO - lr:0.0001
2024-06-27 00:45:24 - INFO - Starting LSTM model training...
2024-06-27 00:45:33 - INFO - Epoch: 1/300, Training Loss: 0.6926032177665654
2024-06-27 00:45:34 - INFO - Epoch: 1/300, Validation Loss: 0.6936267380620919, Accuracy: 50.82745939319644%
2024-06-27 00:45:42 - INFO - Epoch: 2/300, Training Loss: 0.6922168524241915
2024-06-27 00:45:43 - INFO - Epoch: 2/300, Validation Loss: 0.6935321080918405, Accuracy: 51.07263254673613%
2024-06-27 00:45:52 - INFO - Epoch: 3/300, Training Loss: 0.6921241181153878
2024-06-27 00:45:53 - INFO - Epoch: 3/300, Validation Loss: 0.6940208539074543, Accuracy: 50.13790989886608%
2024-06-27 00:46:01 - INFO - Epoch: 4/300, Training Loss: 0.6919081132201588
2024-06-27 00:46:02 - INFO - Epoch: 4/300, Validation Loss: 0.6943486812067967, Accuracy: 50.22984983144346%
2024-06-27 00:46:10 - INFO - Epoch: 5/300, Training Loss: 0.691821335869677
2024-06-27 00:46:11 - INFO - Epoch: 5/300, Validation Loss: 0.6941784018394994, Accuracy: 49.72418020226785%
2024-06-27 00:46:20 - INFO - Epoch: 6/300, Training Loss: 0.6913538169042737
2024-06-27 00:46:21 - INFO - Epoch: 6/300, Validation Loss: 0.6935035936972674, Accuracy: 51.07263254673613%
2024-06-27 00:46:29 - INFO - Epoch: 7/300, Training Loss: 0.6880437807709563
2024-06-27 00:46:30 - INFO - Epoch: 7/300, Validation Loss: 0.6924809661566043, Accuracy: 51.93073858412504%
2024-06-27 00:46:38 - INFO - Epoch: 8/300, Training Loss: 0.6930640827791363
2024-06-27 00:46:39 - INFO - Epoch: 8/300, Validation Loss: 0.6928071303694856, Accuracy: 51.93073858412504%
2024-06-27 00:46:48 - INFO - Epoch: 9/300, Training Loss: 0.6928417083679461
2024-06-27 00:46:48 - INFO - Epoch: 9/300, Validation Loss: 0.6926988602853289, Accuracy: 51.93073858412504%
2024-06-27 00:46:57 - INFO - Epoch: 10/300, Training Loss: 0.6924128360023686
2024-06-27 00:46:58 - INFO - Epoch: 10/300, Validation Loss: 0.6932006460778853, Accuracy: 51.93073858412504%
2024-06-27 00:47:06 - INFO - Epoch: 11/300, Training Loss: 0.6926602496235978
2024-06-27 00:47:07 - INFO - Epoch: 11/300, Validation Loss: 0.6942694824115903, Accuracy: 51.93073858412504%
2024-06-27 00:47:16 - INFO - Epoch: 12/300, Training Loss: 0.69236816188284
2024-06-27 00:47:17 - INFO - Epoch: 12/300, Validation Loss: 0.6947876834401897, Accuracy: 51.93073858412504%
2024-06-27 00:47:25 - INFO - Epoch: 13/300, Training Loss: 0.692748100295955
2024-06-27 00:47:26 - INFO - Epoch: 13/300, Validation Loss: 0.692873987497068, Accuracy: 51.93073858412504%
2024-06-27 00:47:34 - INFO - Epoch: 14/300, Training Loss: 0.6923264069300071
2024-06-27 00:47:35 - INFO - Epoch: 14/300, Validation Loss: 0.6937885126646828, Accuracy: 51.93073858412504%
2024-06-27 00:47:44 - INFO - Epoch: 15/300, Training Loss: 0.6920919479692683
2024-06-27 00:47:45 - INFO - Epoch: 15/300, Validation Loss: 0.6932854874461305, Accuracy: 51.93073858412504%
2024-06-27 00:47:53 - INFO - Epoch: 16/300, Training Loss: 0.6923594547837388
2024-06-27 00:47:54 - INFO - Epoch: 16/300, Validation Loss: 0.6930994706995347, Accuracy: 51.93073858412504%
2024-06-27 00:48:02 - INFO - Epoch: 17/300, Training Loss: 0.6921632422828207
2024-06-27 00:48:03 - INFO - Epoch: 17/300, Validation Loss: 0.6933989583277235, Accuracy: 51.93073858412504%
2024-06-27 00:48:11 - INFO - Epoch: 18/300, Training Loss: 0.6923092131813368
2024-06-27 00:48:12 - INFO - Epoch: 18/300, Validation Loss: 0.693346815366371, Accuracy: 50.919399325773824%
2024-06-27 00:48:21 - INFO - Epoch: 19/300, Training Loss: 0.6918946573255109
2024-06-27 00:48:22 - INFO - Epoch: 19/300, Validation Loss: 0.6933647119531444, Accuracy: 51.869445295740114%
2024-06-27 00:48:30 - INFO - Epoch: 20/300, Training Loss: 0.6920119613116863
2024-06-27 00:48:31 - INFO - Epoch: 20/300, Validation Loss: 0.693628176170237, Accuracy: 51.854121973643885%
2024-06-27 00:48:39 - INFO - Epoch: 21/300, Training Loss: 0.691627096165629
2024-06-27 00:48:40 - INFO - Epoch: 21/300, Validation Loss: 0.6916299240261901, Accuracy: 53.11063438553479%
2024-06-27 00:48:49 - INFO - Epoch: 22/300, Training Loss: 0.6909363491862428
2024-06-27 00:48:50 - INFO - Epoch: 22/300, Validation Loss: 0.6932698745353549, Accuracy: 51.90009193993258%
2024-06-27 00:48:58 - INFO - Epoch: 23/300, Training Loss: 0.6917553395032883
2024-06-27 00:48:59 - INFO - Epoch: 23/300, Validation Loss: 0.6935624976952871, Accuracy: 51.91541526202881%
2024-06-27 00:49:07 - INFO - Epoch: 24/300, Training Loss: 0.6917096506439003
2024-06-27 00:49:08 - INFO - Epoch: 24/300, Validation Loss: 0.6933138919811622, Accuracy: 51.93073858412504%
2024-06-27 00:49:17 - INFO - Epoch: 25/300, Training Loss: 0.6922679899954328
2024-06-27 00:49:18 - INFO - Epoch: 25/300, Validation Loss: 0.6932690242926279, Accuracy: 51.93073858412504%
2024-06-27 00:49:26 - INFO - Epoch: 26/300, Training Loss: 0.6917320841959879
2024-06-27 00:49:27 - INFO - Epoch: 26/300, Validation Loss: 0.6951870129388922, Accuracy: 51.93073858412504%
2024-06-27 00:49:35 - INFO - Epoch: 27/300, Training Loss: 0.6922180677453676
2024-06-27 00:49:36 - INFO - Epoch: 27/300, Validation Loss: 0.6929938734746447, Accuracy: 51.93073858412504%
2024-06-27 00:49:44 - INFO - Epoch: 28/300, Training Loss: 0.6922067028342509
2024-06-27 00:49:45 - INFO - Epoch: 28/300, Validation Loss: 0.6929852705375821, Accuracy: 51.93073858412504%
2024-06-27 00:49:54 - INFO - Epoch: 29/300, Training Loss: 0.6909486781440529
2024-06-27 00:49:55 - INFO - Epoch: 29/300, Validation Loss: 0.6898278161591175, Accuracy: 54.76555317192767%
2024-06-27 00:50:03 - INFO - Epoch: 30/300, Training Loss: 0.6902787182845321
2024-06-27 00:50:04 - INFO - Epoch: 30/300, Validation Loss: 0.6935669931710935, Accuracy: 51.93073858412504%
2024-06-27 00:50:13 - INFO - Epoch: 31/300, Training Loss: 0.691268521927151
2024-06-27 00:50:14 - INFO - Epoch: 31/300, Validation Loss: 0.6932435322041605, Accuracy: 51.93073858412504%
2024-06-27 00:50:22 - INFO - Epoch: 32/300, Training Loss: 0.6910205137203721
2024-06-27 00:50:23 - INFO - Epoch: 32/300, Validation Loss: 0.6904350151033962, Accuracy: 52.75819797732148%
2024-06-27 00:50:32 - INFO - Epoch: 33/300, Training Loss: 0.6471737985517464
2024-06-27 00:50:33 - INFO - Epoch: 33/300, Validation Loss: 0.6210649568660587, Accuracy: 60.389212381244256%
2024-06-27 00:50:41 - INFO - Epoch: 34/300, Training Loss: 0.5990445963015744
2024-06-27 00:50:42 - INFO - Epoch: 34/300, Validation Loss: 0.5938682643806233, Accuracy: 64.69506589028501%
2024-06-27 00:50:51 - INFO - Epoch: 35/300, Training Loss: 0.5886818595668849
2024-06-27 00:50:52 - INFO - Epoch: 35/300, Validation Loss: 0.5805215157714545, Accuracy: 66.13545816733068%
2024-06-27 00:51:00 - INFO - Epoch: 36/300, Training Loss: 0.5703271236635891
2024-06-27 00:51:01 - INFO - Epoch: 36/300, Validation Loss: 0.5631247227098427, Accuracy: 67.85167024210848%
2024-06-27 00:51:09 - INFO - Epoch: 37/300, Training Loss: 0.5612515671288266
2024-06-27 00:51:10 - INFO - Epoch: 37/300, Validation Loss: 0.5594419740578708, Accuracy: 68.1121667177444%
2024-06-27 00:51:19 - INFO - Epoch: 38/300, Training Loss: 0.5559941940009594
2024-06-27 00:51:20 - INFO - Epoch: 38/300, Validation Loss: 0.5425037978326573, Accuracy: 69.90499540300337%
2024-06-27 00:51:28 - INFO - Epoch: 39/300, Training Loss: 0.5409532588924847
2024-06-27 00:51:29 - INFO - Epoch: 39/300, Validation Loss: 0.5327135771512985, Accuracy: 70.60986821942997%
2024-06-27 00:51:37 - INFO - Epoch: 40/300, Training Loss: 0.5333966290687814
2024-06-27 00:51:38 - INFO - Epoch: 40/300, Validation Loss: 0.5320406424648622, Accuracy: 70.83971805087343%
2024-06-27 00:51:46 - INFO - Epoch: 41/300, Training Loss: 0.5250836282091982
2024-06-27 00:51:47 - INFO - Epoch: 41/300, Validation Loss: 0.5198689070986766, Accuracy: 71.74379405455103%
2024-06-27 00:51:56 - INFO - Epoch: 42/300, Training Loss: 0.5092371362535393
2024-06-27 00:51:57 - INFO - Epoch: 42/300, Validation Loss: 0.5053989206459008, Accuracy: 72.6325467361324%
2024-06-27 00:52:05 - INFO - Epoch: 43/300, Training Loss: 0.4924428003529708
2024-06-27 00:52:06 - INFO - Epoch: 43/300, Validation Loss: 0.4829112612733654, Accuracy: 74.7931351517009%
2024-06-27 00:52:14 - INFO - Epoch: 44/300, Training Loss: 0.47034399379409997
2024-06-27 00:52:15 - INFO - Epoch: 44/300, Validation Loss: 0.4717444397655188, Accuracy: 74.93104505056696%
2024-06-27 00:52:24 - INFO - Epoch: 45/300, Training Loss: 0.4530022267763521
2024-06-27 00:52:25 - INFO - Epoch: 45/300, Validation Loss: 0.45117630882590426, Accuracy: 75.58994790070487%
2024-06-27 00:52:33 - INFO - Epoch: 46/300, Training Loss: 0.43198293798110066
2024-06-27 00:52:34 - INFO - Epoch: 46/300, Validation Loss: 0.4411233301256217, Accuracy: 76.81581366840331%
2024-06-27 00:52:42 - INFO - Epoch: 47/300, Training Loss: 0.4169522986619496
2024-06-27 00:52:43 - INFO - Epoch: 47/300, Validation Loss: 0.4134504619766684, Accuracy: 77.33680661967514%
2024-06-27 00:52:51 - INFO - Epoch: 48/300, Training Loss: 0.3941797660115887
2024-06-27 00:52:52 - INFO - Epoch: 48/300, Validation Loss: 0.4233238439933926, Accuracy: 75.83512105424457%
2024-06-27 00:53:01 - INFO - Epoch: 49/300, Training Loss: 0.38455845660292637
2024-06-27 00:53:02 - INFO - Epoch: 49/300, Validation Loss: 0.3802657610937661, Accuracy: 78.73122893043212%
2024-06-27 00:53:10 - INFO - Epoch: 50/300, Training Loss: 0.3624863614346467
2024-06-27 00:53:11 - INFO - Epoch: 50/300, Validation Loss: 0.3538698624162113, Accuracy: 78.68525896414343%
2024-06-27 00:53:19 - INFO - Epoch: 51/300, Training Loss: 0.35029371473573
2024-06-27 00:53:20 - INFO - Epoch: 51/300, Validation Loss: 0.35733891599902917, Accuracy: 78.88446215139442%
2024-06-27 00:53:29 - INFO - Epoch: 52/300, Training Loss: 0.34108883829093445
2024-06-27 00:53:30 - INFO - Epoch: 52/300, Validation Loss: 0.33645015575137793, Accuracy: 79.45142506895495%
2024-06-27 00:53:38 - INFO - Epoch: 53/300, Training Loss: 0.3324308577998012
2024-06-27 00:53:39 - INFO - Epoch: 53/300, Validation Loss: 0.32869672366217073, Accuracy: 79.29819184799264%
2024-06-27 00:53:47 - INFO - Epoch: 54/300, Training Loss: 0.3282031075408061
2024-06-27 00:53:48 - INFO - Epoch: 54/300, Validation Loss: 0.336289831236297, Accuracy: 79.49739503524364%
2024-06-27 00:53:56 - INFO - Epoch: 55/300, Training Loss: 0.31945450991099955
2024-06-27 00:53:57 - INFO - Epoch: 55/300, Validation Loss: 0.329952933624679, Accuracy: 79.06834201654918%
2024-06-27 00:54:06 - INFO - Epoch: 56/300, Training Loss: 0.3124693601812218
2024-06-27 00:54:07 - INFO - Epoch: 56/300, Validation Loss: 0.34713585850070505, Accuracy: 79.83450812136071%
2024-06-27 00:54:15 - INFO - Epoch: 57/300, Training Loss: 0.30628304461053774
2024-06-27 00:54:16 - INFO - Epoch: 57/300, Validation Loss: 0.3164076412133142, Accuracy: 79.29819184799264%
2024-06-27 00:54:24 - INFO - Epoch: 58/300, Training Loss: 0.3051232113411613
2024-06-27 00:54:25 - INFO - Epoch: 58/300, Validation Loss: 0.3129394384575825, Accuracy: 78.91510879558689%
2024-06-27 00:54:34 - INFO - Epoch: 59/300, Training Loss: 0.298917156845039
2024-06-27 00:54:35 - INFO - Epoch: 59/300, Validation Loss: 0.30613699365480274, Accuracy: 79.29819184799264%
2024-06-27 00:54:43 - INFO - Epoch: 60/300, Training Loss: 0.2952821576493044
2024-06-27 00:54:44 - INFO - Epoch: 60/300, Validation Loss: 0.3026129701266102, Accuracy: 79.22157523751149%
2024-06-27 00:54:52 - INFO - Epoch: 61/300, Training Loss: 0.2942301900509526
2024-06-27 00:54:53 - INFO - Epoch: 61/300, Validation Loss: 0.30092615604984996, Accuracy: 79.11431198283788%
2024-06-27 00:55:01 - INFO - Epoch: 62/300, Training Loss: 0.29262451064206807
2024-06-27 00:55:02 - INFO - Epoch: 62/300, Validation Loss: 0.3300106306286419, Accuracy: 78.73122893043212%
2024-06-27 00:55:11 - INFO - Epoch: 63/300, Training Loss: 0.2871602627576566
2024-06-27 00:55:12 - INFO - Epoch: 63/300, Validation Loss: 0.2957828509456971, Accuracy: 79.03769537235672%
2024-06-27 00:55:20 - INFO - Epoch: 64/300, Training Loss: 0.2862891876960502
2024-06-27 00:55:21 - INFO - Epoch: 64/300, Validation Loss: 0.3012794032692909, Accuracy: 79.42077842476249%
2024-06-27 00:55:29 - INFO - Epoch: 65/300, Training Loss: 0.2850624758238886
2024-06-27 00:55:30 - INFO - Epoch: 65/300, Validation Loss: 0.2978748170768513, Accuracy: 79.46674839105118%
2024-06-27 00:55:39 - INFO - Epoch: 66/300, Training Loss: 0.2805151036557029
2024-06-27 00:55:40 - INFO - Epoch: 66/300, Validation Loss: 0.2972776428157208, Accuracy: 78.51670242108489%
2024-06-27 00:55:48 - INFO - Epoch: 67/300, Training Loss: 0.28314560425339963
2024-06-27 00:55:49 - INFO - Epoch: 67/300, Validation Loss: 0.31391405679431617, Accuracy: 79.19092859331903%
2024-06-27 00:55:57 - INFO - Epoch: 68/300, Training Loss: 0.2816234943183029
2024-06-27 00:55:58 - INFO - Epoch: 68/300, Validation Loss: 0.296495941778024, Accuracy: 79.3748084584738%
2024-06-27 00:56:06 - INFO - Epoch: 69/300, Training Loss: 0.27712038670684774
2024-06-27 00:56:07 - INFO - Epoch: 69/300, Validation Loss: 0.28650956703167335, Accuracy: 79.05301869445296%
2024-06-27 00:56:16 - INFO - Epoch: 70/300, Training Loss: 0.2780105279502915
2024-06-27 00:56:17 - INFO - Epoch: 70/300, Validation Loss: 0.28699488353495506, Accuracy: 79.28286852589642%
2024-06-27 00:56:25 - INFO - Epoch: 71/300, Training Loss: 0.2741144815752027
2024-06-27 00:56:26 - INFO - Epoch: 71/300, Validation Loss: 0.29059796721911896, Accuracy: 78.54734906527736%
2024-06-27 00:56:34 - INFO - Epoch: 72/300, Training Loss: 0.2739555944195565
2024-06-27 00:56:35 - INFO - Epoch: 72/300, Validation Loss: 0.28872548102163803, Accuracy: 78.83849218510574%
2024-06-27 00:56:44 - INFO - Epoch: 73/300, Training Loss: 0.2756329146305136
2024-06-27 00:56:44 - INFO - Epoch: 73/300, Validation Loss: 0.29007486005624133, Accuracy: 78.30217591173766%
2024-06-27 00:56:53 - INFO - Epoch: 74/300, Training Loss: 0.27332782113522874
2024-06-27 00:56:54 - INFO - Epoch: 74/300, Validation Loss: 0.2955723708751155, Accuracy: 78.56267238737358%
2024-06-27 00:57:02 - INFO - Epoch: 75/300, Training Loss: 0.2751342662628375
2024-06-27 00:57:03 - INFO - Epoch: 75/300, Validation Loss: 0.3173045606589785, Accuracy: 78.33282255593012%
2024-06-27 00:57:11 - INFO - Epoch: 76/300, Training Loss: 0.27025188410691187
2024-06-27 00:57:12 - INFO - Epoch: 76/300, Validation Loss: 0.32205577267735613, Accuracy: 77.9190928593319%
2024-06-27 00:57:21 - INFO - Epoch: 77/300, Training Loss: 0.2713381062973948
2024-06-27 00:57:22 - INFO - Epoch: 77/300, Validation Loss: 0.2879677753822476, Accuracy: 77.87312289304322%
2024-06-27 00:57:30 - INFO - Epoch: 78/300, Training Loss: 0.26731458178483974
2024-06-27 00:57:31 - INFO - Epoch: 78/300, Validation Loss: 0.28462453098858104, Accuracy: 78.1182960465829%
2024-06-27 00:57:39 - INFO - Epoch: 79/300, Training Loss: 0.26921938494870473
2024-06-27 00:57:40 - INFO - Epoch: 79/300, Validation Loss: 0.2841448212663333, Accuracy: 78.36346920012258%
2024-06-27 00:57:48 - INFO - Epoch: 80/300, Training Loss: 0.2635422731001003
2024-06-27 00:57:49 - INFO - Epoch: 80/300, Validation Loss: 0.2891325119371508, Accuracy: 77.84247624885074%
2024-06-27 00:57:58 - INFO - Epoch: 81/300, Training Loss: 0.26506891412039596
2024-06-27 00:57:59 - INFO - Epoch: 81/300, Validation Loss: 0.2945007093104662, Accuracy: 78.80784554091326%
2024-06-27 00:58:07 - INFO - Epoch: 82/300, Training Loss: 0.26411894157382787
2024-06-27 00:58:08 - INFO - Epoch: 82/300, Validation Loss: 0.291632725035443, Accuracy: 77.82715292675452%
2024-06-27 00:58:16 - INFO - Epoch: 83/300, Training Loss: 0.2630975002094227
2024-06-27 00:58:17 - INFO - Epoch: 83/300, Validation Loss: 0.28345717796508, Accuracy: 78.88446215139442%
2024-06-27 00:58:26 - INFO - Epoch: 84/300, Training Loss: 0.26127461431657567
2024-06-27 00:58:27 - INFO - Epoch: 84/300, Validation Loss: 0.2815558895760891, Accuracy: 77.65859638369598%
2024-06-27 00:58:35 - INFO - Epoch: 85/300, Training Loss: 0.2633856704422072
2024-06-27 00:58:36 - INFO - Epoch: 85/300, Validation Loss: 0.27782509534382355, Accuracy: 77.82715292675452%
2024-06-27 00:58:44 - INFO - Epoch: 86/300, Training Loss: 0.26251217120272274
2024-06-27 00:58:45 - INFO - Epoch: 86/300, Validation Loss: 0.28317781552380206, Accuracy: 77.79650628256206%
2024-06-27 00:58:54 - INFO - Epoch: 87/300, Training Loss: 0.2616137374630746
2024-06-27 00:58:55 - INFO - Epoch: 87/300, Validation Loss: 0.2822427642988224, Accuracy: 78.02635611400552%
2024-06-27 00:59:03 - INFO - Epoch: 88/300, Training Loss: 0.25781869915697503
2024-06-27 00:59:04 - INFO - Epoch: 88/300, Validation Loss: 0.28004856787475885, Accuracy: 77.68924302788845%
2024-06-27 00:59:12 - INFO - Epoch: 89/300, Training Loss: 0.25692089099217863
2024-06-27 00:59:13 - INFO - Epoch: 89/300, Validation Loss: 0.27543243342170526, Accuracy: 77.19889672080907%
2024-06-27 00:59:21 - INFO - Epoch: 90/300, Training Loss: 0.25641521077383966
2024-06-27 00:59:22 - INFO - Epoch: 90/300, Validation Loss: 0.28279418863502204, Accuracy: 77.22954336500153%
2024-06-27 00:59:31 - INFO - Epoch: 91/300, Training Loss: 0.2538994625210762
2024-06-27 00:59:32 - INFO - Epoch: 91/300, Validation Loss: 0.2798755100252582, Accuracy: 77.04566349984677%
2024-06-27 00:59:40 - INFO - Epoch: 92/300, Training Loss: 0.2597033844566813
2024-06-27 00:59:41 - INFO - Epoch: 92/300, Validation Loss: 0.28270519773165387, Accuracy: 77.060986821943%
2024-06-27 00:59:49 - INFO - Epoch: 93/300, Training Loss: 0.25543317001532106
2024-06-27 00:59:50 - INFO - Epoch: 93/300, Validation Loss: 0.2799408697322303, Accuracy: 78.39411584431505%
2024-06-27 00:59:58 - INFO - Epoch: 94/300, Training Loss: 0.25507802249608086
2024-06-27 00:59:59 - INFO - Epoch: 94/300, Validation Loss: 0.3482770275543718, Accuracy: 76.87710695678823%
2024-06-27 01:00:08 - INFO - Epoch: 95/300, Training Loss: 0.26053103789979337
2024-06-27 01:00:09 - INFO - Epoch: 95/300, Validation Loss: 0.28232573674005623, Accuracy: 76.861783634692%
2024-06-27 01:00:17 - INFO - Epoch: 96/300, Training Loss: 0.2566593854742892
2024-06-27 01:00:18 - INFO - Epoch: 96/300, Validation Loss: 0.2811878044523445, Accuracy: 77.12228011032792%
2024-06-27 01:00:26 - INFO - Epoch: 97/300, Training Loss: 0.25220503778580355
2024-06-27 01:00:27 - INFO - Epoch: 97/300, Validation Loss: 0.28116515191162333, Accuracy: 76.60128715905608%
2024-06-27 01:00:36 - INFO - Epoch: 98/300, Training Loss: 0.2557529488249737
2024-06-27 01:00:36 - INFO - Epoch: 98/300, Validation Loss: 0.282117868755378, Accuracy: 76.23352742874656%
2024-06-27 01:00:45 - INFO - Epoch: 99/300, Training Loss: 0.2523913473694348
2024-06-27 01:00:46 - INFO - Epoch: 99/300, Validation Loss: 0.29543066784447314, Accuracy: 76.63193380324854%
2024-06-27 01:00:54 - INFO - Epoch: 100/300, Training Loss: 0.2535391338352187
2024-06-27 01:00:55 - INFO - Epoch: 100/300, Validation Loss: 0.27802667313931034, Accuracy: 76.7085504137297%
2024-06-27 01:01:03 - INFO - Epoch: 101/300, Training Loss: 0.25437752409454656
2024-06-27 01:01:04 - INFO - Epoch: 101/300, Validation Loss: 0.2865119076826993, Accuracy: 76.21820410665032%
2024-06-27 01:01:13 - INFO - Epoch: 102/300, Training Loss: 0.2514467604969646
2024-06-27 01:01:14 - INFO - Epoch: 102/300, Validation Loss: 0.28340550643556256, Accuracy: 77.04566349984677%
2024-06-27 01:01:22 - INFO - Epoch: 103/300, Training Loss: 0.2516276513536771
2024-06-27 01:01:23 - INFO - Epoch: 103/300, Validation Loss: 0.2817403006495214, Accuracy: 76.55531719276739%
2024-06-27 01:01:31 - INFO - Epoch: 104/300, Training Loss: 0.25241628895495455
2024-06-27 01:01:32 - INFO - Epoch: 104/300, Validation Loss: 0.2845240958473262, Accuracy: 75.81979773214833%
2024-06-27 01:01:40 - INFO - Epoch: 105/300, Training Loss: 0.2525649254812914
2024-06-27 01:01:41 - INFO - Epoch: 105/300, Validation Loss: 0.28736742834250134, Accuracy: 76.92307692307692%
2024-06-27 01:01:50 - INFO - Epoch: 106/300, Training Loss: 0.2542619803810821
2024-06-27 01:01:51 - INFO - Epoch: 106/300, Validation Loss: 0.3005670062174984, Accuracy: 76.06497088568801%
2024-06-27 01:01:59 - INFO - Epoch: 107/300, Training Loss: 0.2524528722917917
2024-06-27 01:02:00 - INFO - Epoch: 107/300, Validation Loss: 0.28279146084598467, Accuracy: 75.58994790070487%
2024-06-27 01:02:09 - INFO - Epoch: 108/300, Training Loss: 0.24874438440390662
2024-06-27 01:02:10 - INFO - Epoch: 108/300, Validation Loss: 0.2833853881148731, Accuracy: 76.34079068342017%
2024-06-27 01:02:18 - INFO - Epoch: 109/300, Training Loss: 0.2520931783844443
2024-06-27 01:02:19 - INFO - Epoch: 109/300, Validation Loss: 0.28354020358300674, Accuracy: 75.9577076310144%
2024-06-27 01:02:28 - INFO - Epoch: 110/300, Training Loss: 0.25167479639982476
2024-06-27 01:02:29 - INFO - Epoch: 110/300, Validation Loss: 0.2858382237015986, Accuracy: 76.49402390438247%
2024-06-27 01:02:37 - INFO - Epoch: 111/300, Training Loss: 0.25425079165428294
2024-06-27 01:02:38 - INFO - Epoch: 111/300, Validation Loss: 0.287012173556814, Accuracy: 75.66656451118602%
2024-06-27 01:02:46 - INFO - Epoch: 112/300, Training Loss: 0.2509271532443224
2024-06-27 01:02:47 - INFO - Epoch: 112/300, Validation Loss: 0.2822993000348409, Accuracy: 75.89641434262948%
2024-06-27 01:02:56 - INFO - Epoch: 113/300, Training Loss: 0.24733778806951115
2024-06-27 01:02:57 - INFO - Epoch: 113/300, Validation Loss: 0.2907436205183758, Accuracy: 77.16825007661662%
2024-06-27 01:03:05 - INFO - Epoch: 114/300, Training Loss: 0.24870906894405684
2024-06-27 01:03:06 - INFO - Epoch: 114/300, Validation Loss: 0.29712006858750883, Accuracy: 75.94238430891818%
2024-06-27 01:03:14 - INFO - Epoch: 115/300, Training Loss: 0.25075983582977573
2024-06-27 01:03:15 - INFO - Epoch: 115/300, Validation Loss: 0.3077108896538323, Accuracy: 76.37143732761263%
2024-06-27 01:03:24 - INFO - Epoch: 116/300, Training Loss: 0.24634557469364474
2024-06-27 01:03:25 - INFO - Epoch: 116/300, Validation Loss: 0.2878013511790949, Accuracy: 76.40208397180508%
2024-06-27 01:03:33 - INFO - Epoch: 117/300, Training Loss: 0.24818644763938352
2024-06-27 01:03:34 - INFO - Epoch: 117/300, Validation Loss: 0.2866349594265807, Accuracy: 75.46736132393502%
2024-06-27 01:03:42 - INFO - Epoch: 118/300, Training Loss: 0.24603134601870003
2024-06-27 01:03:43 - INFO - Epoch: 118/300, Validation Loss: 0.29339512627498776, Accuracy: 75.22218817039534%
2024-06-27 01:03:52 - INFO - Epoch: 119/300, Training Loss: 0.24876897537386886
2024-06-27 01:03:53 - INFO - Epoch: 119/300, Validation Loss: 0.2877761075894038, Accuracy: 75.71253447747472%
2024-06-27 01:04:01 - INFO - Epoch: 120/300, Training Loss: 0.24723718589281335
2024-06-27 01:04:02 - INFO - Epoch: 120/300, Validation Loss: 0.2841439998033, Accuracy: 75.06895494943304%
2024-06-27 01:04:10 - INFO - Epoch: 121/300, Training Loss: 0.24604262563162574
2024-06-27 01:04:11 - INFO - Epoch: 121/300, Validation Loss: 0.28901248805078805, Accuracy: 75.81979773214833%
2024-06-27 01:04:20 - INFO - Epoch: 122/300, Training Loss: 0.24612824753949455
2024-06-27 01:04:21 - INFO - Epoch: 122/300, Validation Loss: 0.28509338901323433, Accuracy: 75.19154152620288%
2024-06-27 01:04:29 - INFO - Epoch: 123/300, Training Loss: 0.24594140596979974
2024-06-27 01:04:30 - INFO - Epoch: 123/300, Validation Loss: 0.28545942537340463, Accuracy: 74.86975176218205%
2024-06-27 01:04:38 - INFO - Epoch: 124/300, Training Loss: 0.2439509960731455
2024-06-27 01:04:39 - INFO - Epoch: 124/300, Validation Loss: 0.2903738089051901, Accuracy: 78.02635611400552%
2024-06-27 01:04:48 - INFO - Epoch: 125/300, Training Loss: 0.24735647297519095
2024-06-27 01:04:49 - INFO - Epoch: 125/300, Validation Loss: 0.2952175537745158, Accuracy: 75.28348145878026%
2024-06-27 01:04:57 - INFO - Epoch: 126/300, Training Loss: 0.24545922112085072
2024-06-27 01:04:58 - INFO - Epoch: 126/300, Validation Loss: 0.2992640115758952, Accuracy: 75.69721115537848%
2024-06-27 01:05:06 - INFO - Epoch: 127/300, Training Loss: 0.24404710764978446
2024-06-27 01:05:07 - INFO - Epoch: 127/300, Validation Loss: 0.2883187294298527, Accuracy: 74.48666870977628%
2024-06-27 01:05:16 - INFO - Epoch: 128/300, Training Loss: 0.24438771747929208
2024-06-27 01:05:17 - INFO - Epoch: 128/300, Validation Loss: 0.2918671685106614, Accuracy: 75.14557155991419%
2024-06-27 01:05:25 - INFO - Epoch: 129/300, Training Loss: 0.24522879383727617
2024-06-27 01:05:26 - INFO - Epoch: 129/300, Validation Loss: 0.29912227552895454, Accuracy: 74.21084891204413%
2024-06-27 01:05:34 - INFO - Epoch: 130/300, Training Loss: 0.2471970921637965
2024-06-27 01:05:35 - INFO - Epoch: 130/300, Validation Loss: 0.28797801028864056, Accuracy: 74.5479619981612%
2024-06-27 01:05:44 - INFO - Epoch: 131/300, Training Loss: 0.24500780187401117
2024-06-27 01:05:45 - INFO - Epoch: 131/300, Validation Loss: 0.29596563107242774, Accuracy: 74.44069874348759%
2024-06-27 01:05:53 - INFO - Epoch: 132/300, Training Loss: 0.24377744566357018
2024-06-27 01:05:54 - INFO - Epoch: 132/300, Validation Loss: 0.29005829069544287, Accuracy: 74.27214220042906%
2024-06-27 01:06:02 - INFO - Epoch: 133/300, Training Loss: 0.24466967736096942
2024-06-27 01:06:03 - INFO - Epoch: 133/300, Validation Loss: 0.2988620379976198, Accuracy: 75.31412810297273%
2024-06-27 01:06:12 - INFO - Epoch: 134/300, Training Loss: 0.242852302633372
2024-06-27 01:06:13 - INFO - Epoch: 134/300, Validation Loss: 0.2998342432227789, Accuracy: 74.0882623352743%
2024-06-27 01:06:21 - INFO - Epoch: 135/300, Training Loss: 0.24403606267536387
2024-06-27 01:06:22 - INFO - Epoch: 135/300, Validation Loss: 0.2970190711465536, Accuracy: 74.31811216671774%
2024-06-27 01:06:31 - INFO - Epoch: 136/300, Training Loss: 0.2428990749313551
2024-06-27 01:06:32 - INFO - Epoch: 136/300, Validation Loss: 0.28703057897441525, Accuracy: 74.9003984063745%
2024-06-27 01:06:40 - INFO - Epoch: 137/300, Training Loss: 0.24164793640375137
2024-06-27 01:06:41 - INFO - Epoch: 137/300, Validation Loss: 0.2974024863511908, Accuracy: 74.34875881091021%
2024-06-27 01:06:49 - INFO - Epoch: 138/300, Training Loss: 0.24449523089124875
2024-06-27 01:06:50 - INFO - Epoch: 138/300, Validation Loss: 0.2994788661599159, Accuracy: 74.21084891204413%
2024-06-27 01:06:59 - INFO - Epoch: 139/300, Training Loss: 0.24107134334889113
2024-06-27 01:07:00 - INFO - Epoch: 139/300, Validation Loss: 0.2990110256508285, Accuracy: 73.87373582592706%
2024-06-27 01:07:08 - INFO - Epoch: 140/300, Training Loss: 0.23961273469396083
2024-06-27 01:07:09 - INFO - Epoch: 140/300, Validation Loss: 0.2986364630507488, Accuracy: 74.16487894575543%
2024-06-27 01:07:17 - INFO - Epoch: 141/300, Training Loss: 0.24527825101041326
2024-06-27 01:07:18 - INFO - Epoch: 141/300, Validation Loss: 0.3042432995987873, Accuracy: 73.82776585963838%
2024-06-27 01:07:27 - INFO - Epoch: 142/300, Training Loss: 0.2424945793315476
2024-06-27 01:07:27 - INFO - Epoch: 142/300, Validation Loss: 0.29543281404995453, Accuracy: 74.21084891204413%
2024-06-27 01:07:36 - INFO - Epoch: 143/300, Training Loss: 0.24057280075024157
2024-06-27 01:07:37 - INFO - Epoch: 143/300, Validation Loss: 0.3040034583970612, Accuracy: 73.67453263867607%
2024-06-27 01:07:45 - INFO - Epoch: 144/300, Training Loss: 0.2409040279613406
2024-06-27 01:07:46 - INFO - Epoch: 144/300, Validation Loss: 0.3013328268539672, Accuracy: 75.37542139135765%
2024-06-27 01:07:54 - INFO - Epoch: 145/300, Training Loss: 0.24177555157346467
2024-06-27 01:07:55 - INFO - Epoch: 145/300, Validation Loss: 0.29871562663830964, Accuracy: 73.85841250383083%
2024-06-27 01:08:04 - INFO - Epoch: 146/300, Training Loss: 0.24196806245063449
2024-06-27 01:08:05 - INFO - Epoch: 146/300, Validation Loss: 0.2974272285606347, Accuracy: 74.16487894575543%
2024-06-27 01:08:13 - INFO - Epoch: 147/300, Training Loss: 0.23989207655483602
2024-06-27 01:08:14 - INFO - Epoch: 147/300, Validation Loss: 0.3051946161716592, Accuracy: 73.55194606190622%
2024-06-27 01:08:22 - INFO - Epoch: 148/300, Training Loss: 0.2399816562184224
2024-06-27 01:08:23 - INFO - Epoch: 148/300, Validation Loss: 0.3246653230459082, Accuracy: 75.2068648482991%
2024-06-27 01:08:32 - INFO - Epoch: 149/300, Training Loss: 0.2443160845112859
2024-06-27 01:08:33 - INFO - Epoch: 149/300, Validation Loss: 0.30035846753447665, Accuracy: 73.59791602819492%
2024-06-27 01:08:41 - INFO - Epoch: 150/300, Training Loss: 0.2395351582078957
2024-06-27 01:08:42 - INFO - Epoch: 150/300, Validation Loss: 0.3161769725528418, Accuracy: 73.3833895188477%
2024-06-27 01:08:50 - INFO - Epoch: 151/300, Training Loss: 0.23971089222194517
2024-06-27 01:08:51 - INFO - Epoch: 151/300, Validation Loss: 0.31616274647268594, Accuracy: 73.85841250383083%
2024-06-27 01:09:00 - INFO - Epoch: 152/300, Training Loss: 0.24001792140816355
2024-06-27 01:09:01 - INFO - Epoch: 152/300, Validation Loss: 0.30598212851613177, Accuracy: 73.44468280723261%
2024-06-27 01:09:09 - INFO - Epoch: 153/300, Training Loss: 0.2384678555250752
2024-06-27 01:09:10 - INFO - Epoch: 153/300, Validation Loss: 0.3172216709045803, Accuracy: 72.92368985596077%
2024-06-27 01:09:18 - INFO - Epoch: 154/300, Training Loss: 0.23870020578889287
2024-06-27 01:09:19 - INFO - Epoch: 154/300, Validation Loss: 0.3192846453657337, Accuracy: 73.21483297578915%
2024-06-27 01:09:27 - INFO - Epoch: 155/300, Training Loss: 0.23875141757376053
2024-06-27 01:09:28 - INFO - Epoch: 155/300, Validation Loss: 0.32397749128879283, Accuracy: 72.83174992338338%
2024-06-27 01:09:37 - INFO - Epoch: 156/300, Training Loss: 0.23827126129146883
2024-06-27 01:09:38 - INFO - Epoch: 156/300, Validation Loss: 0.3084886167563644, Accuracy: 73.47532945142507%
2024-06-27 01:09:46 - INFO - Epoch: 157/300, Training Loss: 0.23863319121301174
2024-06-27 01:09:47 - INFO - Epoch: 157/300, Validation Loss: 0.3130115616847487, Accuracy: 73.2914495862703%
2024-06-27 01:09:55 - INFO - Epoch: 158/300, Training Loss: 0.23860466195379987
2024-06-27 01:09:56 - INFO - Epoch: 158/300, Validation Loss: 0.32697298465406194, Accuracy: 74.11890897946675%
2024-06-27 01:10:05 - INFO - Epoch: 159/300, Training Loss: 0.2389021199196577
2024-06-27 01:10:05 - INFO - Epoch: 159/300, Validation Loss: 0.3201174535879902, Accuracy: 73.0922463990193%
2024-06-27 01:10:14 - INFO - Epoch: 160/300, Training Loss: 0.2374530232274065
2024-06-27 01:10:15 - INFO - Epoch: 160/300, Validation Loss: 0.3202168119012141, Accuracy: 73.59791602819492%
2024-06-27 01:10:23 - INFO - Epoch: 161/300, Training Loss: 0.2377280280651415
2024-06-27 01:10:24 - INFO - Epoch: 161/300, Validation Loss: 0.3234850296787187, Accuracy: 72.87771988967208%
2024-06-27 01:10:32 - INFO - Epoch: 162/300, Training Loss: 0.23843733458688446
2024-06-27 01:10:33 - INFO - Epoch: 162/300, Validation Loss: 0.31829137603441876, Accuracy: 72.86239656757586%
2024-06-27 01:10:42 - INFO - Epoch: 163/300, Training Loss: 0.23590790253936075
2024-06-27 01:10:43 - INFO - Epoch: 163/300, Validation Loss: 0.32887835917519587, Accuracy: 72.40269690468894%
2024-06-27 01:10:51 - INFO - Epoch: 164/300, Training Loss: 0.24105341672239936
2024-06-27 01:10:52 - INFO - Epoch: 164/300, Validation Loss: 0.32329976471031413, Accuracy: 73.0922463990193%
2024-06-27 01:11:00 - INFO - Epoch: 165/300, Training Loss: 0.23545749817847036
2024-06-27 01:11:01 - INFO - Epoch: 165/300, Validation Loss: 0.3234826275238804, Accuracy: 72.55593012565124%
2024-06-27 01:11:10 - INFO - Epoch: 166/300, Training Loss: 0.2364609923907647
2024-06-27 01:11:11 - INFO - Epoch: 166/300, Validation Loss: 0.3254529994492437, Accuracy: 72.09623046276432%
2024-06-27 01:11:19 - INFO - Epoch: 167/300, Training Loss: 0.23607709711673214
2024-06-27 01:11:19 - INFO - Epoch: 167/300, Validation Loss: 0.32998164860056894, Accuracy: 72.90836653386454%
2024-06-27 01:11:27 - INFO - Epoch: 168/300, Training Loss: 0.2387758553137674
2024-06-27 01:11:27 - INFO - Epoch: 168/300, Validation Loss: 0.3284766390627506, Accuracy: 72.50996015936255%
2024-06-27 01:11:34 - INFO - Epoch: 169/300, Training Loss: 0.23658080139726984
2024-06-27 01:11:35 - INFO - Epoch: 169/300, Validation Loss: 0.3279471873652701, Accuracy: 72.86239656757586%
2024-06-27 01:11:42 - INFO - Epoch: 170/300, Training Loss: 0.23600685676815464
2024-06-27 01:11:43 - INFO - Epoch: 170/300, Validation Loss: 0.324895396390382, Accuracy: 72.4333435488814%
2024-06-27 01:11:50 - INFO - Epoch: 171/300, Training Loss: 0.23568210064196118
2024-06-27 01:11:51 - INFO - Epoch: 171/300, Validation Loss: 0.33383936902471617, Accuracy: 72.32608029420778%
2024-06-27 01:11:58 - INFO - Epoch: 172/300, Training Loss: 0.2351365748646797
2024-06-27 01:11:59 - INFO - Epoch: 172/300, Validation Loss: 0.338873167394423, Accuracy: 72.32608029420778%
2024-06-27 01:12:06 - INFO - Epoch: 173/300, Training Loss: 0.23516467146064138
2024-06-27 01:12:07 - INFO - Epoch: 173/300, Validation Loss: 0.3288128338023728, Accuracy: 72.24946368372663%
2024-06-27 01:12:14 - INFO - Epoch: 174/300, Training Loss: 0.23323732503123729
2024-06-27 01:12:15 - INFO - Epoch: 174/300, Validation Loss: 0.33847881137740377, Accuracy: 72.95433650015323%
2024-06-27 01:12:22 - INFO - Epoch: 175/300, Training Loss: 0.2346402872901629
2024-06-27 01:12:23 - INFO - Epoch: 175/300, Validation Loss: 0.35439904691541896, Accuracy: 71.8817039534171%
2024-06-27 01:12:30 - INFO - Epoch: 176/300, Training Loss: 0.2359728656855284
2024-06-27 01:12:31 - INFO - Epoch: 176/300, Validation Loss: 0.34810442112240136, Accuracy: 72.0809071406681%
2024-06-27 01:12:38 - INFO - Epoch: 177/300, Training Loss: 0.23558202362162808
2024-06-27 01:12:39 - INFO - Epoch: 177/300, Validation Loss: 0.3469725062741953, Accuracy: 71.8817039534171%
2024-06-27 01:12:46 - INFO - Epoch: 178/300, Training Loss: 0.23606253915703765
2024-06-27 01:12:47 - INFO - Epoch: 178/300, Validation Loss: 0.3438545816084918, Accuracy: 71.69782408826234%
2024-06-27 01:12:54 - INFO - Epoch: 179/300, Training Loss: 0.2344883719787878
2024-06-27 01:12:54 - INFO - Epoch: 179/300, Validation Loss: 0.3360937094571544, Accuracy: 71.7284707324548%
2024-06-27 01:13:02 - INFO - Epoch: 180/300, Training Loss: 0.2350807225550799
2024-06-27 01:13:02 - INFO - Epoch: 180/300, Validation Loss: 0.3563603612722135, Accuracy: 71.74379405455103%
2024-06-27 01:13:10 - INFO - Epoch: 181/300, Training Loss: 0.23334320820868015
2024-06-27 01:13:10 - INFO - Epoch: 181/300, Validation Loss: 0.34644078916194393, Accuracy: 72.14220042905302%
2024-06-27 01:13:17 - INFO - Epoch: 182/300, Training Loss: 0.23330670602473558
2024-06-27 01:13:18 - INFO - Epoch: 182/300, Validation Loss: 0.34961523919128906, Accuracy: 71.39135764633772%
2024-06-27 01:13:25 - INFO - Epoch: 183/300, Training Loss: 0.23342399324710464
2024-06-27 01:13:26 - INFO - Epoch: 183/300, Validation Loss: 0.34173978850537656, Accuracy: 71.26877106956788%
2024-06-27 01:13:33 - INFO - Epoch: 184/300, Training Loss: 0.23362428479480976
2024-06-27 01:13:34 - INFO - Epoch: 184/300, Validation Loss: 0.3603939817232244, Accuracy: 71.26877106956788%
2024-06-27 01:13:41 - INFO - Epoch: 185/300, Training Loss: 0.23414619175680712
2024-06-27 01:13:42 - INFO - Epoch: 185/300, Validation Loss: 0.3563646548518948, Accuracy: 71.43732761262642%
2024-06-27 01:13:49 - INFO - Epoch: 186/300, Training Loss: 0.23272170336442252
2024-06-27 01:13:50 - INFO - Epoch: 186/300, Validation Loss: 0.35443226131154043, Accuracy: 71.48329757891511%
2024-06-27 01:13:57 - INFO - Epoch: 187/300, Training Loss: 0.23770924113398673
2024-06-27 01:13:58 - INFO - Epoch: 187/300, Validation Loss: 0.3494250482203914, Accuracy: 71.29941771376035%
2024-06-27 01:14:05 - INFO - Epoch: 188/300, Training Loss: 0.2396631810229783
2024-06-27 01:14:06 - INFO - Epoch: 188/300, Validation Loss: 0.3507195306467075, Accuracy: 70.9776279497395%
2024-06-27 01:14:13 - INFO - Epoch: 189/300, Training Loss: 0.2335561858124885
2024-06-27 01:14:14 - INFO - Epoch: 189/300, Validation Loss: 0.3580764979124069, Accuracy: 71.20747778118296%
2024-06-27 01:14:20 - INFO - Epoch: 190/300, Training Loss: 0.2320968729681244
2024-06-27 01:14:20 - INFO - Epoch: 190/300, Validation Loss: 0.3646634952986942, Accuracy: 71.10021452650935%
2024-06-27 01:14:26 - INFO - Epoch: 191/300, Training Loss: 0.23218662631424034
2024-06-27 01:14:26 - INFO - Epoch: 191/300, Validation Loss: 0.36687228054392573, Accuracy: 70.90101133925835%
2024-06-27 01:14:32 - INFO - Epoch: 192/300, Training Loss: 0.23403648184795006
2024-06-27 01:14:32 - INFO - Epoch: 192/300, Validation Loss: 0.3735717871025497, Accuracy: 71.1768311369905%
2024-06-27 01:14:38 - INFO - Epoch: 193/300, Training Loss: 0.23219956033954434
2024-06-27 01:14:38 - INFO - Epoch: 193/300, Validation Loss: 0.37307236694237766, Accuracy: 71.16150781489426%
2024-06-27 01:14:44 - INFO - Epoch: 194/300, Training Loss: 0.23131756031630085
2024-06-27 01:14:45 - INFO - Epoch: 194/300, Validation Loss: 0.3584223450983272, Accuracy: 70.73245479619982%
2024-06-27 01:14:50 - INFO - Epoch: 195/300, Training Loss: 0.23144314971332455
2024-06-27 01:14:51 - INFO - Epoch: 195/300, Validation Loss: 0.37034503312087524, Accuracy: 71.16150781489426%
2024-06-27 01:14:56 - INFO - Epoch: 196/300, Training Loss: 0.231883574715432
2024-06-27 01:14:57 - INFO - Epoch: 196/300, Validation Loss: 0.37052446238550485, Accuracy: 70.80907140668097%
2024-06-27 01:15:02 - INFO - Epoch: 197/300, Training Loss: 0.23081767602878459
2024-06-27 01:15:03 - INFO - Epoch: 197/300, Validation Loss: 0.3736315761126724, Accuracy: 70.64051486362243%
2024-06-27 01:15:08 - INFO - Epoch: 198/300, Training Loss: 0.23234165554829672
2024-06-27 01:15:09 - INFO - Epoch: 198/300, Validation Loss: 0.3713049345156726, Accuracy: 71.43732761262642%
2024-06-27 01:15:14 - INFO - Epoch: 199/300, Training Loss: 0.23066933146294424
2024-06-27 01:15:15 - INFO - Epoch: 199/300, Validation Loss: 0.3738650651831253, Accuracy: 70.8243947287772%
2024-06-27 01:15:20 - INFO - Epoch: 200/300, Training Loss: 0.2316668632020261
2024-06-27 01:15:21 - INFO - Epoch: 200/300, Validation Loss: 0.3783980710249321, Accuracy: 70.6711615078149%
2024-06-27 01:15:26 - INFO - Epoch: 201/300, Training Loss: 0.22968404962882108
2024-06-27 01:15:27 - INFO - Epoch: 201/300, Validation Loss: 0.39748496050928156, Accuracy: 70.90101133925835%
2024-06-27 01:15:32 - INFO - Epoch: 202/300, Training Loss: 0.23074165581926412
2024-06-27 01:15:33 - INFO - Epoch: 202/300, Validation Loss: 0.36907075243253334, Accuracy: 70.56389825314128%
2024-06-27 01:15:38 - INFO - Epoch: 203/300, Training Loss: 0.22962226382657594
2024-06-27 01:15:39 - INFO - Epoch: 203/300, Validation Loss: 0.3803591659548236, Accuracy: 70.33404842169783%
2024-06-27 01:15:44 - INFO - Epoch: 204/300, Training Loss: 0.2305035937906188
2024-06-27 01:15:45 - INFO - Epoch: 204/300, Validation Loss: 0.38573505437257244, Accuracy: 70.41066503217898%
2024-06-27 01:15:50 - INFO - Epoch: 205/300, Training Loss: 0.22942457362717272
2024-06-27 01:15:51 - INFO - Epoch: 205/300, Validation Loss: 0.3953797094085637, Accuracy: 70.45663499846766%
2024-06-27 01:15:56 - INFO - Epoch: 206/300, Training Loss: 0.23176772130981965
2024-06-27 01:15:57 - INFO - Epoch: 206/300, Validation Loss: 0.38706203842279957, Accuracy: 70.44131167637144%
2024-06-27 01:16:02 - INFO - Epoch: 207/300, Training Loss: 0.22857181258572667
2024-06-27 01:16:03 - INFO - Epoch: 207/300, Validation Loss: 0.389537606753555, Accuracy: 70.53325160894882%
2024-06-27 01:16:09 - INFO - Epoch: 208/300, Training Loss: 0.22918633030106625
2024-06-27 01:16:09 - INFO - Epoch: 208/300, Validation Loss: 0.3977728607315643, Accuracy: 70.33404842169783%
2024-06-27 01:16:15 - INFO - Epoch: 209/300, Training Loss: 0.23076771088309733
2024-06-27 01:16:15 - INFO - Epoch: 209/300, Validation Loss: 0.397035333163598, Accuracy: 70.34937174379405%
2024-06-27 01:16:21 - INFO - Epoch: 210/300, Training Loss: 0.22833970561623573
2024-06-27 01:16:21 - INFO - Epoch: 210/300, Validation Loss: 0.38491161459801243, Accuracy: 70.34937174379405%
2024-06-27 01:16:27 - INFO - Epoch: 211/300, Training Loss: 0.22972465374087
2024-06-27 01:16:27 - INFO - Epoch: 211/300, Validation Loss: 0.39370134268321244, Accuracy: 70.38001838798651%
2024-06-27 01:16:33 - INFO - Epoch: 212/300, Training Loss: 0.22758530964161836
2024-06-27 01:16:33 - INFO - Epoch: 212/300, Validation Loss: 0.40791920426429484, Accuracy: 70.2727551333129%
2024-06-27 01:16:39 - INFO - Epoch: 213/300, Training Loss: 0.22811985791971287
2024-06-27 01:16:39 - INFO - Epoch: 213/300, Validation Loss: 0.4097210424495678, Accuracy: 70.13484523444683%
2024-06-27 01:16:45 - INFO - Epoch: 214/300, Training Loss: 0.22822736693071385
2024-06-27 01:16:45 - INFO - Epoch: 214/300, Validation Loss: 0.40943915294665917, Accuracy: 70.11952191235059%
2024-06-27 01:16:51 - INFO - Epoch: 215/300, Training Loss: 0.22759271823965452
2024-06-27 01:16:51 - INFO - Epoch: 215/300, Validation Loss: 0.41697396834691364, Accuracy: 69.9203187250996%
2024-06-27 01:16:57 - INFO - Epoch: 216/300, Training Loss: 0.22913684807352575
2024-06-27 01:16:57 - INFO - Epoch: 216/300, Validation Loss: 0.41400566682511686, Accuracy: 69.9203187250996%
2024-06-27 01:17:03 - INFO - Epoch: 217/300, Training Loss: 0.22845265910248547
2024-06-27 01:17:03 - INFO - Epoch: 217/300, Validation Loss: 0.41687627049053416, Accuracy: 70.08887526815813%
2024-06-27 01:17:09 - INFO - Epoch: 218/300, Training Loss: 0.2267109875695086
2024-06-27 01:17:09 - INFO - Epoch: 218/300, Validation Loss: 0.4204070717096329, Accuracy: 69.9662886913883%
2024-06-27 01:17:15 - INFO - Epoch: 219/300, Training Loss: 0.22713353377127765
2024-06-27 01:17:15 - INFO - Epoch: 219/300, Validation Loss: 0.41499965418787566, Accuracy: 69.90499540300337%
2024-06-27 01:17:21 - INFO - Epoch: 220/300, Training Loss: 0.2264728369191289
2024-06-27 01:17:22 - INFO - Epoch: 220/300, Validation Loss: 0.4150826679725273, Accuracy: 69.9203187250996%
2024-06-27 01:17:27 - INFO - Epoch: 221/300, Training Loss: 0.22631619291781796
2024-06-27 01:17:28 - INFO - Epoch: 221/300, Validation Loss: 0.4376729056239128, Accuracy: 69.79773214832976%
2024-06-27 01:17:33 - INFO - Epoch: 222/300, Training Loss: 0.2269284908166703
2024-06-27 01:17:34 - INFO - Epoch: 222/300, Validation Loss: 0.4318615021366699, Accuracy: 69.90499540300337%
2024-06-27 01:17:39 - INFO - Epoch: 223/300, Training Loss: 0.22639592910441114
2024-06-27 01:17:40 - INFO - Epoch: 223/300, Validation Loss: 0.4360522578159968, Accuracy: 69.88967208090715%
2024-06-27 01:17:45 - INFO - Epoch: 224/300, Training Loss: 0.22625086131487407
2024-06-27 01:17:46 - INFO - Epoch: 224/300, Validation Loss: 0.44235001504421234, Accuracy: 69.82837879252222%
2024-06-27 01:17:51 - INFO - Epoch: 225/300, Training Loss: 0.22653220970110566
2024-06-27 01:17:52 - INFO - Epoch: 225/300, Validation Loss: 0.4317050462259966, Accuracy: 69.59852896107876%
2024-06-27 01:17:57 - INFO - Epoch: 226/300, Training Loss: 0.22476555564093822
2024-06-27 01:17:58 - INFO - Epoch: 226/300, Validation Loss: 0.4295174749750717, Accuracy: 69.73643885994484%
2024-06-27 01:18:03 - INFO - Epoch: 227/300, Training Loss: 0.22557672359706724
2024-06-27 01:18:04 - INFO - Epoch: 227/300, Validation Loss: 0.43443316162801254, Accuracy: 69.5678823168863%
2024-06-27 01:18:09 - INFO - Epoch: 228/300, Training Loss: 0.22557939039360658
2024-06-27 01:18:10 - INFO - Epoch: 228/300, Validation Loss: 0.4375211073487413, Accuracy: 69.58320563898253%
2024-06-27 01:18:15 - INFO - Epoch: 229/300, Training Loss: 0.22570663705175997
2024-06-27 01:18:16 - INFO - Epoch: 229/300, Validation Loss: 0.43356630878121244, Accuracy: 69.5219123505976%
2024-06-27 01:18:21 - INFO - Epoch: 230/300, Training Loss: 0.23169279116771968
2024-06-27 01:18:22 - INFO - Epoch: 230/300, Validation Loss: 0.42910019264501686, Accuracy: 69.50658902850138%
2024-06-27 01:18:27 - INFO - Epoch: 231/300, Training Loss: 0.22423790336823932
2024-06-27 01:18:28 - INFO - Epoch: 231/300, Validation Loss: 0.44210439452938005, Accuracy: 69.9662886913883%
2024-06-27 01:18:33 - INFO - Epoch: 232/300, Training Loss: 0.2238618797786972
2024-06-27 01:18:34 - INFO - Epoch: 232/300, Validation Loss: 0.45720159627643286, Accuracy: 69.58320563898253%
2024-06-27 01:18:39 - INFO - Epoch: 233/300, Training Loss: 0.22362366262092895
2024-06-27 01:18:40 - INFO - Epoch: 233/300, Validation Loss: 0.4655657439839606, Accuracy: 69.55255899479008%
2024-06-27 01:18:46 - INFO - Epoch: 234/300, Training Loss: 0.22532490706619093
2024-06-27 01:18:46 - INFO - Epoch: 234/300, Validation Loss: 0.4585084766149521, Accuracy: 69.55255899479008%
2024-06-27 01:18:52 - INFO - Epoch: 235/300, Training Loss: 0.22423526617314885
2024-06-27 01:18:52 - INFO - Epoch: 235/300, Validation Loss: 0.45141514346880074, Accuracy: 69.62917560527123%
2024-06-27 01:18:58 - INFO - Epoch: 236/300, Training Loss: 0.22452024178689017
2024-06-27 01:18:58 - INFO - Epoch: 236/300, Validation Loss: 0.46280845356922523, Accuracy: 69.7211155378486%
2024-06-27 01:19:04 - INFO - Epoch: 237/300, Training Loss: 0.22254765134158672
2024-06-27 01:19:04 - INFO - Epoch: 237/300, Validation Loss: 0.46560291770626516, Accuracy: 69.53723567269384%
2024-06-27 01:19:10 - INFO - Epoch: 238/300, Training Loss: 0.22305073059510952
2024-06-27 01:19:10 - INFO - Epoch: 238/300, Validation Loss: 0.472983897754959, Accuracy: 69.70579221575238%
2024-06-27 01:19:16 - INFO - Epoch: 239/300, Training Loss: 0.22194105240644194
2024-06-27 01:19:16 - INFO - Epoch: 239/300, Validation Loss: 0.4672187934903538, Accuracy: 69.49126570640514%
2024-06-27 01:19:22 - INFO - Epoch: 240/300, Training Loss: 0.2224541671354981
2024-06-27 01:19:22 - INFO - Epoch: 240/300, Validation Loss: 0.4727080728785664, Accuracy: 69.55255899479008%
2024-06-27 01:19:28 - INFO - Epoch: 241/300, Training Loss: 0.22197408024586884
2024-06-27 01:19:28 - INFO - Epoch: 241/300, Validation Loss: 0.46683500707149506, Accuracy: 69.50658902850138%
2024-06-27 01:19:34 - INFO - Epoch: 242/300, Training Loss: 0.22257546539984496
2024-06-27 01:19:35 - INFO - Epoch: 242/300, Validation Loss: 0.4664218834802216, Accuracy: 69.67514557155991%
2024-06-27 01:19:40 - INFO - Epoch: 243/300, Training Loss: 0.2221075740515017
2024-06-27 01:19:41 - INFO - Epoch: 243/300, Validation Loss: 0.4804862089016858, Accuracy: 69.47594238430892%
2024-06-27 01:19:46 - INFO - Epoch: 244/300, Training Loss: 0.22536804315214062
2024-06-27 01:19:46 - INFO - Epoch: 244/300, Validation Loss: 0.4767157917513567, Accuracy: 69.58320563898253%
2024-06-27 01:19:52 - INFO - Epoch: 245/300, Training Loss: 0.22185922271626837
2024-06-27 01:19:52 - INFO - Epoch: 245/300, Validation Loss: 0.4872470758124894, Accuracy: 69.38400245173153%
2024-06-27 01:19:58 - INFO - Epoch: 246/300, Training Loss: 0.22231796803865947
2024-06-27 01:19:59 - INFO - Epoch: 246/300, Validation Loss: 0.4698999538725498, Accuracy: 69.5219123505976%
2024-06-27 01:20:04 - INFO - Epoch: 247/300, Training Loss: 0.2223003148009964
2024-06-27 01:20:05 - INFO - Epoch: 247/300, Validation Loss: 0.4921305121160021, Accuracy: 69.36867912963531%
2024-06-27 01:20:10 - INFO - Epoch: 248/300, Training Loss: 0.22092229757896242
2024-06-27 01:20:11 - INFO - Epoch: 248/300, Validation Loss: 0.4873577350494908, Accuracy: 69.58320563898253%
2024-06-27 01:20:16 - INFO - Epoch: 249/300, Training Loss: 0.22178590146130792
2024-06-27 01:20:17 - INFO - Epoch: 249/300, Validation Loss: 0.48568760589057325, Accuracy: 69.38400245173153%
2024-06-27 01:20:22 - INFO - Epoch: 250/300, Training Loss: 0.2215481788723492
2024-06-27 01:20:23 - INFO - Epoch: 250/300, Validation Loss: 0.5010764441069435, Accuracy: 69.47594238430892%
2024-06-27 01:20:28 - INFO - Epoch: 251/300, Training Loss: 0.2205984019765667
2024-06-27 01:20:29 - INFO - Epoch: 251/300, Validation Loss: 0.49770301259031485, Accuracy: 69.42997241802023%
2024-06-27 01:20:34 - INFO - Epoch: 252/300, Training Loss: 0.22030647544592036
2024-06-27 01:20:35 - INFO - Epoch: 252/300, Validation Loss: 0.49958142959604074, Accuracy: 69.59852896107876%
2024-06-27 01:20:40 - INFO - Epoch: 253/300, Training Loss: 0.22114381471685335
2024-06-27 01:20:41 - INFO - Epoch: 253/300, Validation Loss: 0.4878494128877041, Accuracy: 69.39932577382777%
2024-06-27 01:20:46 - INFO - Epoch: 254/300, Training Loss: 0.2235453219572995
2024-06-27 01:20:47 - INFO - Epoch: 254/300, Validation Loss: 0.5002811296897776, Accuracy: 69.36867912963531%
2024-06-27 01:20:52 - INFO - Epoch: 255/300, Training Loss: 0.2237288520178374
2024-06-27 01:20:53 - INFO - Epoch: 255/300, Validation Loss: 0.5031129302931767, Accuracy: 69.36867912963531%
2024-06-27 01:20:58 - INFO - Epoch: 256/300, Training Loss: 0.2199639790673174
2024-06-27 01:20:59 - INFO - Epoch: 256/300, Validation Loss: 0.4983288216240266, Accuracy: 69.33803248544284%
2024-06-27 01:21:04 - INFO - Epoch: 257/300, Training Loss: 0.21951485806893484
2024-06-27 01:21:05 - INFO - Epoch: 257/300, Validation Loss: 0.5181859705378028, Accuracy: 69.44529574011646%
2024-06-27 01:21:10 - INFO - Epoch: 258/300, Training Loss: 0.21953094113325955
2024-06-27 01:21:11 - INFO - Epoch: 258/300, Validation Loss: 0.4974750157664804, Accuracy: 69.39932577382777%
2024-06-27 01:21:16 - INFO - Epoch: 259/300, Training Loss: 0.22627419934553258
2024-06-27 01:21:17 - INFO - Epoch: 259/300, Validation Loss: 0.5190650958056543, Accuracy: 69.33803248544284%
2024-06-27 01:21:22 - INFO - Epoch: 260/300, Training Loss: 0.22018763448531722
2024-06-27 01:21:23 - INFO - Epoch: 260/300, Validation Loss: 0.5160522834927428, Accuracy: 69.46061906221269%
2024-06-27 01:21:29 - INFO - Epoch: 261/300, Training Loss: 0.21850076188132458
2024-06-27 01:21:29 - INFO - Epoch: 261/300, Validation Loss: 0.5287523807263842, Accuracy: 69.50658902850138%
2024-06-27 01:21:35 - INFO - Epoch: 262/300, Training Loss: 0.21788462377427256
2024-06-27 01:21:35 - INFO - Epoch: 262/300, Validation Loss: 0.5241724644221512, Accuracy: 69.46061906221269%
2024-06-27 01:21:41 - INFO - Epoch: 263/300, Training Loss: 0.21754103100986458
2024-06-27 01:21:41 - INFO - Epoch: 263/300, Validation Loss: 0.5411705187722748, Accuracy: 69.38400245173153%
2024-06-27 01:21:47 - INFO - Epoch: 264/300, Training Loss: 0.21931665843608333
2024-06-27 01:21:47 - INFO - Epoch: 264/300, Validation Loss: 0.524900352545813, Accuracy: 69.35335580753907%
2024-06-27 01:21:53 - INFO - Epoch: 265/300, Training Loss: 0.21906175637873365
2024-06-27 01:21:54 - INFO - Epoch: 265/300, Validation Loss: 0.5424799381517896, Accuracy: 69.39932577382777%
2024-06-27 01:21:59 - INFO - Epoch: 266/300, Training Loss: 0.21863274820441125
2024-06-27 01:22:00 - INFO - Epoch: 266/300, Validation Loss: 0.5308052955889234, Accuracy: 69.32270916334662%
2024-06-27 01:22:05 - INFO - Epoch: 267/300, Training Loss: 0.2192565944118827
2024-06-27 01:22:06 - INFO - Epoch: 267/300, Validation Loss: 0.5502609557965222, Accuracy: 69.29206251915416%
2024-06-27 01:22:11 - INFO - Epoch: 268/300, Training Loss: 0.21943373527085663
2024-06-27 01:22:12 - INFO - Epoch: 268/300, Validation Loss: 0.5583343181539985, Accuracy: 69.46061906221269%
2024-06-27 01:22:17 - INFO - Epoch: 269/300, Training Loss: 0.22058749646313636
2024-06-27 01:22:18 - INFO - Epoch: 269/300, Validation Loss: 0.5250050954374612, Accuracy: 69.29206251915416%
2024-06-27 01:22:23 - INFO - Epoch: 270/300, Training Loss: 0.22033041551270904
2024-06-27 01:22:24 - INFO - Epoch: 270/300, Validation Loss: 0.5589286828157949, Accuracy: 69.38400245173153%
2024-06-27 01:22:29 - INFO - Epoch: 271/300, Training Loss: 0.21892784247357472
2024-06-27 01:22:30 - INFO - Epoch: 271/300, Validation Loss: 0.5544504421014412, Accuracy: 69.38400245173153%
2024-06-27 01:22:35 - INFO - Epoch: 272/300, Training Loss: 0.21751804956618478
2024-06-27 01:22:36 - INFO - Epoch: 272/300, Validation Loss: 0.5505229763540567, Accuracy: 69.38400245173153%
2024-06-27 01:22:41 - INFO - Epoch: 273/300, Training Loss: 0.21638558658899046
2024-06-27 01:22:42 - INFO - Epoch: 273/300, Validation Loss: 0.5538888424634933, Accuracy: 69.32270916334662%
2024-06-27 01:22:47 - INFO - Epoch: 274/300, Training Loss: 0.2178674559200219
2024-06-27 01:22:48 - INFO - Epoch: 274/300, Validation Loss: 0.5557679601159751, Accuracy: 69.18479926448055%
2024-06-27 01:22:53 - INFO - Epoch: 275/300, Training Loss: 0.21768254728293887
2024-06-27 01:22:54 - INFO - Epoch: 275/300, Validation Loss: 0.5589687090878394, Accuracy: 69.41464909592399%
2024-06-27 01:22:59 - INFO - Epoch: 276/300, Training Loss: 0.21679200560731046
2024-06-27 01:23:00 - INFO - Epoch: 276/300, Validation Loss: 0.5598426987143124, Accuracy: 69.46061906221269%
2024-06-27 01:23:06 - INFO - Epoch: 277/300, Training Loss: 0.21845447841812582
2024-06-27 01:23:06 - INFO - Epoch: 277/300, Validation Loss: 0.5735631804255878, Accuracy: 69.20012258657677%
2024-06-27 01:23:12 - INFO - Epoch: 278/300, Training Loss: 0.21737114473373867
2024-06-27 01:23:12 - INFO - Epoch: 278/300, Validation Loss: 0.5690753141454622, Accuracy: 69.24609255286546%
2024-06-27 01:23:18 - INFO - Epoch: 279/300, Training Loss: 0.216913852840662
2024-06-27 01:23:18 - INFO - Epoch: 279/300, Validation Loss: 0.5561788646029491, Accuracy: 69.18479926448055%
2024-06-27 01:23:24 - INFO - Epoch: 280/300, Training Loss: 0.21757307508047305
2024-06-27 01:23:24 - INFO - Epoch: 280/300, Validation Loss: 0.5768574692454993, Accuracy: 69.10818265399939%
2024-06-27 01:23:30 - INFO - Epoch: 281/300, Training Loss: 0.2160134974903628
2024-06-27 01:23:30 - INFO - Epoch: 281/300, Validation Loss: 0.5602202792378033, Accuracy: 69.20012258657677%
2024-06-27 01:23:36 - INFO - Epoch: 282/300, Training Loss: 0.21775973454921269
2024-06-27 01:23:36 - INFO - Epoch: 282/300, Validation Loss: 0.5840738994233748, Accuracy: 69.15415262028807%
2024-06-27 01:23:42 - INFO - Epoch: 283/300, Training Loss: 0.21658950006844951
2024-06-27 01:23:42 - INFO - Epoch: 283/300, Validation Loss: 0.5743093920104644, Accuracy: 69.12350597609561%
2024-06-27 01:23:48 - INFO - Epoch: 284/300, Training Loss: 0.21654407146806812
2024-06-27 01:23:48 - INFO - Epoch: 284/300, Validation Loss: 0.5786713776635188, Accuracy: 69.23076923076923%
2024-06-27 01:23:54 - INFO - Epoch: 285/300, Training Loss: 0.21652817010295158
2024-06-27 01:23:55 - INFO - Epoch: 285/300, Validation Loss: 0.5745820005734762, Accuracy: 69.10818265399939%
2024-06-27 01:24:00 - INFO - Epoch: 286/300, Training Loss: 0.21551733500525064
2024-06-27 01:24:01 - INFO - Epoch: 286/300, Validation Loss: 0.594981881625512, Accuracy: 69.07753600980692%
2024-06-27 01:24:06 - INFO - Epoch: 287/300, Training Loss: 0.21699035976666445
2024-06-27 01:24:07 - INFO - Epoch: 287/300, Validation Loss: 0.5965580501977135, Accuracy: 69.13882929819185%
2024-06-27 01:24:13 - INFO - Epoch: 288/300, Training Loss: 0.2158836822445486
2024-06-27 01:24:13 - INFO - Epoch: 288/300, Validation Loss: 0.5999129896654802, Accuracy: 69.13882929819185%
2024-06-27 01:24:19 - INFO - Epoch: 289/300, Training Loss: 0.21607213339530953
2024-06-27 01:24:19 - INFO - Epoch: 289/300, Validation Loss: 0.5976810990010991, Accuracy: 69.215445908673%
2024-06-27 01:24:25 - INFO - Epoch: 290/300, Training Loss: 0.2165050086583577
2024-06-27 01:24:26 - INFO - Epoch: 290/300, Validation Loss: 0.5928508338390612, Accuracy: 69.18479926448055%
2024-06-27 01:24:31 - INFO - Epoch: 291/300, Training Loss: 0.2169962095863679
2024-06-27 01:24:32 - INFO - Epoch: 291/300, Validation Loss: 0.6025297066160277, Accuracy: 69.15415262028807%
2024-06-27 01:24:37 - INFO - Epoch: 292/300, Training Loss: 0.21598279476165771
2024-06-27 01:24:38 - INFO - Epoch: 292/300, Validation Loss: 0.5913722255066329, Accuracy: 69.32270916334662%
2024-06-27 01:24:43 - INFO - Epoch: 293/300, Training Loss: 0.2158786266056054
2024-06-27 01:24:44 - INFO - Epoch: 293/300, Validation Loss: 0.6037075017012802, Accuracy: 69.23076923076923%
2024-06-27 01:24:49 - INFO - Epoch: 294/300, Training Loss: 0.21586636654740454
2024-06-27 01:24:50 - INFO - Epoch: 294/300, Validation Loss: 0.5962288388434578, Accuracy: 69.24609255286546%
2024-06-27 01:24:55 - INFO - Epoch: 295/300, Training Loss: 0.21466598752886057
2024-06-27 01:24:56 - INFO - Epoch: 295/300, Validation Loss: 0.6061085401212468, Accuracy: 69.18479926448055%
2024-06-27 01:25:02 - INFO - Epoch: 296/300, Training Loss: 0.21424510424920157
2024-06-27 01:25:02 - INFO - Epoch: 296/300, Validation Loss: 0.6180039866297853, Accuracy: 69.20012258657677%
2024-06-27 01:25:08 - INFO - Epoch: 297/300, Training Loss: 0.2152111719855491
2024-06-27 01:25:08 - INFO - Epoch: 297/300, Validation Loss: 0.6181188322165433, Accuracy: 69.27673919705792%
2024-06-27 01:25:14 - INFO - Epoch: 298/300, Training Loss: 0.21453794829693495
2024-06-27 01:25:15 - INFO - Epoch: 298/300, Validation Loss: 0.6149664784179014, Accuracy: 69.215445908673%
2024-06-27 01:25:20 - INFO - Epoch: 299/300, Training Loss: 0.21428879900086745
2024-06-27 01:25:21 - INFO - Epoch: 299/300, Validation Loss: 0.6168198679007736, Accuracy: 69.13882929819185%
2024-06-27 01:25:26 - INFO - Epoch: 300/300, Training Loss: 0.21493769011588074
2024-06-27 01:25:26 - INFO - Epoch: 300/300, Validation Loss: 0.6075850932621488, Accuracy: 69.07753600980692%
2024-06-27 01:25:26 - INFO - Finished training model.
2024-06-27 01:25:26 - INFO - Model saved to lstm_classifier.pth and vocabulary saved to vocab.pkl
