2024-07-10 23:00:39 - INFO - This log entry will go into a uniquely named file for this run.
2024-07-10 23:00:43 - INFO - Starting LSTM model training...
2024-07-10 23:00:46 - INFO - Epoch: 1/300, Training Loss: 0.693251652635377
2024-07-10 23:00:46 - INFO - Epoch: 1/300, Validation Loss: 0.692989916919352, Accuracy: 50.8277289187791%
2024-07-10 23:00:49 - INFO - Epoch: 2/300, Training Loss: 0.6930915106576064
2024-07-10 23:00:49 - INFO - Epoch: 2/300, Validation Loss: 0.6928493711319599, Accuracy: 51.43128125538886%
2024-07-10 23:00:52 - INFO - Epoch: 3/300, Training Loss: 0.692917450625321
2024-07-10 23:00:52 - INFO - Epoch: 3/300, Validation Loss: 0.6921923802449153, Accuracy: 52.25038799793068%
2024-07-10 23:00:54 - INFO - Epoch: 4/300, Training Loss: 0.692918095835324
2024-07-10 23:00:55 - INFO - Epoch: 4/300, Validation Loss: 0.6927498186027611, Accuracy: 51.23297120193137%
2024-07-10 23:00:57 - INFO - Epoch: 5/300, Training Loss: 0.6923953222406322
2024-07-10 23:00:58 - INFO - Epoch: 5/300, Validation Loss: 0.6922514723552452, Accuracy: 50.63804104155889%
2024-07-10 23:01:00 - INFO - Epoch: 6/300, Training Loss: 0.6919720632454445
2024-07-10 23:01:00 - INFO - Epoch: 6/300, Validation Loss: 0.6915737953814831, Accuracy: 52.94016209691326%
2024-07-10 23:01:03 - INFO - Epoch: 7/300, Training Loss: 0.6842215221503686
2024-07-10 23:01:03 - INFO - Epoch: 7/300, Validation Loss: 0.6789841671566387, Accuracy: 58.07035695809623%
2024-07-10 23:01:06 - INFO - Epoch: 8/300, Training Loss: 0.6508584360418649
2024-07-10 23:01:06 - INFO - Epoch: 8/300, Validation Loss: 0.6242049205434191, Accuracy: 61.795137092602175%
2024-07-10 23:01:09 - INFO - Epoch: 9/300, Training Loss: 0.6096115743291789
2024-07-10 23:01:09 - INFO - Epoch: 9/300, Validation Loss: 0.6014488409836214, Accuracy: 63.57992757371961%
2024-07-10 23:01:12 - INFO - Epoch: 10/300, Training Loss: 0.6003092335421464
2024-07-10 23:01:12 - INFO - Epoch: 10/300, Validation Loss: 0.5983281002922373, Accuracy: 63.614416278668735%
2024-07-10 23:01:15 - INFO - Epoch: 11/300, Training Loss: 0.5987428041162162
2024-07-10 23:01:15 - INFO - Epoch: 11/300, Validation Loss: 0.5989814394122952, Accuracy: 63.65752715985515%
2024-07-10 23:01:17 - INFO - Epoch: 12/300, Training Loss: 0.595422739735965
2024-07-10 23:01:18 - INFO - Epoch: 12/300, Validation Loss: 0.5926437179793368, Accuracy: 63.98516985687188%
2024-07-10 23:01:20 - INFO - Epoch: 13/300, Training Loss: 0.5914377670041446
2024-07-10 23:01:20 - INFO - Epoch: 13/300, Validation Loss: 0.5954019171851022, Accuracy: 64.35592343507501%
2024-07-10 23:01:23 - INFO - Epoch: 14/300, Training Loss: 0.5792253420270722
2024-07-10 23:01:23 - INFO - Epoch: 14/300, Validation Loss: 0.5699098403309728, Accuracy: 66.62355578548025%
2024-07-10 23:01:26 - INFO - Epoch: 15/300, Training Loss: 0.5652024350084107
2024-07-10 23:01:26 - INFO - Epoch: 15/300, Validation Loss: 0.5585604662096108, Accuracy: 67.90826004483532%
2024-07-10 23:01:29 - INFO - Epoch: 16/300, Training Loss: 0.5675593191179736
2024-07-10 23:01:29 - INFO - Epoch: 16/300, Validation Loss: 0.5614231482639418, Accuracy: 67.86514916364891%
2024-07-10 23:01:32 - INFO - Epoch: 17/300, Training Loss: 0.5524953917799325
2024-07-10 23:01:32 - INFO - Epoch: 17/300, Validation Loss: 0.5448073263351734, Accuracy: 68.96878772202103%
2024-07-10 23:01:34 - INFO - Epoch: 18/300, Training Loss: 0.5425376372090701
2024-07-10 23:01:35 - INFO - Epoch: 18/300, Validation Loss: 0.5407115754845379, Accuracy: 69.20158648042766%
2024-07-10 23:01:37 - INFO - Epoch: 19/300, Training Loss: 0.542512386585104
2024-07-10 23:01:38 - INFO - Epoch: 19/300, Validation Loss: 0.5340700753770031, Accuracy: 69.68442834971547%
2024-07-10 23:01:40 - INFO - Epoch: 20/300, Training Loss: 0.5339049431373333
2024-07-10 23:01:40 - INFO - Epoch: 20/300, Validation Loss: 0.5288969980818885, Accuracy: 69.96896016554578%
2024-07-10 23:01:43 - INFO - Epoch: 21/300, Training Loss: 0.5293752333213543
2024-07-10 23:01:43 - INFO - Epoch: 21/300, Validation Loss: 0.5254725928489978, Accuracy: 70.2103811001897%
2024-07-10 23:01:46 - INFO - Epoch: 22/300, Training Loss: 0.5236905691130408
2024-07-10 23:01:46 - INFO - Epoch: 22/300, Validation Loss: 0.5234740009674659, Accuracy: 70.27073633385066%
2024-07-10 23:01:49 - INFO - Epoch: 23/300, Training Loss: 0.5182129246613075
2024-07-10 23:01:49 - INFO - Epoch: 23/300, Validation Loss: 0.521235873738488, Accuracy: 70.41731332988446%
2024-07-10 23:01:52 - INFO - Epoch: 24/300, Training Loss: 0.5153241293183688
2024-07-10 23:01:52 - INFO - Epoch: 24/300, Validation Loss: 0.5134054170205042, Accuracy: 70.50353509225728%
2024-07-10 23:01:54 - INFO - Epoch: 25/300, Training Loss: 0.5108328943005923
2024-07-10 23:01:55 - INFO - Epoch: 25/300, Validation Loss: 0.5118647212838079, Accuracy: 70.27935851008795%
2024-07-10 23:01:57 - INFO - Epoch: 26/300, Training Loss: 0.5077316501633874
2024-07-10 23:01:58 - INFO - Epoch: 26/300, Validation Loss: 0.5064432945225265, Accuracy: 70.62424555957924%
2024-07-10 23:02:00 - INFO - Epoch: 27/300, Training Loss: 0.5024839061704175
2024-07-10 23:02:00 - INFO - Epoch: 27/300, Validation Loss: 0.4976128082681488, Accuracy: 70.22762545266426%
2024-07-10 23:02:03 - INFO - Epoch: 28/300, Training Loss: 0.5001260469288662
2024-07-10 23:02:03 - INFO - Epoch: 28/300, Validation Loss: 0.4950906149633638, Accuracy: 70.27935851008795%
2024-07-10 23:02:06 - INFO - Epoch: 29/300, Training Loss: 0.495058961366785
2024-07-10 23:02:06 - INFO - Epoch: 29/300, Validation Loss: 0.49578488380699365, Accuracy: 70.68460079324021%
2024-07-10 23:02:09 - INFO - Epoch: 30/300, Training Loss: 0.4867934537756032
2024-07-10 23:02:09 - INFO - Epoch: 30/300, Validation Loss: 0.4894136591599538, Accuracy: 70.03793757544405%
2024-07-10 23:02:11 - INFO - Epoch: 31/300, Training Loss: 0.48237955718204895
2024-07-10 23:02:12 - INFO - Epoch: 31/300, Validation Loss: 0.48352672176046685, Accuracy: 70.41731332988446%
2024-07-10 23:02:14 - INFO - Epoch: 32/300, Training Loss: 0.47995534272029483
2024-07-10 23:02:15 - INFO - Epoch: 32/300, Validation Loss: 0.47526945861486286, Accuracy: 70.77944473185032%
2024-07-10 23:02:17 - INFO - Epoch: 33/300, Training Loss: 0.4723265487983309
2024-07-10 23:02:17 - INFO - Epoch: 33/300, Validation Loss: 0.47315987731729237, Accuracy: 70.12415933781686%
2024-07-10 23:02:20 - INFO - Epoch: 34/300, Training Loss: 0.4706275662471508
2024-07-10 23:02:20 - INFO - Epoch: 34/300, Validation Loss: 0.47864108360730684, Accuracy: 70.30522503879979%
2024-07-10 23:02:23 - INFO - Epoch: 35/300, Training Loss: 0.46664181879882155
2024-07-10 23:02:23 - INFO - Epoch: 35/300, Validation Loss: 0.46445015367570813, Accuracy: 70.45180203483359%
2024-07-10 23:02:26 - INFO - Epoch: 36/300, Training Loss: 0.4612474598966796
2024-07-10 23:02:26 - INFO - Epoch: 36/300, Validation Loss: 0.4669056487279934, Accuracy: 70.44317985859631%
2024-07-10 23:02:29 - INFO - Epoch: 37/300, Training Loss: 0.45749738771339943
2024-07-10 23:02:29 - INFO - Epoch: 37/300, Validation Loss: 0.4676601108941403, Accuracy: 70.44317985859631%
2024-07-10 23:02:31 - INFO - Epoch: 38/300, Training Loss: 0.4574596118927002
2024-07-10 23:02:32 - INFO - Epoch: 38/300, Validation Loss: 0.45846398142012923, Accuracy: 71.07259872391792%
2024-07-10 23:02:34 - INFO - Epoch: 39/300, Training Loss: 0.45275039676962225
2024-07-10 23:02:35 - INFO - Epoch: 39/300, Validation Loss: 0.4589387887454295, Accuracy: 69.60682876357993%
2024-07-10 23:02:37 - INFO - Epoch: 40/300, Training Loss: 0.4513841486799306
2024-07-10 23:02:38 - INFO - Epoch: 40/300, Validation Loss: 0.4558427843091252, Accuracy: 70.33109156751163%
2024-07-10 23:02:40 - INFO - Epoch: 41/300, Training Loss: 0.4504858781551493
2024-07-10 23:02:40 - INFO - Epoch: 41/300, Validation Loss: 0.4613869558651369, Accuracy: 69.80513881703742%
2024-07-10 23:02:43 - INFO - Epoch: 42/300, Training Loss: 0.44509475679233157
2024-07-10 23:02:43 - INFO - Epoch: 42/300, Validation Loss: 0.44720377044363335, Accuracy: 70.23624762890154%
2024-07-10 23:02:46 - INFO - Epoch: 43/300, Training Loss: 0.4419213974475861
2024-07-10 23:02:46 - INFO - Epoch: 43/300, Validation Loss: 0.4463714917937478, Accuracy: 70.18451457147783%
2024-07-10 23:02:48 - INFO - Epoch: 44/300, Training Loss: 0.4398565332642917
2024-07-10 23:02:49 - INFO - Epoch: 44/300, Validation Loss: 0.44389334550270665, Accuracy: 70.88291084669771%
2024-07-10 23:02:51 - INFO - Epoch: 45/300, Training Loss: 0.43931793019689364
2024-07-10 23:02:52 - INFO - Epoch: 45/300, Validation Loss: 0.4429065838947401, Accuracy: 71.38299706846009%
2024-07-10 23:02:54 - INFO - Epoch: 46/300, Training Loss: 0.4344224269636746
2024-07-10 23:02:54 - INFO - Epoch: 46/300, Validation Loss: 0.4451590615969438, Accuracy: 70.04655975168133%
2024-07-10 23:02:57 - INFO - Epoch: 47/300, Training Loss: 0.43188789186806514
2024-07-10 23:02:57 - INFO - Epoch: 47/300, Validation Loss: 0.4418479485826178, Accuracy: 70.37420244869806%
2024-07-10 23:03:00 - INFO - Epoch: 48/300, Training Loss: 0.43166926753932033
2024-07-10 23:03:00 - INFO - Epoch: 48/300, Validation Loss: 0.4464049902591076, Accuracy: 70.71046732195207%
2024-07-10 23:03:03 - INFO - Epoch: 49/300, Training Loss: 0.4292290319245437
2024-07-10 23:03:03 - INFO - Epoch: 49/300, Validation Loss: 0.43657713424373457, Accuracy: 69.9603379893085%
2024-07-10 23:03:06 - INFO - Epoch: 50/300, Training Loss: 0.42690221005472645
2024-07-10 23:03:06 - INFO - Epoch: 50/300, Validation Loss: 0.43969196949031325, Accuracy: 70.32246939127435%
2024-07-10 23:03:08 - INFO - Epoch: 51/300, Training Loss: 0.4255057981918598
2024-07-10 23:03:09 - INFO - Epoch: 51/300, Validation Loss: 0.43166256982546586, Accuracy: 70.1069149853423%
2024-07-10 23:03:11 - INFO - Epoch: 52/300, Training Loss: 0.4224874048808525
2024-07-10 23:03:12 - INFO - Epoch: 52/300, Validation Loss: 0.43529591259065564, Accuracy: 69.76202793585101%
2024-07-10 23:03:14 - INFO - Epoch: 53/300, Training Loss: 0.41986374986582786
2024-07-10 23:03:14 - INFO - Epoch: 53/300, Validation Loss: 0.43853557650204544, Accuracy: 70.59837903086739%
2024-07-10 23:03:17 - INFO - Epoch: 54/300, Training Loss: 0.41945053203352567
2024-07-10 23:03:17 - INFO - Epoch: 54/300, Validation Loss: 0.4311942731613641, Accuracy: 69.61545093981721%
2024-07-10 23:03:20 - INFO - Epoch: 55/300, Training Loss: 0.41719194995945896
2024-07-10 23:03:20 - INFO - Epoch: 55/300, Validation Loss: 0.429862502348292, Accuracy: 70.60700120710467%
2024-07-10 23:03:23 - INFO - Epoch: 56/300, Training Loss: 0.41590629367992793
2024-07-10 23:03:23 - INFO - Epoch: 56/300, Validation Loss: 0.422004100221854, Accuracy: 70.33109156751163%
2024-07-10 23:03:25 - INFO - Epoch: 57/300, Training Loss: 0.4148249340879506
2024-07-10 23:03:26 - INFO - Epoch: 57/300, Validation Loss: 0.4244698197632046, Accuracy: 70.08967063286774%
2024-07-10 23:03:28 - INFO - Epoch: 58/300, Training Loss: 0.41227550329833196
2024-07-10 23:03:29 - INFO - Epoch: 58/300, Validation Loss: 0.42665868064204415, Accuracy: 70.32246939127435%
2024-07-10 23:03:31 - INFO - Epoch: 59/300, Training Loss: 0.4090704497797736
2024-07-10 23:03:31 - INFO - Epoch: 59/300, Validation Loss: 0.4208480981025067, Accuracy: 70.16727021900327%
2024-07-10 23:03:34 - INFO - Epoch: 60/300, Training Loss: 0.40922543050913973
2024-07-10 23:03:34 - INFO - Epoch: 60/300, Validation Loss: 0.41819657418099077, Accuracy: 70.62424555957924%
2024-07-10 23:03:37 - INFO - Epoch: 61/300, Training Loss: 0.40629557297147556
2024-07-10 23:03:37 - INFO - Epoch: 61/300, Validation Loss: 0.41631036292720625, Accuracy: 70.13278151405414%
2024-07-10 23:03:40 - INFO - Epoch: 62/300, Training Loss: 0.4096142588401663
2024-07-10 23:03:40 - INFO - Epoch: 62/300, Validation Loss: 0.41758569665662537, Accuracy: 71.0812209001552%
2024-07-10 23:03:43 - INFO - Epoch: 63/300, Training Loss: 0.40592227080772664
2024-07-10 23:03:43 - INFO - Epoch: 63/300, Validation Loss: 0.4175827357467714, Accuracy: 71.01224349025694%
2024-07-10 23:03:45 - INFO - Epoch: 64/300, Training Loss: 0.4044452631884608
2024-07-10 23:03:46 - INFO - Epoch: 64/300, Validation Loss: 0.41889328223008376, Accuracy: 70.21900327642697%
2024-07-10 23:03:48 - INFO - Epoch: 65/300, Training Loss: 0.4069934947737332
2024-07-10 23:03:49 - INFO - Epoch: 65/300, Validation Loss: 0.4203965200500174, Accuracy: 70.80531126056216%
2024-07-10 23:03:51 - INFO - Epoch: 66/300, Training Loss: 0.4032859328697468
2024-07-10 23:03:51 - INFO - Epoch: 66/300, Validation Loss: 0.42112726742749684, Accuracy: 70.52077944473184%
2024-07-10 23:03:54 - INFO - Epoch: 67/300, Training Loss: 0.4031214982065661
2024-07-10 23:03:54 - INFO - Epoch: 67/300, Validation Loss: 0.4136478033039596, Accuracy: 70.83117778927401%
2024-07-10 23:03:57 - INFO - Epoch: 68/300, Training Loss: 0.4007243403073015
2024-07-10 23:03:57 - INFO - Epoch: 68/300, Validation Loss: 0.4202860236822904, Accuracy: 70.26211415761338%
2024-07-10 23:04:00 - INFO - Epoch: 69/300, Training Loss: 0.40092630793308387
2024-07-10 23:04:00 - INFO - Epoch: 69/300, Validation Loss: 0.4159017501624076, Accuracy: 70.05518192791861%
2024-07-10 23:04:03 - INFO - Epoch: 70/300, Training Loss: 0.4011389533199113
2024-07-10 23:04:03 - INFO - Epoch: 70/300, Validation Loss: 0.4118658564575426, Accuracy: 69.91722710812209%
2024-07-10 23:04:05 - INFO - Epoch: 71/300, Training Loss: 0.40074756807294387
2024-07-10 23:04:06 - INFO - Epoch: 71/300, Validation Loss: 0.4294859134888911, Accuracy: 70.72771167442663%
2024-07-10 23:04:08 - INFO - Epoch: 72/300, Training Loss: 0.4002510594499522
2024-07-10 23:04:09 - INFO - Epoch: 72/300, Validation Loss: 0.41475164939414016, Accuracy: 69.74478358337645%
2024-07-10 23:04:11 - INFO - Epoch: 73/300, Training Loss: 0.39704772349061634
2024-07-10 23:04:11 - INFO - Epoch: 73/300, Validation Loss: 0.41996427044108675, Accuracy: 69.76202793585101%
2024-07-10 23:04:14 - INFO - Epoch: 74/300, Training Loss: 0.39746517230724465
2024-07-10 23:04:14 - INFO - Epoch: 74/300, Validation Loss: 0.4076380048479353, Accuracy: 70.84842214174857%
2024-07-10 23:04:17 - INFO - Epoch: 75/300, Training Loss: 0.3958955615142296
2024-07-10 23:04:17 - INFO - Epoch: 75/300, Validation Loss: 0.41186338613976486, Accuracy: 70.12415933781686%
2024-07-10 23:04:20 - INFO - Epoch: 76/300, Training Loss: 0.3961535616578727
2024-07-10 23:04:20 - INFO - Epoch: 76/300, Validation Loss: 0.4129406084398647, Accuracy: 70.07242628039317%
2024-07-10 23:04:22 - INFO - Epoch: 77/300, Training Loss: 0.39355810461373164
2024-07-10 23:04:23 - INFO - Epoch: 77/300, Validation Loss: 0.4144577333232859, Accuracy: 69.64993964476633%
2024-07-10 23:04:25 - INFO - Epoch: 78/300, Training Loss: 0.39600501533212334
2024-07-10 23:04:26 - INFO - Epoch: 78/300, Validation Loss: 0.409248309639784, Accuracy: 70.46042421107087%
2024-07-10 23:04:28 - INFO - Epoch: 79/300, Training Loss: 0.3952071569294765
2024-07-10 23:04:28 - INFO - Epoch: 79/300, Validation Loss: 0.4135998531684771, Accuracy: 69.83100534574926%
2024-07-10 23:04:31 - INFO - Epoch: 80/300, Training Loss: 0.39376123769529936
2024-07-10 23:04:31 - INFO - Epoch: 80/300, Validation Loss: 0.410785205416627, Accuracy: 70.08967063286774%
2024-07-10 23:04:34 - INFO - Epoch: 81/300, Training Loss: 0.3944796856107383
2024-07-10 23:04:34 - INFO - Epoch: 81/300, Validation Loss: 0.4081150800972195, Accuracy: 69.58958441110536%
2024-07-10 23:04:37 - INFO - Epoch: 82/300, Training Loss: 0.3919561125903294
2024-07-10 23:04:37 - INFO - Epoch: 82/300, Validation Loss: 0.41199045931244943, Accuracy: 69.36540782893603%
2024-07-10 23:04:39 - INFO - Epoch: 83/300, Training Loss: 0.3949816124603666
2024-07-10 23:04:40 - INFO - Epoch: 83/300, Validation Loss: 0.41609031150301734, Accuracy: 69.96896016554578%
2024-07-10 23:04:42 - INFO - Epoch: 84/300, Training Loss: 0.3906319938034847
2024-07-10 23:04:43 - INFO - Epoch: 84/300, Validation Loss: 0.4153404235839844, Accuracy: 69.70167270219004%
2024-07-10 23:04:45 - INFO - Epoch: 85/300, Training Loss: 0.39392963995193614
2024-07-10 23:04:45 - INFO - Epoch: 85/300, Validation Loss: 0.40939228384049386, Accuracy: 69.68442834971547%
2024-07-10 23:04:48 - INFO - Epoch: 86/300, Training Loss: 0.39165218266947516
2024-07-10 23:04:48 - INFO - Epoch: 86/300, Validation Loss: 0.41155941309509697, Accuracy: 69.84824969822384%
2024-07-10 23:04:51 - INFO - Epoch: 87/300, Training Loss: 0.3916834688597712
2024-07-10 23:04:51 - INFO - Epoch: 87/300, Validation Loss: 0.406241849228576, Accuracy: 69.84824969822384%
2024-07-10 23:04:54 - INFO - Epoch: 88/300, Training Loss: 0.39003903331427736
2024-07-10 23:04:54 - INFO - Epoch: 88/300, Validation Loss: 0.40947813679883766, Accuracy: 70.75357820313847%
2024-07-10 23:04:56 - INFO - Epoch: 89/300, Training Loss: 0.39092426879652614
2024-07-10 23:04:57 - INFO - Epoch: 89/300, Validation Loss: 0.4176239905121562, Accuracy: 69.58958441110536%
2024-07-10 23:04:59 - INFO - Epoch: 90/300, Training Loss: 0.3900633448567884
2024-07-10 23:05:00 - INFO - Epoch: 90/300, Validation Loss: 0.4222445987410598, Accuracy: 69.92584928435937%
2024-07-10 23:05:02 - INFO - Epoch: 91/300, Training Loss: 0.3906148454649695
2024-07-10 23:05:02 - INFO - Epoch: 91/300, Validation Loss: 0.41326394529788046, Accuracy: 69.92584928435937%
2024-07-10 23:05:05 - INFO - Epoch: 92/300, Training Loss: 0.3883822923282097
2024-07-10 23:05:05 - INFO - Epoch: 92/300, Validation Loss: 0.40351547792062653, Accuracy: 69.1843421279531%
2024-07-10 23:05:08 - INFO - Epoch: 93/300, Training Loss: 0.3878550490634195
2024-07-10 23:05:08 - INFO - Epoch: 93/300, Validation Loss: 0.405005734864172, Accuracy: 69.46025176754613%
2024-07-10 23:05:11 - INFO - Epoch: 94/300, Training Loss: 0.38927086435515307
2024-07-10 23:05:11 - INFO - Epoch: 94/300, Validation Loss: 0.40832963765977504, Accuracy: 69.46025176754613%
2024-07-10 23:05:14 - INFO - Epoch: 95/300, Training Loss: 0.389588690297357
2024-07-10 23:05:14 - INFO - Epoch: 95/300, Validation Loss: 0.40257973133862673, Accuracy: 69.02914295568202%
2024-07-10 23:05:16 - INFO - Epoch: 96/300, Training Loss: 0.38752076268196106
2024-07-10 23:05:17 - INFO - Epoch: 96/300, Validation Loss: 0.40542113862849855, Accuracy: 69.49474047249525%
2024-07-10 23:05:19 - INFO - Epoch: 97/300, Training Loss: 0.3855472910404205
2024-07-10 23:05:20 - INFO - Epoch: 97/300, Validation Loss: 0.4071614673504463, Accuracy: 70.07242628039317%
2024-07-10 23:05:22 - INFO - Epoch: 98/300, Training Loss: 0.3866653882635051
2024-07-10 23:05:22 - INFO - Epoch: 98/300, Validation Loss: 0.405566305740849, Accuracy: 69.71029487842732%
2024-07-10 23:05:25 - INFO - Epoch: 99/300, Training Loss: 0.386082345206162
2024-07-10 23:05:25 - INFO - Epoch: 99/300, Validation Loss: 0.4039014106268411, Accuracy: 70.23624762890154%
2024-07-10 23:05:28 - INFO - Epoch: 100/300, Training Loss: 0.3875519524360525
2024-07-10 23:05:28 - INFO - Epoch: 100/300, Validation Loss: 0.40748518590743726, Accuracy: 69.31367477151232%
2024-07-10 23:05:31 - INFO - Epoch: 101/300, Training Loss: 0.38897618277319546
2024-07-10 23:05:31 - INFO - Epoch: 101/300, Validation Loss: 0.4037826003936621, Accuracy: 69.24469736161407%
2024-07-10 23:05:33 - INFO - Epoch: 102/300, Training Loss: 0.3861184788572377
2024-07-10 23:05:34 - INFO - Epoch: 102/300, Validation Loss: 0.4060925053698676, Accuracy: 69.21883083290223%
2024-07-10 23:05:36 - INFO - Epoch: 103/300, Training Loss: 0.38717032179750244
2024-07-10 23:05:37 - INFO - Epoch: 103/300, Validation Loss: 0.4051027998819456, Accuracy: 69.58958441110536%
2024-07-10 23:05:39 - INFO - Epoch: 104/300, Training Loss: 0.38623223775419696
2024-07-10 23:05:39 - INFO - Epoch: 104/300, Validation Loss: 0.4092170304649479, Accuracy: 69.3222969477496%
2024-07-10 23:05:42 - INFO - Epoch: 105/300, Training Loss: 0.38520113928564664
2024-07-10 23:05:42 - INFO - Epoch: 105/300, Validation Loss: 0.40246615288676796, Accuracy: 69.38265218141059%
2024-07-10 23:05:45 - INFO - Epoch: 106/300, Training Loss: 0.3850313821743275
2024-07-10 23:05:45 - INFO - Epoch: 106/300, Validation Loss: 0.4139545173435421, Accuracy: 69.28780824280048%
2024-07-10 23:05:48 - INFO - Epoch: 107/300, Training Loss: 0.3861999454991571
2024-07-10 23:05:48 - INFO - Epoch: 107/300, Validation Loss: 0.4093064655969431, Accuracy: 69.52060700120711%
2024-07-10 23:05:51 - INFO - Epoch: 108/300, Training Loss: 0.38608054413877685
2024-07-10 23:05:51 - INFO - Epoch: 108/300, Validation Loss: 0.40588035786544885, Accuracy: 68.96878772202103%
2024-07-10 23:05:53 - INFO - Epoch: 109/300, Training Loss: 0.38534839251945757
2024-07-10 23:05:54 - INFO - Epoch: 109/300, Validation Loss: 0.4023955560975022, Accuracy: 69.39989653388515%
2024-07-10 23:05:56 - INFO - Epoch: 110/300, Training Loss: 0.38408517615548493
2024-07-10 23:05:57 - INFO - Epoch: 110/300, Validation Loss: 0.40638846715728005, Accuracy: 69.49474047249525%
2024-07-10 23:05:59 - INFO - Epoch: 111/300, Training Loss: 0.3831673567459501
2024-07-10 23:05:59 - INFO - Epoch: 111/300, Validation Loss: 0.3993879992228288, Accuracy: 68.96016554578375%
2024-07-10 23:06:02 - INFO - Epoch: 112/300, Training Loss: 0.3815915500295573
2024-07-10 23:06:02 - INFO - Epoch: 112/300, Validation Loss: 0.40144379617093684, Accuracy: 68.99465425073288%
2024-07-10 23:06:05 - INFO - Epoch: 113/300, Training Loss: 0.38484694343188713
2024-07-10 23:06:05 - INFO - Epoch: 113/300, Validation Loss: 0.40653214906598184, Accuracy: 69.1326090705294%
2024-07-10 23:06:08 - INFO - Epoch: 114/300, Training Loss: 0.3832716110657001
2024-07-10 23:06:08 - INFO - Epoch: 114/300, Validation Loss: 0.4069139382668904, Accuracy: 69.10674254181755%
2024-07-10 23:06:10 - INFO - Epoch: 115/300, Training Loss: 0.3822187905476011
2024-07-10 23:06:11 - INFO - Epoch: 115/300, Validation Loss: 0.40643019810482695, Accuracy: 69.16709777547852%
2024-07-10 23:06:13 - INFO - Epoch: 116/300, Training Loss: 0.3840631652906023
2024-07-10 23:06:14 - INFO - Epoch: 116/300, Validation Loss: 0.4080526248275579, Accuracy: 68.88256595964822%
2024-07-10 23:06:16 - INFO - Epoch: 117/300, Training Loss: 0.38397865772247314
2024-07-10 23:06:16 - INFO - Epoch: 117/300, Validation Loss: 0.40360896387598016, Accuracy: 69.31367477151232%
2024-07-10 23:06:19 - INFO - Epoch: 118/300, Training Loss: 0.38203431980363256
2024-07-10 23:06:19 - INFO - Epoch: 118/300, Validation Loss: 0.40284019463009885, Accuracy: 69.29643041903776%
2024-07-10 23:06:22 - INFO - Epoch: 119/300, Training Loss: 0.38305410656435734
2024-07-10 23:06:22 - INFO - Epoch: 119/300, Validation Loss: 0.403649559879041, Accuracy: 69.27056389032592%
2024-07-10 23:06:25 - INFO - Epoch: 120/300, Training Loss: 0.38106295219783126
2024-07-10 23:06:25 - INFO - Epoch: 120/300, Validation Loss: 0.4006155264246595, Accuracy: 69.08949818934299%
2024-07-10 23:06:27 - INFO - Epoch: 121/300, Training Loss: 0.3820189976281133
2024-07-10 23:06:28 - INFO - Epoch: 121/300, Validation Loss: 0.4048779330083302, Accuracy: 68.99465425073288%
2024-07-10 23:06:30 - INFO - Epoch: 122/300, Training Loss: 0.3808636580664536
2024-07-10 23:06:31 - INFO - Epoch: 122/300, Validation Loss: 0.40234373935631346, Accuracy: 69.3222969477496%
2024-07-10 23:06:33 - INFO - Epoch: 123/300, Training Loss: 0.37951868024365654
2024-07-10 23:06:34 - INFO - Epoch: 123/300, Validation Loss: 0.40275090818221754, Accuracy: 68.91705466459734%
2024-07-10 23:06:36 - INFO - Epoch: 124/300, Training Loss: 0.3817694765534894
2024-07-10 23:06:36 - INFO - Epoch: 124/300, Validation Loss: 0.399954759812617, Accuracy: 68.83083290222451%
2024-07-10 23:06:39 - INFO - Epoch: 125/300, Training Loss: 0.3801915615180443
2024-07-10 23:06:39 - INFO - Epoch: 125/300, Validation Loss: 0.4071517717707288, Accuracy: 68.85669943093637%
2024-07-10 23:06:42 - INFO - Epoch: 126/300, Training Loss: 0.3795694536998354
2024-07-10 23:06:42 - INFO - Epoch: 126/300, Validation Loss: 0.4020879163846865, Accuracy: 70.15002586652871%
2024-07-10 23:06:45 - INFO - Epoch: 127/300, Training Loss: 0.3791874862539357
2024-07-10 23:06:45 - INFO - Epoch: 127/300, Validation Loss: 0.4017400707189853, Accuracy: 69.31367477151232%
2024-07-10 23:06:47 - INFO - Epoch: 128/300, Training Loss: 0.37999335120464195
2024-07-10 23:06:48 - INFO - Epoch: 128/300, Validation Loss: 0.4022928620432759, Accuracy: 69.8137609932747%
2024-07-10 23:06:50 - INFO - Epoch: 129/300, Training Loss: 0.3831166824801215
2024-07-10 23:06:51 - INFO - Epoch: 129/300, Validation Loss: 0.4062247558773219, Accuracy: 69.17571995171582%
2024-07-10 23:06:53 - INFO - Epoch: 130/300, Training Loss: 0.3807421267649223
2024-07-10 23:06:53 - INFO - Epoch: 130/300, Validation Loss: 0.4025946154699221, Accuracy: 69.46025176754613%
2024-07-10 23:06:56 - INFO - Epoch: 131/300, Training Loss: 0.3798098769681207
2024-07-10 23:06:56 - INFO - Epoch: 131/300, Validation Loss: 0.4034740291126482, Accuracy: 68.62390067252974%
2024-07-10 23:06:59 - INFO - Epoch: 132/300, Training Loss: 0.3795357427103766
2024-07-10 23:06:59 - INFO - Epoch: 132/300, Validation Loss: 0.41208898153278856, Accuracy: 69.08087601310571%
2024-07-10 23:07:02 - INFO - Epoch: 133/300, Training Loss: 0.3781295229854255
2024-07-10 23:07:02 - INFO - Epoch: 133/300, Validation Loss: 0.410223513514131, Accuracy: 69.33091912398689%
2024-07-10 23:07:05 - INFO - Epoch: 134/300, Training Loss: 0.3804130633946123
2024-07-10 23:07:05 - INFO - Epoch: 134/300, Validation Loss: 0.40429919958114624, Accuracy: 68.96016554578375%
2024-07-10 23:07:07 - INFO - Epoch: 135/300, Training Loss: 0.3786309091387124
2024-07-10 23:07:08 - INFO - Epoch: 135/300, Validation Loss: 0.4056554369546555, Accuracy: 69.53785135368167%
2024-07-10 23:07:10 - INFO - Epoch: 136/300, Training Loss: 0.3796426782731352
2024-07-10 23:07:11 - INFO - Epoch: 136/300, Validation Loss: 0.4068547880256569, Accuracy: 68.7877220210381%
2024-07-10 23:07:13 - INFO - Epoch: 137/300, Training Loss: 0.38017905671021035
2024-07-10 23:07:14 - INFO - Epoch: 137/300, Validation Loss: 0.40804714815957205, Accuracy: 70.20175892395241%
2024-07-10 23:07:16 - INFO - Epoch: 138/300, Training Loss: 0.3794270223173602
2024-07-10 23:07:16 - INFO - Epoch: 138/300, Validation Loss: 0.40269038498729137, Accuracy: 69.0377651319193%
2024-07-10 23:07:19 - INFO - Epoch: 139/300, Training Loss: 0.379797030235159
2024-07-10 23:07:19 - INFO - Epoch: 139/300, Validation Loss: 0.4023116167102541, Accuracy: 68.88256595964822%
2024-07-10 23:07:22 - INFO - Epoch: 140/300, Training Loss: 0.3786675046024651
2024-07-10 23:07:22 - INFO - Epoch: 140/300, Validation Loss: 0.4082233974566826, Accuracy: 69.07225383686843%
2024-07-10 23:07:25 - INFO - Epoch: 141/300, Training Loss: 0.3797969623269706
2024-07-10 23:07:25 - INFO - Epoch: 141/300, Validation Loss: 0.40201249374793124, Accuracy: 69.67580617347818%
2024-07-10 23:07:27 - INFO - Epoch: 142/300, Training Loss: 0.3767578396714967
2024-07-10 23:07:28 - INFO - Epoch: 142/300, Validation Loss: 0.41131843757498393, Accuracy: 69.23607518537679%
2024-07-10 23:07:30 - INFO - Epoch: 143/300, Training Loss: 0.37780963270828644
2024-07-10 23:07:31 - INFO - Epoch: 143/300, Validation Loss: 0.4032045637185757, Accuracy: 68.81358854974995%
2024-07-10 23:07:33 - INFO - Epoch: 144/300, Training Loss: 0.3773644668891512
2024-07-10 23:07:34 - INFO - Epoch: 144/300, Validation Loss: 0.3989615915240822, Accuracy: 69.52060700120711%
2024-07-10 23:07:36 - INFO - Epoch: 145/300, Training Loss: 0.3773108970296794
2024-07-10 23:07:36 - INFO - Epoch: 145/300, Validation Loss: 0.40247179174816217, Accuracy: 68.5980341438179%
2024-07-10 23:07:39 - INFO - Epoch: 146/300, Training Loss: 0.38158104900656076
2024-07-10 23:07:39 - INFO - Epoch: 146/300, Validation Loss: 0.4055119621884692, Accuracy: 69.08949818934299%
2024-07-10 23:07:42 - INFO - Epoch: 147/300, Training Loss: 0.37955721386547747
2024-07-10 23:07:42 - INFO - Epoch: 147/300, Validation Loss: 0.4001004294707225, Accuracy: 69.08087601310571%
2024-07-10 23:07:45 - INFO - Epoch: 148/300, Training Loss: 0.3781740405641753
2024-07-10 23:07:45 - INFO - Epoch: 148/300, Validation Loss: 0.40143276570917485, Accuracy: 69.22745300913951%
2024-07-10 23:07:47 - INFO - Epoch: 149/300, Training Loss: 0.3760542018249117
2024-07-10 23:07:48 - INFO - Epoch: 149/300, Validation Loss: 0.4014965626564655, Accuracy: 69.43438523883428%
2024-07-10 23:07:50 - INFO - Epoch: 150/300, Training Loss: 0.37794778782745886
2024-07-10 23:07:51 - INFO - Epoch: 150/300, Validation Loss: 0.4033142754009792, Accuracy: 69.33091912398689%
2024-07-10 23:07:53 - INFO - Epoch: 151/300, Training Loss: 0.37679725030372885
2024-07-10 23:07:54 - INFO - Epoch: 151/300, Validation Loss: 0.4006631223710029, Accuracy: 68.66701155371616%
2024-07-10 23:07:56 - INFO - Epoch: 152/300, Training Loss: 0.376698439162353
2024-07-10 23:07:56 - INFO - Epoch: 152/300, Validation Loss: 0.40413438667962837, Accuracy: 68.32212450422486%
2024-07-10 23:07:59 - INFO - Epoch: 153/300, Training Loss: 0.3758775339866507
2024-07-10 23:07:59 - INFO - Epoch: 153/300, Validation Loss: 0.4201942747765845, Accuracy: 68.51181238144508%
2024-07-10 23:08:02 - INFO - Epoch: 154/300, Training Loss: 0.3754742693078929
2024-07-10 23:08:02 - INFO - Epoch: 154/300, Validation Loss: 0.4055055646778463, Accuracy: 68.71874461113985%
2024-07-10 23:08:05 - INFO - Epoch: 155/300, Training Loss: 0.3748341324000523
2024-07-10 23:08:05 - INFO - Epoch: 155/300, Validation Loss: 0.4100061533870278, Accuracy: 68.72736678737714%
2024-07-10 23:08:08 - INFO - Epoch: 156/300, Training Loss: 0.37597324628254464
2024-07-10 23:08:08 - INFO - Epoch: 156/300, Validation Loss: 0.412220713528958, Accuracy: 69.52060700120711%
2024-07-10 23:08:10 - INFO - Epoch: 157/300, Training Loss: 0.3772757620235969
2024-07-10 23:08:11 - INFO - Epoch: 157/300, Validation Loss: 0.4045581614578163, Accuracy: 68.88256595964822%
2024-07-10 23:08:13 - INFO - Epoch: 158/300, Training Loss: 0.37481950264552544
2024-07-10 23:08:14 - INFO - Epoch: 158/300, Validation Loss: 0.40213993944964566, Accuracy: 68.96878772202103%
2024-07-10 23:08:16 - INFO - Epoch: 159/300, Training Loss: 0.37564533502891145
2024-07-10 23:08:16 - INFO - Epoch: 159/300, Validation Loss: 0.40569837727061997, Accuracy: 69.28780824280048%
2024-07-10 23:08:19 - INFO - Epoch: 160/300, Training Loss: 0.37508775468530325
2024-07-10 23:08:19 - INFO - Epoch: 160/300, Validation Loss: 0.4150780235509296, Accuracy: 68.96016554578375%
2024-07-10 23:08:22 - INFO - Epoch: 161/300, Training Loss: 0.37570722508019416
2024-07-10 23:08:22 - INFO - Epoch: 161/300, Validation Loss: 0.4047599253091183, Accuracy: 69.68442834971547%
2024-07-10 23:08:24 - INFO - Epoch: 162/300, Training Loss: 0.375341558086461
2024-07-10 23:08:24 - INFO - Epoch: 162/300, Validation Loss: 0.403896573808167, Accuracy: 68.76185549232626%
2024-07-10 23:08:26 - INFO - Epoch: 163/300, Training Loss: 0.3782670496044488
2024-07-10 23:08:26 - INFO - Epoch: 163/300, Validation Loss: 0.40421191447383753, Accuracy: 68.85669943093637%
2024-07-10 23:08:28 - INFO - Epoch: 164/300, Training Loss: 0.3766243922093819
2024-07-10 23:08:28 - INFO - Epoch: 164/300, Validation Loss: 0.399321423127101, Accuracy: 68.65838937747887%
2024-07-10 23:08:30 - INFO - Epoch: 165/300, Training Loss: 0.3766685997617656
2024-07-10 23:08:31 - INFO - Epoch: 165/300, Validation Loss: 0.3988195885341246, Accuracy: 69.36540782893603%
2024-07-10 23:08:33 - INFO - Epoch: 166/300, Training Loss: 0.3742879564803222
2024-07-10 23:08:33 - INFO - Epoch: 166/300, Validation Loss: 0.4028455634693523, Accuracy: 68.73598896361442%
2024-07-10 23:08:35 - INFO - Epoch: 167/300, Training Loss: 0.37532885253429416
2024-07-10 23:08:35 - INFO - Epoch: 167/300, Validation Loss: 0.4028892774175812, Accuracy: 68.68425590619073%
2024-07-10 23:08:37 - INFO - Epoch: 168/300, Training Loss: 0.3766842977137401
2024-07-10 23:08:38 - INFO - Epoch: 168/300, Validation Loss: 0.4118665941468962, Accuracy: 68.91705466459734%
2024-07-10 23:08:39 - INFO - Epoch: 169/300, Training Loss: 0.37358789236381135
2024-07-10 23:08:40 - INFO - Epoch: 169/300, Validation Loss: 0.4095369955668083, Accuracy: 68.5031902052078%
2024-07-10 23:08:41 - INFO - Epoch: 170/300, Training Loss: 0.3742879064946339
2024-07-10 23:08:42 - INFO - Epoch: 170/300, Validation Loss: 0.4125773441660535, Accuracy: 68.55492326263149%
2024-07-10 23:08:44 - INFO - Epoch: 171/300, Training Loss: 0.3741611004286799
2024-07-10 23:08:44 - INFO - Epoch: 171/300, Validation Loss: 0.4073281974255384, Accuracy: 68.20141403690292%
2024-07-10 23:08:46 - INFO - Epoch: 172/300, Training Loss: 0.37474152369745845
2024-07-10 23:08:46 - INFO - Epoch: 172/300, Validation Loss: 0.4044531665660523, Accuracy: 68.82221072598723%
2024-07-10 23:08:48 - INFO - Epoch: 173/300, Training Loss: 0.37448923957758934
2024-07-10 23:08:48 - INFO - Epoch: 173/300, Validation Loss: 0.4034993589579404, Accuracy: 68.63252284876702%
2024-07-10 23:08:50 - INFO - Epoch: 174/300, Training Loss: 0.37446996912874025
2024-07-10 23:08:51 - INFO - Epoch: 174/300, Validation Loss: 0.4054602263392983, Accuracy: 68.51181238144508%
2024-07-10 23:08:53 - INFO - Epoch: 175/300, Training Loss: 0.37468979089424526
2024-07-10 23:08:53 - INFO - Epoch: 175/300, Validation Loss: 0.4086362742460691, Accuracy: 68.23590274185204%
2024-07-10 23:08:55 - INFO - Epoch: 176/300, Training Loss: 0.3732023665000652
2024-07-10 23:08:55 - INFO - Epoch: 176/300, Validation Loss: 0.4036409997350567, Accuracy: 68.41696844283497%
2024-07-10 23:08:57 - INFO - Epoch: 177/300, Training Loss: 0.3735159073615896
2024-07-10 23:08:57 - INFO - Epoch: 177/300, Validation Loss: 0.41003782261203936, Accuracy: 68.44283497154682%
2024-07-10 23:08:59 - INFO - Epoch: 178/300, Training Loss: 0.3724309485945208
2024-07-10 23:08:59 - INFO - Epoch: 178/300, Validation Loss: 0.40634880059368006, Accuracy: 68.14968097947921%
2024-07-10 23:09:01 - INFO - Epoch: 179/300, Training Loss: 0.37551201836816195
2024-07-10 23:09:02 - INFO - Epoch: 179/300, Validation Loss: 0.40620870094050415, Accuracy: 68.04621486463184%
2024-07-10 23:09:04 - INFO - Epoch: 180/300, Training Loss: 0.3716453212705152
2024-07-10 23:09:04 - INFO - Epoch: 180/300, Validation Loss: 0.41080128819077877, Accuracy: 67.8220382824625%
2024-07-10 23:09:06 - INFO - Epoch: 181/300, Training Loss: 0.37401812053959943
2024-07-10 23:09:06 - INFO - Epoch: 181/300, Validation Loss: 0.41089325259020043, Accuracy: 68.33936885669944%
2024-07-10 23:09:08 - INFO - Epoch: 182/300, Training Loss: 0.37501880296345413
2024-07-10 23:09:08 - INFO - Epoch: 182/300, Validation Loss: 0.40879516762036544, Accuracy: 68.42559061907225%
2024-07-10 23:09:10 - INFO - Epoch: 183/300, Training Loss: 0.37331691922812626
2024-07-10 23:09:10 - INFO - Epoch: 183/300, Validation Loss: 0.4029440165876032, Accuracy: 68.27901362303845%
2024-07-10 23:09:12 - INFO - Epoch: 184/300, Training Loss: 0.37473981115324745
2024-07-10 23:09:12 - INFO - Epoch: 184/300, Validation Loss: 0.4065142770062436, Accuracy: 68.1065700982928%
2024-07-10 23:09:14 - INFO - Epoch: 185/300, Training Loss: 0.37252653672777375
2024-07-10 23:09:15 - INFO - Epoch: 185/300, Validation Loss: 0.4086487242481211, Accuracy: 67.89101569236075%
2024-07-10 23:09:17 - INFO - Epoch: 186/300, Training Loss: 0.37384353004652876
2024-07-10 23:09:17 - INFO - Epoch: 186/300, Validation Loss: 0.40579957981686016, Accuracy: 68.52905673391965%
2024-07-10 23:09:19 - INFO - Epoch: 187/300, Training Loss: 0.37272110601951336
2024-07-10 23:09:19 - INFO - Epoch: 187/300, Validation Loss: 0.40770567658838336, Accuracy: 67.8220382824625%
2024-07-10 23:09:21 - INFO - Epoch: 188/300, Training Loss: 0.37169335967507855
2024-07-10 23:09:21 - INFO - Epoch: 188/300, Validation Loss: 0.4091122867641868, Accuracy: 67.64959475771684%
2024-07-10 23:09:23 - INFO - Epoch: 189/300, Training Loss: 0.37303397704815044
2024-07-10 23:09:24 - INFO - Epoch: 189/300, Validation Loss: 0.4081517811659928, Accuracy: 68.32212450422486%
2024-07-10 23:09:25 - INFO - Epoch: 190/300, Training Loss: 0.37508595748194334
2024-07-10 23:09:26 - INFO - Epoch: 190/300, Validation Loss: 0.4058349559922795, Accuracy: 69.11536471805483%
2024-07-10 23:09:28 - INFO - Epoch: 191/300, Training Loss: 0.37194198571402454
2024-07-10 23:09:28 - INFO - Epoch: 191/300, Validation Loss: 0.4082380901653688, Accuracy: 68.71874461113985%
2024-07-10 23:09:30 - INFO - Epoch: 192/300, Training Loss: 0.3731207228940109
2024-07-10 23:09:30 - INFO - Epoch: 192/300, Validation Loss: 0.4046707094370664, Accuracy: 68.7877220210381%
2024-07-10 23:09:32 - INFO - Epoch: 193/300, Training Loss: 0.37195318195326577
2024-07-10 23:09:32 - INFO - Epoch: 193/300, Validation Loss: 0.4044094752151888, Accuracy: 68.12381445076737%
2024-07-10 23:09:34 - INFO - Epoch: 194/300, Training Loss: 0.3722000252378398
2024-07-10 23:09:34 - INFO - Epoch: 194/300, Validation Loss: 0.4077517377151238, Accuracy: 67.96861527849629%
2024-07-10 23:09:36 - INFO - Epoch: 195/300, Training Loss: 0.3732524012491621
2024-07-10 23:09:37 - INFO - Epoch: 195/300, Validation Loss: 0.4022685449856978, Accuracy: 67.71857216761511%
2024-07-10 23:09:39 - INFO - Epoch: 196/300, Training Loss: 0.3718864745312724
2024-07-10 23:09:39 - INFO - Epoch: 196/300, Validation Loss: 0.41876630042935464, Accuracy: 68.42559061907225%
2024-07-10 23:09:41 - INFO - Epoch: 197/300, Training Loss: 0.3735231673100899
2024-07-10 23:09:41 - INFO - Epoch: 197/300, Validation Loss: 0.41374143745218006, Accuracy: 68.28763579927573%
2024-07-10 23:09:43 - INFO - Epoch: 198/300, Training Loss: 0.3726032668352127
2024-07-10 23:09:44 - INFO - Epoch: 198/300, Validation Loss: 0.40817394181267247, Accuracy: 68.18416968442835%
2024-07-10 23:09:46 - INFO - Epoch: 199/300, Training Loss: 0.3714611683837299
2024-07-10 23:09:46 - INFO - Epoch: 199/300, Validation Loss: 0.40494662113897095, Accuracy: 68.09794792205552%
2024-07-10 23:09:48 - INFO - Epoch: 200/300, Training Loss: 0.3707690536564794
2024-07-10 23:09:48 - INFO - Epoch: 200/300, Validation Loss: 0.4108638352417684, Accuracy: 69.14985342300396%
2024-07-10 23:09:50 - INFO - Epoch: 201/300, Training Loss: 0.37196449222235844
2024-07-10 23:09:51 - INFO - Epoch: 201/300, Validation Loss: 0.4062954275817661, Accuracy: 68.05483704086912%
2024-07-10 23:09:53 - INFO - Epoch: 202/300, Training Loss: 0.3727799335224875
2024-07-10 23:09:53 - INFO - Epoch: 202/300, Validation Loss: 0.40669566491147974, Accuracy: 67.959993102259%
2024-07-10 23:09:55 - INFO - Epoch: 203/300, Training Loss: 0.37199270780744226
2024-07-10 23:09:55 - INFO - Epoch: 203/300, Validation Loss: 0.4081390292107404, Accuracy: 67.95137092602172%
2024-07-10 23:09:57 - INFO - Epoch: 204/300, Training Loss: 0.371614542747366
2024-07-10 23:09:57 - INFO - Epoch: 204/300, Validation Loss: 0.40763254987669517, Accuracy: 69.45162959130884%
2024-07-10 23:09:59 - INFO - Epoch: 205/300, Training Loss: 0.3749412886438699
2024-07-10 23:10:00 - INFO - Epoch: 205/300, Validation Loss: 0.4111377259532174, Accuracy: 68.39972409036041%
2024-07-10 23:10:02 - INFO - Epoch: 206/300, Training Loss: 0.3725571049904001
2024-07-10 23:10:02 - INFO - Epoch: 206/300, Validation Loss: 0.40913012951284977, Accuracy: 68.0634592171064%
2024-07-10 23:10:04 - INFO - Epoch: 207/300, Training Loss: 0.3702455103808436
2024-07-10 23:10:04 - INFO - Epoch: 207/300, Validation Loss: 0.4111242040500536, Accuracy: 68.04621486463184%
2024-07-10 23:10:06 - INFO - Epoch: 208/300, Training Loss: 0.37043232486165806
2024-07-10 23:10:06 - INFO - Epoch: 208/300, Validation Loss: 0.4091346859931946, Accuracy: 67.93412657354716%
2024-07-10 23:10:08 - INFO - Epoch: 209/300, Training Loss: 0.3730366046469787
2024-07-10 23:10:08 - INFO - Epoch: 209/300, Validation Loss: 0.4120374444749329, Accuracy: 67.87377133988619%
2024-07-10 23:10:10 - INFO - Epoch: 210/300, Training Loss: 0.37156245015818495
2024-07-10 23:10:10 - INFO - Epoch: 210/300, Validation Loss: 0.4056686976781258, Accuracy: 67.80479392998792%
2024-07-10 23:10:12 - INFO - Epoch: 211/300, Training Loss: 0.3700744471673308
2024-07-10 23:10:13 - INFO - Epoch: 211/300, Validation Loss: 0.4056867025383226, Accuracy: 68.48594585273322%
2024-07-10 23:10:15 - INFO - Epoch: 212/300, Training Loss: 0.3739010640259447
2024-07-10 23:10:15 - INFO - Epoch: 212/300, Validation Loss: 0.40455964502397473, Accuracy: 67.7703052250388%
2024-07-10 23:10:17 - INFO - Epoch: 213/300, Training Loss: 0.3695437122830029
2024-07-10 23:10:17 - INFO - Epoch: 213/300, Validation Loss: 0.4096699339020383, Accuracy: 68.39972409036041%
2024-07-10 23:10:19 - INFO - Epoch: 214/300, Training Loss: 0.37226975872598844
2024-07-10 23:10:19 - INFO - Epoch: 214/300, Validation Loss: 0.41896730530392995, Accuracy: 67.60648387653043%
2024-07-10 23:10:21 - INFO - Epoch: 215/300, Training Loss: 0.37179269322033587
2024-07-10 23:10:22 - INFO - Epoch: 215/300, Validation Loss: 0.409880620601413, Accuracy: 67.9168822210726%
2024-07-10 23:10:24 - INFO - Epoch: 216/300, Training Loss: 0.3704646680272859
2024-07-10 23:10:24 - INFO - Epoch: 216/300, Validation Loss: 0.419772595003411, Accuracy: 68.12381445076737%
2024-07-10 23:10:26 - INFO - Epoch: 217/300, Training Loss: 0.3704254339481222
2024-07-10 23:10:26 - INFO - Epoch: 217/300, Validation Loss: 0.4091262681471122, Accuracy: 68.26176927056389%
2024-07-10 23:10:28 - INFO - Epoch: 218/300, Training Loss: 0.37332067641718636
2024-07-10 23:10:28 - INFO - Epoch: 218/300, Validation Loss: 0.40169949944202715, Accuracy: 67.83066045869978%
2024-07-10 23:10:30 - INFO - Epoch: 219/300, Training Loss: 0.3712355652759815
2024-07-10 23:10:31 - INFO - Epoch: 219/300, Validation Loss: 0.40326223907234904, Accuracy: 67.66683911019142%
2024-07-10 23:10:32 - INFO - Epoch: 220/300, Training Loss: 0.37192294679839033
2024-07-10 23:10:33 - INFO - Epoch: 220/300, Validation Loss: 0.4086434066623122, Accuracy: 67.83928263493706%
2024-07-10 23:10:35 - INFO - Epoch: 221/300, Training Loss: 0.3705313493465555
2024-07-10 23:10:35 - INFO - Epoch: 221/300, Validation Loss: 0.40469354620346654, Accuracy: 69.07225383686843%
2024-07-10 23:10:37 - INFO - Epoch: 222/300, Training Loss: 0.36957876953585395
2024-07-10 23:10:37 - INFO - Epoch: 222/300, Validation Loss: 0.4042754027542177, Accuracy: 68.05483704086912%
2024-07-10 23:10:39 - INFO - Epoch: 223/300, Training Loss: 0.3704820124034224
2024-07-10 23:10:39 - INFO - Epoch: 223/300, Validation Loss: 0.4167488777375483, Accuracy: 68.03759268839455%
2024-07-10 23:10:42 - INFO - Epoch: 224/300, Training Loss: 0.37105119947729437
2024-07-10 23:10:42 - INFO - Epoch: 224/300, Validation Loss: 0.4033500578377273, Accuracy: 67.58923952405587%
2024-07-10 23:10:44 - INFO - Epoch: 225/300, Training Loss: 0.37072897508226593
2024-07-10 23:10:44 - INFO - Epoch: 225/300, Validation Loss: 0.4055393557627123, Accuracy: 67.43404035178479%
2024-07-10 23:10:46 - INFO - Epoch: 226/300, Training Loss: 0.36935321078218264
2024-07-10 23:10:46 - INFO - Epoch: 226/300, Validation Loss: 0.41299005442268244, Accuracy: 69.14123124676668%
2024-07-10 23:10:48 - INFO - Epoch: 227/300, Training Loss: 0.37182929780976526
2024-07-10 23:10:49 - INFO - Epoch: 227/300, Validation Loss: 0.4014588810585357, Accuracy: 67.98585963097085%
2024-07-10 23:10:51 - INFO - Epoch: 228/300, Training Loss: 0.3723564903900541
2024-07-10 23:10:51 - INFO - Epoch: 228/300, Validation Loss: 0.4107313647375002, Accuracy: 69.34816347646147%
2024-07-10 23:10:53 - INFO - Epoch: 229/300, Training Loss: 0.37184787224079
2024-07-10 23:10:53 - INFO - Epoch: 229/300, Validation Loss: 0.4087207641575363, Accuracy: 69.16709777547852%
2024-07-10 23:10:55 - INFO - Epoch: 230/300, Training Loss: 0.36929768134807717
2024-07-10 23:10:55 - INFO - Epoch: 230/300, Validation Loss: 0.4100995107993975, Accuracy: 67.35644076564925%
2024-07-10 23:10:57 - INFO - Epoch: 231/300, Training Loss: 0.36880805749317697
2024-07-10 23:10:57 - INFO - Epoch: 231/300, Validation Loss: 0.4110844035397519, Accuracy: 67.58061734781859%
2024-07-10 23:10:59 - INFO - Epoch: 232/300, Training Loss: 0.3703119800419643
2024-07-10 23:11:00 - INFO - Epoch: 232/300, Validation Loss: 0.4166617085645487, Accuracy: 68.53767891015693%
2024-07-10 23:11:02 - INFO - Epoch: 233/300, Training Loss: 0.36993996424921627
2024-07-10 23:11:02 - INFO - Epoch: 233/300, Validation Loss: 0.4121761782156242, Accuracy: 67.27021900327642%
2024-07-10 23:11:04 - INFO - Epoch: 234/300, Training Loss: 0.37166231336264777
2024-07-10 23:11:04 - INFO - Epoch: 234/300, Validation Loss: 0.41091751692059275, Accuracy: 67.02879806863253%
2024-07-10 23:11:06 - INFO - Epoch: 235/300, Training Loss: 0.3692794329133527
2024-07-10 23:11:06 - INFO - Epoch: 235/300, Validation Loss: 0.4134488909781634, Accuracy: 67.60648387653043%
2024-07-10 23:11:08 - INFO - Epoch: 236/300, Training Loss: 0.36976659207508483
2024-07-10 23:11:08 - INFO - Epoch: 236/300, Validation Loss: 0.4084017676311535, Accuracy: 68.19279186066564%
2024-07-10 23:11:10 - INFO - Epoch: 237/300, Training Loss: 0.36764249665983795
2024-07-10 23:11:11 - INFO - Epoch: 237/300, Validation Loss: 0.41517112330420985, Accuracy: 67.8220382824625%
2024-07-10 23:11:13 - INFO - Epoch: 238/300, Training Loss: 0.3698498733290311
2024-07-10 23:11:13 - INFO - Epoch: 238/300, Validation Loss: 0.4130219335739429, Accuracy: 68.36523538541128%
2024-07-10 23:11:15 - INFO - Epoch: 239/300, Training Loss: 0.3696160668956822
2024-07-10 23:11:15 - INFO - Epoch: 239/300, Validation Loss: 0.4077144035926232, Accuracy: 68.2100362131402%
2024-07-10 23:11:17 - INFO - Epoch: 240/300, Training Loss: 0.3701800612129014
2024-07-10 23:11:17 - INFO - Epoch: 240/300, Validation Loss: 0.4062983500105994, Accuracy: 67.35644076564925%
2024-07-10 23:11:19 - INFO - Epoch: 241/300, Training Loss: 0.37099148162480056
2024-07-10 23:11:19 - INFO - Epoch: 241/300, Validation Loss: 0.4216813338654382, Accuracy: 67.39955164683566%
2024-07-10 23:11:21 - INFO - Epoch: 242/300, Training Loss: 0.3689657789674298
2024-07-10 23:11:22 - INFO - Epoch: 242/300, Validation Loss: 0.4045971153856634, Accuracy: 66.90808760131057%
2024-07-10 23:11:23 - INFO - Epoch: 243/300, Training Loss: 0.37212721808203336
2024-07-10 23:11:24 - INFO - Epoch: 243/300, Validation Loss: 0.4060567054119739, Accuracy: 67.71857216761511%
2024-07-10 23:11:26 - INFO - Epoch: 244/300, Training Loss: 0.3691253954788734
2024-07-10 23:11:26 - INFO - Epoch: 244/300, Validation Loss: 0.40942176963601795, Accuracy: 68.1065700982928%
2024-07-10 23:11:28 - INFO - Epoch: 245/300, Training Loss: 0.3677987938913806
2024-07-10 23:11:28 - INFO - Epoch: 245/300, Validation Loss: 0.409713442836489, Accuracy: 67.58061734781859%
2024-07-10 23:11:30 - INFO - Epoch: 246/300, Training Loss: 0.3679088504149996
2024-07-10 23:11:30 - INFO - Epoch: 246/300, Validation Loss: 0.41159107773513587, Accuracy: 67.45990688049663%
2024-07-10 23:11:32 - INFO - Epoch: 247/300, Training Loss: 0.367890272839316
2024-07-10 23:11:33 - INFO - Epoch: 247/300, Validation Loss: 0.4207436951634648, Accuracy: 67.56337299534403%
2024-07-10 23:11:35 - INFO - Epoch: 248/300, Training Loss: 0.3708611700041541
2024-07-10 23:11:35 - INFO - Epoch: 248/300, Validation Loss: 0.4174687081313395, Accuracy: 67.69270563890326%
2024-07-10 23:11:37 - INFO - Epoch: 249/300, Training Loss: 0.36852858000788197
2024-07-10 23:11:37 - INFO - Epoch: 249/300, Validation Loss: 0.41638553257171923, Accuracy: 67.37368511812382%
2024-07-10 23:11:39 - INFO - Epoch: 250/300, Training Loss: 0.36965213119983675
2024-07-10 23:11:39 - INFO - Epoch: 250/300, Validation Loss: 0.4192891042311113, Accuracy: 68.24452491808933%
2024-07-10 23:11:41 - INFO - Epoch: 251/300, Training Loss: 0.3692851523078721
2024-07-10 23:11:42 - INFO - Epoch: 251/300, Validation Loss: 0.4095205346961598, Accuracy: 67.2788411795137%
2024-07-10 23:11:44 - INFO - Epoch: 252/300, Training Loss: 0.3685450732707977
2024-07-10 23:11:44 - INFO - Epoch: 252/300, Validation Loss: 0.4147451924426215, Accuracy: 67.8134161062252%
2024-07-10 23:11:46 - INFO - Epoch: 253/300, Training Loss: 0.36810185851721927
2024-07-10 23:11:46 - INFO - Epoch: 253/300, Validation Loss: 0.41834515644298803, Accuracy: 67.45990688049663%
2024-07-10 23:11:49 - INFO - Epoch: 254/300, Training Loss: 0.3693452130515
2024-07-10 23:11:49 - INFO - Epoch: 254/300, Validation Loss: 0.4121146919308128, Accuracy: 67.6754612864287%
2024-07-10 23:11:51 - INFO - Epoch: 255/300, Training Loss: 0.3687282646318962
2024-07-10 23:11:51 - INFO - Epoch: 255/300, Validation Loss: 0.4165033542520397, Accuracy: 67.54612864286946%
2024-07-10 23:11:53 - INFO - Epoch: 256/300, Training Loss: 0.36784170206250816
2024-07-10 23:11:53 - INFO - Epoch: 256/300, Validation Loss: 0.4155452703381633, Accuracy: 66.9943093636834%
2024-07-10 23:11:56 - INFO - Epoch: 257/300, Training Loss: 0.3690227374126171
2024-07-10 23:11:56 - INFO - Epoch: 257/300, Validation Loss: 0.40897933729402314, Accuracy: 68.54630108639421%
2024-07-10 23:11:58 - INFO - Epoch: 258/300, Training Loss: 0.3687364473425109
2024-07-10 23:11:58 - INFO - Epoch: 258/300, Validation Loss: 0.42172127650989283, Accuracy: 67.70994999137783%
2024-07-10 23:12:00 - INFO - Epoch: 259/300, Training Loss: 0.3678971705971093
2024-07-10 23:12:01 - INFO - Epoch: 259/300, Validation Loss: 0.4085015233728912, Accuracy: 67.4254181755475%
2024-07-10 23:12:03 - INFO - Epoch: 260/300, Training Loss: 0.36875883199017623
2024-07-10 23:12:03 - INFO - Epoch: 260/300, Validation Loss: 0.4114567601418757, Accuracy: 67.01155371615796%
2024-07-10 23:12:06 - INFO - Epoch: 261/300, Training Loss: 0.36882241185369163
2024-07-10 23:12:06 - INFO - Epoch: 261/300, Validation Loss: 0.4102696258943159, Accuracy: 67.73581652008967%
2024-07-10 23:12:08 - INFO - Epoch: 262/300, Training Loss: 0.36904321526658945
2024-07-10 23:12:08 - INFO - Epoch: 262/300, Validation Loss: 0.41303470403283504, Accuracy: 67.28746335575099%
2024-07-10 23:12:10 - INFO - Epoch: 263/300, Training Loss: 0.3683879291394661
2024-07-10 23:12:11 - INFO - Epoch: 263/300, Validation Loss: 0.4138432711690337, Accuracy: 67.0891533022935%
2024-07-10 23:12:13 - INFO - Epoch: 264/300, Training Loss: 0.36812966091879484
2024-07-10 23:12:13 - INFO - Epoch: 264/300, Validation Loss: 0.40832050930667707, Accuracy: 67.20986376961545%
2024-07-10 23:12:15 - INFO - Epoch: 265/300, Training Loss: 0.368512055380591
2024-07-10 23:12:15 - INFO - Epoch: 265/300, Validation Loss: 0.4109371283224651, Accuracy: 67.07190894981893%
2024-07-10 23:12:17 - INFO - Epoch: 266/300, Training Loss: 0.37090273439884186
2024-07-10 23:12:17 - INFO - Epoch: 266/300, Validation Loss: 0.40972352240766796, Accuracy: 67.18399724090361%
2024-07-10 23:12:19 - INFO - Epoch: 267/300, Training Loss: 0.3706863767525245
2024-07-10 23:12:20 - INFO - Epoch: 267/300, Validation Loss: 0.41838892131716343, Accuracy: 67.30470770822555%
2024-07-10 23:12:22 - INFO - Epoch: 268/300, Training Loss: 0.3710046796346533
2024-07-10 23:12:22 - INFO - Epoch: 268/300, Validation Loss: 0.4136315526870581, Accuracy: 67.85652698741163%
2024-07-10 23:12:24 - INFO - Epoch: 269/300, Training Loss: 0.3677927760831241
2024-07-10 23:12:24 - INFO - Epoch: 269/300, Validation Loss: 0.41351131767362026, Accuracy: 67.54612864286946%
2024-07-10 23:12:26 - INFO - Epoch: 270/300, Training Loss: 0.3703386882872417
2024-07-10 23:12:27 - INFO - Epoch: 270/300, Validation Loss: 0.4090467047887844, Accuracy: 68.09794792205552%
2024-07-10 23:12:29 - INFO - Epoch: 271/300, Training Loss: 0.36959357364424344
2024-07-10 23:12:29 - INFO - Epoch: 271/300, Validation Loss: 0.40715415137154715, Accuracy: 67.25297465080186%
2024-07-10 23:12:31 - INFO - Epoch: 272/300, Training Loss: 0.3681330533274289
2024-07-10 23:12:31 - INFO - Epoch: 272/300, Validation Loss: 0.41350758501461576, Accuracy: 66.93395413002241%
2024-07-10 23:12:33 - INFO - Epoch: 273/300, Training Loss: 0.367166238858782
2024-07-10 23:12:33 - INFO - Epoch: 273/300, Validation Loss: 0.40634907356330324, Accuracy: 67.49439558544577%
2024-07-10 23:12:35 - INFO - Epoch: 274/300, Training Loss: 0.3671432368097634
2024-07-10 23:12:36 - INFO - Epoch: 274/300, Validation Loss: 0.4200979688992867, Accuracy: 67.34781858941197%
2024-07-10 23:12:38 - INFO - Epoch: 275/300, Training Loss: 0.3670993986211974
2024-07-10 23:12:38 - INFO - Epoch: 275/300, Validation Loss: 0.41950042120047976, Accuracy: 67.3823072943611%
2024-07-10 23:12:40 - INFO - Epoch: 276/300, Training Loss: 0.3667658495491949
2024-07-10 23:12:40 - INFO - Epoch: 276/300, Validation Loss: 0.4132297358342579, Accuracy: 68.52905673391965%
2024-07-10 23:12:42 - INFO - Epoch: 277/300, Training Loss: 0.3684818914635428
2024-07-10 23:12:43 - INFO - Epoch: 277/300, Validation Loss: 0.419471318086425, Accuracy: 66.81324366270047%
2024-07-10 23:12:45 - INFO - Epoch: 278/300, Training Loss: 0.36746764386522357
2024-07-10 23:12:45 - INFO - Epoch: 278/300, Validation Loss: 0.4321226927932802, Accuracy: 67.46852905673391%
2024-07-10 23:12:47 - INFO - Epoch: 279/300, Training Loss: 0.36974925388549934
2024-07-10 23:12:47 - INFO - Epoch: 279/300, Validation Loss: 0.410163966017765, Accuracy: 67.34781858941197%
2024-07-10 23:12:49 - INFO - Epoch: 280/300, Training Loss: 0.3681223454968683
2024-07-10 23:12:49 - INFO - Epoch: 280/300, Validation Loss: 0.41273541568399785, Accuracy: 67.03742024486981%
2024-07-10 23:12:51 - INFO - Epoch: 281/300, Training Loss: 0.36908703806071447
2024-07-10 23:12:52 - INFO - Epoch: 281/300, Validation Loss: 0.41585448417034776, Accuracy: 66.93395413002241%
2024-07-10 23:12:54 - INFO - Epoch: 282/300, Training Loss: 0.37050830760906484
2024-07-10 23:12:54 - INFO - Epoch: 282/300, Validation Loss: 0.4142997138775312, Accuracy: 67.66683911019142%
2024-07-10 23:12:56 - INFO - Epoch: 283/300, Training Loss: 0.37047417496812757
2024-07-10 23:12:56 - INFO - Epoch: 283/300, Validation Loss: 0.41286480001040865, Accuracy: 67.58923952405587%
2024-07-10 23:12:59 - INFO - Epoch: 284/300, Training Loss: 0.36678238005473696
2024-07-10 23:12:59 - INFO - Epoch: 284/300, Validation Loss: 0.41461460226839714, Accuracy: 68.52905673391965%
2024-07-10 23:13:01 - INFO - Epoch: 285/300, Training Loss: 0.3670623524435635
2024-07-10 23:13:01 - INFO - Epoch: 285/300, Validation Loss: 0.42305990496834556, Accuracy: 67.17537506466633%
2024-07-10 23:13:03 - INFO - Epoch: 286/300, Training Loss: 0.3689404421428154
2024-07-10 23:13:04 - INFO - Epoch: 286/300, Validation Loss: 0.40726998579371104, Accuracy: 67.55475081910674%
2024-07-10 23:13:06 - INFO - Epoch: 287/300, Training Loss: 0.3687472921198812
2024-07-10 23:13:06 - INFO - Epoch: 287/300, Validation Loss: 0.4064930376115736, Accuracy: 67.33919641317469%
2024-07-10 23:13:08 - INFO - Epoch: 288/300, Training Loss: 0.3714562457594378
2024-07-10 23:13:08 - INFO - Epoch: 288/300, Validation Loss: 0.40938055695413234, Accuracy: 67.14950853595448%
2024-07-10 23:13:10 - INFO - Epoch: 289/300, Training Loss: 0.3673202215803081
2024-07-10 23:13:10 - INFO - Epoch: 289/300, Validation Loss: 0.42231849474566324, Accuracy: 67.7703052250388%
2024-07-10 23:13:12 - INFO - Epoch: 290/300, Training Loss: 0.36655334468545586
2024-07-10 23:13:13 - INFO - Epoch: 290/300, Validation Loss: 0.41962142354184456, Accuracy: 67.16675288842904%
2024-07-10 23:13:15 - INFO - Epoch: 291/300, Training Loss: 0.370222859547056
2024-07-10 23:13:15 - INFO - Epoch: 291/300, Validation Loss: 0.41770425520755433, Accuracy: 67.73581652008967%
2024-07-10 23:13:17 - INFO - Epoch: 292/300, Training Loss: 0.367164979165998
2024-07-10 23:13:17 - INFO - Epoch: 292/300, Validation Loss: 0.4235203693528752, Accuracy: 68.0634592171064%
2024-07-10 23:13:19 - INFO - Epoch: 293/300, Training Loss: 0.367567174064702
2024-07-10 23:13:19 - INFO - Epoch: 293/300, Validation Loss: 0.4198115682536429, Accuracy: 67.52026211415762%
2024-07-10 23:13:21 - INFO - Epoch: 294/300, Training Loss: 0.36920721234946413
2024-07-10 23:13:22 - INFO - Epoch: 294/300, Validation Loss: 0.41341582726646253, Accuracy: 67.2357302983273%
2024-07-10 23:13:24 - INFO - Epoch: 295/300, Training Loss: 0.3665197046255243
2024-07-10 23:13:24 - INFO - Epoch: 295/300, Validation Loss: 0.4208259729893653, Accuracy: 67.61510605276771%
2024-07-10 23:13:26 - INFO - Epoch: 296/300, Training Loss: 0.366598141830543
2024-07-10 23:13:26 - INFO - Epoch: 296/300, Validation Loss: 0.420868918135926, Accuracy: 67.18399724090361%
2024-07-10 23:13:28 - INFO - Epoch: 297/300, Training Loss: 0.3664111972060697
2024-07-10 23:13:29 - INFO - Epoch: 297/300, Validation Loss: 0.42413872185644214, Accuracy: 67.54612864286946%
2024-07-10 23:13:31 - INFO - Epoch: 298/300, Training Loss: 0.36950532360323546
2024-07-10 23:13:31 - INFO - Epoch: 298/300, Validation Loss: 0.4308959273519097, Accuracy: 67.11501983100534%
2024-07-10 23:13:33 - INFO - Epoch: 299/300, Training Loss: 0.3687483337213253
2024-07-10 23:13:33 - INFO - Epoch: 299/300, Validation Loss: 0.4201533982714454, Accuracy: 66.91670977754785%
2024-07-10 23:13:35 - INFO - Epoch: 300/300, Training Loss: 0.3677050995415655
2024-07-10 23:13:35 - INFO - Epoch: 300/300, Validation Loss: 0.4113005709189635, Accuracy: 66.89946542507329%
2024-07-10 23:13:35 - INFO - Finished training model.
