2024-07-11 09:49:57 - INFO - This log entry will go into a uniquely named file for this run.
2024-07-11 09:50:02 - INFO - Starting LSTM model training...
2024-07-11 09:50:10 - INFO - Epoch: 1/100, Training Loss: 0.5760243333528696
2024-07-11 09:50:11 - INFO - Epoch: 1/100, Validation Loss: 0.5575070079538282, Accuracy: 67.77145016328843%
2024-07-11 09:50:19 - INFO - Epoch: 2/100, Training Loss: 0.5527549167525583
2024-07-11 09:50:20 - INFO - Epoch: 2/100, Validation Loss: 0.5188069876817429, Accuracy: 71.8415157485628%
2024-07-11 09:50:28 - INFO - Epoch: 3/100, Training Loss: 0.52243452003171
2024-07-11 09:50:29 - INFO - Epoch: 3/100, Validation Loss: 0.5144247318487711, Accuracy: 71.90629132816927%
2024-07-11 09:50:37 - INFO - Epoch: 4/100, Training Loss: 0.5317276854048739
2024-07-11 09:50:38 - INFO - Epoch: 4/100, Validation Loss: 0.572107466185443, Accuracy: 72.45148578985723%
2024-07-11 09:50:46 - INFO - Epoch: 5/100, Training Loss: 0.5199169265251086
2024-07-11 09:50:47 - INFO - Epoch: 5/100, Validation Loss: 0.48671449085179597, Accuracy: 74.23281422903565%
2024-07-11 09:50:55 - INFO - Epoch: 6/100, Training Loss: 0.48567317126379933
2024-07-11 09:50:55 - INFO - Epoch: 6/100, Validation Loss: 0.4772440213098839, Accuracy: 74.88596799006774%
2024-07-11 09:51:04 - INFO - Epoch: 7/100, Training Loss: 0.47963272291195413
2024-07-11 09:51:04 - INFO - Epoch: 7/100, Validation Loss: 0.4750352204360698, Accuracy: 74.93724865725622%
2024-07-11 09:51:13 - INFO - Epoch: 8/100, Training Loss: 0.4756255673698193
2024-07-11 09:51:14 - INFO - Epoch: 8/100, Validation Loss: 0.4723789634791063, Accuracy: 74.96153949960865%
2024-07-11 09:51:21 - INFO - Epoch: 9/100, Training Loss: 0.4705454909688245
2024-07-11 09:51:22 - INFO - Epoch: 9/100, Validation Loss: 0.46947489068915804, Accuracy: 75.0721977814364%
2024-07-11 09:51:30 - INFO - Epoch: 10/100, Training Loss: 0.4695402758649594
2024-07-11 09:51:31 - INFO - Epoch: 10/100, Validation Loss: 0.47513985952976867, Accuracy: 74.71053412863351%
2024-07-11 09:51:39 - INFO - Epoch: 11/100, Training Loss: 0.4840762285139277
2024-07-11 09:51:40 - INFO - Epoch: 11/100, Validation Loss: 0.4733663686198892, Accuracy: 74.50001349491242%
2024-07-11 09:51:48 - INFO - Epoch: 12/100, Training Loss: 0.4763077747121788
2024-07-11 09:51:49 - INFO - Epoch: 12/100, Validation Loss: 0.5122152568453952, Accuracy: 73.25038460500392%
2024-07-11 09:51:57 - INFO - Epoch: 13/100, Training Loss: 0.49199231535144833
2024-07-11 09:51:58 - INFO - Epoch: 13/100, Validation Loss: 0.48832799960088646, Accuracy: 73.29086934225796%
2024-07-11 09:52:06 - INFO - Epoch: 14/100, Training Loss: 0.4768576922734784
2024-07-11 09:52:07 - INFO - Epoch: 14/100, Validation Loss: 0.4447517067142513, Accuracy: 75.66597392782921%
2024-07-11 09:52:15 - INFO - Epoch: 15/100, Training Loss: 0.43890855680115276
2024-07-11 09:52:16 - INFO - Epoch: 15/100, Validation Loss: 0.4416944788115836, Accuracy: 75.25033062535424%
2024-07-11 09:52:24 - INFO - Epoch: 16/100, Training Loss: 0.4266379624862539
2024-07-11 09:52:25 - INFO - Epoch: 16/100, Validation Loss: 0.43158513070799936, Accuracy: 76.07082130036976%
2024-07-11 09:52:33 - INFO - Epoch: 17/100, Training Loss: 0.4172806814441615
2024-07-11 09:52:34 - INFO - Epoch: 17/100, Validation Loss: 0.41656184201619373, Accuracy: 76.19227551213193%
2024-07-11 09:52:42 - INFO - Epoch: 18/100, Training Loss: 0.41008634567389424
2024-07-11 09:52:42 - INFO - Epoch: 18/100, Validation Loss: 0.4078506514919031, Accuracy: 76.64300558689374%
2024-07-11 09:52:50 - INFO - Epoch: 19/100, Training Loss: 0.40168373049952616
2024-07-11 09:52:51 - INFO - Epoch: 19/100, Validation Loss: 0.4022166477275018, Accuracy: 76.75366386872149%
2024-07-11 09:52:59 - INFO - Epoch: 20/100, Training Loss: 0.3949298913202961
2024-07-11 09:53:00 - INFO - Epoch: 20/100, Validation Loss: 0.39458054625823297, Accuracy: 76.89131197538528%
2024-07-11 09:53:08 - INFO - Epoch: 21/100, Training Loss: 0.38940812699458144
2024-07-11 09:53:09 - INFO - Epoch: 21/100, Validation Loss: 0.40552192437422296, Accuracy: 77.0505519419179%
2024-07-11 09:53:17 - INFO - Epoch: 22/100, Training Loss: 0.3857324218991919
2024-07-11 09:53:18 - INFO - Epoch: 22/100, Validation Loss: 0.38597541123577145, Accuracy: 77.41221559472079%
2024-07-11 09:53:26 - INFO - Epoch: 23/100, Training Loss: 0.3827225117524362
2024-07-11 09:53:27 - INFO - Epoch: 23/100, Validation Loss: 0.3947197587481846, Accuracy: 77.2070929259669%
2024-07-11 09:53:35 - INFO - Epoch: 24/100, Training Loss: 0.37774545457439307
2024-07-11 09:53:36 - INFO - Epoch: 24/100, Validation Loss: 0.37723602689094904, Accuracy: 77.43380745458963%
2024-07-11 09:53:44 - INFO - Epoch: 25/100, Training Loss: 0.37126921732396867
2024-07-11 09:53:45 - INFO - Epoch: 25/100, Validation Loss: 0.38022331324677805, Accuracy: 77.77118026504009%
2024-07-11 09:53:53 - INFO - Epoch: 26/100, Training Loss: 0.3699437999045911
2024-07-11 09:53:54 - INFO - Epoch: 26/100, Validation Loss: 0.37602377859216074, Accuracy: 77.59034843863863%
2024-07-11 09:54:01 - INFO - Epoch: 27/100, Training Loss: 0.3648430020749466
2024-07-11 09:54:02 - INFO - Epoch: 27/100, Validation Loss: 0.36889799320121297, Accuracy: 77.90073142425305%
2024-07-11 09:54:11 - INFO - Epoch: 28/100, Training Loss: 0.3629003451792893
2024-07-11 09:54:11 - INFO - Epoch: 28/100, Validation Loss: 0.3679137016053027, Accuracy: 77.51477692909774%
2024-07-11 09:54:20 - INFO - Epoch: 29/100, Training Loss: 0.35855064177580037
2024-07-11 09:54:20 - INFO - Epoch: 29/100, Validation Loss: 0.3667223689521121, Accuracy: 77.72529756281882%
2024-07-11 09:54:28 - INFO - Epoch: 30/100, Training Loss: 0.3562575745266027
2024-07-11 09:54:29 - INFO - Epoch: 30/100, Validation Loss: 0.3659451276012447, Accuracy: 77.81976194974494%
2024-07-11 09:54:37 - INFO - Epoch: 31/100, Training Loss: 0.35562559271260247
2024-07-11 09:54:38 - INFO - Epoch: 31/100, Validation Loss: 0.36024135227648085, Accuracy: 78.13284391784298%
2024-07-11 09:54:46 - INFO - Epoch: 32/100, Training Loss: 0.35257295920595605
2024-07-11 09:54:47 - INFO - Epoch: 32/100, Validation Loss: 0.3564134677662956, Accuracy: 78.0788642681709%
2024-07-11 09:54:55 - INFO - Epoch: 33/100, Training Loss: 0.35013293743210755
2024-07-11 09:54:56 - INFO - Epoch: 33/100, Validation Loss: 0.3580669634082774, Accuracy: 78.04377749588406%
2024-07-11 09:55:04 - INFO - Epoch: 34/100, Training Loss: 0.34766785146118445
2024-07-11 09:55:05 - INFO - Epoch: 34/100, Validation Loss: 0.3522351748327723, Accuracy: 78.13014493535937%
2024-07-11 09:55:13 - INFO - Epoch: 35/100, Training Loss: 0.3465262047354524
2024-07-11 09:55:14 - INFO - Epoch: 35/100, Validation Loss: 0.357788085911764, Accuracy: 78.25969609457235%
2024-07-11 09:55:22 - INFO - Epoch: 36/100, Training Loss: 0.3451000443934777
2024-07-11 09:55:23 - INFO - Epoch: 36/100, Validation Loss: 0.3532579829192532, Accuracy: 78.31097676176081%
2024-07-11 09:55:31 - INFO - Epoch: 37/100, Training Loss: 0.34256921858496203
2024-07-11 09:55:32 - INFO - Epoch: 37/100, Validation Loss: 0.35553544965638606, Accuracy: 78.26509405953955%
2024-07-11 09:55:39 - INFO - Epoch: 38/100, Training Loss: 0.3415388248616344
2024-07-11 09:55:40 - INFO - Epoch: 38/100, Validation Loss: 0.35055134094132046, Accuracy: 78.35146149901487%
2024-07-11 09:55:48 - INFO - Epoch: 39/100, Training Loss: 0.33908049897363146
2024-07-11 09:55:49 - INFO - Epoch: 39/100, Validation Loss: 0.35478770444636104, Accuracy: 78.51340044803109%
2024-07-11 09:55:57 - INFO - Epoch: 40/100, Training Loss: 0.3382587406867938
2024-07-11 09:55:58 - INFO - Epoch: 40/100, Validation Loss: 0.34637446982049364, Accuracy: 78.32986963914604%
2024-07-11 09:56:06 - INFO - Epoch: 41/100, Training Loss: 0.33845313152037754
2024-07-11 09:56:07 - INFO - Epoch: 41/100, Validation Loss: 0.34552695976637804, Accuracy: 78.48641062319506%
2024-07-11 09:56:15 - INFO - Epoch: 42/100, Training Loss: 0.3361528380958939
2024-07-11 09:56:16 - INFO - Epoch: 42/100, Validation Loss: 0.34682059915984026, Accuracy: 78.55928315025236%
2024-07-11 09:56:24 - INFO - Epoch: 43/100, Training Loss: 0.3344707150713562
2024-07-11 09:56:25 - INFO - Epoch: 43/100, Validation Loss: 0.34909688003219674, Accuracy: 78.17602763758063%
2024-07-11 09:56:33 - INFO - Epoch: 44/100, Training Loss: 0.33461703012000915
2024-07-11 09:56:34 - INFO - Epoch: 44/100, Validation Loss: 0.3431552574167186, Accuracy: 78.4432269034574%
2024-07-11 09:56:42 - INFO - Epoch: 45/100, Training Loss: 0.3320304935730492
2024-07-11 09:56:43 - INFO - Epoch: 45/100, Validation Loss: 0.34187315497064835, Accuracy: 78.57277806267037%
2024-07-11 09:56:51 - INFO - Epoch: 46/100, Training Loss: 0.33182834066926714
2024-07-11 09:56:52 - INFO - Epoch: 46/100, Validation Loss: 0.34269484368012976, Accuracy: 78.41623707862136%
2024-07-11 09:57:00 - INFO - Epoch: 47/100, Training Loss: 0.3317344447208604
2024-07-11 09:57:01 - INFO - Epoch: 47/100, Validation Loss: 0.3444947163109541, Accuracy: 78.54578823783433%
2024-07-11 09:57:09 - INFO - Epoch: 48/100, Training Loss: 0.32972139579490056
2024-07-11 09:57:10 - INFO - Epoch: 48/100, Validation Loss: 0.3358686921767414, Accuracy: 78.8804620658012%
2024-07-11 09:57:18 - INFO - Epoch: 49/100, Training Loss: 0.3286229665672635
2024-07-11 09:57:19 - INFO - Epoch: 49/100, Validation Loss: 0.340849465965607, Accuracy: 78.40274216620334%
2024-07-11 09:57:27 - INFO - Epoch: 50/100, Training Loss: 0.3292562229710025
2024-07-11 09:57:28 - INFO - Epoch: 50/100, Validation Loss: 0.33470992288441237, Accuracy: 78.57007908018677%
2024-07-11 09:57:36 - INFO - Epoch: 51/100, Training Loss: 0.3262164918625396
2024-07-11 09:57:37 - INFO - Epoch: 51/100, Validation Loss: 0.336823250731656, Accuracy: 78.60786483495723%
2024-07-11 09:57:45 - INFO - Epoch: 52/100, Training Loss: 0.3271514617858876
2024-07-11 09:57:46 - INFO - Epoch: 52/100, Validation Loss: 0.3390791342305808, Accuracy: 78.64565058972767%
2024-07-11 09:57:56 - INFO - Epoch: 53/100, Training Loss: 0.32439403003644657
2024-07-11 09:57:58 - INFO - Epoch: 53/100, Validation Loss: 0.33922906379522644, Accuracy: 78.81028852122749%
2024-07-11 09:58:09 - INFO - Epoch: 54/100, Training Loss: 0.32357514371680474
2024-07-11 09:58:11 - INFO - Epoch: 54/100, Validation Loss: 0.33604618912122, Accuracy: 78.72392108175218%
2024-07-11 09:58:23 - INFO - Epoch: 55/100, Training Loss: 0.3239641745537777
2024-07-11 09:58:24 - INFO - Epoch: 55/100, Validation Loss: 0.33334011276974784, Accuracy: 78.70502820436695%
2024-07-11 09:58:35 - INFO - Epoch: 56/100, Training Loss: 0.3242526732848407
2024-07-11 09:58:37 - INFO - Epoch: 56/100, Validation Loss: 0.3313088990966685, Accuracy: 78.78059971390786%
2024-07-11 09:58:48 - INFO - Epoch: 57/100, Training Loss: 0.32382623626752427
2024-07-11 09:58:50 - INFO - Epoch: 57/100, Validation Loss: 0.3328834185843229, Accuracy: 78.61596178240804%
2024-07-11 09:59:01 - INFO - Epoch: 58/100, Training Loss: 0.32219149100245176
2024-07-11 09:59:02 - INFO - Epoch: 58/100, Validation Loss: 0.32741562407045577, Accuracy: 78.77250276645705%
2024-07-11 09:59:13 - INFO - Epoch: 59/100, Training Loss: 0.3200647528950826
2024-07-11 09:59:15 - INFO - Epoch: 59/100, Validation Loss: 0.3294914831923697, Accuracy: 79.02350813743219%
2024-07-11 09:59:26 - INFO - Epoch: 60/100, Training Loss: 0.31944568200432577
2024-07-11 09:59:27 - INFO - Epoch: 60/100, Validation Loss: 0.3305405984939895, Accuracy: 78.83457936357993%
2024-07-11 09:59:39 - INFO - Epoch: 61/100, Training Loss: 0.32090553701798946
2024-07-11 09:59:40 - INFO - Epoch: 61/100, Validation Loss: 0.3360396595816538, Accuracy: 78.68073736201453%
2024-07-11 09:59:51 - INFO - Epoch: 62/100, Training Loss: 0.3191213418756948
2024-07-11 09:59:53 - INFO - Epoch: 62/100, Validation Loss: 0.33325909850202073, Accuracy: 78.89935494318642%
2024-07-11 10:00:04 - INFO - Epoch: 63/100, Training Loss: 0.31773147567308835
2024-07-11 10:00:05 - INFO - Epoch: 63/100, Validation Loss: 0.3277777880944942, Accuracy: 78.8858600307684%
2024-07-11 10:00:17 - INFO - Epoch: 64/100, Training Loss: 0.31671065148062655
2024-07-11 10:00:18 - INFO - Epoch: 64/100, Validation Loss: 0.32899363336373694, Accuracy: 79.10987557690751%
2024-07-11 10:00:29 - INFO - Epoch: 65/100, Training Loss: 0.31708141459419115
2024-07-11 10:00:31 - INFO - Epoch: 65/100, Validation Loss: 0.3258453177767508, Accuracy: 78.90205392567002%
2024-07-11 10:00:42 - INFO - Epoch: 66/100, Training Loss: 0.31724768445950924
2024-07-11 10:00:44 - INFO - Epoch: 66/100, Validation Loss: 0.3273975740545566, Accuracy: 78.82378343364552%
2024-07-11 10:00:55 - INFO - Epoch: 67/100, Training Loss: 0.31602138091708715
2024-07-11 10:00:56 - INFO - Epoch: 67/100, Validation Loss: 0.33018437946707474, Accuracy: 78.91015087312083%
2024-07-11 10:01:07 - INFO - Epoch: 68/100, Training Loss: 0.31724346170462475
2024-07-11 10:01:09 - INFO - Epoch: 68/100, Validation Loss: 0.32763991889661254, Accuracy: 78.71042616933416%
2024-07-11 10:01:20 - INFO - Epoch: 69/100, Training Loss: 0.316301251116606
2024-07-11 10:01:22 - INFO - Epoch: 69/100, Validation Loss: 0.33276170242532754, Accuracy: 78.65644651966208%
2024-07-11 10:01:33 - INFO - Epoch: 70/100, Training Loss: 0.3145359535484425
2024-07-11 10:01:34 - INFO - Epoch: 70/100, Validation Loss: 0.32701982346738145, Accuracy: 78.9533345928585%
2024-07-11 10:01:45 - INFO - Epoch: 71/100, Training Loss: 0.31600475454114263
2024-07-11 10:01:47 - INFO - Epoch: 71/100, Validation Loss: 0.3268414168571973, Accuracy: 79.04240101481741%
2024-07-11 10:01:58 - INFO - Epoch: 72/100, Training Loss: 0.3147649778461724
2024-07-11 10:01:59 - INFO - Epoch: 72/100, Validation Loss: 0.32784584216091506, Accuracy: 79.031605084883%
2024-07-11 10:02:11 - INFO - Epoch: 73/100, Training Loss: 0.3129016388342788
2024-07-11 10:02:12 - INFO - Epoch: 73/100, Validation Loss: 0.32248983299279255, Accuracy: 78.93714069795686%
2024-07-11 10:02:23 - INFO - Epoch: 74/100, Training Loss: 0.31429332723142983
2024-07-11 10:02:25 - INFO - Epoch: 74/100, Validation Loss: 0.32621770193848587, Accuracy: 79.13686540174355%
2024-07-11 10:02:36 - INFO - Epoch: 75/100, Training Loss: 0.3151365606780188
2024-07-11 10:02:37 - INFO - Epoch: 75/100, Validation Loss: 0.32909332117989065, Accuracy: 78.44052792097379%
2024-07-11 10:02:48 - INFO - Epoch: 76/100, Training Loss: 0.31309732489789704
2024-07-11 10:02:50 - INFO - Epoch: 76/100, Validation Loss: 0.32375345833355074, Accuracy: 78.90205392567002%
2024-07-11 10:03:01 - INFO - Epoch: 77/100, Training Loss: 0.3117048693804749
2024-07-11 10:03:02 - INFO - Epoch: 77/100, Validation Loss: 0.3223624802315173, Accuracy: 79.13146743677633%
2024-07-11 10:03:14 - INFO - Epoch: 78/100, Training Loss: 0.31489847159730544
2024-07-11 10:03:15 - INFO - Epoch: 78/100, Validation Loss: 0.3250584241536821, Accuracy: 79.19354403389922%
2024-07-11 10:03:26 - INFO - Epoch: 79/100, Training Loss: 0.31207124172791917
2024-07-11 10:03:28 - INFO - Epoch: 79/100, Validation Loss: 0.32425358603243587, Accuracy: 78.95063561037489%
2024-07-11 10:03:39 - INFO - Epoch: 80/100, Training Loss: 0.3137295926842253
2024-07-11 10:03:41 - INFO - Epoch: 80/100, Validation Loss: 0.32517385940889415, Accuracy: 78.97222747024372%
2024-07-11 10:03:52 - INFO - Epoch: 81/100, Training Loss: 0.31111644217438855
2024-07-11 10:03:53 - INFO - Epoch: 81/100, Validation Loss: 0.3227363749180433, Accuracy: 78.8129875037111%
2024-07-11 10:04:04 - INFO - Epoch: 82/100, Training Loss: 0.30978149223898976
2024-07-11 10:04:06 - INFO - Epoch: 82/100, Validation Loss: 0.32130840894265905, Accuracy: 79.13146743677633%
2024-07-11 10:04:17 - INFO - Epoch: 83/100, Training Loss: 0.3102284097828499
2024-07-11 10:04:18 - INFO - Epoch: 83/100, Validation Loss: 0.3186706098147213, Accuracy: 79.30420231572697%
2024-07-11 10:04:30 - INFO - Epoch: 84/100, Training Loss: 0.31042610055450126
2024-07-11 10:04:31 - INFO - Epoch: 84/100, Validation Loss: 0.3239033544413578, Accuracy: 79.22323284121886%
2024-07-11 10:04:43 - INFO - Epoch: 85/100, Training Loss: 0.3120723351553108
2024-07-11 10:04:44 - INFO - Epoch: 85/100, Validation Loss: 0.3205877693566222, Accuracy: 78.90205392567002%
2024-07-11 10:04:55 - INFO - Epoch: 86/100, Training Loss: 0.30944169680097355
2024-07-11 10:04:57 - INFO - Epoch: 86/100, Validation Loss: 0.3185472638444373, Accuracy: 78.86156918841597%
2024-07-11 10:05:08 - INFO - Epoch: 87/100, Training Loss: 0.30911134036711463
2024-07-11 10:05:10 - INFO - Epoch: 87/100, Validation Loss: 0.319467524610241, Accuracy: 79.14496234919436%
2024-07-11 10:05:21 - INFO - Epoch: 88/100, Training Loss: 0.3081714406751083
2024-07-11 10:05:22 - INFO - Epoch: 88/100, Validation Loss: 0.31428490257427893, Accuracy: 79.07748778710426%
2024-07-11 10:05:33 - INFO - Epoch: 89/100, Training Loss: 0.30782816113843
2024-07-11 10:05:35 - INFO - Epoch: 89/100, Validation Loss: 0.3184382298346834, Accuracy: 79.07748778710426%
2024-07-11 10:05:46 - INFO - Epoch: 90/100, Training Loss: 0.3083297323454847
2024-07-11 10:05:47 - INFO - Epoch: 90/100, Validation Loss: 0.3188907794384141, Accuracy: 79.35548298291545%
2024-07-11 10:05:59 - INFO - Epoch: 91/100, Training Loss: 0.30786653487767784
2024-07-11 10:06:00 - INFO - Epoch: 91/100, Validation Loss: 0.3163916928265791, Accuracy: 79.0990796469731%
2024-07-11 10:06:11 - INFO - Epoch: 92/100, Training Loss: 0.30630280796136056
2024-07-11 10:06:13 - INFO - Epoch: 92/100, Validation Loss: 0.32061409005744057, Accuracy: 79.02890610239939%
2024-07-11 10:06:24 - INFO - Epoch: 93/100, Training Loss: 0.306650878414383
2024-07-11 10:06:25 - INFO - Epoch: 93/100, Validation Loss: 0.3193451270898595, Accuracy: 79.21783487625166%
2024-07-11 10:06:36 - INFO - Epoch: 94/100, Training Loss: 0.30549092476283535
2024-07-11 10:06:38 - INFO - Epoch: 94/100, Validation Loss: 0.3174506693769613, Accuracy: 79.52551887938247%
2024-07-11 10:06:49 - INFO - Epoch: 95/100, Training Loss: 0.3063147743369271
2024-07-11 10:06:50 - INFO - Epoch: 95/100, Validation Loss: 0.3173190254415667, Accuracy: 79.031605084883%
2024-07-11 10:07:02 - INFO - Epoch: 96/100, Training Loss: 0.30544597446429506
2024-07-11 10:07:03 - INFO - Epoch: 96/100, Validation Loss: 0.3298865917536055, Accuracy: 79.14496234919436%
2024-07-11 10:07:14 - INFO - Epoch: 97/100, Training Loss: 0.3091402505371649
2024-07-11 10:07:16 - INFO - Epoch: 97/100, Validation Loss: 0.3232570616640987, Accuracy: 79.12337048932552%
2024-07-11 10:07:27 - INFO - Epoch: 98/100, Training Loss: 0.3054095674788705
2024-07-11 10:07:28 - INFO - Epoch: 98/100, Validation Loss: 0.3170596526385589, Accuracy: 79.04779897978462%
2024-07-11 10:07:40 - INFO - Epoch: 99/100, Training Loss: 0.30568279154174066
2024-07-11 10:07:41 - INFO - Epoch: 99/100, Validation Loss: 0.312896227563807, Accuracy: 79.41755958003833%
2024-07-11 10:07:52 - INFO - Epoch: 100/100, Training Loss: 0.3046505211535616
2024-07-11 10:07:54 - INFO - Epoch: 100/100, Validation Loss: 0.3118144383908142, Accuracy: 79.15305929664517%
2024-07-11 10:07:54 - INFO - Finished training model.
