2024-07-11 08:56:48 - INFO - This log entry will go into a uniquely named file for this run.
2024-07-11 08:56:53 - INFO - Starting LSTM model training...
2024-07-11 08:57:09 - INFO - Epoch: 1/100, Training Loss: 0.40060153511409213
2024-07-11 08:57:11 - INFO - Epoch: 1/100, Validation Loss: 0.37138962948819976, Accuracy: 83.6961953030195%
2024-07-11 08:57:28 - INFO - Epoch: 2/100, Training Loss: 0.37581881430005537
2024-07-11 08:57:30 - INFO - Epoch: 2/100, Validation Loss: 0.369697153500226, Accuracy: 84.09083956232217%
2024-07-11 08:57:46 - INFO - Epoch: 3/100, Training Loss: 0.4032940561993318
2024-07-11 08:57:48 - INFO - Epoch: 3/100, Validation Loss: 0.3657585370214018, Accuracy: 84.07656302580993%
2024-07-11 08:58:07 - INFO - Epoch: 4/100, Training Loss: 0.3492980368823168
2024-07-11 08:58:09 - INFO - Epoch: 4/100, Validation Loss: 0.33965986160305073, Accuracy: 85.76833260251063%
2024-07-11 08:58:26 - INFO - Epoch: 5/100, Training Loss: 0.34280010848157966
2024-07-11 08:58:28 - INFO - Epoch: 5/100, Validation Loss: 0.3381346179742247, Accuracy: 85.84481404811193%
2024-07-11 08:58:45 - INFO - Epoch: 6/100, Training Loss: 0.33815344594337554
2024-07-11 08:58:47 - INFO - Epoch: 6/100, Validation Loss: 0.3348728885797605, Accuracy: 85.79994493335917%
2024-07-11 08:59:05 - INFO - Epoch: 7/100, Training Loss: 0.3301826545281518
2024-07-11 08:59:07 - INFO - Epoch: 7/100, Validation Loss: 0.32525438178192145, Accuracy: 86.27718915391127%
2024-07-11 08:59:24 - INFO - Epoch: 8/100, Training Loss: 0.3245212360377762
2024-07-11 08:59:26 - INFO - Epoch: 8/100, Validation Loss: 0.3325174918030106, Accuracy: 85.99267817627444%
2024-07-11 08:59:43 - INFO - Epoch: 9/100, Training Loss: 0.3183188715955429
2024-07-11 08:59:45 - INFO - Epoch: 9/100, Validation Loss: 0.3104378054597684, Accuracy: 86.46992239682653%
2024-07-11 09:00:02 - INFO - Epoch: 10/100, Training Loss: 0.3101055549017308
2024-07-11 09:00:04 - INFO - Epoch: 10/100, Validation Loss: 0.3026914194819201, Accuracy: 86.46584338639445%
2024-07-11 09:00:22 - INFO - Epoch: 11/100, Training Loss: 0.30139487961495287
2024-07-11 09:00:24 - INFO - Epoch: 11/100, Validation Loss: 0.2979997810941075, Accuracy: 86.45258660249024%
2024-07-11 09:00:41 - INFO - Epoch: 12/100, Training Loss: 0.2919821109465293
2024-07-11 09:00:43 - INFO - Epoch: 12/100, Validation Loss: 0.2840543950957095, Accuracy: 86.50153472767506%
2024-07-11 09:01:01 - INFO - Epoch: 13/100, Training Loss: 0.2848141011471246
2024-07-11 09:01:03 - INFO - Epoch: 13/100, Validation Loss: 0.28200464007983544, Accuracy: 86.44952734466618%
2024-07-11 09:01:20 - INFO - Epoch: 14/100, Training Loss: 0.2792939513163186
2024-07-11 09:01:22 - INFO - Epoch: 14/100, Validation Loss: 0.2732889394859667, Accuracy: 86.46584338639445%
2024-07-11 09:01:39 - INFO - Epoch: 15/100, Training Loss: 0.27338824876906104
2024-07-11 09:01:41 - INFO - Epoch: 15/100, Validation Loss: 0.27068313146076867, Accuracy: 86.52192977983542%
2024-07-11 09:01:57 - INFO - Epoch: 16/100, Training Loss: 0.26857025804644524
2024-07-11 09:01:59 - INFO - Epoch: 16/100, Validation Loss: 0.2626744954077076, Accuracy: 86.54334458460377%
2024-07-11 09:02:17 - INFO - Epoch: 17/100, Training Loss: 0.2638932279689333
2024-07-11 09:02:19 - INFO - Epoch: 17/100, Validation Loss: 0.2629220392178338, Accuracy: 86.53518656373964%
2024-07-11 09:02:36 - INFO - Epoch: 18/100, Training Loss: 0.26025679165357324
2024-07-11 09:02:38 - INFO - Epoch: 18/100, Validation Loss: 0.25629870372411867, Accuracy: 86.48725819116282%
2024-07-11 09:02:54 - INFO - Epoch: 19/100, Training Loss: 0.2569103273083674
2024-07-11 09:02:56 - INFO - Epoch: 19/100, Validation Loss: 0.2531636735036804, Accuracy: 86.53110755330756%
2024-07-11 09:03:13 - INFO - Epoch: 20/100, Training Loss: 0.25415745021118624
2024-07-11 09:03:15 - INFO - Epoch: 20/100, Validation Loss: 0.2510954542480414, Accuracy: 86.53824582156369%
2024-07-11 09:03:31 - INFO - Epoch: 21/100, Training Loss: 0.2515448991724087
2024-07-11 09:03:33 - INFO - Epoch: 21/100, Validation Loss: 0.24774843461651158, Accuracy: 86.50051497506705%
2024-07-11 09:03:51 - INFO - Epoch: 22/100, Training Loss: 0.24861582802105037
2024-07-11 09:03:53 - INFO - Epoch: 22/100, Validation Loss: 0.24385313096772746, Accuracy: 86.54028532677972%
2024-07-11 09:04:11 - INFO - Epoch: 23/100, Training Loss: 0.24784582720084494
2024-07-11 09:04:13 - INFO - Epoch: 23/100, Validation Loss: 0.24217179114824017, Accuracy: 86.55252235807593%
2024-07-11 09:04:30 - INFO - Epoch: 24/100, Training Loss: 0.24527761803781603
2024-07-11 09:04:33 - INFO - Epoch: 24/100, Validation Loss: 0.2438122589197022, Accuracy: 86.26189286479101%
2024-07-11 09:04:49 - INFO - Epoch: 25/100, Training Loss: 0.24360627410175129
2024-07-11 09:04:51 - INFO - Epoch: 25/100, Validation Loss: 0.24241110746641215, Accuracy: 86.54640384242782%
2024-07-11 09:05:08 - INFO - Epoch: 26/100, Training Loss: 0.2422485948277543
2024-07-11 09:05:10 - INFO - Epoch: 26/100, Validation Loss: 0.24427370251255415, Accuracy: 86.40771748773747%
2024-07-11 09:05:27 - INFO - Epoch: 27/100, Training Loss: 0.24057032203164724
2024-07-11 09:05:29 - INFO - Epoch: 27/100, Validation Loss: 0.23797349522433403, Accuracy: 86.30676197954377%
2024-07-11 09:05:46 - INFO - Epoch: 28/100, Training Loss: 0.24009789082150726
2024-07-11 09:05:48 - INFO - Epoch: 28/100, Validation Loss: 0.23784032447988973, Accuracy: 86.47808041769066%
2024-07-11 09:06:05 - INFO - Epoch: 29/100, Training Loss: 0.23793151476757038
2024-07-11 09:06:07 - INFO - Epoch: 29/100, Validation Loss: 0.23886232820703404, Accuracy: 86.54130507938774%
2024-07-11 09:06:23 - INFO - Epoch: 30/100, Training Loss: 0.23790232056402658
2024-07-11 09:06:25 - INFO - Epoch: 30/100, Validation Loss: 0.23371152498134196, Accuracy: 86.40669773512946%
2024-07-11 09:06:42 - INFO - Epoch: 31/100, Training Loss: 0.23623645904694748
2024-07-11 09:06:44 - INFO - Epoch: 31/100, Validation Loss: 0.2339264064618986, Accuracy: 86.4923569542029%
2024-07-11 09:07:02 - INFO - Epoch: 32/100, Training Loss: 0.23619115463738963
2024-07-11 09:07:04 - INFO - Epoch: 32/100, Validation Loss: 0.23285648242776408, Accuracy: 86.62390504063714%
2024-07-11 09:07:21 - INFO - Epoch: 33/100, Training Loss: 0.23545027013912465
2024-07-11 09:07:23 - INFO - Epoch: 33/100, Validation Loss: 0.23398693142105223, Accuracy: 86.50051497506705%
2024-07-11 09:07:39 - INFO - Epoch: 34/100, Training Loss: 0.23422386481455984
2024-07-11 09:07:41 - INFO - Epoch: 34/100, Validation Loss: 0.23435416093991615, Accuracy: 86.5158112641873%
2024-07-11 09:07:58 - INFO - Epoch: 35/100, Training Loss: 0.23343045538059454
2024-07-11 09:08:00 - INFO - Epoch: 35/100, Validation Loss: 0.23200532203006807, Accuracy: 86.55864087372403%
2024-07-11 09:08:16 - INFO - Epoch: 36/100, Training Loss: 0.23269226225656756
2024-07-11 09:08:18 - INFO - Epoch: 36/100, Validation Loss: 0.23252181921200432, Accuracy: 86.54946310025188%
2024-07-11 09:08:35 - INFO - Epoch: 37/100, Training Loss: 0.23216473916811428
2024-07-11 09:08:37 - INFO - Epoch: 37/100, Validation Loss: 0.2295955675815105, Accuracy: 86.48929769637886%
2024-07-11 09:08:54 - INFO - Epoch: 38/100, Training Loss: 0.2319640219284516
2024-07-11 09:08:56 - INFO - Epoch: 38/100, Validation Loss: 0.22939514082024787, Accuracy: 86.57801617327637%
2024-07-11 09:09:13 - INFO - Epoch: 39/100, Training Loss: 0.2318160795112976
2024-07-11 09:09:15 - INFO - Epoch: 39/100, Validation Loss: 0.22865575966069843, Accuracy: 86.27311014347919%
2024-07-11 09:09:32 - INFO - Epoch: 40/100, Training Loss: 0.23207515761496914
2024-07-11 09:09:34 - INFO - Epoch: 40/100, Validation Loss: 0.22941617813478943, Accuracy: 86.41791501381765%
2024-07-11 09:09:51 - INFO - Epoch: 41/100, Training Loss: 0.23120096254030748
2024-07-11 09:09:53 - INFO - Epoch: 41/100, Validation Loss: 0.23010828606517036, Accuracy: 86.03958679624323%
2024-07-11 09:10:18 - INFO - Epoch: 42/100, Training Loss: 0.2307425119599115
2024-07-11 09:10:22 - INFO - Epoch: 42/100, Validation Loss: 0.22938145014268468, Accuracy: 86.66061613452577%
2024-07-11 09:10:45 - INFO - Epoch: 43/100, Training Loss: 0.2302058179981169
2024-07-11 09:10:47 - INFO - Epoch: 43/100, Validation Loss: 0.2276120431483064, Accuracy: 86.50867299593119%
2024-07-11 09:11:03 - INFO - Epoch: 44/100, Training Loss: 0.22960079415750106
2024-07-11 09:11:05 - INFO - Epoch: 44/100, Validation Loss: 0.22895086189247157, Accuracy: 86.45870511813834%
2024-07-11 09:11:23 - INFO - Epoch: 45/100, Training Loss: 0.22948529165639908
2024-07-11 09:11:27 - INFO - Epoch: 45/100, Validation Loss: 0.2271591708384848, Accuracy: 86.26699162783109%
2024-07-11 09:11:52 - INFO - Epoch: 46/100, Training Loss: 0.22909609987775037
2024-07-11 09:11:54 - INFO - Epoch: 46/100, Validation Loss: 0.2320118572341797, Accuracy: 86.38426317775308%
2024-07-11 09:12:10 - INFO - Epoch: 47/100, Training Loss: 0.22875387324295302
2024-07-11 09:12:12 - INFO - Epoch: 47/100, Validation Loss: 0.2302686163921101, Accuracy: 86.61370751455696%
2024-07-11 09:12:30 - INFO - Epoch: 48/100, Training Loss: 0.22898259375783508
2024-07-11 09:12:34 - INFO - Epoch: 48/100, Validation Loss: 0.227724150537628, Accuracy: 86.53416681113161%
2024-07-11 09:12:55 - INFO - Epoch: 49/100, Training Loss: 0.2283473159466896
2024-07-11 09:12:58 - INFO - Epoch: 49/100, Validation Loss: 0.22798271794102976, Accuracy: 86.380184167321%
2024-07-11 09:13:13 - INFO - Epoch: 50/100, Training Loss: 0.22924837093088557
2024-07-11 09:13:16 - INFO - Epoch: 50/100, Validation Loss: 0.2262752357012527, Accuracy: 86.44850759205816%
2024-07-11 09:13:33 - INFO - Epoch: 51/100, Training Loss: 0.2281924166280073
2024-07-11 09:13:35 - INFO - Epoch: 51/100, Validation Loss: 0.22788039254193515, Accuracy: 86.43117179772187%
2024-07-11 09:13:51 - INFO - Epoch: 52/100, Training Loss: 0.2289158677292368
2024-07-11 09:13:52 - INFO - Epoch: 52/100, Validation Loss: 0.22882872132191998, Accuracy: 86.45768536553032%
2024-07-11 09:14:08 - INFO - Epoch: 53/100, Training Loss: 0.22826445958979621
2024-07-11 09:14:10 - INFO - Epoch: 53/100, Validation Loss: 0.22373704021263185, Accuracy: 86.22416201829436%
2024-07-11 09:14:25 - INFO - Epoch: 54/100, Training Loss: 0.22752260124266177
2024-07-11 09:14:27 - INFO - Epoch: 54/100, Validation Loss: 0.2267087883202375, Accuracy: 86.32919653692014%
2024-07-11 09:14:42 - INFO - Epoch: 55/100, Training Loss: 0.22773330295080071
2024-07-11 09:14:44 - INFO - Epoch: 55/100, Validation Loss: 0.22522348587857455, Accuracy: 86.24863608088678%
2024-07-11 09:15:00 - INFO - Epoch: 56/100, Training Loss: 0.22663364022712487
2024-07-11 09:15:02 - INFO - Epoch: 56/100, Validation Loss: 0.22679013699604186, Accuracy: 86.41587550860162%
2024-07-11 09:15:17 - INFO - Epoch: 57/100, Training Loss: 0.22798230279000592
2024-07-11 09:15:19 - INFO - Epoch: 57/100, Validation Loss: 0.22459535601573757, Accuracy: 86.38732243557713%
2024-07-11 09:15:38 - INFO - Epoch: 58/100, Training Loss: 0.2259946173644412
2024-07-11 09:15:42 - INFO - Epoch: 58/100, Validation Loss: 0.22315741489311486, Accuracy: 86.64837910322956%
2024-07-11 09:16:14 - INFO - Epoch: 59/100, Training Loss: 0.22647965614461923
2024-07-11 09:16:18 - INFO - Epoch: 59/100, Validation Loss: 0.22572325558850598, Accuracy: 86.64735935062154%
2024-07-11 09:16:50 - INFO - Epoch: 60/100, Training Loss: 0.22648996052733836
2024-07-11 09:16:54 - INFO - Epoch: 60/100, Validation Loss: 0.22283881095426966, Accuracy: 86.38732243557713%
2024-07-11 09:17:15 - INFO - Epoch: 61/100, Training Loss: 0.22581702228687214
2024-07-11 09:17:17 - INFO - Epoch: 61/100, Validation Loss: 0.22650346140980487, Accuracy: 86.51887052201135%
2024-07-11 09:17:32 - INFO - Epoch: 62/100, Training Loss: 0.22619232431912348
2024-07-11 09:17:34 - INFO - Epoch: 62/100, Validation Loss: 0.22472145842401636, Accuracy: 86.58311493631645%
2024-07-11 09:17:49 - INFO - Epoch: 63/100, Training Loss: 0.22581809440341719
2024-07-11 09:17:51 - INFO - Epoch: 63/100, Validation Loss: 0.22456956883213214, Accuracy: 86.51377175897127%
2024-07-11 09:18:06 - INFO - Epoch: 64/100, Training Loss: 0.22680564211955914
2024-07-11 09:18:08 - INFO - Epoch: 64/100, Validation Loss: 0.23038690922136643, Accuracy: 86.49439645941895%
2024-07-11 09:18:25 - INFO - Epoch: 65/100, Training Loss: 0.22605803085688297
2024-07-11 09:18:29 - INFO - Epoch: 65/100, Validation Loss: 0.22277224585851343, Accuracy: 86.6330828141093%
2024-07-11 09:19:00 - INFO - Epoch: 66/100, Training Loss: 0.22487425945637218
2024-07-11 09:19:04 - INFO - Epoch: 66/100, Validation Loss: 0.22593335234314027, Accuracy: 86.48419893333877%
2024-07-11 09:19:35 - INFO - Epoch: 67/100, Training Loss: 0.22629168414844933
2024-07-11 09:19:39 - INFO - Epoch: 67/100, Validation Loss: 0.22638116236010644, Accuracy: 86.1619571092053%
2024-07-11 09:20:10 - INFO - Epoch: 68/100, Training Loss: 0.22483761602644042
2024-07-11 09:20:14 - INFO - Epoch: 68/100, Validation Loss: 0.2251441548812335, Accuracy: 86.1619571092053%
2024-07-11 09:20:46 - INFO - Epoch: 69/100, Training Loss: 0.22510021576695272
2024-07-11 09:20:51 - INFO - Epoch: 69/100, Validation Loss: 0.2236592952363723, Accuracy: 86.49439645941895%
2024-07-11 09:21:22 - INFO - Epoch: 70/100, Training Loss: 0.2256091743456022
2024-07-11 09:21:26 - INFO - Epoch: 70/100, Validation Loss: 0.22555777504894364, Accuracy: 86.4862384385548%
2024-07-11 09:21:54 - INFO - Epoch: 71/100, Training Loss: 0.22459117429770697
2024-07-11 09:21:56 - INFO - Epoch: 71/100, Validation Loss: 0.22284668113426376, Accuracy: 86.20886572917411%
2024-07-11 09:22:12 - INFO - Epoch: 72/100, Training Loss: 0.2241594415005472
2024-07-11 09:22:14 - INFO - Epoch: 72/100, Validation Loss: 0.22818851394157197, Accuracy: 86.61166800934093%
2024-07-11 09:22:29 - INFO - Epoch: 73/100, Training Loss: 0.22435480543909309
2024-07-11 09:22:31 - INFO - Epoch: 73/100, Validation Loss: 0.22304042590088263, Accuracy: 86.46584338639445%
2024-07-11 09:22:47 - INFO - Epoch: 74/100, Training Loss: 0.2244113224533764
2024-07-11 09:22:49 - INFO - Epoch: 74/100, Validation Loss: 0.22231468867415785, Accuracy: 86.5688383998042%
2024-07-11 09:23:05 - INFO - Epoch: 75/100, Training Loss: 0.22430804839364116
2024-07-11 09:23:07 - INFO - Epoch: 75/100, Validation Loss: 0.2231975117113881, Accuracy: 86.67081366060594%
2024-07-11 09:23:23 - INFO - Epoch: 76/100, Training Loss: 0.2241772153316168
2024-07-11 09:23:25 - INFO - Epoch: 76/100, Validation Loss: 0.22364323190610857, Accuracy: 86.63512231932533%
2024-07-11 09:23:41 - INFO - Epoch: 77/100, Training Loss: 0.2240376767505925
2024-07-11 09:23:43 - INFO - Epoch: 77/100, Validation Loss: 0.22409590221431158, Accuracy: 86.31390024779988%
2024-07-11 09:23:59 - INFO - Epoch: 78/100, Training Loss: 0.22458045340698837
2024-07-11 09:24:01 - INFO - Epoch: 78/100, Validation Loss: 0.22514001778718776, Accuracy: 86.53212730591558%
2024-07-11 09:24:18 - INFO - Epoch: 79/100, Training Loss: 0.2233485943984394
2024-07-11 09:24:20 - INFO - Epoch: 79/100, Validation Loss: 0.2224457972796618, Accuracy: 86.59637172022067%
2024-07-11 09:24:37 - INFO - Epoch: 80/100, Training Loss: 0.22357139177225333
2024-07-11 09:24:39 - INFO - Epoch: 80/100, Validation Loss: 0.22261153123130692, Accuracy: 86.55864087372403%
2024-07-11 09:24:55 - INFO - Epoch: 81/100, Training Loss: 0.2234458994490518
2024-07-11 09:24:57 - INFO - Epoch: 81/100, Validation Loss: 0.22715449458582293, Accuracy: 86.34347307343239%
2024-07-11 09:25:14 - INFO - Epoch: 82/100, Training Loss: 0.22334433068243398
2024-07-11 09:25:16 - INFO - Epoch: 82/100, Validation Loss: 0.22414572882500647, Accuracy: 86.55252235807593%
2024-07-11 09:25:34 - INFO - Epoch: 83/100, Training Loss: 0.22325644324349625
2024-07-11 09:25:36 - INFO - Epoch: 83/100, Validation Loss: 0.230122748978645, Accuracy: 86.61880627759706%
2024-07-11 09:25:52 - INFO - Epoch: 84/100, Training Loss: 0.22343243989436423
2024-07-11 09:25:54 - INFO - Epoch: 84/100, Validation Loss: 0.22380922627814517, Accuracy: 86.44544833423411%
2024-07-11 09:26:11 - INFO - Epoch: 85/100, Training Loss: 0.2227732106085352
2024-07-11 09:26:13 - INFO - Epoch: 85/100, Validation Loss: 0.22175531831933873, Accuracy: 86.68712970233422%
2024-07-11 09:26:30 - INFO - Epoch: 86/100, Training Loss: 0.22314330959547635
2024-07-11 09:26:32 - INFO - Epoch: 86/100, Validation Loss: 0.22447736309057578, Accuracy: 86.5861741941405%
2024-07-11 09:26:48 - INFO - Epoch: 87/100, Training Loss: 0.22241483381187319
2024-07-11 09:26:50 - INFO - Epoch: 87/100, Validation Loss: 0.22011087635083673, Accuracy: 86.46482363378644%
2024-07-11 09:27:07 - INFO - Epoch: 88/100, Training Loss: 0.22276188139960978
2024-07-11 09:27:09 - INFO - Epoch: 88/100, Validation Loss: 0.22273809762655794, Accuracy: 86.59637172022067%
2024-07-11 09:27:25 - INFO - Epoch: 89/100, Training Loss: 0.22188962065078516
2024-07-11 09:27:27 - INFO - Epoch: 89/100, Validation Loss: 0.22146576729014428, Accuracy: 86.51887052201135%
2024-07-11 09:27:44 - INFO - Epoch: 90/100, Training Loss: 0.2219587844074852
2024-07-11 09:27:46 - INFO - Epoch: 90/100, Validation Loss: 0.22037660203198553, Accuracy: 86.53824582156369%
2024-07-11 09:28:04 - INFO - Epoch: 91/100, Training Loss: 0.2218581533479173
2024-07-11 09:28:06 - INFO - Epoch: 91/100, Validation Loss: 0.21991412971467655, Accuracy: 86.62186553542111%
2024-07-11 09:28:23 - INFO - Epoch: 92/100, Training Loss: 0.22222837386234956
2024-07-11 09:28:25 - INFO - Epoch: 92/100, Validation Loss: 0.2228463018933932, Accuracy: 86.39038169340118%
2024-07-11 09:28:41 - INFO - Epoch: 93/100, Training Loss: 0.2220855541788631
2024-07-11 09:28:43 - INFO - Epoch: 93/100, Validation Loss: 0.2216383697050736, Accuracy: 86.35469035212057%
2024-07-11 09:28:59 - INFO - Epoch: 94/100, Training Loss: 0.22299508725518327
2024-07-11 09:29:01 - INFO - Epoch: 94/100, Validation Loss: 0.22894187059693297, Accuracy: 86.6330828141093%
2024-07-11 09:29:18 - INFO - Epoch: 95/100, Training Loss: 0.22175976260584823
2024-07-11 09:29:20 - INFO - Epoch: 95/100, Validation Loss: 0.22369377034614854, Accuracy: 86.64022108236541%
2024-07-11 09:29:36 - INFO - Epoch: 96/100, Training Loss: 0.22164908225690197
2024-07-11 09:29:39 - INFO - Epoch: 96/100, Validation Loss: 0.2215200709707583, Accuracy: 86.55558161589998%
2024-07-11 09:29:55 - INFO - Epoch: 97/100, Training Loss: 0.22124762651868388
2024-07-11 09:29:57 - INFO - Epoch: 97/100, Validation Loss: 0.22246015484494006, Accuracy: 86.6443000927975%
2024-07-11 09:30:13 - INFO - Epoch: 98/100, Training Loss: 0.22129623796125283
2024-07-11 09:30:15 - INFO - Epoch: 98/100, Validation Loss: 0.22120436940971575, Accuracy: 86.36692738341678%
2024-07-11 09:30:49 - INFO - Epoch: 99/100, Training Loss: 0.222275850815745
2024-07-11 09:30:53 - INFO - Epoch: 99/100, Validation Loss: 0.22623764598633989, Accuracy: 86.61370751455696%
2024-07-11 09:31:10 - INFO - Epoch: 100/100, Training Loss: 0.22252679969595743
2024-07-11 09:31:12 - INFO - Epoch: 100/100, Validation Loss: 0.21951774157345566, Accuracy: 86.54028532677972%
2024-07-11 09:31:12 - INFO - Finished training model.
