2024-06-18 22:48:53 - INFO - This log entry will go into a uniquely named file for this run.
2024-06-18 22:48:53 - INFO - Starting LSTM model training...
2024-06-18 22:48:53 - INFO - epochs=1200
2024-06-18 22:48:53 - INFO - batch_size=32
2024-06-18 22:48:56 - INFO - Starting LSTM model training...
2024-06-18 22:49:00 - INFO - Epoch 1/1200, Loss: 1.4457584224318891
2024-06-18 22:49:04 - INFO - Epoch 2/1200, Loss: 1.3681340810173488
2024-06-18 22:49:08 - INFO - Epoch 3/1200, Loss: 1.3940305432997138
2024-06-18 22:49:12 - INFO - Epoch 4/1200, Loss: 1.3328543674140685
2024-06-18 22:49:15 - INFO - Epoch 5/1200, Loss: 1.3033806233039678
2024-06-18 22:49:19 - INFO - Epoch 6/1200, Loss: 1.309031998033953
2024-06-18 22:49:23 - INFO - Epoch 7/1200, Loss: 1.3159358159704355
2024-06-18 22:49:27 - INFO - Epoch 8/1200, Loss: 1.4799749485669385
2024-06-18 22:49:31 - INFO - Epoch 9/1200, Loss: 1.2876990609730226
2024-06-18 22:49:35 - INFO - Epoch 10/1200, Loss: 1.2997244188422379
2024-06-18 22:49:39 - INFO - Epoch 11/1200, Loss: 1.296225361426616
2024-06-18 22:49:42 - INFO - Epoch 12/1200, Loss: 1.2826386734636148
2024-06-18 22:49:46 - INFO - Epoch 13/1200, Loss: 1.2913468973975641
2024-06-18 22:49:50 - INFO - Epoch 14/1200, Loss: 1.2766088397190483
2024-06-18 22:49:54 - INFO - Epoch 15/1200, Loss: 1.3261417301441565
2024-06-18 22:49:58 - INFO - Epoch 16/1200, Loss: 1.3004258309692671
2024-06-18 22:50:01 - INFO - Epoch 17/1200, Loss: 1.2864436498774603
2024-06-18 22:50:05 - INFO - Epoch 18/1200, Loss: 1.2922953716942673
2024-06-18 22:50:09 - INFO - Epoch 19/1200, Loss: 1.3147830967789431
2024-06-18 22:50:13 - INFO - Epoch 20/1200, Loss: 1.2811012385956875
2024-06-18 22:50:17 - INFO - Epoch 21/1200, Loss: 1.2996479493772746
2024-06-18 22:50:20 - INFO - Epoch 22/1200, Loss: 1.2825189525986995
2024-06-18 22:50:24 - INFO - Epoch 23/1200, Loss: 1.2985642605156367
2024-06-18 22:50:28 - INFO - Epoch 24/1200, Loss: 1.311128104901716
2024-06-18 22:50:32 - INFO - Epoch 25/1200, Loss: 1.3360184015148504
2024-06-18 22:50:36 - INFO - Epoch 26/1200, Loss: 1.3035920139348296
2024-06-18 22:50:39 - INFO - Epoch 27/1200, Loss: 1.2935938060003827
2024-06-18 22:50:43 - INFO - Epoch 28/1200, Loss: 1.3068001585647728
2024-06-18 22:50:47 - INFO - Epoch 29/1200, Loss: 1.2937126526943183
2024-06-18 22:50:51 - INFO - Epoch 30/1200, Loss: 1.3176019445753648
2024-06-18 22:50:55 - INFO - Epoch 31/1200, Loss: 1.2921693391981237
2024-06-18 22:50:58 - INFO - Epoch 32/1200, Loss: 1.2850239538516934
2024-06-18 22:51:02 - INFO - Epoch 33/1200, Loss: 1.279584807969035
2024-06-18 22:51:06 - INFO - Epoch 34/1200, Loss: 1.284002819542483
2024-06-18 22:51:10 - INFO - Epoch 35/1200, Loss: 1.2816086913819749
2024-06-18 22:51:14 - INFO - Epoch 36/1200, Loss: 1.3028639732131742
2024-06-18 22:51:18 - INFO - Epoch 37/1200, Loss: 1.3382851418959891
2024-06-18 22:51:22 - INFO - Epoch 38/1200, Loss: 1.2778531168647898
2024-06-18 22:51:26 - INFO - Epoch 39/1200, Loss: 1.272969970478482
2024-06-18 22:51:30 - INFO - Epoch 40/1200, Loss: 1.3334967947480558
2024-06-18 22:51:33 - INFO - Epoch 41/1200, Loss: 1.2849087626876534
2024-06-18 22:51:37 - INFO - Epoch 42/1200, Loss: 1.2946409895425284
2024-06-18 22:51:41 - INFO - Epoch 43/1200, Loss: 1.3055557617276514
2024-06-18 22:51:45 - INFO - Epoch 44/1200, Loss: 1.2979121169845347
2024-06-18 22:51:48 - INFO - Epoch 45/1200, Loss: 1.2950997490245184
2024-06-18 22:51:52 - INFO - Epoch 46/1200, Loss: 1.2873395335938604
2024-06-18 22:51:56 - INFO - Epoch 47/1200, Loss: 1.2781736508343602
2024-06-18 22:52:00 - INFO - Epoch 48/1200, Loss: 1.3024452134488222
2024-06-18 22:52:04 - INFO - Epoch 49/1200, Loss: 1.3010802965020556
2024-06-18 22:52:08 - INFO - Epoch 50/1200, Loss: 1.2788337201568554
2024-06-18 22:52:12 - INFO - Epoch 51/1200, Loss: 1.316841249817702
2024-06-18 22:52:15 - INFO - Epoch 52/1200, Loss: 1.2957366499027292
2024-06-18 22:52:19 - INFO - Epoch 53/1200, Loss: 1.295381463355878
2024-06-18 22:52:23 - INFO - Epoch 54/1200, Loss: 1.3281678631344151
2024-06-18 22:52:27 - INFO - Epoch 55/1200, Loss: 1.3109871407175355
2024-06-18 22:52:31 - INFO - Epoch 56/1200, Loss: 1.2747936180039872
2024-06-18 22:52:35 - INFO - Epoch 57/1200, Loss: 1.284709561044566
2024-06-18 22:52:38 - INFO - Epoch 58/1200, Loss: 1.2845927837176152
2024-06-18 22:52:42 - INFO - Epoch 59/1200, Loss: 1.2687618277126436
2024-06-18 22:52:46 - INFO - Epoch 60/1200, Loss: 1.2787941664004323
2024-06-18 22:52:50 - INFO - Epoch 61/1200, Loss: 1.2720447952143457
2024-06-18 22:52:54 - INFO - Epoch 62/1200, Loss: 1.3421105346281603
2024-06-18 22:52:58 - INFO - Epoch 63/1200, Loss: 1.3195717008200416
2024-06-18 22:53:01 - INFO - Epoch 64/1200, Loss: 1.2728764792784861
2024-06-18 22:53:05 - INFO - Epoch 65/1200, Loss: 1.276614727709287
2024-06-18 22:53:09 - INFO - Epoch 66/1200, Loss: 1.3246577864261107
2024-06-18 22:53:13 - INFO - Epoch 67/1200, Loss: 1.315726660991687
2024-06-18 22:53:16 - INFO - Epoch 68/1200, Loss: 1.315386995629542
2024-06-18 22:53:20 - INFO - Epoch 69/1200, Loss: 1.292630161827026
2024-06-18 22:53:24 - INFO - Epoch 70/1200, Loss: 1.27391449377659
2024-06-18 22:53:28 - INFO - Epoch 71/1200, Loss: 1.2971317579416763
2024-06-18 22:53:32 - INFO - Epoch 72/1200, Loss: 1.2698617257350648
2024-06-18 22:53:36 - INFO - Epoch 73/1200, Loss: 1.293072613086992
2024-06-18 22:53:39 - INFO - Epoch 74/1200, Loss: 1.348884177829677
2024-06-18 22:53:43 - INFO - Epoch 75/1200, Loss: 1.2840600561542623
2024-06-18 22:53:47 - INFO - Epoch 76/1200, Loss: 1.292408156138952
2024-06-18 22:53:51 - INFO - Epoch 77/1200, Loss: 1.2970466306700188
2024-06-18 22:53:55 - INFO - Epoch 78/1200, Loss: 1.329242814292592
2024-06-18 22:53:59 - INFO - Epoch 79/1200, Loss: 1.2925251239358932
2024-06-18 22:54:03 - INFO - Epoch 80/1200, Loss: 1.279775386973083
2024-06-18 22:54:07 - INFO - Epoch 81/1200, Loss: 1.2841849830123673
2024-06-18 22:54:10 - INFO - Epoch 82/1200, Loss: 1.2781481293185022
2024-06-18 22:54:14 - INFO - Epoch 83/1200, Loss: 1.2692925222514149
2024-06-18 22:54:18 - INFO - Epoch 84/1200, Loss: 1.2780248692348979
2024-06-18 22:54:22 - INFO - Epoch 85/1200, Loss: 1.2808858996980754
2024-06-18 22:54:26 - INFO - Epoch 86/1200, Loss: 1.307446126109336
2024-06-18 22:54:30 - INFO - Epoch 87/1200, Loss: 1.284037623130388
2024-06-18 22:54:34 - INFO - Epoch 88/1200, Loss: 1.270233126008704
2024-06-18 22:54:37 - INFO - Epoch 89/1200, Loss: 1.2971292226067292
2024-06-18 22:54:42 - INFO - Epoch 90/1200, Loss: 1.2591156782323953
2024-06-18 22:54:46 - INFO - Epoch 91/1200, Loss: 1.304385465729582
2024-06-18 22:54:49 - INFO - Epoch 92/1200, Loss: 1.2862922380654676
2024-06-18 22:54:53 - INFO - Epoch 93/1200, Loss: 1.2788238499845381
2024-06-18 22:54:57 - INFO - Epoch 94/1200, Loss: 1.3188421723289936
2024-06-18 22:55:01 - INFO - Epoch 95/1200, Loss: 1.2867714284947298
2024-06-18 22:55:04 - INFO - Epoch 96/1200, Loss: 1.2837513799376552
2024-06-18 22:55:08 - INFO - Epoch 97/1200, Loss: 1.2797714889240703
2024-06-18 22:55:12 - INFO - Epoch 98/1200, Loss: 1.2985620779654905
2024-06-18 22:55:16 - INFO - Epoch 99/1200, Loss: 1.316419617288455
2024-06-18 22:55:20 - INFO - Epoch 100/1200, Loss: 1.2775147292081246
2024-06-18 22:55:24 - INFO - Epoch 101/1200, Loss: 1.2991532268470087
2024-06-18 22:55:28 - INFO - Epoch 102/1200, Loss: 1.2857805650359344
2024-06-18 22:55:31 - INFO - Epoch 103/1200, Loss: 1.2718310399583674
2024-06-18 22:55:35 - INFO - Epoch 104/1200, Loss: 1.2888579660283634
2024-06-18 22:55:39 - INFO - Epoch 105/1200, Loss: 1.2991847128724694
2024-06-18 22:55:43 - INFO - Epoch 106/1200, Loss: 1.2531332295847388
2024-06-18 22:55:47 - INFO - Epoch 107/1200, Loss: 1.3053673790050109
2024-06-18 22:55:50 - INFO - Epoch 108/1200, Loss: 1.2711806270427097
2024-06-18 22:55:54 - INFO - Epoch 109/1200, Loss: 1.2816963676173267
2024-06-18 22:55:58 - INFO - Epoch 110/1200, Loss: 1.2763922196000224
2024-06-18 22:56:02 - INFO - Epoch 111/1200, Loss: 1.2844487845423895
2024-06-18 22:56:06 - INFO - Epoch 112/1200, Loss: 1.2908397576790422
2024-06-18 22:56:10 - INFO - Epoch 113/1200, Loss: 1.2715888524362466
2024-06-18 22:56:14 - INFO - Epoch 114/1200, Loss: 1.307972422560649
2024-06-18 22:56:18 - INFO - Epoch 115/1200, Loss: 1.2730349957269698
2024-06-18 22:56:22 - INFO - Epoch 116/1200, Loss: 1.304701916272574
2024-06-18 22:56:26 - INFO - Epoch 117/1200, Loss: 1.285808842437501
2024-06-18 22:56:30 - INFO - Epoch 118/1200, Loss: 1.2815476662387952
2024-06-18 22:56:33 - INFO - Epoch 119/1200, Loss: 1.2784382196082922
2024-06-18 22:56:37 - INFO - Epoch 120/1200, Loss: 1.285807084606121
2024-06-18 22:56:41 - INFO - Epoch 121/1200, Loss: 1.2685909216769573
2024-06-18 22:56:45 - INFO - Epoch 122/1200, Loss: 1.2853771315089542
2024-06-18 22:56:48 - INFO - Epoch 123/1200, Loss: 1.276575643558668
2024-06-18 22:56:52 - INFO - Epoch 124/1200, Loss: 1.2668317271393834
2024-06-18 22:56:56 - INFO - Epoch 125/1200, Loss: 1.2796165487653557
2024-06-18 22:57:00 - INFO - Epoch 126/1200, Loss: 1.2985517169366083
2024-06-18 22:57:04 - INFO - Epoch 127/1200, Loss: 1.2755589101269438
2024-06-18 22:57:07 - INFO - Epoch 128/1200, Loss: 1.3215249911437599
2024-06-18 22:57:11 - INFO - Epoch 129/1200, Loss: 1.2871358959610446
2024-06-18 22:57:15 - INFO - Epoch 130/1200, Loss: 1.2924490576313945
2024-06-18 22:57:19 - INFO - Epoch 131/1200, Loss: 1.317743940709808
2024-06-18 22:57:23 - INFO - Epoch 132/1200, Loss: 1.280328748011497
2024-06-18 22:57:26 - INFO - Epoch 133/1200, Loss: 1.2803691037722014
2024-06-18 22:57:30 - INFO - Epoch 134/1200, Loss: 1.286636298356548
2024-06-18 22:57:34 - INFO - Epoch 135/1200, Loss: 1.2574102109885916
2024-06-18 22:57:38 - INFO - Epoch 136/1200, Loss: 1.2711047313372161
2024-06-18 22:57:42 - INFO - Epoch 137/1200, Loss: 1.2814144447181968
2024-06-18 22:57:46 - INFO - Epoch 138/1200, Loss: 1.3095498474573084
2024-06-18 22:57:49 - INFO - Epoch 139/1200, Loss: 1.3039025497675907
2024-06-18 22:57:53 - INFO - Epoch 140/1200, Loss: 1.2645688446441499
2024-06-18 22:57:57 - INFO - Epoch 141/1200, Loss: 1.2636235721029399
2024-06-18 22:58:01 - INFO - Epoch 142/1200, Loss: 1.2698681073968328
2024-06-18 22:58:05 - INFO - Epoch 143/1200, Loss: 1.2986578586648676
2024-06-18 22:58:09 - INFO - Epoch 144/1200, Loss: 1.2763858422770669
2024-06-18 22:58:13 - INFO - Epoch 145/1200, Loss: 1.2793391645744312
2024-06-18 22:58:17 - INFO - Epoch 146/1200, Loss: 1.2855212833350191
2024-06-18 22:58:21 - INFO - Epoch 147/1200, Loss: 1.2971102667338057
2024-06-18 22:58:25 - INFO - Epoch 148/1200, Loss: 1.2991344364695827
2024-06-18 22:58:29 - INFO - Epoch 149/1200, Loss: 1.26999323937604
2024-06-18 22:58:33 - INFO - Epoch 150/1200, Loss: 1.2796821586868394
2024-06-18 22:58:37 - INFO - Epoch 151/1200, Loss: 1.2640161125562306
2024-06-18 22:58:40 - INFO - Epoch 152/1200, Loss: 1.270554075468059
2024-06-18 22:58:44 - INFO - Epoch 153/1200, Loss: 1.3036909111206743
2024-06-18 22:58:48 - INFO - Epoch 154/1200, Loss: 1.2828008312674317
2024-06-18 22:58:53 - INFO - Epoch 155/1200, Loss: 1.2676191654452684
2024-06-18 22:58:58 - INFO - Epoch 156/1200, Loss: 1.2839097375955753
2024-06-18 22:59:02 - INFO - Epoch 157/1200, Loss: 1.33029736262543
2024-06-18 22:59:06 - INFO - Epoch 158/1200, Loss: 1.2873858773480598
2024-06-18 22:59:12 - INFO - Epoch 159/1200, Loss: 1.2774122907145333
2024-06-18 22:59:17 - INFO - Epoch 160/1200, Loss: 1.259833555554477
2024-06-18 22:59:23 - INFO - Epoch 161/1200, Loss: 1.336024533403982
2024-06-18 22:59:28 - INFO - Epoch 162/1200, Loss: 1.2747445833686892
2024-06-18 22:59:34 - INFO - Epoch 163/1200, Loss: 1.2631112184672155
2024-06-18 22:59:40 - INFO - Epoch 164/1200, Loss: 1.3032503045320634
2024-06-18 22:59:43 - INFO - Epoch 165/1200, Loss: 1.3067125676594002
2024-06-18 22:59:47 - INFO - Epoch 166/1200, Loss: 1.2538260810684305
2024-06-18 22:59:52 - INFO - Epoch 167/1200, Loss: 1.3902327353466795
2024-06-18 22:59:58 - INFO - Epoch 168/1200, Loss: 1.2783736254344042
2024-06-18 23:00:04 - INFO - Epoch 169/1200, Loss: 1.334366897118561
2024-06-18 23:00:09 - INFO - Epoch 170/1200, Loss: 1.2658216775957025
2024-06-18 23:00:15 - INFO - Epoch 171/1200, Loss: 1.286578703662516
2024-06-18 23:00:20 - INFO - Epoch 172/1200, Loss: 1.2698937929674587
2024-06-18 23:00:26 - INFO - Epoch 173/1200, Loss: 1.2784766816130932
2024-06-18 23:00:32 - INFO - Epoch 174/1200, Loss: 1.2969131367601001
2024-06-18 23:00:37 - INFO - Epoch 175/1200, Loss: 1.2885115168414145
2024-06-18 23:00:43 - INFO - Epoch 176/1200, Loss: 1.2937762987517814
2024-06-18 23:00:49 - INFO - Epoch 177/1200, Loss: 1.279643871015858
2024-06-18 23:00:54 - INFO - Epoch 178/1200, Loss: 1.3040791608707314
2024-06-18 23:00:59 - INFO - Epoch 179/1200, Loss: 1.3093040960246103
2024-06-18 23:01:05 - INFO - Epoch 180/1200, Loss: 1.2797563793558027
2024-06-18 23:01:10 - INFO - Epoch 181/1200, Loss: 1.264502481991336
2024-06-18 23:01:16 - INFO - Epoch 182/1200, Loss: 1.2880369769874678
2024-06-18 23:01:21 - INFO - Epoch 183/1200, Loss: 1.296350651251601
2024-06-18 23:01:27 - INFO - Epoch 184/1200, Loss: 1.278689959051109
2024-06-18 23:01:33 - INFO - Epoch 185/1200, Loss: 1.2880410074727757
2024-06-18 23:01:38 - INFO - Epoch 186/1200, Loss: 1.3038359457260782
2024-06-18 23:01:44 - INFO - Epoch 187/1200, Loss: 1.2712470895048353
2024-06-18 23:01:49 - INFO - Epoch 188/1200, Loss: 1.2931620464582954
2024-06-18 23:01:55 - INFO - Epoch 189/1200, Loss: 1.353122351381595
2024-06-18 23:02:00 - INFO - Epoch 190/1200, Loss: 1.2908437073726686
2024-06-18 23:02:06 - INFO - Epoch 191/1200, Loss: 1.2957814719749783
2024-06-18 23:02:11 - INFO - Epoch 192/1200, Loss: 1.2827039974944803
2024-06-18 23:02:17 - INFO - Epoch 193/1200, Loss: 1.2815761202488718
2024-06-18 23:02:22 - INFO - Epoch 194/1200, Loss: 1.3090743167637637
2024-06-18 23:02:28 - INFO - Epoch 195/1200, Loss: 1.340411999526729
2024-06-18 23:02:33 - INFO - Epoch 196/1200, Loss: 1.3014706436662236
2024-06-18 23:02:39 - INFO - Epoch 197/1200, Loss: 1.270712046001943
2024-06-18 23:02:44 - INFO - Epoch 198/1200, Loss: 1.303266124440964
2024-06-18 23:02:50 - INFO - Epoch 199/1200, Loss: 1.2635321741250858
2024-06-18 23:02:55 - INFO - Epoch 200/1200, Loss: 1.2990785015126416
2024-06-18 23:03:01 - INFO - Epoch 201/1200, Loss: 1.2643305795803255
2024-06-18 23:03:06 - INFO - Epoch 202/1200, Loss: 1.304577083000937
2024-06-18 23:03:12 - INFO - Epoch 203/1200, Loss: 1.2664399907129367
2024-06-18 23:03:17 - INFO - Epoch 204/1200, Loss: 1.3098044693622386
2024-06-18 23:03:23 - INFO - Epoch 205/1200, Loss: 1.2974696120241445
2024-06-18 23:03:28 - INFO - Epoch 206/1200, Loss: 1.267390789945427
2024-06-18 23:03:33 - INFO - Epoch 207/1200, Loss: 1.2751772841421767
2024-06-18 23:03:39 - INFO - Epoch 208/1200, Loss: 1.2921648287836303
2024-06-18 23:03:45 - INFO - Epoch 209/1200, Loss: 1.3505712782705488
2024-06-18 23:03:49 - INFO - Epoch 210/1200, Loss: 1.2718440897211074
2024-06-18 23:03:53 - INFO - Epoch 211/1200, Loss: 1.2733218075978299
2024-06-18 23:03:57 - INFO - Epoch 212/1200, Loss: 1.2606760480106556
2024-06-18 23:04:01 - INFO - Epoch 213/1200, Loss: 1.2719178944625256
2024-06-18 23:04:04 - INFO - Epoch 214/1200, Loss: 1.2881943622582108
2024-06-18 23:04:08 - INFO - Epoch 215/1200, Loss: 1.288177241337259
2024-06-18 23:04:12 - INFO - Epoch 216/1200, Loss: 1.3073247641481538
2024-06-18 23:04:16 - INFO - Epoch 217/1200, Loss: 1.2784132821531202
2024-06-18 23:04:20 - INFO - Epoch 218/1200, Loss: 1.2658244119009445
2024-06-18 23:04:24 - INFO - Epoch 219/1200, Loss: 1.348214212313072
2024-06-18 23:04:28 - INFO - Epoch 220/1200, Loss: 1.2752073628158909
2024-06-18 23:04:32 - INFO - Epoch 221/1200, Loss: 1.2840794898396073
2024-06-18 23:04:35 - INFO - Epoch 222/1200, Loss: 1.2566398123077218
2024-06-18 23:04:39 - INFO - Epoch 223/1200, Loss: 1.3084097844461724
2024-06-18 23:04:43 - INFO - Epoch 224/1200, Loss: 1.290495435950957
2024-06-18 23:04:46 - INFO - Epoch 225/1200, Loss: 1.316978999889363
2024-06-18 23:04:50 - INFO - Epoch 226/1200, Loss: 1.2788305385992826
2024-06-18 23:04:54 - INFO - Epoch 227/1200, Loss: 1.3279837254549631
2024-06-18 23:04:58 - INFO - Epoch 228/1200, Loss: 1.2963826352347614
2024-06-18 23:05:02 - INFO - Epoch 229/1200, Loss: 1.2702715459442016
2024-06-18 23:05:05 - INFO - Epoch 230/1200, Loss: 1.340469345329186
2024-06-18 23:05:09 - INFO - Epoch 231/1200, Loss: 1.2815932763402489
2024-06-18 23:05:13 - INFO - Epoch 232/1200, Loss: 1.2791552067312775
2024-06-18 23:05:17 - INFO - Epoch 233/1200, Loss: 1.268602252632694
2024-06-18 23:05:21 - INFO - Epoch 234/1200, Loss: 1.2884864615594993
2024-06-18 23:05:24 - INFO - Epoch 235/1200, Loss: 1.266409621313848
2024-06-18 23:05:28 - INFO - Epoch 236/1200, Loss: 1.318181635196065
2024-06-18 23:05:32 - INFO - Epoch 237/1200, Loss: 1.2722495500830733
2024-06-18 23:05:36 - INFO - Epoch 238/1200, Loss: 1.295064935262846
2024-06-18 23:05:40 - INFO - Epoch 239/1200, Loss: 1.2603980833941166
2024-06-18 23:05:43 - INFO - Epoch 240/1200, Loss: 1.293397164902239
2024-06-18 23:05:47 - INFO - Epoch 241/1200, Loss: 1.2937571442493505
2024-06-18 23:05:51 - INFO - Epoch 242/1200, Loss: 1.2830922694262314
2024-06-18 23:05:55 - INFO - Epoch 243/1200, Loss: 1.2669223733057577
2024-06-18 23:05:59 - INFO - Epoch 244/1200, Loss: 1.2723585279318255
2024-06-18 23:06:02 - INFO - Epoch 245/1200, Loss: 1.2829177316714768
2024-06-18 23:06:06 - INFO - Epoch 246/1200, Loss: 1.2820637134729234
2024-06-18 23:06:10 - INFO - Epoch 247/1200, Loss: 1.2715636048086216
2024-06-18 23:06:14 - INFO - Epoch 248/1200, Loss: 1.2939212711342918
2024-06-18 23:06:18 - INFO - Epoch 249/1200, Loss: 1.2708590961492294
2024-06-18 23:06:21 - INFO - Epoch 250/1200, Loss: 1.2757629801947408
2024-06-18 23:06:25 - INFO - Epoch 251/1200, Loss: 1.3225015698962979
2024-06-18 23:06:29 - INFO - Epoch 252/1200, Loss: 1.306501074886353
2024-06-18 23:06:33 - INFO - Epoch 253/1200, Loss: 1.2866865357627641
2024-06-18 23:06:36 - INFO - Epoch 254/1200, Loss: 1.2780472042891613
2024-06-18 23:06:40 - INFO - Epoch 255/1200, Loss: 1.3333057473018701
2024-06-18 23:06:44 - INFO - Epoch 256/1200, Loss: 1.2768089909248315
2024-06-18 23:06:48 - INFO - Epoch 257/1200, Loss: 1.294338184210267
2024-06-18 23:06:51 - INFO - Epoch 258/1200, Loss: 1.279750469325172
2024-06-18 23:06:55 - INFO - Epoch 259/1200, Loss: 1.268047826789842
2024-06-18 23:06:59 - INFO - Epoch 260/1200, Loss: 1.3631790938949462
2024-06-18 23:07:03 - INFO - Epoch 261/1200, Loss: 1.2877024855622796
2024-06-18 23:07:06 - INFO - Epoch 262/1200, Loss: 1.2623338014273908
2024-06-18 23:07:10 - INFO - Epoch 263/1200, Loss: 1.272733651676842
2024-06-18 23:07:14 - INFO - Epoch 264/1200, Loss: 1.288076279098306
2024-06-18 23:07:18 - INFO - Epoch 265/1200, Loss: 1.2645009930194884
2024-06-18 23:07:22 - INFO - Epoch 266/1200, Loss: 1.2589852430717066
2024-06-18 23:07:26 - INFO - Epoch 267/1200, Loss: 1.2766724936174048
2024-06-18 23:07:29 - INFO - Epoch 268/1200, Loss: 1.2606442308556678
2024-06-18 23:07:33 - INFO - Epoch 269/1200, Loss: 1.2932798201384053
2024-06-18 23:07:37 - INFO - Epoch 270/1200, Loss: 1.2788074022223137
2024-06-18 23:07:41 - INFO - Epoch 271/1200, Loss: 1.287409596965607
2024-06-18 23:07:44 - INFO - Epoch 272/1200, Loss: 1.2848744268436865
2024-06-18 23:07:48 - INFO - Epoch 273/1200, Loss: 1.2829188253182122
2024-06-18 23:07:52 - INFO - Epoch 274/1200, Loss: 1.2667695693555683
2024-06-18 23:07:56 - INFO - Epoch 275/1200, Loss: 1.2987084458386644
2024-06-18 23:07:59 - INFO - Epoch 276/1200, Loss: 1.3031463657846036
2024-06-18 23:08:03 - INFO - Epoch 277/1200, Loss: 1.263390698315669
2024-06-18 23:08:07 - INFO - Epoch 278/1200, Loss: 1.2829037116410946
2024-06-18 23:08:11 - INFO - Epoch 279/1200, Loss: 1.3010032938230776
2024-06-18 23:08:15 - INFO - Epoch 280/1200, Loss: 1.2989764776554797
2024-06-18 23:08:19 - INFO - Epoch 281/1200, Loss: 1.4245389269490247
2024-06-18 23:08:22 - INFO - Epoch 282/1200, Loss: 1.272124701622822
2024-06-18 23:08:26 - INFO - Epoch 283/1200, Loss: 1.272350222048265
2024-06-18 23:08:30 - INFO - Epoch 284/1200, Loss: 1.2701956774407903
2024-06-18 23:08:34 - INFO - Epoch 285/1200, Loss: 1.2878513309999151
2024-06-18 23:08:38 - INFO - Epoch 286/1200, Loss: 1.2639604865692873
2024-06-18 23:08:41 - INFO - Epoch 287/1200, Loss: 1.2647591176039892
2024-06-18 23:08:45 - INFO - Epoch 288/1200, Loss: 1.2845690371972138
2024-06-18 23:08:49 - INFO - Epoch 289/1200, Loss: 1.3170457957806416
2024-06-18 23:08:53 - INFO - Epoch 290/1200, Loss: 1.2782521036519823
2024-06-18 23:08:56 - INFO - Epoch 291/1200, Loss: 1.2810508056990921
2024-06-18 23:09:00 - INFO - Epoch 292/1200, Loss: 1.2942025872092087
2024-06-18 23:09:04 - INFO - Epoch 293/1200, Loss: 1.2890576199885
2024-06-18 23:09:07 - INFO - Epoch 294/1200, Loss: 1.2798290456160892
2024-06-18 23:09:11 - INFO - Epoch 295/1200, Loss: 1.3204842612139711
2024-06-18 23:09:15 - INFO - Epoch 296/1200, Loss: 1.2743381198627404
2024-06-18 23:09:19 - INFO - Epoch 297/1200, Loss: 1.3238169269205353
2024-06-18 23:09:23 - INFO - Epoch 298/1200, Loss: 1.2866861504313283
2024-06-18 23:09:26 - INFO - Epoch 299/1200, Loss: 1.2801967474593392
2024-06-18 23:09:30 - INFO - Epoch 300/1200, Loss: 1.2697936236589615
2024-06-18 23:09:34 - INFO - Epoch 301/1200, Loss: 1.2930317240901081
2024-06-18 23:09:38 - INFO - Epoch 302/1200, Loss: 1.2709702134259835
2024-06-18 23:09:42 - INFO - Epoch 303/1200, Loss: 1.3027984185436694
2024-06-18 23:09:45 - INFO - Epoch 304/1200, Loss: 1.3262961101804613
2024-06-18 23:09:49 - INFO - Epoch 305/1200, Loss: 1.2856684994155634
2024-06-18 23:09:53 - INFO - Epoch 306/1200, Loss: 1.2661438413906012
2024-06-18 23:09:57 - INFO - Epoch 307/1200, Loss: 1.2932081567644325
2024-06-18 23:10:00 - INFO - Epoch 308/1200, Loss: 1.2672881308844504
2024-06-18 23:10:04 - INFO - Epoch 309/1200, Loss: 1.270865722369301
2024-06-18 23:10:08 - INFO - Epoch 310/1200, Loss: 1.2654855299964585
2024-06-18 23:10:12 - INFO - Epoch 311/1200, Loss: 1.3017235983034803
2024-06-18 23:10:15 - INFO - Epoch 312/1200, Loss: 1.2613174836960197
2024-06-18 23:10:19 - INFO - Epoch 313/1200, Loss: 1.2697515583756478
2024-06-18 23:10:23 - INFO - Epoch 314/1200, Loss: 1.2822922691886398
2024-06-18 23:10:27 - INFO - Epoch 315/1200, Loss: 1.2833822661794247
2024-06-18 23:10:30 - INFO - Epoch 316/1200, Loss: 1.3391884396178495
2024-06-18 23:10:34 - INFO - Epoch 317/1200, Loss: 1.2877950748295452
2024-06-18 23:10:38 - INFO - Epoch 318/1200, Loss: 1.2734301099660634
2024-06-18 23:10:42 - INFO - Epoch 319/1200, Loss: 1.2719587152851946
2024-06-18 23:10:45 - INFO - Epoch 320/1200, Loss: 1.289262598724438
2024-06-18 23:10:49 - INFO - Epoch 321/1200, Loss: 1.263699428720332
2024-06-18 23:10:53 - INFO - Epoch 322/1200, Loss: 1.2790333871389707
2024-06-18 23:10:57 - INFO - Epoch 323/1200, Loss: 1.3408273889037325
2024-06-18 23:11:00 - INFO - Epoch 324/1200, Loss: 1.2764573401500008
2024-06-18 23:11:04 - INFO - Epoch 325/1200, Loss: 1.3082328974460893
2024-06-18 23:11:08 - INFO - Epoch 326/1200, Loss: 1.281743046740123
2024-06-18 23:11:12 - INFO - Epoch 327/1200, Loss: 1.3045897000460913
2024-06-18 23:11:15 - INFO - Epoch 328/1200, Loss: 1.2757356116441771
2024-06-18 23:11:19 - INFO - Epoch 329/1200, Loss: 1.3225878333134427
2024-06-18 23:11:23 - INFO - Epoch 330/1200, Loss: 1.279779705039096
2024-06-18 23:11:27 - INFO - Epoch 331/1200, Loss: 1.2693869217787639
2024-06-18 23:11:31 - INFO - Epoch 332/1200, Loss: 1.2609281899489846
2024-06-18 23:11:34 - INFO - Epoch 333/1200, Loss: 1.269549535939214
2024-06-18 23:11:38 - INFO - Epoch 334/1200, Loss: 1.288625525856364
2024-06-18 23:11:42 - INFO - Epoch 335/1200, Loss: 1.2597682846061844
2024-06-18 23:11:46 - INFO - Epoch 336/1200, Loss: 1.2777592231221806
2024-06-18 23:11:50 - INFO - Epoch 337/1200, Loss: 1.2783782316684966
2024-06-18 23:11:53 - INFO - Epoch 338/1200, Loss: 1.2801956053320536
2024-06-18 23:11:57 - INFO - Epoch 339/1200, Loss: 1.2762314821034357
2024-06-18 23:12:01 - INFO - Epoch 340/1200, Loss: 1.269035674372195
2024-06-18 23:12:05 - INFO - Epoch 341/1200, Loss: 1.2803020715292364
2024-06-18 23:12:08 - INFO - Epoch 342/1200, Loss: 1.3156814910996129
2024-06-18 23:12:12 - INFO - Epoch 343/1200, Loss: 1.291079268863121
2024-06-18 23:12:16 - INFO - Epoch 344/1200, Loss: 1.2916986445128733
2024-06-18 23:12:20 - INFO - Epoch 345/1200, Loss: 1.26332385857634
2024-06-18 23:12:23 - INFO - Epoch 346/1200, Loss: 1.274632192825011
2024-06-18 23:12:27 - INFO - Epoch 347/1200, Loss: 1.2689338488563946
2024-06-18 23:12:31 - INFO - Epoch 348/1200, Loss: 1.2906474031364934
2024-06-18 23:12:35 - INFO - Epoch 349/1200, Loss: 1.3328297053765192
2024-06-18 23:12:38 - INFO - Epoch 350/1200, Loss: 1.3150599193956454
2024-06-18 23:12:42 - INFO - Epoch 351/1200, Loss: 1.2883623669111253
2024-06-18 23:12:46 - INFO - Epoch 352/1200, Loss: 1.2983862787411702
2024-06-18 23:12:50 - INFO - Epoch 353/1200, Loss: 1.265930021357205
2024-06-18 23:12:54 - INFO - Epoch 354/1200, Loss: 1.2945705245895787
2024-06-18 23:12:57 - INFO - Epoch 355/1200, Loss: 1.2767816193875245
2024-06-18 23:13:01 - INFO - Epoch 356/1200, Loss: 1.2535726583325946
2024-06-18 23:13:05 - INFO - Epoch 357/1200, Loss: 1.2875574153043599
2024-06-18 23:13:09 - INFO - Epoch 358/1200, Loss: 1.2733238968829013
2024-06-18 23:13:13 - INFO - Epoch 359/1200, Loss: 1.3208934970410284
2024-06-18 23:13:16 - INFO - Epoch 360/1200, Loss: 1.2858210076837147
2024-06-18 23:13:20 - INFO - Epoch 361/1200, Loss: 1.267574672236168
2024-06-18 23:13:24 - INFO - Epoch 362/1200, Loss: 1.2783814770559307
2024-06-18 23:13:28 - INFO - Epoch 363/1200, Loss: 1.2667421662136418
2024-06-18 23:13:32 - INFO - Epoch 364/1200, Loss: 1.28290795299657
2024-06-18 23:13:35 - INFO - Epoch 365/1200, Loss: 1.299035645288187
2024-06-18 23:13:39 - INFO - Epoch 366/1200, Loss: 1.2998760599297183
2024-06-18 23:13:43 - INFO - Epoch 367/1200, Loss: 1.2713607985044753
2024-06-18 23:13:47 - INFO - Epoch 368/1200, Loss: 1.3284615312101165
2024-06-18 23:13:51 - INFO - Epoch 369/1200, Loss: 1.2828554265287329
2024-06-18 23:13:54 - INFO - Epoch 370/1200, Loss: 1.3098469561947133
2024-06-18 23:13:58 - INFO - Epoch 371/1200, Loss: 1.2651292468382935
2024-06-18 23:14:02 - INFO - Epoch 372/1200, Loss: 1.258476116199216
2024-06-18 23:14:06 - INFO - Epoch 373/1200, Loss: 1.2632187651284585
2024-06-18 23:14:10 - INFO - Epoch 374/1200, Loss: 1.2756085464469293
2024-06-18 23:14:13 - INFO - Epoch 375/1200, Loss: 1.30533876956792
2024-06-18 23:14:17 - INFO - Epoch 376/1200, Loss: 1.304400617669152
2024-06-18 23:14:21 - INFO - Epoch 377/1200, Loss: 1.2645075648520185
2024-06-18 23:14:25 - INFO - Epoch 378/1200, Loss: 1.2687017568477785
2024-06-18 23:14:29 - INFO - Epoch 379/1200, Loss: 1.2843338865668172
2024-06-18 23:14:32 - INFO - Epoch 380/1200, Loss: 1.300112706134383
2024-06-18 23:14:36 - INFO - Epoch 381/1200, Loss: 1.3225677118182586
2024-06-18 23:14:40 - INFO - Epoch 382/1200, Loss: 1.2649327588869328
2024-06-18 23:14:44 - INFO - Epoch 383/1200, Loss: 1.3176934904607331
2024-06-18 23:14:48 - INFO - Epoch 384/1200, Loss: 1.2864091041884607
2024-06-18 23:14:51 - INFO - Epoch 385/1200, Loss: 1.2674727120481708
2024-06-18 23:14:55 - INFO - Epoch 386/1200, Loss: 1.2623500615068821
2024-06-18 23:14:59 - INFO - Epoch 387/1200, Loss: 1.2931253768429898
2024-06-18 23:15:03 - INFO - Epoch 388/1200, Loss: 1.2852438347157766
2024-06-18 23:15:06 - INFO - Epoch 389/1200, Loss: 1.319616799645359
2024-06-18 23:15:10 - INFO - Epoch 390/1200, Loss: 1.2881725663692833
2024-06-18 23:15:14 - INFO - Epoch 391/1200, Loss: 1.2870619913826082
2024-06-18 23:15:18 - INFO - Epoch 392/1200, Loss: 1.264722901491564
2024-06-18 23:15:21 - INFO - Epoch 393/1200, Loss: 1.2606071571378823
2024-06-18 23:15:25 - INFO - Epoch 394/1200, Loss: 1.330872509439958
2024-06-18 23:15:29 - INFO - Epoch 395/1200, Loss: 1.28806225878809
2024-06-18 23:15:33 - INFO - Epoch 396/1200, Loss: 1.2818320396582308
2024-06-18 23:15:36 - INFO - Epoch 397/1200, Loss: 1.297780198625999
2024-06-18 23:15:40 - INFO - Epoch 398/1200, Loss: 1.3381895524257563
2024-06-18 23:15:44 - INFO - Epoch 399/1200, Loss: 1.2758916606853425
2024-06-18 23:15:48 - INFO - Epoch 400/1200, Loss: 1.3601762191169748
2024-06-18 23:15:52 - INFO - Epoch 401/1200, Loss: 1.3814869565688455
2024-06-18 23:15:55 - INFO - Epoch 402/1200, Loss: 1.2908960541704457
2024-06-18 23:15:59 - INFO - Epoch 403/1200, Loss: 1.2906147419134621
2024-06-18 23:16:03 - INFO - Epoch 404/1200, Loss: 1.2786114576088636
2024-06-18 23:16:07 - INFO - Epoch 405/1200, Loss: 1.27988584980397
2024-06-18 23:16:10 - INFO - Epoch 406/1200, Loss: 1.3214604838237
2024-06-18 23:16:14 - INFO - Epoch 407/1200, Loss: 1.2910069722109236
2024-06-18 23:16:18 - INFO - Epoch 408/1200, Loss: 1.3016686406211142
2024-06-18 23:16:22 - INFO - Epoch 409/1200, Loss: 1.2834064459438321
2024-06-18 23:16:25 - INFO - Epoch 410/1200, Loss: 1.3105875808192016
2024-06-18 23:16:29 - INFO - Epoch 411/1200, Loss: 1.2771728368825739
2024-06-18 23:16:33 - INFO - Epoch 412/1200, Loss: 1.2864029294736425
2024-06-18 23:16:37 - INFO - Epoch 413/1200, Loss: 1.2795441052529435
2024-06-18 23:16:40 - INFO - Epoch 414/1200, Loss: 1.3405938818770262
2024-06-18 23:16:44 - INFO - Epoch 415/1200, Loss: 1.270931630471935
2024-06-18 23:16:48 - INFO - Epoch 416/1200, Loss: 1.2660956767149196
2024-06-18 23:16:52 - INFO - Epoch 417/1200, Loss: 1.2828701471055572
2024-06-18 23:16:56 - INFO - Epoch 418/1200, Loss: 1.2740786898636516
2024-06-18 23:16:59 - INFO - Epoch 419/1200, Loss: 1.2737626339087829
2024-06-18 23:17:03 - INFO - Epoch 420/1200, Loss: 1.2912131420146227
2024-06-18 23:17:07 - INFO - Epoch 421/1200, Loss: 1.2732604223165875
2024-06-18 23:17:11 - INFO - Epoch 422/1200, Loss: 1.2749803387093055
2024-06-18 23:17:14 - INFO - Epoch 423/1200, Loss: 1.2800387865949674
2024-06-18 23:17:18 - INFO - Epoch 424/1200, Loss: 1.281244924193351
2024-06-18 23:17:22 - INFO - Epoch 425/1200, Loss: 1.2667368336745244
2024-06-18 23:17:26 - INFO - Epoch 426/1200, Loss: 1.286566285316135
2024-06-18 23:17:30 - INFO - Epoch 427/1200, Loss: 1.2774582500987066
2024-06-18 23:17:33 - INFO - Epoch 428/1200, Loss: 1.265948553007306
2024-06-18 23:17:37 - INFO - Epoch 429/1200, Loss: 1.2700742897071726
2024-06-18 23:17:41 - INFO - Epoch 430/1200, Loss: 1.2786388783609386
2024-06-18 23:17:45 - INFO - Epoch 431/1200, Loss: 1.3352190756439826
2024-06-18 23:17:49 - INFO - Epoch 432/1200, Loss: 1.2846086411242736
2024-06-18 23:17:52 - INFO - Epoch 433/1200, Loss: 1.2629229451347384
2024-06-18 23:17:56 - INFO - Epoch 434/1200, Loss: 1.2881684198609147
2024-06-18 23:18:00 - INFO - Epoch 435/1200, Loss: 1.2805446877459827
2024-06-18 23:18:04 - INFO - Epoch 436/1200, Loss: 1.3082456999630108
2024-06-18 23:18:08 - INFO - Epoch 437/1200, Loss: 1.3249060226906428
2024-06-18 23:18:11 - INFO - Epoch 438/1200, Loss: 1.277877694331513
2024-06-18 23:18:15 - INFO - Epoch 439/1200, Loss: 1.2624066236799012
2024-06-18 23:18:19 - INFO - Epoch 440/1200, Loss: 1.2839260463329372
2024-06-18 23:18:23 - INFO - Epoch 441/1200, Loss: 1.3099900552076436
2024-06-18 23:18:27 - INFO - Epoch 442/1200, Loss: 1.3210385010974242
2024-06-18 23:18:31 - INFO - Epoch 443/1200, Loss: 1.295036207469821
2024-06-18 23:18:34 - INFO - Epoch 444/1200, Loss: 1.2738193267393505
2024-06-18 23:18:38 - INFO - Epoch 445/1200, Loss: 1.2793410948860768
2024-06-18 23:18:42 - INFO - Epoch 446/1200, Loss: 1.2665507577427904
2024-06-18 23:18:46 - INFO - Epoch 447/1200, Loss: 1.2989613434950666
2024-06-18 23:18:50 - INFO - Epoch 448/1200, Loss: 1.3222791111708097
2024-06-18 23:18:53 - INFO - Epoch 449/1200, Loss: 1.2702455071066843
2024-06-18 23:18:57 - INFO - Epoch 450/1200, Loss: 1.2674598067185705
2024-06-18 23:19:01 - INFO - Epoch 451/1200, Loss: 1.2644880036011525
2024-06-18 23:19:05 - INFO - Epoch 452/1200, Loss: 1.2680553041874034
2024-06-18 23:19:09 - INFO - Epoch 453/1200, Loss: 1.2681113584035058
2024-06-18 23:19:12 - INFO - Epoch 454/1200, Loss: 1.2912340179755533
2024-06-18 23:19:16 - INFO - Epoch 455/1200, Loss: 1.2774480316410979
2024-06-18 23:19:20 - INFO - Epoch 456/1200, Loss: 1.2757477521818785
2024-06-18 23:19:24 - INFO - Epoch 457/1200, Loss: 1.270024221883139
2024-06-18 23:19:28 - INFO - Epoch 458/1200, Loss: 1.2689987773515798
2024-06-18 23:19:32 - INFO - Epoch 459/1200, Loss: 1.3124287498937637
2024-06-18 23:19:36 - INFO - Epoch 460/1200, Loss: 1.2621083605357617
2024-06-18 23:19:40 - INFO - Epoch 461/1200, Loss: 1.2825096469651824
2024-06-18 23:19:43 - INFO - Epoch 462/1200, Loss: 1.2699787538043736
2024-06-18 23:19:47 - INFO - Epoch 463/1200, Loss: 1.279329669640131
2024-06-18 23:19:51 - INFO - Epoch 464/1200, Loss: 1.2634283997704117
2024-06-18 23:19:55 - INFO - Epoch 465/1200, Loss: 1.2878678499397216
2024-06-18 23:19:58 - INFO - Epoch 466/1200, Loss: 1.3434375577329154
2024-06-18 23:20:02 - INFO - Epoch 467/1200, Loss: 1.2920204633638648
2024-06-18 23:20:06 - INFO - Epoch 468/1200, Loss: 1.2990595744376856
2024-06-18 23:20:10 - INFO - Epoch 469/1200, Loss: 1.2831495739185388
2024-06-18 23:20:13 - INFO - Epoch 470/1200, Loss: 1.295129419697471
2024-06-18 23:20:17 - INFO - Epoch 471/1200, Loss: 1.3005809765871015
2024-06-18 23:20:21 - INFO - Epoch 472/1200, Loss: 1.2674711128771348
2024-06-18 23:20:24 - INFO - Epoch 473/1200, Loss: 1.335150268078626
2024-06-18 23:20:28 - INFO - Epoch 474/1200, Loss: 1.297914361580254
2024-06-18 23:20:32 - INFO - Epoch 475/1200, Loss: 1.2798017028739794
2024-06-18 23:20:36 - INFO - Epoch 476/1200, Loss: 1.2831660617496692
2024-06-18 23:20:40 - INFO - Epoch 477/1200, Loss: 1.2902015728226368
2024-06-18 23:20:43 - INFO - Epoch 478/1200, Loss: 1.3017347943515163
2024-06-18 23:20:47 - INFO - Epoch 479/1200, Loss: 1.2775462786201452
2024-06-18 23:20:51 - INFO - Epoch 480/1200, Loss: 1.2775518790795504
2024-06-18 23:20:55 - INFO - Epoch 481/1200, Loss: 1.2681735391226272
2024-06-18 23:20:59 - INFO - Epoch 482/1200, Loss: 1.3044339259238344
2024-06-18 23:21:03 - INFO - Epoch 483/1200, Loss: 1.3533680911443835
2024-06-18 23:21:07 - INFO - Epoch 484/1200, Loss: 1.3077419990997392
2024-06-18 23:21:11 - INFO - Epoch 485/1200, Loss: 1.2945754503331601
2024-06-18 23:21:14 - INFO - Epoch 486/1200, Loss: 1.2475592986878972
2024-06-18 23:21:18 - INFO - Epoch 487/1200, Loss: 1.2770345493079573
2024-06-18 23:21:22 - INFO - Epoch 488/1200, Loss: 1.2634104424062003
2024-06-18 23:21:26 - INFO - Epoch 489/1200, Loss: 1.312133825643178
2024-06-18 23:21:30 - INFO - Epoch 490/1200, Loss: 1.2500382974069886
2024-06-18 23:21:34 - INFO - Epoch 491/1200, Loss: 1.3262225777978862
2024-06-18 23:21:37 - INFO - Epoch 492/1200, Loss: 1.280043270610862
2024-06-18 23:21:41 - INFO - Epoch 493/1200, Loss: 1.3061064141224337
2024-06-18 23:21:45 - INFO - Epoch 494/1200, Loss: 1.2740076011523749
2024-06-18 23:21:49 - INFO - Epoch 495/1200, Loss: 1.28129772896027
2024-06-18 23:21:53 - INFO - Epoch 496/1200, Loss: 1.2874582387555102
2024-06-18 23:21:56 - INFO - Epoch 497/1200, Loss: 1.265614893320841
2024-06-18 23:22:00 - INFO - Epoch 498/1200, Loss: 1.2885981284496493
2024-06-18 23:22:04 - INFO - Epoch 499/1200, Loss: 1.290257325898552
2024-06-18 23:22:08 - INFO - Epoch 500/1200, Loss: 1.2645009178688174
2024-06-18 23:22:12 - INFO - Epoch 501/1200, Loss: 1.289128525045545
2024-06-18 23:22:16 - INFO - Epoch 502/1200, Loss: 1.2837935867781909
2024-06-18 23:22:20 - INFO - Epoch 503/1200, Loss: 1.2564482433285136
2024-06-18 23:22:24 - INFO - Epoch 504/1200, Loss: 1.295568414386754
2024-06-18 23:22:28 - INFO - Epoch 505/1200, Loss: 1.4321548487137912
2024-06-18 23:22:31 - INFO - Epoch 506/1200, Loss: 1.2727809070914669
2024-06-18 23:22:35 - INFO - Epoch 507/1200, Loss: 1.3193046297925302
2024-06-18 23:22:39 - INFO - Epoch 508/1200, Loss: 1.2625324102601307
2024-06-18 23:22:43 - INFO - Epoch 509/1200, Loss: 1.2601973578359482
2024-06-18 23:22:47 - INFO - Epoch 510/1200, Loss: 1.2563074762749271
2024-06-18 23:22:50 - INFO - Epoch 511/1200, Loss: 1.2706775116365236
2024-06-18 23:22:54 - INFO - Epoch 512/1200, Loss: 1.2881133378602103
2024-06-18 23:22:58 - INFO - Epoch 513/1200, Loss: 1.3395806306443476
2024-06-18 23:23:02 - INFO - Epoch 514/1200, Loss: 1.262971773809432
2024-06-18 23:23:06 - INFO - Epoch 515/1200, Loss: 1.2719207531969312
2024-06-18 23:23:10 - INFO - Epoch 516/1200, Loss: 1.263272448419023
2024-06-18 23:23:14 - INFO - Epoch 517/1200, Loss: 1.2697436866005312
2024-06-18 23:23:18 - INFO - Epoch 518/1200, Loss: 1.2835607806691918
2024-06-18 23:23:22 - INFO - Epoch 519/1200, Loss: 1.2764714776580262
2024-06-18 23:23:26 - INFO - Epoch 520/1200, Loss: 1.2631555167733113
2024-06-18 23:23:30 - INFO - Epoch 521/1200, Loss: 1.2644170788227362
2024-06-18 23:23:34 - INFO - Epoch 522/1200, Loss: 1.2759964443154124
2024-06-18 23:23:38 - INFO - Epoch 523/1200, Loss: 1.284602129314754
2024-06-18 23:23:42 - INFO - Epoch 524/1200, Loss: 1.3066271070389381
2024-06-18 23:23:46 - INFO - Epoch 525/1200, Loss: 1.266919685436338
2024-06-18 23:23:49 - INFO - Epoch 526/1200, Loss: 1.2867862111947053
2024-06-18 23:23:53 - INFO - Epoch 527/1200, Loss: 1.278711417404804
2024-06-18 23:23:57 - INFO - Epoch 528/1200, Loss: 1.3130571041563557
2024-06-18 23:24:01 - INFO - Epoch 529/1200, Loss: 1.2607639690786039
2024-06-18 23:24:05 - INFO - Epoch 530/1200, Loss: 1.2874877843288055
2024-06-18 23:24:09 - INFO - Epoch 531/1200, Loss: 1.272513010282095
2024-06-18 23:24:13 - INFO - Epoch 532/1200, Loss: 1.265046375456844
2024-06-18 23:24:16 - INFO - Epoch 533/1200, Loss: 1.2695556880761372
2024-06-18 23:24:20 - INFO - Epoch 534/1200, Loss: 1.321277496223253
2024-06-18 23:24:24 - INFO - Epoch 535/1200, Loss: 1.273977607334862
2024-06-18 23:24:28 - INFO - Epoch 536/1200, Loss: 1.276849114711451
2024-06-18 23:24:32 - INFO - Epoch 537/1200, Loss: 1.3139983825435788
2024-06-18 23:24:36 - INFO - Epoch 538/1200, Loss: 1.2677657606600274
2024-06-18 23:24:40 - INFO - Epoch 539/1200, Loss: 1.2834202062633144
2024-06-18 23:24:43 - INFO - Epoch 540/1200, Loss: 1.2420232825956823
2024-06-18 23:24:47 - INFO - Epoch 541/1200, Loss: 1.2831916523595925
2024-06-18 23:24:51 - INFO - Epoch 542/1200, Loss: 1.3250842251128434
2024-06-18 23:24:55 - INFO - Epoch 543/1200, Loss: 1.2787347270295037
2024-06-18 23:24:59 - INFO - Epoch 544/1200, Loss: 1.2682869355005737
2024-06-18 23:25:02 - INFO - Epoch 545/1200, Loss: 1.312605305074432
2024-06-18 23:25:06 - INFO - Epoch 546/1200, Loss: 1.2758443576989356
2024-06-18 23:25:10 - INFO - Epoch 547/1200, Loss: 1.3272493772857366
2024-06-18 23:25:14 - INFO - Epoch 548/1200, Loss: 1.267803628241972
2024-06-18 23:25:17 - INFO - Epoch 549/1200, Loss: 1.2928927803906205
2024-06-18 23:25:21 - INFO - Epoch 550/1200, Loss: 1.2685496411451884
2024-06-18 23:25:25 - INFO - Epoch 551/1200, Loss: 1.3096319372249559
2024-06-18 23:25:29 - INFO - Epoch 552/1200, Loss: 1.2630386944623504
2024-06-18 23:25:32 - INFO - Epoch 553/1200, Loss: 1.4528398174612955
2024-06-18 23:25:36 - INFO - Epoch 554/1200, Loss: 1.2683328210251914
2024-06-18 23:25:40 - INFO - Epoch 555/1200, Loss: 1.2501281229282575
2024-06-18 23:25:44 - INFO - Epoch 556/1200, Loss: 1.2835275623381999
2024-06-18 23:25:48 - INFO - Epoch 557/1200, Loss: 1.258344178512739
2024-06-18 23:25:52 - INFO - Epoch 558/1200, Loss: 1.2633443793143122
2024-06-18 23:25:55 - INFO - Epoch 559/1200, Loss: 1.2713898385146813
2024-06-18 23:25:59 - INFO - Epoch 560/1200, Loss: 1.2963233495730544
2024-06-18 23:26:03 - INFO - Epoch 561/1200, Loss: 1.3039933982678096
2024-06-18 23:26:06 - INFO - Epoch 562/1200, Loss: 1.307903923871089
2024-06-18 23:26:10 - INFO - Epoch 563/1200, Loss: 1.2632580109511005
2024-06-18 23:26:14 - INFO - Epoch 564/1200, Loss: 1.2510893051524445
2024-06-18 23:26:18 - INFO - Epoch 565/1200, Loss: 1.2678734543920533
2024-06-18 23:26:21 - INFO - Epoch 566/1200, Loss: 1.289219916257511
2024-06-18 23:26:25 - INFO - Epoch 567/1200, Loss: 1.2739868587914058
2024-06-18 23:26:29 - INFO - Epoch 568/1200, Loss: 1.2735133816140503
2024-06-18 23:26:33 - INFO - Epoch 569/1200, Loss: 1.2930086031732757
2024-06-18 23:26:37 - INFO - Epoch 570/1200, Loss: 1.2750821815443378
2024-06-18 23:26:41 - INFO - Epoch 571/1200, Loss: 1.2718513011045771
2024-06-18 23:26:45 - INFO - Epoch 572/1200, Loss: 1.2620599083791177
2024-06-18 23:26:48 - INFO - Epoch 573/1200, Loss: 1.2723433444319656
2024-06-18 23:26:52 - INFO - Epoch 574/1200, Loss: 1.285315704319105
2024-06-18 23:26:56 - INFO - Epoch 575/1200, Loss: 1.2586739266405809
2024-06-18 23:27:00 - INFO - Epoch 576/1200, Loss: 1.2847776160669955
2024-06-18 23:27:04 - INFO - Epoch 577/1200, Loss: 1.2670041540479946
2024-06-18 23:27:07 - INFO - Epoch 578/1200, Loss: 1.2717642543350576
2024-06-18 23:27:11 - INFO - Epoch 579/1200, Loss: 1.2755363917897138
2024-06-18 23:27:15 - INFO - Epoch 580/1200, Loss: 1.2614796724201096
2024-06-18 23:27:19 - INFO - Epoch 581/1200, Loss: 1.2517027203709667
2024-06-18 23:27:22 - INFO - Epoch 582/1200, Loss: 1.2763180651492068
2024-06-18 23:27:26 - INFO - Epoch 583/1200, Loss: 1.3535859724669943
2024-06-18 23:27:30 - INFO - Epoch 584/1200, Loss: 1.2939758238608228
2024-06-18 23:27:33 - INFO - Epoch 585/1200, Loss: 1.3308557392812443
2024-06-18 23:27:37 - INFO - Epoch 586/1200, Loss: 1.277867848579562
2024-06-18 23:27:41 - INFO - Epoch 587/1200, Loss: 1.2523426016033241
2024-06-18 23:27:45 - INFO - Epoch 588/1200, Loss: 1.2657647356740747
2024-06-18 23:27:48 - INFO - Epoch 589/1200, Loss: 1.2542456078107114
2024-06-18 23:27:52 - INFO - Epoch 590/1200, Loss: 1.2976415276843256
2024-06-18 23:27:56 - INFO - Epoch 591/1200, Loss: 1.3069076708812393
2024-06-18 23:28:00 - INFO - Epoch 592/1200, Loss: 1.2622845551572306
2024-06-18 23:28:04 - INFO - Epoch 593/1200, Loss: 1.2856321798365902
2024-06-18 23:28:07 - INFO - Epoch 594/1200, Loss: 1.290670175330274
2024-06-18 23:28:11 - INFO - Epoch 595/1200, Loss: 1.2694752818176183
2024-06-18 23:28:15 - INFO - Epoch 596/1200, Loss: 1.2715311491499939
2024-06-18 23:28:19 - INFO - Epoch 597/1200, Loss: 1.2729881443649536
2024-06-18 23:28:23 - INFO - Epoch 598/1200, Loss: 1.290433861629371
2024-06-18 23:28:27 - INFO - Epoch 599/1200, Loss: 1.26513467165614
2024-06-18 23:28:31 - INFO - Epoch 600/1200, Loss: 1.2876704032299315
2024-06-18 23:28:35 - INFO - Epoch 601/1200, Loss: 1.2647841425391524
2024-06-18 23:28:38 - INFO - Epoch 602/1200, Loss: 1.2894229488891908
2024-06-18 23:28:42 - INFO - Epoch 603/1200, Loss: 1.26619866041937
2024-06-18 23:28:46 - INFO - Epoch 604/1200, Loss: 1.2702881448722054
2024-06-18 23:28:50 - INFO - Epoch 605/1200, Loss: 1.290239375411054
2024-06-18 23:28:54 - INFO - Epoch 606/1200, Loss: 1.2996977103868632
2024-06-18 23:28:57 - INFO - Epoch 607/1200, Loss: 1.283526657111186
2024-06-18 23:29:01 - INFO - Epoch 608/1200, Loss: 1.2623911470414448
2024-06-18 23:29:05 - INFO - Epoch 609/1200, Loss: 1.2605330757763864
2024-06-18 23:29:09 - INFO - Epoch 610/1200, Loss: 1.3157073164099249
2024-06-18 23:29:13 - INFO - Epoch 611/1200, Loss: 1.257772376329747
2024-06-18 23:29:17 - INFO - Epoch 612/1200, Loss: 1.2595119763300608
2024-06-18 23:29:20 - INFO - Epoch 613/1200, Loss: 1.260516510949343
2024-06-18 23:29:24 - INFO - Epoch 614/1200, Loss: 1.275537890070891
2024-06-18 23:29:28 - INFO - Epoch 615/1200, Loss: 1.267882101822724
2024-06-18 23:29:32 - INFO - Epoch 616/1200, Loss: 1.260362713128482
2024-06-18 23:29:36 - INFO - Epoch 617/1200, Loss: 1.296838840336468
2024-06-18 23:29:40 - INFO - Epoch 618/1200, Loss: 1.2710281480546166
2024-06-18 23:29:43 - INFO - Epoch 619/1200, Loss: 1.3021209115946148
2024-06-18 23:29:47 - INFO - Epoch 620/1200, Loss: 1.2837095692035505
2024-06-18 23:29:51 - INFO - Epoch 621/1200, Loss: 1.266218409995756
2024-06-18 23:29:55 - INFO - Epoch 622/1200, Loss: 1.2906917663640802
2024-06-18 23:30:00 - INFO - Epoch 623/1200, Loss: 1.2771406941116203
2024-06-18 23:30:06 - INFO - Epoch 624/1200, Loss: 1.2565840303008484
2024-06-18 23:30:11 - INFO - Epoch 625/1200, Loss: 1.267023087157391
2024-06-18 23:30:17 - INFO - Epoch 626/1200, Loss: 1.2591843893630719
2024-06-18 23:30:23 - INFO - Epoch 627/1200, Loss: 1.2720047398734635
2024-06-18 23:30:28 - INFO - Epoch 628/1200, Loss: 1.3042478745094388
2024-06-18 23:30:34 - INFO - Epoch 629/1200, Loss: 1.279725937332861
2024-06-18 23:30:39 - INFO - Epoch 630/1200, Loss: 1.3084400835404284
2024-06-18 23:30:45 - INFO - Epoch 631/1200, Loss: 1.3114530590684024
2024-06-18 23:30:50 - INFO - Epoch 632/1200, Loss: 1.2865221804113605
2024-06-18 23:30:56 - INFO - Epoch 633/1200, Loss: 1.2972330218084476
2024-06-18 23:31:02 - INFO - Epoch 634/1200, Loss: 1.261454074806024
2024-06-18 23:31:07 - INFO - Epoch 635/1200, Loss: 1.295683047110159
2024-06-18 23:31:13 - INFO - Epoch 636/1200, Loss: 1.2830594165917082
2024-06-18 23:31:19 - INFO - Epoch 637/1200, Loss: 1.274295906477968
2024-06-18 23:31:24 - INFO - Epoch 638/1200, Loss: 1.2631387241059686
2024-06-18 23:31:30 - INFO - Epoch 639/1200, Loss: 1.2699059747349615
2024-06-18 23:31:36 - INFO - Epoch 640/1200, Loss: 1.267306876920653
2024-06-18 23:31:41 - INFO - Epoch 641/1200, Loss: 1.2665930439204245
2024-06-18 23:31:47 - INFO - Epoch 642/1200, Loss: 1.254873742298319
2024-06-18 23:31:52 - INFO - Epoch 643/1200, Loss: 1.2762607156341004
2024-06-18 23:31:56 - INFO - Epoch 644/1200, Loss: 1.275936614052386
2024-06-18 23:31:59 - INFO - Epoch 645/1200, Loss: 1.2515640678595494
2024-06-18 23:32:03 - INFO - Epoch 646/1200, Loss: 1.3028945504167238
2024-06-18 23:32:07 - INFO - Epoch 647/1200, Loss: 1.3068322992854575
2024-06-18 23:32:11 - INFO - Epoch 648/1200, Loss: 1.2726690054926164
2024-06-18 23:32:15 - INFO - Epoch 649/1200, Loss: 1.2586144400081813
2024-06-18 23:32:19 - INFO - Epoch 650/1200, Loss: 1.2729918302609953
2024-06-18 23:32:23 - INFO - Epoch 651/1200, Loss: 1.2813954846726985
2024-06-18 23:32:27 - INFO - Epoch 652/1200, Loss: 1.2726847170863598
2024-06-18 23:32:30 - INFO - Epoch 653/1200, Loss: 1.2758152999539025
2024-06-18 23:32:34 - INFO - Epoch 654/1200, Loss: 1.2864984432224538
2024-06-18 23:32:38 - INFO - Epoch 655/1200, Loss: 1.328258176486717
2024-06-18 23:32:42 - INFO - Epoch 656/1200, Loss: 1.2895556863911486
2024-06-18 23:32:46 - INFO - Epoch 657/1200, Loss: 1.2899368201506574
2024-06-18 23:32:50 - INFO - Epoch 658/1200, Loss: 1.2748865704542423
2024-06-18 23:32:54 - INFO - Epoch 659/1200, Loss: 1.2666950924306857
2024-06-18 23:32:59 - INFO - Epoch 660/1200, Loss: 1.2598066500848748
2024-06-18 23:33:05 - INFO - Epoch 661/1200, Loss: 1.2979325753056687
2024-06-18 23:33:11 - INFO - Epoch 662/1200, Loss: 1.278224928738244
2024-06-18 23:33:16 - INFO - Epoch 663/1200, Loss: 1.2984803355743666
2024-06-18 23:33:21 - INFO - Epoch 664/1200, Loss: 1.3708450851738327
2024-06-18 23:33:25 - INFO - Epoch 665/1200, Loss: 1.280856831992614
2024-06-18 23:33:29 - INFO - Epoch 666/1200, Loss: 1.2678396605283864
2024-06-18 23:33:33 - INFO - Epoch 667/1200, Loss: 1.261268041575298
2024-06-18 23:33:36 - INFO - Epoch 668/1200, Loss: 1.2720036487923347
2024-06-18 23:33:40 - INFO - Epoch 669/1200, Loss: 1.2684953891986617
2024-06-18 23:33:44 - INFO - Epoch 670/1200, Loss: 1.2684982993948195
2024-06-18 23:33:48 - INFO - Epoch 671/1200, Loss: 1.2615603321140427
2024-06-18 23:33:52 - INFO - Epoch 672/1200, Loss: 1.2692752595903793
2024-06-18 23:33:56 - INFO - Epoch 673/1200, Loss: 1.292008890941852
2024-06-18 23:33:59 - INFO - Epoch 674/1200, Loss: 1.2653243458986405
2024-06-18 23:34:03 - INFO - Epoch 675/1200, Loss: 1.2962152931096524
2024-06-18 23:34:07 - INFO - Epoch 676/1200, Loss: 1.2801042757888543
2024-06-18 23:34:11 - INFO - Epoch 677/1200, Loss: 1.2554735967827348
2024-06-18 23:34:15 - INFO - Epoch 678/1200, Loss: 1.2906424256596378
2024-06-18 23:34:19 - INFO - Epoch 679/1200, Loss: 1.2694535373793605
2024-06-18 23:34:22 - INFO - Epoch 680/1200, Loss: 1.2548531715614895
2024-06-18 23:34:26 - INFO - Epoch 681/1200, Loss: 1.2889897738330696
2024-06-18 23:34:30 - INFO - Epoch 682/1200, Loss: 1.2577120437120253
2024-06-18 23:34:34 - INFO - Epoch 683/1200, Loss: 1.278318225708499
2024-06-18 23:34:38 - INFO - Epoch 684/1200, Loss: 1.269187144544818
2024-06-18 23:34:42 - INFO - Epoch 685/1200, Loss: 1.2993901207352518
2024-06-18 23:34:45 - INFO - Epoch 686/1200, Loss: 1.2511859594104913
2024-06-18 23:34:49 - INFO - Epoch 687/1200, Loss: 1.2594433667320302
2024-06-18 23:34:53 - INFO - Epoch 688/1200, Loss: 1.334584286825453
2024-06-18 23:34:57 - INFO - Epoch 689/1200, Loss: 1.2802015915246365
2024-06-18 23:35:01 - INFO - Epoch 690/1200, Loss: 1.2823454564969665
2024-06-18 23:35:05 - INFO - Epoch 691/1200, Loss: 1.3541440622513858
2024-06-18 23:35:09 - INFO - Epoch 692/1200, Loss: 1.2922260389996059
2024-06-18 23:35:12 - INFO - Epoch 693/1200, Loss: 1.275845442313405
2024-06-18 23:35:16 - INFO - Epoch 694/1200, Loss: 1.2899542049911017
2024-06-18 23:35:20 - INFO - Epoch 695/1200, Loss: 1.2814498795395985
2024-06-18 23:35:24 - INFO - Epoch 696/1200, Loss: 1.2723433718113688
2024-06-18 23:35:28 - INFO - Epoch 697/1200, Loss: 1.2783546067179647
2024-06-18 23:35:32 - INFO - Epoch 698/1200, Loss: 1.2636658138340666
2024-06-18 23:35:36 - INFO - Epoch 699/1200, Loss: 1.2611330700337358
2024-06-18 23:35:39 - INFO - Epoch 700/1200, Loss: 1.2515907723030464
2024-06-18 23:35:43 - INFO - Epoch 701/1200, Loss: 1.4768600801552034
2024-06-18 23:35:47 - INFO - Epoch 702/1200, Loss: 1.2739897608474415
2024-06-18 23:35:51 - INFO - Epoch 703/1200, Loss: 1.2634361272149022
2024-06-18 23:35:54 - INFO - Epoch 704/1200, Loss: 1.2666681685031211
2024-06-18 23:35:58 - INFO - Epoch 705/1200, Loss: 1.4121656982723498
2024-06-18 23:36:02 - INFO - Epoch 706/1200, Loss: 1.2636947438556525
2024-06-18 23:36:06 - INFO - Epoch 707/1200, Loss: 1.2715423621764737
2024-06-18 23:36:09 - INFO - Epoch 708/1200, Loss: 1.2508843558683436
2024-06-18 23:36:13 - INFO - Epoch 709/1200, Loss: 1.317644615472125
2024-06-18 23:36:17 - INFO - Epoch 710/1200, Loss: 1.3148341223168771
2024-06-18 23:36:20 - INFO - Epoch 711/1200, Loss: 1.2632618191262943
2024-06-18 23:36:24 - INFO - Epoch 712/1200, Loss: 1.2668692379578972
2024-06-18 23:36:28 - INFO - Epoch 713/1200, Loss: 1.2639329298511297
2024-06-18 23:36:32 - INFO - Epoch 714/1200, Loss: 1.2851457959221524
2024-06-18 23:36:35 - INFO - Epoch 715/1200, Loss: 1.3038433928461535
2024-06-18 23:36:39 - INFO - Epoch 716/1200, Loss: 1.2761412963249668
2024-06-18 23:36:43 - INFO - Epoch 717/1200, Loss: 1.2910666995171982
2024-06-18 23:36:47 - INFO - Epoch 718/1200, Loss: 1.2586656526414741
2024-06-18 23:36:51 - INFO - Epoch 719/1200, Loss: 1.264479433809182
2024-06-18 23:36:54 - INFO - Epoch 720/1200, Loss: 1.266225409907831
2024-06-18 23:36:58 - INFO - Epoch 721/1200, Loss: 1.311797444875706
2024-06-18 23:37:02 - INFO - Epoch 722/1200, Loss: 1.2929435637363722
2024-06-18 23:37:06 - INFO - Epoch 723/1200, Loss: 1.290014846900215
2024-06-18 23:37:09 - INFO - Epoch 724/1200, Loss: 1.2736812931044035
2024-06-18 23:37:13 - INFO - Epoch 725/1200, Loss: 1.2564631145114498
2024-06-18 23:37:17 - INFO - Epoch 726/1200, Loss: 1.2868545066028638
2024-06-18 23:37:21 - INFO - Epoch 727/1200, Loss: 1.2672156576098899
2024-06-18 23:37:25 - INFO - Epoch 728/1200, Loss: 1.3118731733014137
2024-06-18 23:37:28 - INFO - Epoch 729/1200, Loss: 1.2475764885754652
2024-06-18 23:37:32 - INFO - Epoch 730/1200, Loss: 1.2709094471431193
2024-06-18 23:37:36 - INFO - Epoch 731/1200, Loss: 1.2942512889390034
2024-06-18 23:37:40 - INFO - Epoch 732/1200, Loss: 1.301524063918357
2024-06-18 23:37:43 - INFO - Epoch 733/1200, Loss: 1.285468126913718
2024-06-18 23:37:47 - INFO - Epoch 734/1200, Loss: 1.2695167619513872
2024-06-18 23:37:51 - INFO - Epoch 735/1200, Loss: 1.2620234989318666
2024-06-18 23:37:55 - INFO - Epoch 736/1200, Loss: 1.2659609613849467
2024-06-18 23:37:58 - INFO - Epoch 737/1200, Loss: 1.2587310318079519
2024-06-18 23:38:02 - INFO - Epoch 738/1200, Loss: 1.278776610617424
2024-06-18 23:38:06 - INFO - Epoch 739/1200, Loss: 1.2546844557173575
2024-06-18 23:38:10 - INFO - Epoch 740/1200, Loss: 1.2994973967055732
2024-06-18 23:38:13 - INFO - Epoch 741/1200, Loss: 1.2819763040440644
2024-06-18 23:38:17 - INFO - Epoch 742/1200, Loss: 1.2798870292350693
2024-06-18 23:38:21 - INFO - Epoch 743/1200, Loss: 1.2854449133413504
2024-06-18 23:38:25 - INFO - Epoch 744/1200, Loss: 1.2606509673192579
2024-06-18 23:38:29 - INFO - Epoch 745/1200, Loss: 1.2701863568790985
2024-06-18 23:38:32 - INFO - Epoch 746/1200, Loss: 1.2808292571933002
2024-06-18 23:38:36 - INFO - Epoch 747/1200, Loss: 1.270834310186772
2024-06-18 23:38:40 - INFO - Epoch 748/1200, Loss: 1.2651937617997613
2024-06-18 23:38:44 - INFO - Epoch 749/1200, Loss: 1.2914137465625894
2024-06-18 23:38:48 - INFO - Epoch 750/1200, Loss: 1.260947768000974
2024-06-18 23:38:51 - INFO - Epoch 751/1200, Loss: 1.280523588072997
2024-06-18 23:38:55 - INFO - Epoch 752/1200, Loss: 1.2792031165474391
2024-06-18 23:38:59 - INFO - Epoch 753/1200, Loss: 1.275633509986233
2024-06-18 23:39:02 - INFO - Epoch 754/1200, Loss: 1.284298225636762
2024-06-18 23:39:06 - INFO - Epoch 755/1200, Loss: 1.273500655721777
2024-06-18 23:39:10 - INFO - Epoch 756/1200, Loss: 1.2587415888093036
2024-06-18 23:39:14 - INFO - Epoch 757/1200, Loss: 1.279407485145486
2024-06-18 23:39:17 - INFO - Epoch 758/1200, Loss: 1.269850689535975
2024-06-18 23:39:21 - INFO - Epoch 759/1200, Loss: 1.2848923825288936
2024-06-18 23:39:25 - INFO - Epoch 760/1200, Loss: 1.2682377313163409
2024-06-18 23:39:29 - INFO - Epoch 761/1200, Loss: 1.2727430198574168
2024-06-18 23:39:32 - INFO - Epoch 762/1200, Loss: 1.3128466120891333
2024-06-18 23:39:36 - INFO - Epoch 763/1200, Loss: 1.248019907919814
2024-06-18 23:39:40 - INFO - Epoch 764/1200, Loss: 1.2900053653148285
2024-06-18 23:39:44 - INFO - Epoch 765/1200, Loss: 1.2612696819844473
2024-06-18 23:39:47 - INFO - Epoch 766/1200, Loss: 1.26986778314956
2024-06-18 23:39:51 - INFO - Epoch 767/1200, Loss: 1.2665680524600587
2024-06-18 23:39:55 - INFO - Epoch 768/1200, Loss: 1.2728755099611713
2024-06-18 23:39:59 - INFO - Epoch 769/1200, Loss: 1.2842033876233678
2024-06-18 23:40:02 - INFO - Epoch 770/1200, Loss: 1.2687851877795022
2024-06-18 23:40:06 - INFO - Epoch 771/1200, Loss: 1.2695813198743027
2024-06-18 23:40:10 - INFO - Epoch 772/1200, Loss: 1.263058855627469
2024-06-18 23:40:14 - INFO - Epoch 773/1200, Loss: 1.2828100298547414
2024-06-18 23:40:17 - INFO - Epoch 774/1200, Loss: 1.2571428239148836
2024-06-18 23:40:21 - INFO - Epoch 775/1200, Loss: 1.2690007812180113
2024-06-18 23:40:25 - INFO - Epoch 776/1200, Loss: 1.275235490963415
2024-06-18 23:40:29 - INFO - Epoch 777/1200, Loss: 1.29781301490478
2024-06-18 23:40:33 - INFO - Epoch 778/1200, Loss: 1.27088445225825
2024-06-18 23:40:36 - INFO - Epoch 779/1200, Loss: 1.2659370182215828
2024-06-18 23:40:40 - INFO - Epoch 780/1200, Loss: 1.282398332447009
2024-06-18 23:40:44 - INFO - Epoch 781/1200, Loss: 1.2707821000089474
2024-06-18 23:40:48 - INFO - Epoch 782/1200, Loss: 1.2525382907255498
2024-06-18 23:40:51 - INFO - Epoch 783/1200, Loss: 1.2729797269633827
2024-06-18 23:40:55 - INFO - Epoch 784/1200, Loss: 1.2718353373388287
2024-06-18 23:40:59 - INFO - Epoch 785/1200, Loss: 1.2595799126308322
2024-06-18 23:41:03 - INFO - Epoch 786/1200, Loss: 1.2641142631338458
2024-06-18 23:41:06 - INFO - Epoch 787/1200, Loss: 1.2576752106237847
2024-06-18 23:41:10 - INFO - Epoch 788/1200, Loss: 1.255288540954033
2024-06-18 23:41:14 - INFO - Epoch 789/1200, Loss: 1.265609812499345
2024-06-18 23:41:18 - INFO - Epoch 790/1200, Loss: 1.2711478413406434
2024-06-18 23:41:21 - INFO - Epoch 791/1200, Loss: 1.2771619410770394
2024-06-18 23:41:25 - INFO - Epoch 792/1200, Loss: 1.2632015578634752
2024-06-18 23:41:29 - INFO - Epoch 793/1200, Loss: 1.2510878572635546
2024-06-18 23:41:33 - INFO - Epoch 794/1200, Loss: 1.263176544653634
2024-06-18 23:41:37 - INFO - Epoch 795/1200, Loss: 1.291785011141668
2024-06-18 23:41:40 - INFO - Epoch 796/1200, Loss: 1.254021083865877
2024-06-18 23:41:44 - INFO - Epoch 797/1200, Loss: 1.285783729903209
2024-06-18 23:41:48 - INFO - Epoch 798/1200, Loss: 1.3441847858471956
2024-06-18 23:41:52 - INFO - Epoch 799/1200, Loss: 1.2604376774909678
2024-06-18 23:41:55 - INFO - Epoch 800/1200, Loss: 1.2692219230390929
2024-06-18 23:41:59 - INFO - Epoch 801/1200, Loss: 1.2889671262125255
2024-06-18 23:42:03 - INFO - Epoch 802/1200, Loss: 1.2662582202519144
2024-06-18 23:42:07 - INFO - Epoch 803/1200, Loss: 1.2691423708893945
2024-06-18 23:42:11 - INFO - Epoch 804/1200, Loss: 1.2707139788625719
2024-06-18 23:42:14 - INFO - Epoch 805/1200, Loss: 1.2615028796366434
2024-06-18 23:42:18 - INFO - Epoch 806/1200, Loss: 1.3063461065890816
2024-06-18 23:42:22 - INFO - Epoch 807/1200, Loss: 1.2794316083612576
2024-06-18 23:42:25 - INFO - Epoch 808/1200, Loss: 1.2663379227140372
2024-06-18 23:42:29 - INFO - Epoch 809/1200, Loss: 1.258446930276352
2024-06-18 23:42:33 - INFO - Epoch 810/1200, Loss: 1.2751137967312047
2024-06-18 23:42:37 - INFO - Epoch 811/1200, Loss: 1.2632864767086642
2024-06-18 23:42:41 - INFO - Epoch 812/1200, Loss: 1.2609830293973243
2024-06-18 23:42:45 - INFO - Epoch 813/1200, Loss: 1.2874564246996585
2024-06-18 23:42:49 - INFO - Epoch 814/1200, Loss: 1.2567396945979523
2024-06-18 23:42:52 - INFO - Epoch 815/1200, Loss: 1.2455225078895469
2024-06-18 23:42:56 - INFO - Epoch 816/1200, Loss: 1.2969863763919676
2024-06-18 23:43:00 - INFO - Epoch 817/1200, Loss: 1.2783484717035585
2024-06-18 23:43:04 - INFO - Epoch 818/1200, Loss: 1.2772329615143583
2024-06-18 23:43:08 - INFO - Epoch 819/1200, Loss: 1.2878684991851088
2024-06-18 23:43:12 - INFO - Epoch 820/1200, Loss: 1.271108592797239
2024-06-18 23:43:16 - INFO - Epoch 821/1200, Loss: 1.257285806527947
2024-06-18 23:43:19 - INFO - Epoch 822/1200, Loss: 1.2693782978125907
2024-06-18 23:43:23 - INFO - Epoch 823/1200, Loss: 1.272128695596718
2024-06-18 23:43:27 - INFO - Epoch 824/1200, Loss: 1.2687224547566993
2024-06-18 23:43:31 - INFO - Epoch 825/1200, Loss: 1.2690876867683265
2024-06-18 23:43:35 - INFO - Epoch 826/1200, Loss: 1.317792266630835
2024-06-18 23:43:38 - INFO - Epoch 827/1200, Loss: 1.2809783812541817
2024-06-18 23:43:42 - INFO - Epoch 828/1200, Loss: 1.287659083872068
2024-06-18 23:43:46 - INFO - Epoch 829/1200, Loss: 1.254062859448951
2024-06-18 23:43:50 - INFO - Epoch 830/1200, Loss: 1.2990480251393823
2024-06-18 23:43:54 - INFO - Epoch 831/1200, Loss: 1.272678750321461
2024-06-18 23:43:58 - INFO - Epoch 832/1200, Loss: 1.2768056643024148
2024-06-18 23:44:02 - INFO - Epoch 833/1200, Loss: 1.2880367466148093
2024-06-18 23:44:06 - INFO - Epoch 834/1200, Loss: 1.2547080625313205
2024-06-18 23:44:09 - INFO - Epoch 835/1200, Loss: 1.2733504687016997
2024-06-18 23:44:13 - INFO - Epoch 836/1200, Loss: 1.2645914162385028
2024-06-18 23:44:17 - INFO - Epoch 837/1200, Loss: 1.2450764117444604
2024-06-18 23:44:21 - INFO - Epoch 838/1200, Loss: 1.2847516067478106
2024-06-18 23:44:25 - INFO - Epoch 839/1200, Loss: 1.291886908391948
2024-06-18 23:44:28 - INFO - Epoch 840/1200, Loss: 1.2624159612588257
2024-06-18 23:44:32 - INFO - Epoch 841/1200, Loss: 1.267947672833427
2024-06-18 23:44:36 - INFO - Epoch 842/1200, Loss: 1.3481440594332301
2024-06-18 23:44:40 - INFO - Epoch 843/1200, Loss: 1.2749761141411005
2024-06-18 23:44:43 - INFO - Epoch 844/1200, Loss: 1.2727994736183064
2024-06-18 23:44:47 - INFO - Epoch 845/1200, Loss: 1.2950079241252448
2024-06-18 23:44:51 - INFO - Epoch 846/1200, Loss: 1.2958119877078613
2024-06-18 23:44:55 - INFO - Epoch 847/1200, Loss: 1.2669759982246094
2024-06-18 23:44:58 - INFO - Epoch 848/1200, Loss: 1.2748928192031659
2024-06-18 23:45:02 - INFO - Epoch 849/1200, Loss: 1.2735870351342762
2024-06-18 23:45:06 - INFO - Epoch 850/1200, Loss: 1.2800094152169597
2024-06-18 23:45:10 - INFO - Epoch 851/1200, Loss: 1.2632871566554444
2024-06-18 23:45:14 - INFO - Epoch 852/1200, Loss: 1.262899224957523
2024-06-18 23:45:17 - INFO - Epoch 853/1200, Loss: 1.2955297295121708
2024-06-18 23:45:21 - INFO - Epoch 854/1200, Loss: 1.300000715664683
2024-06-18 23:45:25 - INFO - Epoch 855/1200, Loss: 1.2911469534407298
2024-06-18 23:45:29 - INFO - Epoch 856/1200, Loss: 1.2708555539825863
2024-06-18 23:45:32 - INFO - Epoch 857/1200, Loss: 1.3333987365267475
2024-06-18 23:45:36 - INFO - Epoch 858/1200, Loss: 1.296110781444996
2024-06-18 23:45:40 - INFO - Epoch 859/1200, Loss: 1.2639614448927272
2024-06-18 23:45:43 - INFO - Epoch 860/1200, Loss: 1.2762403787443042
2024-06-18 23:45:47 - INFO - Epoch 861/1200, Loss: 1.2616576518007487
2024-06-18 23:45:51 - INFO - Epoch 862/1200, Loss: 1.284548429012498
2024-06-18 23:45:55 - INFO - Epoch 863/1200, Loss: 1.2489232597660056
2024-06-18 23:45:58 - INFO - Epoch 864/1200, Loss: 1.2979619525407962
2024-06-18 23:46:02 - INFO - Epoch 865/1200, Loss: 1.2657553795097385
2024-06-18 23:46:06 - INFO - Epoch 866/1200, Loss: 1.26850580445993
2024-06-18 23:46:10 - INFO - Epoch 867/1200, Loss: 1.25237761817539
2024-06-18 23:46:14 - INFO - Epoch 868/1200, Loss: 1.2717177871657466
2024-06-18 23:46:17 - INFO - Epoch 869/1200, Loss: 1.2476174668587938
2024-06-18 23:46:21 - INFO - Epoch 870/1200, Loss: 1.277875134747979
2024-06-18 23:46:25 - INFO - Epoch 871/1200, Loss: 1.2735549375523596
2024-06-18 23:46:28 - INFO - Epoch 872/1200, Loss: 1.2591523587778513
2024-06-18 23:46:32 - INFO - Epoch 873/1200, Loss: 1.460583786781998
2024-06-18 23:46:36 - INFO - Epoch 874/1200, Loss: 1.2740928601981463
2024-06-18 23:46:40 - INFO - Epoch 875/1200, Loss: 1.2735692156811325
2024-06-18 23:46:43 - INFO - Epoch 876/1200, Loss: 1.2535440670237605
2024-06-18 23:46:47 - INFO - Epoch 877/1200, Loss: 1.2560014693035395
2024-06-18 23:46:51 - INFO - Epoch 878/1200, Loss: 1.2599807934066616
2024-06-18 23:46:55 - INFO - Epoch 879/1200, Loss: 1.2827460579652032
2024-06-18 23:46:58 - INFO - Epoch 880/1200, Loss: 1.3357788136784172
2024-06-18 23:47:02 - INFO - Epoch 881/1200, Loss: 1.2701727317222151
2024-06-18 23:47:06 - INFO - Epoch 882/1200, Loss: 1.293646846135413
2024-06-18 23:47:10 - INFO - Epoch 883/1200, Loss: 1.2617143734098895
2024-06-18 23:47:13 - INFO - Epoch 884/1200, Loss: 1.2519234050624082
2024-06-18 23:47:17 - INFO - Epoch 885/1200, Loss: 1.318298878615656
2024-06-18 23:47:21 - INFO - Epoch 886/1200, Loss: 1.2842243202825485
2024-06-18 23:47:25 - INFO - Epoch 887/1200, Loss: 1.2672446019999823
2024-06-18 23:47:28 - INFO - Epoch 888/1200, Loss: 1.2669607526736353
2024-06-18 23:47:32 - INFO - Epoch 889/1200, Loss: 1.2499786159990334
2024-06-18 23:47:36 - INFO - Epoch 890/1200, Loss: 1.2804090092827496
2024-06-18 23:47:39 - INFO - Epoch 891/1200, Loss: 1.2625713682859583
2024-06-18 23:47:43 - INFO - Epoch 892/1200, Loss: 1.2550193587368195
2024-06-18 23:47:47 - INFO - Epoch 893/1200, Loss: 1.2569226096133355
2024-06-18 23:47:50 - INFO - Epoch 894/1200, Loss: 1.2738851994055782
2024-06-18 23:47:54 - INFO - Epoch 895/1200, Loss: 1.2772216803136633
2024-06-18 23:47:58 - INFO - Epoch 896/1200, Loss: 1.2793158410965624
2024-06-18 23:48:02 - INFO - Epoch 897/1200, Loss: 1.2601373523275639
2024-06-18 23:48:05 - INFO - Epoch 898/1200, Loss: 1.2714956573948382
2024-06-18 23:48:09 - INFO - Epoch 899/1200, Loss: 1.2785665040423346
2024-06-18 23:48:13 - INFO - Epoch 900/1200, Loss: 1.3084574131288937
2024-06-18 23:48:17 - INFO - Epoch 901/1200, Loss: 1.3379345544627015
2024-06-18 23:48:20 - INFO - Epoch 902/1200, Loss: 1.267861980078183
2024-06-18 23:48:24 - INFO - Epoch 903/1200, Loss: 1.2849439056283265
2024-06-18 23:48:28 - INFO - Epoch 904/1200, Loss: 1.260608591855179
2024-06-18 23:48:31 - INFO - Epoch 905/1200, Loss: 1.2664699990264054
2024-06-18 23:48:35 - INFO - Epoch 906/1200, Loss: 1.27683270543333
2024-06-18 23:48:39 - INFO - Epoch 907/1200, Loss: 1.2573631212357026
2024-06-18 23:48:43 - INFO - Epoch 908/1200, Loss: 1.2752219040911494
2024-06-18 23:48:46 - INFO - Epoch 909/1200, Loss: 1.2700507271901027
2024-06-18 23:48:50 - INFO - Epoch 910/1200, Loss: 1.2728675965933
2024-06-18 23:48:54 - INFO - Epoch 911/1200, Loss: 1.2764915298541177
2024-06-18 23:48:58 - INFO - Epoch 912/1200, Loss: 1.2684878290699753
2024-06-18 23:49:01 - INFO - Epoch 913/1200, Loss: 1.2621207022574945
2024-06-18 23:49:05 - INFO - Epoch 914/1200, Loss: 1.2727342870385834
2024-06-18 23:49:09 - INFO - Epoch 915/1200, Loss: 1.295236270270221
2024-06-18 23:49:12 - INFO - Epoch 916/1200, Loss: 1.314813407002835
2024-06-18 23:49:16 - INFO - Epoch 917/1200, Loss: 1.2938971500934675
2024-06-18 23:49:20 - INFO - Epoch 918/1200, Loss: 1.2687322026831123
2024-06-18 23:49:24 - INFO - Epoch 919/1200, Loss: 1.265050915695825
2024-06-18 23:49:28 - INFO - Epoch 920/1200, Loss: 1.2559992893688716
2024-06-18 23:49:31 - INFO - Epoch 921/1200, Loss: 1.2536823241795887
2024-06-18 23:49:35 - INFO - Epoch 922/1200, Loss: 1.2428304010070816
2024-06-18 23:49:39 - INFO - Epoch 923/1200, Loss: 1.256019394678013
2024-06-18 23:49:43 - INFO - Epoch 924/1200, Loss: 1.2675324686843747
2024-06-18 23:49:46 - INFO - Epoch 925/1200, Loss: 1.2627307914077268
2024-06-18 23:49:50 - INFO - Epoch 926/1200, Loss: 1.3037198105877106
2024-06-18 23:49:54 - INFO - Epoch 927/1200, Loss: 1.2809945401168792
2024-06-18 23:49:58 - INFO - Epoch 928/1200, Loss: 1.269469750890039
2024-06-18 23:50:01 - INFO - Epoch 929/1200, Loss: 1.3192809313537075
2024-06-18 23:50:05 - INFO - Epoch 930/1200, Loss: 1.2646484895712915
2024-06-18 23:50:09 - INFO - Epoch 931/1200, Loss: 1.3137196562659572
2024-06-18 23:50:13 - INFO - Epoch 932/1200, Loss: 1.2648221432722158
2024-06-18 23:50:16 - INFO - Epoch 933/1200, Loss: 1.2612186386257969
2024-06-18 23:50:20 - INFO - Epoch 934/1200, Loss: 1.2671675176925918
2024-06-18 23:50:24 - INFO - Epoch 935/1200, Loss: 1.257969044034287
2024-06-18 23:50:27 - INFO - Epoch 936/1200, Loss: 1.265198543769614
2024-06-18 23:50:31 - INFO - Epoch 937/1200, Loss: 1.2830996909678156
2024-06-18 23:50:35 - INFO - Epoch 938/1200, Loss: 1.2557592305801062
2024-06-18 23:50:39 - INFO - Epoch 939/1200, Loss: 1.3085564646999945
2024-06-18 23:50:42 - INFO - Epoch 940/1200, Loss: 1.2549280686280508
2024-06-18 23:50:46 - INFO - Epoch 941/1200, Loss: 1.2937738557177287
2024-06-18 23:50:50 - INFO - Epoch 942/1200, Loss: 1.2530371408629206
2024-06-18 23:50:54 - INFO - Epoch 943/1200, Loss: 1.2765618401946193
2024-06-18 23:50:57 - INFO - Epoch 944/1200, Loss: 1.2673926144050087
2024-06-18 23:51:01 - INFO - Epoch 945/1200, Loss: 1.2576020693771235
2024-06-18 23:51:05 - INFO - Epoch 946/1200, Loss: 1.2788991487458987
2024-06-18 23:51:08 - INFO - Epoch 947/1200, Loss: 1.3594523542336172
2024-06-18 23:51:12 - INFO - Epoch 948/1200, Loss: 1.2780160458357337
2024-06-18 23:51:16 - INFO - Epoch 949/1200, Loss: 1.2622780748830649
2024-06-18 23:51:20 - INFO - Epoch 950/1200, Loss: 1.277415908497314
2024-06-18 23:51:24 - INFO - Epoch 951/1200, Loss: 1.2807522247189265
2024-06-18 23:51:27 - INFO - Epoch 952/1200, Loss: 1.285719351013108
2024-06-18 23:51:31 - INFO - Epoch 953/1200, Loss: 1.2874822445241154
2024-06-18 23:51:35 - INFO - Epoch 954/1200, Loss: 1.3002121540945188
2024-06-18 23:51:39 - INFO - Epoch 955/1200, Loss: 1.2783789699260357
2024-06-18 23:51:43 - INFO - Epoch 956/1200, Loss: 1.2611052193928922
2024-06-18 23:51:46 - INFO - Epoch 957/1200, Loss: 1.2607934561305725
2024-06-18 23:51:50 - INFO - Epoch 958/1200, Loss: 1.2584887220620922
2024-06-18 23:51:54 - INFO - Epoch 959/1200, Loss: 1.2742392146614525
2024-06-18 23:51:58 - INFO - Epoch 960/1200, Loss: 1.3491223388783675
2024-06-18 23:52:01 - INFO - Epoch 961/1200, Loss: 1.2953846316421147
2024-06-18 23:52:05 - INFO - Epoch 962/1200, Loss: 1.2896250213521885
2024-06-18 23:52:09 - INFO - Epoch 963/1200, Loss: 1.2583354214757954
2024-06-18 23:52:13 - INFO - Epoch 964/1200, Loss: 1.288875953592483
2024-06-18 23:52:16 - INFO - Epoch 965/1200, Loss: 1.2607847224362185
2024-06-18 23:52:20 - INFO - Epoch 966/1200, Loss: 1.2924432154231085
2024-06-18 23:52:24 - INFO - Epoch 967/1200, Loss: 1.2703208345330221
2024-06-18 23:52:28 - INFO - Epoch 968/1200, Loss: 1.2672205632331286
2024-06-18 23:52:32 - INFO - Epoch 969/1200, Loss: 1.268752014958941
2024-06-18 23:52:36 - INFO - Epoch 970/1200, Loss: 1.2760101155091468
2024-06-18 23:52:39 - INFO - Epoch 971/1200, Loss: 1.2720503184506458
2024-06-18 23:52:43 - INFO - Epoch 972/1200, Loss: 1.2710562821506917
2024-06-18 23:52:47 - INFO - Epoch 973/1200, Loss: 1.263831504511821
2024-06-18 23:52:51 - INFO - Epoch 974/1200, Loss: 1.2626796172474548
2024-06-18 23:52:55 - INFO - Epoch 975/1200, Loss: 1.2849277783563955
2024-06-18 23:52:58 - INFO - Epoch 976/1200, Loss: 1.274386301048629
2024-06-18 23:53:02 - INFO - Epoch 977/1200, Loss: 1.284821561621538
2024-06-18 23:53:06 - INFO - Epoch 978/1200, Loss: 1.3128517373903843
2024-06-18 23:53:10 - INFO - Epoch 979/1200, Loss: 1.324236551449565
2024-06-18 23:53:14 - INFO - Epoch 980/1200, Loss: 1.2754487287758263
2024-06-18 23:53:18 - INFO - Epoch 981/1200, Loss: 1.2718707968604308
2024-06-18 23:53:22 - INFO - Epoch 982/1200, Loss: 1.275860566904049
2024-06-18 23:53:26 - INFO - Epoch 983/1200, Loss: 1.2782627951537515
2024-06-18 23:53:30 - INFO - Epoch 984/1200, Loss: 1.2712845167388689
2024-06-18 23:53:34 - INFO - Epoch 985/1200, Loss: 1.2636473707500453
2024-06-18 23:53:38 - INFO - Epoch 986/1200, Loss: 1.2987470843937918
2024-06-18 23:53:41 - INFO - Epoch 987/1200, Loss: 1.2596340601521712
2024-06-18 23:53:45 - INFO - Epoch 988/1200, Loss: 1.2690074165645506
2024-06-18 23:53:49 - INFO - Epoch 989/1200, Loss: 1.2533781125788985
2024-06-18 23:53:53 - INFO - Epoch 990/1200, Loss: 1.2544131496375626
2024-06-18 23:53:56 - INFO - Epoch 991/1200, Loss: 1.2651079933591143
2024-06-18 23:54:00 - INFO - Epoch 992/1200, Loss: 1.2726221853057715
2024-06-18 23:54:04 - INFO - Epoch 993/1200, Loss: 1.2628681769637236
2024-06-18 23:54:08 - INFO - Epoch 994/1200, Loss: 1.280388090144262
2024-06-18 23:54:12 - INFO - Epoch 995/1200, Loss: 1.2460414133538253
2024-06-18 23:54:16 - INFO - Epoch 996/1200, Loss: 1.2584707215757365
2024-06-18 23:54:20 - INFO - Epoch 997/1200, Loss: 1.2772708177865757
2024-06-18 23:54:24 - INFO - Epoch 998/1200, Loss: 1.3137165206205572
2024-06-18 23:54:28 - INFO - Epoch 999/1200, Loss: 1.2743870066265424
2024-06-18 23:54:32 - INFO - Epoch 1000/1200, Loss: 1.2877859839700185
2024-06-18 23:54:36 - INFO - Epoch 1001/1200, Loss: 1.2712062166995353
2024-06-18 23:54:39 - INFO - Epoch 1002/1200, Loss: 1.265979572452495
2024-06-18 23:54:43 - INFO - Epoch 1003/1200, Loss: 1.2519977974746481
2024-06-18 23:54:47 - INFO - Epoch 1004/1200, Loss: 1.3352416215656426
2024-06-18 23:54:51 - INFO - Epoch 1005/1200, Loss: 1.271972644774035
2024-06-18 23:54:54 - INFO - Epoch 1006/1200, Loss: 1.279363576573363
2024-06-18 23:54:58 - INFO - Epoch 1007/1200, Loss: 1.2897001043587546
2024-06-18 23:55:02 - INFO - Epoch 1008/1200, Loss: 1.3065841399115543
2024-06-18 23:55:06 - INFO - Epoch 1009/1200, Loss: 1.2706952740533999
2024-06-18 23:55:09 - INFO - Epoch 1010/1200, Loss: 1.2734182958949123
2024-06-18 23:55:13 - INFO - Epoch 1011/1200, Loss: 1.2622134269367162
2024-06-18 23:55:17 - INFO - Epoch 1012/1200, Loss: 1.260735891134964
2024-06-18 23:55:21 - INFO - Epoch 1013/1200, Loss: 1.2666793586829548
2024-06-18 23:55:26 - INFO - Epoch 1014/1200, Loss: 1.2809432125909443
2024-06-18 23:55:32 - INFO - Epoch 1015/1200, Loss: 1.2544438370333741
2024-06-18 23:55:38 - INFO - Epoch 1016/1200, Loss: 1.2686444656323483
2024-06-18 23:55:42 - INFO - Epoch 1017/1200, Loss: 1.2609946073772285
2024-06-18 23:55:46 - INFO - Epoch 1018/1200, Loss: 1.2435626347560471
2024-06-18 23:55:50 - INFO - Epoch 1019/1200, Loss: 1.2961289025481229
2024-06-18 23:55:54 - INFO - Epoch 1020/1200, Loss: 1.2995179985621614
2024-06-18 23:55:58 - INFO - Epoch 1021/1200, Loss: 1.2817130746942504
2024-06-18 23:56:02 - INFO - Epoch 1022/1200, Loss: 1.2753720566057536
2024-06-18 23:56:06 - INFO - Epoch 1023/1200, Loss: 1.2628567515349158
2024-06-18 23:56:10 - INFO - Epoch 1024/1200, Loss: 1.2623014690010128
2024-06-18 23:56:14 - INFO - Epoch 1025/1200, Loss: 1.272478223927532
2024-06-18 23:56:18 - INFO - Epoch 1026/1200, Loss: 1.2911285087303466
2024-06-18 23:56:21 - INFO - Epoch 1027/1200, Loss: 1.282225594712075
2024-06-18 23:56:25 - INFO - Epoch 1028/1200, Loss: 1.2737088342903882
2024-06-18 23:56:29 - INFO - Epoch 1029/1200, Loss: 1.274978325278646
2024-06-18 23:56:33 - INFO - Epoch 1030/1200, Loss: 1.2963253894632667
2024-06-18 23:56:37 - INFO - Epoch 1031/1200, Loss: 1.2901322162728182
2024-06-18 23:56:41 - INFO - Epoch 1032/1200, Loss: 1.2826807904608084
2024-06-18 23:56:44 - INFO - Epoch 1033/1200, Loss: 1.2656570344668787
2024-06-18 23:56:48 - INFO - Epoch 1034/1200, Loss: 1.2857092783905797
2024-06-18 23:56:52 - INFO - Epoch 1035/1200, Loss: 1.266043669391819
2024-06-18 23:56:56 - INFO - Epoch 1036/1200, Loss: 1.2697772204402167
2024-06-18 23:57:00 - INFO - Epoch 1037/1200, Loss: 1.3052918280494799
2024-06-18 23:57:04 - INFO - Epoch 1038/1200, Loss: 1.2662868511447933
2024-06-18 23:57:08 - INFO - Epoch 1039/1200, Loss: 1.2507323406621822
2024-06-18 23:57:12 - INFO - Epoch 1040/1200, Loss: 1.2923875659633557
2024-06-18 23:57:16 - INFO - Epoch 1041/1200, Loss: 1.2758745442084873
2024-06-18 23:57:19 - INFO - Epoch 1042/1200, Loss: 1.3311910914592329
2024-06-18 23:57:23 - INFO - Epoch 1043/1200, Loss: 1.2672861228731505
2024-06-18 23:57:27 - INFO - Epoch 1044/1200, Loss: 1.2811534393782928
2024-06-18 23:57:31 - INFO - Epoch 1045/1200, Loss: 1.2705424805762062
2024-06-18 23:57:35 - INFO - Epoch 1046/1200, Loss: 1.2630732475350892
2024-06-18 23:57:39 - INFO - Epoch 1047/1200, Loss: 1.2927843015330143
2024-06-18 23:57:42 - INFO - Epoch 1048/1200, Loss: 1.264600736661663
2024-06-18 23:57:46 - INFO - Epoch 1049/1200, Loss: 1.2994585054298549
2024-06-18 23:57:50 - INFO - Epoch 1050/1200, Loss: 1.254237233819431
2024-06-18 23:57:54 - INFO - Epoch 1051/1200, Loss: 1.2547849583746593
2024-06-18 23:57:58 - INFO - Epoch 1052/1200, Loss: 1.2672654260392358
2024-06-18 23:58:02 - INFO - Epoch 1053/1200, Loss: 1.2671486195153463
2024-06-18 23:58:05 - INFO - Epoch 1054/1200, Loss: 1.2583808802840202
2024-06-18 23:58:09 - INFO - Epoch 1055/1200, Loss: 1.2561214658298936
2024-06-18 23:58:13 - INFO - Epoch 1056/1200, Loss: 1.2622108561487393
2024-06-18 23:58:17 - INFO - Epoch 1057/1200, Loss: 1.2673762776232915
2024-06-18 23:58:21 - INFO - Epoch 1058/1200, Loss: 1.2721582791554027
2024-06-18 23:58:25 - INFO - Epoch 1059/1200, Loss: 1.2689512372986629
2024-06-18 23:58:29 - INFO - Epoch 1060/1200, Loss: 1.265012410906897
2024-06-18 23:58:33 - INFO - Epoch 1061/1200, Loss: 1.3855031533858126
2024-06-18 23:58:37 - INFO - Epoch 1062/1200, Loss: 1.298350903432982
2024-06-18 23:58:41 - INFO - Epoch 1063/1200, Loss: 1.2760349435519902
2024-06-18 23:58:45 - INFO - Epoch 1064/1200, Loss: 1.2611244472727885
2024-06-18 23:58:48 - INFO - Epoch 1065/1200, Loss: 1.2797244536806305
2024-06-18 23:58:52 - INFO - Epoch 1066/1200, Loss: 1.2694028919613
2024-06-18 23:58:56 - INFO - Epoch 1067/1200, Loss: 1.2809053567675697
2024-06-18 23:59:00 - INFO - Epoch 1068/1200, Loss: 1.2933066733593954
2024-06-18 23:59:04 - INFO - Epoch 1069/1200, Loss: 1.3170304459042226
2024-06-18 23:59:08 - INFO - Epoch 1070/1200, Loss: 1.2872760802672254
2024-06-18 23:59:11 - INFO - Epoch 1071/1200, Loss: 1.2807820699473491
2024-06-18 23:59:15 - INFO - Epoch 1072/1200, Loss: 1.2863772369265607
2024-06-18 23:59:19 - INFO - Epoch 1073/1200, Loss: 1.303152151388841
2024-06-18 23:59:23 - INFO - Epoch 1074/1200, Loss: 1.285227414925871
2024-06-18 23:59:27 - INFO - Epoch 1075/1200, Loss: 1.2611293472771818
2024-06-18 23:59:31 - INFO - Epoch 1076/1200, Loss: 1.2986255107395641
2024-06-18 23:59:35 - INFO - Epoch 1077/1200, Loss: 1.2548853581804935
2024-06-18 23:59:39 - INFO - Epoch 1078/1200, Loss: 1.2751571506279835
2024-06-18 23:59:43 - INFO - Epoch 1079/1200, Loss: 1.2674868667175019
2024-06-18 23:59:47 - INFO - Epoch 1080/1200, Loss: 1.2841866326920575
2024-06-18 23:59:51 - INFO - Epoch 1081/1200, Loss: 1.2836985149593227
2024-06-18 23:59:54 - INFO - Epoch 1082/1200, Loss: 1.26646002927751
2024-06-18 23:59:58 - INFO - Epoch 1083/1200, Loss: 1.2550842058030773
2024-06-19 00:00:02 - INFO - Epoch 1084/1200, Loss: 1.2612796550802687
2024-06-19 00:00:06 - INFO - Epoch 1085/1200, Loss: 1.2629761854231245
2024-06-19 00:00:10 - INFO - Epoch 1086/1200, Loss: 1.275020659100099
2024-06-19 00:00:13 - INFO - Epoch 1087/1200, Loss: 1.2603925438720311
2024-06-19 00:00:17 - INFO - Epoch 1088/1200, Loss: 1.2664188986093226
2024-06-19 00:00:21 - INFO - Epoch 1089/1200, Loss: 1.2885612147525891
2024-06-19 00:00:25 - INFO - Epoch 1090/1200, Loss: 1.2689164516755473
2024-06-19 00:00:29 - INFO - Epoch 1091/1200, Loss: 1.2824891511961622
2024-06-19 00:00:33 - INFO - Epoch 1092/1200, Loss: 1.2605735978804022
2024-06-19 00:00:37 - INFO - Epoch 1093/1200, Loss: 1.267397980529749
2024-06-19 00:00:41 - INFO - Epoch 1094/1200, Loss: 1.2923608474505806
2024-06-19 00:00:44 - INFO - Epoch 1095/1200, Loss: 1.2728659261892692
2024-06-19 00:00:50 - INFO - Epoch 1096/1200, Loss: 1.2796757490527528
2024-06-19 00:00:55 - INFO - Epoch 1097/1200, Loss: 1.3159949586785211
2024-06-19 00:01:01 - INFO - Epoch 1098/1200, Loss: 1.2777945583392978
2024-06-19 00:01:07 - INFO - Epoch 1099/1200, Loss: 1.2923454971364012
2024-06-19 00:01:12 - INFO - Epoch 1100/1200, Loss: 1.2909589852935648
2024-06-19 00:01:18 - INFO - Epoch 1101/1200, Loss: 1.2968313957875406
2024-06-19 00:01:24 - INFO - Epoch 1102/1200, Loss: 1.2994898356625777
2024-06-19 00:01:29 - INFO - Epoch 1103/1200, Loss: 1.2655828735771102
2024-06-19 00:01:35 - INFO - Epoch 1104/1200, Loss: 1.2921383345979907
2024-06-19 00:01:39 - INFO - Epoch 1105/1200, Loss: 1.2619050612638272
2024-06-19 00:01:43 - INFO - Epoch 1106/1200, Loss: 1.2495314099934622
2024-06-19 00:01:47 - INFO - Epoch 1107/1200, Loss: 1.2629008309886482
2024-06-19 00:01:51 - INFO - Epoch 1108/1200, Loss: 1.267078843026105
2024-06-19 00:01:55 - INFO - Epoch 1109/1200, Loss: 1.282288235517103
2024-06-19 00:01:59 - INFO - Epoch 1110/1200, Loss: 1.3200777711958276
2024-06-19 00:02:03 - INFO - Epoch 1111/1200, Loss: 1.2774223080019635
2024-06-19 00:02:07 - INFO - Epoch 1112/1200, Loss: 1.277221252367109
2024-06-19 00:02:11 - INFO - Epoch 1113/1200, Loss: 1.2788965430313122
2024-06-19 00:02:14 - INFO - Epoch 1114/1200, Loss: 1.2605727359196057
2024-06-19 00:02:18 - INFO - Epoch 1115/1200, Loss: 1.2700965218656384
2024-06-19 00:02:22 - INFO - Epoch 1116/1200, Loss: 1.2745606509488712
2024-06-19 00:02:26 - INFO - Epoch 1117/1200, Loss: 1.278422897665403
2024-06-19 00:02:30 - INFO - Epoch 1118/1200, Loss: 1.2584611431317632
2024-06-19 00:02:34 - INFO - Epoch 1119/1200, Loss: 1.3050543515191153
2024-06-19 00:02:37 - INFO - Epoch 1120/1200, Loss: 1.2750018414319302
2024-06-19 00:02:41 - INFO - Epoch 1121/1200, Loss: 1.285887978701214
2024-06-19 00:02:45 - INFO - Epoch 1122/1200, Loss: 1.3239139091329628
2024-06-19 00:02:49 - INFO - Epoch 1123/1200, Loss: 1.2769511992344103
2024-06-19 00:02:53 - INFO - Epoch 1124/1200, Loss: 1.268977144492286
2024-06-19 00:02:56 - INFO - Epoch 1125/1200, Loss: 1.2546111203268449
2024-06-19 00:03:00 - INFO - Epoch 1126/1200, Loss: 1.262841538754998
2024-06-19 00:03:04 - INFO - Epoch 1127/1200, Loss: 1.2948832360957727
2024-06-19 00:03:08 - INFO - Epoch 1128/1200, Loss: 1.2783732739628837
2024-06-19 00:03:12 - INFO - Epoch 1129/1200, Loss: 1.265797298633808
2024-06-19 00:03:15 - INFO - Epoch 1130/1200, Loss: 1.2940665433824974
2024-06-19 00:03:19 - INFO - Epoch 1131/1200, Loss: 1.2537328023455696
2024-06-19 00:03:23 - INFO - Epoch 1132/1200, Loss: 1.2890495752870457
2024-06-19 00:03:27 - INFO - Epoch 1133/1200, Loss: 1.248458297716016
2024-06-19 00:03:30 - INFO - Epoch 1134/1200, Loss: 1.253179737388165
2024-06-19 00:03:34 - INFO - Epoch 1135/1200, Loss: 1.2856714770323239
2024-06-19 00:03:38 - INFO - Epoch 1136/1200, Loss: 1.2858269692398219
2024-06-19 00:03:42 - INFO - Epoch 1137/1200, Loss: 1.2874723368318755
2024-06-19 00:03:45 - INFO - Epoch 1138/1200, Loss: 1.3123346255623867
2024-06-19 00:03:49 - INFO - Epoch 1139/1200, Loss: 1.3236860144904694
2024-06-19 00:03:53 - INFO - Epoch 1140/1200, Loss: 1.3255643981141325
2024-06-19 00:03:57 - INFO - Epoch 1141/1200, Loss: 1.2658983776438926
2024-06-19 00:04:00 - INFO - Epoch 1142/1200, Loss: 1.2679198502120028
2024-06-19 00:04:04 - INFO - Epoch 1143/1200, Loss: 1.2641917922886567
2024-06-19 00:04:08 - INFO - Epoch 1144/1200, Loss: 1.2884426985758703
2024-06-19 00:04:12 - INFO - Epoch 1145/1200, Loss: 1.2727249873785529
2024-06-19 00:04:16 - INFO - Epoch 1146/1200, Loss: 1.2945487569805103
2024-06-19 00:04:20 - INFO - Epoch 1147/1200, Loss: 1.253905484473883
2024-06-19 00:04:24 - INFO - Epoch 1148/1200, Loss: 1.2875135720222226
2024-06-19 00:04:28 - INFO - Epoch 1149/1200, Loss: 1.2613145834602904
2024-06-19 00:04:32 - INFO - Epoch 1150/1200, Loss: 1.255114051175573
2024-06-19 00:04:35 - INFO - Epoch 1151/1200, Loss: 1.2649756453944145
2024-06-19 00:04:39 - INFO - Epoch 1152/1200, Loss: 1.2754179007648085
2024-06-19 00:04:43 - INFO - Epoch 1153/1200, Loss: 1.2558192705524043
2024-06-19 00:04:47 - INFO - Epoch 1154/1200, Loss: 1.3078200409132328
2024-06-19 00:04:51 - INFO - Epoch 1155/1200, Loss: 1.2853462034087908
2024-06-19 00:04:54 - INFO - Epoch 1156/1200, Loss: 1.2574834380750293
2024-06-19 00:04:58 - INFO - Epoch 1157/1200, Loss: 1.2757223235487478
2024-06-19 00:05:02 - INFO - Epoch 1158/1200, Loss: 1.2618025271999938
2024-06-19 00:05:06 - INFO - Epoch 1159/1200, Loss: 1.2768840133043888
2024-06-19 00:05:10 - INFO - Epoch 1160/1200, Loss: 1.2978748060866434
2024-06-19 00:05:14 - INFO - Epoch 1161/1200, Loss: 1.2592982103351058
2024-06-19 00:05:18 - INFO - Epoch 1162/1200, Loss: 1.2697950372224693
2024-06-19 00:05:21 - INFO - Epoch 1163/1200, Loss: 1.2666760138408502
2024-06-19 00:05:25 - INFO - Epoch 1164/1200, Loss: 1.3132003978146218
2024-06-19 00:05:29 - INFO - Epoch 1165/1200, Loss: 1.2598621936343801
2024-06-19 00:05:33 - INFO - Epoch 1166/1200, Loss: 1.2877139237858741
2024-06-19 00:05:37 - INFO - Epoch 1167/1200, Loss: 1.2891545418620647
2024-06-19 00:05:41 - INFO - Epoch 1168/1200, Loss: 1.3068158018457692
2024-06-19 00:05:44 - INFO - Epoch 1169/1200, Loss: 1.2983881415213878
2024-06-19 00:05:48 - INFO - Epoch 1170/1200, Loss: 1.2972899241155535
2024-06-19 00:05:52 - INFO - Epoch 1171/1200, Loss: 1.262840148437108
2024-06-19 00:05:56 - INFO - Epoch 1172/1200, Loss: 1.3086101713636256
2024-06-19 00:06:00 - INFO - Epoch 1173/1200, Loss: 1.328285977569234
2024-06-19 00:06:03 - INFO - Epoch 1174/1200, Loss: 1.2671698489371124
2024-06-19 00:06:07 - INFO - Epoch 1175/1200, Loss: 1.2940888342645462
2024-06-19 00:06:11 - INFO - Epoch 1176/1200, Loss: 1.3345891540532486
2024-06-19 00:06:15 - INFO - Epoch 1177/1200, Loss: 1.3170107691733401
2024-06-19 00:06:19 - INFO - Epoch 1178/1200, Loss: 1.2525956123348327
2024-06-19 00:06:23 - INFO - Epoch 1179/1200, Loss: 1.2580714270874962
2024-06-19 00:06:27 - INFO - Epoch 1180/1200, Loss: 1.297923604946547
2024-06-19 00:06:31 - INFO - Epoch 1181/1200, Loss: 1.317993224778169
2024-06-19 00:06:34 - INFO - Epoch 1182/1200, Loss: 1.2723205167645553
2024-06-19 00:06:38 - INFO - Epoch 1183/1200, Loss: 1.2842874560723858
2024-06-19 00:06:42 - INFO - Epoch 1184/1200, Loss: 1.3040230022516066
2024-06-19 00:06:46 - INFO - Epoch 1185/1200, Loss: 1.270775501561709
2024-06-19 00:06:50 - INFO - Epoch 1186/1200, Loss: 1.2691608957846905
2024-06-19 00:06:54 - INFO - Epoch 1187/1200, Loss: 1.2534213548468418
2024-06-19 00:06:58 - INFO - Epoch 1188/1200, Loss: 1.2706812159572802
2024-06-19 00:07:02 - INFO - Epoch 1189/1200, Loss: 1.2787110394958958
2024-06-19 00:07:05 - INFO - Epoch 1190/1200, Loss: 1.2768425941245634
2024-06-19 00:07:09 - INFO - Epoch 1191/1200, Loss: 1.2538381343505618
2024-06-19 00:07:13 - INFO - Epoch 1192/1200, Loss: 1.2671960562624116
2024-06-19 00:07:17 - INFO - Epoch 1193/1200, Loss: 1.370813267148866
2024-06-19 00:07:21 - INFO - Epoch 1194/1200, Loss: 1.266591441385839
2024-06-19 00:07:25 - INFO - Epoch 1195/1200, Loss: 1.2484562425651526
2024-06-19 00:07:30 - INFO - Epoch 1196/1200, Loss: 1.2755324750555468
2024-06-19 00:07:36 - INFO - Epoch 1197/1200, Loss: 1.2812001657182301
2024-06-19 00:07:42 - INFO - Epoch 1198/1200, Loss: 1.2694372796715316
2024-06-19 00:07:47 - INFO - Epoch 1199/1200, Loss: 1.2957625767235221
2024-06-19 00:07:53 - INFO - Epoch 1200/1200, Loss: 1.2515554599547405
2024-06-19 00:07:53 - INFO - Finished training model.
2024-06-19 00:07:59 - INFO - 
Generated Code:
2024-06-19 00:07:59 - INFO - ) { float d = FLOAT_LITERAL + FLOAT_LITERAL ; float d = FLOAT_LITERAL + FLOAT_LITERAL ; float d = FLOAT_LITERAL + FLOAT_LITERAL ; float d = FLOAT_LITERAL + FLOAT_LITERAL ; float d = FLOAT_LITERAL + FLOAT_LITERAL ; return d ; } else { float d = FLOAT_LITERAL * FLOAT_LITERAL * FLOAT_LITERAL ; float d = FLOAT_LITERAL + FLOAT_LITERAL * FLOAT_LITERAL ; float d = FLOAT_LITERAL + FLOAT_LITERAL ; float d = FLOAT_LITERAL + FLOAT_LITERAL ; return d ; } else { float d = FLOAT_LITERAL * FLOAT_LITERAL * FLOAT_LITERAL ; float d = FLOAT_LITERAL + FLOAT_LITERAL * FLOAT_LITERAL ; float
2024-06-19 00:07:59 - INFO - Finished training LSTM model.
