2024-07-03 18:08:18 - INFO - This log entry will go into a uniquely named file for this run.
2024-07-03 18:08:18 - INFO - without hidden
2024-07-03 18:08:18 - INFO - valid:3302
2024-07-03 18:08:18 - INFO - invalid:3304
2024-07-03 18:08:18 - INFO - Params:
2024-07-03 18:08:18 - INFO - embedding_dim=32
2024-07-03 18:08:18 - INFO - hidden_dim:32
2024-07-03 18:08:18 - INFO - num_layers:2
2024-07-03 18:08:18 - INFO - epochs:300
2024-07-03 18:08:18 - INFO - batch_size:64
2024-07-03 18:08:18 - INFO - lr:0.001
2024-07-03 18:08:21 - INFO - Starting LSTM model training...
2024-07-03 18:08:24 - INFO - Epoch: 1/300, Training Loss: 0.6931233513175379
2024-07-03 18:08:25 - INFO - Epoch: 1/300, Validation Loss: 2.7602785959269833, Accuracy: 51.23395853899309%
2024-07-03 18:08:25 - INFO - Model saved with validation accuracy: 51.23395853899309%
2024-07-03 18:08:27 - INFO - Epoch: 2/300, Training Loss: 0.6928516377800941
2024-07-03 18:08:28 - INFO - Epoch: 2/300, Validation Loss: 2.7590491279878253, Accuracy: 51.364865444868876%
2024-07-03 18:08:28 - INFO - Model saved with validation accuracy: 51.364865444868876%
2024-07-03 18:08:30 - INFO - Epoch: 3/300, Training Loss: 0.6927864116569278
2024-07-03 18:08:31 - INFO - Epoch: 3/300, Validation Loss: 2.7572516632861777, Accuracy: 51.384179578522684%
2024-07-03 18:08:31 - INFO - Model saved with validation accuracy: 51.384179578522684%
2024-07-03 18:08:33 - INFO - Epoch: 4/300, Training Loss: 0.6921488725272389
2024-07-03 18:08:34 - INFO - Epoch: 4/300, Validation Loss: 2.7503323177170884, Accuracy: 51.899223142624145%
2024-07-03 18:08:34 - INFO - Model saved with validation accuracy: 51.899223142624145%
2024-07-03 18:08:36 - INFO - Epoch: 5/300, Training Loss: 0.6914328082435252
2024-07-03 18:08:37 - INFO - Epoch: 5/300, Validation Loss: 2.759522151425888, Accuracy: 51.35842740031761%
2024-07-03 18:08:39 - INFO - Epoch: 6/300, Training Loss: 0.6927757691617529
2024-07-03 18:08:40 - INFO - Epoch: 6/300, Validation Loss: 2.7579562973455003, Accuracy: 51.35842740031761%
2024-07-03 18:08:42 - INFO - Epoch: 7/300, Training Loss: 0.691545016889873
2024-07-03 18:08:43 - INFO - Epoch: 7/300, Validation Loss: 2.750632673013406, Accuracy: 53.0730932658054%
2024-07-03 18:08:43 - INFO - Model saved with validation accuracy: 53.0730932658054%
2024-07-03 18:08:45 - INFO - Epoch: 8/300, Training Loss: 0.6912311385851992
2024-07-03 18:08:46 - INFO - Epoch: 8/300, Validation Loss: 2.7593946763075117, Accuracy: 51.37344950427057%
2024-07-03 18:08:48 - INFO - Epoch: 9/300, Training Loss: 0.6924462107473931
2024-07-03 18:08:49 - INFO - Epoch: 9/300, Validation Loss: 2.7568466871813997, Accuracy: 52.0365680930512%
2024-07-03 18:08:51 - INFO - Epoch: 10/300, Training Loss: 0.6905658599117002
2024-07-03 18:08:52 - INFO - Epoch: 10/300, Validation Loss: 2.7155771131723956, Accuracy: 55.24700630928366%
2024-07-03 18:08:52 - INFO - Model saved with validation accuracy: 55.24700630928366%
2024-07-03 18:08:55 - INFO - Epoch: 11/300, Training Loss: 0.6855150949317241
2024-07-03 18:08:56 - INFO - Epoch: 11/300, Validation Loss: 2.737773755860459, Accuracy: 54.04953002274776%
2024-07-03 18:08:58 - INFO - Epoch: 12/300, Training Loss: 0.6895876383748728
2024-07-03 18:08:59 - INFO - Epoch: 12/300, Validation Loss: 2.759264584447517, Accuracy: 51.35842740031761%
2024-07-03 18:09:01 - INFO - Epoch: 13/300, Training Loss: 0.6927413785899127
2024-07-03 18:09:02 - INFO - Epoch: 13/300, Validation Loss: 2.7688172150179335, Accuracy: 51.35842740031761%
2024-07-03 18:09:04 - INFO - Epoch: 14/300, Training Loss: 0.6925847268725946
2024-07-03 18:09:05 - INFO - Epoch: 14/300, Validation Loss: 2.7493451833724976, Accuracy: 53.36280527061247%
2024-07-03 18:09:07 - INFO - Epoch: 15/300, Training Loss: 0.6853982240411316
2024-07-03 18:09:08 - INFO - Epoch: 15/300, Validation Loss: 2.6796446761798336, Accuracy: 55.74917378428259%
2024-07-03 18:09:08 - INFO - Model saved with validation accuracy: 55.74917378428259%
2024-07-03 18:09:10 - INFO - Epoch: 16/300, Training Loss: 0.6543496017266366
2024-07-03 18:09:11 - INFO - Epoch: 16/300, Validation Loss: 2.554553432217061, Accuracy: 58.15700244645693%
2024-07-03 18:09:11 - INFO - Model saved with validation accuracy: 58.15700244645693%
2024-07-03 18:09:13 - INFO - Epoch: 17/300, Training Loss: 0.6421826803962226
2024-07-03 18:09:14 - INFO - Epoch: 17/300, Validation Loss: 2.547929812324503, Accuracy: 58.34799776814456%
2024-07-03 18:09:14 - INFO - Model saved with validation accuracy: 58.34799776814456%
2024-07-03 18:09:16 - INFO - Epoch: 18/300, Training Loss: 0.6397212242556861
2024-07-03 18:09:17 - INFO - Epoch: 18/300, Validation Loss: 2.5400805642696027, Accuracy: 58.275033263230185%
2024-07-03 18:09:19 - INFO - Epoch: 19/300, Training Loss: 0.6377488350181423
2024-07-03 18:09:20 - INFO - Epoch: 19/300, Validation Loss: 2.5332733001865324, Accuracy: 58.69994420361389%
2024-07-03 18:09:20 - INFO - Model saved with validation accuracy: 58.69994420361389%
2024-07-03 18:09:22 - INFO - Epoch: 20/300, Training Loss: 0.6334191478165416
2024-07-03 18:09:23 - INFO - Epoch: 20/300, Validation Loss: 2.49580893457913, Accuracy: 60.54551697497747%
2024-07-03 18:09:23 - INFO - Model saved with validation accuracy: 60.54551697497747%
2024-07-03 18:09:25 - INFO - Epoch: 21/300, Training Loss: 0.6152296551134033
2024-07-03 18:09:26 - INFO - Epoch: 21/300, Validation Loss: 2.412546701444303, Accuracy: 61.9060903901455%
2024-07-03 18:09:26 - INFO - Model saved with validation accuracy: 61.9060903901455%
2024-07-03 18:09:29 - INFO - Epoch: 22/300, Training Loss: 0.5943462776303782
2024-07-03 18:09:30 - INFO - Epoch: 22/300, Validation Loss: 2.3369903777792156, Accuracy: 64.39546761663591%
2024-07-03 18:09:30 - INFO - Model saved with validation accuracy: 64.39546761663591%
2024-07-03 18:09:32 - INFO - Epoch: 23/300, Training Loss: 0.58747367988071
2024-07-03 18:09:33 - INFO - Epoch: 23/300, Validation Loss: 2.323593723806527, Accuracy: 64.43624189879394%
2024-07-03 18:09:33 - INFO - Model saved with validation accuracy: 64.43624189879394%
2024-07-03 18:09:35 - INFO - Epoch: 24/300, Training Loss: 0.5810561925377211
2024-07-03 18:09:36 - INFO - Epoch: 24/300, Validation Loss: 2.3193236635030945, Accuracy: 64.5542727155672%
2024-07-03 18:09:36 - INFO - Model saved with validation accuracy: 64.5542727155672%
2024-07-03 18:09:38 - INFO - Epoch: 25/300, Training Loss: 0.580325281301153
2024-07-03 18:09:39 - INFO - Epoch: 25/300, Validation Loss: 2.279700321252229, Accuracy: 65.10794454697627%
2024-07-03 18:09:39 - INFO - Model saved with validation accuracy: 65.10794454697627%
2024-07-03 18:09:41 - INFO - Epoch: 26/300, Training Loss: 0.5735095656784801
2024-07-03 18:09:42 - INFO - Epoch: 26/300, Validation Loss: 2.2460766336956963, Accuracy: 65.9127001158848%
2024-07-03 18:09:42 - INFO - Model saved with validation accuracy: 65.9127001158848%
2024-07-03 18:09:44 - INFO - Epoch: 27/300, Training Loss: 0.5670535925811537
2024-07-03 18:09:45 - INFO - Epoch: 27/300, Validation Loss: 2.2331329207928454, Accuracy: 66.15090776428173%
2024-07-03 18:09:45 - INFO - Model saved with validation accuracy: 66.15090776428173%
2024-07-03 18:09:47 - INFO - Epoch: 28/300, Training Loss: 0.5634146521611468
2024-07-03 18:09:48 - INFO - Epoch: 28/300, Validation Loss: 2.214137719302881, Accuracy: 66.76681402635306%
2024-07-03 18:09:48 - INFO - Model saved with validation accuracy: 66.76681402635306%
2024-07-03 18:09:50 - INFO - Epoch: 29/300, Training Loss: 0.5527318760200783
2024-07-03 18:09:51 - INFO - Epoch: 29/300, Validation Loss: 2.136371552129912, Accuracy: 68.20893600583716%
2024-07-03 18:09:51 - INFO - Model saved with validation accuracy: 68.20893600583716%
2024-07-03 18:09:53 - INFO - Epoch: 30/300, Training Loss: 0.5390700524971809
2024-07-03 18:09:54 - INFO - Epoch: 30/300, Validation Loss: 2.0705025692780814, Accuracy: 69.38924417356968%
2024-07-03 18:09:54 - INFO - Model saved with validation accuracy: 69.38924417356968%
2024-07-03 18:09:56 - INFO - Epoch: 31/300, Training Loss: 0.5244655610766104
2024-07-03 18:09:57 - INFO - Epoch: 31/300, Validation Loss: 2.063376976166918, Accuracy: 69.5416112279497%
2024-07-03 18:09:57 - INFO - Model saved with validation accuracy: 69.5416112279497%
2024-07-03 18:09:59 - INFO - Epoch: 32/300, Training Loss: 0.5186996316059463
2024-07-03 18:10:00 - INFO - Epoch: 32/300, Validation Loss: 2.031133277982962, Accuracy: 69.52658912399674%
2024-07-03 18:10:02 - INFO - Epoch: 33/300, Training Loss: 0.5126238723268888
2024-07-03 18:10:03 - INFO - Epoch: 33/300, Validation Loss: 2.0143046936050792, Accuracy: 69.9858363019872%
2024-07-03 18:10:03 - INFO - Model saved with validation accuracy: 69.9858363019872%
2024-07-03 18:10:05 - INFO - Epoch: 34/300, Training Loss: 0.50451951573088
2024-07-03 18:10:06 - INFO - Epoch: 34/300, Validation Loss: 1.942881124104307, Accuracy: 70.15966350487146%
2024-07-03 18:10:06 - INFO - Model saved with validation accuracy: 70.15966350487146%
2024-07-03 18:10:09 - INFO - Epoch: 35/300, Training Loss: 0.49746336024484517
2024-07-03 18:10:10 - INFO - Epoch: 35/300, Validation Loss: 1.9315910253042732, Accuracy: 70.172539593974%
2024-07-03 18:10:10 - INFO - Model saved with validation accuracy: 70.172539593974%
2024-07-03 18:10:12 - INFO - Epoch: 36/300, Training Loss: 0.4922457800971137
2024-07-03 18:10:13 - INFO - Epoch: 36/300, Validation Loss: 1.9185221307590359, Accuracy: 69.97081419803425%
2024-07-03 18:10:15 - INFO - Epoch: 37/300, Training Loss: 0.487951656182607
2024-07-03 18:10:16 - INFO - Epoch: 37/300, Validation Loss: 1.8963504614400082, Accuracy: 70.2583801879909%
2024-07-03 18:10:16 - INFO - Model saved with validation accuracy: 70.2583801879909%
2024-07-03 18:10:18 - INFO - Epoch: 38/300, Training Loss: 0.48355845876027853
2024-07-03 18:10:19 - INFO - Epoch: 38/300, Validation Loss: 1.8702258972522339, Accuracy: 70.39143310871711%
2024-07-03 18:10:19 - INFO - Model saved with validation accuracy: 70.39143310871711%
2024-07-03 18:10:21 - INFO - Epoch: 39/300, Training Loss: 0.4806773624138904
2024-07-03 18:10:22 - INFO - Epoch: 39/300, Validation Loss: 1.8601706563775005, Accuracy: 70.41074724237092%
2024-07-03 18:10:22 - INFO - Model saved with validation accuracy: 70.41074724237092%
2024-07-03 18:10:24 - INFO - Epoch: 40/300, Training Loss: 0.4738371281875668
2024-07-03 18:10:25 - INFO - Epoch: 40/300, Validation Loss: 1.8411362443139645, Accuracy: 70.79273788574616%
2024-07-03 18:10:25 - INFO - Model saved with validation accuracy: 70.79273788574616%
2024-07-03 18:10:27 - INFO - Epoch: 41/300, Training Loss: 0.47217973600689767
2024-07-03 18:10:28 - INFO - Epoch: 41/300, Validation Loss: 1.858586972528468, Accuracy: 70.68114511352418%
2024-07-03 18:10:30 - INFO - Epoch: 42/300, Training Loss: 0.4659731013621159
2024-07-03 18:10:31 - INFO - Epoch: 42/300, Validation Loss: 1.8080285160593648, Accuracy: 70.80561397484871%
2024-07-03 18:10:31 - INFO - Model saved with validation accuracy: 70.80561397484871%
2024-07-03 18:10:33 - INFO - Epoch: 43/300, Training Loss: 0.46519055696835404
2024-07-03 18:10:34 - INFO - Epoch: 43/300, Validation Loss: 1.7929524917745852, Accuracy: 70.89360058371604%
2024-07-03 18:10:34 - INFO - Model saved with validation accuracy: 70.89360058371604%
2024-07-03 18:10:37 - INFO - Epoch: 44/300, Training Loss: 0.4640605159420699
2024-07-03 18:10:38 - INFO - Epoch: 44/300, Validation Loss: 1.8550577324921969, Accuracy: 70.55882226705009%
2024-07-03 18:10:41 - INFO - Epoch: 45/300, Training Loss: 0.460997392815654
2024-07-03 18:10:43 - INFO - Epoch: 45/300, Validation Loss: 1.7880350084252696, Accuracy: 70.9837332074338%
2024-07-03 18:10:43 - INFO - Model saved with validation accuracy: 70.9837332074338%
2024-07-03 18:10:47 - INFO - Epoch: 46/300, Training Loss: 0.4581612242265657
2024-07-03 18:10:49 - INFO - Epoch: 46/300, Validation Loss: 1.8003017161387564, Accuracy: 71.04167560839521%
2024-07-03 18:10:49 - INFO - Model saved with validation accuracy: 71.04167560839521%
2024-07-03 18:10:53 - INFO - Epoch: 47/300, Training Loss: 0.4562182079372092
2024-07-03 18:10:55 - INFO - Epoch: 47/300, Validation Loss: 1.7862566730689482, Accuracy: 70.72621142538307%
2024-07-03 18:10:59 - INFO - Epoch: 48/300, Training Loss: 0.45420642219616714
2024-07-03 18:11:02 - INFO - Epoch: 48/300, Validation Loss: 1.7634129804340217, Accuracy: 71.25198506373664%
2024-07-03 18:11:02 - INFO - Model saved with validation accuracy: 71.25198506373664%
2024-07-03 18:11:06 - INFO - Epoch: 49/300, Training Loss: 0.4501634803492019
2024-07-03 18:11:08 - INFO - Epoch: 49/300, Validation Loss: 1.7640268615360468, Accuracy: 71.09747199450621%
2024-07-03 18:11:12 - INFO - Epoch: 50/300, Training Loss: 0.4491680354002572
2024-07-03 18:11:14 - INFO - Epoch: 50/300, Validation Loss: 1.757202019294103, Accuracy: 71.436542340873%
2024-07-03 18:11:14 - INFO - Model saved with validation accuracy: 71.436542340873%
2024-07-03 18:11:18 - INFO - Epoch: 51/300, Training Loss: 0.4492187091597804
2024-07-03 18:11:20 - INFO - Epoch: 51/300, Validation Loss: 1.7419994650968438, Accuracy: 71.34855573200566%
2024-07-03 18:11:24 - INFO - Epoch: 52/300, Training Loss: 0.4448991789085221
2024-07-03 18:11:26 - INFO - Epoch: 52/300, Validation Loss: 1.7143837863304576, Accuracy: 71.69191810807331%
2024-07-03 18:11:26 - INFO - Model saved with validation accuracy: 71.69191810807331%
2024-07-03 18:11:30 - INFO - Epoch: 53/300, Training Loss: 0.4427435810183301
2024-07-03 18:11:32 - INFO - Epoch: 53/300, Validation Loss: 1.7234236098052373, Accuracy: 71.66401991501782%
2024-07-03 18:11:36 - INFO - Epoch: 54/300, Training Loss: 0.44169733880805706
2024-07-03 18:11:38 - INFO - Epoch: 54/300, Validation Loss: 1.723919890454558, Accuracy: 71.64255976651359%
2024-07-03 18:11:42 - INFO - Epoch: 55/300, Training Loss: 0.43872228195310786
2024-07-03 18:11:44 - INFO - Epoch: 55/300, Validation Loss: 1.7154070166616493, Accuracy: 71.80351088029529%
2024-07-03 18:11:44 - INFO - Model saved with validation accuracy: 71.80351088029529%
2024-07-03 18:11:48 - INFO - Epoch: 56/300, Training Loss: 0.44096387446499
2024-07-03 18:11:50 - INFO - Epoch: 56/300, Validation Loss: 1.7028108069805499, Accuracy: 71.96016996437615%
2024-07-03 18:11:50 - INFO - Model saved with validation accuracy: 71.96016996437615%
2024-07-03 18:11:54 - INFO - Epoch: 57/300, Training Loss: 0.4364073185763732
2024-07-03 18:11:56 - INFO - Epoch: 57/300, Validation Loss: 1.700122661929313, Accuracy: 71.85072320700459%
2024-07-03 18:12:00 - INFO - Epoch: 58/300, Training Loss: 0.4342524585491672
2024-07-03 18:12:02 - INFO - Epoch: 58/300, Validation Loss: 1.6828601607859461, Accuracy: 72.12755912270913%
2024-07-03 18:12:02 - INFO - Model saved with validation accuracy: 72.12755912270913%
2024-07-03 18:12:06 - INFO - Epoch: 59/300, Training Loss: 0.43187340313188005
2024-07-03 18:12:09 - INFO - Epoch: 59/300, Validation Loss: 1.7420045976104632, Accuracy: 72.0116743207863%
2024-07-03 18:12:13 - INFO - Epoch: 60/300, Training Loss: 0.4323642856463156
2024-07-03 18:12:15 - INFO - Epoch: 60/300, Validation Loss: 1.677755142007369, Accuracy: 72.04171852869221%
2024-07-03 18:12:19 - INFO - Epoch: 61/300, Training Loss: 0.432289275735494
2024-07-03 18:12:21 - INFO - Epoch: 61/300, Validation Loss: 1.6720479808218491, Accuracy: 72.29709429589252%
2024-07-03 18:12:21 - INFO - Model saved with validation accuracy: 72.29709429589252%
2024-07-03 18:12:25 - INFO - Epoch: 62/300, Training Loss: 0.4296501006609128
2024-07-03 18:12:27 - INFO - Epoch: 62/300, Validation Loss: 1.674320942880026, Accuracy: 72.33143053349929%
2024-07-03 18:12:27 - INFO - Model saved with validation accuracy: 72.33143053349929%
2024-07-03 18:12:31 - INFO - Epoch: 63/300, Training Loss: 0.4273914802098961
2024-07-03 18:12:33 - INFO - Epoch: 63/300, Validation Loss: 1.6666600622766006, Accuracy: 72.42370917206748%
2024-07-03 18:12:33 - INFO - Model saved with validation accuracy: 72.42370917206748%
2024-07-03 18:12:37 - INFO - Epoch: 64/300, Training Loss: 0.4274291875267552
2024-07-03 18:12:39 - INFO - Epoch: 64/300, Validation Loss: 1.6717791036178506, Accuracy: 72.30997038499507%
2024-07-03 18:12:43 - INFO - Epoch: 65/300, Training Loss: 0.42415365983511033
2024-07-03 18:12:45 - INFO - Epoch: 65/300, Validation Loss: 1.6752408847131364, Accuracy: 72.34430662260183%
2024-07-03 18:12:49 - INFO - Epoch: 66/300, Training Loss: 0.42592993468577645
2024-07-03 18:12:51 - INFO - Epoch: 66/300, Validation Loss: 1.6624912530020939, Accuracy: 72.44302330572127%
2024-07-03 18:12:51 - INFO - Model saved with validation accuracy: 72.44302330572127%
2024-07-03 18:12:55 - INFO - Epoch: 67/300, Training Loss: 0.42234078752814663
2024-07-03 18:12:58 - INFO - Epoch: 67/300, Validation Loss: 1.6528617941616663, Accuracy: 72.71556719172497%
2024-07-03 18:12:58 - INFO - Model saved with validation accuracy: 72.71556719172497%
2024-07-03 18:13:02 - INFO - Epoch: 68/300, Training Loss: 0.4252371162952873
2024-07-03 18:13:04 - INFO - Epoch: 68/300, Validation Loss: 1.6652254923119572, Accuracy: 72.64689471651144%
2024-07-03 18:13:08 - INFO - Epoch: 69/300, Training Loss: 0.4212829941175929
2024-07-03 18:13:10 - INFO - Epoch: 69/300, Validation Loss: 1.6525200543507852, Accuracy: 72.62114253830636%
2024-07-03 18:13:14 - INFO - Epoch: 70/300, Training Loss: 0.4211397854961322
2024-07-03 18:13:16 - INFO - Epoch: 70/300, Validation Loss: 1.6352686080776277, Accuracy: 72.95592085497232%
2024-07-03 18:13:16 - INFO - Model saved with validation accuracy: 72.95592085497232%
2024-07-03 18:13:20 - INFO - Epoch: 71/300, Training Loss: 0.4183939394064564
2024-07-03 18:13:22 - INFO - Epoch: 71/300, Validation Loss: 1.6572147550804368, Accuracy: 72.85291214215202%
2024-07-03 18:13:26 - INFO - Epoch: 72/300, Training Loss: 0.41572875183060337
2024-07-03 18:13:28 - INFO - Epoch: 72/300, Validation Loss: 1.6203011679844779, Accuracy: 72.98596506287824%
2024-07-03 18:13:28 - INFO - Model saved with validation accuracy: 72.98596506287824%
2024-07-03 18:13:32 - INFO - Epoch: 73/300, Training Loss: 0.41800688630268895
2024-07-03 18:13:34 - INFO - Epoch: 73/300, Validation Loss: 1.6250107136906171, Accuracy: 73.01815528563458%
2024-07-03 18:13:34 - INFO - Model saved with validation accuracy: 73.01815528563458%
2024-07-03 18:13:38 - INFO - Epoch: 74/300, Training Loss: 0.4135544829489599
2024-07-03 18:13:40 - INFO - Epoch: 74/300, Validation Loss: 1.6309512197319926, Accuracy: 73.05034550839092%
2024-07-03 18:13:40 - INFO - Model saved with validation accuracy: 73.05034550839092%
2024-07-03 18:13:44 - INFO - Epoch: 75/300, Training Loss: 0.4167909899570651
2024-07-03 18:13:46 - INFO - Epoch: 75/300, Validation Loss: 1.6348212783942457, Accuracy: 73.05463753809177%
2024-07-03 18:13:46 - INFO - Model saved with validation accuracy: 73.05463753809177%
2024-07-03 18:13:50 - INFO - Epoch: 76/300, Training Loss: 0.41454641956360744
2024-07-03 18:13:52 - INFO - Epoch: 76/300, Validation Loss: 1.601551912521404, Accuracy: 73.12545602815571%
2024-07-03 18:13:52 - INFO - Model saved with validation accuracy: 73.12545602815571%
2024-07-03 18:13:56 - INFO - Epoch: 77/300, Training Loss: 0.4124647932042801
2024-07-03 18:13:58 - INFO - Epoch: 77/300, Validation Loss: 1.6008901475557213, Accuracy: 73.24563285977939%
2024-07-03 18:13:58 - INFO - Model saved with validation accuracy: 73.24563285977939%
2024-07-03 18:14:02 - INFO - Epoch: 78/300, Training Loss: 0.41268252087718665
2024-07-03 18:14:04 - INFO - Epoch: 78/300, Validation Loss: 1.6003066026122192, Accuracy: 73.32288939439461%
2024-07-03 18:14:04 - INFO - Model saved with validation accuracy: 73.32288939439461%
2024-07-03 18:14:08 - INFO - Epoch: 79/300, Training Loss: 0.4142432156822482
2024-07-03 18:14:10 - INFO - Epoch: 79/300, Validation Loss: 1.6031862551071605, Accuracy: 73.22417271127516%
2024-07-03 18:14:14 - INFO - Epoch: 80/300, Training Loss: 0.4136885963431438
2024-07-03 18:14:16 - INFO - Epoch: 80/300, Validation Loss: 1.5991386297296306, Accuracy: 73.33361946864672%
2024-07-03 18:14:16 - INFO - Model saved with validation accuracy: 73.33361946864672%
2024-07-03 18:14:20 - INFO - Epoch: 81/300, Training Loss: 0.4101861944659747
2024-07-03 18:14:22 - INFO - Epoch: 81/300, Validation Loss: 1.5930575104684777, Accuracy: 73.21988068157431%
2024-07-03 18:14:25 - INFO - Epoch: 82/300, Training Loss: 0.410168245209915
2024-07-03 18:14:27 - INFO - Epoch: 82/300, Validation Loss: 1.590519048314277, Accuracy: 73.38297781020644%
2024-07-03 18:14:27 - INFO - Model saved with validation accuracy: 73.38297781020644%
2024-07-03 18:14:31 - INFO - Epoch: 83/300, Training Loss: 0.41105307712231154
2024-07-03 18:14:33 - INFO - Epoch: 83/300, Validation Loss: 1.6134568780172067, Accuracy: 73.27996909738616%
2024-07-03 18:14:37 - INFO - Epoch: 84/300, Training Loss: 0.4115944460995076
2024-07-03 18:14:39 - INFO - Epoch: 84/300, Validation Loss: 1.5966646597196497, Accuracy: 73.26923902313403%
2024-07-03 18:14:43 - INFO - Epoch: 85/300, Training Loss: 0.40673270729588873
2024-07-03 18:14:45 - INFO - Epoch: 85/300, Validation Loss: 1.5910783937293782, Accuracy: 73.39156186960814%
2024-07-03 18:14:45 - INFO - Model saved with validation accuracy: 73.39156186960814%
2024-07-03 18:14:49 - INFO - Epoch: 86/300, Training Loss: 0.4063832956086461
2024-07-03 18:14:51 - INFO - Epoch: 86/300, Validation Loss: 1.5992165711082396, Accuracy: 73.34434954289884%
2024-07-03 18:14:55 - INFO - Epoch: 87/300, Training Loss: 0.4061095551044689
2024-07-03 18:14:57 - INFO - Epoch: 87/300, Validation Loss: 1.5792203695396256, Accuracy: 73.58684922099661%
2024-07-03 18:14:57 - INFO - Model saved with validation accuracy: 73.58684922099661%
2024-07-03 18:15:01 - INFO - Epoch: 88/300, Training Loss: 0.408605070414203
2024-07-03 18:15:03 - INFO - Epoch: 88/300, Validation Loss: 1.5856568731896865, Accuracy: 73.33576548349714%
2024-07-03 18:15:07 - INFO - Epoch: 89/300, Training Loss: 0.4060921808410901
2024-07-03 18:15:09 - INFO - Epoch: 89/300, Validation Loss: 1.5907029063323808, Accuracy: 73.4258981072149%
2024-07-03 18:15:13 - INFO - Epoch: 90/300, Training Loss: 0.4078933215599165
2024-07-03 18:15:15 - INFO - Epoch: 90/300, Validation Loss: 1.6047560595423798, Accuracy: 73.44521224086871%
2024-07-03 18:15:19 - INFO - Epoch: 91/300, Training Loss: 0.4052098513835088
2024-07-03 18:15:21 - INFO - Epoch: 91/300, Validation Loss: 1.5862876771252012, Accuracy: 73.55895102794112%
2024-07-03 18:15:25 - INFO - Epoch: 92/300, Training Loss: 0.40569511540387393
2024-07-03 18:15:27 - INFO - Epoch: 92/300, Validation Loss: 1.5919596480378688, Accuracy: 73.56109704279153%
2024-07-03 18:15:31 - INFO - Epoch: 93/300, Training Loss: 0.4053979689774036
2024-07-03 18:15:33 - INFO - Epoch: 93/300, Validation Loss: 1.5705459159010096, Accuracy: 73.59757929524872%
2024-07-03 18:15:33 - INFO - Model saved with validation accuracy: 73.59757929524872%
2024-07-03 18:15:37 - INFO - Epoch: 94/300, Training Loss: 0.40569421027586455
2024-07-03 18:15:39 - INFO - Epoch: 94/300, Validation Loss: 1.5984094116857144, Accuracy: 73.34649555774926%
2024-07-03 18:15:43 - INFO - Epoch: 95/300, Training Loss: 0.40636401714447923
2024-07-03 18:15:45 - INFO - Epoch: 95/300, Validation Loss: 1.5795215645123049, Accuracy: 73.53749087943689%
2024-07-03 18:15:49 - INFO - Epoch: 96/300, Training Loss: 0.4038401968439911
2024-07-03 18:15:51 - INFO - Epoch: 96/300, Validation Loss: 1.5799324618336932, Accuracy: 73.66410575561183%
2024-07-03 18:15:51 - INFO - Model saved with validation accuracy: 73.66410575561183%
2024-07-03 18:15:55 - INFO - Epoch: 97/300, Training Loss: 0.4041730508065191
2024-07-03 18:15:57 - INFO - Epoch: 97/300, Validation Loss: 1.576070103651839, Accuracy: 73.76067642388085%
2024-07-03 18:15:57 - INFO - Model saved with validation accuracy: 73.76067642388085%
2024-07-03 18:16:01 - INFO - Epoch: 98/300, Training Loss: 0.4026883679898187
2024-07-03 18:16:03 - INFO - Epoch: 98/300, Validation Loss: 1.5875297105703197, Accuracy: 73.69200394866732%
2024-07-03 18:16:07 - INFO - Epoch: 99/300, Training Loss: 0.40075002698577805
2024-07-03 18:16:09 - INFO - Epoch: 99/300, Validation Loss: 1.556982730092898, Accuracy: 73.79501266148762%
2024-07-03 18:16:09 - INFO - Model saved with validation accuracy: 73.79501266148762%
2024-07-03 18:16:13 - INFO - Epoch: 100/300, Training Loss: 0.40164366949078806
2024-07-03 18:16:15 - INFO - Epoch: 100/300, Validation Loss: 1.5662116313078365, Accuracy: 73.84222498819692%
2024-07-03 18:16:15 - INFO - Model saved with validation accuracy: 73.84222498819692%
2024-07-03 18:16:18 - INFO - Epoch: 101/300, Training Loss: 0.40093095999195744
2024-07-03 18:16:20 - INFO - Epoch: 101/300, Validation Loss: 1.5864252567779822, Accuracy: 73.46023434482167%
2024-07-03 18:16:24 - INFO - Epoch: 102/300, Training Loss: 0.40209411847084475
2024-07-03 18:16:26 - INFO - Epoch: 102/300, Validation Loss: 1.562593524410425, Accuracy: 73.71561011202198%
2024-07-03 18:16:30 - INFO - Epoch: 103/300, Training Loss: 0.399051564057014
2024-07-03 18:16:32 - INFO - Epoch: 103/300, Validation Loss: 1.557682787378629, Accuracy: 73.80574273573973%
2024-07-03 18:16:36 - INFO - Epoch: 104/300, Training Loss: 0.3993678592932404
2024-07-03 18:16:38 - INFO - Epoch: 104/300, Validation Loss: 1.5582095045861, Accuracy: 73.89372934460707%
2024-07-03 18:16:38 - INFO - Model saved with validation accuracy: 73.89372934460707%
2024-07-03 18:16:42 - INFO - Epoch: 105/300, Training Loss: 0.4012503610062828
2024-07-03 18:16:44 - INFO - Epoch: 105/300, Validation Loss: 1.5723797787245506, Accuracy: 73.83793295849607%
2024-07-03 18:16:48 - INFO - Epoch: 106/300, Training Loss: 0.40080048781608846
2024-07-03 18:16:50 - INFO - Epoch: 106/300, Validation Loss: 1.5526860685296398, Accuracy: 73.81647280999185%
2024-07-03 18:16:54 - INFO - Epoch: 107/300, Training Loss: 0.39731960466696237
2024-07-03 18:16:56 - INFO - Epoch: 107/300, Validation Loss: 1.5519940374327488, Accuracy: 74.0096141465299%
2024-07-03 18:16:56 - INFO - Model saved with validation accuracy: 74.0096141465299%
2024-07-03 18:16:59 - INFO - Epoch: 108/300, Training Loss: 0.3974383896515693
2024-07-03 18:17:01 - INFO - Epoch: 108/300, Validation Loss: 1.5621986416845375, Accuracy: 73.91948152281213%
2024-07-03 18:17:05 - INFO - Epoch: 109/300, Training Loss: 0.4007879570024331
2024-07-03 18:17:07 - INFO - Epoch: 109/300, Validation Loss: 1.562912364800771, Accuracy: 73.97527790892313%
2024-07-03 18:17:11 - INFO - Epoch: 110/300, Training Loss: 0.39953701965643706
2024-07-03 18:17:13 - INFO - Epoch: 110/300, Validation Loss: 1.5477809445128414, Accuracy: 74.06970256234173%
2024-07-03 18:17:13 - INFO - Model saved with validation accuracy: 74.06970256234173%
2024-07-03 18:17:17 - INFO - Epoch: 111/300, Training Loss: 0.39641724046529236
2024-07-03 18:17:19 - INFO - Epoch: 111/300, Validation Loss: 1.5543502780909095, Accuracy: 73.99673805742735%
2024-07-03 18:17:23 - INFO - Epoch: 112/300, Training Loss: 0.3954852114039357
2024-07-03 18:17:25 - INFO - Epoch: 112/300, Validation Loss: 1.5486466404193087, Accuracy: 74.03536632473497%
2024-07-03 18:17:29 - INFO - Epoch: 113/300, Training Loss: 0.3964245277667732
2024-07-03 18:17:31 - INFO - Epoch: 113/300, Validation Loss: 1.5469847471336198, Accuracy: 74.09974677024765%
2024-07-03 18:17:31 - INFO - Model saved with validation accuracy: 74.09974677024765%
2024-07-03 18:17:35 - INFO - Epoch: 114/300, Training Loss: 0.39745053276930653
2024-07-03 18:17:37 - INFO - Epoch: 114/300, Validation Loss: 1.5503231848849626, Accuracy: 74.06970256234173%
2024-07-03 18:17:41 - INFO - Epoch: 115/300, Training Loss: 0.39563268817583064
2024-07-03 18:17:43 - INFO - Epoch: 115/300, Validation Loss: 1.5366017367344735, Accuracy: 74.05038842868792%
2024-07-03 18:17:47 - INFO - Epoch: 116/300, Training Loss: 0.3977545659237928
2024-07-03 18:17:49 - INFO - Epoch: 116/300, Validation Loss: 1.5511188207428313, Accuracy: 73.97956993862398%
2024-07-03 18:17:52 - INFO - Epoch: 117/300, Training Loss: 0.39704279341978954
2024-07-03 18:17:55 - INFO - Epoch: 117/300, Validation Loss: 1.5427699821894285, Accuracy: 74.03965835443582%
2024-07-03 18:17:59 - INFO - Epoch: 118/300, Training Loss: 0.3942584270721273
2024-07-03 18:18:01 - INFO - Epoch: 118/300, Validation Loss: 1.5392434844553797, Accuracy: 74.24996780977725%
2024-07-03 18:18:01 - INFO - Model saved with validation accuracy: 74.24996780977725%
2024-07-03 18:18:05 - INFO - Epoch: 119/300, Training Loss: 0.397034208347768
2024-07-03 18:18:07 - INFO - Epoch: 119/300, Validation Loss: 1.5480730305603945, Accuracy: 74.02249023563243%
2024-07-03 18:18:11 - INFO - Epoch: 120/300, Training Loss: 0.3955031865479524
2024-07-03 18:18:13 - INFO - Epoch: 120/300, Validation Loss: 1.5442121579347412, Accuracy: 74.16412721576033%
2024-07-03 18:18:17 - INFO - Epoch: 121/300, Training Loss: 0.3926484645107973
2024-07-03 18:18:19 - INFO - Epoch: 121/300, Validation Loss: 1.5499322600052006, Accuracy: 74.11262285935018%
2024-07-03 18:18:23 - INFO - Epoch: 122/300, Training Loss: 0.3945714357131466
2024-07-03 18:18:25 - INFO - Epoch: 122/300, Validation Loss: 1.5394319190027936, Accuracy: 74.29503412163612%
2024-07-03 18:18:25 - INFO - Model saved with validation accuracy: 74.29503412163612%
2024-07-03 18:18:29 - INFO - Epoch: 123/300, Training Loss: 0.395225317696485
2024-07-03 18:18:31 - INFO - Epoch: 123/300, Validation Loss: 1.5303367598623525, Accuracy: 74.395896819606%
2024-07-03 18:18:31 - INFO - Model saved with validation accuracy: 74.395896819606%
2024-07-03 18:18:34 - INFO - Epoch: 124/300, Training Loss: 0.3930182278728616
2024-07-03 18:18:37 - INFO - Epoch: 124/300, Validation Loss: 1.5323476424959839, Accuracy: 74.43023305721276%
2024-07-03 18:18:37 - INFO - Model saved with validation accuracy: 74.43023305721276%
2024-07-03 18:18:41 - INFO - Epoch: 125/300, Training Loss: 0.3925831882674017
2024-07-03 18:18:43 - INFO - Epoch: 125/300, Validation Loss: 1.5323497104188784, Accuracy: 74.15339714150822%
2024-07-03 18:18:47 - INFO - Epoch: 126/300, Training Loss: 0.39382464623663815
2024-07-03 18:18:49 - INFO - Epoch: 126/300, Validation Loss: 1.5392401311241213, Accuracy: 74.28859607708485%
2024-07-03 18:18:53 - INFO - Epoch: 127/300, Training Loss: 0.3929466930191213
2024-07-03 18:18:55 - INFO - Epoch: 127/300, Validation Loss: 1.5346281574072083, Accuracy: 74.395896819606%
2024-07-03 18:18:59 - INFO - Epoch: 128/300, Training Loss: 0.3928786443830027
2024-07-03 18:19:01 - INFO - Epoch: 128/300, Validation Loss: 1.533018247758756, Accuracy: 74.30361818103782%
2024-07-03 18:19:05 - INFO - Epoch: 129/300, Training Loss: 0.39384886054181595
2024-07-03 18:19:07 - INFO - Epoch: 129/300, Validation Loss: 1.528697192098925, Accuracy: 74.17700330486286%
2024-07-03 18:19:11 - INFO - Epoch: 130/300, Training Loss: 0.39175690681927816
2024-07-03 18:19:12 - INFO - Epoch: 130/300, Validation Loss: 1.5303126314624411, Accuracy: 74.43023305721276%
2024-07-03 18:19:16 - INFO - Epoch: 131/300, Training Loss: 0.3938329468170802
2024-07-03 18:19:18 - INFO - Epoch: 131/300, Validation Loss: 1.525929981893529, Accuracy: 74.32078629984119%
2024-07-03 18:19:22 - INFO - Epoch: 132/300, Training Loss: 0.39481548051284665
2024-07-03 18:19:24 - INFO - Epoch: 132/300, Validation Loss: 1.5386885308502802, Accuracy: 74.3122022404395%
2024-07-03 18:19:29 - INFO - Epoch: 133/300, Training Loss: 0.39029108067598856
2024-07-03 18:19:31 - INFO - Epoch: 133/300, Validation Loss: 1.527623227548078, Accuracy: 74.34439246319585%
2024-07-03 18:19:35 - INFO - Epoch: 134/300, Training Loss: 0.3900016103200461
2024-07-03 18:19:37 - INFO - Epoch: 134/300, Validation Loss: 1.5774232968280875, Accuracy: 74.15983518605948%
2024-07-03 18:19:41 - INFO - Epoch: 135/300, Training Loss: 0.39237078905759687
2024-07-03 18:19:43 - INFO - Epoch: 135/300, Validation Loss: 1.5340835823387395, Accuracy: 74.41091892355895%
2024-07-03 18:19:47 - INFO - Epoch: 136/300, Training Loss: 0.39121998954865833
2024-07-03 18:19:49 - INFO - Epoch: 136/300, Validation Loss: 1.5367132851986285, Accuracy: 74.30361818103782%
2024-07-03 18:19:53 - INFO - Epoch: 137/300, Training Loss: 0.39177340816895495
2024-07-03 18:19:55 - INFO - Epoch: 137/300, Validation Loss: 1.5213427351472155, Accuracy: 74.43881711661444%
2024-07-03 18:19:55 - INFO - Model saved with validation accuracy: 74.43881711661444%
2024-07-03 18:19:59 - INFO - Epoch: 138/300, Training Loss: 0.3909114684669406
2024-07-03 18:20:01 - INFO - Epoch: 138/300, Validation Loss: 1.5313976315852722, Accuracy: 74.4624232799691%
2024-07-03 18:20:01 - INFO - Model saved with validation accuracy: 74.4624232799691%
2024-07-03 18:20:05 - INFO - Epoch: 139/300, Training Loss: 0.3904377277250643
2024-07-03 18:20:07 - INFO - Epoch: 139/300, Validation Loss: 1.521844004672733, Accuracy: 74.4538392205674%
2024-07-03 18:20:11 - INFO - Epoch: 140/300, Training Loss: 0.38963970791328756
2024-07-03 18:20:13 - INFO - Epoch: 140/300, Validation Loss: 1.518000040549398, Accuracy: 74.45169320571698%
2024-07-03 18:20:17 - INFO - Epoch: 141/300, Training Loss: 0.3900887172245031
2024-07-03 18:20:19 - INFO - Epoch: 141/300, Validation Loss: 1.51512283502055, Accuracy: 74.49675951757587%
2024-07-03 18:20:19 - INFO - Model saved with validation accuracy: 74.49675951757587%
2024-07-03 18:20:23 - INFO - Epoch: 142/300, Training Loss: 0.38669252929128245
2024-07-03 18:20:25 - INFO - Epoch: 142/300, Validation Loss: 1.5181776753377394, Accuracy: 74.48602944332374%
2024-07-03 18:20:29 - INFO - Epoch: 143/300, Training Loss: 0.3888544664297902
2024-07-03 18:20:31 - INFO - Epoch: 143/300, Validation Loss: 1.511778864297059, Accuracy: 74.58260011159277%
2024-07-03 18:20:31 - INFO - Model saved with validation accuracy: 74.58260011159277%
2024-07-03 18:20:35 - INFO - Epoch: 144/300, Training Loss: 0.38853424192701347
2024-07-03 18:20:37 - INFO - Epoch: 144/300, Validation Loss: 1.5495776506395287, Accuracy: 74.21992360187133%
2024-07-03 18:20:41 - INFO - Epoch: 145/300, Training Loss: 0.38907650611855205
2024-07-03 18:20:43 - INFO - Epoch: 145/300, Validation Loss: 1.5118087594463525, Accuracy: 74.63625048285334%
2024-07-03 18:20:43 - INFO - Model saved with validation accuracy: 74.63625048285334%
2024-07-03 18:20:47 - INFO - Epoch: 146/300, Training Loss: 0.38776722711872497
2024-07-03 18:20:49 - INFO - Epoch: 146/300, Validation Loss: 1.5374816019352668, Accuracy: 74.37872870080261%
2024-07-03 18:20:53 - INFO - Epoch: 147/300, Training Loss: 0.39198018904821375
2024-07-03 18:20:55 - INFO - Epoch: 147/300, Validation Loss: 1.5146521542404519, Accuracy: 74.49246748787502%
2024-07-03 18:20:59 - INFO - Epoch: 148/300, Training Loss: 0.3864732380389186
2024-07-03 18:21:01 - INFO - Epoch: 148/300, Validation Loss: 1.511109210917207, Accuracy: 74.59118417099447%
2024-07-03 18:21:05 - INFO - Epoch: 149/300, Training Loss: 0.3898108456442222
2024-07-03 18:21:07 - INFO - Epoch: 149/300, Validation Loss: 1.5091634156599723, Accuracy: 74.78647152238294%
2024-07-03 18:21:07 - INFO - Model saved with validation accuracy: 74.78647152238294%
2024-07-03 18:21:11 - INFO - Epoch: 150/300, Training Loss: 0.38838595842791845
2024-07-03 18:21:13 - INFO - Epoch: 150/300, Validation Loss: 1.5196291792913865, Accuracy: 74.55255590368685%
2024-07-03 18:21:17 - INFO - Epoch: 151/300, Training Loss: 0.38754945633669774
2024-07-03 18:21:19 - INFO - Epoch: 151/300, Validation Loss: 1.5150301831016124, Accuracy: 74.66844070560968%
2024-07-03 18:21:23 - INFO - Epoch: 152/300, Training Loss: 0.3865307948062776
2024-07-03 18:21:25 - INFO - Epoch: 152/300, Validation Loss: 1.5280762269197266, Accuracy: 74.57401605219108%
2024-07-03 18:21:29 - INFO - Epoch: 153/300, Training Loss: 0.3889778075721856
2024-07-03 18:21:31 - INFO - Epoch: 153/300, Validation Loss: 1.5089581194308286, Accuracy: 74.61693634919953%
2024-07-03 18:21:35 - INFO - Epoch: 154/300, Training Loss: 0.38933529149848245
2024-07-03 18:21:37 - INFO - Epoch: 154/300, Validation Loss: 1.5271091024732328, Accuracy: 74.52894974033221%
2024-07-03 18:21:41 - INFO - Epoch: 155/300, Training Loss: 0.38913546331911586
2024-07-03 18:21:43 - INFO - Epoch: 155/300, Validation Loss: 1.5092307536002716, Accuracy: 74.65341860165672%
2024-07-03 18:21:47 - INFO - Epoch: 156/300, Training Loss: 0.3848153546513844
2024-07-03 18:21:49 - INFO - Epoch: 156/300, Validation Loss: 1.5124455523458336, Accuracy: 74.67273273531053%
2024-07-03 18:21:53 - INFO - Epoch: 157/300, Training Loss: 0.38683240481528397
2024-07-03 18:21:55 - INFO - Epoch: 157/300, Validation Loss: 1.5110227013709114, Accuracy: 74.71994506201983%
2024-07-03 18:21:59 - INFO - Epoch: 158/300, Training Loss: 0.38812930681659685
2024-07-03 18:22:01 - INFO - Epoch: 158/300, Validation Loss: 1.5241333409899571, Accuracy: 74.3486844928967%
2024-07-03 18:22:06 - INFO - Epoch: 159/300, Training Loss: 0.38671305697968306
2024-07-03 18:22:08 - INFO - Epoch: 159/300, Validation Loss: 1.5109843378835688, Accuracy: 74.62766642345166%
2024-07-03 18:22:12 - INFO - Epoch: 160/300, Training Loss: 0.3860067204765168
2024-07-03 18:22:14 - INFO - Epoch: 160/300, Validation Loss: 1.5167052250742261, Accuracy: 74.59333018584489%
2024-07-03 18:22:18 - INFO - Epoch: 161/300, Training Loss: 0.386232777796328
2024-07-03 18:22:20 - INFO - Epoch: 161/300, Validation Loss: 1.5070585408171668, Accuracy: 74.80363964118632%
2024-07-03 18:22:20 - INFO - Model saved with validation accuracy: 74.80363964118632%
2024-07-03 18:22:24 - INFO - Epoch: 162/300, Training Loss: 0.38584169013673547
2024-07-03 18:22:26 - INFO - Epoch: 162/300, Validation Loss: 1.5081792123656454, Accuracy: 74.76071934417786%
2024-07-03 18:22:30 - INFO - Epoch: 163/300, Training Loss: 0.3909617582098447
2024-07-03 18:22:32 - INFO - Epoch: 163/300, Validation Loss: 1.5089298140644376, Accuracy: 74.78861753723336%
2024-07-03 18:22:36 - INFO - Epoch: 164/300, Training Loss: 0.384527395679954
2024-07-03 18:22:38 - INFO - Epoch: 164/300, Validation Loss: 1.505801315027508, Accuracy: 74.73711318082321%
2024-07-03 18:22:42 - INFO - Epoch: 165/300, Training Loss: 0.3852793168383861
2024-07-03 18:22:44 - INFO - Epoch: 165/300, Validation Loss: 1.5082462172690636, Accuracy: 74.73067513627194%
2024-07-03 18:22:48 - INFO - Epoch: 166/300, Training Loss: 0.386797433609171
2024-07-03 18:22:50 - INFO - Epoch: 166/300, Validation Loss: 1.5028480253910106, Accuracy: 74.94098459161337%
2024-07-03 18:22:50 - INFO - Model saved with validation accuracy: 74.94098459161337%
2024-07-03 18:22:54 - INFO - Epoch: 167/300, Training Loss: 0.38815236592407254
2024-07-03 18:22:56 - INFO - Epoch: 167/300, Validation Loss: 1.5086860322072857, Accuracy: 74.87445813125026%
2024-07-03 18:23:00 - INFO - Epoch: 168/300, Training Loss: 0.38624034441792915
2024-07-03 18:23:03 - INFO - Epoch: 168/300, Validation Loss: 1.5083186369124657, Accuracy: 74.89162625005365%
2024-07-03 18:23:07 - INFO - Epoch: 169/300, Training Loss: 0.38422192248869663
2024-07-03 18:23:09 - INFO - Epoch: 169/300, Validation Loss: 1.4988209133754011, Accuracy: 74.88948023520322%
2024-07-03 18:23:13 - INFO - Epoch: 170/300, Training Loss: 0.3859142611832939
2024-07-03 18:23:15 - INFO - Epoch: 170/300, Validation Loss: 1.507976918109779, Accuracy: 74.66200266105841%
2024-07-03 18:23:19 - INFO - Epoch: 171/300, Training Loss: 0.3850068207957944
2024-07-03 18:23:21 - INFO - Epoch: 171/300, Validation Loss: 1.4981989482712876, Accuracy: 74.86587407184858%
2024-07-03 18:23:25 - INFO - Epoch: 172/300, Training Loss: 0.38592880310181565
2024-07-03 18:23:27 - INFO - Epoch: 172/300, Validation Loss: 1.5072638649758094, Accuracy: 74.83582986394266%
2024-07-03 18:23:31 - INFO - Epoch: 173/300, Training Loss: 0.3833613222763862
2024-07-03 18:23:33 - INFO - Epoch: 173/300, Validation Loss: 1.5058386587217205, Accuracy: 74.86587407184858%
2024-07-03 18:23:37 - INFO - Epoch: 174/300, Training Loss: 0.38487037407190877
2024-07-03 18:23:39 - INFO - Epoch: 174/300, Validation Loss: 1.5044179535140105, Accuracy: 74.94956865101507%
2024-07-03 18:23:39 - INFO - Model saved with validation accuracy: 74.94956865101507%
2024-07-03 18:23:43 - INFO - Epoch: 175/300, Training Loss: 0.38566991290274305
2024-07-03 18:23:45 - INFO - Epoch: 175/300, Validation Loss: 1.5000873108704884, Accuracy: 74.95600669556633%
2024-07-03 18:23:45 - INFO - Model saved with validation accuracy: 74.95600669556633%
2024-07-03 18:23:49 - INFO - Epoch: 176/300, Training Loss: 0.3839266839423134
2024-07-03 18:23:51 - INFO - Epoch: 176/300, Validation Loss: 1.5211169289760902, Accuracy: 74.94956865101507%
2024-07-03 18:23:55 - INFO - Epoch: 177/300, Training Loss: 0.38631282822421875
2024-07-03 18:23:57 - INFO - Epoch: 177/300, Validation Loss: 1.4979817979648464, Accuracy: 75.03540924503197%
2024-07-03 18:23:57 - INFO - Model saved with validation accuracy: 75.03540924503197%
2024-07-03 18:24:01 - INFO - Epoch: 178/300, Training Loss: 0.3839544747714643
2024-07-03 18:24:03 - INFO - Epoch: 178/300, Validation Loss: 1.5063307672087611, Accuracy: 74.82939181939139%
2024-07-03 18:24:08 - INFO - Epoch: 179/300, Training Loss: 0.3844730505523041
2024-07-03 18:24:10 - INFO - Epoch: 179/300, Validation Loss: 1.50198725102052, Accuracy: 74.8959182797545%
2024-07-03 18:24:14 - INFO - Epoch: 180/300, Training Loss: 0.38361927445860394
2024-07-03 18:24:16 - INFO - Epoch: 180/300, Validation Loss: 1.5050926618074458, Accuracy: 75.0847675865917%
2024-07-03 18:24:16 - INFO - Model saved with validation accuracy: 75.0847675865917%
2024-07-03 18:24:20 - INFO - Epoch: 181/300, Training Loss: 0.3848682718839502
2024-07-03 18:24:22 - INFO - Epoch: 181/300, Validation Loss: 1.4955389187798473, Accuracy: 75.04399330443367%
2024-07-03 18:24:25 - INFO - Epoch: 182/300, Training Loss: 0.3840614540913795
2024-07-03 18:24:28 - INFO - Epoch: 182/300, Validation Loss: 1.5054541542067554, Accuracy: 74.77144941842998%
2024-07-03 18:24:32 - INFO - Epoch: 183/300, Training Loss: 0.3866062236666189
2024-07-03 18:24:34 - INFO - Epoch: 183/300, Validation Loss: 1.511124062733572, Accuracy: 74.87875016095111%
2024-07-03 18:24:38 - INFO - Epoch: 184/300, Training Loss: 0.3841102053353816
2024-07-03 18:24:40 - INFO - Epoch: 184/300, Validation Loss: 1.4986231169902562, Accuracy: 74.86372805699816%
2024-07-03 18:24:44 - INFO - Epoch: 185/300, Training Loss: 0.3841323104823731
2024-07-03 18:24:46 - INFO - Epoch: 185/300, Validation Loss: 1.4987208925472582, Accuracy: 74.99248894802352%
2024-07-03 18:24:50 - INFO - Epoch: 186/300, Training Loss: 0.3820720724608182
2024-07-03 18:24:52 - INFO - Epoch: 186/300, Validation Loss: 1.4933790150073056, Accuracy: 75.02253315592944%
2024-07-03 18:24:56 - INFO - Epoch: 187/300, Training Loss: 0.3812125529608445
2024-07-03 18:24:58 - INFO - Epoch: 187/300, Validation Loss: 1.494606512410393, Accuracy: 75.07189149748916%
2024-07-03 18:25:02 - INFO - Epoch: 188/300, Training Loss: 0.3826495072151571
2024-07-03 18:25:04 - INFO - Epoch: 188/300, Validation Loss: 1.501011096470343, Accuracy: 74.96888278466886%
2024-07-03 18:25:08 - INFO - Epoch: 189/300, Training Loss: 0.38486846065243246
2024-07-03 18:25:10 - INFO - Epoch: 189/300, Validation Loss: 1.4984113530057375, Accuracy: 74.97961285892099%
2024-07-03 18:25:14 - INFO - Epoch: 190/300, Training Loss: 0.3809983701290581
2024-07-03 18:25:16 - INFO - Epoch: 190/300, Validation Loss: 1.504418936746368, Accuracy: 74.82724580454096%
2024-07-03 18:25:20 - INFO - Epoch: 191/300, Training Loss: 0.3838332590783738
2024-07-03 18:25:22 - INFO - Epoch: 191/300, Validation Loss: 1.4920625734687503, Accuracy: 75.09549766084382%
2024-07-03 18:25:22 - INFO - Model saved with validation accuracy: 75.09549766084382%
2024-07-03 18:25:26 - INFO - Epoch: 192/300, Training Loss: 0.3844158063414002
2024-07-03 18:25:28 - INFO - Epoch: 192/300, Validation Loss: 1.4980580204985832, Accuracy: 74.9624447401176%
2024-07-03 18:25:32 - INFO - Epoch: 193/300, Training Loss: 0.38158164108976905
2024-07-03 18:25:34 - INFO - Epoch: 193/300, Validation Loss: 1.4937393802111265, Accuracy: 74.84226790849392%
2024-07-03 18:25:38 - INFO - Epoch: 194/300, Training Loss: 0.38315024604032066
2024-07-03 18:25:40 - INFO - Epoch: 194/300, Validation Loss: 1.4830544465552262, Accuracy: 75.13841795785227%
2024-07-03 18:25:40 - INFO - Model saved with validation accuracy: 75.13841795785227%
2024-07-03 18:25:44 - INFO - Epoch: 195/300, Training Loss: 0.38042685050205605
2024-07-03 18:25:46 - INFO - Epoch: 195/300, Validation Loss: 1.4827636545473108, Accuracy: 75.22425855186918%
2024-07-03 18:25:46 - INFO - Model saved with validation accuracy: 75.22425855186918%
2024-07-03 18:25:50 - INFO - Epoch: 196/300, Training Loss: 0.38209712317287514
2024-07-03 18:25:52 - INFO - Epoch: 196/300, Validation Loss: 1.4919999946173423, Accuracy: 75.11051976479678%
2024-07-03 18:25:56 - INFO - Epoch: 197/300, Training Loss: 0.38194322353037297
2024-07-03 18:25:58 - INFO - Epoch: 197/300, Validation Loss: 1.4875344065694862, Accuracy: 75.10837374994635%
2024-07-03 18:26:02 - INFO - Epoch: 198/300, Training Loss: 0.37979167381963286
2024-07-03 18:26:04 - INFO - Epoch: 198/300, Validation Loss: 1.4894482420116175, Accuracy: 75.11051976479678%
2024-07-03 18:26:08 - INFO - Epoch: 199/300, Training Loss: 0.3828057309073512
2024-07-03 18:26:10 - INFO - Epoch: 199/300, Validation Loss: 1.48654081603217, Accuracy: 75.12983389845057%
2024-07-03 18:26:14 - INFO - Epoch: 200/300, Training Loss: 0.3817426646013319
2024-07-03 18:26:16 - INFO - Epoch: 200/300, Validation Loss: 1.515629356676112, Accuracy: 74.71136100261813%
2024-07-03 18:26:20 - INFO - Epoch: 201/300, Training Loss: 0.3820315525855547
2024-07-03 18:26:23 - INFO - Epoch: 201/300, Validation Loss: 1.4942677843440426, Accuracy: 75.1512940469548%
2024-07-03 18:26:27 - INFO - Epoch: 202/300, Training Loss: 0.38227448063622776
2024-07-03 18:26:29 - INFO - Epoch: 202/300, Validation Loss: 1.4985135187053942, Accuracy: 75.0375552598824%
2024-07-03 18:26:33 - INFO - Epoch: 203/300, Training Loss: 0.38076216573169036
2024-07-03 18:26:35 - INFO - Epoch: 203/300, Validation Loss: 1.4814336836500896, Accuracy: 75.34443538349285%
2024-07-03 18:26:35 - INFO - Model saved with validation accuracy: 75.34443538349285%
2024-07-03 18:26:39 - INFO - Epoch: 204/300, Training Loss: 0.3808365031279654
2024-07-03 18:26:41 - INFO - Epoch: 204/300, Validation Loss: 1.4888056890397776, Accuracy: 75.22855058157002%
2024-07-03 18:26:45 - INFO - Epoch: 205/300, Training Loss: 0.382328439498798
2024-07-03 18:26:47 - INFO - Epoch: 205/300, Validation Loss: 1.4852184707024059, Accuracy: 75.1791922400103%
2024-07-03 18:26:51 - INFO - Epoch: 206/300, Training Loss: 0.38071890265280983
2024-07-03 18:26:53 - INFO - Epoch: 206/300, Validation Loss: 1.4918131021365442, Accuracy: 75.3015150864844%
2024-07-03 18:26:57 - INFO - Epoch: 207/300, Training Loss: 0.3828100858892433
2024-07-03 18:26:59 - INFO - Epoch: 207/300, Validation Loss: 1.4886898663851733, Accuracy: 75.2070904330658%
2024-07-03 18:27:03 - INFO - Epoch: 208/300, Training Loss: 0.3814132171484996
2024-07-03 18:27:05 - INFO - Epoch: 208/300, Validation Loss: 1.4879175950594938, Accuracy: 75.16202412120691%
2024-07-03 18:27:09 - INFO - Epoch: 209/300, Training Loss: 0.3815610680233467
2024-07-03 18:27:11 - INFO - Epoch: 209/300, Validation Loss: 1.483587557012266, Accuracy: 75.1985063736641%
2024-07-03 18:27:15 - INFO - Epoch: 210/300, Training Loss: 0.37911036498180306
2024-07-03 18:27:17 - INFO - Epoch: 210/300, Validation Loss: 1.478603735321858, Accuracy: 75.28005493798017%
2024-07-03 18:27:21 - INFO - Epoch: 211/300, Training Loss: 0.3795337058879711
2024-07-03 18:27:22 - INFO - Epoch: 211/300, Validation Loss: 1.4966821710024376, Accuracy: 75.05043134898493%
2024-07-03 18:27:26 - INFO - Epoch: 212/300, Training Loss: 0.38141209950008836
2024-07-03 18:27:28 - INFO - Epoch: 212/300, Validation Loss: 1.4854462684177963, Accuracy: 75.26288681917679%
2024-07-03 18:27:33 - INFO - Epoch: 213/300, Training Loss: 0.3788783700500496
2024-07-03 18:27:34 - INFO - Epoch: 213/300, Validation Loss: 1.4868140637548894, Accuracy: 75.20279840336495%
2024-07-03 18:27:38 - INFO - Epoch: 214/300, Training Loss: 0.38333035512879715
2024-07-03 18:27:40 - INFO - Epoch: 214/300, Validation Loss: 1.4822861564452532, Accuracy: 75.22425855186918%
2024-07-03 18:27:44 - INFO - Epoch: 215/300, Training Loss: 0.3781158885572346
2024-07-03 18:27:46 - INFO - Epoch: 215/300, Validation Loss: 1.4811348950928027, Accuracy: 75.18348426971114%
2024-07-03 18:27:49 - INFO - Epoch: 216/300, Training Loss: 0.3798286208490645
2024-07-03 18:27:51 - INFO - Epoch: 216/300, Validation Loss: 1.4794860608427902, Accuracy: 75.11051976479678%
2024-07-03 18:27:55 - INFO - Epoch: 217/300, Training Loss: 0.38016183392255887
2024-07-03 18:27:57 - INFO - Epoch: 217/300, Validation Loss: 1.4796091692695201, Accuracy: 75.18133825486072%
2024-07-03 18:28:01 - INFO - Epoch: 218/300, Training Loss: 0.38066434122325626
2024-07-03 18:28:03 - INFO - Epoch: 218/300, Validation Loss: 1.5021916596127338, Accuracy: 74.9431306064638%
2024-07-03 18:28:07 - INFO - Epoch: 219/300, Training Loss: 0.3796411160742468
2024-07-03 18:28:09 - INFO - Epoch: 219/300, Validation Loss: 1.493164222748553, Accuracy: 74.9989269925748%
2024-07-03 18:28:12 - INFO - Epoch: 220/300, Training Loss: 0.383991488703975
2024-07-03 18:28:14 - INFO - Epoch: 220/300, Validation Loss: 1.4823640087426035, Accuracy: 75.01609511137818%
2024-07-03 18:28:18 - INFO - Epoch: 221/300, Training Loss: 0.3793733869110769
2024-07-03 18:28:20 - INFO - Epoch: 221/300, Validation Loss: 1.4889652024689919, Accuracy: 75.17704622515988%
2024-07-03 18:28:23 - INFO - Epoch: 222/300, Training Loss: 0.3803396367650627
2024-07-03 18:28:25 - INFO - Epoch: 222/300, Validation Loss: 1.4991547095645321, Accuracy: 75.13412592815142%
2024-07-03 18:28:29 - INFO - Epoch: 223/300, Training Loss: 0.3817524047177515
2024-07-03 18:28:31 - INFO - Epoch: 223/300, Validation Loss: 1.4864294975181747, Accuracy: 75.18133825486072%
2024-07-03 18:28:35 - INFO - Epoch: 224/300, Training Loss: 0.38258146986222236
2024-07-03 18:28:37 - INFO - Epoch: 224/300, Validation Loss: 1.5107870349467127, Accuracy: 74.88948023520322%
2024-07-03 18:28:40 - INFO - Epoch: 225/300, Training Loss: 0.38147133472279754
2024-07-03 18:28:42 - INFO - Epoch: 225/300, Validation Loss: 1.4869568479028556, Accuracy: 75.18563028456157%
2024-07-03 18:28:46 - INFO - Epoch: 226/300, Training Loss: 0.3799689494492422
2024-07-03 18:28:48 - INFO - Epoch: 226/300, Validation Loss: 1.4795499007558561, Accuracy: 75.24142667067257%
2024-07-03 18:28:51 - INFO - Epoch: 227/300, Training Loss: 0.3776457744084595
2024-07-03 18:28:53 - INFO - Epoch: 227/300, Validation Loss: 1.4805582208874448, Accuracy: 75.15773209150608%
2024-07-03 18:28:57 - INFO - Epoch: 228/300, Training Loss: 0.38055353665875147
2024-07-03 18:28:59 - INFO - Epoch: 228/300, Validation Loss: 1.4823567597755318, Accuracy: 75.20065238851453%
2024-07-03 18:29:02 - INFO - Epoch: 229/300, Training Loss: 0.37765239694236236
2024-07-03 18:29:04 - INFO - Epoch: 229/300, Validation Loss: 1.4803128734312423, Accuracy: 75.2070904330658%
2024-07-03 18:29:08 - INFO - Epoch: 230/300, Training Loss: 0.3780053445177641
2024-07-03 18:29:10 - INFO - Epoch: 230/300, Validation Loss: 1.488636174081453, Accuracy: 75.25001073007425%
2024-07-03 18:29:14 - INFO - Epoch: 231/300, Training Loss: 0.37888206770472405
2024-07-03 18:29:16 - INFO - Epoch: 231/300, Validation Loss: 1.4875024636097944, Accuracy: 75.16202412120691%
2024-07-03 18:29:19 - INFO - Epoch: 232/300, Training Loss: 0.38049013871796666
2024-07-03 18:29:22 - INFO - Epoch: 232/300, Validation Loss: 1.4847840509616612, Accuracy: 75.24142667067257%
2024-07-03 18:29:25 - INFO - Epoch: 233/300, Training Loss: 0.379768551561077
2024-07-03 18:29:27 - INFO - Epoch: 233/300, Validation Loss: 1.484038717759763, Accuracy: 75.31439117558693%
2024-07-03 18:29:31 - INFO - Epoch: 234/300, Training Loss: 0.378802102248201
2024-07-03 18:29:32 - INFO - Epoch: 234/300, Validation Loss: 1.4818060502328507, Accuracy: 75.29936907163398%
2024-07-03 18:29:36 - INFO - Epoch: 235/300, Training Loss: 0.3790916894934305
2024-07-03 18:29:38 - INFO - Epoch: 235/300, Validation Loss: 1.484793652439378, Accuracy: 75.16202412120691%
2024-07-03 18:29:42 - INFO - Epoch: 236/300, Training Loss: 0.3789857313425289
2024-07-03 18:29:44 - INFO - Epoch: 236/300, Validation Loss: 1.488255163603793, Accuracy: 75.20279840336495%
2024-07-03 18:29:48 - INFO - Epoch: 237/300, Training Loss: 0.3799405919058333
2024-07-03 18:29:50 - INFO - Epoch: 237/300, Validation Loss: 1.480006573630161, Accuracy: 75.16846216575819%
2024-07-03 18:29:53 - INFO - Epoch: 238/300, Training Loss: 0.37907121982553205
2024-07-03 18:29:55 - INFO - Epoch: 238/300, Validation Loss: 1.476762523416613, Accuracy: 75.37877162109962%
2024-07-03 18:29:55 - INFO - Model saved with validation accuracy: 75.37877162109962%
2024-07-03 18:29:59 - INFO - Epoch: 239/300, Training Loss: 0.3768822188771474
2024-07-03 18:30:01 - INFO - Epoch: 239/300, Validation Loss: 1.4850387097707862, Accuracy: 75.24786471522383%
2024-07-03 18:30:05 - INFO - Epoch: 240/300, Training Loss: 0.37986922286583724
2024-07-03 18:30:07 - INFO - Epoch: 240/300, Validation Loss: 1.5037948037268685, Accuracy: 75.14485600240354%
2024-07-03 18:30:10 - INFO - Epoch: 241/300, Training Loss: 0.380769909981674
2024-07-03 18:30:12 - INFO - Epoch: 241/300, Validation Loss: 1.476462673864078, Accuracy: 75.43456800721061%
2024-07-03 18:30:12 - INFO - Model saved with validation accuracy: 75.43456800721061%
2024-07-03 18:30:16 - INFO - Epoch: 242/300, Training Loss: 0.37669736664072806
2024-07-03 18:30:18 - INFO - Epoch: 242/300, Validation Loss: 1.4708434044500518, Accuracy: 75.46461221511653%
2024-07-03 18:30:18 - INFO - Model saved with validation accuracy: 75.46461221511653%
2024-07-03 18:30:22 - INFO - Epoch: 243/300, Training Loss: 0.37916363078707366
2024-07-03 18:30:24 - INFO - Epoch: 243/300, Validation Loss: 1.4831744600189187, Accuracy: 75.187776299412%
2024-07-03 18:30:28 - INFO - Epoch: 244/300, Training Loss: 0.3785142089931399
2024-07-03 18:30:30 - INFO - Epoch: 244/300, Validation Loss: 1.4760053238419235, Accuracy: 75.32941327953989%
2024-07-03 18:30:34 - INFO - Epoch: 245/300, Training Loss: 0.3817075388544381
2024-07-03 18:30:36 - INFO - Epoch: 245/300, Validation Loss: 1.4764283218833267, Accuracy: 75.21782050731791%
2024-07-03 18:30:40 - INFO - Epoch: 246/300, Training Loss: 0.38064343462837413
2024-07-03 18:30:41 - INFO - Epoch: 246/300, Validation Loss: 1.4822583598354475, Accuracy: 75.26288681917679%
2024-07-03 18:30:45 - INFO - Epoch: 247/300, Training Loss: 0.37943312029043835
2024-07-03 18:30:47 - INFO - Epoch: 247/300, Validation Loss: 1.4773927167302272, Accuracy: 75.24786471522383%
2024-07-03 18:30:51 - INFO - Epoch: 248/300, Training Loss: 0.3766185962818614
2024-07-03 18:30:53 - INFO - Epoch: 248/300, Validation Loss: 1.472533334351954, Accuracy: 75.49680243787287%
2024-07-03 18:30:53 - INFO - Model saved with validation accuracy: 75.49680243787287%
2024-07-03 18:30:57 - INFO - Epoch: 249/300, Training Loss: 0.37960704693006064
2024-07-03 18:30:59 - INFO - Epoch: 249/300, Validation Loss: 1.4885767335937323, Accuracy: 75.28005493798017%
2024-07-03 18:31:02 - INFO - Epoch: 250/300, Training Loss: 0.378282960080152
2024-07-03 18:31:04 - INFO - Epoch: 250/300, Validation Loss: 1.4888179576624938, Accuracy: 75.18563028456157%
2024-07-03 18:31:08 - INFO - Epoch: 251/300, Training Loss: 0.37819970216198384
2024-07-03 18:31:10 - INFO - Epoch: 251/300, Validation Loss: 1.4767174715878533, Accuracy: 75.38306365080047%
2024-07-03 18:31:14 - INFO - Epoch: 252/300, Training Loss: 0.3786206728432568
2024-07-03 18:31:15 - INFO - Epoch: 252/300, Validation Loss: 1.4776746853778921, Accuracy: 75.3015150864844%
2024-07-03 18:31:19 - INFO - Epoch: 253/300, Training Loss: 0.3785102276031863
2024-07-03 18:31:21 - INFO - Epoch: 253/300, Validation Loss: 1.4798267587937943, Accuracy: 75.27147087857848%
2024-07-03 18:31:25 - INFO - Epoch: 254/300, Training Loss: 0.3783293699408755
2024-07-03 18:31:27 - INFO - Epoch: 254/300, Validation Loss: 1.470673302646543, Accuracy: 75.44100605176187%
2024-07-03 18:31:30 - INFO - Epoch: 255/300, Training Loss: 0.37865834115954583
2024-07-03 18:31:32 - INFO - Epoch: 255/300, Validation Loss: 1.4763812299797443, Accuracy: 75.25215674492468%
2024-07-03 18:31:36 - INFO - Epoch: 256/300, Training Loss: 0.375809996645637
2024-07-03 18:31:38 - INFO - Epoch: 256/300, Validation Loss: 1.4758857564359416, Accuracy: 75.35301944289455%
2024-07-03 18:31:42 - INFO - Epoch: 257/300, Training Loss: 0.37886044575190186
2024-07-03 18:31:44 - INFO - Epoch: 257/300, Validation Loss: 1.4813933091574027, Accuracy: 75.1985063736641%
2024-07-03 18:31:48 - INFO - Epoch: 258/300, Training Loss: 0.37938242729635724
2024-07-03 18:31:50 - INFO - Epoch: 258/300, Validation Loss: 1.474905151405621, Accuracy: 75.35945748744581%
2024-07-03 18:31:54 - INFO - Epoch: 259/300, Training Loss: 0.3766202687481303
2024-07-03 18:31:56 - INFO - Epoch: 259/300, Validation Loss: 1.4785341188881567, Accuracy: 75.07403751233959%
2024-07-03 18:31:59 - INFO - Epoch: 260/300, Training Loss: 0.377473911262834
2024-07-03 18:32:01 - INFO - Epoch: 260/300, Validation Loss: 1.4737628109630991, Accuracy: 75.43027597750977%
2024-07-03 18:32:05 - INFO - Epoch: 261/300, Training Loss: 0.377997262814735
2024-07-03 18:32:07 - INFO - Epoch: 261/300, Validation Loss: 1.480362622057154, Accuracy: 75.31868320528778%
2024-07-03 18:32:11 - INFO - Epoch: 262/300, Training Loss: 0.3779183482069047
2024-07-03 18:32:12 - INFO - Epoch: 262/300, Validation Loss: 1.4852062312305951, Accuracy: 75.36160350229623%
2024-07-03 18:32:16 - INFO - Epoch: 263/300, Training Loss: 0.3798830559469545
2024-07-03 18:32:18 - INFO - Epoch: 263/300, Validation Loss: 1.4831161201814484, Accuracy: 75.31224516073651%
2024-07-03 18:32:22 - INFO - Epoch: 264/300, Training Loss: 0.3769669412994254
2024-07-03 18:32:24 - INFO - Epoch: 264/300, Validation Loss: 1.4720616391122014, Accuracy: 75.32726726468947%
2024-07-03 18:32:27 - INFO - Epoch: 265/300, Training Loss: 0.3786484464819049
2024-07-03 18:32:29 - INFO - Epoch: 265/300, Validation Loss: 1.4885523908776663, Accuracy: 75.1512940469548%
2024-07-03 18:32:33 - INFO - Epoch: 266/300, Training Loss: 0.37591584451976956
2024-07-03 18:32:35 - INFO - Epoch: 266/300, Validation Loss: 1.4670616144853863, Accuracy: 75.52040860122752%
2024-07-03 18:32:35 - INFO - Model saved with validation accuracy: 75.52040860122752%
2024-07-03 18:32:39 - INFO - Epoch: 267/300, Training Loss: 0.3759280829722335
2024-07-03 18:32:41 - INFO - Epoch: 267/300, Validation Loss: 1.4800348448785927, Accuracy: 75.31224516073651%
2024-07-03 18:32:44 - INFO - Epoch: 268/300, Training Loss: 0.3787169300316129
2024-07-03 18:32:46 - INFO - Epoch: 268/300, Validation Loss: 1.4663068139976492, Accuracy: 75.48607236362075%
2024-07-03 18:32:50 - INFO - Epoch: 269/300, Training Loss: 0.3757982445147466
2024-07-03 18:32:52 - INFO - Epoch: 269/300, Validation Loss: 1.4720843073611702, Accuracy: 75.44100605176187%
2024-07-03 18:32:56 - INFO - Epoch: 270/300, Training Loss: 0.3761515868687172
2024-07-03 18:32:58 - INFO - Epoch: 270/300, Validation Loss: 1.4881914981890245, Accuracy: 75.33155929439032%
2024-07-03 18:33:01 - INFO - Epoch: 271/300, Training Loss: 0.37733895949947815
2024-07-03 18:33:03 - INFO - Epoch: 271/300, Validation Loss: 1.474085219000858, Accuracy: 75.32941327953989%
2024-07-03 18:33:07 - INFO - Epoch: 272/300, Training Loss: 0.3765398553369467
2024-07-03 18:33:09 - INFO - Epoch: 272/300, Validation Loss: 1.485507510806042, Accuracy: 75.28434696768102%
2024-07-03 18:33:13 - INFO - Epoch: 273/300, Training Loss: 0.378477165932845
2024-07-03 18:33:15 - INFO - Epoch: 273/300, Validation Loss: 1.4743716627196537, Accuracy: 75.34443538349285%
2024-07-03 18:33:18 - INFO - Epoch: 274/300, Training Loss: 0.37521266914771256
2024-07-03 18:33:20 - INFO - Epoch: 274/300, Validation Loss: 1.4659560039395192, Accuracy: 75.55045280913343%
2024-07-03 18:33:20 - INFO - Model saved with validation accuracy: 75.55045280913343%
2024-07-03 18:33:24 - INFO - Epoch: 275/300, Training Loss: 0.37674492367623763
2024-07-03 18:33:26 - INFO - Epoch: 275/300, Validation Loss: 1.4724970049545414, Accuracy: 75.38091763595004%
2024-07-03 18:33:30 - INFO - Epoch: 276/300, Training Loss: 0.3780131356379296
2024-07-03 18:33:31 - INFO - Epoch: 276/300, Validation Loss: 1.4709301540841822, Accuracy: 75.38950169535173%
2024-07-03 18:33:35 - INFO - Epoch: 277/300, Training Loss: 0.3787156625744083
2024-07-03 18:33:37 - INFO - Epoch: 277/300, Validation Loss: 1.477545282228397, Accuracy: 75.15773209150608%
2024-07-03 18:33:41 - INFO - Epoch: 278/300, Training Loss: 0.37842237159344067
2024-07-03 18:33:43 - INFO - Epoch: 278/300, Validation Loss: 1.475739172654725, Accuracy: 75.32082922013821%
2024-07-03 18:33:47 - INFO - Epoch: 279/300, Training Loss: 0.37703759445002705
2024-07-03 18:33:49 - INFO - Epoch: 279/300, Validation Loss: 1.4753773387908284, Accuracy: 75.42169191810807%
2024-07-03 18:33:53 - INFO - Epoch: 280/300, Training Loss: 0.3763920652114151
2024-07-03 18:33:55 - INFO - Epoch: 280/300, Validation Loss: 1.4729074899290429, Accuracy: 75.25644877462553%
2024-07-03 18:33:58 - INFO - Epoch: 281/300, Training Loss: 0.3794965662051948
2024-07-03 18:34:00 - INFO - Epoch: 281/300, Validation Loss: 1.4699282792747999, Accuracy: 75.41739988840723%
2024-07-03 18:34:04 - INFO - Epoch: 282/300, Training Loss: 0.37743967342278595
2024-07-03 18:34:06 - INFO - Epoch: 282/300, Validation Loss: 1.4670617356489264, Accuracy: 75.47105025966779%
2024-07-03 18:34:10 - INFO - Epoch: 283/300, Training Loss: 0.3761030840898247
2024-07-03 18:34:12 - INFO - Epoch: 283/300, Validation Loss: 1.472725313625049, Accuracy: 75.37447959139877%
2024-07-03 18:34:15 - INFO - Epoch: 284/300, Training Loss: 0.375886501353464
2024-07-03 18:34:17 - INFO - Epoch: 284/300, Validation Loss: 1.4723228695776944, Accuracy: 75.24786471522383%
2024-07-03 18:34:21 - INFO - Epoch: 285/300, Training Loss: 0.37602981101256505
2024-07-03 18:34:23 - INFO - Epoch: 285/300, Validation Loss: 1.4759658058810103, Accuracy: 75.36804154684751%
2024-07-03 18:34:27 - INFO - Epoch: 286/300, Training Loss: 0.3775216527845307
2024-07-03 18:34:29 - INFO - Epoch: 286/300, Validation Loss: 1.4745483952141851, Accuracy: 75.46675822996696%
2024-07-03 18:34:33 - INFO - Epoch: 287/300, Training Loss: 0.3772490698082784
2024-07-03 18:34:35 - INFO - Epoch: 287/300, Validation Loss: 1.4818508137282127, Accuracy: 75.17704622515988%
2024-07-03 18:34:39 - INFO - Epoch: 288/300, Training Loss: 0.37778283272383145
2024-07-03 18:34:41 - INFO - Epoch: 288/300, Validation Loss: 1.4921520389005787, Accuracy: 75.18992231426242%
2024-07-03 18:34:45 - INFO - Epoch: 289/300, Training Loss: 0.3781803512973877
2024-07-03 18:34:47 - INFO - Epoch: 289/300, Validation Loss: 1.4779765680025183, Accuracy: 75.37447959139877%
2024-07-03 18:34:51 - INFO - Epoch: 290/300, Training Loss: 0.3772137097206953
2024-07-03 18:34:52 - INFO - Epoch: 290/300, Validation Loss: 1.4837977875614428, Accuracy: 75.25001073007425%
2024-07-03 18:34:54 - INFO - Epoch: 291/300, Training Loss: 0.37726085233426715
2024-07-03 18:34:55 - INFO - Epoch: 291/300, Validation Loss: 1.4891430539348738, Accuracy: 75.08691360144212%
2024-07-03 18:34:57 - INFO - Epoch: 292/300, Training Loss: 0.3782323857025845
2024-07-03 18:34:58 - INFO - Epoch: 292/300, Validation Loss: 1.4770894373049501, Accuracy: 75.45817417056526%
2024-07-03 18:35:00 - INFO - Epoch: 293/300, Training Loss: 0.3782841457751553
2024-07-03 18:35:01 - INFO - Epoch: 293/300, Validation Loss: 1.4722541484350715, Accuracy: 75.340143353792%
2024-07-03 18:35:03 - INFO - Epoch: 294/300, Training Loss: 0.3751281543809854
2024-07-03 18:35:04 - INFO - Epoch: 294/300, Validation Loss: 1.4688429302368007, Accuracy: 75.43886003691145%
2024-07-03 18:35:06 - INFO - Epoch: 295/300, Training Loss: 0.375172984779944
2024-07-03 18:35:07 - INFO - Epoch: 295/300, Validation Loss: 1.4746351542531466, Accuracy: 75.48607236362075%
2024-07-03 18:35:09 - INFO - Epoch: 296/300, Training Loss: 0.3789471002763191
2024-07-03 18:35:10 - INFO - Epoch: 296/300, Validation Loss: 1.4824012405559666, Accuracy: 75.26932486372806%
2024-07-03 18:35:12 - INFO - Epoch: 297/300, Training Loss: 0.3788531987285254
2024-07-03 18:35:13 - INFO - Epoch: 297/300, Validation Loss: 1.4788698778777827, Accuracy: 75.13841795785227%
2024-07-03 18:35:15 - INFO - Epoch: 298/300, Training Loss: 0.37641016649406794
2024-07-03 18:35:16 - INFO - Epoch: 298/300, Validation Loss: 1.4761886984272732, Accuracy: 75.42383793295849%
2024-07-03 18:35:18 - INFO - Epoch: 299/300, Training Loss: 0.3787183921850594
2024-07-03 18:35:19 - INFO - Epoch: 299/300, Validation Loss: 1.49042464410021, Accuracy: 75.23713464097172%
2024-07-03 18:35:21 - INFO - Epoch: 300/300, Training Loss: 0.3774373744536493
2024-07-03 18:35:22 - INFO - Epoch: 300/300, Validation Loss: 1.46859169560052, Accuracy: 75.47748830421907%
2024-07-03 18:35:22 - INFO - Finished training model.
2024-07-03 18:35:22 - INFO - Model saved to lstm_classifier_dc2.pth and vocabulary saved to vocab_dc2.pkl
