2024-07-24 17:40:23 - INFO - This log entry will go into a uniquely named file for this run.
2024-07-24 17:40:23 - INFO - without hidden
2024-07-24 17:40:23 - INFO - Params:
2024-07-24 17:40:23 - INFO - embedding_dim=16
2024-07-24 17:40:23 - INFO - hidden_dim:16
2024-07-24 17:40:23 - INFO - num_layers:2
2024-07-24 17:40:23 - INFO - epochs:100
2024-07-24 17:40:23 - INFO - batch_size:64
2024-07-24 17:40:23 - INFO - lr:0.01
2024-07-24 17:40:26 - INFO - Starting LSTM model training...
2024-07-24 17:40:28 - INFO - Epoch: 1/100, Training Loss: 0.6937983006495854
2024-07-24 17:40:28 - INFO - Epoch: 1/100, Validation Loss: 0.693166107453149, Accuracy: 49.70342410353195%
2024-07-24 17:40:28 - INFO - Model saved with validation accuracy: 49.70342410353195%
2024-07-24 17:40:29 - INFO - Epoch: 2/100, Training Loss: 0.693397775934688
2024-07-24 17:40:29 - INFO - Epoch: 2/100, Validation Loss: 0.6932192640057926, Accuracy: 49.70342410353195%
2024-07-24 17:40:31 - INFO - Epoch: 3/100, Training Loss: 0.6934935052333207
2024-07-24 17:40:31 - INFO - Epoch: 3/100, Validation Loss: 0.6931721850715834, Accuracy: 50.29657589646805%
2024-07-24 17:40:31 - INFO - Model saved with validation accuracy: 50.29657589646805%
2024-07-24 17:40:32 - INFO - Epoch: 4/100, Training Loss: 0.6935539912303974
2024-07-24 17:40:33 - INFO - Epoch: 4/100, Validation Loss: 0.6934371857807554, Accuracy: 50.29657589646805%
2024-07-24 17:40:34 - INFO - Epoch: 5/100, Training Loss: 0.6935056433852377
2024-07-24 17:40:34 - INFO - Epoch: 5/100, Validation Loss: 0.693184093668543, Accuracy: 49.70342410353195%
2024-07-24 17:40:35 - INFO - Epoch: 6/100, Training Loss: 0.6934223469218304
2024-07-24 17:40:36 - INFO - Epoch: 6/100, Validation Loss: 0.6936574110697056, Accuracy: 49.70342410353195%
2024-07-24 17:40:37 - INFO - Epoch: 7/100, Training Loss: 0.6936114591000409
2024-07-24 17:40:37 - INFO - Epoch: 7/100, Validation Loss: 0.6931298452204672, Accuracy: 50.29657589646805%
2024-07-24 17:40:39 - INFO - Epoch: 8/100, Training Loss: 0.6934167386899734
2024-07-24 17:40:39 - INFO - Epoch: 8/100, Validation Loss: 0.6931495969665462, Accuracy: 49.770827716365595%
2024-07-24 17:40:40 - INFO - Epoch: 9/100, Training Loss: 0.6934999940467292
2024-07-24 17:40:40 - INFO - Epoch: 9/100, Validation Loss: 0.6935865647833923, Accuracy: 50.29657589646805%
2024-07-24 17:40:42 - INFO - Epoch: 10/100, Training Loss: 0.693530213473172
2024-07-24 17:40:42 - INFO - Epoch: 10/100, Validation Loss: 0.6931431612064098, Accuracy: 50.29657589646805%
2024-07-24 17:40:43 - INFO - Epoch: 11/100, Training Loss: 0.6934397161520761
2024-07-24 17:40:43 - INFO - Epoch: 11/100, Validation Loss: 0.693145830055763, Accuracy: 50.29657589646805%
2024-07-24 17:40:45 - INFO - Epoch: 12/100, Training Loss: 0.6934703850540621
2024-07-24 17:40:45 - INFO - Epoch: 12/100, Validation Loss: 0.6931456568939932, Accuracy: 50.29657589646805%
2024-07-24 17:40:46 - INFO - Epoch: 13/100, Training Loss: 0.6936235501077669
2024-07-24 17:40:46 - INFO - Epoch: 13/100, Validation Loss: 0.6931832222075298, Accuracy: 50.29657589646805%
2024-07-24 17:40:48 - INFO - Epoch: 14/100, Training Loss: 0.6934918564712179
2024-07-24 17:40:48 - INFO - Epoch: 14/100, Validation Loss: 0.6939322003002825, Accuracy: 49.70342410353195%
2024-07-24 17:40:49 - INFO - Epoch: 15/100, Training Loss: 0.6934779084705073
2024-07-24 17:40:49 - INFO - Epoch: 15/100, Validation Loss: 0.6940163995685249, Accuracy: 49.70342410353195%
2024-07-24 17:40:51 - INFO - Epoch: 16/100, Training Loss: 0.6934076218769468
2024-07-24 17:40:51 - INFO - Epoch: 16/100, Validation Loss: 0.6935337021433073, Accuracy: 49.70342410353195%
2024-07-24 17:40:52 - INFO - Epoch: 17/100, Training Loss: 0.6933125776463541
2024-07-24 17:40:52 - INFO - Epoch: 17/100, Validation Loss: 0.6937314503151795, Accuracy: 50.29657589646805%
2024-07-24 17:40:54 - INFO - Epoch: 18/100, Training Loss: 0.6935592925754087
2024-07-24 17:40:54 - INFO - Epoch: 18/100, Validation Loss: 0.6934203829230934, Accuracy: 49.70342410353195%
2024-07-24 17:40:55 - INFO - Epoch: 19/100, Training Loss: 0.6934623034863636
2024-07-24 17:40:56 - INFO - Epoch: 19/100, Validation Loss: 0.6931959955856718, Accuracy: 50.29657589646805%
2024-07-24 17:40:57 - INFO - Epoch: 20/100, Training Loss: 0.6934645707751143
2024-07-24 17:40:57 - INFO - Epoch: 20/100, Validation Loss: 0.6932281666788561, Accuracy: 49.70342410353195%
2024-07-24 17:40:59 - INFO - Epoch: 21/100, Training Loss: 0.6935331672430038
2024-07-24 17:40:59 - INFO - Epoch: 21/100, Validation Loss: 0.693336613733193, Accuracy: 49.70342410353195%
2024-07-24 17:41:00 - INFO - Epoch: 22/100, Training Loss: 0.6935222860554169
2024-07-24 17:41:00 - INFO - Epoch: 22/100, Validation Loss: 0.693379770065176, Accuracy: 49.70342410353195%
2024-07-24 17:41:02 - INFO - Epoch: 23/100, Training Loss: 0.6934439182795328
2024-07-24 17:41:02 - INFO - Epoch: 23/100, Validation Loss: 0.6937401161111635, Accuracy: 49.70342410353195%
2024-07-24 17:41:03 - INFO - Epoch: 24/100, Training Loss: 0.6933981787798733
2024-07-24 17:41:04 - INFO - Epoch: 24/100, Validation Loss: 0.6933063427949774, Accuracy: 49.70342410353195%
2024-07-24 17:41:05 - INFO - Epoch: 25/100, Training Loss: 0.6936176834178382
2024-07-24 17:41:05 - INFO - Epoch: 25/100, Validation Loss: 0.6931428318393642, Accuracy: 50.18873011593421%
2024-07-24 17:41:06 - INFO - Epoch: 26/100, Training Loss: 0.6934163070701319
2024-07-24 17:41:07 - INFO - Epoch: 26/100, Validation Loss: 0.6939064140977531, Accuracy: 49.70342410353195%
2024-07-24 17:41:08 - INFO - Epoch: 27/100, Training Loss: 0.6934936861025875
2024-07-24 17:41:08 - INFO - Epoch: 27/100, Validation Loss: 0.6931514375168701, Accuracy: 50.18873011593421%
2024-07-24 17:41:10 - INFO - Epoch: 28/100, Training Loss: 0.6933298525882179
2024-07-24 17:41:10 - INFO - Epoch: 28/100, Validation Loss: 0.694436582511869, Accuracy: 49.70342410353195%
2024-07-24 17:41:11 - INFO - Epoch: 29/100, Training Loss: 0.693384542418965
2024-07-24 17:41:11 - INFO - Epoch: 29/100, Validation Loss: 0.693291187286377, Accuracy: 49.60905904556484%
2024-07-24 17:41:13 - INFO - Epoch: 30/100, Training Loss: 0.6935335271831217
2024-07-24 17:41:13 - INFO - Epoch: 30/100, Validation Loss: 0.6935225668652304, Accuracy: 50.29657589646805%
2024-07-24 17:41:14 - INFO - Epoch: 31/100, Training Loss: 0.6934532913668402
2024-07-24 17:41:14 - INFO - Epoch: 31/100, Validation Loss: 0.6931892469011504, Accuracy: 50.29657589646805%
2024-07-24 17:41:16 - INFO - Epoch: 32/100, Training Loss: 0.6935804590325931
2024-07-24 17:41:16 - INFO - Epoch: 32/100, Validation Loss: 0.6938177938091343, Accuracy: 50.29657589646805%
2024-07-24 17:41:17 - INFO - Epoch: 33/100, Training Loss: 0.693703188721476
2024-07-24 17:41:17 - INFO - Epoch: 33/100, Validation Loss: 0.693244204438966, Accuracy: 49.67646265839849%
2024-07-24 17:41:19 - INFO - Epoch: 34/100, Training Loss: 0.6934499779138071
2024-07-24 17:41:19 - INFO - Epoch: 34/100, Validation Loss: 0.6949085423658634, Accuracy: 49.70342410353195%
2024-07-24 17:41:20 - INFO - Epoch: 35/100, Training Loss: 0.6935296898771977
2024-07-24 17:41:20 - INFO - Epoch: 35/100, Validation Loss: 0.693153014470791, Accuracy: 49.68994338096522%
2024-07-24 17:41:22 - INFO - Epoch: 36/100, Training Loss: 0.6932992585774126
2024-07-24 17:41:22 - INFO - Epoch: 36/100, Validation Loss: 0.6932394355535507, Accuracy: 50.29657589646805%
2024-07-24 17:41:23 - INFO - Epoch: 37/100, Training Loss: 0.6933365713419586
2024-07-24 17:41:23 - INFO - Epoch: 37/100, Validation Loss: 0.6931328891680159, Accuracy: 50.29657589646805%
2024-07-24 17:41:25 - INFO - Epoch: 38/100, Training Loss: 0.6933728005608608
2024-07-24 17:41:25 - INFO - Epoch: 38/100, Validation Loss: 0.6943490207195282, Accuracy: 49.70342410353195%
2024-07-24 17:41:26 - INFO - Epoch: 39/100, Training Loss: 0.6934849081625198
2024-07-24 17:41:27 - INFO - Epoch: 39/100, Validation Loss: 0.6931469363385233, Accuracy: 50.29657589646805%
2024-07-24 17:41:28 - INFO - Epoch: 40/100, Training Loss: 0.6935024355249159
2024-07-24 17:41:28 - INFO - Epoch: 40/100, Validation Loss: 0.6937385550860701, Accuracy: 49.70342410353195%
2024-07-24 17:41:29 - INFO - Epoch: 41/100, Training Loss: 0.6934508321614101
2024-07-24 17:41:30 - INFO - Epoch: 41/100, Validation Loss: 0.6933493290481896, Accuracy: 50.29657589646805%
2024-07-24 17:41:31 - INFO - Epoch: 42/100, Training Loss: 0.6933264167144381
2024-07-24 17:41:31 - INFO - Epoch: 42/100, Validation Loss: 0.6945265685689861, Accuracy: 49.70342410353195%
2024-07-24 17:41:32 - INFO - Epoch: 43/100, Training Loss: 0.6936010095322954
2024-07-24 17:41:33 - INFO - Epoch: 43/100, Validation Loss: 0.6932286501958452, Accuracy: 49.70342410353195%
2024-07-24 17:41:34 - INFO - Epoch: 44/100, Training Loss: 0.6935589994335997
2024-07-24 17:41:34 - INFO - Epoch: 44/100, Validation Loss: 0.6931356032346857, Accuracy: 50.29657589646805%
2024-07-24 17:41:35 - INFO - Epoch: 45/100, Training Loss: 0.6933511408238575
2024-07-24 17:41:36 - INFO - Epoch: 45/100, Validation Loss: 0.6931897211691429, Accuracy: 50.29657589646805%
2024-07-24 17:41:37 - INFO - Epoch: 46/100, Training Loss: 0.6934617107798313
2024-07-24 17:41:37 - INFO - Epoch: 46/100, Validation Loss: 0.6931755573585116, Accuracy: 49.70342410353195%
2024-07-24 17:41:39 - INFO - Epoch: 47/100, Training Loss: 0.6934553631420793
2024-07-24 17:41:39 - INFO - Epoch: 47/100, Validation Loss: 0.6931322484180845, Accuracy: 50.29657589646805%
2024-07-24 17:41:40 - INFO - Epoch: 48/100, Training Loss: 0.6936019041158002
2024-07-24 17:41:40 - INFO - Epoch: 48/100, Validation Loss: 0.6933117036161751, Accuracy: 49.70342410353195%
2024-07-24 17:41:42 - INFO - Epoch: 49/100, Training Loss: 0.6933950905142159
2024-07-24 17:41:42 - INFO - Epoch: 49/100, Validation Loss: 0.6934624571224739, Accuracy: 49.70342410353195%
2024-07-24 17:41:43 - INFO - Epoch: 50/100, Training Loss: 0.6934150993053255
2024-07-24 17:41:44 - INFO - Epoch: 50/100, Validation Loss: 0.6931972847930317, Accuracy: 50.29657589646805%
2024-07-24 17:41:45 - INFO - Epoch: 51/100, Training Loss: 0.6934965114141333
2024-07-24 17:41:45 - INFO - Epoch: 51/100, Validation Loss: 0.6946839366493553, Accuracy: 49.70342410353195%
2024-07-24 17:41:46 - INFO - Epoch: 52/100, Training Loss: 0.6934871112221274
2024-07-24 17:41:46 - INFO - Epoch: 52/100, Validation Loss: 0.6935020397449362, Accuracy: 50.29657589646805%
2024-07-24 17:41:48 - INFO - Epoch: 53/100, Training Loss: 0.6933375490379745
2024-07-24 17:41:48 - INFO - Epoch: 53/100, Validation Loss: 0.6932165781999456, Accuracy: 50.29657589646805%
2024-07-24 17:41:49 - INFO - Epoch: 54/100, Training Loss: 0.6933531985971434
2024-07-24 17:41:49 - INFO - Epoch: 54/100, Validation Loss: 0.6931736520652113, Accuracy: 49.70342410353195%
2024-07-24 17:41:51 - INFO - Epoch: 55/100, Training Loss: 0.6934917317382221
2024-07-24 17:41:51 - INFO - Epoch: 55/100, Validation Loss: 0.6948024620269907, Accuracy: 50.29657589646805%
2024-07-24 17:41:52 - INFO - Epoch: 56/100, Training Loss: 0.6936351360175116
2024-07-24 17:41:53 - INFO - Epoch: 56/100, Validation Loss: 0.6932121561519031, Accuracy: 50.29657589646805%
2024-07-24 17:41:54 - INFO - Epoch: 57/100, Training Loss: 0.6933352507907768
2024-07-24 17:41:54 - INFO - Epoch: 57/100, Validation Loss: 0.6939300267860807, Accuracy: 49.70342410353195%
2024-07-24 17:41:56 - INFO - Epoch: 58/100, Training Loss: 0.6934982449587049
2024-07-24 17:41:56 - INFO - Epoch: 58/100, Validation Loss: 0.693129820042643, Accuracy: 50.29657589646805%
2024-07-24 17:41:57 - INFO - Epoch: 59/100, Training Loss: 0.693421486636688
2024-07-24 17:41:57 - INFO - Epoch: 59/100, Validation Loss: 0.6931380711752793, Accuracy: 50.29657589646805%
2024-07-24 17:41:59 - INFO - Epoch: 60/100, Training Loss: 0.6934568063709242
2024-07-24 17:41:59 - INFO - Epoch: 60/100, Validation Loss: 0.6935926675796509, Accuracy: 49.70342410353195%
2024-07-24 17:42:00 - INFO - Epoch: 61/100, Training Loss: 0.6934330175662863
2024-07-24 17:42:00 - INFO - Epoch: 61/100, Validation Loss: 0.6933612556293093, Accuracy: 49.70342410353195%
2024-07-24 17:42:02 - INFO - Epoch: 62/100, Training Loss: 0.6935138184705685
2024-07-24 17:42:02 - INFO - Epoch: 62/100, Validation Loss: 0.6932037693673166, Accuracy: 50.29657589646805%
2024-07-24 17:42:03 - INFO - Epoch: 63/100, Training Loss: 0.6935578343169443
2024-07-24 17:42:04 - INFO - Epoch: 63/100, Validation Loss: 0.6931678442091778, Accuracy: 50.29657589646805%
2024-07-24 17:42:05 - INFO - Epoch: 64/100, Training Loss: 0.6936275472157988
2024-07-24 17:42:05 - INFO - Epoch: 64/100, Validation Loss: 0.6936411682901711, Accuracy: 49.70342410353195%
2024-07-24 17:42:06 - INFO - Epoch: 65/100, Training Loss: 0.6933391029978621
2024-07-24 17:42:07 - INFO - Epoch: 65/100, Validation Loss: 0.69343491361059, Accuracy: 49.70342410353195%
2024-07-24 17:42:08 - INFO - Epoch: 66/100, Training Loss: 0.6933711965022415
2024-07-24 17:42:08 - INFO - Epoch: 66/100, Validation Loss: 0.6931321487344545, Accuracy: 50.29657589646805%
2024-07-24 17:42:09 - INFO - Epoch: 67/100, Training Loss: 0.6934380235856977
2024-07-24 17:42:10 - INFO - Epoch: 67/100, Validation Loss: 0.6946757081253775, Accuracy: 50.29657589646805%
2024-07-24 17:42:11 - INFO - Epoch: 68/100, Training Loss: 0.6936188689593611
2024-07-24 17:42:11 - INFO - Epoch: 68/100, Validation Loss: 0.6934965001098041, Accuracy: 50.29657589646805%
2024-07-24 17:42:12 - INFO - Epoch: 69/100, Training Loss: 0.6934281132858375
2024-07-24 17:42:13 - INFO - Epoch: 69/100, Validation Loss: 0.6934330391472784, Accuracy: 50.29657589646805%
2024-07-24 17:42:14 - INFO - Epoch: 70/100, Training Loss: 0.6934512654512093
2024-07-24 17:42:14 - INFO - Epoch: 70/100, Validation Loss: 0.6933846263022259, Accuracy: 49.70342410353195%
2024-07-24 17:42:16 - INFO - Epoch: 71/100, Training Loss: 0.6935544699944299
2024-07-24 17:42:16 - INFO - Epoch: 71/100, Validation Loss: 0.6932037298021645, Accuracy: 49.70342410353195%
2024-07-24 17:42:17 - INFO - Epoch: 72/100, Training Loss: 0.6933729114203617
2024-07-24 17:42:17 - INFO - Epoch: 72/100, Validation Loss: 0.6935780413191894, Accuracy: 49.70342410353195%
2024-07-24 17:42:19 - INFO - Epoch: 73/100, Training Loss: 0.6935422983149002
2024-07-24 17:42:19 - INFO - Epoch: 73/100, Validation Loss: 0.6934027384067404, Accuracy: 49.70342410353195%
2024-07-24 17:42:21 - INFO - Epoch: 74/100, Training Loss: 0.6934832712185794
2024-07-24 17:42:21 - INFO - Epoch: 74/100, Validation Loss: 0.6931650936603546, Accuracy: 49.70342410353195%
2024-07-24 17:42:22 - INFO - Epoch: 75/100, Training Loss: 0.6934242859996599
2024-07-24 17:42:22 - INFO - Epoch: 75/100, Validation Loss: 0.6939717217766005, Accuracy: 49.70342410353195%
2024-07-24 17:42:24 - INFO - Epoch: 76/100, Training Loss: 0.6935315549630543
2024-07-24 17:42:24 - INFO - Epoch: 76/100, Validation Loss: 0.6935127572766666, Accuracy: 49.70342410353195%
2024-07-24 17:42:25 - INFO - Epoch: 77/100, Training Loss: 0.6934115709415798
2024-07-24 17:42:25 - INFO - Epoch: 77/100, Validation Loss: 0.6934868842363358, Accuracy: 49.70342410353195%
2024-07-24 17:42:27 - INFO - Epoch: 78/100, Training Loss: 0.6935306326325598
2024-07-24 17:42:27 - INFO - Epoch: 78/100, Validation Loss: 0.6931352748953062, Accuracy: 50.29657589646805%
2024-07-24 17:42:28 - INFO - Epoch: 79/100, Training Loss: 0.6936005039204811
2024-07-24 17:42:28 - INFO - Epoch: 79/100, Validation Loss: 0.6931776168017552, Accuracy: 50.29657589646805%
2024-07-24 17:42:30 - INFO - Epoch: 80/100, Training Loss: 0.6935017815437811
2024-07-24 17:42:30 - INFO - Epoch: 80/100, Validation Loss: 0.6945549352415676, Accuracy: 49.70342410353195%
2024-07-24 17:42:31 - INFO - Epoch: 81/100, Training Loss: 0.6936050463339378
2024-07-24 17:42:31 - INFO - Epoch: 81/100, Validation Loss: 0.6931642180886762, Accuracy: 50.29657589646805%
2024-07-24 17:42:33 - INFO - Epoch: 82/100, Training Loss: 0.6934451676648239
2024-07-24 17:42:33 - INFO - Epoch: 82/100, Validation Loss: 0.6932103829137211, Accuracy: 50.29657589646805%
2024-07-24 17:42:34 - INFO - Epoch: 83/100, Training Loss: 0.6934786721550185
2024-07-24 17:42:34 - INFO - Epoch: 83/100, Validation Loss: 0.6931322586947474, Accuracy: 50.29657589646805%
2024-07-24 17:42:36 - INFO - Epoch: 84/100, Training Loss: 0.6934661070077583
2024-07-24 17:42:36 - INFO - Epoch: 84/100, Validation Loss: 0.6932702321430733, Accuracy: 49.70342410353195%
2024-07-24 17:42:37 - INFO - Epoch: 85/100, Training Loss: 0.6933866437396099
2024-07-24 17:42:37 - INFO - Epoch: 85/100, Validation Loss: 0.6932055487714964, Accuracy: 50.29657589646805%
2024-07-24 17:42:39 - INFO - Epoch: 86/100, Training Loss: 0.6935437340931646
2024-07-24 17:42:39 - INFO - Epoch: 86/100, Validation Loss: 0.693541005767625, Accuracy: 50.29657589646805%
2024-07-24 17:42:41 - INFO - Epoch: 87/100, Training Loss: 0.6932905570700251
2024-07-24 17:42:41 - INFO - Epoch: 87/100, Validation Loss: 0.6936422781697635, Accuracy: 50.29657589646805%
2024-07-24 17:42:42 - INFO - Epoch: 88/100, Training Loss: 0.6934928274874029
2024-07-24 17:42:42 - INFO - Epoch: 88/100, Validation Loss: 0.6936431028719606, Accuracy: 50.29657589646805%
2024-07-24 17:42:44 - INFO - Epoch: 89/100, Training Loss: 0.6935389495358385
2024-07-24 17:42:44 - INFO - Epoch: 89/100, Validation Loss: 0.693180885294388, Accuracy: 49.70342410353195%
2024-07-24 17:42:45 - INFO - Epoch: 90/100, Training Loss: 0.6934512149671028
2024-07-24 17:42:45 - INFO - Epoch: 90/100, Validation Loss: 0.6931798360471068, Accuracy: 49.70342410353195%
2024-07-24 17:42:47 - INFO - Epoch: 91/100, Training Loss: 0.693525358006872
2024-07-24 17:42:47 - INFO - Epoch: 91/100, Validation Loss: 0.6931734850694393, Accuracy: 50.29657589646805%
2024-07-24 17:42:48 - INFO - Epoch: 92/100, Training Loss: 0.6934257740604466
2024-07-24 17:42:49 - INFO - Epoch: 92/100, Validation Loss: 0.6933292263540728, Accuracy: 49.70342410353195%
2024-07-24 17:42:50 - INFO - Epoch: 93/100, Training Loss: 0.6934918589119253
2024-07-24 17:42:50 - INFO - Epoch: 93/100, Validation Loss: 0.6934169489761879, Accuracy: 49.70342410353195%
2024-07-24 17:42:52 - INFO - Epoch: 94/100, Training Loss: 0.6935472894331505
2024-07-24 17:42:52 - INFO - Epoch: 94/100, Validation Loss: 0.6931496262550354, Accuracy: 50.28309517390132%
2024-07-24 17:42:53 - INFO - Epoch: 95/100, Training Loss: 0.6935630336660763
2024-07-24 17:42:53 - INFO - Epoch: 95/100, Validation Loss: 0.6932050066775289, Accuracy: 50.29657589646805%
2024-07-24 17:42:55 - INFO - Epoch: 96/100, Training Loss: 0.693568946600988
2024-07-24 17:42:55 - INFO - Epoch: 96/100, Validation Loss: 0.69330259643752, Accuracy: 49.70342410353195%
2024-07-24 17:42:56 - INFO - Epoch: 97/100, Training Loss: 0.6933958796334678
2024-07-24 17:42:56 - INFO - Epoch: 97/100, Validation Loss: 0.6931661310894736, Accuracy: 50.29657589646805%
2024-07-24 17:42:57 - INFO - Epoch: 98/100, Training Loss: 0.6934397909147986
2024-07-24 17:42:58 - INFO - Epoch: 98/100, Validation Loss: 0.6932058267552277, Accuracy: 49.70342410353195%
2024-07-24 17:42:59 - INFO - Epoch: 99/100, Training Loss: 0.6935482377122189
2024-07-24 17:42:59 - INFO - Epoch: 99/100, Validation Loss: 0.6931329446619955, Accuracy: 50.29657589646805%
2024-07-24 17:43:01 - INFO - Epoch: 100/100, Training Loss: 0.6934487750304157
2024-07-24 17:43:01 - INFO - Epoch: 100/100, Validation Loss: 0.6931729928172868, Accuracy: 49.70342410353195%
2024-07-24 17:43:01 - INFO - Finished training model.
2024-07-24 17:43:01 - INFO - Model saved to lstm_classifier_dc2.pth and vocabulary saved to vocab_dc2.pkl
