2024-06-19 01:41:21 - INFO - This log entry will go into a uniquely named file for this run.
2024-06-19 01:41:21 - INFO - Starting LSTM model training...
2024-06-19 01:41:21 - INFO - epochs=10
2024-06-19 01:41:21 - INFO - batch_size=32
2024-06-19 01:41:24 - INFO - Starting LSTM model training...
2024-06-19 01:41:27 - INFO - Epoch 1/10, Loss: 1.4911251122530482
2024-06-19 01:41:30 - INFO - Epoch 2/10, Loss: 1.4117399164419353
2024-06-19 01:41:33 - INFO - Epoch 3/10, Loss: 1.362064180943566
2024-06-19 01:41:37 - INFO - Epoch 4/10, Loss: 1.3269304659101402
2024-06-19 01:41:40 - INFO - Epoch 5/10, Loss: 1.3318702807814562
2024-06-19 01:41:43 - INFO - Epoch 6/10, Loss: 1.375945381709723
2024-06-19 01:41:46 - INFO - Epoch 7/10, Loss: 1.3423600120147237
2024-06-19 01:41:50 - INFO - Epoch 8/10, Loss: 1.3357519031939677
2024-06-19 01:41:53 - INFO - Epoch 9/10, Loss: 1.3016040475721036
2024-06-19 01:41:56 - INFO - Epoch 10/10, Loss: 1.3518364083865018
2024-06-19 01:41:56 - INFO - Finished training model.
2024-06-19 01:41:57 - INFO - 
Generated Code:
2024-06-19 01:41:57 - INFO - = FLOAT_LITERAL * FLOAT_LITERAL - FLOAT_LITERAL ; float ; FLOAT_LITERAL ; FLOAT_LITERAL - FLOAT_LITERAL ; return g ; } else { float b = FLOAT_LITERAL - FLOAT_LITERAL - FLOAT_LITERAL ; float a = FLOAT_LITERAL - FLOAT_LITERAL ; float a = FLOAT_LITERAL - FLOAT_LITERAL - FLOAT_LITERAL ; float a = FLOAT_LITERAL - FLOAT_LITERAL ; return h ; } else { float b = FLOAT_LITERAL - FLOAT_LITERAL - FLOAT_LITERAL ; float ; FLOAT_LITERAL ; FLOAT_LITERAL - FLOAT_LITERAL ; float a = FLOAT_LITERAL - FLOAT_LITERAL ; float a = FLOAT_LITERAL - FLOAT_LITERAL - FLOAT_LITERAL ; return g ; } else { float b
2024-06-19 01:41:57 - INFO - Finished training LSTM model.
