2024-06-19 01:54:51 - INFO - This log entry will go into a uniquely named file for this run.
2024-06-19 01:54:51 - INFO - Starting LSTM model training...
2024-06-19 01:54:51 - INFO - Optimizer=RMSprop
2024-06-19 01:54:51 - INFO - epochs=1000
2024-06-19 01:54:51 - INFO - batch_size=32
2024-06-19 01:54:51 - INFO - File=codeExamples.txt
2024-06-19 01:54:51 - INFO - Learning Rate=0.001
2024-06-19 01:54:58 - INFO - Starting LSTM model training...
2024-06-19 01:55:05 - INFO - Epoch 1/1000, Loss: 1.6288592354421119
2024-06-19 01:55:13 - INFO - Epoch 2/1000, Loss: 1.4224778321842955
2024-06-19 01:55:21 - INFO - Epoch 3/1000, Loss: 1.4038507146316221
2024-06-19 01:55:29 - INFO - Epoch 4/1000, Loss: 1.3495711904187606
2024-06-19 01:55:37 - INFO - Epoch 5/1000, Loss: 1.3544555266066498
2024-06-19 01:55:45 - INFO - Epoch 6/1000, Loss: 1.3934593366367494
2024-06-19 01:55:54 - INFO - Epoch 7/1000, Loss: 1.395271395942088
2024-06-19 01:56:02 - INFO - Epoch 8/1000, Loss: 1.3876611491889406
2024-06-19 01:56:10 - INFO - Epoch 9/1000, Loss: 1.3173444630771325
2024-06-19 01:56:18 - INFO - Epoch 10/1000, Loss: 1.351895581067304
2024-06-19 01:56:26 - INFO - Epoch 11/1000, Loss: 1.2923706101306185
2024-06-19 01:56:35 - INFO - Epoch 12/1000, Loss: 1.3321828068657544
2024-06-19 01:56:43 - INFO - Epoch 13/1000, Loss: 1.3582855586653635
2024-06-19 01:56:51 - INFO - Epoch 14/1000, Loss: 1.3313981215114767
2024-06-19 01:56:59 - INFO - Epoch 15/1000, Loss: 1.3133591105514273
2024-06-19 01:57:07 - INFO - Epoch 16/1000, Loss: 1.3802769533821946
2024-06-19 01:57:16 - INFO - Epoch 17/1000, Loss: 1.3103226062139142
2024-06-19 01:57:23 - INFO - Epoch 18/1000, Loss: 1.3238339106563255
2024-06-19 01:57:32 - INFO - Epoch 19/1000, Loss: 1.3769040716989422
2024-06-19 01:57:40 - INFO - Epoch 20/1000, Loss: 1.3180770920625497
2024-06-19 01:57:48 - INFO - Epoch 21/1000, Loss: 1.2913369695766697
2024-06-19 01:57:56 - INFO - Epoch 22/1000, Loss: 1.3176731977459222
2024-06-19 01:58:04 - INFO - Epoch 23/1000, Loss: 1.2801372795398003
2024-06-19 01:58:12 - INFO - Epoch 24/1000, Loss: 1.3085966796847959
2024-06-19 01:58:21 - INFO - Epoch 25/1000, Loss: 1.2793577076506262
2024-06-19 01:58:28 - INFO - Epoch 26/1000, Loss: 1.3086075677325557
2024-06-19 01:58:37 - INFO - Epoch 27/1000, Loss: 1.318260558877359
2024-06-19 01:58:45 - INFO - Epoch 28/1000, Loss: 1.3425374245236887
2024-06-19 01:58:53 - INFO - Epoch 29/1000, Loss: 1.2824155993249489
2024-06-19 01:59:01 - INFO - Epoch 30/1000, Loss: 1.2793279208659527
2024-06-19 01:59:09 - INFO - Epoch 31/1000, Loss: 1.2751032401786957
2024-06-19 01:59:17 - INFO - Epoch 32/1000, Loss: 1.2808909999805032
2024-06-19 01:59:25 - INFO - Epoch 33/1000, Loss: 1.272678954799776
2024-06-19 01:59:33 - INFO - Epoch 34/1000, Loss: 1.4852963766725649
2024-06-19 01:59:42 - INFO - Epoch 35/1000, Loss: 1.2781794617760438
2024-06-19 01:59:50 - INFO - Epoch 36/1000, Loss: 1.2777203514459259
2024-06-19 01:59:58 - INFO - Epoch 37/1000, Loss: 1.302272216992105
2024-06-19 02:00:06 - INFO - Epoch 38/1000, Loss: 1.2992414937814853
2024-06-19 02:00:14 - INFO - Epoch 39/1000, Loss: 1.363508410374667
2024-06-19 02:00:22 - INFO - Epoch 40/1000, Loss: 1.3054531122890858
2024-06-19 02:00:30 - INFO - Epoch 41/1000, Loss: 1.3080732116737785
2024-06-19 02:00:38 - INFO - Epoch 42/1000, Loss: 1.4453155963550424
2024-06-19 02:00:47 - INFO - Epoch 43/1000, Loss: 1.633712112562807
2024-06-19 02:00:55 - INFO - Epoch 44/1000, Loss: 1.2945970326173046
2024-06-19 02:01:03 - INFO - Epoch 45/1000, Loss: 1.3034287234792947
2024-06-19 02:01:11 - INFO - Epoch 46/1000, Loss: 1.3906672182804825
2024-06-19 02:01:19 - INFO - Epoch 47/1000, Loss: 1.2887218268863083
2024-06-19 02:01:27 - INFO - Epoch 48/1000, Loss: 1.300458394327972
2024-06-19 02:01:35 - INFO - Epoch 49/1000, Loss: 1.564923416131356
2024-06-19 02:01:43 - INFO - Epoch 50/1000, Loss: 1.322634070775047
2024-06-19 02:01:52 - INFO - Epoch 51/1000, Loss: 1.3100584693374602
2024-06-19 02:02:00 - INFO - Epoch 52/1000, Loss: 1.2922297124333368
2024-06-19 02:02:08 - INFO - Epoch 53/1000, Loss: 1.2835682298506186
2024-06-19 02:02:16 - INFO - Epoch 54/1000, Loss: 1.3228106481152444
2024-06-19 02:02:25 - INFO - Epoch 55/1000, Loss: 1.282485592195148
2024-06-19 02:02:33 - INFO - Epoch 56/1000, Loss: 1.2878277611434363
2024-06-19 02:02:42 - INFO - Epoch 57/1000, Loss: 1.328384522452368
2024-06-19 02:02:50 - INFO - Epoch 58/1000, Loss: 1.2830982257402996
2024-06-19 02:02:58 - INFO - Epoch 59/1000, Loss: 1.2861092418372666
2024-06-19 02:03:06 - INFO - Epoch 60/1000, Loss: 1.3160332896323437
2024-06-19 02:03:14 - INFO - Epoch 61/1000, Loss: 1.297989108182006
2024-06-19 02:03:22 - INFO - Epoch 62/1000, Loss: 1.2778099693192746
2024-06-19 02:03:30 - INFO - Epoch 63/1000, Loss: 1.263859706117159
2024-06-19 02:03:38 - INFO - Epoch 64/1000, Loss: 1.2658279555526475
2024-06-19 02:03:47 - INFO - Epoch 65/1000, Loss: 1.2814055113913663
2024-06-19 02:03:55 - INFO - Epoch 66/1000, Loss: 1.2889367118959218
2024-06-19 02:04:03 - INFO - Epoch 67/1000, Loss: 1.2701575123371065
2024-06-19 02:04:11 - INFO - Epoch 68/1000, Loss: 1.3775345418530018
2024-06-19 02:04:19 - INFO - Epoch 69/1000, Loss: 1.2930783911606472
2024-06-19 02:04:27 - INFO - Epoch 70/1000, Loss: 1.3436417962330818
2024-06-19 02:04:35 - INFO - Epoch 71/1000, Loss: 1.3053862237201066
2024-06-19 02:04:44 - INFO - Epoch 72/1000, Loss: 1.289568087271454
2024-06-19 02:04:52 - INFO - Epoch 73/1000, Loss: 1.307157993638044
2024-06-19 02:05:00 - INFO - Epoch 74/1000, Loss: 1.322437392791456
2024-06-19 02:05:08 - INFO - Epoch 75/1000, Loss: 1.4282268910584677
2024-06-19 02:05:16 - INFO - Epoch 76/1000, Loss: 1.2556539845700456
2024-06-19 02:05:24 - INFO - Epoch 77/1000, Loss: 1.31654458117331
2024-06-19 02:05:32 - INFO - Epoch 78/1000, Loss: 1.2991044596138899
2024-06-19 02:05:40 - INFO - Epoch 79/1000, Loss: 1.2844916467624956
2024-06-19 02:05:49 - INFO - Epoch 80/1000, Loss: 1.2736824537395228
2024-06-19 02:05:57 - INFO - Epoch 81/1000, Loss: 1.356537781355521
2024-06-19 02:06:05 - INFO - Epoch 82/1000, Loss: 1.3113005168821523
2024-06-19 02:06:13 - INFO - Epoch 83/1000, Loss: 1.2744223528735525
2024-06-19 02:06:21 - INFO - Epoch 84/1000, Loss: 1.306036294046896
2024-06-19 02:06:29 - INFO - Epoch 85/1000, Loss: 1.2733604389991808
2024-06-19 02:06:37 - INFO - Epoch 86/1000, Loss: 1.308872080622804
2024-06-19 02:06:46 - INFO - Epoch 87/1000, Loss: 1.333677718398107
2024-06-19 02:06:54 - INFO - Epoch 88/1000, Loss: 1.3319223344295543
2024-06-19 02:07:02 - INFO - Epoch 89/1000, Loss: 1.3058848793534439
2024-06-19 02:07:10 - INFO - Epoch 90/1000, Loss: 1.297842151748637
2024-06-19 02:07:18 - INFO - Epoch 91/1000, Loss: 1.3686914163636998
2024-06-19 02:07:27 - INFO - Epoch 92/1000, Loss: 1.2940935220799508
2024-06-19 02:07:35 - INFO - Epoch 93/1000, Loss: 1.3976904841439748
2024-06-19 02:07:43 - INFO - Epoch 94/1000, Loss: 1.2925212066254346
2024-06-19 02:07:51 - INFO - Epoch 95/1000, Loss: 1.2945747896090372
2024-06-19 02:07:59 - INFO - Epoch 96/1000, Loss: 1.8126912125925836
2024-06-19 02:08:07 - INFO - Epoch 97/1000, Loss: 1.3690905688015458
2024-06-19 02:08:16 - INFO - Epoch 98/1000, Loss: 1.283247018211729
2024-06-19 02:08:24 - INFO - Epoch 99/1000, Loss: 1.3113453914634532
2024-06-19 02:08:32 - INFO - Epoch 100/1000, Loss: 1.4151778781685
2024-06-19 02:08:40 - INFO - Epoch 101/1000, Loss: 1.3374659861890152
2024-06-19 02:08:48 - INFO - Epoch 102/1000, Loss: 1.4442907972537073
2024-06-19 02:08:57 - INFO - Epoch 103/1000, Loss: 1.4925476514727358
2024-06-19 02:09:05 - INFO - Epoch 104/1000, Loss: 1.2938339837407686
2024-06-19 02:09:13 - INFO - Epoch 105/1000, Loss: 1.2825281085958264
2024-06-19 02:09:21 - INFO - Epoch 106/1000, Loss: 1.3177972771668929
2024-06-19 02:09:29 - INFO - Epoch 107/1000, Loss: 1.3275556433003013
2024-06-19 02:09:38 - INFO - Epoch 108/1000, Loss: 1.296908414131682
2024-06-19 02:09:46 - INFO - Epoch 109/1000, Loss: 1.3050131069446316
2024-06-19 02:09:54 - INFO - Epoch 110/1000, Loss: 1.3108534708585178
2024-06-19 02:10:02 - INFO - Epoch 111/1000, Loss: 1.279228236548589
2024-06-19 02:10:10 - INFO - Epoch 112/1000, Loss: 1.3070597713564263
2024-06-19 02:10:18 - INFO - Epoch 113/1000, Loss: 1.2991204947289998
2024-06-19 02:10:27 - INFO - Epoch 114/1000, Loss: 1.3228717329378756
2024-06-19 02:10:35 - INFO - Epoch 115/1000, Loss: 1.273530689220307
2024-06-19 02:10:43 - INFO - Epoch 116/1000, Loss: 1.313323284710478
2024-06-19 02:10:51 - INFO - Epoch 117/1000, Loss: 1.2928585942329147
2024-06-19 02:10:59 - INFO - Epoch 118/1000, Loss: 1.269532894437651
2024-06-19 02:11:07 - INFO - Epoch 119/1000, Loss: 1.2803182821030432
2024-06-19 02:11:16 - INFO - Epoch 120/1000, Loss: 1.3425228299442065
2024-06-19 02:11:24 - INFO - Epoch 121/1000, Loss: 1.2898173105465687
2024-06-19 02:11:32 - INFO - Epoch 122/1000, Loss: 1.2898219585119473
2024-06-19 02:11:40 - INFO - Epoch 123/1000, Loss: 1.2735920199089812
2024-06-19 02:11:49 - INFO - Epoch 124/1000, Loss: 1.3304599819448
2024-06-19 02:11:56 - INFO - Epoch 125/1000, Loss: 1.3034467106721495
2024-06-19 02:12:05 - INFO - Epoch 126/1000, Loss: 1.3439789983909598
2024-06-19 02:12:13 - INFO - Epoch 127/1000, Loss: 1.4937973845449999
2024-06-19 02:12:21 - INFO - Epoch 128/1000, Loss: 1.5411227500483575
2024-06-19 02:12:29 - INFO - Epoch 129/1000, Loss: 1.3116695284760327
2024-06-19 02:12:37 - INFO - Epoch 130/1000, Loss: 1.3047887422613689
2024-06-19 02:12:45 - INFO - Epoch 131/1000, Loss: 1.288940349361285
2024-06-19 02:12:54 - INFO - Epoch 132/1000, Loss: 1.2723307195348355
2024-06-19 02:13:02 - INFO - Epoch 133/1000, Loss: 1.288051070713938
2024-06-19 02:13:10 - INFO - Epoch 134/1000, Loss: 1.3087189913305817
2024-06-19 02:13:18 - INFO - Epoch 135/1000, Loss: 1.2977968121275367
2024-06-19 02:13:26 - INFO - Epoch 136/1000, Loss: 1.2775255515863222
2024-06-19 02:13:34 - INFO - Epoch 137/1000, Loss: 1.7199061675056866
2024-06-19 02:13:42 - INFO - Epoch 138/1000, Loss: 1.3094718392322082
2024-06-19 02:13:50 - INFO - Epoch 139/1000, Loss: 1.2864922240916052
2024-06-19 02:13:59 - INFO - Epoch 140/1000, Loss: 1.4482509369481775
2024-06-19 02:14:06 - INFO - Epoch 141/1000, Loss: 1.319680100908529
2024-06-19 02:14:15 - INFO - Epoch 142/1000, Loss: 1.2821389906621292
2024-06-19 02:14:23 - INFO - Epoch 143/1000, Loss: 1.2905261051049155
2024-06-19 02:14:31 - INFO - Epoch 144/1000, Loss: 1.321578220310822
2024-06-19 02:14:39 - INFO - Epoch 145/1000, Loss: 1.3113236391178065
2024-06-19 02:14:48 - INFO - Epoch 146/1000, Loss: 1.3071381400188176
2024-06-19 02:14:56 - INFO - Epoch 147/1000, Loss: 1.3229020863393246
2024-06-19 02:15:04 - INFO - Epoch 148/1000, Loss: 1.2989272682015014
2024-06-19 02:15:12 - INFO - Epoch 149/1000, Loss: 1.4585465067894627
2024-06-19 02:15:20 - INFO - Epoch 150/1000, Loss: 1.2984066667380771
2024-06-19 02:15:28 - INFO - Epoch 151/1000, Loss: 1.3259964223487193
2024-06-19 02:15:37 - INFO - Epoch 152/1000, Loss: 1.2807575200318082
2024-06-19 02:15:45 - INFO - Epoch 153/1000, Loss: 1.3022381208744562
2024-06-19 02:15:53 - INFO - Epoch 154/1000, Loss: 1.2982987289575443
2024-06-19 02:16:01 - INFO - Epoch 155/1000, Loss: 1.298193360712662
2024-06-19 02:16:09 - INFO - Epoch 156/1000, Loss: 1.285653853762218
2024-06-19 02:16:17 - INFO - Epoch 157/1000, Loss: 1.356931227085697
2024-06-19 02:16:26 - INFO - Epoch 158/1000, Loss: 1.3629129877905242
2024-06-19 02:16:34 - INFO - Epoch 159/1000, Loss: 1.369810546233565
2024-06-19 02:16:42 - INFO - Epoch 160/1000, Loss: 1.3160917561229224
2024-06-19 02:16:50 - INFO - Epoch 161/1000, Loss: 1.326943718760337
2024-06-19 02:16:58 - INFO - Epoch 162/1000, Loss: 1.3348759456375279
2024-06-19 02:17:07 - INFO - Epoch 163/1000, Loss: 1.2752802353166157
2024-06-19 02:17:15 - INFO - Epoch 164/1000, Loss: 1.2962374915993762
2024-06-19 02:17:23 - INFO - Epoch 165/1000, Loss: 1.4278213705792895
2024-06-19 02:17:31 - INFO - Epoch 166/1000, Loss: 1.2863683292835055
2024-06-19 02:17:39 - INFO - Epoch 167/1000, Loss: 1.2919497160112952
2024-06-19 02:17:47 - INFO - Epoch 168/1000, Loss: 1.2908397245311796
2024-06-19 02:17:55 - INFO - Epoch 169/1000, Loss: 3.3325687722393322
2024-06-19 02:18:04 - INFO - Epoch 170/1000, Loss: 1.3075672518462809
2024-06-19 02:18:12 - INFO - Epoch 171/1000, Loss: 1.2693452290930531
2024-06-19 02:18:20 - INFO - Epoch 172/1000, Loss: 1.2846087631817749
2024-06-19 02:18:28 - INFO - Epoch 173/1000, Loss: 1.2725106142823215
2024-06-19 02:18:37 - INFO - Epoch 174/1000, Loss: 1.3394033076767253
2024-06-19 02:18:45 - INFO - Epoch 175/1000, Loss: 1.409884954747842
2024-06-19 02:18:53 - INFO - Epoch 176/1000, Loss: 1.3410144913164979
2024-06-19 02:19:01 - INFO - Epoch 177/1000, Loss: 1.270467044424657
2024-06-19 02:19:09 - INFO - Epoch 178/1000, Loss: 1.281192960457861
2024-06-19 02:19:18 - INFO - Epoch 179/1000, Loss: 1.3112433691495344
2024-06-19 02:19:26 - INFO - Epoch 180/1000, Loss: 1.284474235526223
2024-06-19 02:19:34 - INFO - Epoch 181/1000, Loss: 1.2915922344598134
2024-06-19 02:19:42 - INFO - Epoch 182/1000, Loss: 1.3029759044633475
2024-06-19 02:19:50 - INFO - Epoch 183/1000, Loss: 1.2847751237766152
2024-06-19 02:19:59 - INFO - Epoch 184/1000, Loss: 1.3887773254634401
2024-06-19 02:20:07 - INFO - Epoch 185/1000, Loss: 2.721403080466313
2024-06-19 02:20:15 - INFO - Epoch 186/1000, Loss: 1.3271639815812242
2024-06-19 02:20:23 - INFO - Epoch 187/1000, Loss: 1.2876654128197573
2024-06-19 02:20:31 - INFO - Epoch 188/1000, Loss: 1.3833192537581522
2024-06-19 02:20:39 - INFO - Epoch 189/1000, Loss: 1.2812259171966927
2024-06-19 02:20:48 - INFO - Epoch 190/1000, Loss: 1.3869649755213875
2024-06-19 02:20:56 - INFO - Epoch 191/1000, Loss: 1.273983795744923
2024-06-19 02:21:04 - INFO - Epoch 192/1000, Loss: 1.304009725219318
2024-06-19 02:21:12 - INFO - Epoch 193/1000, Loss: 1.4073761654870978
2024-06-19 02:21:20 - INFO - Epoch 194/1000, Loss: 1.2850021894399366
2024-06-19 02:21:29 - INFO - Epoch 195/1000, Loss: 1.3031690966793168
2024-06-19 02:21:37 - INFO - Epoch 196/1000, Loss: 1.280078398944754
2024-06-19 02:21:45 - INFO - Epoch 197/1000, Loss: 1.3055500333979557
2024-06-19 02:21:53 - INFO - Epoch 198/1000, Loss: 1.2975638912422622
2024-06-19 02:22:01 - INFO - Epoch 199/1000, Loss: 1.586182120232792
2024-06-19 02:22:09 - INFO - Epoch 200/1000, Loss: 1.2859029064494096
2024-06-19 02:22:18 - INFO - Epoch 201/1000, Loss: 1.289021230052052
2024-06-19 02:22:26 - INFO - Epoch 202/1000, Loss: 1.2834714782491243
2024-06-19 02:22:34 - INFO - Epoch 203/1000, Loss: 1.378621133878929
2024-06-19 02:22:42 - INFO - Epoch 204/1000, Loss: 1.3228659422467544
2024-06-19 02:22:50 - INFO - Epoch 205/1000, Loss: 1.2592114048600833
2024-06-19 02:22:59 - INFO - Epoch 206/1000, Loss: 1.270780572503125
2024-06-19 02:23:07 - INFO - Epoch 207/1000, Loss: 1.274790190245125
2024-06-19 02:23:15 - INFO - Epoch 208/1000, Loss: 1.5899988306353892
2024-06-19 02:23:23 - INFO - Epoch 209/1000, Loss: 1.3129788580584913
2024-06-19 02:23:31 - INFO - Epoch 210/1000, Loss: 1.2812950219568535
2024-06-19 02:23:40 - INFO - Epoch 211/1000, Loss: 1.3047034804948352
2024-06-19 02:23:48 - INFO - Epoch 212/1000, Loss: 1.31197633455916
2024-06-19 02:23:56 - INFO - Epoch 213/1000, Loss: 1.287448923197583
2024-06-19 02:24:04 - INFO - Epoch 214/1000, Loss: 1.2663116692576855
2024-06-19 02:24:12 - INFO - Epoch 215/1000, Loss: 1.2881145074721831
2024-06-19 02:24:20 - INFO - Epoch 216/1000, Loss: 1.3520151119055301
2024-06-19 02:24:29 - INFO - Epoch 217/1000, Loss: 1.287830324971581
2024-06-19 02:24:37 - INFO - Epoch 218/1000, Loss: 1.3041965225132661
2024-06-19 02:24:45 - INFO - Epoch 219/1000, Loss: 1.2752570308513214
2024-06-19 02:24:53 - INFO - Epoch 220/1000, Loss: 1.2839810825350648
2024-06-19 02:25:01 - INFO - Epoch 221/1000, Loss: 1.3260285741574804
2024-06-19 02:25:10 - INFO - Epoch 222/1000, Loss: 1.29196313719966
2024-06-19 02:25:18 - INFO - Epoch 223/1000, Loss: 1.292212290305703
2024-06-19 02:25:26 - INFO - Epoch 224/1000, Loss: 1.3037166461027834
2024-06-19 02:25:34 - INFO - Epoch 225/1000, Loss: 1.274092844023186
2024-06-19 02:25:42 - INFO - Epoch 226/1000, Loss: 1.3258923182609175
2024-06-19 02:25:50 - INFO - Epoch 227/1000, Loss: 1.2916725727713092
2024-06-19 02:25:59 - INFO - Epoch 228/1000, Loss: 1.291640043735216
2024-06-19 02:26:07 - INFO - Epoch 229/1000, Loss: 1.3082604960950188
2024-06-19 02:26:15 - INFO - Epoch 230/1000, Loss: 1.3643665634393858
2024-06-19 02:26:23 - INFO - Epoch 231/1000, Loss: 1.3533935117648412
2024-06-19 02:26:31 - INFO - Epoch 232/1000, Loss: 1.2671712063149374
2024-06-19 02:26:39 - INFO - Epoch 233/1000, Loss: 4.199307160237198
2024-06-19 02:26:48 - INFO - Epoch 234/1000, Loss: 1.5001500196294661
2024-06-19 02:26:56 - INFO - Epoch 235/1000, Loss: 1.2834157978219978
2024-06-19 02:27:04 - INFO - Epoch 236/1000, Loss: 1.4708140256242739
2024-06-19 02:27:12 - INFO - Epoch 237/1000, Loss: 1.2910919710692461
2024-06-19 02:27:20 - INFO - Epoch 238/1000, Loss: 1.2928388653642457
2024-06-19 02:27:29 - INFO - Epoch 239/1000, Loss: 1.262498418346019
2024-06-19 02:27:37 - INFO - Epoch 240/1000, Loss: 1.4079942084897021
2024-06-19 02:27:45 - INFO - Epoch 241/1000, Loss: 1.3067473084536612
2024-06-19 02:27:53 - INFO - Epoch 242/1000, Loss: 1.4384501710051312
2024-06-19 02:28:01 - INFO - Epoch 243/1000, Loss: 1.440346939568295
2024-06-19 02:28:09 - INFO - Epoch 244/1000, Loss: 1.2680066796253013
2024-06-19 02:28:18 - INFO - Epoch 245/1000, Loss: 1.2843693776126908
2024-06-19 02:28:26 - INFO - Epoch 246/1000, Loss: 1.3037089031455142
2024-06-19 02:28:34 - INFO - Epoch 247/1000, Loss: 1.280118933538787
2024-06-19 02:28:42 - INFO - Epoch 248/1000, Loss: 1.4074904988213564
2024-06-19 02:28:50 - INFO - Epoch 249/1000, Loss: 1.2666151710386218
2024-06-19 02:28:59 - INFO - Epoch 250/1000, Loss: 1.3069003313005438
2024-06-19 02:29:07 - INFO - Epoch 251/1000, Loss: 1.2873732462391685
2024-06-19 02:29:15 - INFO - Epoch 252/1000, Loss: 1.3837363501531124
2024-06-19 02:29:23 - INFO - Epoch 253/1000, Loss: 1.6957892405351203
2024-06-19 02:29:31 - INFO - Epoch 254/1000, Loss: 1.2763735267267409
2024-06-19 02:29:39 - INFO - Epoch 255/1000, Loss: 1.3034277628340638
2024-06-19 02:29:48 - INFO - Epoch 256/1000, Loss: 1.3412854467448798
2024-06-19 02:29:56 - INFO - Epoch 257/1000, Loss: 1.270677394499668
2024-06-19 02:30:04 - INFO - Epoch 258/1000, Loss: 1.2769440364340041
2024-06-19 02:30:12 - INFO - Epoch 259/1000, Loss: 1.2768751372465588
2024-06-19 02:30:20 - INFO - Epoch 260/1000, Loss: 1.331954715269987
2024-06-19 02:30:29 - INFO - Epoch 261/1000, Loss: 1.292149480309152
2024-06-19 02:30:37 - INFO - Epoch 262/1000, Loss: 1.279973253059857
2024-06-19 02:30:45 - INFO - Epoch 263/1000, Loss: 1.342302442018121
2024-06-19 02:30:53 - INFO - Epoch 264/1000, Loss: 1.2984866865652185
2024-06-19 02:31:01 - INFO - Epoch 265/1000, Loss: 1.3327470904241538
2024-06-19 02:31:09 - INFO - Epoch 266/1000, Loss: 1.3468027923616168
2024-06-19 02:31:18 - INFO - Epoch 267/1000, Loss: 1.3060922490798497
2024-06-19 02:31:26 - INFO - Epoch 268/1000, Loss: 1.3611607102399557
2024-06-19 02:31:34 - INFO - Epoch 269/1000, Loss: 1.2909352167133772
2024-06-19 02:31:42 - INFO - Epoch 270/1000, Loss: 1.2841692121104373
2024-06-19 02:31:50 - INFO - Epoch 271/1000, Loss: 1.271867335704349
2024-06-19 02:31:58 - INFO - Epoch 272/1000, Loss: 1.3227259383864114
2024-06-19 02:32:07 - INFO - Epoch 273/1000, Loss: 1.3041890025809348
2024-06-19 02:32:15 - INFO - Epoch 274/1000, Loss: 1.2891907434785337
2024-06-19 02:32:23 - INFO - Epoch 275/1000, Loss: 1.3421304929773439
2024-06-19 02:32:31 - INFO - Epoch 276/1000, Loss: 1.273950475806478
2024-06-19 02:32:39 - INFO - Epoch 277/1000, Loss: 1.3145783631997656
2024-06-19 02:32:48 - INFO - Epoch 278/1000, Loss: 1.2798401795520569
2024-06-19 02:32:56 - INFO - Epoch 279/1000, Loss: 1.3383785658000609
2024-06-19 02:33:04 - INFO - Epoch 280/1000, Loss: 1.327456366576416
2024-06-19 02:33:12 - INFO - Epoch 281/1000, Loss: 1.289270202487836
2024-06-19 02:33:20 - INFO - Epoch 282/1000, Loss: 1.2790061264962813
2024-06-19 02:33:29 - INFO - Epoch 283/1000, Loss: 1.3502342647207957
2024-06-19 02:33:37 - INFO - Epoch 284/1000, Loss: 1.2799817256247465
2024-06-19 02:33:45 - INFO - Epoch 285/1000, Loss: 1.2750970177452519
2024-06-19 02:33:53 - INFO - Epoch 286/1000, Loss: 1.280669195451525
2024-06-19 02:34:01 - INFO - Epoch 287/1000, Loss: 1.3429429483664161
2024-06-19 02:34:09 - INFO - Epoch 288/1000, Loss: 1.2844246141371831
2024-06-19 02:34:17 - INFO - Epoch 289/1000, Loss: 1.3327540194523337
2024-06-19 02:34:26 - INFO - Epoch 290/1000, Loss: 1.3481913461504758
2024-06-19 02:34:34 - INFO - Epoch 291/1000, Loss: 1.283025988897774
2024-06-19 02:34:42 - INFO - Epoch 292/1000, Loss: 1.282120720432409
2024-06-19 02:34:50 - INFO - Epoch 293/1000, Loss: 1.3620142928283816
2024-06-19 02:34:58 - INFO - Epoch 294/1000, Loss: 1.263472662845128
2024-06-19 02:35:07 - INFO - Epoch 295/1000, Loss: 1.2783545128378095
2024-06-19 02:35:15 - INFO - Epoch 296/1000, Loss: 1.387645696710411
2024-06-19 02:35:23 - INFO - Epoch 297/1000, Loss: 1.2811390075181333
2024-06-19 02:35:31 - INFO - Epoch 298/1000, Loss: 1.309352572878684
2024-06-19 02:35:39 - INFO - Epoch 299/1000, Loss: 1.299861130430482
2024-06-19 02:35:47 - INFO - Epoch 300/1000, Loss: 1.2687335535277828
2024-06-19 02:35:56 - INFO - Epoch 301/1000, Loss: 1.332745098748511
2024-06-19 02:36:04 - INFO - Epoch 302/1000, Loss: 1.3136405007241743
2024-06-19 02:36:12 - INFO - Epoch 303/1000, Loss: 1.3779294583464203
2024-06-19 02:36:20 - INFO - Epoch 304/1000, Loss: 1.4017620937088258
2024-06-19 02:36:28 - INFO - Epoch 305/1000, Loss: 1.280685402573122
2024-06-19 02:36:36 - INFO - Epoch 306/1000, Loss: 1.4004903753304845
2024-06-19 02:36:45 - INFO - Epoch 307/1000, Loss: 3.3213339095522834
2024-06-19 02:36:53 - INFO - Epoch 308/1000, Loss: 1.2900896742881074
2024-06-19 02:37:01 - INFO - Epoch 309/1000, Loss: 1.2745812297094563
2024-06-19 02:37:09 - INFO - Epoch 310/1000, Loss: 1.2941994193801265
2024-06-19 02:37:17 - INFO - Epoch 311/1000, Loss: 1.3109196587148162
2024-06-19 02:37:25 - INFO - Epoch 312/1000, Loss: 1.278168483862777
2024-06-19 02:37:33 - INFO - Epoch 313/1000, Loss: 1.2825050279861745
2024-06-19 02:37:41 - INFO - Epoch 314/1000, Loss: 1.2736591196778329
2024-06-19 02:37:50 - INFO - Epoch 315/1000, Loss: 1.303504602217427
2024-06-19 02:37:58 - INFO - Epoch 316/1000, Loss: 1.3156849094854208
2024-06-19 02:38:06 - INFO - Epoch 317/1000, Loss: 1.2739762425705272
2024-06-19 02:38:14 - INFO - Epoch 318/1000, Loss: 1.2962606901050373
2024-06-19 02:38:22 - INFO - Epoch 319/1000, Loss: 1.2799801091372494
2024-06-19 02:38:30 - INFO - Epoch 320/1000, Loss: 1.305615647347941
2024-06-19 02:38:38 - INFO - Epoch 321/1000, Loss: 1.2615538943081517
2024-06-19 02:38:47 - INFO - Epoch 322/1000, Loss: 1.293871991660856
2024-06-19 02:38:55 - INFO - Epoch 323/1000, Loss: 1.431903070138543
2024-06-19 02:39:03 - INFO - Epoch 324/1000, Loss: 1.2703961124093452
2024-06-19 02:39:11 - INFO - Epoch 325/1000, Loss: 1.2921416434717274
2024-06-19 02:39:19 - INFO - Epoch 326/1000, Loss: 1.286317022182683
2024-06-19 02:39:27 - INFO - Epoch 327/1000, Loss: 1.271139472092688
2024-06-19 02:39:35 - INFO - Epoch 328/1000, Loss: 1.2755162333010275
2024-06-19 02:39:44 - INFO - Epoch 329/1000, Loss: 1.3394207440509582
2024-06-19 02:39:52 - INFO - Epoch 330/1000, Loss: 1.298640209805188
2024-06-19 02:40:00 - INFO - Epoch 331/1000, Loss: 1.313903857550849
2024-06-19 02:40:08 - INFO - Epoch 332/1000, Loss: 1.5927269918141835
2024-06-19 02:40:16 - INFO - Epoch 333/1000, Loss: 1.2737417128807231
2024-06-19 02:40:25 - INFO - Epoch 334/1000, Loss: 1.2893866767268443
2024-06-19 02:40:33 - INFO - Epoch 335/1000, Loss: 1.2836300320956229
2024-06-19 02:40:41 - INFO - Epoch 336/1000, Loss: 1.2734282260569925
2024-06-19 02:40:49 - INFO - Epoch 337/1000, Loss: 1.310300507555667
2024-06-19 02:40:57 - INFO - Epoch 338/1000, Loss: 1.279233581006973
2024-06-19 02:41:05 - INFO - Epoch 339/1000, Loss: 1.2909647019533512
2024-06-19 02:41:13 - INFO - Epoch 340/1000, Loss: 1.2579933052941168
2024-06-19 02:41:22 - INFO - Epoch 341/1000, Loss: 1.337440954210901
2024-06-19 02:41:30 - INFO - Epoch 342/1000, Loss: 1.301178760684939
2024-06-19 02:41:38 - INFO - Epoch 343/1000, Loss: 1.4535571268256149
2024-06-19 02:41:46 - INFO - Epoch 344/1000, Loss: 1.2646350723006028
2024-06-19 02:41:54 - INFO - Epoch 345/1000, Loss: 1.2722767139198181
2024-06-19 02:42:03 - INFO - Epoch 346/1000, Loss: 1.2738550160711726
2024-06-19 02:42:11 - INFO - Epoch 347/1000, Loss: 1.2695959420797742
2024-06-19 02:42:19 - INFO - Epoch 348/1000, Loss: 1.2819676230831836
2024-06-19 02:42:27 - INFO - Epoch 349/1000, Loss: 1.3110509973985793
2024-06-19 02:42:35 - INFO - Epoch 350/1000, Loss: 1.3090867182037373
2024-06-19 02:42:44 - INFO - Epoch 351/1000, Loss: 1.3022875247271841
2024-06-19 02:42:52 - INFO - Epoch 352/1000, Loss: 1.2943314281167364
2024-06-19 02:43:00 - INFO - Epoch 353/1000, Loss: 1.3411881494393538
2024-06-19 02:43:08 - INFO - Epoch 354/1000, Loss: 1.3172376304359243
2024-06-19 02:43:16 - INFO - Epoch 355/1000, Loss: 1.3032035347929183
2024-06-19 02:43:24 - INFO - Epoch 356/1000, Loss: 1.4380063889488008
2024-06-19 02:43:33 - INFO - Epoch 357/1000, Loss: 1.2945724556631486
2024-06-19 02:43:41 - INFO - Epoch 358/1000, Loss: 1.301187737275216
2024-06-19 02:43:49 - INFO - Epoch 359/1000, Loss: 1.2567614189324916
2024-06-19 02:43:57 - INFO - Epoch 360/1000, Loss: 1.2968388815967462
2024-06-19 02:44:05 - INFO - Epoch 361/1000, Loss: 1.3314307207997604
2024-06-19 02:44:13 - INFO - Epoch 362/1000, Loss: 1.2596571443082343
2024-06-19 02:44:22 - INFO - Epoch 363/1000, Loss: 1.3864635514763062
2024-06-19 02:44:29 - INFO - Epoch 364/1000, Loss: 1.2865166158094978
2024-06-19 02:44:38 - INFO - Epoch 365/1000, Loss: 1.329352930190257
2024-06-19 02:44:46 - INFO - Epoch 366/1000, Loss: 1.3730752950698124
2024-06-19 02:44:54 - INFO - Epoch 367/1000, Loss: 1.4755329419527792
2024-06-19 02:45:02 - INFO - Epoch 368/1000, Loss: 1.304628486115303
2024-06-19 02:45:11 - INFO - Epoch 369/1000, Loss: 1.3199748912460716
2024-06-19 02:45:19 - INFO - Epoch 370/1000, Loss: 1.3131256357748982
2024-06-19 02:45:27 - INFO - Epoch 371/1000, Loss: 1.3126477461471189
2024-06-19 02:45:35 - INFO - Epoch 372/1000, Loss: 1.2776254135733485
2024-06-19 02:45:43 - INFO - Epoch 373/1000, Loss: 1.4237250784741993
2024-06-19 02:45:51 - INFO - Epoch 374/1000, Loss: 1.2581540118011643
2024-06-19 02:45:59 - INFO - Epoch 375/1000, Loss: 1.2929230620437369
2024-06-19 02:46:07 - INFO - Epoch 376/1000, Loss: 1.3975726203628538
2024-06-19 02:46:16 - INFO - Epoch 377/1000, Loss: 1.2662819205304376
2024-06-19 02:46:24 - INFO - Epoch 378/1000, Loss: 1.4569139212725946
2024-06-19 02:46:32 - INFO - Epoch 379/1000, Loss: 1.2765299523663045
2024-06-19 02:46:40 - INFO - Epoch 380/1000, Loss: 1.4842961894215188
2024-06-19 02:46:48 - INFO - Epoch 381/1000, Loss: 1.2855096112311437
2024-06-19 02:46:56 - INFO - Epoch 382/1000, Loss: 1.2813755511594762
2024-06-19 02:47:04 - INFO - Epoch 383/1000, Loss: 1.2930190690041519
2024-06-19 02:47:12 - INFO - Epoch 384/1000, Loss: 1.3133935036422295
2024-06-19 02:47:21 - INFO - Epoch 385/1000, Loss: 1.2742802339612438
2024-06-19 02:47:29 - INFO - Epoch 386/1000, Loss: 1.295263912916815
2024-06-19 02:47:37 - INFO - Epoch 387/1000, Loss: 1.311662424465705
2024-06-19 02:47:45 - INFO - Epoch 388/1000, Loss: 1.2755181140681997
2024-06-19 02:47:53 - INFO - Epoch 389/1000, Loss: 1.3996023267004682
2024-06-19 02:48:01 - INFO - Epoch 390/1000, Loss: 1.3216757336204998
2024-06-19 02:48:09 - INFO - Epoch 391/1000, Loss: 1.3211539901239915
2024-06-19 02:48:17 - INFO - Epoch 392/1000, Loss: 1.5983246829516051
2024-06-19 02:48:26 - INFO - Epoch 393/1000, Loss: 1.2714816293961133
2024-06-19 02:48:34 - INFO - Epoch 394/1000, Loss: 1.2937457610034424
2024-06-19 02:48:42 - INFO - Epoch 395/1000, Loss: 1.2929486670720385
2024-06-19 02:48:50 - INFO - Epoch 396/1000, Loss: 1.268562974654076
2024-06-19 02:48:58 - INFO - Epoch 397/1000, Loss: 1.325373299915477
2024-06-19 02:49:07 - INFO - Epoch 398/1000, Loss: 1.3555178992924362
2024-06-19 02:49:15 - INFO - Epoch 399/1000, Loss: 1.2881996323029123
2024-06-19 02:49:23 - INFO - Epoch 400/1000, Loss: 3.2999034441925463
2024-06-19 02:49:31 - INFO - Epoch 401/1000, Loss: 1.268548232654711
2024-06-19 02:49:39 - INFO - Epoch 402/1000, Loss: 1.2780975708650955
2024-06-19 02:49:47 - INFO - Epoch 403/1000, Loss: 1.2855005320803157
2024-06-19 02:49:56 - INFO - Epoch 404/1000, Loss: 1.3031429871518492
2024-06-19 02:50:04 - INFO - Epoch 405/1000, Loss: 1.3401460962548657
2024-06-19 02:50:12 - INFO - Epoch 406/1000, Loss: 1.2795838513910944
2024-06-19 02:50:20 - INFO - Epoch 407/1000, Loss: 1.283475680084279
2024-06-19 02:50:28 - INFO - Epoch 408/1000, Loss: 1.2876024235188699
2024-06-19 02:50:37 - INFO - Epoch 409/1000, Loss: 1.280939757084185
2024-06-19 02:50:45 - INFO - Epoch 410/1000, Loss: 1.3169547840291385
2024-06-19 02:50:53 - INFO - Epoch 411/1000, Loss: 1.286481691183685
2024-06-19 02:51:01 - INFO - Epoch 412/1000, Loss: 1.2821933486241872
2024-06-19 02:51:09 - INFO - Epoch 413/1000, Loss: 1.302912075228202
2024-06-19 02:51:17 - INFO - Epoch 414/1000, Loss: 1.2906543836485906
2024-06-19 02:51:26 - INFO - Epoch 415/1000, Loss: 1.3424331097901407
2024-06-19 02:51:34 - INFO - Epoch 416/1000, Loss: 1.292731192550505
2024-06-19 02:51:42 - INFO - Epoch 417/1000, Loss: 1.2951367067247843
2024-06-19 02:51:50 - INFO - Epoch 418/1000, Loss: 1.2771889273881945
2024-06-19 02:51:58 - INFO - Epoch 419/1000, Loss: 1.4030687185154573
2024-06-19 02:52:06 - INFO - Epoch 420/1000, Loss: 1.2809878267160448
2024-06-19 02:52:15 - INFO - Epoch 421/1000, Loss: 1.2766543485039654
2024-06-19 02:52:23 - INFO - Epoch 422/1000, Loss: 1.6007006830214479
2024-06-19 02:52:31 - INFO - Epoch 423/1000, Loss: 1.3204467553659744
2024-06-19 02:52:39 - INFO - Epoch 424/1000, Loss: 1.2709869851307107
2024-06-19 02:52:47 - INFO - Epoch 425/1000, Loss: 1.3672028714984452
2024-06-19 02:52:56 - INFO - Epoch 426/1000, Loss: 1.2720199449343954
2024-06-19 02:53:04 - INFO - Epoch 427/1000, Loss: 1.2932217257938163
2024-06-19 02:53:12 - INFO - Epoch 428/1000, Loss: 1.3116703672133767
2024-06-19 02:53:20 - INFO - Epoch 429/1000, Loss: 1.2769604028476496
2024-06-19 02:53:28 - INFO - Epoch 430/1000, Loss: 1.2787119211614402
2024-06-19 02:53:36 - INFO - Epoch 431/1000, Loss: 1.3962963570867108
2024-06-19 02:53:45 - INFO - Epoch 432/1000, Loss: 1.2834130702854138
2024-06-19 02:53:53 - INFO - Epoch 433/1000, Loss: 1.373163968943898
2024-06-19 02:54:01 - INFO - Epoch 434/1000, Loss: 1.290791762593855
2024-06-19 02:54:09 - INFO - Epoch 435/1000, Loss: 1.324432397173554
2024-06-19 02:54:17 - INFO - Epoch 436/1000, Loss: 1.2685161520124495
2024-06-19 02:54:25 - INFO - Epoch 437/1000, Loss: 1.2611464163540342
2024-06-19 02:54:34 - INFO - Epoch 438/1000, Loss: 1.305925912711431
2024-06-19 02:54:42 - INFO - Epoch 439/1000, Loss: 1.5493285803483885
2024-06-19 02:54:50 - INFO - Epoch 440/1000, Loss: 1.3112038678328972
2024-06-19 02:54:58 - INFO - Epoch 441/1000, Loss: 1.3005180070380622
2024-06-19 02:55:06 - INFO - Epoch 442/1000, Loss: 1.278825170806621
2024-06-19 02:55:15 - INFO - Epoch 443/1000, Loss: 1.4926531108049748
2024-06-19 02:55:23 - INFO - Epoch 444/1000, Loss: 1.4385024130674096
2024-06-19 02:55:31 - INFO - Epoch 445/1000, Loss: 1.2758988220865788
2024-06-19 02:55:39 - INFO - Epoch 446/1000, Loss: 1.3136955520705864
2024-06-19 02:55:47 - INFO - Epoch 447/1000, Loss: 1.2941719470305384
2024-06-19 02:55:56 - INFO - Epoch 448/1000, Loss: 1.2819280727678877
2024-06-19 02:56:04 - INFO - Epoch 449/1000, Loss: 1.3265879778152052
2024-06-19 02:56:12 - INFO - Epoch 450/1000, Loss: 1.3639341364987185
2024-06-19 02:56:20 - INFO - Epoch 451/1000, Loss: 1.2898022794149435
2024-06-19 02:56:28 - INFO - Epoch 452/1000, Loss: 1.3051414189714161
2024-06-19 02:56:36 - INFO - Epoch 453/1000, Loss: 1.2796167851558309
2024-06-19 02:56:45 - INFO - Epoch 454/1000, Loss: 1.2709255725531843
2024-06-19 02:56:53 - INFO - Epoch 455/1000, Loss: 1.2971346535338233
2024-06-19 02:57:01 - INFO - Epoch 456/1000, Loss: 1.3868038025227283
2024-06-19 02:57:09 - INFO - Epoch 457/1000, Loss: 1.3081380445987218
2024-06-19 02:57:17 - INFO - Epoch 458/1000, Loss: 2.8059526970212176
2024-06-19 02:57:26 - INFO - Epoch 459/1000, Loss: 1.3069176614154296
2024-06-19 02:57:34 - INFO - Epoch 460/1000, Loss: 1.2764402149124014
2024-06-19 02:57:42 - INFO - Epoch 461/1000, Loss: 1.2764467467813099
2024-06-19 02:57:50 - INFO - Epoch 462/1000, Loss: 1.2744779120106435
2024-06-19 02:57:58 - INFO - Epoch 463/1000, Loss: 1.299906101767856
2024-06-19 02:58:06 - INFO - Epoch 464/1000, Loss: 1.2778036092074962
2024-06-19 02:58:15 - INFO - Epoch 465/1000, Loss: 1.9043101796610487
2024-06-19 02:58:23 - INFO - Epoch 466/1000, Loss: 1.4776472880330171
2024-06-19 02:58:31 - INFO - Epoch 467/1000, Loss: 1.2582595528781826
2024-06-19 02:58:39 - INFO - Epoch 468/1000, Loss: 1.2592443133178506
2024-06-19 02:58:48 - INFO - Epoch 469/1000, Loss: 1.2737070717849486
2024-06-19 02:58:56 - INFO - Epoch 470/1000, Loss: 1.253505922677665
2024-06-19 02:59:04 - INFO - Epoch 471/1000, Loss: 1.28987074001383
2024-06-19 02:59:12 - INFO - Epoch 472/1000, Loss: 1.3043302729811035
2024-06-19 02:59:20 - INFO - Epoch 473/1000, Loss: 1.2856941710554428
2024-06-19 02:59:29 - INFO - Epoch 474/1000, Loss: 1.2719546586838926
2024-06-19 02:59:37 - INFO - Epoch 475/1000, Loss: 1.3660424934051716
2024-06-19 02:59:45 - INFO - Epoch 476/1000, Loss: 1.354254452148109
2024-06-19 02:59:53 - INFO - Epoch 477/1000, Loss: 1.2830835641558098
2024-06-19 03:00:01 - INFO - Epoch 478/1000, Loss: 1.376731305404315
2024-06-19 03:00:09 - INFO - Epoch 479/1000, Loss: 1.4515399618893108
2024-06-19 03:00:17 - INFO - Epoch 480/1000, Loss: 1.3492998349828955
2024-06-19 03:00:26 - INFO - Epoch 481/1000, Loss: 1.276695990137978
2024-06-19 03:00:34 - INFO - Epoch 482/1000, Loss: 1.3027277047545576
2024-06-19 03:00:42 - INFO - Epoch 483/1000, Loss: 1.2885712057799523
2024-06-19 03:00:50 - INFO - Epoch 484/1000, Loss: 1.387410991894386
2024-06-19 03:00:58 - INFO - Epoch 485/1000, Loss: 1.2792414162429713
2024-06-19 03:01:07 - INFO - Epoch 486/1000, Loss: 1.2740698402210442
2024-06-19 03:01:15 - INFO - Epoch 487/1000, Loss: 1.3435493863976018
2024-06-19 03:01:23 - INFO - Epoch 488/1000, Loss: 1.2944285843138836
2024-06-19 03:01:31 - INFO - Epoch 489/1000, Loss: 1.2641942487963018
2024-06-19 03:01:39 - INFO - Epoch 490/1000, Loss: 1.3298917204821807
2024-06-19 03:01:47 - INFO - Epoch 491/1000, Loss: 1.3030235897805942
2024-06-19 03:01:56 - INFO - Epoch 492/1000, Loss: 1.2690413653897656
2024-06-19 03:02:04 - INFO - Epoch 493/1000, Loss: 1.368135213796516
2024-06-19 03:02:12 - INFO - Epoch 494/1000, Loss: 1.3428608035518164
2024-06-19 03:02:20 - INFO - Epoch 495/1000, Loss: 1.405810657851074
2024-06-19 03:02:28 - INFO - Epoch 496/1000, Loss: 1.3859019380441875
2024-06-19 03:02:37 - INFO - Epoch 497/1000, Loss: 1.3375642920606545
2024-06-19 03:02:45 - INFO - Epoch 498/1000, Loss: 1.2715867436957848
2024-06-19 03:02:53 - INFO - Epoch 499/1000, Loss: 1.2696384498222222
2024-06-19 03:03:01 - INFO - Epoch 500/1000, Loss: 1.282384721669715
2024-06-19 03:03:09 - INFO - Epoch 501/1000, Loss: 1.301294610849768
2024-06-19 03:03:17 - INFO - Epoch 502/1000, Loss: 1.277427236211409
2024-06-19 03:03:25 - INFO - Epoch 503/1000, Loss: 1.2716242860330285
2024-06-19 03:03:34 - INFO - Epoch 504/1000, Loss: 1.407970878628293
2024-06-19 03:03:42 - INFO - Epoch 505/1000, Loss: 1.2906338751900674
2024-06-19 03:03:50 - INFO - Epoch 506/1000, Loss: 1.271196886313176
2024-06-19 03:03:58 - INFO - Epoch 507/1000, Loss: 1.3326702414543976
2024-06-19 03:04:06 - INFO - Epoch 508/1000, Loss: 1.3903434149796607
2024-06-19 03:04:15 - INFO - Epoch 509/1000, Loss: 1.279037447657949
2024-06-19 03:04:23 - INFO - Epoch 510/1000, Loss: 1.3133188739944712
2024-06-19 03:04:31 - INFO - Epoch 511/1000, Loss: 1.2771562924086064
2024-06-19 03:04:39 - INFO - Epoch 512/1000, Loss: 1.2743851232743688
2024-06-19 03:04:47 - INFO - Epoch 513/1000, Loss: 1.2718284115855378
2024-06-19 03:04:55 - INFO - Epoch 514/1000, Loss: 1.3396941784540546
2024-06-19 03:05:03 - INFO - Epoch 515/1000, Loss: 1.2928389202782073
2024-06-19 03:05:12 - INFO - Epoch 516/1000, Loss: 1.3493621439879029
2024-06-19 03:05:20 - INFO - Epoch 517/1000, Loss: 1.2951765002518558
2024-06-19 03:05:28 - INFO - Epoch 518/1000, Loss: 1.2940511374450743
2024-06-19 03:05:36 - INFO - Epoch 519/1000, Loss: 1.2841055574640095
2024-06-19 03:05:44 - INFO - Epoch 520/1000, Loss: 1.3190561965026877
2024-06-19 03:05:53 - INFO - Epoch 521/1000, Loss: 1.2809793453239162
2024-06-19 03:06:01 - INFO - Epoch 522/1000, Loss: 1.3446422776700242
2024-06-19 03:06:09 - INFO - Epoch 523/1000, Loss: 1.2981954416858321
2024-06-19 03:06:17 - INFO - Epoch 524/1000, Loss: 1.3062312820436166
2024-06-19 03:06:25 - INFO - Epoch 525/1000, Loss: 1.2944836886265019
2024-06-19 03:06:34 - INFO - Epoch 526/1000, Loss: 1.4729263281681457
2024-06-19 03:06:42 - INFO - Epoch 527/1000, Loss: 1.283934125279425
2024-06-19 03:06:50 - INFO - Epoch 528/1000, Loss: 1.2731959503359616
2024-06-19 03:06:58 - INFO - Epoch 529/1000, Loss: 1.3103149083293155
2024-06-19 03:07:06 - INFO - Epoch 530/1000, Loss: 1.3268535553214884
2024-06-19 03:07:14 - INFO - Epoch 531/1000, Loss: 1.3078253261714845
2024-06-19 03:07:23 - INFO - Epoch 532/1000, Loss: 1.2820320201375597
2024-06-19 03:07:31 - INFO - Epoch 533/1000, Loss: 1.2589222255657668
2024-06-19 03:07:39 - INFO - Epoch 534/1000, Loss: 1.375819328334083
2024-06-19 03:07:47 - INFO - Epoch 535/1000, Loss: 1.3288972906968155
2024-06-19 03:07:55 - INFO - Epoch 536/1000, Loss: 1.304107471251152
2024-06-19 03:08:03 - INFO - Epoch 537/1000, Loss: 1.2810129530342398
2024-06-19 03:08:11 - INFO - Epoch 538/1000, Loss: 1.264445302293916
2024-06-19 03:08:19 - INFO - Epoch 539/1000, Loss: 1.2967777751465475
2024-06-19 03:08:28 - INFO - Epoch 540/1000, Loss: 1.2877791541970236
2024-06-19 03:08:36 - INFO - Epoch 541/1000, Loss: 1.2740507088617175
2024-06-19 03:08:44 - INFO - Epoch 542/1000, Loss: 1.2701762857970424
2024-06-19 03:08:52 - INFO - Epoch 543/1000, Loss: 1.2865138822467856
2024-06-19 03:09:00 - INFO - Epoch 544/1000, Loss: 1.4102140282706859
2024-06-19 03:09:08 - INFO - Epoch 545/1000, Loss: 1.2801615238267274
2024-06-19 03:09:16 - INFO - Epoch 546/1000, Loss: 1.3141501940915328
2024-06-19 03:09:24 - INFO - Epoch 547/1000, Loss: 1.3374900015440134
2024-06-19 03:09:33 - INFO - Epoch 548/1000, Loss: 1.3801613767038565
2024-06-19 03:09:41 - INFO - Epoch 549/1000, Loss: 1.3149385554506894
2024-06-19 03:09:49 - INFO - Epoch 550/1000, Loss: 1.2841005795826412
2024-06-19 03:09:57 - INFO - Epoch 551/1000, Loss: 1.3197451451774178
2024-06-19 03:10:05 - INFO - Epoch 552/1000, Loss: 1.2800222957549288
2024-06-19 03:10:13 - INFO - Epoch 553/1000, Loss: 1.2769137652012414
2024-06-19 03:10:21 - INFO - Epoch 554/1000, Loss: 1.2599219322614643
2024-06-19 03:10:29 - INFO - Epoch 555/1000, Loss: 1.283427330128004
2024-06-19 03:10:38 - INFO - Epoch 556/1000, Loss: 1.2708090435636819
2024-06-19 03:10:46 - INFO - Epoch 557/1000, Loss: 1.3034863625644213
2024-06-19 03:10:54 - INFO - Epoch 558/1000, Loss: 1.293228133294515
2024-06-19 03:11:02 - INFO - Epoch 559/1000, Loss: 1.2787077623902463
2024-06-19 03:11:10 - INFO - Epoch 560/1000, Loss: 1.3715056117838942
2024-06-19 03:11:18 - INFO - Epoch 561/1000, Loss: 1.374498372895168
2024-06-19 03:11:27 - INFO - Epoch 562/1000, Loss: 1.497251982026833
2024-06-19 03:11:35 - INFO - Epoch 563/1000, Loss: 1.292884994372161
2024-06-19 03:11:43 - INFO - Epoch 564/1000, Loss: 1.2661947535985307
2024-06-19 03:11:51 - INFO - Epoch 565/1000, Loss: 1.3266998827997702
2024-06-19 03:11:59 - INFO - Epoch 566/1000, Loss: 1.2740797238918893
2024-06-19 03:12:07 - INFO - Epoch 567/1000, Loss: 1.2684009613554355
2024-06-19 03:12:16 - INFO - Epoch 568/1000, Loss: 1.3074433208841807
2024-06-19 03:12:24 - INFO - Epoch 569/1000, Loss: 1.4774524609270008
2024-06-19 03:12:32 - INFO - Epoch 570/1000, Loss: 1.2887526814677042
2024-06-19 03:12:40 - INFO - Epoch 571/1000, Loss: 1.2828866330665099
2024-06-19 03:12:48 - INFO - Epoch 572/1000, Loss: 1.3359923019672058
2024-06-19 03:12:56 - INFO - Epoch 573/1000, Loss: 1.276861254132587
2024-06-19 03:13:04 - INFO - Epoch 574/1000, Loss: 1.292208364644554
2024-06-19 03:13:12 - INFO - Epoch 575/1000, Loss: 1.3604768229867437
2024-06-19 03:13:21 - INFO - Epoch 576/1000, Loss: 1.2963154720544139
2024-06-19 03:13:29 - INFO - Epoch 577/1000, Loss: 1.3402471619936145
2024-06-19 03:13:37 - INFO - Epoch 578/1000, Loss: 1.3149665107993254
2024-06-19 03:13:45 - INFO - Epoch 579/1000, Loss: 1.2776180128115178
2024-06-19 03:13:53 - INFO - Epoch 580/1000, Loss: 1.2715319655227821
2024-06-19 03:14:02 - INFO - Epoch 581/1000, Loss: 1.2950270114204117
2024-06-19 03:14:10 - INFO - Epoch 582/1000, Loss: 1.3146003549641903
2024-06-19 03:14:18 - INFO - Epoch 583/1000, Loss: 1.3063512074367187
2024-06-19 03:14:26 - INFO - Epoch 584/1000, Loss: 1.3545677597173746
2024-06-19 03:14:34 - INFO - Epoch 585/1000, Loss: 1.2955870561529246
2024-06-19 03:14:42 - INFO - Epoch 586/1000, Loss: 1.2820274562387515
2024-06-19 03:14:50 - INFO - Epoch 587/1000, Loss: 1.2979090056625286
2024-06-19 03:14:59 - INFO - Epoch 588/1000, Loss: 1.2809165338700117
2024-06-19 03:15:07 - INFO - Epoch 589/1000, Loss: 1.2830076321106834
2024-06-19 03:15:15 - INFO - Epoch 590/1000, Loss: 1.2792042333899207
2024-06-19 03:15:23 - INFO - Epoch 591/1000, Loss: 1.2707557737126332
2024-06-19 03:15:31 - INFO - Epoch 592/1000, Loss: 1.3218161488368423
2024-06-19 03:15:39 - INFO - Epoch 593/1000, Loss: 1.3370904585964172
2024-06-19 03:15:48 - INFO - Epoch 594/1000, Loss: 1.2872173333414063
2024-06-19 03:15:56 - INFO - Epoch 595/1000, Loss: 1.3343016603072473
2024-06-19 03:16:04 - INFO - Epoch 596/1000, Loss: 1.3582093764707943
2024-06-19 03:16:12 - INFO - Epoch 597/1000, Loss: 1.2794764463868162
2024-06-19 03:16:20 - INFO - Epoch 598/1000, Loss: 1.3457630954183073
2024-06-19 03:16:28 - INFO - Epoch 599/1000, Loss: 1.381061681720085
2024-06-19 03:16:37 - INFO - Epoch 600/1000, Loss: 1.2661711164793752
2024-06-19 03:16:45 - INFO - Epoch 601/1000, Loss: 1.977707956335188
2024-06-19 03:16:53 - INFO - Epoch 602/1000, Loss: 1.4028303745329
2024-06-19 03:17:01 - INFO - Epoch 603/1000, Loss: 1.4337555117527987
2024-06-19 03:17:09 - INFO - Epoch 604/1000, Loss: 1.3673331457407234
2024-06-19 03:17:17 - INFO - Epoch 605/1000, Loss: 1.39737986165133
2024-06-19 03:17:26 - INFO - Epoch 606/1000, Loss: 1.3596301038178895
2024-06-19 03:17:34 - INFO - Epoch 607/1000, Loss: 1.3381406513377778
2024-06-19 03:17:42 - INFO - Epoch 608/1000, Loss: 1.3107488956687696
2024-06-19 03:17:50 - INFO - Epoch 609/1000, Loss: 1.3937240677144092
2024-06-19 03:17:58 - INFO - Epoch 610/1000, Loss: 1.3284168788945996
2024-06-19 03:18:06 - INFO - Epoch 611/1000, Loss: 1.3161654974888632
2024-06-19 03:18:15 - INFO - Epoch 612/1000, Loss: 1.3036224386911814
2024-06-19 03:18:23 - INFO - Epoch 613/1000, Loss: 1.3324652342086378
2024-06-19 03:18:31 - INFO - Epoch 614/1000, Loss: 1.3111163416495302
2024-06-19 03:18:39 - INFO - Epoch 615/1000, Loss: 1.3327360173423868
2024-06-19 03:18:47 - INFO - Epoch 616/1000, Loss: 1.3058084585352687
2024-06-19 03:18:56 - INFO - Epoch 617/1000, Loss: 1.4022723298488853
2024-06-19 03:19:04 - INFO - Epoch 618/1000, Loss: 1.294147838316264
2024-06-19 03:19:12 - INFO - Epoch 619/1000, Loss: 1.302604630918498
2024-06-19 03:19:20 - INFO - Epoch 620/1000, Loss: 1.325144792043065
2024-06-19 03:19:28 - INFO - Epoch 621/1000, Loss: 1.2925203236299863
2024-06-19 03:19:36 - INFO - Epoch 622/1000, Loss: 1.32827683824024
2024-06-19 03:19:44 - INFO - Epoch 623/1000, Loss: 1.3206006587479828
2024-06-19 03:19:53 - INFO - Epoch 624/1000, Loss: 1.3522017814510954
2024-06-19 03:20:01 - INFO - Epoch 625/1000, Loss: 1.3496582393659982
2024-06-19 03:20:09 - INFO - Epoch 626/1000, Loss: 1.5240349135892923
2024-06-19 03:20:17 - INFO - Epoch 627/1000, Loss: 1.4409764128538576
2024-06-19 03:20:25 - INFO - Epoch 628/1000, Loss: 1.295146476882763
2024-06-19 03:20:34 - INFO - Epoch 629/1000, Loss: 1.3228706647532646
2024-06-19 03:20:42 - INFO - Epoch 630/1000, Loss: 1.297913296958678
2024-06-19 03:20:50 - INFO - Epoch 631/1000, Loss: 1.2940670487073123
2024-06-19 03:20:58 - INFO - Epoch 632/1000, Loss: 1.316225014093979
2024-06-19 03:21:06 - INFO - Epoch 633/1000, Loss: 1.4092220852067268
2024-06-19 03:21:14 - INFO - Epoch 634/1000, Loss: 1.2921365519888324
2024-06-19 03:21:22 - INFO - Epoch 635/1000, Loss: 1.3481715336031248
2024-06-19 03:21:31 - INFO - Epoch 636/1000, Loss: 1.2887442431700133
2024-06-19 03:21:39 - INFO - Epoch 637/1000, Loss: 1.341569294453177
2024-06-19 03:21:47 - INFO - Epoch 638/1000, Loss: 1.3896106100368326
2024-06-19 03:21:55 - INFO - Epoch 639/1000, Loss: 1.3092678186423896
2024-06-19 03:22:03 - INFO - Epoch 640/1000, Loss: 1.2925000513181224
2024-06-19 03:22:12 - INFO - Epoch 641/1000, Loss: 1.3168926628176894
2024-06-19 03:22:20 - INFO - Epoch 642/1000, Loss: 1.296069338595646
2024-06-19 03:22:28 - INFO - Epoch 643/1000, Loss: 1.3841112462767098
2024-06-19 03:22:36 - INFO - Epoch 644/1000, Loss: 1.3468472883967637
2024-06-19 03:22:45 - INFO - Epoch 645/1000, Loss: 1.315681910989164
2024-06-19 03:22:53 - INFO - Epoch 646/1000, Loss: 1.5424465636675513
2024-06-19 03:23:01 - INFO - Epoch 647/1000, Loss: 1.3028155856012151
2024-06-19 03:23:09 - INFO - Epoch 648/1000, Loss: 2.152274424686307
2024-06-19 03:23:17 - INFO - Epoch 649/1000, Loss: 1.32160365356537
2024-06-19 03:23:25 - INFO - Epoch 650/1000, Loss: 1.4750095456235994
2024-06-19 03:23:34 - INFO - Epoch 651/1000, Loss: 1.3472472554452748
2024-06-19 03:23:42 - INFO - Epoch 652/1000, Loss: 3.885801374798666
2024-06-19 03:23:50 - INFO - Epoch 653/1000, Loss: 1.3024845573352768
2024-06-19 03:23:58 - INFO - Epoch 654/1000, Loss: 1.3250134490066363
2024-06-19 03:24:06 - INFO - Epoch 655/1000, Loss: 1.395829941908563
2024-06-19 03:24:15 - INFO - Epoch 656/1000, Loss: 1.3945996449570308
2024-06-19 03:24:23 - INFO - Epoch 657/1000, Loss: 1.3097076350961143
2024-06-19 03:24:31 - INFO - Epoch 658/1000, Loss: 1.3067368514223179
2024-06-19 03:24:39 - INFO - Epoch 659/1000, Loss: 1.3458236511607098
2024-06-19 03:24:47 - INFO - Epoch 660/1000, Loss: 1.3019218318704968
2024-06-19 03:24:55 - INFO - Epoch 661/1000, Loss: 1.3222483177594668
2024-06-19 03:25:04 - INFO - Epoch 662/1000, Loss: 1.2888402372081924
2024-06-19 03:25:12 - INFO - Epoch 663/1000, Loss: 1.3249135514335897
2024-06-19 03:25:20 - INFO - Epoch 664/1000, Loss: 1.2962252239699321
2024-06-19 03:25:28 - INFO - Epoch 665/1000, Loss: 1.6228209137888858
2024-06-19 03:25:36 - INFO - Epoch 666/1000, Loss: 1.3426166837564413
2024-06-19 03:25:45 - INFO - Epoch 667/1000, Loss: 1.499331441001181
2024-06-19 03:25:53 - INFO - Epoch 668/1000, Loss: 1.3063567842072048
2024-06-19 03:26:01 - INFO - Epoch 669/1000, Loss: 1.3361667796601613
2024-06-19 03:26:09 - INFO - Epoch 670/1000, Loss: 1.324056562395246
2024-06-19 03:26:17 - INFO - Epoch 671/1000, Loss: 1.3832558211946469
2024-06-19 03:26:26 - INFO - Epoch 672/1000, Loss: 1.3439695949097399
2024-06-19 03:26:34 - INFO - Epoch 673/1000, Loss: 1.293319464195325
2024-06-19 03:26:42 - INFO - Epoch 674/1000, Loss: 1.3124415794132822
2024-06-19 03:26:50 - INFO - Epoch 675/1000, Loss: 1.4029509767364248
2024-06-19 03:26:58 - INFO - Epoch 676/1000, Loss: 1.3079128327221405
2024-06-19 03:27:07 - INFO - Epoch 677/1000, Loss: 1.2973245429188083
2024-06-19 03:27:15 - INFO - Epoch 678/1000, Loss: 1.3318187033498945
2024-06-19 03:27:23 - INFO - Epoch 679/1000, Loss: 1.325096015650231
2024-06-19 03:27:31 - INFO - Epoch 680/1000, Loss: 1.301338926577609
2024-06-19 03:27:39 - INFO - Epoch 681/1000, Loss: 1.3107942427927461
2024-06-19 03:27:48 - INFO - Epoch 682/1000, Loss: 1.301885227475911
2024-06-19 03:27:56 - INFO - Epoch 683/1000, Loss: 1.3225692827011237
2024-06-19 03:28:04 - INFO - Epoch 684/1000, Loss: 1.311246262552881
2024-06-19 03:28:12 - INFO - Epoch 685/1000, Loss: 1.302255449853382
2024-06-19 03:28:20 - INFO - Epoch 686/1000, Loss: 1.2878371429305937
2024-06-19 03:28:28 - INFO - Epoch 687/1000, Loss: 1.3273124218801626
2024-06-19 03:28:37 - INFO - Epoch 688/1000, Loss: 1.2803465004097616
2024-06-19 03:28:45 - INFO - Epoch 689/1000, Loss: 1.3386887803113383
2024-06-19 03:28:53 - INFO - Epoch 690/1000, Loss: 1.6638260916487053
2024-06-19 03:29:01 - INFO - Epoch 691/1000, Loss: 1.2881892714070202
2024-06-19 03:29:09 - INFO - Epoch 692/1000, Loss: 1.3042288443613643
2024-06-19 03:29:18 - INFO - Epoch 693/1000, Loss: 1.2914917805213362
2024-06-19 03:29:26 - INFO - Epoch 694/1000, Loss: 1.3054342027051409
2024-06-19 03:29:34 - INFO - Epoch 695/1000, Loss: 1.392967111655527
2024-06-19 03:29:42 - INFO - Epoch 696/1000, Loss: 1.2948062550776098
2024-06-19 03:29:50 - INFO - Epoch 697/1000, Loss: 1.2919277032371546
2024-06-19 03:29:58 - INFO - Epoch 698/1000, Loss: 1.2930194235843233
2024-06-19 03:30:06 - INFO - Epoch 699/1000, Loss: 1.4851112549581915
2024-06-19 03:30:15 - INFO - Epoch 700/1000, Loss: 1.3966442315320127
2024-06-19 03:30:23 - INFO - Epoch 701/1000, Loss: 1.3010865646564982
2024-06-19 03:30:31 - INFO - Epoch 702/1000, Loss: 1.3012137147598184
2024-06-19 03:30:39 - INFO - Epoch 703/1000, Loss: 1.3259573719776674
2024-06-19 03:30:47 - INFO - Epoch 704/1000, Loss: 1.357870682060638
2024-06-19 03:30:56 - INFO - Epoch 705/1000, Loss: 2.374233459343567
2024-06-19 03:31:04 - INFO - Epoch 706/1000, Loss: 1.2863237281526774
2024-06-19 03:31:12 - INFO - Epoch 707/1000, Loss: 1.2849759558324052
2024-06-19 03:31:20 - INFO - Epoch 708/1000, Loss: 1.3537748706605108
2024-06-19 03:31:28 - INFO - Epoch 709/1000, Loss: 1.4232842843413869
2024-06-19 03:31:36 - INFO - Epoch 710/1000, Loss: 1.3856388778748143
2024-06-19 03:31:45 - INFO - Epoch 711/1000, Loss: 1.8724065415558775
2024-06-19 03:31:53 - INFO - Epoch 712/1000, Loss: 1.293063922096417
2024-06-19 03:32:01 - INFO - Epoch 713/1000, Loss: 1.3241301216862167
2024-06-19 03:32:09 - INFO - Epoch 714/1000, Loss: 1.3307536822429724
2024-06-19 03:32:17 - INFO - Epoch 715/1000, Loss: 1.341118002211605
2024-06-19 03:32:26 - INFO - Epoch 716/1000, Loss: 1.3224628487319532
2024-06-19 03:32:34 - INFO - Epoch 717/1000, Loss: 1.352274177901522
2024-06-19 03:32:42 - INFO - Epoch 718/1000, Loss: 1.2849435733628396
2024-06-19 03:32:50 - INFO - Epoch 719/1000, Loss: 1.2964360282792708
2024-06-19 03:32:58 - INFO - Epoch 720/1000, Loss: 1.4466556901851526
2024-06-19 03:33:07 - INFO - Epoch 721/1000, Loss: 1.3597463073022515
2024-06-19 03:33:15 - INFO - Epoch 722/1000, Loss: 1.287425121824174
2024-06-19 03:33:23 - INFO - Epoch 723/1000, Loss: 1.3219967339486915
2024-06-19 03:33:31 - INFO - Epoch 724/1000, Loss: 1.399244909416608
2024-06-19 03:33:39 - INFO - Epoch 725/1000, Loss: 1.4584636147848007
2024-06-19 03:33:47 - INFO - Epoch 726/1000, Loss: 1.2907553847318292
2024-06-19 03:33:55 - INFO - Epoch 727/1000, Loss: 1.3786102282819748
2024-06-19 03:34:04 - INFO - Epoch 728/1000, Loss: 1.2751796396574493
2024-06-19 03:34:12 - INFO - Epoch 729/1000, Loss: 1.362454677328529
2024-06-19 03:34:20 - INFO - Epoch 730/1000, Loss: 1.3205977294954059
2024-06-19 03:34:28 - INFO - Epoch 731/1000, Loss: 1.3159315602880128
2024-06-19 03:34:36 - INFO - Epoch 732/1000, Loss: 1.304434763771805
2024-06-19 03:34:45 - INFO - Epoch 733/1000, Loss: 1.33826221264052
2024-06-19 03:34:53 - INFO - Epoch 734/1000, Loss: 1.2827420693552545
2024-06-19 03:35:01 - INFO - Epoch 735/1000, Loss: 1.3548992566387894
2024-06-19 03:35:09 - INFO - Epoch 736/1000, Loss: 1.6780692285082361
2024-06-19 03:35:17 - INFO - Epoch 737/1000, Loss: 1.2802309911741914
2024-06-19 03:35:25 - INFO - Epoch 738/1000, Loss: 1.2733426151573533
2024-06-19 03:35:33 - INFO - Epoch 739/1000, Loss: 1.304888254688612
2024-06-19 03:35:42 - INFO - Epoch 740/1000, Loss: 1.315236221301596
2024-06-19 03:35:50 - INFO - Epoch 741/1000, Loss: 1.2881972901975074
2024-06-19 03:35:58 - INFO - Epoch 742/1000, Loss: 1.2885087964004238
2024-06-19 03:36:06 - INFO - Epoch 743/1000, Loss: 1.292687682112917
2024-06-19 03:36:14 - INFO - Epoch 744/1000, Loss: 1.3160308602187267
2024-06-19 03:36:23 - INFO - Epoch 745/1000, Loss: 1.2888306180109668
2024-06-19 03:36:31 - INFO - Epoch 746/1000, Loss: 1.3788604559229214
2024-06-19 03:36:39 - INFO - Epoch 747/1000, Loss: 1.292229348377598
2024-06-19 03:36:47 - INFO - Epoch 748/1000, Loss: 1.3016375591580585
2024-06-19 03:36:55 - INFO - Epoch 749/1000, Loss: 1.287600051036236
2024-06-19 03:37:03 - INFO - Epoch 750/1000, Loss: 1.3373576286131328
2024-06-19 03:37:11 - INFO - Epoch 751/1000, Loss: 1.292408846104344
2024-06-19 03:37:20 - INFO - Epoch 752/1000, Loss: 1.3000364424887214
2024-06-19 03:37:28 - INFO - Epoch 753/1000, Loss: 1.2917072789187944
2024-06-19 03:37:36 - INFO - Epoch 754/1000, Loss: 1.2823243113190914
2024-06-19 03:37:44 - INFO - Epoch 755/1000, Loss: 1.3242074116494418
2024-06-19 03:37:52 - INFO - Epoch 756/1000, Loss: 1.3397333822738884
2024-06-19 03:38:00 - INFO - Epoch 757/1000, Loss: 1.276533697398754
2024-06-19 03:38:08 - INFO - Epoch 758/1000, Loss: 1.379760504145727
2024-06-19 03:38:17 - INFO - Epoch 759/1000, Loss: 1.290626204147369
2024-06-19 03:38:25 - INFO - Epoch 760/1000, Loss: 1.3001580810588989
2024-06-19 03:38:33 - INFO - Epoch 761/1000, Loss: 1.291714538497439
2024-06-19 03:38:41 - INFO - Epoch 762/1000, Loss: 1.285752602248147
2024-06-19 03:38:49 - INFO - Epoch 763/1000, Loss: 1.2852176407560147
2024-06-19 03:38:58 - INFO - Epoch 764/1000, Loss: 1.3677796903350543
2024-06-19 03:39:06 - INFO - Epoch 765/1000, Loss: 1.3253654282401033
2024-06-19 03:39:14 - INFO - Epoch 766/1000, Loss: 1.2919455581710344
2024-06-19 03:39:22 - INFO - Epoch 767/1000, Loss: 1.283509788207084
2024-06-19 03:39:30 - INFO - Epoch 768/1000, Loss: 1.2859242862445543
2024-06-19 03:39:38 - INFO - Epoch 769/1000, Loss: 1.306783924462744
2024-06-19 03:39:46 - INFO - Epoch 770/1000, Loss: 1.485706137374029
2024-06-19 03:39:54 - INFO - Epoch 771/1000, Loss: 1.3083380414303314
2024-06-19 03:40:03 - INFO - Epoch 772/1000, Loss: 1.2927480038420478
2024-06-19 03:40:11 - INFO - Epoch 773/1000, Loss: 1.286711335952426
2024-06-19 03:40:19 - INFO - Epoch 774/1000, Loss: 1.2942720658719409
2024-06-19 03:40:27 - INFO - Epoch 775/1000, Loss: 1.3121409276226312
2024-06-19 03:40:35 - INFO - Epoch 776/1000, Loss: 1.3626597592317868
2024-06-19 03:40:44 - INFO - Epoch 777/1000, Loss: 1.32301056134575
2024-06-19 03:40:52 - INFO - Epoch 778/1000, Loss: 1.5664078875110665
2024-06-19 03:41:00 - INFO - Epoch 779/1000, Loss: 1.3522439245919893
2024-06-19 03:41:08 - INFO - Epoch 780/1000, Loss: 1.262587022111987
2024-06-19 03:41:16 - INFO - Epoch 781/1000, Loss: 1.286682827006223
2024-06-19 03:41:24 - INFO - Epoch 782/1000, Loss: 1.2888690639848805
2024-06-19 03:41:33 - INFO - Epoch 783/1000, Loss: 1.3506696638366986
2024-06-19 03:41:41 - INFO - Epoch 784/1000, Loss: 1.2656785773636934
2024-06-19 03:41:49 - INFO - Epoch 785/1000, Loss: 1.3313550847026532
2024-06-19 03:41:57 - INFO - Epoch 786/1000, Loss: 1.596861985317917
2024-06-19 03:42:05 - INFO - Epoch 787/1000, Loss: 1.3143156045861741
2024-06-19 03:42:14 - INFO - Epoch 788/1000, Loss: 1.389886321540724
2024-06-19 03:42:22 - INFO - Epoch 789/1000, Loss: 1.3099651081272898
2024-06-19 03:42:30 - INFO - Epoch 790/1000, Loss: 1.3115175056727932
2024-06-19 03:42:38 - INFO - Epoch 791/1000, Loss: 1.3559632185628898
2024-06-19 03:42:46 - INFO - Epoch 792/1000, Loss: 1.3456483506006005
2024-06-19 03:42:54 - INFO - Epoch 793/1000, Loss: 1.271795478042452
2024-06-19 03:43:02 - INFO - Epoch 794/1000, Loss: 1.5495210006713247
2024-06-19 03:43:11 - INFO - Epoch 795/1000, Loss: 1.2829468773259494
2024-06-19 03:43:19 - INFO - Epoch 796/1000, Loss: 1.4233792292236678
2024-06-19 03:43:27 - INFO - Epoch 797/1000, Loss: 1.2932625905753612
2024-06-19 03:43:35 - INFO - Epoch 798/1000, Loss: 1.3374553744510222
2024-06-19 03:43:43 - INFO - Epoch 799/1000, Loss: 1.3467221868557395
2024-06-19 03:43:52 - INFO - Epoch 800/1000, Loss: 1.2982637980811815
2024-06-19 03:44:00 - INFO - Epoch 801/1000, Loss: 1.2743861771791332
2024-06-19 03:44:08 - INFO - Epoch 802/1000, Loss: 1.2910711094574279
2024-06-19 03:44:16 - INFO - Epoch 803/1000, Loss: 1.352138708986864
2024-06-19 03:44:24 - INFO - Epoch 804/1000, Loss: 1.2992344120858421
2024-06-19 03:44:32 - INFO - Epoch 805/1000, Loss: 1.343398309605106
2024-06-19 03:44:41 - INFO - Epoch 806/1000, Loss: 1.3496778412343557
2024-06-19 03:44:49 - INFO - Epoch 807/1000, Loss: 1.3144509256127124
2024-06-19 03:44:57 - INFO - Epoch 808/1000, Loss: 1.2925288904795436
2024-06-19 03:45:05 - INFO - Epoch 809/1000, Loss: 1.3152906597062355
2024-06-19 03:45:13 - INFO - Epoch 810/1000, Loss: 1.3766622488420999
2024-06-19 03:45:21 - INFO - Epoch 811/1000, Loss: 1.2835976425720237
2024-06-19 03:45:30 - INFO - Epoch 812/1000, Loss: 1.3119923849570858
2024-06-19 03:45:38 - INFO - Epoch 813/1000, Loss: 1.299352640975543
2024-06-19 03:45:46 - INFO - Epoch 814/1000, Loss: 1.34868652785788
2024-06-19 03:45:54 - INFO - Epoch 815/1000, Loss: 1.3108405504954586
2024-06-19 03:46:02 - INFO - Epoch 816/1000, Loss: 1.3869030255074004
2024-06-19 03:46:11 - INFO - Epoch 817/1000, Loss: 1.309575753980438
2024-06-19 03:46:19 - INFO - Epoch 818/1000, Loss: 1.2955730840240303
2024-06-19 03:46:27 - INFO - Epoch 819/1000, Loss: 1.3237877458241152
2024-06-19 03:46:35 - INFO - Epoch 820/1000, Loss: 1.2997867656608553
2024-06-19 03:46:43 - INFO - Epoch 821/1000, Loss: 1.2952477578748216
2024-06-19 03:46:51 - INFO - Epoch 822/1000, Loss: 1.294351697638572
2024-06-19 03:47:00 - INFO - Epoch 823/1000, Loss: 1.3484137337039228
2024-06-19 03:47:08 - INFO - Epoch 824/1000, Loss: 1.2967093467091781
2024-06-19 03:47:16 - INFO - Epoch 825/1000, Loss: 1.351888717065899
2024-06-19 03:47:24 - INFO - Epoch 826/1000, Loss: 1.2956535833703033
2024-06-19 03:47:32 - INFO - Epoch 827/1000, Loss: 1.5065463676793092
2024-06-19 03:47:41 - INFO - Epoch 828/1000, Loss: 1.3236215350873155
2024-06-19 03:47:49 - INFO - Epoch 829/1000, Loss: 1.3318757788049889
2024-06-19 03:47:57 - INFO - Epoch 830/1000, Loss: 1.2890578232255712
2024-06-19 03:48:05 - INFO - Epoch 831/1000, Loss: 1.2874019621046153
2024-06-19 03:48:13 - INFO - Epoch 832/1000, Loss: 1.2920151781970441
2024-06-19 03:48:22 - INFO - Epoch 833/1000, Loss: 1.3110257791091955
2024-06-19 03:48:30 - INFO - Epoch 834/1000, Loss: 1.3037537884270025
2024-06-19 03:48:38 - INFO - Epoch 835/1000, Loss: 1.2848442990937359
2024-06-19 03:48:46 - INFO - Epoch 836/1000, Loss: 1.2998589106263938
2024-06-19 03:48:54 - INFO - Epoch 837/1000, Loss: 1.5383629835849415
2024-06-19 03:49:02 - INFO - Epoch 838/1000, Loss: 1.384708335674142
2024-06-19 03:49:11 - INFO - Epoch 839/1000, Loss: 1.2904465356332147
2024-06-19 03:49:19 - INFO - Epoch 840/1000, Loss: 1.3682589850842202
2024-06-19 03:49:27 - INFO - Epoch 841/1000, Loss: 2.2967340542682404
2024-06-19 03:49:35 - INFO - Epoch 842/1000, Loss: 1.335382552069999
2024-06-19 03:49:43 - INFO - Epoch 843/1000, Loss: 1.2777275212477237
2024-06-19 03:49:51 - INFO - Epoch 844/1000, Loss: 1.3061222868673208
2024-06-19 03:50:00 - INFO - Epoch 845/1000, Loss: 1.2746176208539006
2024-06-19 03:50:08 - INFO - Epoch 846/1000, Loss: 1.3503157710262141
2024-06-19 03:50:16 - INFO - Epoch 847/1000, Loss: 1.3292720103670583
2024-06-19 03:50:24 - INFO - Epoch 848/1000, Loss: 1.2881658043936972
2024-06-19 03:50:32 - INFO - Epoch 849/1000, Loss: 1.2923315762753147
2024-06-19 03:50:40 - INFO - Epoch 850/1000, Loss: 1.7898189725057077
2024-06-19 03:50:49 - INFO - Epoch 851/1000, Loss: 1.2778254667374842
2024-06-19 03:50:57 - INFO - Epoch 852/1000, Loss: 1.2907579897980874
2024-06-19 03:51:05 - INFO - Epoch 853/1000, Loss: 1.2743518008063353
2024-06-19 03:51:13 - INFO - Epoch 854/1000, Loss: 1.391029325310879
2024-06-19 03:51:21 - INFO - Epoch 855/1000, Loss: 1.3036675311772887
2024-06-19 03:51:30 - INFO - Epoch 856/1000, Loss: 1.28848670505665
2024-06-19 03:51:38 - INFO - Epoch 857/1000, Loss: 1.297527229697813
2024-06-19 03:51:46 - INFO - Epoch 858/1000, Loss: 1.3008475591740405
2024-06-19 03:51:54 - INFO - Epoch 859/1000, Loss: 1.30560975471412
2024-06-19 03:52:02 - INFO - Epoch 860/1000, Loss: 1.2882796255375104
2024-06-19 03:52:10 - INFO - Epoch 861/1000, Loss: 1.2890645957129419
2024-06-19 03:52:19 - INFO - Epoch 862/1000, Loss: 1.2884941094203046
2024-06-19 03:52:27 - INFO - Epoch 863/1000, Loss: 1.3200417121617147
2024-06-19 03:52:35 - INFO - Epoch 864/1000, Loss: 1.3803091890524994
2024-06-19 03:52:43 - INFO - Epoch 865/1000, Loss: 1.2837819374350719
2024-06-19 03:52:51 - INFO - Epoch 866/1000, Loss: 1.286230915982382
2024-06-19 03:53:00 - INFO - Epoch 867/1000, Loss: 1.3236859455349355
2024-06-19 03:53:08 - INFO - Epoch 868/1000, Loss: 1.3123613184080105
2024-06-19 03:53:16 - INFO - Epoch 869/1000, Loss: 1.348695520526145
2024-06-19 03:53:24 - INFO - Epoch 870/1000, Loss: 1.2786595715320754
2024-06-19 03:53:32 - INFO - Epoch 871/1000, Loss: 1.420222389533453
2024-06-19 03:53:41 - INFO - Epoch 872/1000, Loss: 1.2995333736181005
2024-06-19 03:53:49 - INFO - Epoch 873/1000, Loss: 1.2825497123302179
2024-06-19 03:53:57 - INFO - Epoch 874/1000, Loss: 1.2724198519488135
2024-06-19 03:54:05 - INFO - Epoch 875/1000, Loss: 1.315812528923023
2024-06-19 03:54:13 - INFO - Epoch 876/1000, Loss: 1.3323916856843503
2024-06-19 03:54:21 - INFO - Epoch 877/1000, Loss: 1.3961227172444965
2024-06-19 03:54:29 - INFO - Epoch 878/1000, Loss: 1.2724644257930544
2024-06-19 03:54:38 - INFO - Epoch 879/1000, Loss: 1.2813921413489013
2024-06-19 03:54:46 - INFO - Epoch 880/1000, Loss: 1.3598501591404706
2024-06-19 03:54:54 - INFO - Epoch 881/1000, Loss: 1.2736399627455561
2024-06-19 03:55:02 - INFO - Epoch 882/1000, Loss: 1.2755148592273633
2024-06-19 03:55:10 - INFO - Epoch 883/1000, Loss: 1.2986359176279771
2024-06-19 03:55:19 - INFO - Epoch 884/1000, Loss: 1.288268011190267
2024-06-19 03:55:27 - INFO - Epoch 885/1000, Loss: 1.2991136017689306
2024-06-19 03:55:35 - INFO - Epoch 886/1000, Loss: 1.3260959555945049
2024-06-19 03:55:43 - INFO - Epoch 887/1000, Loss: 1.2958870567448917
2024-06-19 03:55:51 - INFO - Epoch 888/1000, Loss: 1.3005982380013517
2024-06-19 03:55:59 - INFO - Epoch 889/1000, Loss: 1.3188305018154618
2024-06-19 03:56:07 - INFO - Epoch 890/1000, Loss: 1.294572036904016
2024-06-19 03:56:16 - INFO - Epoch 891/1000, Loss: 1.6067766455467378
2024-06-19 03:56:24 - INFO - Epoch 892/1000, Loss: 1.2676658889259116
2024-06-19 03:56:32 - INFO - Epoch 893/1000, Loss: 1.4619291095738518
2024-06-19 03:56:40 - INFO - Epoch 894/1000, Loss: 1.3752641669322894
2024-06-19 03:56:49 - INFO - Epoch 895/1000, Loss: 1.5113191315858805
2024-06-19 03:56:57 - INFO - Epoch 896/1000, Loss: 1.3301778007006926
2024-06-19 03:57:05 - INFO - Epoch 897/1000, Loss: 1.2869166039702384
2024-06-19 03:57:13 - INFO - Epoch 898/1000, Loss: 1.297906457782152
2024-06-19 03:57:21 - INFO - Epoch 899/1000, Loss: 1.3370664186049432
2024-06-19 03:57:29 - INFO - Epoch 900/1000, Loss: 1.3373994432510605
2024-06-19 03:57:38 - INFO - Epoch 901/1000, Loss: 1.2623188921122217
2024-06-19 03:57:46 - INFO - Epoch 902/1000, Loss: 1.3096543278969222
2024-06-19 03:57:54 - INFO - Epoch 903/1000, Loss: 1.274922199807384
2024-06-19 03:58:02 - INFO - Epoch 904/1000, Loss: 1.2776744763278087
2024-06-19 03:58:10 - INFO - Epoch 905/1000, Loss: 1.3395755513577827
2024-06-19 03:58:18 - INFO - Epoch 906/1000, Loss: 1.3488440214437802
2024-06-19 03:58:27 - INFO - Epoch 907/1000, Loss: 1.2804759623631659
2024-06-19 03:58:35 - INFO - Epoch 908/1000, Loss: 1.3038891998011382
2024-06-19 03:58:43 - INFO - Epoch 909/1000, Loss: 1.2807185783416375
2024-06-19 03:58:51 - INFO - Epoch 910/1000, Loss: 1.3705406463590066
2024-06-19 03:58:59 - INFO - Epoch 911/1000, Loss: 1.2743525872285721
2024-06-19 03:59:08 - INFO - Epoch 912/1000, Loss: 1.2713997158684813
2024-06-19 03:59:16 - INFO - Epoch 913/1000, Loss: 1.279681580350283
2024-06-19 03:59:24 - INFO - Epoch 914/1000, Loss: 1.348399624472986
2024-06-19 03:59:32 - INFO - Epoch 915/1000, Loss: 1.2708093960991256
2024-06-19 03:59:40 - INFO - Epoch 916/1000, Loss: 1.2884670252115753
2024-06-19 03:59:49 - INFO - Epoch 917/1000, Loss: 1.3631443689376281
2024-06-19 03:59:57 - INFO - Epoch 918/1000, Loss: 1.3181903479250328
2024-06-19 04:00:05 - INFO - Epoch 919/1000, Loss: 1.276099086605743
2024-06-19 04:00:13 - INFO - Epoch 920/1000, Loss: 1.3030253298051109
2024-06-19 04:00:21 - INFO - Epoch 921/1000, Loss: 1.2871886375796782
2024-06-19 04:00:29 - INFO - Epoch 922/1000, Loss: 1.2711120697542453
2024-06-19 04:00:38 - INFO - Epoch 923/1000, Loss: 1.3429355505636222
2024-06-19 04:00:46 - INFO - Epoch 924/1000, Loss: 1.2761139722901762
2024-06-19 04:00:54 - INFO - Epoch 925/1000, Loss: 1.4101739788367949
2024-06-19 04:01:02 - INFO - Epoch 926/1000, Loss: 1.4637005470656055
2024-06-19 04:01:10 - INFO - Epoch 927/1000, Loss: 1.2967933229348796
2024-06-19 04:01:18 - INFO - Epoch 928/1000, Loss: 1.3576782207877345
2024-06-19 04:01:27 - INFO - Epoch 929/1000, Loss: 1.3415990346080837
2024-06-19 04:01:35 - INFO - Epoch 930/1000, Loss: 1.3682511165784514
2024-06-19 04:01:43 - INFO - Epoch 931/1000, Loss: 1.2851881941497583
2024-06-19 04:01:51 - INFO - Epoch 932/1000, Loss: 1.299363668873814
2024-06-19 04:01:59 - INFO - Epoch 933/1000, Loss: 1.3091805351443777
2024-06-19 04:02:07 - INFO - Epoch 934/1000, Loss: 1.2910591483432001
2024-06-19 04:02:16 - INFO - Epoch 935/1000, Loss: 1.301037565249809
2024-06-19 04:02:24 - INFO - Epoch 936/1000, Loss: 1.2861037527074686
2024-06-19 04:02:32 - INFO - Epoch 937/1000, Loss: 1.2849915893386055
2024-06-19 04:02:40 - INFO - Epoch 938/1000, Loss: 1.3279767532603088
2024-06-19 04:02:48 - INFO - Epoch 939/1000, Loss: 1.2981070416778144
2024-06-19 04:02:56 - INFO - Epoch 940/1000, Loss: 1.312266801970998
2024-06-19 04:03:05 - INFO - Epoch 941/1000, Loss: 1.4245505275927135
2024-06-19 04:03:13 - INFO - Epoch 942/1000, Loss: 1.31820607811527
2024-06-19 04:03:21 - INFO - Epoch 943/1000, Loss: 1.3311923786679865
2024-06-19 04:03:29 - INFO - Epoch 944/1000, Loss: 1.319371031544528
2024-06-19 04:03:37 - INFO - Epoch 945/1000, Loss: 1.3037224385227801
2024-06-19 04:03:45 - INFO - Epoch 946/1000, Loss: 1.2974975525083299
2024-06-19 04:03:54 - INFO - Epoch 947/1000, Loss: 1.282255429428713
2024-06-19 04:04:02 - INFO - Epoch 948/1000, Loss: 1.3075940888258157
2024-06-19 04:04:10 - INFO - Epoch 949/1000, Loss: 1.3295939186707326
2024-06-19 04:04:18 - INFO - Epoch 950/1000, Loss: 1.2879335464573647
2024-06-19 04:04:26 - INFO - Epoch 951/1000, Loss: 1.283278479534219
2024-06-19 04:04:34 - INFO - Epoch 952/1000, Loss: 1.3880072349075248
2024-06-19 04:04:43 - INFO - Epoch 953/1000, Loss: 1.2780760031046132
2024-06-19 04:04:51 - INFO - Epoch 954/1000, Loss: 1.2802599355282658
2024-06-19 04:04:59 - INFO - Epoch 955/1000, Loss: 1.2730637558089613
2024-06-19 04:05:07 - INFO - Epoch 956/1000, Loss: 1.3183072065756265
2024-06-19 04:05:15 - INFO - Epoch 957/1000, Loss: 1.277512018957525
2024-06-19 04:05:23 - INFO - Epoch 958/1000, Loss: 1.2906766939001404
2024-06-19 04:05:32 - INFO - Epoch 959/1000, Loss: 1.280229780612251
2024-06-19 04:05:40 - INFO - Epoch 960/1000, Loss: 1.29079056315878
2024-06-19 04:05:48 - INFO - Epoch 961/1000, Loss: 1.2748535021974003
2024-06-19 04:05:56 - INFO - Epoch 962/1000, Loss: 1.3034808178113793
2024-06-19 04:06:04 - INFO - Epoch 963/1000, Loss: 1.3111021452877016
2024-06-19 04:06:13 - INFO - Epoch 964/1000, Loss: 1.2785565354931234
2024-06-19 04:06:21 - INFO - Epoch 965/1000, Loss: 1.3959072284195781
2024-06-19 04:06:29 - INFO - Epoch 966/1000, Loss: 1.2816613995036459
2024-06-19 04:06:37 - INFO - Epoch 967/1000, Loss: 1.3037318337031811
2024-06-19 04:06:45 - INFO - Epoch 968/1000, Loss: 1.316418011595347
2024-06-19 04:06:53 - INFO - Epoch 969/1000, Loss: 1.2795288114375285
2024-06-19 04:07:01 - INFO - Epoch 970/1000, Loss: 1.2898485700671756
2024-06-19 04:07:10 - INFO - Epoch 971/1000, Loss: 1.37722981733596
2024-06-19 04:07:18 - INFO - Epoch 972/1000, Loss: 1.2810030549394753
2024-06-19 04:07:26 - INFO - Epoch 973/1000, Loss: 1.281058825481466
2024-06-19 04:07:34 - INFO - Epoch 974/1000, Loss: 1.3571902123066315
2024-06-19 04:07:42 - INFO - Epoch 975/1000, Loss: 1.3033116137538667
2024-06-19 04:07:51 - INFO - Epoch 976/1000, Loss: 1.290201408673667
2024-06-19 04:07:59 - INFO - Epoch 977/1000, Loss: 1.2955518518094653
2024-06-19 04:08:07 - INFO - Epoch 978/1000, Loss: 1.3190692755066966
2024-06-19 04:08:15 - INFO - Epoch 979/1000, Loss: 1.2708780153666681
2024-06-19 04:08:23 - INFO - Epoch 980/1000, Loss: 1.3142572670187271
2024-06-19 04:08:31 - INFO - Epoch 981/1000, Loss: 1.2767177017276015
2024-06-19 04:08:40 - INFO - Epoch 982/1000, Loss: 1.501757940310445
2024-06-19 04:08:48 - INFO - Epoch 983/1000, Loss: 1.28643778601113
2024-06-19 04:08:56 - INFO - Epoch 984/1000, Loss: 1.2811552036209197
2024-06-19 04:09:04 - INFO - Epoch 985/1000, Loss: 1.3066078039945177
2024-06-19 04:09:12 - INFO - Epoch 986/1000, Loss: 1.2806485773479401
2024-06-19 04:09:21 - INFO - Epoch 987/1000, Loss: 1.282132318992581
2024-06-19 04:09:29 - INFO - Epoch 988/1000, Loss: 1.4079536420777103
2024-06-19 04:09:37 - INFO - Epoch 989/1000, Loss: 1.2971051325665266
2024-06-19 04:09:45 - INFO - Epoch 990/1000, Loss: 1.2803464093473407
2024-06-19 04:09:53 - INFO - Epoch 991/1000, Loss: 1.2975441642631653
2024-06-19 04:10:01 - INFO - Epoch 992/1000, Loss: 1.2654548897568343
2024-06-19 04:10:09 - INFO - Epoch 993/1000, Loss: 1.3116505776013323
2024-06-19 04:10:18 - INFO - Epoch 994/1000, Loss: 1.3465411828406844
2024-06-19 04:10:26 - INFO - Epoch 995/1000, Loss: 1.2890568821354733
2024-06-19 04:10:34 - INFO - Epoch 996/1000, Loss: 1.327047806551271
2024-06-19 04:10:42 - INFO - Epoch 997/1000, Loss: 1.3197102603379063
2024-06-19 04:10:50 - INFO - Epoch 998/1000, Loss: 1.2861744823446057
2024-06-19 04:10:58 - INFO - Epoch 999/1000, Loss: 1.2855971202642877
2024-06-19 04:11:05 - INFO - Epoch 1000/1000, Loss: 1.3221655594046375
2024-06-19 04:11:05 - INFO - Finished training model.
2024-06-19 04:11:05 - INFO - 
Generated Code:
2024-06-19 04:11:05 - INFO - ( ) ; float d = FLOAT_LITERAL - FLOAT_LITERAL ; float d = FLOAT_LITERAL ; float b = FLOAT_LITERAL ; float b = FLOAT_LITERAL ; float b = FLOAT_LITERAL ; float b = FLOAT_LITERAL ; float b = FLOAT_LITERAL ; return b ; } def { float d = FLOAT_LITERAL ; float b = FLOAT_LITERAL ; float b = FLOAT_LITERAL ; float b = FLOAT_LITERAL ; float b = FLOAT_LITERAL ; float b = FLOAT_LITERAL ; float b = FLOAT_LITERAL ; return b ; } def { float d = FLOAT_LITERAL ; float b = FLOAT_LITERAL ; float b =
2024-06-19 04:11:05 - INFO - Finished training LSTM model.
