2024-06-27 14:59:39 - INFO - This log entry will go into a uniquely named file for this run.
2024-06-27 14:59:39 - INFO - Params:
2024-06-27 14:59:39 - INFO - embedding_dim=128
2024-06-27 14:59:39 - INFO - hidden_dim:256
2024-06-27 14:59:39 - INFO - num_layers:2
2024-06-27 14:59:39 - INFO - epochs:350
2024-06-27 14:59:39 - INFO - batch_size:64
2024-06-27 14:59:39 - INFO - lr:0.001
2024-06-27 14:59:43 - INFO - Starting LSTM model training...
2024-06-27 14:59:47 - INFO - Epoch: 1/350, Training Loss: 0.6931894344149852
2024-06-27 14:59:47 - INFO - Epoch: 1/350, Validation Loss: 0.6915480108822093, Accuracy: 53.24854428440086%
2024-06-27 14:59:51 - INFO - Epoch: 2/350, Training Loss: 0.6926816452075454
2024-06-27 14:59:51 - INFO - Epoch: 2/350, Validation Loss: 0.6912112189274208, Accuracy: 53.24854428440086%
2024-06-27 14:59:55 - INFO - Epoch: 3/350, Training Loss: 0.6924868039056367
2024-06-27 14:59:55 - INFO - Epoch: 3/350, Validation Loss: 0.6914013530693802, Accuracy: 53.24854428440086%
2024-06-27 14:59:59 - INFO - Epoch: 4/350, Training Loss: 0.6925623061902383
2024-06-27 14:59:59 - INFO - Epoch: 4/350, Validation Loss: 0.691234321570864, Accuracy: 53.24854428440086%
2024-06-27 15:00:02 - INFO - Epoch: 5/350, Training Loss: 0.6924165072394353
2024-06-27 15:00:03 - INFO - Epoch: 5/350, Validation Loss: 0.6912640502639845, Accuracy: 53.24854428440086%
2024-06-27 15:00:06 - INFO - Epoch: 6/350, Training Loss: 0.6923863973979857
2024-06-27 15:00:07 - INFO - Epoch: 6/350, Validation Loss: 0.69183403487299, Accuracy: 53.24854428440086%
2024-06-27 15:00:10 - INFO - Epoch: 7/350, Training Loss: 0.6924312894835192
2024-06-27 15:00:10 - INFO - Epoch: 7/350, Validation Loss: 0.6913967278658175, Accuracy: 53.24854428440086%
2024-06-27 15:00:14 - INFO - Epoch: 8/350, Training Loss: 0.6924355884685236
2024-06-27 15:00:14 - INFO - Epoch: 8/350, Validation Loss: 0.6912512037099576, Accuracy: 53.24854428440086%
2024-06-27 15:00:17 - INFO - Epoch: 9/350, Training Loss: 0.6924263063599082
2024-06-27 15:00:18 - INFO - Epoch: 9/350, Validation Loss: 0.6916217552680596, Accuracy: 53.24854428440086%
2024-06-27 15:00:21 - INFO - Epoch: 10/350, Training Loss: 0.6924092823676035
2024-06-27 15:00:22 - INFO - Epoch: 10/350, Validation Loss: 0.6913250620458641, Accuracy: 53.24854428440086%
2024-06-27 15:00:25 - INFO - Epoch: 11/350, Training Loss: 0.6924128028399804
2024-06-27 15:00:26 - INFO - Epoch: 11/350, Validation Loss: 0.6917467210807052, Accuracy: 53.24854428440086%
2024-06-27 15:00:29 - INFO - Epoch: 12/350, Training Loss: 0.6924081197848507
2024-06-27 15:00:30 - INFO - Epoch: 12/350, Validation Loss: 0.6919102984316209, Accuracy: 53.24854428440086%
2024-06-27 15:00:33 - INFO - Epoch: 13/350, Training Loss: 0.692049562054522
2024-06-27 15:00:33 - INFO - Epoch: 13/350, Validation Loss: 0.6941517784314997, Accuracy: 46.95065890285014%
2024-06-27 15:00:37 - INFO - Epoch: 14/350, Training Loss: 0.6896751445590281
2024-06-27 15:00:37 - INFO - Epoch: 14/350, Validation Loss: 0.685131616452161, Accuracy: 57.447134538768005%
2024-06-27 15:00:41 - INFO - Epoch: 15/350, Training Loss: 0.6398162890006515
2024-06-27 15:00:41 - INFO - Epoch: 15/350, Validation Loss: 0.5829541320894279, Accuracy: 67.77505363162733%
2024-06-27 15:00:45 - INFO - Epoch: 16/350, Training Loss: 0.5506658668757654
2024-06-27 15:00:45 - INFO - Epoch: 16/350, Validation Loss: 0.5097603976142173, Accuracy: 73.18418633159669%
2024-06-27 15:00:49 - INFO - Epoch: 17/350, Training Loss: 0.4880267244343664
2024-06-27 15:00:49 - INFO - Epoch: 17/350, Validation Loss: 0.4699844606951171, Accuracy: 74.82378179589335%
2024-06-27 15:00:53 - INFO - Epoch: 18/350, Training Loss: 0.4277649846512313
2024-06-27 15:00:53 - INFO - Epoch: 18/350, Validation Loss: 0.3950762012425591, Accuracy: 78.76187557462458%
2024-06-27 15:00:57 - INFO - Epoch: 19/350, Training Loss: 0.36575746207552795
2024-06-27 15:00:57 - INFO - Epoch: 19/350, Validation Loss: 0.3475191945246622, Accuracy: 78.1642660128716%
2024-06-27 15:01:01 - INFO - Epoch: 20/350, Training Loss: 0.3428213368443882
2024-06-27 15:01:01 - INFO - Epoch: 20/350, Validation Loss: 0.3340676932358274, Accuracy: 78.6699356420472%
2024-06-27 15:01:04 - INFO - Epoch: 21/350, Training Loss: 0.32207258794383675
2024-06-27 15:01:05 - INFO - Epoch: 21/350, Validation Loss: 0.31792496451560187, Accuracy: 78.40943916641127%
2024-06-27 15:01:08 - INFO - Epoch: 22/350, Training Loss: 0.30911940584580105
2024-06-27 15:01:08 - INFO - Epoch: 22/350, Validation Loss: 0.31256959777252347, Accuracy: 79.71192154459087%
2024-06-27 15:01:12 - INFO - Epoch: 23/350, Training Loss: 0.3069351306002514
2024-06-27 15:01:12 - INFO - Epoch: 23/350, Validation Loss: 0.3143801708139625, Accuracy: 79.63530493410971%
2024-06-27 15:01:16 - INFO - Epoch: 24/350, Training Loss: 0.29801633092118246
2024-06-27 15:01:16 - INFO - Epoch: 24/350, Validation Loss: 0.30586430065187753, Accuracy: 78.33282255593012%
2024-06-27 15:01:20 - INFO - Epoch: 25/350, Training Loss: 0.29153834809275236
2024-06-27 15:01:20 - INFO - Epoch: 25/350, Validation Loss: 0.31251003622424367, Accuracy: 78.6239656757585%
2024-06-27 15:01:24 - INFO - Epoch: 26/350, Training Loss: 0.29164012828293967
2024-06-27 15:01:24 - INFO - Epoch: 26/350, Validation Loss: 0.30598633502628286, Accuracy: 77.50536316273369%
2024-06-27 15:01:28 - INFO - Epoch: 27/350, Training Loss: 0.2855717296912974
2024-06-27 15:01:28 - INFO - Epoch: 27/350, Validation Loss: 0.30136433214533564, Accuracy: 78.83849218510574%
2024-06-27 15:01:31 - INFO - Epoch: 28/350, Training Loss: 0.28166239106041546
2024-06-27 15:01:32 - INFO - Epoch: 28/350, Validation Loss: 0.3152550375636886, Accuracy: 77.35212994177138%
2024-06-27 15:01:35 - INFO - Epoch: 29/350, Training Loss: 0.2862877641238418
2024-06-27 15:01:35 - INFO - Epoch: 29/350, Validation Loss: 0.30708341709539, Accuracy: 77.10695678823168%
2024-06-27 15:01:39 - INFO - Epoch: 30/350, Training Loss: 0.27960247487998474
2024-06-27 15:01:39 - INFO - Epoch: 30/350, Validation Loss: 0.3006898927337983, Accuracy: 77.33680661967514%
2024-06-27 15:01:43 - INFO - Epoch: 31/350, Training Loss: 0.2729254706817515
2024-06-27 15:01:43 - INFO - Epoch: 31/350, Validation Loss: 0.2949233509454073, Accuracy: 77.19889672080907%
2024-06-27 15:01:47 - INFO - Epoch: 32/350, Training Loss: 0.2712909726462528
2024-06-27 15:01:47 - INFO - Epoch: 32/350, Validation Loss: 0.30204438476585876, Accuracy: 76.63193380324854%
2024-06-27 15:01:51 - INFO - Epoch: 33/350, Training Loss: 0.2746117843643707
2024-06-27 15:01:51 - INFO - Epoch: 33/350, Validation Loss: 0.305581645638335, Accuracy: 76.06497088568801%
2024-06-27 15:01:55 - INFO - Epoch: 34/350, Training Loss: 0.27626709906640007
2024-06-27 15:01:55 - INFO - Epoch: 34/350, Validation Loss: 0.30747220533735614, Accuracy: 76.83113699049954%
2024-06-27 15:01:59 - INFO - Epoch: 35/350, Training Loss: 0.27084605425011876
2024-06-27 15:01:59 - INFO - Epoch: 35/350, Validation Loss: 0.3031372058333135, Accuracy: 76.24885075084278%
2024-06-27 15:02:03 - INFO - Epoch: 36/350, Training Loss: 0.27165182672587096
2024-06-27 15:02:03 - INFO - Epoch: 36/350, Validation Loss: 0.30396100235920326, Accuracy: 76.49402390438247%
2024-06-27 15:02:06 - INFO - Epoch: 37/350, Training Loss: 0.26970715955922414
2024-06-27 15:02:07 - INFO - Epoch: 37/350, Validation Loss: 0.3062192043837379, Accuracy: 75.81979773214833%
2024-06-27 15:02:10 - INFO - Epoch: 38/350, Training Loss: 0.26684118664878254
2024-06-27 15:02:11 - INFO - Epoch: 38/350, Validation Loss: 0.2998434322721818, Accuracy: 75.39074471345387%
2024-06-27 15:02:14 - INFO - Epoch: 39/350, Training Loss: 0.265267035905637
2024-06-27 15:02:15 - INFO - Epoch: 39/350, Validation Loss: 0.3050738066142681, Accuracy: 75.43671467974256%
2024-06-27 15:02:18 - INFO - Epoch: 40/350, Training Loss: 0.263291766574862
2024-06-27 15:02:19 - INFO - Epoch: 40/350, Validation Loss: 0.30434530286812317, Accuracy: 76.40208397180508%
2024-06-27 15:02:22 - INFO - Epoch: 41/350, Training Loss: 0.26150333150929095
2024-06-27 15:02:22 - INFO - Epoch: 41/350, Validation Loss: 0.31380025136704537, Accuracy: 74.7011952191235%
2024-06-27 15:02:25 - INFO - Epoch: 42/350, Training Loss: 0.2649157955950382
2024-06-27 15:02:26 - INFO - Epoch: 42/350, Validation Loss: 0.3114486002162391, Accuracy: 75.4060680355501%
2024-06-27 15:02:29 - INFO - Epoch: 43/350, Training Loss: 0.26326821269650086
2024-06-27 15:02:29 - INFO - Epoch: 43/350, Validation Loss: 0.3165370341317326, Accuracy: 74.60925528654613%
2024-06-27 15:02:33 - INFO - Epoch: 44/350, Training Loss: 0.26048981920615133
2024-06-27 15:02:34 - INFO - Epoch: 44/350, Validation Loss: 0.31276048325440464, Accuracy: 74.60925528654613%
2024-06-27 15:02:37 - INFO - Epoch: 45/350, Training Loss: 0.2641794491632312
2024-06-27 15:02:37 - INFO - Epoch: 45/350, Validation Loss: 0.3229922989712042, Accuracy: 74.34875881091021%
2024-06-27 15:02:41 - INFO - Epoch: 46/350, Training Loss: 0.26017693875759257
2024-06-27 15:02:41 - INFO - Epoch: 46/350, Validation Loss: 0.3195568884120268, Accuracy: 73.96567575850445%
2024-06-27 15:02:48 - INFO - Epoch: 47/350, Training Loss: 0.2596208194051595
2024-06-27 15:02:49 - INFO - Epoch: 47/350, Validation Loss: 0.3232416839284055, Accuracy: 74.0422923689856%
2024-06-27 15:02:56 - INFO - Epoch: 48/350, Training Loss: 0.2584022783181247
2024-06-27 15:02:56 - INFO - Epoch: 48/350, Validation Loss: 0.3220232736830618, Accuracy: 73.138216365308%
2024-06-27 15:03:03 - INFO - Epoch: 49/350, Training Loss: 0.2648113513474955
2024-06-27 15:03:04 - INFO - Epoch: 49/350, Validation Loss: 0.3215925277155988, Accuracy: 73.67453263867607%
2024-06-27 15:03:10 - INFO - Epoch: 50/350, Training Loss: 0.25893111839233074
2024-06-27 15:03:11 - INFO - Epoch: 50/350, Validation Loss: 0.3251401295556742, Accuracy: 73.27612626417407%
2024-06-27 15:03:18 - INFO - Epoch: 51/350, Training Loss: 0.2558658706645171
2024-06-27 15:03:18 - INFO - Epoch: 51/350, Validation Loss: 0.3366906648757411, Accuracy: 73.337419552559%
2024-06-27 15:03:25 - INFO - Epoch: 52/350, Training Loss: 0.2536672720429944
2024-06-27 15:03:26 - INFO - Epoch: 52/350, Validation Loss: 0.33987853135548385, Accuracy: 72.95433650015323%
2024-06-27 15:03:32 - INFO - Epoch: 53/350, Training Loss: 0.2543729838787341
2024-06-27 15:03:33 - INFO - Epoch: 53/350, Validation Loss: 0.33122806294875984, Accuracy: 72.55593012565124%
2024-06-27 15:03:40 - INFO - Epoch: 54/350, Training Loss: 0.25293136472065075
2024-06-27 15:03:40 - INFO - Epoch: 54/350, Validation Loss: 0.3393787903820767, Accuracy: 72.83174992338338%
2024-06-27 15:03:47 - INFO - Epoch: 55/350, Training Loss: 0.2542910933786747
2024-06-27 15:03:47 - INFO - Epoch: 55/350, Validation Loss: 0.3368121170822312, Accuracy: 72.83174992338338%
2024-06-27 15:03:54 - INFO - Epoch: 56/350, Training Loss: 0.2577190945911057
2024-06-27 15:03:55 - INFO - Epoch: 56/350, Validation Loss: 0.34475641683036207, Accuracy: 72.83174992338338%
2024-06-27 15:04:01 - INFO - Epoch: 57/350, Training Loss: 0.25319919912327155
2024-06-27 15:04:02 - INFO - Epoch: 57/350, Validation Loss: 0.34879521762623505, Accuracy: 72.80110327919093%
2024-06-27 15:04:08 - INFO - Epoch: 58/350, Training Loss: 0.25586562607364327
2024-06-27 15:04:09 - INFO - Epoch: 58/350, Validation Loss: 0.33970823138952255, Accuracy: 73.76647257125344%
2024-06-27 15:04:16 - INFO - Epoch: 59/350, Training Loss: 0.25145222710482046
2024-06-27 15:04:16 - INFO - Epoch: 59/350, Validation Loss: 0.35002998379515665, Accuracy: 72.41802022678517%
2024-06-27 15:04:23 - INFO - Epoch: 60/350, Training Loss: 0.2498451439919425
2024-06-27 15:04:24 - INFO - Epoch: 60/350, Validation Loss: 0.34936382694571627, Accuracy: 72.66319338032486%
2024-06-27 15:04:31 - INFO - Epoch: 61/350, Training Loss: 0.24929535403555514
2024-06-27 15:04:32 - INFO - Epoch: 61/350, Validation Loss: 0.35774841685505476, Accuracy: 72.54060680355501%
2024-06-27 15:04:38 - INFO - Epoch: 62/350, Training Loss: 0.25459272290269536
2024-06-27 15:04:39 - INFO - Epoch: 62/350, Validation Loss: 0.3531008666636897, Accuracy: 72.35672693840024%
2024-06-27 15:04:46 - INFO - Epoch: 63/350, Training Loss: 0.2493861351965689
2024-06-27 15:04:47 - INFO - Epoch: 63/350, Validation Loss: 0.37146228288902955, Accuracy: 72.00429053018695%
2024-06-27 15:04:53 - INFO - Epoch: 64/350, Training Loss: 0.24719458829392404
2024-06-27 15:04:54 - INFO - Epoch: 64/350, Validation Loss: 0.3698370712352734, Accuracy: 71.62120747778118%
2024-06-27 15:05:00 - INFO - Epoch: 65/350, Training Loss: 0.24851829706526854
2024-06-27 15:05:01 - INFO - Epoch: 65/350, Validation Loss: 0.36401218774856303, Accuracy: 72.2341403616304%
2024-06-27 15:05:08 - INFO - Epoch: 66/350, Training Loss: 0.24587487717907802
2024-06-27 15:05:08 - INFO - Epoch: 66/350, Validation Loss: 0.3629025120068999, Accuracy: 71.8357339871284%
2024-06-27 15:05:15 - INFO - Epoch: 67/350, Training Loss: 0.24428998762924298
2024-06-27 15:05:16 - INFO - Epoch: 67/350, Validation Loss: 0.3774300059851478, Accuracy: 71.1768311369905%
2024-06-27 15:05:22 - INFO - Epoch: 68/350, Training Loss: 0.24392544748444184
2024-06-27 15:05:23 - INFO - Epoch: 68/350, Validation Loss: 0.38179391228100834, Accuracy: 71.05424456022065%
2024-06-27 15:05:29 - INFO - Epoch: 69/350, Training Loss: 0.2435415458007186
2024-06-27 15:05:30 - INFO - Epoch: 69/350, Validation Loss: 0.3694134769486446, Accuracy: 71.34538768004903%
2024-06-27 15:05:37 - INFO - Epoch: 70/350, Training Loss: 0.24267416052958546
2024-06-27 15:05:37 - INFO - Epoch: 70/350, Validation Loss: 0.38772785736649645, Accuracy: 72.15752375114926%
2024-06-27 15:05:44 - INFO - Epoch: 71/350, Training Loss: 0.2469842764275039
2024-06-27 15:05:45 - INFO - Epoch: 71/350, Validation Loss: 0.4077219454681172, Accuracy: 71.55991418939627%
2024-06-27 15:05:51 - INFO - Epoch: 72/350, Training Loss: 0.24356671999774726
2024-06-27 15:05:52 - INFO - Epoch: 72/350, Validation Loss: 0.39442016140503044, Accuracy: 71.3300643579528%
2024-06-27 15:05:58 - INFO - Epoch: 73/350, Training Loss: 0.24194648587966666
2024-06-27 15:05:59 - INFO - Epoch: 73/350, Validation Loss: 0.3994994682132029, Accuracy: 71.62120747778118%
2024-06-27 15:06:06 - INFO - Epoch: 74/350, Training Loss: 0.24376919429164892
2024-06-27 15:06:06 - INFO - Epoch: 74/350, Validation Loss: 0.3943316848839031, Accuracy: 70.79374808458473%
2024-06-27 15:06:13 - INFO - Epoch: 75/350, Training Loss: 0.24253849396664723
2024-06-27 15:06:13 - INFO - Epoch: 75/350, Validation Loss: 0.4037389075931381, Accuracy: 70.90101133925835%
2024-06-27 15:06:20 - INFO - Epoch: 76/350, Training Loss: 0.23979257443444987
2024-06-27 15:06:21 - INFO - Epoch: 76/350, Validation Loss: 0.43523431510901917, Accuracy: 70.96230462764328%
2024-06-27 15:06:27 - INFO - Epoch: 77/350, Training Loss: 0.2399069503059282
2024-06-27 15:06:28 - INFO - Epoch: 77/350, Validation Loss: 0.4401818342945155, Accuracy: 70.87036469506589%
2024-06-27 15:06:34 - INFO - Epoch: 78/350, Training Loss: 0.24862589798502477
2024-06-27 15:06:35 - INFO - Epoch: 78/350, Validation Loss: 0.3966620942833377, Accuracy: 70.6711615078149%
2024-06-27 15:06:42 - INFO - Epoch: 79/350, Training Loss: 0.24744153545037204
2024-06-27 15:06:43 - INFO - Epoch: 79/350, Validation Loss: 0.4087595048488355, Accuracy: 70.73245479619982%
2024-06-27 15:06:50 - INFO - Epoch: 80/350, Training Loss: 0.24232798675988235
2024-06-27 15:06:50 - INFO - Epoch: 80/350, Validation Loss: 0.4150344548272152, Accuracy: 70.73245479619982%
2024-06-27 15:06:57 - INFO - Epoch: 81/350, Training Loss: 0.23966356450874432
2024-06-27 15:06:58 - INFO - Epoch: 81/350, Validation Loss: 0.4326874046933417, Accuracy: 70.10419859025437%
2024-06-27 15:07:04 - INFO - Epoch: 82/350, Training Loss: 0.2376235158858346
2024-06-27 15:07:05 - INFO - Epoch: 82/350, Validation Loss: 0.4405038552541359, Accuracy: 70.15016855654306%
2024-06-27 15:07:11 - INFO - Epoch: 83/350, Training Loss: 0.23644686333250767
2024-06-27 15:07:12 - INFO - Epoch: 83/350, Validation Loss: 0.46480638752965364, Accuracy: 70.45663499846766%
2024-06-27 15:07:19 - INFO - Epoch: 84/350, Training Loss: 0.23747578146410922
2024-06-27 15:07:19 - INFO - Epoch: 84/350, Validation Loss: 0.44981856556499705, Accuracy: 70.91633466135458%
2024-06-27 15:07:26 - INFO - Epoch: 85/350, Training Loss: 0.24020683867674247
2024-06-27 15:07:27 - INFO - Epoch: 85/350, Validation Loss: 0.4377526500645806, Accuracy: 70.2267851670242%
2024-06-27 15:07:33 - INFO - Epoch: 86/350, Training Loss: 0.23744910663249447
2024-06-27 15:07:34 - INFO - Epoch: 86/350, Validation Loss: 0.46062125966829415, Accuracy: 69.99693533558076%
2024-06-27 15:07:41 - INFO - Epoch: 87/350, Training Loss: 0.23667186688558728
2024-06-27 15:07:42 - INFO - Epoch: 87/350, Validation Loss: 0.4548056242512722, Accuracy: 69.99693533558076%
2024-06-27 15:07:48 - INFO - Epoch: 88/350, Training Loss: 0.23657559278402843
2024-06-27 15:07:49 - INFO - Epoch: 88/350, Validation Loss: 0.4610021685560544, Accuracy: 70.45663499846766%
2024-06-27 15:07:55 - INFO - Epoch: 89/350, Training Loss: 0.25072244125619236
2024-06-27 15:07:56 - INFO - Epoch: 89/350, Validation Loss: 0.44626724018770103, Accuracy: 70.38001838798651%
2024-06-27 15:08:03 - INFO - Epoch: 90/350, Training Loss: 0.2391872133913578
2024-06-27 15:08:03 - INFO - Epoch: 90/350, Validation Loss: 0.47924649160282284, Accuracy: 70.04290530186944%
2024-06-27 15:08:10 - INFO - Epoch: 91/350, Training Loss: 0.2381281015992749
2024-06-27 15:08:10 - INFO - Epoch: 91/350, Validation Loss: 0.4676715030389674, Accuracy: 70.02758197977322%
2024-06-27 15:08:17 - INFO - Epoch: 92/350, Training Loss: 0.2350038555724656
2024-06-27 15:08:18 - INFO - Epoch: 92/350, Validation Loss: 0.4846362477424098, Accuracy: 69.7211155378486%
2024-06-27 15:08:24 - INFO - Epoch: 93/350, Training Loss: 0.2334936841701468
2024-06-27 15:08:25 - INFO - Epoch: 93/350, Validation Loss: 0.49578289044838325, Accuracy: 69.813055470426%
2024-06-27 15:08:31 - INFO - Epoch: 94/350, Training Loss: 0.23386192016814852
2024-06-27 15:08:32 - INFO - Epoch: 94/350, Validation Loss: 0.4806007380579032, Accuracy: 69.85902543671467%
2024-06-27 15:08:38 - INFO - Epoch: 95/350, Training Loss: 0.23395614842792936
2024-06-27 15:08:39 - INFO - Epoch: 95/350, Validation Loss: 0.5045038581478829, Accuracy: 70.10419859025437%
2024-06-27 15:08:46 - INFO - Epoch: 96/350, Training Loss: 0.24030136773545369
2024-06-27 15:08:46 - INFO - Epoch: 96/350, Validation Loss: 0.49765569293031503, Accuracy: 69.95096536929206%
2024-06-27 15:08:53 - INFO - Epoch: 97/350, Training Loss: 0.23466897631684938
2024-06-27 15:08:54 - INFO - Epoch: 97/350, Validation Loss: 0.5165394281639772, Accuracy: 69.50658902850138%
2024-06-27 15:09:00 - INFO - Epoch: 98/350, Training Loss: 0.23266169330214753
2024-06-27 15:09:01 - INFO - Epoch: 98/350, Validation Loss: 0.5114219962966209, Accuracy: 69.67514557155991%
2024-06-27 15:09:08 - INFO - Epoch: 99/350, Training Loss: 0.23162213913804175
2024-06-27 15:09:09 - INFO - Epoch: 99/350, Validation Loss: 0.512288227092986, Accuracy: 69.59852896107876%
2024-06-27 15:09:15 - INFO - Epoch: 100/350, Training Loss: 0.2326065078560336
2024-06-27 15:09:16 - INFO - Epoch: 100/350, Validation Loss: 0.514454029062215, Accuracy: 69.44529574011646%
2024-06-27 15:09:22 - INFO - Epoch: 101/350, Training Loss: 0.23471228292613638
2024-06-27 15:09:23 - INFO - Epoch: 101/350, Validation Loss: 0.5005066546739316, Accuracy: 69.88967208090715%
2024-06-27 15:09:30 - INFO - Epoch: 102/350, Training Loss: 0.22985064424574375
2024-06-27 15:09:30 - INFO - Epoch: 102/350, Validation Loss: 0.5278190818487429, Accuracy: 69.82837879252222%
2024-06-27 15:09:37 - INFO - Epoch: 103/350, Training Loss: 0.22943427974321678
2024-06-27 15:09:38 - INFO - Epoch: 103/350, Validation Loss: 0.502716033482084, Accuracy: 69.50658902850138%
2024-06-27 15:09:44 - INFO - Epoch: 104/350, Training Loss: 0.22977837109390428
2024-06-27 15:09:45 - INFO - Epoch: 104/350, Validation Loss: 0.5472180849196864, Accuracy: 69.59852896107876%
2024-06-27 15:09:51 - INFO - Epoch: 105/350, Training Loss: 0.22948002694722483
2024-06-27 15:09:52 - INFO - Epoch: 105/350, Validation Loss: 0.5549813053187203, Accuracy: 69.67514557155991%
2024-06-27 15:09:58 - INFO - Epoch: 106/350, Training Loss: 0.22946193412530655
2024-06-27 15:09:59 - INFO - Epoch: 106/350, Validation Loss: 0.5437109692423951, Accuracy: 69.59852896107876%
2024-06-27 15:10:05 - INFO - Epoch: 107/350, Training Loss: 0.22837871159700787
2024-06-27 15:10:06 - INFO - Epoch: 107/350, Validation Loss: 0.5410251123648063, Accuracy: 69.99693533558076%
2024-06-27 15:10:13 - INFO - Epoch: 108/350, Training Loss: 0.228058324067616
2024-06-27 15:10:13 - INFO - Epoch: 108/350, Validation Loss: 0.5597812229511785, Accuracy: 69.79773214832976%
2024-06-27 15:10:20 - INFO - Epoch: 109/350, Training Loss: 0.23645100167349858
2024-06-27 15:10:20 - INFO - Epoch: 109/350, Validation Loss: 0.5445868098268322, Accuracy: 70.10419859025437%
2024-06-27 15:10:27 - INFO - Epoch: 110/350, Training Loss: 0.2287349500784687
2024-06-27 15:10:28 - INFO - Epoch: 110/350, Validation Loss: 0.5542895402394089, Accuracy: 69.47594238430892%
2024-06-27 15:10:34 - INFO - Epoch: 111/350, Training Loss: 0.2262469846572654
2024-06-27 15:10:35 - INFO - Epoch: 111/350, Validation Loss: 0.5664898066544065, Accuracy: 69.42997241802023%
2024-06-27 15:10:41 - INFO - Epoch: 112/350, Training Loss: 0.22479940076157742
2024-06-27 15:10:42 - INFO - Epoch: 112/350, Validation Loss: 0.5701342122811898, Accuracy: 69.33803248544284%
2024-06-27 15:10:49 - INFO - Epoch: 113/350, Training Loss: 0.22731988258002436
2024-06-27 15:10:49 - INFO - Epoch: 113/350, Validation Loss: 0.5606806184731278, Accuracy: 69.46061906221269%
2024-06-27 15:10:56 - INFO - Epoch: 114/350, Training Loss: 0.22829375030728533
2024-06-27 15:10:57 - INFO - Epoch: 114/350, Validation Loss: 0.5829262192927155, Accuracy: 69.47594238430892%
2024-06-27 15:11:03 - INFO - Epoch: 115/350, Training Loss: 0.22721641864992825
2024-06-27 15:11:04 - INFO - Epoch: 115/350, Validation Loss: 0.568515832809841, Accuracy: 69.46061906221269%
2024-06-27 15:11:10 - INFO - Epoch: 116/350, Training Loss: 0.22540483576263867
2024-06-27 15:11:11 - INFO - Epoch: 116/350, Validation Loss: 0.6120298323678035, Accuracy: 69.5219123505976%
2024-06-27 15:11:18 - INFO - Epoch: 117/350, Training Loss: 0.22460108591864505
2024-06-27 15:11:18 - INFO - Epoch: 117/350, Validation Loss: 0.6049109548330307, Accuracy: 69.50658902850138%
2024-06-27 15:11:25 - INFO - Epoch: 118/350, Training Loss: 0.22685069399064078
2024-06-27 15:11:26 - INFO - Epoch: 118/350, Validation Loss: 0.5930746682718688, Accuracy: 69.78240882623352%
2024-06-27 15:11:32 - INFO - Epoch: 119/350, Training Loss: 0.22499659874786934
2024-06-27 15:11:33 - INFO - Epoch: 119/350, Validation Loss: 0.6036834740171245, Accuracy: 69.39932577382777%
2024-06-27 15:11:39 - INFO - Epoch: 120/350, Training Loss: 0.2252046092249015
2024-06-27 15:11:40 - INFO - Epoch: 120/350, Validation Loss: 0.6019302682549346, Accuracy: 69.39932577382777%
2024-06-27 15:11:47 - INFO - Epoch: 121/350, Training Loss: 0.22337494836207114
2024-06-27 15:11:47 - INFO - Epoch: 121/350, Validation Loss: 0.6581962064785116, Accuracy: 69.39932577382777%
2024-06-27 15:11:54 - INFO - Epoch: 122/350, Training Loss: 0.2278981463727998
2024-06-27 15:11:55 - INFO - Epoch: 122/350, Validation Loss: 0.6162806959713206, Accuracy: 69.61385228317499%
2024-06-27 15:12:01 - INFO - Epoch: 123/350, Training Loss: 0.2235112295796474
2024-06-27 15:12:02 - INFO - Epoch: 123/350, Validation Loss: 0.6261956571948295, Accuracy: 69.70579221575238%
2024-06-27 15:12:08 - INFO - Epoch: 124/350, Training Loss: 0.22904915147114033
2024-06-27 15:12:09 - INFO - Epoch: 124/350, Validation Loss: 0.6013041015933541, Accuracy: 69.30738584125038%
2024-06-27 15:12:15 - INFO - Epoch: 125/350, Training Loss: 0.2231388796193927
2024-06-27 15:12:16 - INFO - Epoch: 125/350, Validation Loss: 0.6124918872819227, Accuracy: 69.16947594238431%
2024-06-27 15:12:23 - INFO - Epoch: 126/350, Training Loss: 0.2215497170885404
2024-06-27 15:12:23 - INFO - Epoch: 126/350, Validation Loss: 0.6410881029624566, Accuracy: 69.36867912963531%
2024-06-27 15:12:30 - INFO - Epoch: 127/350, Training Loss: 0.22140496487126632
2024-06-27 15:12:31 - INFO - Epoch: 127/350, Validation Loss: 0.6844403784649045, Accuracy: 69.27673919705792%
2024-06-27 15:12:37 - INFO - Epoch: 128/350, Training Loss: 0.22386408098699415
2024-06-27 15:12:38 - INFO - Epoch: 128/350, Validation Loss: 0.6639216618210662, Accuracy: 69.13882929819185%
2024-06-27 15:12:44 - INFO - Epoch: 129/350, Training Loss: 0.22145005291802625
2024-06-27 15:12:45 - INFO - Epoch: 129/350, Validation Loss: 0.6897295181657753, Accuracy: 69.35335580753907%
2024-06-27 15:12:52 - INFO - Epoch: 130/350, Training Loss: 0.22123008413130746
2024-06-27 15:12:52 - INFO - Epoch: 130/350, Validation Loss: 0.6928919191453972, Accuracy: 69.23076923076923%
2024-06-27 15:12:59 - INFO - Epoch: 131/350, Training Loss: 0.22249537640634706
2024-06-27 15:13:00 - INFO - Epoch: 131/350, Validation Loss: 0.6360827923989764, Accuracy: 69.0622126877107%
2024-06-27 15:13:06 - INFO - Epoch: 132/350, Training Loss: 0.22306402557182545
2024-06-27 15:13:07 - INFO - Epoch: 132/350, Validation Loss: 0.6881872701878641, Accuracy: 69.44529574011646%
2024-06-27 15:13:13 - INFO - Epoch: 133/350, Training Loss: 0.22105663830377892
2024-06-27 15:13:14 - INFO - Epoch: 133/350, Validation Loss: 0.702613112096693, Accuracy: 69.0622126877107%
2024-06-27 15:13:21 - INFO - Epoch: 134/350, Training Loss: 0.21998098613146475
2024-06-27 15:13:21 - INFO - Epoch: 134/350, Validation Loss: 0.7054398761076086, Accuracy: 69.09285933190316%
2024-06-27 15:13:28 - INFO - Epoch: 135/350, Training Loss: 0.21988407124345208
2024-06-27 15:13:29 - INFO - Epoch: 135/350, Validation Loss: 0.715221439798673, Accuracy: 68.89365614465216%
2024-06-27 15:13:35 - INFO - Epoch: 136/350, Training Loss: 0.2186669733777058
2024-06-27 15:13:36 - INFO - Epoch: 136/350, Validation Loss: 0.7297165367533179, Accuracy: 69.04688936561446%
2024-06-27 15:13:42 - INFO - Epoch: 137/350, Training Loss: 0.22258767964062737
2024-06-27 15:13:43 - INFO - Epoch: 137/350, Validation Loss: 0.724096444307589, Accuracy: 68.92430278884463%
2024-06-27 15:13:50 - INFO - Epoch: 138/350, Training Loss: 0.22726546658896932
2024-06-27 15:13:50 - INFO - Epoch: 138/350, Validation Loss: 0.6910806117104549, Accuracy: 69.26141587496168%
2024-06-27 15:13:57 - INFO - Epoch: 139/350, Training Loss: 0.22199936099715678
2024-06-27 15:13:58 - INFO - Epoch: 139/350, Validation Loss: 0.7240211110489041, Accuracy: 69.20012258657677%
2024-06-27 15:14:04 - INFO - Epoch: 140/350, Training Loss: 0.2190077734526758
2024-06-27 15:14:05 - INFO - Epoch: 140/350, Validation Loss: 0.7159247775288189, Accuracy: 68.98559607722954%
2024-06-27 15:14:11 - INFO - Epoch: 141/350, Training Loss: 0.21799567274237966
2024-06-27 15:14:12 - INFO - Epoch: 141/350, Validation Loss: 0.7421448105106166, Accuracy: 69.30738584125038%
2024-06-27 15:14:18 - INFO - Epoch: 142/350, Training Loss: 0.2203688251000701
2024-06-27 15:14:19 - INFO - Epoch: 142/350, Validation Loss: 0.7537384664311129, Accuracy: 69.215445908673%
2024-06-27 15:14:26 - INFO - Epoch: 143/350, Training Loss: 0.2188365191367327
2024-06-27 15:14:26 - INFO - Epoch: 143/350, Validation Loss: 0.7463736893499598, Accuracy: 68.817039534171%
2024-06-27 15:14:33 - INFO - Epoch: 144/350, Training Loss: 0.21859385675805457
2024-06-27 15:14:34 - INFO - Epoch: 144/350, Validation Loss: 0.8049972776104423, Accuracy: 69.07753600980692%
2024-06-27 15:14:40 - INFO - Epoch: 145/350, Training Loss: 0.21840067982089287
2024-06-27 15:14:41 - INFO - Epoch: 145/350, Validation Loss: 0.7606813720628327, Accuracy: 69.15415262028807%
2024-06-27 15:14:47 - INFO - Epoch: 146/350, Training Loss: 0.21685879907625563
2024-06-27 15:14:48 - INFO - Epoch: 146/350, Validation Loss: 0.7662990584092981, Accuracy: 68.95494943303709%
2024-06-27 15:14:55 - INFO - Epoch: 147/350, Training Loss: 0.21660557034991534
2024-06-27 15:14:55 - INFO - Epoch: 147/350, Validation Loss: 0.8232429749241063, Accuracy: 69.00091939932577%
2024-06-27 15:15:02 - INFO - Epoch: 148/350, Training Loss: 0.22182658628798
2024-06-27 15:15:03 - INFO - Epoch: 148/350, Validation Loss: 0.7682173374821158, Accuracy: 68.80171621207478%
2024-06-27 15:15:09 - INFO - Epoch: 149/350, Training Loss: 0.21686698108290633
2024-06-27 15:15:10 - INFO - Epoch: 149/350, Validation Loss: 0.8237502002248577, Accuracy: 69.10818265399939%
2024-06-27 15:15:16 - INFO - Epoch: 150/350, Training Loss: 0.2170367805542899
2024-06-27 15:15:17 - INFO - Epoch: 150/350, Validation Loss: 0.8235279946934944, Accuracy: 69.04688936561446%
2024-06-27 15:15:23 - INFO - Epoch: 151/350, Training Loss: 0.21617073032493686
2024-06-27 15:15:24 - INFO - Epoch: 151/350, Validation Loss: 0.7871847368922888, Accuracy: 68.83236285626724%
2024-06-27 15:15:30 - INFO - Epoch: 152/350, Training Loss: 0.21622121144159168
2024-06-27 15:15:31 - INFO - Epoch: 152/350, Validation Loss: 0.8236170434484295, Accuracy: 68.89365614465216%
2024-06-27 15:15:38 - INFO - Epoch: 153/350, Training Loss: 0.2182190480514192
2024-06-27 15:15:38 - INFO - Epoch: 153/350, Validation Loss: 0.8369276357047698, Accuracy: 68.89365614465216%
2024-06-27 15:15:45 - INFO - Epoch: 154/350, Training Loss: 0.2151168646181331
2024-06-27 15:15:46 - INFO - Epoch: 154/350, Validation Loss: 0.8760705347739014, Accuracy: 68.75574624578609%
2024-06-27 15:15:52 - INFO - Epoch: 155/350, Training Loss: 0.21773504133464075
2024-06-27 15:15:53 - INFO - Epoch: 155/350, Validation Loss: 0.8164389039955887, Accuracy: 68.92430278884463%
2024-06-27 15:15:59 - INFO - Epoch: 156/350, Training Loss: 0.21571472305439265
2024-06-27 15:16:00 - INFO - Epoch: 156/350, Validation Loss: 0.8939299752899245, Accuracy: 68.98559607722954%
2024-06-27 15:16:07 - INFO - Epoch: 157/350, Training Loss: 0.21673991134865025
2024-06-27 15:16:08 - INFO - Epoch: 157/350, Validation Loss: 0.9021585355786716, Accuracy: 68.95494943303709%
2024-06-27 15:16:14 - INFO - Epoch: 158/350, Training Loss: 0.21540278656517758
2024-06-27 15:16:15 - INFO - Epoch: 158/350, Validation Loss: 0.8604332007029477, Accuracy: 68.89365614465216%
2024-06-27 15:16:21 - INFO - Epoch: 159/350, Training Loss: 0.21373071921441486
2024-06-27 15:16:22 - INFO - Epoch: 159/350, Validation Loss: 0.8748918558452644, Accuracy: 68.87833282255593%
2024-06-27 15:16:29 - INFO - Epoch: 160/350, Training Loss: 0.21328614610156008
2024-06-27 15:16:29 - INFO - Epoch: 160/350, Validation Loss: 0.8925745320670745, Accuracy: 68.87833282255593%
2024-06-27 15:16:36 - INFO - Epoch: 161/350, Training Loss: 0.2134140131118543
2024-06-27 15:16:36 - INFO - Epoch: 161/350, Validation Loss: 0.8770811782748091, Accuracy: 68.817039534171%
2024-06-27 15:16:43 - INFO - Epoch: 162/350, Training Loss: 0.2140636753254369
2024-06-27 15:16:44 - INFO - Epoch: 162/350, Validation Loss: 0.9376637067864922, Accuracy: 68.83236285626724%
2024-06-27 15:16:50 - INFO - Epoch: 163/350, Training Loss: 0.2144941700914619
2024-06-27 15:16:51 - INFO - Epoch: 163/350, Validation Loss: 0.8870360278615764, Accuracy: 68.77106956788232%
2024-06-27 15:16:57 - INFO - Epoch: 164/350, Training Loss: 0.21402471408467083
2024-06-27 15:16:58 - INFO - Epoch: 164/350, Validation Loss: 0.8842265649753458, Accuracy: 68.87833282255593%
2024-06-27 15:17:05 - INFO - Epoch: 165/350, Training Loss: 0.21404556239790776
2024-06-27 15:17:05 - INFO - Epoch: 165/350, Validation Loss: 0.884976745820513, Accuracy: 68.83236285626724%
2024-06-27 15:17:12 - INFO - Epoch: 166/350, Training Loss: 0.21642309558742187
2024-06-27 15:17:13 - INFO - Epoch: 166/350, Validation Loss: 0.9020016184624504, Accuracy: 68.80171621207478%
2024-06-27 15:17:19 - INFO - Epoch: 167/350, Training Loss: 0.21322157469523303
2024-06-27 15:17:20 - INFO - Epoch: 167/350, Validation Loss: 0.92221351815205, Accuracy: 69.07753600980692%
2024-06-27 15:17:26 - INFO - Epoch: 168/350, Training Loss: 0.21203503363272724
2024-06-27 15:17:27 - INFO - Epoch: 168/350, Validation Loss: 0.9512296587813134, Accuracy: 68.74042292368986%
2024-06-27 15:17:33 - INFO - Epoch: 169/350, Training Loss: 0.21548381197613245
2024-06-27 15:17:34 - INFO - Epoch: 169/350, Validation Loss: 0.9288440577539743, Accuracy: 68.98559607722954%
2024-06-27 15:17:41 - INFO - Epoch: 170/350, Training Loss: 0.21811068017839216
2024-06-27 15:17:41 - INFO - Epoch: 170/350, Validation Loss: 0.9393452896791346, Accuracy: 68.78639288997854%
2024-06-27 15:17:48 - INFO - Epoch: 171/350, Training Loss: 0.21429093507136784
2024-06-27 15:17:48 - INFO - Epoch: 171/350, Validation Loss: 0.9480173704670924, Accuracy: 68.63315966901624%
2024-06-27 15:17:55 - INFO - Epoch: 172/350, Training Loss: 0.2162977146970875
2024-06-27 15:17:56 - INFO - Epoch: 172/350, Validation Loss: 0.9739617530037376, Accuracy: 68.55654305853508%
2024-06-27 15:18:02 - INFO - Epoch: 173/350, Training Loss: 0.21359414466675006
2024-06-27 15:18:03 - INFO - Epoch: 173/350, Validation Loss: 0.9797585384518492, Accuracy: 68.64848299111247%
2024-06-27 15:18:09 - INFO - Epoch: 174/350, Training Loss: 0.21295810899898118
2024-06-27 15:18:10 - INFO - Epoch: 174/350, Validation Loss: 0.9627136021268135, Accuracy: 68.43395648176525%
2024-06-27 15:18:17 - INFO - Epoch: 175/350, Training Loss: 0.21154007832428404
2024-06-27 15:18:18 - INFO - Epoch: 175/350, Validation Loss: 1.046222543599559, Accuracy: 68.57186638063132%
2024-06-27 15:18:21 - INFO - Epoch: 176/350, Training Loss: 0.21230931885029172
2024-06-27 15:18:22 - INFO - Epoch: 176/350, Validation Loss: 1.101519075678844, Accuracy: 68.75574624578609%
2024-06-27 15:18:25 - INFO - Epoch: 177/350, Training Loss: 0.21246282150055848
2024-06-27 15:18:26 - INFO - Epoch: 177/350, Validation Loss: 1.024194257516487, Accuracy: 68.49524977015017%
2024-06-27 15:18:29 - INFO - Epoch: 178/350, Training Loss: 0.21237480742674247
2024-06-27 15:18:29 - INFO - Epoch: 178/350, Validation Loss: 1.0101437586195328, Accuracy: 68.43395648176525%
2024-06-27 15:18:33 - INFO - Epoch: 179/350, Training Loss: 0.21364203628663922
2024-06-27 15:18:33 - INFO - Epoch: 179/350, Validation Loss: 0.9715861973224902, Accuracy: 68.70977627949739%
2024-06-27 15:18:36 - INFO - Epoch: 180/350, Training Loss: 0.2119264631331259
2024-06-27 15:18:37 - INFO - Epoch: 180/350, Validation Loss: 0.9838463792613908, Accuracy: 68.60251302482378%
2024-06-27 15:18:40 - INFO - Epoch: 181/350, Training Loss: 0.21163350577447929
2024-06-27 15:18:40 - INFO - Epoch: 181/350, Validation Loss: 1.0005124176249784, Accuracy: 68.69445295740117%
2024-06-27 15:18:44 - INFO - Epoch: 182/350, Training Loss: 0.21067859369384892
2024-06-27 15:18:44 - INFO - Epoch: 182/350, Validation Loss: 1.0854532198578704, Accuracy: 68.70977627949739%
2024-06-27 15:18:48 - INFO - Epoch: 183/350, Training Loss: 0.2150584918939892
2024-06-27 15:18:48 - INFO - Epoch: 183/350, Validation Loss: 0.9882035024610221, Accuracy: 68.63315966901624%
2024-06-27 15:18:52 - INFO - Epoch: 184/350, Training Loss: 0.21486727221339358
2024-06-27 15:18:53 - INFO - Epoch: 184/350, Validation Loss: 1.0504778541770636, Accuracy: 68.60251302482378%
2024-06-27 15:18:59 - INFO - Epoch: 185/350, Training Loss: 0.21123950922971263
2024-06-27 15:18:59 - INFO - Epoch: 185/350, Validation Loss: 1.0981797599324994, Accuracy: 68.72509960159363%
2024-06-27 15:19:02 - INFO - Epoch: 186/350, Training Loss: 0.20968479129905795
2024-06-27 15:19:03 - INFO - Epoch: 186/350, Validation Loss: 1.0929496539574044, Accuracy: 68.66380631320871%
2024-06-27 15:19:06 - INFO - Epoch: 187/350, Training Loss: 0.2084546129529675
2024-06-27 15:19:07 - INFO - Epoch: 187/350, Validation Loss: 1.1016043056459988, Accuracy: 68.78639288997854%
2024-06-27 15:19:10 - INFO - Epoch: 188/350, Training Loss: 0.20796370327326597
2024-06-27 15:19:11 - INFO - Epoch: 188/350, Validation Loss: 1.1114644606908162, Accuracy: 68.72509960159363%
2024-06-27 15:19:14 - INFO - Epoch: 189/350, Training Loss: 0.20933275284501268
2024-06-27 15:19:15 - INFO - Epoch: 189/350, Validation Loss: 1.1212607078692491, Accuracy: 68.64848299111247%
2024-06-27 15:19:18 - INFO - Epoch: 190/350, Training Loss: 0.2093469367052118
2024-06-27 15:19:19 - INFO - Epoch: 190/350, Validation Loss: 1.1216562793535345, Accuracy: 68.63315966901624%
2024-06-27 15:19:22 - INFO - Epoch: 191/350, Training Loss: 0.20918361574192257
2024-06-27 15:19:22 - INFO - Epoch: 191/350, Validation Loss: 1.0716811810054032, Accuracy: 68.57186638063132%
2024-06-27 15:19:26 - INFO - Epoch: 192/350, Training Loss: 0.21094786846900687
2024-06-27 15:19:26 - INFO - Epoch: 192/350, Validation Loss: 1.0964638923897463, Accuracy: 68.55654305853508%
2024-06-27 15:19:30 - INFO - Epoch: 193/350, Training Loss: 0.20934352289666147
2024-06-27 15:19:30 - INFO - Epoch: 193/350, Validation Loss: 1.2265283921185661, Accuracy: 68.64848299111247%
2024-06-27 15:19:34 - INFO - Epoch: 194/350, Training Loss: 0.20827161721593024
2024-06-27 15:19:35 - INFO - Epoch: 194/350, Validation Loss: 1.1508958614340015, Accuracy: 68.57186638063132%
2024-06-27 15:19:41 - INFO - Epoch: 195/350, Training Loss: 0.21022933259533316
2024-06-27 15:19:42 - INFO - Epoch: 195/350, Validation Loss: 1.0230639857404373, Accuracy: 68.5105730922464%
2024-06-27 15:19:49 - INFO - Epoch: 196/350, Training Loss: 0.21824664436280727
2024-06-27 15:19:50 - INFO - Epoch: 196/350, Validation Loss: 1.0895634714294882, Accuracy: 68.69445295740117%
2024-06-27 15:19:56 - INFO - Epoch: 197/350, Training Loss: 0.21363842434377647
2024-06-27 15:19:57 - INFO - Epoch: 197/350, Validation Loss: 1.059092834299686, Accuracy: 68.75574624578609%
2024-06-27 15:20:04 - INFO - Epoch: 198/350, Training Loss: 0.20762666625281176
2024-06-27 15:20:05 - INFO - Epoch: 198/350, Validation Loss: 1.158404337424858, Accuracy: 68.74042292368986%
2024-06-27 15:20:12 - INFO - Epoch: 199/350, Training Loss: 0.20727325159618082
2024-06-27 15:20:12 - INFO - Epoch: 199/350, Validation Loss: 1.1930632854209227, Accuracy: 68.69445295740117%
2024-06-27 15:20:19 - INFO - Epoch: 200/350, Training Loss: 0.2056440799588374
2024-06-27 15:20:20 - INFO - Epoch: 200/350, Validation Loss: 1.193125744076336, Accuracy: 68.83236285626724%
2024-06-27 15:20:26 - INFO - Epoch: 201/350, Training Loss: 0.20643511211828275
2024-06-27 15:20:27 - INFO - Epoch: 201/350, Validation Loss: 1.1566874051795286, Accuracy: 68.54121973643886%
2024-06-27 15:20:33 - INFO - Epoch: 202/350, Training Loss: 0.20766323627721445
2024-06-27 15:20:34 - INFO - Epoch: 202/350, Validation Loss: 1.2192066498831207, Accuracy: 68.64848299111247%
2024-06-27 15:20:41 - INFO - Epoch: 203/350, Training Loss: 0.21018163954802588
2024-06-27 15:20:41 - INFO - Epoch: 203/350, Validation Loss: 1.1764958436582602, Accuracy: 68.63315966901624%
2024-06-27 15:20:48 - INFO - Epoch: 204/350, Training Loss: 0.20896978048132916
2024-06-27 15:20:49 - INFO - Epoch: 204/350, Validation Loss: 1.129415772709192, Accuracy: 68.67912963530493%
2024-06-27 15:20:55 - INFO - Epoch: 205/350, Training Loss: 0.2129671838609319
2024-06-27 15:20:56 - INFO - Epoch: 205/350, Validation Loss: 1.1342399973495334, Accuracy: 68.89365614465216%
2024-06-27 15:21:02 - INFO - Epoch: 206/350, Training Loss: 0.21014542296967087
2024-06-27 15:21:03 - INFO - Epoch: 206/350, Validation Loss: 1.1275724640079574, Accuracy: 68.72509960159363%
2024-06-27 15:21:09 - INFO - Epoch: 207/350, Training Loss: 0.2076508336536148
2024-06-27 15:21:10 - INFO - Epoch: 207/350, Validation Loss: 1.1783596557729386, Accuracy: 68.83236285626724%
2024-06-27 15:21:16 - INFO - Epoch: 208/350, Training Loss: 0.2077332935204693
2024-06-27 15:21:17 - INFO - Epoch: 208/350, Validation Loss: 1.2187799080914141, Accuracy: 68.61783634692001%
2024-06-27 15:21:24 - INFO - Epoch: 209/350, Training Loss: 0.20581151426349784
2024-06-27 15:21:24 - INFO - Epoch: 209/350, Validation Loss: 1.2469359338283539, Accuracy: 68.72509960159363%
2024-06-27 15:21:31 - INFO - Epoch: 210/350, Training Loss: 0.2099994647809688
2024-06-27 15:21:31 - INFO - Epoch: 210/350, Validation Loss: 1.166364456508674, Accuracy: 68.64848299111247%
2024-06-27 15:21:38 - INFO - Epoch: 211/350, Training Loss: 0.21054826678671673
2024-06-27 15:21:39 - INFO - Epoch: 211/350, Validation Loss: 1.1879335361368515, Accuracy: 68.80171621207478%
2024-06-27 15:21:45 - INFO - Epoch: 212/350, Training Loss: 0.20959238056093454
2024-06-27 15:21:46 - INFO - Epoch: 212/350, Validation Loss: 1.2147283519015593, Accuracy: 68.75574624578609%
2024-06-27 15:21:52 - INFO - Epoch: 213/350, Training Loss: 0.20630572738089398
2024-06-27 15:21:53 - INFO - Epoch: 213/350, Validation Loss: 1.2655403543921078, Accuracy: 68.70977627949739%
2024-06-27 15:22:00 - INFO - Epoch: 214/350, Training Loss: 0.20510727910361454
2024-06-27 15:22:00 - INFO - Epoch: 214/350, Validation Loss: 1.3035388343474443, Accuracy: 68.75574624578609%
2024-06-27 15:22:07 - INFO - Epoch: 215/350, Training Loss: 0.20577089187196074
2024-06-27 15:22:08 - INFO - Epoch: 215/350, Validation Loss: 1.2700539716318542, Accuracy: 68.57186638063132%
2024-06-27 15:22:14 - INFO - Epoch: 216/350, Training Loss: 0.20883915527705468
2024-06-27 15:22:15 - INFO - Epoch: 216/350, Validation Loss: 1.180205553185706, Accuracy: 68.8630095004597%
2024-06-27 15:22:21 - INFO - Epoch: 217/350, Training Loss: 0.20726470620024437
2024-06-27 15:22:22 - INFO - Epoch: 217/350, Validation Loss: 1.2664923533505084, Accuracy: 68.78639288997854%
2024-06-27 15:22:29 - INFO - Epoch: 218/350, Training Loss: 0.20718622065204031
2024-06-27 15:22:29 - INFO - Epoch: 218/350, Validation Loss: 1.2238260460834878, Accuracy: 68.60251302482378%
2024-06-27 15:22:36 - INFO - Epoch: 219/350, Training Loss: 0.21011803259013914
2024-06-27 15:22:37 - INFO - Epoch: 219/350, Validation Loss: 1.2528415731355256, Accuracy: 68.69445295740117%
2024-06-27 15:22:43 - INFO - Epoch: 220/350, Training Loss: 0.20816800226548723
2024-06-27 15:22:44 - INFO - Epoch: 220/350, Validation Loss: 1.300216375028386, Accuracy: 68.63315966901624%
2024-06-27 15:22:50 - INFO - Epoch: 221/350, Training Loss: 0.20737586665314203
2024-06-27 15:22:51 - INFO - Epoch: 221/350, Validation Loss: 1.304248348754995, Accuracy: 68.58718970272756%
2024-06-27 15:22:57 - INFO - Epoch: 222/350, Training Loss: 0.20657870615375976
2024-06-27 15:22:58 - INFO - Epoch: 222/350, Validation Loss: 1.3132926056198044, Accuracy: 68.69445295740117%
2024-06-27 15:23:05 - INFO - Epoch: 223/350, Training Loss: 0.20533326559462675
2024-06-27 15:23:05 - INFO - Epoch: 223/350, Validation Loss: 1.3142764942318785, Accuracy: 68.69445295740117%
2024-06-27 15:23:12 - INFO - Epoch: 224/350, Training Loss: 0.20614537008691067
2024-06-27 15:23:13 - INFO - Epoch: 224/350, Validation Loss: 1.3493754384564418, Accuracy: 68.64848299111247%
2024-06-27 15:23:19 - INFO - Epoch: 225/350, Training Loss: 0.21757646664684893
2024-06-27 15:23:20 - INFO - Epoch: 225/350, Validation Loss: 1.2683743495567172, Accuracy: 68.84768617836347%
2024-06-27 15:23:27 - INFO - Epoch: 226/350, Training Loss: 0.20898653413443005
2024-06-27 15:23:27 - INFO - Epoch: 226/350, Validation Loss: 1.3284968663664425, Accuracy: 68.63315966901624%
2024-06-27 15:23:34 - INFO - Epoch: 227/350, Training Loss: 0.20748080508600847
2024-06-27 15:23:35 - INFO - Epoch: 227/350, Validation Loss: 1.38281163631701, Accuracy: 68.74042292368986%
2024-06-27 15:23:41 - INFO - Epoch: 228/350, Training Loss: 0.20579830675805902
2024-06-27 15:23:42 - INFO - Epoch: 228/350, Validation Loss: 1.305470075677423, Accuracy: 68.64848299111247%
2024-06-27 15:23:49 - INFO - Epoch: 229/350, Training Loss: 0.20516725910790995
2024-06-27 15:23:49 - INFO - Epoch: 229/350, Validation Loss: 1.350948597870621, Accuracy: 68.64848299111247%
2024-06-27 15:23:56 - INFO - Epoch: 230/350, Training Loss: 0.20644646957881896
2024-06-27 15:23:57 - INFO - Epoch: 230/350, Validation Loss: 1.3269025841180015, Accuracy: 68.57186638063132%
2024-06-27 15:24:03 - INFO - Epoch: 231/350, Training Loss: 0.20614872038291365
2024-06-27 15:24:04 - INFO - Epoch: 231/350, Validation Loss: 1.3892621684308146, Accuracy: 68.32669322709164%
2024-06-27 15:24:11 - INFO - Epoch: 232/350, Training Loss: 0.20580317114717236
2024-06-27 15:24:11 - INFO - Epoch: 232/350, Validation Loss: 1.3167628318655724, Accuracy: 68.67912963530493%
2024-06-27 15:24:18 - INFO - Epoch: 233/350, Training Loss: 0.20550027201134785
2024-06-27 15:24:19 - INFO - Epoch: 233/350, Validation Loss: 1.3059139765945136, Accuracy: 68.63315966901624%
2024-06-27 15:24:25 - INFO - Epoch: 234/350, Training Loss: 0.2054145151895343
2024-06-27 15:24:26 - INFO - Epoch: 234/350, Validation Loss: 1.3416840194487105, Accuracy: 68.67912963530493%
2024-06-27 15:24:32 - INFO - Epoch: 235/350, Training Loss: 0.20494655163629966
2024-06-27 15:24:33 - INFO - Epoch: 235/350, Validation Loss: 1.3310486650934406, Accuracy: 68.72509960159363%
2024-06-27 15:24:40 - INFO - Epoch: 236/350, Training Loss: 0.20420652023498334
2024-06-27 15:24:40 - INFO - Epoch: 236/350, Validation Loss: 1.3246206617822833, Accuracy: 68.74042292368986%
2024-06-27 15:24:47 - INFO - Epoch: 237/350, Training Loss: 0.20510965541881673
2024-06-27 15:24:48 - INFO - Epoch: 237/350, Validation Loss: 1.3854050221396428, Accuracy: 68.67912963530493%
2024-06-27 15:24:54 - INFO - Epoch: 238/350, Training Loss: 0.20665206667035818
2024-06-27 15:24:55 - INFO - Epoch: 238/350, Validation Loss: 1.3428550584643495, Accuracy: 68.75574624578609%
2024-06-27 15:25:01 - INFO - Epoch: 239/350, Training Loss: 0.20959573363264403
2024-06-27 15:25:02 - INFO - Epoch: 239/350, Validation Loss: 1.332034482091081, Accuracy: 68.80171621207478%
2024-06-27 15:25:09 - INFO - Epoch: 240/350, Training Loss: 0.20692105260768942
2024-06-27 15:25:10 - INFO - Epoch: 240/350, Validation Loss: 1.3404372468882917, Accuracy: 68.69445295740117%
2024-06-27 15:25:16 - INFO - Epoch: 241/350, Training Loss: 0.20724020732164966
2024-06-27 15:25:17 - INFO - Epoch: 241/350, Validation Loss: 1.2935868782155655, Accuracy: 68.55654305853508%
2024-06-27 15:25:23 - INFO - Epoch: 242/350, Training Loss: 0.20518868597333922
2024-06-27 15:25:24 - INFO - Epoch: 242/350, Validation Loss: 1.336352277620166, Accuracy: 68.90897946674839%
2024-06-27 15:25:31 - INFO - Epoch: 243/350, Training Loss: 0.20348082480988666
2024-06-27 15:25:32 - INFO - Epoch: 243/350, Validation Loss: 1.3737104657818289, Accuracy: 68.80171621207478%
2024-06-27 15:25:38 - INFO - Epoch: 244/350, Training Loss: 0.20201906528981292
2024-06-27 15:25:39 - INFO - Epoch: 244/350, Validation Loss: 1.4174247524317574, Accuracy: 68.817039534171%
2024-06-27 15:25:45 - INFO - Epoch: 245/350, Training Loss: 0.203495935774317
2024-06-27 15:25:46 - INFO - Epoch: 245/350, Validation Loss: 1.3929926057656605, Accuracy: 68.87833282255593%
2024-06-27 15:25:53 - INFO - Epoch: 246/350, Training Loss: 0.20274456468063826
2024-06-27 15:25:53 - INFO - Epoch: 246/350, Validation Loss: 1.3456396857897441, Accuracy: 68.77106956788232%
2024-06-27 15:26:00 - INFO - Epoch: 247/350, Training Loss: 0.2031762972291486
2024-06-27 15:26:01 - INFO - Epoch: 247/350, Validation Loss: 1.3740066062001621, Accuracy: 68.93962611094085%
2024-06-27 15:26:07 - INFO - Epoch: 248/350, Training Loss: 0.20750433557173786
2024-06-27 15:26:08 - INFO - Epoch: 248/350, Validation Loss: 1.2719105780124664, Accuracy: 68.69445295740117%
2024-06-27 15:26:14 - INFO - Epoch: 249/350, Training Loss: 0.20974023727809682
2024-06-27 15:26:15 - INFO - Epoch: 249/350, Validation Loss: 1.376070715048734, Accuracy: 68.87833282255593%
2024-06-27 15:26:22 - INFO - Epoch: 250/350, Training Loss: 0.20418963805936716
2024-06-27 15:26:23 - INFO - Epoch: 250/350, Validation Loss: 1.2832604786928963, Accuracy: 68.61783634692001%
2024-06-27 15:26:29 - INFO - Epoch: 251/350, Training Loss: 0.20332103660878012
2024-06-27 15:26:30 - INFO - Epoch: 251/350, Validation Loss: 1.4352963695339127, Accuracy: 68.8630095004597%
2024-06-27 15:26:36 - INFO - Epoch: 252/350, Training Loss: 0.20304193349518612
2024-06-27 15:26:37 - INFO - Epoch: 252/350, Validation Loss: 1.3677235572945838, Accuracy: 68.89365614465216%
2024-06-27 15:26:44 - INFO - Epoch: 253/350, Training Loss: 0.2021020151236478
2024-06-27 15:26:45 - INFO - Epoch: 253/350, Validation Loss: 1.376936781055787, Accuracy: 68.87833282255593%
2024-06-27 15:26:51 - INFO - Epoch: 254/350, Training Loss: 0.20245330313257143
2024-06-27 15:26:52 - INFO - Epoch: 254/350, Validation Loss: 1.4438976581190146, Accuracy: 68.84768617836347%
2024-06-27 15:26:58 - INFO - Epoch: 255/350, Training Loss: 0.20112108063025802
2024-06-27 15:26:59 - INFO - Epoch: 255/350, Validation Loss: 1.4267996280801063, Accuracy: 68.95494943303709%
2024-06-27 15:27:06 - INFO - Epoch: 256/350, Training Loss: 0.20123517831020496
2024-06-27 15:27:06 - INFO - Epoch: 256/350, Validation Loss: 1.4266782461428176, Accuracy: 68.93962611094085%
2024-06-27 15:27:13 - INFO - Epoch: 257/350, Training Loss: 0.20087515356420887
2024-06-27 15:27:14 - INFO - Epoch: 257/350, Validation Loss: 1.4629619355295218, Accuracy: 68.95494943303709%
2024-06-27 15:27:20 - INFO - Epoch: 258/350, Training Loss: 0.2002860247796657
2024-06-27 15:27:21 - INFO - Epoch: 258/350, Validation Loss: 1.424033346713758, Accuracy: 68.98559607722954%
2024-06-27 15:27:28 - INFO - Epoch: 259/350, Training Loss: 0.20057829882146097
2024-06-27 15:27:28 - INFO - Epoch: 259/350, Validation Loss: 1.4877347174812765, Accuracy: 68.92430278884463%
2024-06-27 15:27:35 - INFO - Epoch: 260/350, Training Loss: 0.20432500588689365
2024-06-27 15:27:36 - INFO - Epoch: 260/350, Validation Loss: 1.4335695557734545, Accuracy: 68.817039534171%
2024-06-27 15:27:42 - INFO - Epoch: 261/350, Training Loss: 0.20229553204833292
2024-06-27 15:27:43 - INFO - Epoch: 261/350, Validation Loss: 1.4780527429253447, Accuracy: 69.0622126877107%
2024-06-27 15:27:50 - INFO - Epoch: 262/350, Training Loss: 0.20559968001337028
2024-06-27 15:27:50 - INFO - Epoch: 262/350, Validation Loss: 1.3812214334805806, Accuracy: 69.03156604351824%
2024-06-27 15:27:57 - INFO - Epoch: 263/350, Training Loss: 0.20074529664627477
2024-06-27 15:27:58 - INFO - Epoch: 263/350, Validation Loss: 1.4937206909937017, Accuracy: 68.84768617836347%
2024-06-27 15:28:04 - INFO - Epoch: 264/350, Training Loss: 0.2025273259656102
2024-06-27 15:28:05 - INFO - Epoch: 264/350, Validation Loss: 1.4327835931497461, Accuracy: 68.84768617836347%
2024-06-27 15:28:11 - INFO - Epoch: 265/350, Training Loss: 0.20210481564715213
2024-06-27 15:28:12 - INFO - Epoch: 265/350, Validation Loss: 1.4524187170991711, Accuracy: 68.95494943303709%
2024-06-27 15:28:19 - INFO - Epoch: 266/350, Training Loss: 0.20186608805156805
2024-06-27 15:28:19 - INFO - Epoch: 266/350, Validation Loss: 1.4068282930289997, Accuracy: 69.12350597609561%
2024-06-27 15:28:26 - INFO - Epoch: 267/350, Training Loss: 0.2008715180461021
2024-06-27 15:28:27 - INFO - Epoch: 267/350, Validation Loss: 1.51284952081886, Accuracy: 68.817039534171%
2024-06-27 15:28:33 - INFO - Epoch: 268/350, Training Loss: 0.20195984427689337
2024-06-27 15:28:34 - INFO - Epoch: 268/350, Validation Loss: 1.4791336795862984, Accuracy: 68.8630095004597%
2024-06-27 15:28:40 - INFO - Epoch: 269/350, Training Loss: 0.2016382410245783
2024-06-27 15:28:41 - INFO - Epoch: 269/350, Validation Loss: 1.5149841139129563, Accuracy: 68.83236285626724%
2024-06-27 15:28:48 - INFO - Epoch: 270/350, Training Loss: 0.2013896783886879
2024-06-27 15:28:48 - INFO - Epoch: 270/350, Validation Loss: 1.5531303917660433, Accuracy: 68.83236285626724%
2024-06-27 15:28:55 - INFO - Epoch: 271/350, Training Loss: 0.20148753791170962
2024-06-27 15:28:56 - INFO - Epoch: 271/350, Validation Loss: 1.5119120548753178, Accuracy: 68.8630095004597%
2024-06-27 15:29:02 - INFO - Epoch: 272/350, Training Loss: 0.20227297883042517
2024-06-27 15:29:03 - INFO - Epoch: 272/350, Validation Loss: 1.453150257176044, Accuracy: 68.84768617836347%
2024-06-27 15:29:10 - INFO - Epoch: 273/350, Training Loss: 0.20095803844285945
2024-06-27 15:29:10 - INFO - Epoch: 273/350, Validation Loss: 1.5345377033832026, Accuracy: 69.15415262028807%
2024-06-27 15:29:17 - INFO - Epoch: 274/350, Training Loss: 0.20071565485833323
2024-06-27 15:29:18 - INFO - Epoch: 274/350, Validation Loss: 1.5057524127118729, Accuracy: 68.83236285626724%
2024-06-27 15:29:24 - INFO - Epoch: 275/350, Training Loss: 0.2312763728493569
2024-06-27 15:29:25 - INFO - Epoch: 275/350, Validation Loss: 1.1052454750911862, Accuracy: 68.52589641434263%
2024-06-27 15:29:31 - INFO - Epoch: 276/350, Training Loss: 0.2095889853605745
2024-06-27 15:29:32 - INFO - Epoch: 276/350, Validation Loss: 1.4411024199981315, Accuracy: 68.97027275513331%
2024-06-27 15:29:39 - INFO - Epoch: 277/350, Training Loss: 0.20200979472229294
2024-06-27 15:29:39 - INFO - Epoch: 277/350, Validation Loss: 1.4668456473771263, Accuracy: 68.97027275513331%
2024-06-27 15:29:46 - INFO - Epoch: 278/350, Training Loss: 0.20004360109348507
2024-06-27 15:29:47 - INFO - Epoch: 278/350, Validation Loss: 1.5261012380029642, Accuracy: 68.93962611094085%
2024-06-27 15:29:53 - INFO - Epoch: 279/350, Training Loss: 0.1999834719314879
2024-06-27 15:29:54 - INFO - Epoch: 279/350, Validation Loss: 1.5139849121664084, Accuracy: 68.87833282255593%
2024-06-27 15:30:00 - INFO - Epoch: 280/350, Training Loss: 0.19919689901757473
2024-06-27 15:30:01 - INFO - Epoch: 280/350, Validation Loss: 1.4986016177663617, Accuracy: 68.90897946674839%
2024-06-27 15:30:08 - INFO - Epoch: 281/350, Training Loss: 0.19871942341035487
2024-06-27 15:30:09 - INFO - Epoch: 281/350, Validation Loss: 1.58242100185039, Accuracy: 68.97027275513331%
2024-06-27 15:30:15 - INFO - Epoch: 282/350, Training Loss: 0.19939431049587095
2024-06-27 15:30:16 - INFO - Epoch: 282/350, Validation Loss: 1.4281959714842778, Accuracy: 68.75574624578609%
2024-06-27 15:30:22 - INFO - Epoch: 283/350, Training Loss: 0.20033411265296094
2024-06-27 15:30:23 - INFO - Epoch: 283/350, Validation Loss: 1.5917361396200516, Accuracy: 68.87833282255593%
2024-06-27 15:30:30 - INFO - Epoch: 284/350, Training Loss: 0.20198570027509155
2024-06-27 15:30:30 - INFO - Epoch: 284/350, Validation Loss: 1.5720502845212525, Accuracy: 68.77106956788232%
2024-06-27 15:30:37 - INFO - Epoch: 285/350, Training Loss: 0.20467822352314696
2024-06-27 15:30:38 - INFO - Epoch: 285/350, Validation Loss: 1.535972972126568, Accuracy: 68.75574624578609%
2024-06-27 15:30:44 - INFO - Epoch: 286/350, Training Loss: 0.2049371198404069
2024-06-27 15:30:45 - INFO - Epoch: 286/350, Validation Loss: 1.5635983938095617, Accuracy: 68.90897946674839%
2024-06-27 15:30:52 - INFO - Epoch: 287/350, Training Loss: 0.2022303963518318
2024-06-27 15:30:53 - INFO - Epoch: 287/350, Validation Loss: 1.5312669972578685, Accuracy: 69.07753600980692%
2024-06-27 15:30:59 - INFO - Epoch: 288/350, Training Loss: 0.20425323252657465
2024-06-27 15:31:00 - INFO - Epoch: 288/350, Validation Loss: 1.5576235482505723, Accuracy: 69.04688936561446%
2024-06-27 15:31:06 - INFO - Epoch: 289/350, Training Loss: 0.20097608926395574
2024-06-27 15:31:07 - INFO - Epoch: 289/350, Validation Loss: 1.549961257798999, Accuracy: 69.03156604351824%
2024-06-27 15:31:14 - INFO - Epoch: 290/350, Training Loss: 0.21625036203905063
2024-06-27 15:31:15 - INFO - Epoch: 290/350, Validation Loss: 1.4843286755038243, Accuracy: 68.92430278884463%
2024-06-27 15:31:21 - INFO - Epoch: 291/350, Training Loss: 0.20606124791882785
2024-06-27 15:31:22 - INFO - Epoch: 291/350, Validation Loss: 1.473641153644113, Accuracy: 68.84768617836347%
2024-06-27 15:31:29 - INFO - Epoch: 292/350, Training Loss: 0.2008877468898016
2024-06-27 15:31:29 - INFO - Epoch: 292/350, Validation Loss: 1.5611376516959246, Accuracy: 68.98559607722954%
2024-06-27 15:31:36 - INFO - Epoch: 293/350, Training Loss: 0.19935155616087072
2024-06-27 15:31:37 - INFO - Epoch: 293/350, Validation Loss: 1.582620967836941, Accuracy: 69.03156604351824%
2024-06-27 15:31:43 - INFO - Epoch: 294/350, Training Loss: 0.19792788221920823
2024-06-27 15:31:44 - INFO - Epoch: 294/350, Validation Loss: 1.6538741173697453, Accuracy: 69.00091939932577%
2024-06-27 15:31:50 - INFO - Epoch: 295/350, Training Loss: 0.19860152717606694
2024-06-27 15:31:51 - INFO - Epoch: 295/350, Validation Loss: 1.5741196467595941, Accuracy: 69.00091939932577%
2024-06-27 15:31:58 - INFO - Epoch: 296/350, Training Loss: 0.19757131980184248
2024-06-27 15:31:59 - INFO - Epoch: 296/350, Validation Loss: 1.6675302573278838, Accuracy: 69.07753600980692%
2024-06-27 15:32:05 - INFO - Epoch: 297/350, Training Loss: 0.19906500285016557
2024-06-27 15:32:06 - INFO - Epoch: 297/350, Validation Loss: 1.6603482990872627, Accuracy: 69.016242721422%
2024-06-27 15:32:12 - INFO - Epoch: 298/350, Training Loss: 0.2007767372198549
2024-06-27 15:32:13 - INFO - Epoch: 298/350, Validation Loss: 1.5207087076177783, Accuracy: 69.27673919705792%
2024-06-27 15:32:20 - INFO - Epoch: 299/350, Training Loss: 0.20062864398328112
2024-06-27 15:32:21 - INFO - Epoch: 299/350, Validation Loss: 1.6367537052023644, Accuracy: 68.98559607722954%
2024-06-27 15:32:27 - INFO - Epoch: 300/350, Training Loss: 0.19921591490799306
2024-06-27 15:32:28 - INFO - Epoch: 300/350, Validation Loss: 1.571409850728278, Accuracy: 69.03156604351824%
2024-06-27 15:32:34 - INFO - Epoch: 301/350, Training Loss: 0.1989435580394724
2024-06-27 15:32:35 - INFO - Epoch: 301/350, Validation Loss: 1.6159503781328015, Accuracy: 69.42997241802023%
2024-06-27 15:32:42 - INFO - Epoch: 302/350, Training Loss: 0.22480621134095333
2024-06-27 15:32:43 - INFO - Epoch: 302/350, Validation Loss: 1.4261670182732975, Accuracy: 68.87833282255593%
2024-06-27 15:32:49 - INFO - Epoch: 303/350, Training Loss: 0.21109396060380867
2024-06-27 15:32:50 - INFO - Epoch: 303/350, Validation Loss: 1.4601719379425049, Accuracy: 69.04688936561446%
2024-06-27 15:32:56 - INFO - Epoch: 304/350, Training Loss: 0.2020593623575919
2024-06-27 15:32:57 - INFO - Epoch: 304/350, Validation Loss: 1.5382916062485938, Accuracy: 69.09285933190316%
2024-06-27 15:33:04 - INFO - Epoch: 305/350, Training Loss: 0.2004600037071927
2024-06-27 15:33:05 - INFO - Epoch: 305/350, Validation Loss: 1.5384974129059736, Accuracy: 69.016242721422%
2024-06-27 15:33:11 - INFO - Epoch: 306/350, Training Loss: 0.20041320871050453
2024-06-27 15:33:12 - INFO - Epoch: 306/350, Validation Loss: 1.5360730892302943, Accuracy: 69.00091939932577%
2024-06-27 15:33:19 - INFO - Epoch: 307/350, Training Loss: 0.19821239069250285
2024-06-27 15:33:20 - INFO - Epoch: 307/350, Validation Loss: 1.6231389045715332, Accuracy: 69.04688936561446%
2024-06-27 15:33:26 - INFO - Epoch: 308/350, Training Loss: 0.20322386124262623
2024-06-27 15:33:27 - INFO - Epoch: 308/350, Validation Loss: 1.5354131869241303, Accuracy: 69.016242721422%
2024-06-27 15:33:34 - INFO - Epoch: 309/350, Training Loss: 0.20198128381561414
2024-06-27 15:33:35 - INFO - Epoch: 309/350, Validation Loss: 1.4963256687510247, Accuracy: 68.97027275513331%
2024-06-27 15:33:41 - INFO - Epoch: 310/350, Training Loss: 0.202293417982611
2024-06-27 15:33:42 - INFO - Epoch: 310/350, Validation Loss: 1.4751543694851446, Accuracy: 69.20012258657677%
2024-06-27 15:33:48 - INFO - Epoch: 311/350, Training Loss: 0.20188099995036335
2024-06-27 15:33:49 - INFO - Epoch: 311/350, Validation Loss: 1.579680065313975, Accuracy: 68.95494943303709%
2024-06-27 15:33:56 - INFO - Epoch: 312/350, Training Loss: 0.1982609952489535
2024-06-27 15:33:56 - INFO - Epoch: 312/350, Validation Loss: 1.6251168893832786, Accuracy: 69.15415262028807%
2024-06-27 15:34:03 - INFO - Epoch: 313/350, Training Loss: 0.19885852144044988
2024-06-27 15:34:04 - INFO - Epoch: 313/350, Validation Loss: 1.6596331987895219, Accuracy: 69.03156604351824%
2024-06-27 15:34:10 - INFO - Epoch: 314/350, Training Loss: 0.20174254725376764
2024-06-27 15:34:11 - INFO - Epoch: 314/350, Validation Loss: 1.487505167722702, Accuracy: 68.72509960159363%
2024-06-27 15:34:17 - INFO - Epoch: 315/350, Training Loss: 0.20160167326456777
2024-06-27 15:34:18 - INFO - Epoch: 315/350, Validation Loss: 1.6345314027047624, Accuracy: 69.07753600980692%
2024-06-27 15:34:25 - INFO - Epoch: 316/350, Training Loss: 0.19969713435891798
2024-06-27 15:34:26 - INFO - Epoch: 316/350, Validation Loss: 1.6028858475825365, Accuracy: 69.03156604351824%
2024-06-27 15:34:32 - INFO - Epoch: 317/350, Training Loss: 0.19846543392129973
2024-06-27 15:34:33 - INFO - Epoch: 317/350, Validation Loss: 1.6165337872271444, Accuracy: 69.03156604351824%
2024-06-27 15:34:39 - INFO - Epoch: 318/350, Training Loss: 0.19802442765520775
2024-06-27 15:34:39 - INFO - Epoch: 318/350, Validation Loss: 1.6304562167794097, Accuracy: 69.00091939932577%
2024-06-27 15:34:42 - INFO - Epoch: 319/350, Training Loss: 0.19921562948501578
2024-06-27 15:34:43 - INFO - Epoch: 319/350, Validation Loss: 1.6158448440187119, Accuracy: 68.98559607722954%
2024-06-27 15:34:46 - INFO - Epoch: 320/350, Training Loss: 0.19816543116215982
2024-06-27 15:34:47 - INFO - Epoch: 320/350, Validation Loss: 1.666685519849553, Accuracy: 68.98559607722954%
2024-06-27 15:34:50 - INFO - Epoch: 321/350, Training Loss: 0.20077345712000833
2024-06-27 15:34:51 - INFO - Epoch: 321/350, Validation Loss: 1.590588519970576, Accuracy: 68.93962611094085%
2024-06-27 15:34:54 - INFO - Epoch: 322/350, Training Loss: 0.19977978830609253
2024-06-27 15:34:55 - INFO - Epoch: 322/350, Validation Loss: 1.6238459319460625, Accuracy: 69.016242721422%
2024-06-27 15:34:58 - INFO - Epoch: 323/350, Training Loss: 0.1977920329344331
2024-06-27 15:34:58 - INFO - Epoch: 323/350, Validation Loss: 1.6088996085466123, Accuracy: 69.23076923076923%
2024-06-27 15:35:02 - INFO - Epoch: 324/350, Training Loss: 0.19788164588823623
2024-06-27 15:35:02 - INFO - Epoch: 324/350, Validation Loss: 1.6972307235586876, Accuracy: 69.12350597609561%
2024-06-27 15:35:09 - INFO - Epoch: 325/350, Training Loss: 0.1989180805782477
2024-06-27 15:35:09 - INFO - Epoch: 325/350, Validation Loss: 1.7143366991304885, Accuracy: 68.98559607722954%
2024-06-27 15:35:13 - INFO - Epoch: 326/350, Training Loss: 0.1976701989952548
2024-06-27 15:35:13 - INFO - Epoch: 326/350, Validation Loss: 1.6726132304060692, Accuracy: 68.98559607722954%
2024-06-27 15:35:17 - INFO - Epoch: 327/350, Training Loss: 0.19775203535077618
2024-06-27 15:35:17 - INFO - Epoch: 327/350, Validation Loss: 1.6725495177156784, Accuracy: 69.10818265399939%
2024-06-27 15:35:20 - INFO - Epoch: 328/350, Training Loss: 0.19768508423265874
2024-06-27 15:35:21 - INFO - Epoch: 328/350, Validation Loss: 1.713042328755061, Accuracy: 69.07753600980692%
2024-06-27 15:35:24 - INFO - Epoch: 329/350, Training Loss: 0.19967865960343795
2024-06-27 15:35:25 - INFO - Epoch: 329/350, Validation Loss: 1.565018099897048, Accuracy: 69.09285933190316%
2024-06-27 15:35:28 - INFO - Epoch: 330/350, Training Loss: 0.2021128041487114
2024-06-27 15:35:29 - INFO - Epoch: 330/350, Validation Loss: 1.6195998279487385, Accuracy: 69.09285933190316%
2024-06-27 15:35:32 - INFO - Epoch: 331/350, Training Loss: 0.20252365304851064
2024-06-27 15:35:33 - INFO - Epoch: 331/350, Validation Loss: 1.5145751559266858, Accuracy: 68.87833282255593%
2024-06-27 15:35:39 - INFO - Epoch: 332/350, Training Loss: 0.21669371289146297
2024-06-27 15:35:40 - INFO - Epoch: 332/350, Validation Loss: 1.465561495107763, Accuracy: 68.25007661661049%
2024-06-27 15:35:43 - INFO - Epoch: 333/350, Training Loss: 0.21005008977783077
2024-06-27 15:35:44 - INFO - Epoch: 333/350, Validation Loss: 1.493351967895732, Accuracy: 68.25007661661049%
2024-06-27 15:35:47 - INFO - Epoch: 334/350, Training Loss: 0.2052828631016846
2024-06-27 15:35:48 - INFO - Epoch: 334/350, Validation Loss: 1.5866920240953857, Accuracy: 68.67912963530493%
2024-06-27 15:35:51 - INFO - Epoch: 335/350, Training Loss: 0.20487347091822064
2024-06-27 15:35:51 - INFO - Epoch: 335/350, Validation Loss: 1.6589131285162533, Accuracy: 68.61783634692001%
2024-06-27 15:35:55 - INFO - Epoch: 336/350, Training Loss: 0.20248155913078317
2024-06-27 15:35:55 - INFO - Epoch: 336/350, Validation Loss: 1.6340893647250008, Accuracy: 68.63315966901624%
2024-06-27 15:35:59 - INFO - Epoch: 337/350, Training Loss: 0.20022879800229682
2024-06-27 15:35:59 - INFO - Epoch: 337/350, Validation Loss: 1.7393736348432653, Accuracy: 68.92430278884463%
2024-06-27 15:36:03 - INFO - Epoch: 338/350, Training Loss: 0.19956977146805502
2024-06-27 15:36:03 - INFO - Epoch: 338/350, Validation Loss: 1.6684448403470657, Accuracy: 69.29206251915416%
2024-06-27 15:36:07 - INFO - Epoch: 339/350, Training Loss: 0.203502564599701
2024-06-27 15:36:07 - INFO - Epoch: 339/350, Validation Loss: 1.6567778119853898, Accuracy: 69.23076923076923%
2024-06-27 15:36:11 - INFO - Epoch: 340/350, Training Loss: 0.20673486458904602
2024-06-27 15:36:11 - INFO - Epoch: 340/350, Validation Loss: 1.5896814471366358, Accuracy: 69.03156604351824%
2024-06-27 15:36:14 - INFO - Epoch: 341/350, Training Loss: 0.1993218244181252
2024-06-27 15:36:15 - INFO - Epoch: 341/350, Validation Loss: 1.559223428660748, Accuracy: 69.16947594238431%
2024-06-27 15:36:18 - INFO - Epoch: 342/350, Training Loss: 0.197526731144856
2024-06-27 15:36:19 - INFO - Epoch: 342/350, Validation Loss: 1.6846396642572739, Accuracy: 69.16947594238431%
2024-06-27 15:36:22 - INFO - Epoch: 343/350, Training Loss: 0.1973112298760052
2024-06-27 15:36:22 - INFO - Epoch: 343/350, Validation Loss: 1.7362452511693918, Accuracy: 69.0622126877107%
2024-06-27 15:36:26 - INFO - Epoch: 344/350, Training Loss: 0.19695438347829908
2024-06-27 15:36:26 - INFO - Epoch: 344/350, Validation Loss: 1.627702070801866, Accuracy: 69.27673919705792%
2024-06-27 15:36:29 - INFO - Epoch: 345/350, Training Loss: 0.19612018630712055
2024-06-27 15:36:30 - INFO - Epoch: 345/350, Validation Loss: 1.7438963125733768, Accuracy: 69.04688936561446%
2024-06-27 15:36:33 - INFO - Epoch: 346/350, Training Loss: 0.19782738128275262
2024-06-27 15:36:34 - INFO - Epoch: 346/350, Validation Loss: 1.6803334776092977, Accuracy: 69.32270916334662%
2024-06-27 15:36:40 - INFO - Epoch: 347/350, Training Loss: 0.19773525786677412
2024-06-27 15:36:40 - INFO - Epoch: 347/350, Validation Loss: 1.6812064098376853, Accuracy: 69.03156604351824%
2024-06-27 15:36:44 - INFO - Epoch: 348/350, Training Loss: 0.19761639995975236
2024-06-27 15:36:44 - INFO - Epoch: 348/350, Validation Loss: 1.7084569428481309, Accuracy: 69.12350597609561%
2024-06-27 15:36:48 - INFO - Epoch: 349/350, Training Loss: 0.19718435861389427
2024-06-27 15:36:48 - INFO - Epoch: 349/350, Validation Loss: 1.7247066661423327, Accuracy: 69.26141587496168%
2024-06-27 15:36:52 - INFO - Epoch: 350/350, Training Loss: 0.19782701686170756
2024-06-27 15:36:52 - INFO - Epoch: 350/350, Validation Loss: 1.7451926598361893, Accuracy: 69.12350597609561%
2024-06-27 15:36:52 - INFO - Finished training model.
2024-06-27 15:36:54 - INFO - Model saved to lstm_classifier2.pth and vocabulary saved to vocab.pkl
