2024-06-19 08:16:16 - INFO - This log entry will go into a uniquely named file for this run.
2024-06-19 08:16:16 - INFO - Starting LSTM model training...
2024-06-19 08:16:16 - INFO - Optimizer=Adam
2024-06-19 08:16:16 - INFO - epochs=800
2024-06-19 08:16:16 - INFO - batch_size=32
2024-06-19 08:16:16 - INFO - File=codeExamples.txt
2024-06-19 08:16:16 - INFO - Learning Rate=0.001
2024-06-19 08:16:19 - INFO - Starting LSTM model training...
2024-06-19 08:16:23 - INFO - Epoch 1/800, Loss: 1.491936116489424
2024-06-19 08:16:29 - INFO - Epoch 2/800, Loss: 1.3866686688436767
2024-06-19 08:16:36 - INFO - Epoch 3/800, Loss: 1.4482279748191385
2024-06-19 08:16:42 - INFO - Epoch 4/800, Loss: 1.3891622266393489
2024-06-19 08:16:49 - INFO - Epoch 5/800, Loss: 1.3171637476679172
2024-06-19 08:16:56 - INFO - Epoch 6/800, Loss: 1.3860584851150892
2024-06-19 08:17:03 - INFO - Epoch 7/800, Loss: 1.3351050815239602
2024-06-19 08:17:09 - INFO - Epoch 8/800, Loss: 1.3025735807137326
2024-06-19 08:17:16 - INFO - Epoch 9/800, Loss: 1.3132293453078243
2024-06-19 08:17:23 - INFO - Epoch 10/800, Loss: 1.37242071240571
2024-06-19 08:17:29 - INFO - Epoch 11/800, Loss: 1.298585537797331
2024-06-19 08:17:36 - INFO - Epoch 12/800, Loss: 1.294162513992197
2024-06-19 08:17:43 - INFO - Epoch 13/800, Loss: 1.3092563920443745
2024-06-19 08:17:49 - INFO - Epoch 14/800, Loss: 1.283757026738681
2024-06-19 08:17:56 - INFO - Epoch 15/800, Loss: 1.2847988291309396
2024-06-19 08:18:03 - INFO - Epoch 16/800, Loss: 1.3147949495226006
2024-06-19 08:18:09 - INFO - Epoch 17/800, Loss: 1.2744438003054093
2024-06-19 08:18:16 - INFO - Epoch 18/800, Loss: 1.5613654746906431
2024-06-19 08:18:23 - INFO - Epoch 19/800, Loss: 1.2906219045448595
2024-06-19 08:18:29 - INFO - Epoch 20/800, Loss: 1.2790720512947544
2024-06-19 08:18:36 - INFO - Epoch 21/800, Loss: 1.2983068017310602
2024-06-19 08:18:43 - INFO - Epoch 22/800, Loss: 1.2760376523230712
2024-06-19 08:18:49 - INFO - Epoch 23/800, Loss: 1.358011808543005
2024-06-19 08:18:56 - INFO - Epoch 24/800, Loss: 1.3046457422598077
2024-06-19 08:19:03 - INFO - Epoch 25/800, Loss: 1.3142443289568593
2024-06-19 08:19:09 - INFO - Epoch 26/800, Loss: 1.296935275404134
2024-06-19 08:19:16 - INFO - Epoch 27/800, Loss: 1.268013864399604
2024-06-19 08:19:23 - INFO - Epoch 28/800, Loss: 1.2767357087221758
2024-06-19 08:19:29 - INFO - Epoch 29/800, Loss: 1.2892147804389342
2024-06-19 08:19:36 - INFO - Epoch 30/800, Loss: 1.341782650898586
2024-06-19 08:19:43 - INFO - Epoch 31/800, Loss: 1.3184017514836721
2024-06-19 08:19:49 - INFO - Epoch 32/800, Loss: 1.3055152062652047
2024-06-19 08:19:56 - INFO - Epoch 33/800, Loss: 1.3155428283867219
2024-06-19 08:20:03 - INFO - Epoch 34/800, Loss: 1.3033561830445712
2024-06-19 08:20:10 - INFO - Epoch 35/800, Loss: 1.3018456211882712
2024-06-19 08:20:16 - INFO - Epoch 36/800, Loss: 1.3059747217478725
2024-06-19 08:20:23 - INFO - Epoch 37/800, Loss: 1.2757950070368353
2024-06-19 08:20:29 - INFO - Epoch 38/800, Loss: 1.2979695709802415
2024-06-19 08:20:36 - INFO - Epoch 39/800, Loss: 1.3133506168964733
2024-06-19 08:20:43 - INFO - Epoch 40/800, Loss: 1.2972558007182444
2024-06-19 08:20:50 - INFO - Epoch 41/800, Loss: 1.272826443211457
2024-06-19 08:20:56 - INFO - Epoch 42/800, Loss: 1.36634258702948
2024-06-19 08:21:03 - INFO - Epoch 43/800, Loss: 1.277931942992068
2024-06-19 08:21:10 - INFO - Epoch 44/800, Loss: 1.316945941778582
2024-06-19 08:21:17 - INFO - Epoch 45/800, Loss: 1.2931933126810653
2024-06-19 08:21:23 - INFO - Epoch 46/800, Loss: 1.278466907814502
2024-06-19 08:21:30 - INFO - Epoch 47/800, Loss: 1.2845807186381253
2024-06-19 08:21:36 - INFO - Epoch 48/800, Loss: 1.2964222287996507
2024-06-19 08:21:43 - INFO - Epoch 49/800, Loss: 1.3346102506951607
2024-06-19 08:21:50 - INFO - Epoch 50/800, Loss: 1.2782961836099702
2024-06-19 08:21:57 - INFO - Epoch 51/800, Loss: 1.6543475494155135
2024-06-19 08:22:04 - INFO - Epoch 52/800, Loss: 1.3191150992683458
2024-06-19 08:22:11 - INFO - Epoch 53/800, Loss: 1.2661793999152609
2024-06-19 08:22:17 - INFO - Epoch 54/800, Loss: 1.299456172705816
2024-06-19 08:22:24 - INFO - Epoch 55/800, Loss: 1.289472931510694
2024-06-19 08:22:31 - INFO - Epoch 56/800, Loss: 1.3121720980895268
2024-06-19 08:22:38 - INFO - Epoch 57/800, Loss: 1.2905173154409886
2024-06-19 08:22:44 - INFO - Epoch 58/800, Loss: 1.3135991221452166
2024-06-19 08:22:51 - INFO - Epoch 59/800, Loss: 1.3039512918211895
2024-06-19 08:22:58 - INFO - Epoch 60/800, Loss: 1.2652728810157647
2024-06-19 08:23:04 - INFO - Epoch 61/800, Loss: 1.267030281213317
2024-06-19 08:23:11 - INFO - Epoch 62/800, Loss: 1.2880504110371147
2024-06-19 08:23:18 - INFO - Epoch 63/800, Loss: 1.2635895896921019
2024-06-19 08:23:24 - INFO - Epoch 64/800, Loss: 1.269789311824104
2024-06-19 08:23:31 - INFO - Epoch 65/800, Loss: 1.3045613576260613
2024-06-19 08:23:38 - INFO - Epoch 66/800, Loss: 1.2813977928489222
2024-06-19 08:23:45 - INFO - Epoch 67/800, Loss: 1.2857351853902583
2024-06-19 08:23:51 - INFO - Epoch 68/800, Loss: 1.2834403753690693
2024-06-19 08:23:58 - INFO - Epoch 69/800, Loss: 1.2793346839553337
2024-06-19 08:24:05 - INFO - Epoch 70/800, Loss: 1.296749576178853
2024-06-19 08:24:11 - INFO - Epoch 71/800, Loss: 1.2595169462763338
2024-06-19 08:24:18 - INFO - Epoch 72/800, Loss: 1.2950019940601611
2024-06-19 08:24:25 - INFO - Epoch 73/800, Loss: 1.2874613873536231
2024-06-19 08:24:31 - INFO - Epoch 74/800, Loss: 1.2830540284348881
2024-06-19 08:24:38 - INFO - Epoch 75/800, Loss: 1.2876796804755346
2024-06-19 08:24:45 - INFO - Epoch 76/800, Loss: 1.2879689778210157
2024-06-19 08:24:52 - INFO - Epoch 77/800, Loss: 1.3036817580327127
2024-06-19 08:24:59 - INFO - Epoch 78/800, Loss: 1.3249474437766642
2024-06-19 08:25:05 - INFO - Epoch 79/800, Loss: 1.2802593802129054
2024-06-19 08:25:12 - INFO - Epoch 80/800, Loss: 1.3060242200902952
2024-06-19 08:25:19 - INFO - Epoch 81/800, Loss: 1.3120642095320738
2024-06-19 08:25:25 - INFO - Epoch 82/800, Loss: 1.372262643148603
2024-06-19 08:25:32 - INFO - Epoch 83/800, Loss: 1.3822168317714651
2024-06-19 08:25:39 - INFO - Epoch 84/800, Loss: 1.266106390013265
2024-06-19 08:25:45 - INFO - Epoch 85/800, Loss: 1.3302925455183994
2024-06-19 08:25:52 - INFO - Epoch 86/800, Loss: 1.2836430173413844
2024-06-19 08:25:59 - INFO - Epoch 87/800, Loss: 1.3268054808022305
2024-06-19 08:26:06 - INFO - Epoch 88/800, Loss: 1.2846572500544602
2024-06-19 08:26:12 - INFO - Epoch 89/800, Loss: 1.285190219283575
2024-06-19 08:26:19 - INFO - Epoch 90/800, Loss: 1.2677961479795754
2024-06-19 08:26:25 - INFO - Epoch 91/800, Loss: 1.2992929296004125
2024-06-19 08:26:32 - INFO - Epoch 92/800, Loss: 1.274586304019963
2024-06-19 08:26:39 - INFO - Epoch 93/800, Loss: 1.2830085380469796
2024-06-19 08:26:45 - INFO - Epoch 94/800, Loss: 1.2927604741793721
2024-06-19 08:26:52 - INFO - Epoch 95/800, Loss: 1.2891272502409188
2024-06-19 08:26:59 - INFO - Epoch 96/800, Loss: 1.2716094580775208
2024-06-19 08:27:05 - INFO - Epoch 97/800, Loss: 1.2657387636199144
2024-06-19 08:27:12 - INFO - Epoch 98/800, Loss: 1.294079912399828
2024-06-19 08:27:18 - INFO - Epoch 99/800, Loss: 1.3084605588787952
2024-06-19 08:27:25 - INFO - Epoch 100/800, Loss: 1.291958271019164
2024-06-19 08:27:32 - INFO - Epoch 101/800, Loss: 1.3129365947718334
2024-06-19 08:27:38 - INFO - Epoch 102/800, Loss: 1.2711033393929638
2024-06-19 08:27:45 - INFO - Epoch 103/800, Loss: 1.3067449559029667
2024-06-19 08:27:52 - INFO - Epoch 104/800, Loss: 1.2851285019972853
2024-06-19 08:27:58 - INFO - Epoch 105/800, Loss: 1.282344564469252
2024-06-19 08:28:05 - INFO - Epoch 106/800, Loss: 1.3292758938259135
2024-06-19 08:28:11 - INFO - Epoch 107/800, Loss: 1.285024748372493
2024-06-19 08:28:18 - INFO - Epoch 108/800, Loss: 1.2792411658220066
2024-06-19 08:28:25 - INFO - Epoch 109/800, Loss: 1.2935405920247056
2024-06-19 08:28:31 - INFO - Epoch 110/800, Loss: 1.3145983547965547
2024-06-19 08:28:38 - INFO - Epoch 111/800, Loss: 1.4013366417279056
2024-06-19 08:28:45 - INFO - Epoch 112/800, Loss: 1.312414026208288
2024-06-19 08:28:51 - INFO - Epoch 113/800, Loss: 1.300750509746037
2024-06-19 08:28:58 - INFO - Epoch 114/800, Loss: 1.2950349689244791
2024-06-19 08:29:04 - INFO - Epoch 115/800, Loss: 1.2517397447825531
2024-06-19 08:29:11 - INFO - Epoch 116/800, Loss: 1.2680801914109847
2024-06-19 08:29:18 - INFO - Epoch 117/800, Loss: 1.2685210137433078
2024-06-19 08:29:24 - INFO - Epoch 118/800, Loss: 1.277615606721096
2024-06-19 08:29:31 - INFO - Epoch 119/800, Loss: 1.3027496697574303
2024-06-19 08:29:38 - INFO - Epoch 120/800, Loss: 1.275548061444349
2024-06-19 08:29:44 - INFO - Epoch 121/800, Loss: 1.2931533976478489
2024-06-19 08:29:51 - INFO - Epoch 122/800, Loss: 1.2784076656683694
2024-06-19 08:29:57 - INFO - Epoch 123/800, Loss: 1.265803665162374
2024-06-19 08:30:04 - INFO - Epoch 124/800, Loss: 1.3110668083472503
2024-06-19 08:30:11 - INFO - Epoch 125/800, Loss: 1.2714623960497566
2024-06-19 08:30:17 - INFO - Epoch 126/800, Loss: 1.3433635201308094
2024-06-19 08:30:24 - INFO - Epoch 127/800, Loss: 1.3405854163717117
2024-06-19 08:30:31 - INFO - Epoch 128/800, Loss: 1.2827761515421565
2024-06-19 08:30:37 - INFO - Epoch 129/800, Loss: 1.3016373927094629
2024-06-19 08:30:44 - INFO - Epoch 130/800, Loss: 1.2752201779364254
2024-06-19 08:30:51 - INFO - Epoch 131/800, Loss: 1.2662576738164353
2024-06-19 08:30:57 - INFO - Epoch 132/800, Loss: 1.2588272162108376
2024-06-19 08:31:04 - INFO - Epoch 133/800, Loss: 1.2873624644064257
2024-06-19 08:31:11 - INFO - Epoch 134/800, Loss: 1.2654975157471617
2024-06-19 08:31:17 - INFO - Epoch 135/800, Loss: 1.297838768195237
2024-06-19 08:31:24 - INFO - Epoch 136/800, Loss: 1.2820317274755122
2024-06-19 08:31:30 - INFO - Epoch 137/800, Loss: 1.2809432167746013
2024-06-19 08:31:37 - INFO - Epoch 138/800, Loss: 1.276348539743719
2024-06-19 08:31:44 - INFO - Epoch 139/800, Loss: 1.3047874146124445
2024-06-19 08:31:51 - INFO - Epoch 140/800, Loss: 1.3081433119503671
2024-06-19 08:31:57 - INFO - Epoch 141/800, Loss: 1.2909949008587187
2024-06-19 08:32:04 - INFO - Epoch 142/800, Loss: 1.2571932985677006
2024-06-19 08:32:10 - INFO - Epoch 143/800, Loss: 1.3174502120015568
2024-06-19 08:32:17 - INFO - Epoch 144/800, Loss: 1.3280233174018026
2024-06-19 08:32:24 - INFO - Epoch 145/800, Loss: 1.2792058234344892
2024-06-19 08:32:30 - INFO - Epoch 146/800, Loss: 1.2644608405789743
2024-06-19 08:32:37 - INFO - Epoch 147/800, Loss: 1.27377622008839
2024-06-19 08:32:44 - INFO - Epoch 148/800, Loss: 1.293424694844992
2024-06-19 08:32:50 - INFO - Epoch 149/800, Loss: 1.2759992153925062
2024-06-19 08:32:57 - INFO - Epoch 150/800, Loss: 1.2608363660415978
2024-06-19 08:33:04 - INFO - Epoch 151/800, Loss: 1.261325610735169
2024-06-19 08:33:10 - INFO - Epoch 152/800, Loss: 1.2617851091728978
2024-06-19 08:33:17 - INFO - Epoch 153/800, Loss: 1.2550754577651524
2024-06-19 08:33:24 - INFO - Epoch 154/800, Loss: 1.2718329420538785
2024-06-19 08:33:30 - INFO - Epoch 155/800, Loss: 1.4570946517651402
2024-06-19 08:33:37 - INFO - Epoch 156/800, Loss: 1.2679517667274598
2024-06-19 08:33:43 - INFO - Epoch 157/800, Loss: 1.2890368442358524
2024-06-19 08:33:50 - INFO - Epoch 158/800, Loss: 1.2927059323663677
2024-06-19 08:33:57 - INFO - Epoch 159/800, Loss: 1.2500332420531584
2024-06-19 08:34:03 - INFO - Epoch 160/800, Loss: 1.293805610239769
2024-06-19 08:34:10 - INFO - Epoch 161/800, Loss: 1.2548676983213976
2024-06-19 08:34:17 - INFO - Epoch 162/800, Loss: 1.2760180581847822
2024-06-19 08:34:23 - INFO - Epoch 163/800, Loss: 1.2683761340939106
2024-06-19 08:34:30 - INFO - Epoch 164/800, Loss: 1.2939221794588742
2024-06-19 08:34:37 - INFO - Epoch 165/800, Loss: 1.324874019531926
2024-06-19 08:34:43 - INFO - Epoch 166/800, Loss: 1.3106826281096486
2024-06-19 08:34:50 - INFO - Epoch 167/800, Loss: 1.288042992964364
2024-06-19 08:34:57 - INFO - Epoch 168/800, Loss: 1.299713232945804
2024-06-19 08:35:03 - INFO - Epoch 169/800, Loss: 1.2878597814856239
2024-06-19 08:35:10 - INFO - Epoch 170/800, Loss: 1.3711656009791282
2024-06-19 08:35:16 - INFO - Epoch 171/800, Loss: 1.2928135752683458
2024-06-19 08:35:23 - INFO - Epoch 172/800, Loss: 1.2852374277525809
2024-06-19 08:35:30 - INFO - Epoch 173/800, Loss: 1.2924050583985927
2024-06-19 08:35:36 - INFO - Epoch 174/800, Loss: 1.2879054498756712
2024-06-19 08:35:43 - INFO - Epoch 175/800, Loss: 1.3035753421169918
2024-06-19 08:35:50 - INFO - Epoch 176/800, Loss: 1.272840888581227
2024-06-19 08:35:56 - INFO - Epoch 177/800, Loss: 1.2904543638207204
2024-06-19 08:36:03 - INFO - Epoch 178/800, Loss: 1.2658119238454173
2024-06-19 08:36:09 - INFO - Epoch 179/800, Loss: 1.2712277119691548
2024-06-19 08:36:16 - INFO - Epoch 180/800, Loss: 1.3015572825374948
2024-06-19 08:36:23 - INFO - Epoch 181/800, Loss: 1.2723417529245027
2024-06-19 08:36:29 - INFO - Epoch 182/800, Loss: 1.2811307186739707
2024-06-19 08:36:36 - INFO - Epoch 183/800, Loss: 1.3024982179950617
2024-06-19 08:36:43 - INFO - Epoch 184/800, Loss: 1.2656924999591967
2024-06-19 08:36:49 - INFO - Epoch 185/800, Loss: 1.2811402282704647
2024-06-19 08:36:56 - INFO - Epoch 186/800, Loss: 1.286047404294388
2024-06-19 08:37:02 - INFO - Epoch 187/800, Loss: 1.3084483400679185
2024-06-19 08:37:09 - INFO - Epoch 188/800, Loss: 1.2875591902998165
2024-06-19 08:37:16 - INFO - Epoch 189/800, Loss: 1.2809445238404873
2024-06-19 08:37:22 - INFO - Epoch 190/800, Loss: 1.279437907718578
2024-06-19 08:37:29 - INFO - Epoch 191/800, Loss: 1.3083381120981168
2024-06-19 08:37:36 - INFO - Epoch 192/800, Loss: 1.2992515906248943
2024-06-19 08:37:42 - INFO - Epoch 193/800, Loss: 1.3134617781930569
2024-06-19 08:37:49 - INFO - Epoch 194/800, Loss: 1.28801837466404
2024-06-19 08:37:56 - INFO - Epoch 195/800, Loss: 1.285087919210848
2024-06-19 08:38:02 - INFO - Epoch 196/800, Loss: 1.2885299556198708
2024-06-19 08:38:09 - INFO - Epoch 197/800, Loss: 1.2675664319141149
2024-06-19 08:38:16 - INFO - Epoch 198/800, Loss: 1.3013512719233309
2024-06-19 08:38:22 - INFO - Epoch 199/800, Loss: 1.2768182725037058
2024-06-19 08:38:29 - INFO - Epoch 200/800, Loss: 1.2865962375630584
2024-06-19 08:38:35 - INFO - Epoch 201/800, Loss: 1.2576111309288858
2024-06-19 08:38:42 - INFO - Epoch 202/800, Loss: 1.3486419330995096
2024-06-19 08:38:49 - INFO - Epoch 203/800, Loss: 1.3091199143031638
2024-06-19 08:38:55 - INFO - Epoch 204/800, Loss: 1.2729211351237901
2024-06-19 08:39:02 - INFO - Epoch 205/800, Loss: 1.283699920573882
2024-06-19 08:39:09 - INFO - Epoch 206/800, Loss: 1.3432034829756385
2024-06-19 08:39:15 - INFO - Epoch 207/800, Loss: 1.2697188743309058
2024-06-19 08:39:22 - INFO - Epoch 208/800, Loss: 1.2767375784871613
2024-06-19 08:39:29 - INFO - Epoch 209/800, Loss: 1.3354654912363895
2024-06-19 08:39:35 - INFO - Epoch 210/800, Loss: 1.2916535971880967
2024-06-19 08:39:42 - INFO - Epoch 211/800, Loss: 1.3084244943394332
2024-06-19 08:39:49 - INFO - Epoch 212/800, Loss: 1.2727517890325069
2024-06-19 08:39:55 - INFO - Epoch 213/800, Loss: 1.2757282995121508
2024-06-19 08:40:02 - INFO - Epoch 214/800, Loss: 1.2731279572455092
2024-06-19 08:40:08 - INFO - Epoch 215/800, Loss: 1.2758104429746813
2024-06-19 08:40:15 - INFO - Epoch 216/800, Loss: 1.2970203482522318
2024-06-19 08:40:22 - INFO - Epoch 217/800, Loss: 1.2686700826962833
2024-06-19 08:40:28 - INFO - Epoch 218/800, Loss: 1.2854482330316415
2024-06-19 08:40:35 - INFO - Epoch 219/800, Loss: 1.3389542403150423
2024-06-19 08:40:42 - INFO - Epoch 220/800, Loss: 1.325437871619525
2024-06-19 08:40:48 - INFO - Epoch 221/800, Loss: 1.3351564464700751
2024-06-19 08:40:55 - INFO - Epoch 222/800, Loss: 1.2731910777248243
2024-06-19 08:41:02 - INFO - Epoch 223/800, Loss: 1.377922115186066
2024-06-19 08:41:08 - INFO - Epoch 224/800, Loss: 1.2988795877494879
2024-06-19 08:41:15 - INFO - Epoch 225/800, Loss: 1.2950285029079949
2024-06-19 08:41:22 - INFO - Epoch 226/800, Loss: 1.316017706357734
2024-06-19 08:41:28 - INFO - Epoch 227/800, Loss: 1.2865716205926385
2024-06-19 08:41:35 - INFO - Epoch 228/800, Loss: 1.3051460352268909
2024-06-19 08:41:41 - INFO - Epoch 229/800, Loss: 1.2722023578499815
2024-06-19 08:41:48 - INFO - Epoch 230/800, Loss: 1.282476443778475
2024-06-19 08:41:55 - INFO - Epoch 231/800, Loss: 1.2691285759702373
2024-06-19 08:42:01 - INFO - Epoch 232/800, Loss: 1.267098197958955
2024-06-19 08:42:08 - INFO - Epoch 233/800, Loss: 1.2725659302685908
2024-06-19 08:42:15 - INFO - Epoch 234/800, Loss: 1.3381927116298555
2024-06-19 08:42:21 - INFO - Epoch 235/800, Loss: 1.286117980416248
2024-06-19 08:42:28 - INFO - Epoch 236/800, Loss: 1.2878273351197018
2024-06-19 08:42:35 - INFO - Epoch 237/800, Loss: 1.2745045248957763
2024-06-19 08:42:41 - INFO - Epoch 238/800, Loss: 1.2860063612364119
2024-06-19 08:42:48 - INFO - Epoch 239/800, Loss: 1.2618107776099245
2024-06-19 08:42:54 - INFO - Epoch 240/800, Loss: 1.286067912087959
2024-06-19 08:43:01 - INFO - Epoch 241/800, Loss: 1.302294112008768
2024-06-19 08:43:08 - INFO - Epoch 242/800, Loss: 1.2724626986838472
2024-06-19 08:43:15 - INFO - Epoch 243/800, Loss: 1.2977654011419215
2024-06-19 08:43:21 - INFO - Epoch 244/800, Loss: 1.266718390188761
2024-06-19 08:43:28 - INFO - Epoch 245/800, Loss: 1.2693342855661223
2024-06-19 08:43:34 - INFO - Epoch 246/800, Loss: 1.280039192803129
2024-06-19 08:43:41 - INFO - Epoch 247/800, Loss: 1.2827096122004844
2024-06-19 08:43:48 - INFO - Epoch 248/800, Loss: 1.2982486860636737
2024-06-19 08:43:55 - INFO - Epoch 249/800, Loss: 1.271842267497427
2024-06-19 08:44:01 - INFO - Epoch 250/800, Loss: 1.3120498340931008
2024-06-19 08:44:08 - INFO - Epoch 251/800, Loss: 1.270961299853772
2024-06-19 08:44:14 - INFO - Epoch 252/800, Loss: 1.2971742748133626
2024-06-19 08:44:21 - INFO - Epoch 253/800, Loss: 1.295717100986725
2024-06-19 08:44:27 - INFO - Epoch 254/800, Loss: 1.2661479169485799
2024-06-19 08:44:34 - INFO - Epoch 255/800, Loss: 1.284548234248025
2024-06-19 08:44:41 - INFO - Epoch 256/800, Loss: 1.3239161441533718
2024-06-19 08:44:48 - INFO - Epoch 257/800, Loss: 1.2726553096457827
2024-06-19 08:44:54 - INFO - Epoch 258/800, Loss: 1.2867241184819955
2024-06-19 08:45:01 - INFO - Epoch 259/800, Loss: 1.2866031508429558
2024-06-19 08:45:07 - INFO - Epoch 260/800, Loss: 1.27794383579909
2024-06-19 08:45:14 - INFO - Epoch 261/800, Loss: 1.2691570702874944
2024-06-19 08:45:21 - INFO - Epoch 262/800, Loss: 1.2750003307771025
2024-06-19 08:45:28 - INFO - Epoch 263/800, Loss: 1.2696720860811566
2024-06-19 08:45:34 - INFO - Epoch 264/800, Loss: 1.3665701024941153
2024-06-19 08:45:41 - INFO - Epoch 265/800, Loss: 1.297849931544253
2024-06-19 08:45:47 - INFO - Epoch 266/800, Loss: 1.2866448818797795
2024-06-19 08:45:54 - INFO - Epoch 267/800, Loss: 1.2779371701750646
2024-06-19 08:46:01 - INFO - Epoch 268/800, Loss: 1.2601882936299187
2024-06-19 08:46:07 - INFO - Epoch 269/800, Loss: 1.2791185340571922
2024-06-19 08:46:14 - INFO - Epoch 270/800, Loss: 1.288632272593464
2024-06-19 08:46:21 - INFO - Epoch 271/800, Loss: 1.2820663449433216
2024-06-19 08:46:27 - INFO - Epoch 272/800, Loss: 1.2752948566576496
2024-06-19 08:46:34 - INFO - Epoch 273/800, Loss: 1.3011993363479555
2024-06-19 08:46:41 - INFO - Epoch 274/800, Loss: 1.3328738746929882
2024-06-19 08:46:47 - INFO - Epoch 275/800, Loss: 1.285813228065419
2024-06-19 08:46:54 - INFO - Epoch 276/800, Loss: 1.255630932625371
2024-06-19 08:47:01 - INFO - Epoch 277/800, Loss: 1.2672980031679904
2024-06-19 08:47:07 - INFO - Epoch 278/800, Loss: 1.2638838676785025
2024-06-19 08:47:14 - INFO - Epoch 279/800, Loss: 1.2832265272857764
2024-06-19 08:47:20 - INFO - Epoch 280/800, Loss: 1.3779551828278274
2024-06-19 08:47:27 - INFO - Epoch 281/800, Loss: 1.2658487189648924
2024-06-19 08:47:34 - INFO - Epoch 282/800, Loss: 1.2751283876811565
2024-06-19 08:47:41 - INFO - Epoch 283/800, Loss: 1.2589609300564375
2024-06-19 08:47:47 - INFO - Epoch 284/800, Loss: 1.284887838212925
2024-06-19 08:47:54 - INFO - Epoch 285/800, Loss: 1.2980871648794658
2024-06-19 08:48:00 - INFO - Epoch 286/800, Loss: 1.277577747600667
2024-06-19 08:48:07 - INFO - Epoch 287/800, Loss: 1.3075726844939384
2024-06-19 08:48:14 - INFO - Epoch 288/800, Loss: 1.3147113330082842
2024-06-19 08:48:20 - INFO - Epoch 289/800, Loss: 1.2751267223196792
2024-06-19 08:48:27 - INFO - Epoch 290/800, Loss: 1.2685232323560234
2024-06-19 08:48:34 - INFO - Epoch 291/800, Loss: 1.2924626006168207
2024-06-19 08:48:40 - INFO - Epoch 292/800, Loss: 1.3135071799594733
2024-06-19 08:48:47 - INFO - Epoch 293/800, Loss: 1.2933192187947486
2024-06-19 08:48:54 - INFO - Epoch 294/800, Loss: 1.2620936876138384
2024-06-19 08:49:00 - INFO - Epoch 295/800, Loss: 1.2716595879637513
2024-06-19 08:49:07 - INFO - Epoch 296/800, Loss: 1.2780219077487673
2024-06-19 08:49:14 - INFO - Epoch 297/800, Loss: 1.3043709005465243
2024-06-19 08:49:20 - INFO - Epoch 298/800, Loss: 1.2707785037207435
2024-06-19 08:49:27 - INFO - Epoch 299/800, Loss: 1.2540515797942695
2024-06-19 08:49:33 - INFO - Epoch 300/800, Loss: 1.3073248142024239
2024-06-19 08:49:40 - INFO - Epoch 301/800, Loss: 1.2948750680678671
2024-06-19 08:49:47 - INFO - Epoch 302/800, Loss: 1.3057913326271762
2024-06-19 08:49:53 - INFO - Epoch 303/800, Loss: 1.2833553827806912
2024-06-19 08:50:00 - INFO - Epoch 304/800, Loss: 1.2815570376859473
2024-06-19 08:50:07 - INFO - Epoch 305/800, Loss: 1.340497290545614
2024-06-19 08:50:13 - INFO - Epoch 306/800, Loss: 1.2592657659474162
2024-06-19 08:50:20 - INFO - Epoch 307/800, Loss: 1.2663567299313754
2024-06-19 08:50:26 - INFO - Epoch 308/800, Loss: 1.3004351625414576
2024-06-19 08:50:33 - INFO - Epoch 309/800, Loss: 1.3706311438476302
2024-06-19 08:50:40 - INFO - Epoch 310/800, Loss: 1.290352402114416
2024-06-19 08:50:46 - INFO - Epoch 311/800, Loss: 1.2690153357452114
2024-06-19 08:50:53 - INFO - Epoch 312/800, Loss: 1.2941608672161313
2024-06-19 08:51:00 - INFO - Epoch 313/800, Loss: 1.3374721106805545
2024-06-19 08:51:06 - INFO - Epoch 314/800, Loss: 1.2761354913817053
2024-06-19 08:51:13 - INFO - Epoch 315/800, Loss: 1.27125911460408
2024-06-19 08:51:20 - INFO - Epoch 316/800, Loss: 1.2814183227078206
2024-06-19 08:51:26 - INFO - Epoch 317/800, Loss: 1.2970016124119614
2024-06-19 08:51:33 - INFO - Epoch 318/800, Loss: 1.3133664347273986
2024-06-19 08:51:40 - INFO - Epoch 319/800, Loss: 1.2811125268531867
2024-06-19 08:51:46 - INFO - Epoch 320/800, Loss: 1.2627580482712717
2024-06-19 08:51:53 - INFO - Epoch 321/800, Loss: 1.297311385749679
2024-06-19 08:52:00 - INFO - Epoch 322/800, Loss: 1.2836523365676307
2024-06-19 08:52:06 - INFO - Epoch 323/800, Loss: 1.2981889000809166
2024-06-19 08:52:13 - INFO - Epoch 324/800, Loss: 1.279213422872928
2024-06-19 08:52:20 - INFO - Epoch 325/800, Loss: 1.2810882975830946
2024-06-19 08:52:26 - INFO - Epoch 326/800, Loss: 1.2952331543157154
2024-06-19 08:52:33 - INFO - Epoch 327/800, Loss: 1.2971964705324526
2024-06-19 08:52:40 - INFO - Epoch 328/800, Loss: 1.3199465199227902
2024-06-19 08:52:46 - INFO - Epoch 329/800, Loss: 1.2619006069657506
2024-06-19 08:52:53 - INFO - Epoch 330/800, Loss: 1.2855638881410807
2024-06-19 08:52:59 - INFO - Epoch 331/800, Loss: 1.2821228773597337
2024-06-19 08:53:06 - INFO - Epoch 332/800, Loss: 1.2888672512644743
2024-06-19 08:53:13 - INFO - Epoch 333/800, Loss: 1.2703200074378813
2024-06-19 08:53:19 - INFO - Epoch 334/800, Loss: 1.2974429640350817
2024-06-19 08:53:26 - INFO - Epoch 335/800, Loss: 1.276188161686996
2024-06-19 08:53:33 - INFO - Epoch 336/800, Loss: 1.2938997293789782
2024-06-19 08:53:39 - INFO - Epoch 337/800, Loss: 1.3021467506251054
2024-06-19 08:53:46 - INFO - Epoch 338/800, Loss: 1.3035646320242698
2024-06-19 08:53:52 - INFO - Epoch 339/800, Loss: 1.2580520333325254
2024-06-19 08:53:59 - INFO - Epoch 340/800, Loss: 1.2811657307742337
2024-06-19 08:54:06 - INFO - Epoch 341/800, Loss: 1.34885171653558
2024-06-19 08:54:13 - INFO - Epoch 342/800, Loss: 1.2811261771230946
2024-06-19 08:54:19 - INFO - Epoch 343/800, Loss: 1.2938942671298692
2024-06-19 08:54:26 - INFO - Epoch 344/800, Loss: 1.3746247368699387
2024-06-19 08:54:32 - INFO - Epoch 345/800, Loss: 1.2698590173352486
2024-06-19 08:54:39 - INFO - Epoch 346/800, Loss: 1.2751684491783872
2024-06-19 08:54:46 - INFO - Epoch 347/800, Loss: 1.2976891007299498
2024-06-19 08:54:52 - INFO - Epoch 348/800, Loss: 1.2738293272921526
2024-06-19 08:54:59 - INFO - Epoch 349/800, Loss: 1.2810087459542754
2024-06-19 08:55:06 - INFO - Epoch 350/800, Loss: 1.2625900441752547
2024-06-19 08:55:12 - INFO - Epoch 351/800, Loss: 1.2759576418856078
2024-06-19 08:55:19 - INFO - Epoch 352/800, Loss: 1.2647814317704444
2024-06-19 08:55:26 - INFO - Epoch 353/800, Loss: 1.3437187625225555
2024-06-19 08:55:32 - INFO - Epoch 354/800, Loss: 1.2913981222271869
2024-06-19 08:55:39 - INFO - Epoch 355/800, Loss: 1.3714777539477145
2024-06-19 08:55:46 - INFO - Epoch 356/800, Loss: 1.2912590379014106
2024-06-19 08:55:52 - INFO - Epoch 357/800, Loss: 1.2797019056865362
2024-06-19 08:55:59 - INFO - Epoch 358/800, Loss: 1.2471794312742694
2024-06-19 08:56:06 - INFO - Epoch 359/800, Loss: 1.2837260124496417
2024-06-19 08:56:12 - INFO - Epoch 360/800, Loss: 1.2570236770975836
2024-06-19 08:56:19 - INFO - Epoch 361/800, Loss: 1.2628705292595195
2024-06-19 08:56:26 - INFO - Epoch 362/800, Loss: 1.2712739535091324
2024-06-19 08:56:32 - INFO - Epoch 363/800, Loss: 1.3385280636028172
2024-06-19 08:56:39 - INFO - Epoch 364/800, Loss: 1.3502027276214714
2024-06-19 08:56:45 - INFO - Epoch 365/800, Loss: 1.3006388868119922
2024-06-19 08:56:52 - INFO - Epoch 366/800, Loss: 1.333497460570145
2024-06-19 08:56:59 - INFO - Epoch 367/800, Loss: 1.2933534273280929
2024-06-19 08:57:06 - INFO - Epoch 368/800, Loss: 1.2840248043775526
2024-06-19 08:57:12 - INFO - Epoch 369/800, Loss: 1.2958382014277834
2024-06-19 08:57:19 - INFO - Epoch 370/800, Loss: 1.3495427555260573
2024-06-19 08:57:25 - INFO - Epoch 371/800, Loss: 1.258108977465119
2024-06-19 08:57:32 - INFO - Epoch 372/800, Loss: 1.2771955995509157
2024-06-19 08:57:39 - INFO - Epoch 373/800, Loss: 1.3022807762612083
2024-06-19 08:57:45 - INFO - Epoch 374/800, Loss: 1.2626560061611747
2024-06-19 08:57:52 - INFO - Epoch 375/800, Loss: 1.299167863196566
2024-06-19 08:57:59 - INFO - Epoch 376/800, Loss: 1.2680867144415713
2024-06-19 08:58:05 - INFO - Epoch 377/800, Loss: 1.3094980978807278
2024-06-19 08:58:12 - INFO - Epoch 378/800, Loss: 1.2638275779141979
2024-06-19 08:58:19 - INFO - Epoch 379/800, Loss: 1.265848007521547
2024-06-19 08:58:25 - INFO - Epoch 380/800, Loss: 1.3035971958512116
2024-06-19 08:58:32 - INFO - Epoch 381/800, Loss: 1.2881541887220909
2024-06-19 08:58:39 - INFO - Epoch 382/800, Loss: 1.2762752425214579
2024-06-19 08:58:45 - INFO - Epoch 383/800, Loss: 1.2696103738318791
2024-06-19 08:58:52 - INFO - Epoch 384/800, Loss: 1.2864180458244219
2024-06-19 08:58:58 - INFO - Epoch 385/800, Loss: 1.3272787337189456
2024-06-19 08:59:05 - INFO - Epoch 386/800, Loss: 1.3024159944944622
2024-06-19 08:59:12 - INFO - Epoch 387/800, Loss: 1.3021322565420521
2024-06-19 08:59:18 - INFO - Epoch 388/800, Loss: 1.2903627687233548
2024-06-19 08:59:25 - INFO - Epoch 389/800, Loss: 1.2638922163018598
2024-06-19 08:59:32 - INFO - Epoch 390/800, Loss: 1.2978134865885593
2024-06-19 08:59:38 - INFO - Epoch 391/800, Loss: 1.2929529002375202
2024-06-19 08:59:45 - INFO - Epoch 392/800, Loss: 1.2862656046111498
2024-06-19 08:59:52 - INFO - Epoch 393/800, Loss: 1.319962886810214
2024-06-19 08:59:58 - INFO - Epoch 394/800, Loss: 1.268239783380718
2024-06-19 09:00:05 - INFO - Epoch 395/800, Loss: 1.2847906298724499
2024-06-19 09:00:12 - INFO - Epoch 396/800, Loss: 1.2961944722289216
2024-06-19 09:00:18 - INFO - Epoch 397/800, Loss: 1.294851742215565
2024-06-19 09:00:25 - INFO - Epoch 398/800, Loss: 1.2635791955624576
2024-06-19 09:00:32 - INFO - Epoch 399/800, Loss: 1.286490176637563
2024-06-19 09:00:38 - INFO - Epoch 400/800, Loss: 1.3201302310797935
2024-06-19 09:00:45 - INFO - Epoch 401/800, Loss: 1.3292901752960709
2024-06-19 09:00:52 - INFO - Epoch 402/800, Loss: 1.255475742843634
2024-06-19 09:00:58 - INFO - Epoch 403/800, Loss: 1.2676114474237035
2024-06-19 09:01:05 - INFO - Epoch 404/800, Loss: 1.3016228231820515
2024-06-19 09:01:12 - INFO - Epoch 405/800, Loss: 1.3865820805420133
2024-06-19 09:01:18 - INFO - Epoch 406/800, Loss: 1.2575572674806295
2024-06-19 09:01:25 - INFO - Epoch 407/800, Loss: 1.2786860774873674
2024-06-19 09:01:31 - INFO - Epoch 408/800, Loss: 1.3102640336080613
2024-06-19 09:01:38 - INFO - Epoch 409/800, Loss: 1.275944008258897
2024-06-19 09:01:45 - INFO - Epoch 410/800, Loss: 1.2906591258210593
2024-06-19 09:01:51 - INFO - Epoch 411/800, Loss: 1.283762247793036
2024-06-19 09:01:58 - INFO - Epoch 412/800, Loss: 1.3274411075213728
2024-06-19 09:02:05 - INFO - Epoch 413/800, Loss: 1.287406054577313
2024-06-19 09:02:11 - INFO - Epoch 414/800, Loss: 1.3238328716908185
2024-06-19 09:02:18 - INFO - Epoch 415/800, Loss: 1.3109943057538431
2024-06-19 09:02:25 - INFO - Epoch 416/800, Loss: 1.2812826847346297
2024-06-19 09:02:31 - INFO - Epoch 417/800, Loss: 1.2892269407118602
2024-06-19 09:02:38 - INFO - Epoch 418/800, Loss: 1.2823753411681318
2024-06-19 09:02:45 - INFO - Epoch 419/800, Loss: 1.3443534668035069
2024-06-19 09:02:51 - INFO - Epoch 420/800, Loss: 1.2662264596067734
2024-06-19 09:02:58 - INFO - Epoch 421/800, Loss: 1.274276770209078
2024-06-19 09:03:04 - INFO - Epoch 422/800, Loss: 1.2848730528863888
2024-06-19 09:03:11 - INFO - Epoch 423/800, Loss: 1.2537417985491632
2024-06-19 09:03:18 - INFO - Epoch 424/800, Loss: 1.2610815950602117
2024-06-19 09:03:24 - INFO - Epoch 425/800, Loss: 1.2945512170622728
2024-06-19 09:03:31 - INFO - Epoch 426/800, Loss: 1.2915599163908598
2024-06-19 09:03:38 - INFO - Epoch 427/800, Loss: 1.2748023232106844
2024-06-19 09:03:44 - INFO - Epoch 428/800, Loss: 1.262503108352995
2024-06-19 09:03:51 - INFO - Epoch 429/800, Loss: 1.2748190217706796
2024-06-19 09:03:57 - INFO - Epoch 430/800, Loss: 1.2797976992693605
2024-06-19 09:04:04 - INFO - Epoch 431/800, Loss: 1.2808600765876468
2024-06-19 09:04:11 - INFO - Epoch 432/800, Loss: 1.3151324159767772
2024-06-19 09:04:18 - INFO - Epoch 433/800, Loss: 1.3349080767219481
2024-06-19 09:04:24 - INFO - Epoch 434/800, Loss: 1.2899745563934777
2024-06-19 09:04:31 - INFO - Epoch 435/800, Loss: 1.322302446955834
2024-06-19 09:04:37 - INFO - Epoch 436/800, Loss: 1.367705142653726
2024-06-19 09:04:44 - INFO - Epoch 437/800, Loss: 1.2727599805055156
2024-06-19 09:04:51 - INFO - Epoch 438/800, Loss: 1.285794496475301
2024-06-19 09:04:57 - INFO - Epoch 439/800, Loss: 1.3817972613196656
2024-06-19 09:05:04 - INFO - Epoch 440/800, Loss: 1.3047653595251845
2024-06-19 09:05:11 - INFO - Epoch 441/800, Loss: 1.2828103201229613
2024-06-19 09:05:17 - INFO - Epoch 442/800, Loss: 1.4023596601262782
2024-06-19 09:05:24 - INFO - Epoch 443/800, Loss: 1.260589964845404
2024-06-19 09:05:30 - INFO - Epoch 444/800, Loss: 1.2699247993795864
2024-06-19 09:05:37 - INFO - Epoch 445/800, Loss: 1.3059926648931912
2024-06-19 09:05:44 - INFO - Epoch 446/800, Loss: 1.254318038988262
2024-06-19 09:05:50 - INFO - Epoch 447/800, Loss: 1.288824121151787
2024-06-19 09:05:57 - INFO - Epoch 448/800, Loss: 1.287152561941157
2024-06-19 09:06:04 - INFO - Epoch 449/800, Loss: 1.2831513834527162
2024-06-19 09:06:10 - INFO - Epoch 450/800, Loss: 1.273263360213542
2024-06-19 09:06:17 - INFO - Epoch 451/800, Loss: 1.3138305436715374
2024-06-19 09:06:24 - INFO - Epoch 452/800, Loss: 1.2914411504193395
2024-06-19 09:06:30 - INFO - Epoch 453/800, Loss: 1.2997813341546989
2024-06-19 09:06:37 - INFO - Epoch 454/800, Loss: 1.2716038930877696
2024-06-19 09:06:44 - INFO - Epoch 455/800, Loss: 1.2740419412520354
2024-06-19 09:06:50 - INFO - Epoch 456/800, Loss: 1.335433053747578
2024-06-19 09:06:57 - INFO - Epoch 457/800, Loss: 1.3034534838743435
2024-06-19 09:07:04 - INFO - Epoch 458/800, Loss: 1.278021044347241
2024-06-19 09:07:10 - INFO - Epoch 459/800, Loss: 1.277690608736495
2024-06-19 09:07:17 - INFO - Epoch 460/800, Loss: 1.2663479843205256
2024-06-19 09:07:24 - INFO - Epoch 461/800, Loss: 1.2594199317583161
2024-06-19 09:07:30 - INFO - Epoch 462/800, Loss: 1.2625600400731491
2024-06-19 09:07:37 - INFO - Epoch 463/800, Loss: 1.2808820348412557
2024-06-19 09:07:44 - INFO - Epoch 464/800, Loss: 1.2746691652761313
2024-06-19 09:07:50 - INFO - Epoch 465/800, Loss: 1.2956705355651983
2024-06-19 09:07:57 - INFO - Epoch 466/800, Loss: 1.274830346334564
2024-06-19 09:08:04 - INFO - Epoch 467/800, Loss: 1.289256265293863
2024-06-19 09:08:10 - INFO - Epoch 468/800, Loss: 1.295331027763456
2024-06-19 09:08:17 - INFO - Epoch 469/800, Loss: 1.313246086291764
2024-06-19 09:08:23 - INFO - Epoch 470/800, Loss: 1.2648660270416248
2024-06-19 09:08:30 - INFO - Epoch 471/800, Loss: 1.2882814084736034
2024-06-19 09:08:37 - INFO - Epoch 472/800, Loss: 1.274276947928612
2024-06-19 09:08:44 - INFO - Epoch 473/800, Loss: 1.2766380476573684
2024-06-19 09:08:50 - INFO - Epoch 474/800, Loss: 1.2586659281283628
2024-06-19 09:08:57 - INFO - Epoch 475/800, Loss: 1.2950503920675382
2024-06-19 09:09:03 - INFO - Epoch 476/800, Loss: 1.2652331493458633
2024-06-19 09:09:10 - INFO - Epoch 477/800, Loss: 1.3798169647085226
2024-06-19 09:09:17 - INFO - Epoch 478/800, Loss: 1.3566550572912701
2024-06-19 09:09:23 - INFO - Epoch 479/800, Loss: 1.2713441509407657
2024-06-19 09:09:30 - INFO - Epoch 480/800, Loss: 1.2772322197242612
2024-06-19 09:09:37 - INFO - Epoch 481/800, Loss: 1.2678363448333492
2024-06-19 09:09:43 - INFO - Epoch 482/800, Loss: 1.3245360010566725
2024-06-19 09:09:50 - INFO - Epoch 483/800, Loss: 1.2467354950820397
2024-06-19 09:09:56 - INFO - Epoch 484/800, Loss: 1.2697033510876186
2024-06-19 09:10:03 - INFO - Epoch 485/800, Loss: 1.2642025803109955
2024-06-19 09:10:10 - INFO - Epoch 486/800, Loss: 1.313232609618687
2024-06-19 09:10:16 - INFO - Epoch 487/800, Loss: 1.304542073654684
2024-06-19 09:10:23 - INFO - Epoch 488/800, Loss: 1.325438884884633
2024-06-19 09:10:30 - INFO - Epoch 489/800, Loss: 1.2677548935416354
2024-06-19 09:10:36 - INFO - Epoch 490/800, Loss: 1.2650752488425192
2024-06-19 09:10:43 - INFO - Epoch 491/800, Loss: 1.2796848835220553
2024-06-19 09:10:50 - INFO - Epoch 492/800, Loss: 1.2773244046313779
2024-06-19 09:10:56 - INFO - Epoch 493/800, Loss: 1.3271383385647626
2024-06-19 09:11:03 - INFO - Epoch 494/800, Loss: 1.2459081106924452
2024-06-19 09:11:10 - INFO - Epoch 495/800, Loss: 1.2744321734349011
2024-06-19 09:11:16 - INFO - Epoch 496/800, Loss: 1.2774815514336701
2024-06-19 09:11:23 - INFO - Epoch 497/800, Loss: 1.273935311465551
2024-06-19 09:11:29 - INFO - Epoch 498/800, Loss: 1.2600045975340808
2024-06-19 09:11:36 - INFO - Epoch 499/800, Loss: 1.2729851180736986
2024-06-19 09:11:43 - INFO - Epoch 500/800, Loss: 1.290242229526813
2024-06-19 09:11:49 - INFO - Epoch 501/800, Loss: 1.2896162650023621
2024-06-19 09:11:56 - INFO - Epoch 502/800, Loss: 1.2788185203767513
2024-06-19 09:12:03 - INFO - Epoch 503/800, Loss: 1.2836753408407802
2024-06-19 09:12:09 - INFO - Epoch 504/800, Loss: 1.2800520464493264
2024-06-19 09:12:16 - INFO - Epoch 505/800, Loss: 1.274142512887036
2024-06-19 09:12:23 - INFO - Epoch 506/800, Loss: 1.2589740306990962
2024-06-19 09:12:29 - INFO - Epoch 507/800, Loss: 1.2976749498065154
2024-06-19 09:12:36 - INFO - Epoch 508/800, Loss: 1.272559515165273
2024-06-19 09:12:42 - INFO - Epoch 509/800, Loss: 1.322638929702024
2024-06-19 09:12:49 - INFO - Epoch 510/800, Loss: 1.2842376974344598
2024-06-19 09:12:56 - INFO - Epoch 511/800, Loss: 1.2636613743921283
2024-06-19 09:13:03 - INFO - Epoch 512/800, Loss: 1.2801932498832762
2024-06-19 09:13:09 - INFO - Epoch 513/800, Loss: 1.313915911420355
2024-06-19 09:13:16 - INFO - Epoch 514/800, Loss: 1.3082809226813135
2024-06-19 09:13:22 - INFO - Epoch 515/800, Loss: 1.3273375393184763
2024-06-19 09:13:29 - INFO - Epoch 516/800, Loss: 1.25607213543775
2024-06-19 09:13:36 - INFO - Epoch 517/800, Loss: 1.304183110966707
2024-06-19 09:13:42 - INFO - Epoch 518/800, Loss: 1.2886457234663993
2024-06-19 09:13:49 - INFO - Epoch 519/800, Loss: 1.277938573390255
2024-06-19 09:13:56 - INFO - Epoch 520/800, Loss: 1.3162810389191981
2024-06-19 09:14:02 - INFO - Epoch 521/800, Loss: 1.2856150361022396
2024-06-19 09:14:09 - INFO - Epoch 522/800, Loss: 1.2996295221579024
2024-06-19 09:14:15 - INFO - Epoch 523/800, Loss: 1.2671670943840785
2024-06-19 09:14:22 - INFO - Epoch 524/800, Loss: 1.27641029720974
2024-06-19 09:14:29 - INFO - Epoch 525/800, Loss: 1.248262694782666
2024-06-19 09:14:36 - INFO - Epoch 526/800, Loss: 1.2954483985102936
2024-06-19 09:14:42 - INFO - Epoch 527/800, Loss: 1.2911112512199194
2024-06-19 09:14:49 - INFO - Epoch 528/800, Loss: 1.281149759405866
2024-06-19 09:14:55 - INFO - Epoch 529/800, Loss: 1.2848326058055946
2024-06-19 09:15:02 - INFO - Epoch 530/800, Loss: 1.269508699523418
2024-06-19 09:15:09 - INFO - Epoch 531/800, Loss: 1.277562546390916
2024-06-19 09:15:15 - INFO - Epoch 532/800, Loss: 1.3025879853053144
2024-06-19 09:15:22 - INFO - Epoch 533/800, Loss: 1.2977688185136775
2024-06-19 09:15:29 - INFO - Epoch 534/800, Loss: 1.2806016027869216
2024-06-19 09:15:35 - INFO - Epoch 535/800, Loss: 1.2806510794491348
2024-06-19 09:15:42 - INFO - Epoch 536/800, Loss: 1.2670146192305425
2024-06-19 09:15:49 - INFO - Epoch 537/800, Loss: 1.303404007835523
2024-06-19 09:15:55 - INFO - Epoch 538/800, Loss: 1.3582750170465705
2024-06-19 09:16:02 - INFO - Epoch 539/800, Loss: 1.2935863152566782
2024-06-19 09:16:09 - INFO - Epoch 540/800, Loss: 1.2780825688528314
2024-06-19 09:16:15 - INFO - Epoch 541/800, Loss: 1.2812692324930015
2024-06-19 09:16:22 - INFO - Epoch 542/800, Loss: 1.3368443327845985
2024-06-19 09:16:28 - INFO - Epoch 543/800, Loss: 1.2639039969370023
2024-06-19 09:16:35 - INFO - Epoch 544/800, Loss: 1.3172245658115047
2024-06-19 09:16:42 - INFO - Epoch 545/800, Loss: 1.289966588510616
2024-06-19 09:16:49 - INFO - Epoch 546/800, Loss: 1.2629732681840156
2024-06-19 09:16:55 - INFO - Epoch 547/800, Loss: 1.2863857661675349
2024-06-19 09:17:02 - INFO - Epoch 548/800, Loss: 1.2586421997473007
2024-06-19 09:17:08 - INFO - Epoch 549/800, Loss: 1.2920019175613664
2024-06-19 09:17:15 - INFO - Epoch 550/800, Loss: 1.292689150759395
2024-06-19 09:17:22 - INFO - Epoch 551/800, Loss: 1.2845642761290226
2024-06-19 09:17:29 - INFO - Epoch 552/800, Loss: 1.3058791145400424
2024-06-19 09:17:35 - INFO - Epoch 553/800, Loss: 1.2988838680573034
2024-06-19 09:17:42 - INFO - Epoch 554/800, Loss: 1.275873932945719
2024-06-19 09:17:48 - INFO - Epoch 555/800, Loss: 1.2861081453478609
2024-06-19 09:17:55 - INFO - Epoch 556/800, Loss: 1.277424471196462
2024-06-19 09:18:02 - INFO - Epoch 557/800, Loss: 1.2919258770791744
2024-06-19 09:18:09 - INFO - Epoch 558/800, Loss: 1.2709784172726426
2024-06-19 09:18:15 - INFO - Epoch 559/800, Loss: 1.3374927057324661
2024-06-19 09:18:22 - INFO - Epoch 560/800, Loss: 1.2674006674349882
2024-06-19 09:18:28 - INFO - Epoch 561/800, Loss: 1.3054208902115105
2024-06-19 09:18:35 - INFO - Epoch 562/800, Loss: 1.2875409297119018
2024-06-19 09:18:42 - INFO - Epoch 563/800, Loss: 1.2990285925567497
2024-06-19 09:18:49 - INFO - Epoch 564/800, Loss: 1.2681685257937705
2024-06-19 09:18:55 - INFO - Epoch 565/800, Loss: 1.2565944729055016
2024-06-19 09:19:02 - INFO - Epoch 566/800, Loss: 1.2601924423381707
2024-06-19 09:19:08 - INFO - Epoch 567/800, Loss: 1.316295277311541
2024-06-19 09:19:15 - INFO - Epoch 568/800, Loss: 1.2611622154443924
2024-06-19 09:19:22 - INFO - Epoch 569/800, Loss: 1.283034661405451
2024-06-19 09:19:28 - INFO - Epoch 570/800, Loss: 1.290845170245146
2024-06-19 09:19:35 - INFO - Epoch 571/800, Loss: 1.2694854490960796
2024-06-19 09:19:42 - INFO - Epoch 572/800, Loss: 1.3350884155743248
2024-06-19 09:19:48 - INFO - Epoch 573/800, Loss: 1.2718356944790656
2024-06-19 09:19:55 - INFO - Epoch 574/800, Loss: 1.2823223280717166
2024-06-19 09:20:02 - INFO - Epoch 575/800, Loss: 1.2891300889408717
2024-06-19 09:20:08 - INFO - Epoch 576/800, Loss: 1.2785349770502825
2024-06-19 09:20:15 - INFO - Epoch 577/800, Loss: 1.3586454077511272
2024-06-19 09:20:22 - INFO - Epoch 578/800, Loss: 1.3549321325720867
2024-06-19 09:20:28 - INFO - Epoch 579/800, Loss: 1.2747294897149422
2024-06-19 09:20:35 - INFO - Epoch 580/800, Loss: 1.2880440654157512
2024-06-19 09:20:41 - INFO - Epoch 581/800, Loss: 1.285979543964395
2024-06-19 09:20:48 - INFO - Epoch 582/800, Loss: 1.2932193499919633
2024-06-19 09:20:55 - INFO - Epoch 583/800, Loss: 1.2620787354064875
2024-06-19 09:21:02 - INFO - Epoch 584/800, Loss: 1.3240265646046443
2024-06-19 09:21:08 - INFO - Epoch 585/800, Loss: 1.266963286080221
2024-06-19 09:21:15 - INFO - Epoch 586/800, Loss: 1.2884443660208644
2024-06-19 09:21:21 - INFO - Epoch 587/800, Loss: 1.2896198140623425
2024-06-19 09:21:28 - INFO - Epoch 588/800, Loss: 1.2971226308200945
2024-06-19 09:21:35 - INFO - Epoch 589/800, Loss: 1.3747872262632077
2024-06-19 09:21:41 - INFO - Epoch 590/800, Loss: 1.268153509568155
2024-06-19 09:21:48 - INFO - Epoch 591/800, Loss: 1.2787612582695997
2024-06-19 09:21:55 - INFO - Epoch 592/800, Loss: 1.418351179884162
2024-06-19 09:22:01 - INFO - Epoch 593/800, Loss: 1.2798900156042619
2024-06-19 09:22:08 - INFO - Epoch 594/800, Loss: 1.2976539487570105
2024-06-19 09:22:14 - INFO - Epoch 595/800, Loss: 1.293085059156335
2024-06-19 09:22:21 - INFO - Epoch 596/800, Loss: 1.3029547373974655
2024-06-19 09:22:28 - INFO - Epoch 597/800, Loss: 1.2758482467489296
2024-06-19 09:22:34 - INFO - Epoch 598/800, Loss: 1.276494305270024
2024-06-19 09:22:41 - INFO - Epoch 599/800, Loss: 1.2970567672360045
2024-06-19 09:22:48 - INFO - Epoch 600/800, Loss: 1.298883407782994
2024-06-19 09:22:54 - INFO - Epoch 601/800, Loss: 1.278804886503454
2024-06-19 09:23:01 - INFO - Epoch 602/800, Loss: 1.328780487409026
2024-06-19 09:23:08 - INFO - Epoch 603/800, Loss: 1.2883085240071186
2024-06-19 09:23:14 - INFO - Epoch 604/800, Loss: 1.2716556519071842
2024-06-19 09:23:21 - INFO - Epoch 605/800, Loss: 1.3508555936008761
2024-06-19 09:23:28 - INFO - Epoch 606/800, Loss: 1.2950308034261866
2024-06-19 09:23:34 - INFO - Epoch 607/800, Loss: 1.2573919557923303
2024-06-19 09:23:41 - INFO - Epoch 608/800, Loss: 1.2676083777332408
2024-06-19 09:23:48 - INFO - Epoch 609/800, Loss: 1.2860372833132172
2024-06-19 09:23:54 - INFO - Epoch 610/800, Loss: 1.2619257347468402
2024-06-19 09:24:01 - INFO - Epoch 611/800, Loss: 1.2886688511380369
2024-06-19 09:24:08 - INFO - Epoch 612/800, Loss: 1.3634920318339574
2024-06-19 09:24:14 - INFO - Epoch 613/800, Loss: 1.266799895931741
2024-06-19 09:24:21 - INFO - Epoch 614/800, Loss: 1.2940686954390481
2024-06-19 09:24:28 - INFO - Epoch 615/800, Loss: 1.2672953489063585
2024-06-19 09:24:34 - INFO - Epoch 616/800, Loss: 1.2636324903963112
2024-06-19 09:24:41 - INFO - Epoch 617/800, Loss: 1.2905602984330216
2024-06-19 09:24:47 - INFO - Epoch 618/800, Loss: 1.2768628888508546
2024-06-19 09:24:54 - INFO - Epoch 619/800, Loss: 1.2738699410321106
2024-06-19 09:25:01 - INFO - Epoch 620/800, Loss: 1.3041621596888675
2024-06-19 09:25:07 - INFO - Epoch 621/800, Loss: 1.3367481800168095
2024-06-19 09:25:14 - INFO - Epoch 622/800, Loss: 1.2743947699507405
2024-06-19 09:25:21 - INFO - Epoch 623/800, Loss: 1.3324206699549457
2024-06-19 09:25:27 - INFO - Epoch 624/800, Loss: 1.2669947661155716
2024-06-19 09:25:34 - INFO - Epoch 625/800, Loss: 1.2841908885240942
2024-06-19 09:25:41 - INFO - Epoch 626/800, Loss: 1.2821087826247528
2024-06-19 09:25:47 - INFO - Epoch 627/800, Loss: 1.3091625573162653
2024-06-19 09:25:54 - INFO - Epoch 628/800, Loss: 1.257189659994084
2024-06-19 09:26:01 - INFO - Epoch 629/800, Loss: 1.288988235078474
2024-06-19 09:26:07 - INFO - Epoch 630/800, Loss: 1.2716992516367582
2024-06-19 09:26:14 - INFO - Epoch 631/800, Loss: 1.2923166086521574
2024-06-19 09:26:21 - INFO - Epoch 632/800, Loss: 1.2982952831092143
2024-06-19 09:26:27 - INFO - Epoch 633/800, Loss: 1.277000032425237
2024-06-19 09:26:34 - INFO - Epoch 634/800, Loss: 1.314178359296284
2024-06-19 09:26:41 - INFO - Epoch 635/800, Loss: 1.2714406478988494
2024-06-19 09:26:47 - INFO - Epoch 636/800, Loss: 1.2651727442317375
2024-06-19 09:26:54 - INFO - Epoch 637/800, Loss: 1.276607910071668
2024-06-19 09:27:00 - INFO - Epoch 638/800, Loss: 1.4415186424997457
2024-06-19 09:27:07 - INFO - Epoch 639/800, Loss: 1.2977611566251532
2024-06-19 09:27:14 - INFO - Epoch 640/800, Loss: 1.2999005183256838
2024-06-19 09:27:21 - INFO - Epoch 641/800, Loss: 1.292485225501544
2024-06-19 09:27:27 - INFO - Epoch 642/800, Loss: 1.2966374075352352
2024-06-19 09:27:34 - INFO - Epoch 643/800, Loss: 1.2880759446163121
2024-06-19 09:27:40 - INFO - Epoch 644/800, Loss: 1.2678596922993655
2024-06-19 09:27:47 - INFO - Epoch 645/800, Loss: 1.3198231143809116
2024-06-19 09:27:54 - INFO - Epoch 646/800, Loss: 1.2869986525995154
2024-06-19 09:28:01 - INFO - Epoch 647/800, Loss: 1.2855613009010805
2024-06-19 09:28:07 - INFO - Epoch 648/800, Loss: 1.2630482074667242
2024-06-19 09:28:14 - INFO - Epoch 649/800, Loss: 1.3034552323437523
2024-06-19 09:28:21 - INFO - Epoch 650/800, Loss: 1.2734033484253453
2024-06-19 09:28:27 - INFO - Epoch 651/800, Loss: 1.2651675682722183
2024-06-19 09:28:34 - INFO - Epoch 652/800, Loss: 1.274455869116943
2024-06-19 09:28:41 - INFO - Epoch 653/800, Loss: 1.3780748046813736
2024-06-19 09:28:47 - INFO - Epoch 654/800, Loss: 1.2627275757990648
2024-06-19 09:28:54 - INFO - Epoch 655/800, Loss: 1.2786829738233931
2024-06-19 09:29:00 - INFO - Epoch 656/800, Loss: 1.2786857414621304
2024-06-19 09:29:07 - INFO - Epoch 657/800, Loss: 1.2846226912243444
2024-06-19 09:29:14 - INFO - Epoch 658/800, Loss: 1.2740465455356016
2024-06-19 09:29:20 - INFO - Epoch 659/800, Loss: 1.3052241972055427
2024-06-19 09:29:27 - INFO - Epoch 660/800, Loss: 1.2586987899979227
2024-06-19 09:29:34 - INFO - Epoch 661/800, Loss: 1.2682101691954473
2024-06-19 09:29:40 - INFO - Epoch 662/800, Loss: 1.2984170832793782
2024-06-19 09:29:47 - INFO - Epoch 663/800, Loss: 1.2704615073296468
2024-06-19 09:29:54 - INFO - Epoch 664/800, Loss: 1.288678431701545
2024-06-19 09:30:00 - INFO - Epoch 665/800, Loss: 1.289232744170062
2024-06-19 09:30:07 - INFO - Epoch 666/800, Loss: 1.295936438221981
2024-06-19 09:30:14 - INFO - Epoch 667/800, Loss: 1.3297565186787852
2024-06-19 09:30:20 - INFO - Epoch 668/800, Loss: 1.309040426753563
2024-06-19 09:30:27 - INFO - Epoch 669/800, Loss: 1.2703179321223455
2024-06-19 09:30:33 - INFO - Epoch 670/800, Loss: 1.2828345469548956
2024-06-19 09:30:40 - INFO - Epoch 671/800, Loss: 1.2970549648611447
2024-06-19 09:30:47 - INFO - Epoch 672/800, Loss: 1.3568833173304895
2024-06-19 09:30:53 - INFO - Epoch 673/800, Loss: 1.3669582032893584
2024-06-19 09:31:00 - INFO - Epoch 674/800, Loss: 1.2675587882425077
2024-06-19 09:31:07 - INFO - Epoch 675/800, Loss: 1.2620479013333232
2024-06-19 09:31:13 - INFO - Epoch 676/800, Loss: 1.2622870423053147
2024-06-19 09:31:20 - INFO - Epoch 677/800, Loss: 1.2694758004414755
2024-06-19 09:31:26 - INFO - Epoch 678/800, Loss: 1.2788414318502928
2024-06-19 09:31:33 - INFO - Epoch 679/800, Loss: 1.2955598689819021
2024-06-19 09:31:40 - INFO - Epoch 680/800, Loss: 1.2801729696751063
2024-06-19 09:31:46 - INFO - Epoch 681/800, Loss: 1.278741155681221
2024-06-19 09:31:53 - INFO - Epoch 682/800, Loss: 1.2896614763375767
2024-06-19 09:32:00 - INFO - Epoch 683/800, Loss: 1.2629887687718304
2024-06-19 09:32:06 - INFO - Epoch 684/800, Loss: 1.2907004369350843
2024-06-19 09:32:13 - INFO - Epoch 685/800, Loss: 1.259776788598373
2024-06-19 09:32:19 - INFO - Epoch 686/800, Loss: 1.2596155448321855
2024-06-19 09:32:26 - INFO - Epoch 687/800, Loss: 1.3039249962899928
2024-06-19 09:32:33 - INFO - Epoch 688/800, Loss: 1.389215899296221
2024-06-19 09:32:39 - INFO - Epoch 689/800, Loss: 1.2536278961260372
2024-06-19 09:32:46 - INFO - Epoch 690/800, Loss: 1.3681851641512182
2024-06-19 09:32:53 - INFO - Epoch 691/800, Loss: 1.2988939721320667
2024-06-19 09:32:59 - INFO - Epoch 692/800, Loss: 1.3123153160845547
2024-06-19 09:33:06 - INFO - Epoch 693/800, Loss: 1.2841680580361785
2024-06-19 09:33:13 - INFO - Epoch 694/800, Loss: 1.2734022802850644
2024-06-19 09:33:19 - INFO - Epoch 695/800, Loss: 1.359720199642191
2024-06-19 09:33:26 - INFO - Epoch 696/800, Loss: 1.3104743950149644
2024-06-19 09:33:32 - INFO - Epoch 697/800, Loss: 1.3173014922038517
2024-06-19 09:33:39 - INFO - Epoch 698/800, Loss: 1.2607769708234895
2024-06-19 09:33:46 - INFO - Epoch 699/800, Loss: 1.4023681279201363
2024-06-19 09:33:52 - INFO - Epoch 700/800, Loss: 1.3201399731878756
2024-06-19 09:33:59 - INFO - Epoch 701/800, Loss: 1.279648608179021
2024-06-19 09:34:06 - INFO - Epoch 702/800, Loss: 1.2964814960255604
2024-06-19 09:34:12 - INFO - Epoch 703/800, Loss: 1.3903677129559298
2024-06-19 09:34:19 - INFO - Epoch 704/800, Loss: 1.261229381431392
2024-06-19 09:34:26 - INFO - Epoch 705/800, Loss: 1.295688538783399
2024-06-19 09:34:32 - INFO - Epoch 706/800, Loss: 1.282967397847812
2024-06-19 09:34:39 - INFO - Epoch 707/800, Loss: 1.292428159455522
2024-06-19 09:34:45 - INFO - Epoch 708/800, Loss: 1.2976999846550066
2024-06-19 09:34:52 - INFO - Epoch 709/800, Loss: 1.278660710406637
2024-06-19 09:34:59 - INFO - Epoch 710/800, Loss: 1.2985950820572245
2024-06-19 09:35:05 - INFO - Epoch 711/800, Loss: 1.3053523855484641
2024-06-19 09:35:12 - INFO - Epoch 712/800, Loss: 1.2709281914033457
2024-06-19 09:35:18 - INFO - Epoch 713/800, Loss: 1.2810060708076059
2024-06-19 09:35:25 - INFO - Epoch 714/800, Loss: 1.2933077353322455
2024-06-19 09:35:32 - INFO - Epoch 715/800, Loss: 1.283682921887752
2024-06-19 09:35:38 - INFO - Epoch 716/800, Loss: 1.2694577760944217
2024-06-19 09:35:45 - INFO - Epoch 717/800, Loss: 1.2982135364014429
2024-06-19 09:35:52 - INFO - Epoch 718/800, Loss: 1.2583870796602497
2024-06-19 09:35:58 - INFO - Epoch 719/800, Loss: 1.282663783174631
2024-06-19 09:36:05 - INFO - Epoch 720/800, Loss: 1.2738922462577307
2024-06-19 09:36:12 - INFO - Epoch 721/800, Loss: 1.2942116367973744
2024-06-19 09:36:18 - INFO - Epoch 722/800, Loss: 1.26457404604917
2024-06-19 09:36:25 - INFO - Epoch 723/800, Loss: 1.2805233095910533
2024-06-19 09:36:32 - INFO - Epoch 724/800, Loss: 1.2689521648181963
2024-06-19 09:36:38 - INFO - Epoch 725/800, Loss: 1.28802744774718
2024-06-19 09:36:45 - INFO - Epoch 726/800, Loss: 1.2828500820093949
2024-06-19 09:36:52 - INFO - Epoch 727/800, Loss: 1.2575024847471636
2024-06-19 09:36:58 - INFO - Epoch 728/800, Loss: 1.3048296432163085
2024-06-19 09:37:05 - INFO - Epoch 729/800, Loss: 1.31645913468308
2024-06-19 09:37:12 - INFO - Epoch 730/800, Loss: 1.276336605870363
2024-06-19 09:37:18 - INFO - Epoch 731/800, Loss: 1.2739133847029656
2024-06-19 09:37:25 - INFO - Epoch 732/800, Loss: 1.2853712177241148
2024-06-19 09:37:31 - INFO - Epoch 733/800, Loss: 1.2723905204679324
2024-06-19 09:37:38 - INFO - Epoch 734/800, Loss: 1.298180723746651
2024-06-19 09:37:45 - INFO - Epoch 735/800, Loss: 1.2882420742760552
2024-06-19 09:37:52 - INFO - Epoch 736/800, Loss: 1.3030982514070077
2024-06-19 09:37:58 - INFO - Epoch 737/800, Loss: 1.272165864712966
2024-06-19 09:38:05 - INFO - Epoch 738/800, Loss: 1.259300808834962
2024-06-19 09:38:11 - INFO - Epoch 739/800, Loss: 1.2724011398861221
2024-06-19 09:38:18 - INFO - Epoch 740/800, Loss: 1.2540476149397348
2024-06-19 09:38:25 - INFO - Epoch 741/800, Loss: 1.2711198286038699
2024-06-19 09:38:32 - INFO - Epoch 742/800, Loss: 1.2819523353271447
2024-06-19 09:38:38 - INFO - Epoch 743/800, Loss: 1.2760952273456032
2024-06-19 09:38:45 - INFO - Epoch 744/800, Loss: 1.2722262894431788
2024-06-19 09:38:51 - INFO - Epoch 745/800, Loss: 1.272764816663424
2024-06-19 09:38:58 - INFO - Epoch 746/800, Loss: 1.2713872898086558
2024-06-19 09:39:05 - INFO - Epoch 747/800, Loss: 1.292669997672758
2024-06-19 09:39:11 - INFO - Epoch 748/800, Loss: 1.3392806721715556
2024-06-19 09:39:18 - INFO - Epoch 749/800, Loss: 1.2982024931316956
2024-06-19 09:39:25 - INFO - Epoch 750/800, Loss: 1.3122434171180493
2024-06-19 09:39:31 - INFO - Epoch 751/800, Loss: 1.2800777329176378
2024-06-19 09:39:38 - INFO - Epoch 752/800, Loss: 1.2762571607474773
2024-06-19 09:39:44 - INFO - Epoch 753/800, Loss: 1.3222766688848282
2024-06-19 09:39:51 - INFO - Epoch 754/800, Loss: 1.3099227368302444
2024-06-19 09:39:58 - INFO - Epoch 755/800, Loss: 1.284537667156025
2024-06-19 09:40:05 - INFO - Epoch 756/800, Loss: 1.305664814799111
2024-06-19 09:40:11 - INFO - Epoch 757/800, Loss: 1.3031490665153054
2024-06-19 09:40:18 - INFO - Epoch 758/800, Loss: 1.2723201194722933
2024-06-19 09:40:24 - INFO - Epoch 759/800, Loss: 1.30599364533183
2024-06-19 09:40:31 - INFO - Epoch 760/800, Loss: 1.2694755318562356
2024-06-19 09:40:38 - INFO - Epoch 761/800, Loss: 1.2725207814499573
2024-06-19 09:40:45 - INFO - Epoch 762/800, Loss: 1.2933637008659014
2024-06-19 09:40:51 - INFO - Epoch 763/800, Loss: 1.2970060948485949
2024-06-19 09:40:58 - INFO - Epoch 764/800, Loss: 1.2876483532184726
2024-06-19 09:41:04 - INFO - Epoch 765/800, Loss: 1.2688483901809173
2024-06-19 09:41:11 - INFO - Epoch 766/800, Loss: 1.2737383363536505
2024-06-19 09:41:17 - INFO - Epoch 767/800, Loss: 1.2690280692982872
2024-06-19 09:41:24 - INFO - Epoch 768/800, Loss: 1.331325353751792
2024-06-19 09:41:31 - INFO - Epoch 769/800, Loss: 1.2664345333512257
2024-06-19 09:41:38 - INFO - Epoch 770/800, Loss: 1.289099916993771
2024-06-19 09:41:44 - INFO - Epoch 771/800, Loss: 1.280169553364503
2024-06-19 09:41:51 - INFO - Epoch 772/800, Loss: 1.2953048874819533
2024-06-19 09:41:57 - INFO - Epoch 773/800, Loss: 1.3000054777303023
2024-06-19 09:42:04 - INFO - Epoch 774/800, Loss: 1.2702610685874887
2024-06-19 09:42:11 - INFO - Epoch 775/800, Loss: 1.269766715210928
2024-06-19 09:42:18 - INFO - Epoch 776/800, Loss: 1.330411426077792
2024-06-19 09:42:24 - INFO - Epoch 777/800, Loss: 1.2867741122636116
2024-06-19 09:42:31 - INFO - Epoch 778/800, Loss: 1.2676234580824046
2024-06-19 09:42:37 - INFO - Epoch 779/800, Loss: 1.2980882349481078
2024-06-19 09:42:44 - INFO - Epoch 780/800, Loss: 1.4024377956453773
2024-06-19 09:42:51 - INFO - Epoch 781/800, Loss: 1.2774351831039492
2024-06-19 09:42:57 - INFO - Epoch 782/800, Loss: 1.2725501982719003
2024-06-19 09:43:04 - INFO - Epoch 783/800, Loss: 1.285582435073998
2024-06-19 09:43:11 - INFO - Epoch 784/800, Loss: 1.2979466499369308
2024-06-19 09:43:17 - INFO - Epoch 785/800, Loss: 1.2629158888790546
2024-06-19 09:43:24 - INFO - Epoch 786/800, Loss: 1.2926497178691005
2024-06-19 09:43:31 - INFO - Epoch 787/800, Loss: 1.259606093396836
2024-06-19 09:43:37 - INFO - Epoch 788/800, Loss: 1.283096857435095
2024-06-19 09:43:44 - INFO - Epoch 789/800, Loss: 1.2924871824777693
2024-06-19 09:43:51 - INFO - Epoch 790/800, Loss: 1.251044688977075
2024-06-19 09:43:57 - INFO - Epoch 791/800, Loss: 1.2668303571274682
2024-06-19 09:44:04 - INFO - Epoch 792/800, Loss: 1.2642573654493716
2024-06-19 09:44:10 - INFO - Epoch 793/800, Loss: 1.3175542480204276
2024-06-19 09:44:17 - INFO - Epoch 794/800, Loss: 1.2783430811695344
2024-06-19 09:44:24 - INFO - Epoch 795/800, Loss: 1.2898057362405246
2024-06-19 09:44:30 - INFO - Epoch 796/800, Loss: 1.3090282093834158
2024-06-19 09:44:37 - INFO - Epoch 797/800, Loss: 1.2828803021821473
2024-06-19 09:44:44 - INFO - Epoch 798/800, Loss: 1.2819548739785402
2024-06-19 09:44:50 - INFO - Epoch 799/800, Loss: 1.3067656536733556
2024-06-19 09:44:57 - INFO - Epoch 800/800, Loss: 1.2622539767470702
2024-06-19 09:44:57 - INFO - Finished training model.
2024-06-19 09:44:59 - INFO - 
Generated Code:
2024-06-19 09:44:59 - INFO - ; float a = FLOAT_LITERAL * FLOAT_LITERAL ; float a = FLOAT_LITERAL * FLOAT_LITERAL ; float a = FLOAT_LITERAL * FLOAT_LITERAL ; return c ; } else { float h = FLOAT_LITERAL * FLOAT_LITERAL ; float a = FLOAT_LITERAL * FLOAT_LITERAL ; float a = FLOAT_LITERAL * FLOAT_LITERAL ; float a = FLOAT_LITERAL * FLOAT_LITERAL ; float a = FLOAT_LITERAL * FLOAT_LITERAL ; return c ; } else { float h = FLOAT_LITERAL * FLOAT_LITERAL ; float a = FLOAT_LITERAL * FLOAT_LITERAL ; float a = FLOAT_LITERAL * FLOAT_LITERAL ; float a = FLOAT_LITERAL * FLOAT_LITERAL ; float a =
2024-06-19 09:44:59 - INFO - Finished training LSTM model.
