2024-07-11 16:17:14 - INFO - This log entry will go into a uniquely named file for this run.
2024-07-11 16:17:16 - INFO - without hidden
2024-07-11 16:17:16 - INFO - Params:
2024-07-11 16:17:16 - INFO - embedding_dim=32
2024-07-11 16:17:16 - INFO - hidden_dim:32
2024-07-11 16:17:16 - INFO - num_layers:2
2024-07-11 16:17:16 - INFO - epochs:100
2024-07-11 16:17:16 - INFO - batch_size:64
2024-07-11 16:17:16 - INFO - lr:0.001
2024-07-11 16:17:20 - INFO - Starting LSTM model training...
2024-07-11 16:17:37 - INFO - Epoch: 1/100, Training Loss: 0.49571771028795775
2024-07-11 16:17:39 - INFO - Epoch: 1/100, Validation Loss: 0.4018733801026093, Accuracy: 81.89072735312567%
2024-07-11 16:17:39 - INFO - Model saved with validation accuracy: 81.89072735312567%
2024-07-11 16:17:55 - INFO - Epoch: 2/100, Training Loss: 0.3445675763282858
2024-07-11 16:17:57 - INFO - Epoch: 2/100, Validation Loss: 0.3346294244947402, Accuracy: 86.22934298612753%
2024-07-11 16:17:57 - INFO - Model saved with validation accuracy: 86.22934298612753%
2024-07-11 16:18:13 - INFO - Epoch: 3/100, Training Loss: 0.33554712370131196
2024-07-11 16:18:15 - INFO - Epoch: 3/100, Validation Loss: 0.3344555986849101, Accuracy: 86.21597441461083%
2024-07-11 16:18:32 - INFO - Epoch: 4/100, Training Loss: 0.3348023071174129
2024-07-11 16:18:34 - INFO - Epoch: 4/100, Validation Loss: 0.3333976778740946, Accuracy: 86.25299507419557%
2024-07-11 16:18:34 - INFO - Model saved with validation accuracy: 86.25299507419557%
2024-07-11 16:18:50 - INFO - Epoch: 5/100, Training Loss: 0.3334295701930577
2024-07-11 16:18:52 - INFO - Epoch: 5/100, Validation Loss: 0.35770419618408933, Accuracy: 85.12489330851578%
2024-07-11 16:19:08 - INFO - Epoch: 6/100, Training Loss: 0.3284419269477823
2024-07-11 16:19:10 - INFO - Epoch: 6/100, Validation Loss: 0.32380351595776646, Accuracy: 86.57178408728649%
2024-07-11 16:19:10 - INFO - Model saved with validation accuracy: 86.57178408728649%
2024-07-11 16:19:27 - INFO - Epoch: 7/100, Training Loss: 0.3204016489525028
2024-07-11 16:19:29 - INFO - Epoch: 7/100, Validation Loss: 0.31900063061988665, Accuracy: 86.60366298859557%
2024-07-11 16:19:29 - INFO - Model saved with validation accuracy: 86.60366298859557%
2024-07-11 16:19:46 - INFO - Epoch: 8/100, Training Loss: 0.31421040519998433
2024-07-11 16:19:48 - INFO - Epoch: 8/100, Validation Loss: 0.31283094040853415, Accuracy: 86.63657024155981%
2024-07-11 16:19:48 - INFO - Model saved with validation accuracy: 86.63657024155981%
2024-07-11 16:20:05 - INFO - Epoch: 9/100, Training Loss: 0.3065987555907721
2024-07-11 16:20:07 - INFO - Epoch: 9/100, Validation Loss: 0.3029996455009831, Accuracy: 86.6139465051469%
2024-07-11 16:20:23 - INFO - Epoch: 10/100, Training Loss: 0.29931388055588826
2024-07-11 16:20:25 - INFO - Epoch: 10/100, Validation Loss: 0.2964409526241453, Accuracy: 86.58001090052754%
2024-07-11 16:20:43 - INFO - Epoch: 11/100, Training Loss: 0.2929852585743116
2024-07-11 16:20:45 - INFO - Epoch: 11/100, Validation Loss: 0.2907023247772534, Accuracy: 86.49260100984132%
2024-07-11 16:21:02 - INFO - Epoch: 12/100, Training Loss: 0.2873182147189695
2024-07-11 16:21:04 - INFO - Epoch: 12/100, Validation Loss: 0.284953279087418, Accuracy: 86.5460752959082%
2024-07-11 16:21:20 - INFO - Epoch: 13/100, Training Loss: 0.2816437475393088
2024-07-11 16:21:22 - INFO - Epoch: 13/100, Validation Loss: 0.2840276727599925, Accuracy: 86.57589749390702%
2024-07-11 16:21:39 - INFO - Epoch: 14/100, Training Loss: 0.27759092614942177
2024-07-11 16:21:41 - INFO - Epoch: 14/100, Validation Loss: 0.2776938214309906, Accuracy: 86.56972738397623%
2024-07-11 16:21:58 - INFO - Epoch: 15/100, Training Loss: 0.273642446204662
2024-07-11 16:22:00 - INFO - Epoch: 15/100, Validation Loss: 0.26982997783312673, Accuracy: 86.51522474625423%
2024-07-11 16:22:17 - INFO - Epoch: 16/100, Training Loss: 0.26935096689282023
2024-07-11 16:22:19 - INFO - Epoch: 16/100, Validation Loss: 0.2741500473581254, Accuracy: 86.51933815287475%
2024-07-11 16:22:36 - INFO - Epoch: 17/100, Training Loss: 0.26665871066824903
2024-07-11 16:22:38 - INFO - Epoch: 17/100, Validation Loss: 0.26817903983357705, Accuracy: 86.5111113396337%
2024-07-11 16:22:54 - INFO - Epoch: 18/100, Training Loss: 0.26377429639201644
2024-07-11 16:22:56 - INFO - Epoch: 18/100, Validation Loss: 0.26518398116979947, Accuracy: 86.48745925156567%
2024-07-11 16:23:13 - INFO - Epoch: 19/100, Training Loss: 0.2613206745351212
2024-07-11 16:23:15 - INFO - Epoch: 19/100, Validation Loss: 0.26100930317648147, Accuracy: 86.49979947142725%
2024-07-11 16:23:32 - INFO - Epoch: 20/100, Training Loss: 0.2596100593435015
2024-07-11 16:23:34 - INFO - Epoch: 20/100, Validation Loss: 0.2598005183727333, Accuracy: 86.57589749390702%
2024-07-11 16:23:50 - INFO - Epoch: 21/100, Training Loss: 0.25725010547489074
2024-07-11 16:23:52 - INFO - Epoch: 21/100, Validation Loss: 0.2588627421444184, Accuracy: 86.52036650452989%
2024-07-11 16:24:08 - INFO - Epoch: 22/100, Training Loss: 0.2555970572923194
2024-07-11 16:24:10 - INFO - Epoch: 22/100, Validation Loss: 0.25799572319282515, Accuracy: 86.42781485556802%
2024-07-11 16:24:27 - INFO - Epoch: 23/100, Training Loss: 0.25302821408078324
2024-07-11 16:24:29 - INFO - Epoch: 23/100, Validation Loss: 0.2569372782140578, Accuracy: 86.14501815040671%
2024-07-11 16:24:45 - INFO - Epoch: 24/100, Training Loss: 0.25198539993203206
2024-07-11 16:24:47 - INFO - Epoch: 24/100, Validation Loss: 0.25378849900964845, Accuracy: 86.50596958135804%
2024-07-11 16:25:04 - INFO - Epoch: 25/100, Training Loss: 0.25076321300392523
2024-07-11 16:25:06 - INFO - Epoch: 25/100, Validation Loss: 0.250232526473701, Accuracy: 86.41958804232695%
2024-07-11 16:25:24 - INFO - Epoch: 26/100, Training Loss: 0.25000515048535843
2024-07-11 16:25:26 - INFO - Epoch: 26/100, Validation Loss: 0.2507155410357212, Accuracy: 86.37742562446654%
2024-07-11 16:25:43 - INFO - Epoch: 27/100, Training Loss: 0.24864194539717915
2024-07-11 16:25:45 - INFO - Epoch: 27/100, Validation Loss: 0.24906423484514417, Accuracy: 86.27253375564308%
2024-07-11 16:26:01 - INFO - Epoch: 28/100, Training Loss: 0.2474203640634918
2024-07-11 16:26:03 - INFO - Epoch: 28/100, Validation Loss: 0.2488437848410716, Accuracy: 86.46689221846303%
2024-07-11 16:26:20 - INFO - Epoch: 29/100, Training Loss: 0.24623855042316364
2024-07-11 16:26:22 - INFO - Epoch: 29/100, Validation Loss: 0.24922543015625132, Accuracy: 86.01853089682548%
2024-07-11 16:26:39 - INFO - Epoch: 30/100, Training Loss: 0.24533115399069164
2024-07-11 16:26:41 - INFO - Epoch: 30/100, Validation Loss: 0.24617400217409197, Accuracy: 86.5460752959082%
2024-07-11 16:26:57 - INFO - Epoch: 31/100, Training Loss: 0.2449403655687399
2024-07-11 16:26:59 - INFO - Epoch: 31/100, Validation Loss: 0.24553462562984543, Accuracy: 86.46792057011815%
2024-07-11 16:27:15 - INFO - Epoch: 32/100, Training Loss: 0.2442254927579354
2024-07-11 16:27:17 - INFO - Epoch: 32/100, Validation Loss: 0.25477467304291695, Accuracy: 86.41650298736155%
2024-07-11 16:27:34 - INFO - Epoch: 33/100, Training Loss: 0.24324173399857998
2024-07-11 16:27:36 - INFO - Epoch: 33/100, Validation Loss: 0.24557767120729151, Accuracy: 86.04732474316917%
2024-07-11 16:27:53 - INFO - Epoch: 34/100, Training Loss: 0.2428463636620161
2024-07-11 16:27:55 - INFO - Epoch: 34/100, Validation Loss: 0.25086955157549756, Accuracy: 86.03395617165246%
2024-07-11 16:28:12 - INFO - Epoch: 35/100, Training Loss: 0.24259180272216857
2024-07-11 16:28:14 - INFO - Epoch: 35/100, Validation Loss: 0.24373792296177463, Accuracy: 86.55430210914925%
2024-07-11 16:28:30 - INFO - Epoch: 36/100, Training Loss: 0.24140432543804985
2024-07-11 16:28:32 - INFO - Epoch: 36/100, Validation Loss: 0.24455197660840655, Accuracy: 86.50391287804777%
2024-07-11 16:28:49 - INFO - Epoch: 37/100, Training Loss: 0.24119373714455103
2024-07-11 16:28:51 - INFO - Epoch: 37/100, Validation Loss: 0.2418674045634505, Accuracy: 86.5111113396337%
2024-07-11 16:29:07 - INFO - Epoch: 38/100, Training Loss: 0.23992828893505574
2024-07-11 16:29:09 - INFO - Epoch: 38/100, Validation Loss: 0.24251164949842188, Accuracy: 86.37742562446654%
2024-07-11 16:29:25 - INFO - Epoch: 39/100, Training Loss: 0.2397222362443996
2024-07-11 16:29:27 - INFO - Epoch: 39/100, Validation Loss: 0.24542420896162329, Accuracy: 86.52242320784015%
2024-07-11 16:29:44 - INFO - Epoch: 40/100, Training Loss: 0.23925460074446278
2024-07-11 16:29:46 - INFO - Epoch: 40/100, Validation Loss: 0.24386986884729642, Accuracy: 86.51728144956449%
2024-07-11 16:30:02 - INFO - Epoch: 41/100, Training Loss: 0.23898411358303048
2024-07-11 16:30:04 - INFO - Epoch: 41/100, Validation Loss: 0.24461634872775329, Accuracy: 86.1059407875117%
2024-07-11 16:30:21 - INFO - Epoch: 42/100, Training Loss: 0.2386864295603806
2024-07-11 16:30:23 - INFO - Epoch: 42/100, Validation Loss: 0.23970940289038575, Accuracy: 86.23756979936859%
2024-07-11 16:30:40 - INFO - Epoch: 43/100, Training Loss: 0.2382387370067272
2024-07-11 16:30:42 - INFO - Epoch: 43/100, Validation Loss: 0.2426912454005919, Accuracy: 86.30338430529704%
2024-07-11 16:30:58 - INFO - Epoch: 44/100, Training Loss: 0.23737714197897292
2024-07-11 16:31:00 - INFO - Epoch: 44/100, Validation Loss: 0.238598273714122, Accuracy: 86.22214452454162%
2024-07-11 16:31:18 - INFO - Epoch: 45/100, Training Loss: 0.23744149812794155
2024-07-11 16:31:20 - INFO - Epoch: 45/100, Validation Loss: 0.23891353359641998, Accuracy: 86.49260100984132%
2024-07-11 16:31:36 - INFO - Epoch: 46/100, Training Loss: 0.23657587596821172
2024-07-11 16:31:38 - INFO - Epoch: 46/100, Validation Loss: 0.23811546511163836, Accuracy: 86.52756496611582%
2024-07-11 16:31:55 - INFO - Epoch: 47/100, Training Loss: 0.2364915968233051
2024-07-11 16:31:57 - INFO - Epoch: 47/100, Validation Loss: 0.24205188707105424, Accuracy: 85.7974352909721%
2024-07-11 16:32:14 - INFO - Epoch: 48/100, Training Loss: 0.23645640878780927
2024-07-11 16:32:16 - INFO - Epoch: 48/100, Validation Loss: 0.24035265445709228, Accuracy: 85.8683915551762%
2024-07-11 16:32:33 - INFO - Epoch: 49/100, Training Loss: 0.23546922439173007
2024-07-11 16:32:35 - INFO - Epoch: 49/100, Validation Loss: 0.23477742259733772, Accuracy: 86.28693067881493%
2024-07-11 16:32:51 - INFO - Epoch: 50/100, Training Loss: 0.2343946403151733
2024-07-11 16:32:53 - INFO - Epoch: 50/100, Validation Loss: 0.23705689535525284, Accuracy: 86.3599436463293%
2024-07-11 16:33:10 - INFO - Epoch: 51/100, Training Loss: 0.23493878462594878
2024-07-11 16:33:12 - INFO - Epoch: 51/100, Validation Loss: 0.23652333828473562, Accuracy: 86.57281243894163%
2024-07-11 16:33:29 - INFO - Epoch: 52/100, Training Loss: 0.23445304587002883
2024-07-11 16:33:31 - INFO - Epoch: 52/100, Validation Loss: 0.2355222183671829, Accuracy: 86.3054410086073%
2024-07-11 16:33:48 - INFO - Epoch: 53/100, Training Loss: 0.23416914420791385
2024-07-11 16:33:50 - INFO - Epoch: 53/100, Validation Loss: 0.23579126186668872, Accuracy: 86.59337947204426%
2024-07-11 16:34:06 - INFO - Epoch: 54/100, Training Loss: 0.23441082969744295
2024-07-11 16:34:08 - INFO - Epoch: 54/100, Validation Loss: 0.23803960645179215, Accuracy: 86.30441265695217%
2024-07-11 16:34:25 - INFO - Epoch: 55/100, Training Loss: 0.234318685754962
2024-07-11 16:34:27 - INFO - Epoch: 55/100, Validation Loss: 0.23594337933647788, Accuracy: 86.25093837088531%
2024-07-11 16:34:43 - INFO - Epoch: 56/100, Training Loss: 0.23392192762824374
2024-07-11 16:34:45 - INFO - Epoch: 56/100, Validation Loss: 0.23742405857988877, Accuracy: 86.47820408666948%
2024-07-11 16:35:02 - INFO - Epoch: 57/100, Training Loss: 0.23355936160719917
2024-07-11 16:35:04 - INFO - Epoch: 57/100, Validation Loss: 0.23436965786018654, Accuracy: 86.56458562570056%
2024-07-11 16:35:20 - INFO - Epoch: 58/100, Training Loss: 0.23341135377160574
2024-07-11 16:35:22 - INFO - Epoch: 58/100, Validation Loss: 0.2380222626079462, Accuracy: 86.38153903108707%
2024-07-11 16:35:38 - INFO - Epoch: 59/100, Training Loss: 0.23334708015761432
2024-07-11 16:35:40 - INFO - Epoch: 59/100, Validation Loss: 0.2366180739512569, Accuracy: 86.40621947081024%
2024-07-11 16:35:55 - INFO - Epoch: 60/100, Training Loss: 0.232595863706405
2024-07-11 16:35:57 - INFO - Epoch: 60/100, Validation Loss: 0.2338421636310063, Accuracy: 86.28178892053927%
2024-07-11 16:36:13 - INFO - Epoch: 61/100, Training Loss: 0.23231722118333595
2024-07-11 16:36:15 - INFO - Epoch: 61/100, Validation Loss: 0.23825598634093215, Accuracy: 85.84988122538383%
2024-07-11 16:36:29 - INFO - Epoch: 62/100, Training Loss: 0.2320546234561625
2024-07-11 16:36:31 - INFO - Epoch: 62/100, Validation Loss: 0.23536043724927463, Accuracy: 86.52756496611582%
2024-07-11 16:36:48 - INFO - Epoch: 63/100, Training Loss: 0.23184183548600237
2024-07-11 16:36:49 - INFO - Epoch: 63/100, Validation Loss: 0.23475074177411825, Accuracy: 86.12650782061434%
2024-07-11 16:37:05 - INFO - Epoch: 64/100, Training Loss: 0.2311256289281081
2024-07-11 16:37:07 - INFO - Epoch: 64/100, Validation Loss: 0.23286918876202484, Accuracy: 86.41650298736155%
2024-07-11 16:37:23 - INFO - Epoch: 65/100, Training Loss: 0.23164630665830893
2024-07-11 16:37:25 - INFO - Epoch: 65/100, Validation Loss: 0.23458460112053311, Accuracy: 86.2540234258507%
2024-07-11 16:37:41 - INFO - Epoch: 66/100, Training Loss: 0.23125196236157228
2024-07-11 16:37:43 - INFO - Epoch: 66/100, Validation Loss: 0.23310212441965153, Accuracy: 86.47614738335922%
2024-07-11 16:38:00 - INFO - Epoch: 67/100, Training Loss: 0.23201669865251373
2024-07-11 16:38:02 - INFO - Epoch: 67/100, Validation Loss: 0.23411625679092188, Accuracy: 86.33320650329587%
2024-07-11 16:38:19 - INFO - Epoch: 68/100, Training Loss: 0.2314114004199483
2024-07-11 16:38:21 - INFO - Epoch: 68/100, Validation Loss: 0.23631367731447284, Accuracy: 86.57178408728649%
2024-07-11 16:38:37 - INFO - Epoch: 69/100, Training Loss: 0.23162157967191419
2024-07-11 16:38:39 - INFO - Epoch: 69/100, Validation Loss: 0.2326870031017614, Accuracy: 86.38976584432812%
2024-07-11 16:38:56 - INFO - Epoch: 70/100, Training Loss: 0.23166617958041233
2024-07-11 16:38:58 - INFO - Epoch: 70/100, Validation Loss: 0.23130911407306007, Accuracy: 86.20774760136976%
2024-07-11 16:39:14 - INFO - Epoch: 71/100, Training Loss: 0.2309061494098462
2024-07-11 16:39:16 - INFO - Epoch: 71/100, Validation Loss: 0.23299437521123573, Accuracy: 86.54710364756332%
2024-07-11 16:39:33 - INFO - Epoch: 72/100, Training Loss: 0.23078595894698684
2024-07-11 16:39:35 - INFO - Epoch: 72/100, Validation Loss: 0.23190329938538765, Accuracy: 86.31983793177915%
2024-07-11 16:39:51 - INFO - Epoch: 73/100, Training Loss: 0.23037293737594255
2024-07-11 16:39:53 - INFO - Epoch: 73/100, Validation Loss: 0.2347976064211444, Accuracy: 85.98356694055099%
2024-07-11 16:40:09 - INFO - Epoch: 74/100, Training Loss: 0.23032322252986265
2024-07-11 16:40:11 - INFO - Epoch: 74/100, Validation Loss: 0.23076958993057672, Accuracy: 86.47203397673869%
2024-07-11 16:40:28 - INFO - Epoch: 75/100, Training Loss: 0.23027815760118509
2024-07-11 16:40:30 - INFO - Epoch: 75/100, Validation Loss: 0.23119124108925462, Accuracy: 86.50494122970291%
2024-07-11 16:40:46 - INFO - Epoch: 76/100, Training Loss: 0.23025044616080106
2024-07-11 16:40:48 - INFO - Epoch: 76/100, Validation Loss: 0.23466769147076105, Accuracy: 86.38873749267299%
2024-07-11 16:41:04 - INFO - Epoch: 77/100, Training Loss: 0.2296519042208776
2024-07-11 16:41:06 - INFO - Epoch: 77/100, Validation Loss: 0.23240200727197685, Accuracy: 86.44221177873986%
2024-07-11 16:41:23 - INFO - Epoch: 78/100, Training Loss: 0.23050870672211557
2024-07-11 16:41:25 - INFO - Epoch: 78/100, Validation Loss: 0.2351069531305448, Accuracy: 86.34966012977797%
2024-07-11 16:41:41 - INFO - Epoch: 79/100, Training Loss: 0.2295909631726439
2024-07-11 16:41:43 - INFO - Epoch: 79/100, Validation Loss: 0.22921584345106233, Accuracy: 86.32086628343428%
2024-07-11 16:41:59 - INFO - Epoch: 80/100, Training Loss: 0.22904558028313587
2024-07-11 16:42:01 - INFO - Epoch: 80/100, Validation Loss: 0.23175276466400216, Accuracy: 86.31469617350349%
2024-07-11 16:42:18 - INFO - Epoch: 81/100, Training Loss: 0.2291357408768941
2024-07-11 16:42:20 - INFO - Epoch: 81/100, Validation Loss: 0.23439446908274764, Accuracy: 86.48643089991053%
2024-07-11 16:42:36 - INFO - Epoch: 82/100, Training Loss: 0.22992832711203665
2024-07-11 16:42:38 - INFO - Epoch: 82/100, Validation Loss: 0.23201883504853438, Accuracy: 85.48378803615684%
2024-07-11 16:42:55 - INFO - Epoch: 83/100, Training Loss: 0.22936877116497192
2024-07-11 16:42:57 - INFO - Epoch: 83/100, Validation Loss: 0.24217092600209933, Accuracy: 86.56664232901083%
2024-07-11 16:43:13 - INFO - Epoch: 84/100, Training Loss: 0.22836693764522342
2024-07-11 16:43:15 - INFO - Epoch: 84/100, Validation Loss: 0.23337520666322425, Accuracy: 86.07509023785774%
2024-07-11 16:43:31 - INFO - Epoch: 85/100, Training Loss: 0.2283177776761689
2024-07-11 16:43:33 - INFO - Epoch: 85/100, Validation Loss: 0.23231534161850026, Accuracy: 86.43295661384367%
2024-07-11 16:43:50 - INFO - Epoch: 86/100, Training Loss: 0.22861537598649623
2024-07-11 16:43:52 - INFO - Epoch: 86/100, Validation Loss: 0.22980705000166046, Accuracy: 86.18203880999147%
2024-07-11 16:44:09 - INFO - Epoch: 87/100, Training Loss: 0.22889643504862606
2024-07-11 16:44:11 - INFO - Epoch: 87/100, Validation Loss: 0.23308410982258226, Accuracy: 86.42987155887828%
2024-07-11 16:44:27 - INFO - Epoch: 88/100, Training Loss: 0.22949315057028552
2024-07-11 16:44:29 - INFO - Epoch: 88/100, Validation Loss: 0.23437966955335518, Accuracy: 86.45352364694631%
2024-07-11 16:44:46 - INFO - Epoch: 89/100, Training Loss: 0.22901151265535907
2024-07-11 16:44:48 - INFO - Epoch: 89/100, Validation Loss: 0.23071033022317447, Accuracy: 86.03292781999733%
2024-07-11 16:45:05 - INFO - Epoch: 90/100, Training Loss: 0.2279812412525859
2024-07-11 16:45:07 - INFO - Epoch: 90/100, Validation Loss: 0.23198987984735714, Accuracy: 86.536820131012%
2024-07-11 16:45:23 - INFO - Epoch: 91/100, Training Loss: 0.2290699355127722
2024-07-11 16:45:26 - INFO - Epoch: 91/100, Validation Loss: 0.23241380360957822, Accuracy: 85.1865944078237%
2024-07-11 16:45:42 - INFO - Epoch: 92/100, Training Loss: 0.22839747500207794
2024-07-11 16:45:44 - INFO - Epoch: 92/100, Validation Loss: 0.23239555294674477, Accuracy: 86.5080262846683%
2024-07-11 16:46:00 - INFO - Epoch: 93/100, Training Loss: 0.22889092045567389
2024-07-11 16:46:02 - INFO - Epoch: 93/100, Validation Loss: 0.23136537615699987, Accuracy: 86.54196188928766%
2024-07-11 16:46:19 - INFO - Epoch: 94/100, Training Loss: 0.22740824861735762
2024-07-11 16:46:21 - INFO - Epoch: 94/100, Validation Loss: 0.22918919883178254, Accuracy: 85.97019836903428%
2024-07-11 16:46:37 - INFO - Epoch: 95/100, Training Loss: 0.22760917812796674
2024-07-11 16:46:39 - INFO - Epoch: 95/100, Validation Loss: 0.23221265021221418, Accuracy: 86.32600804170994%
2024-07-11 16:46:55 - INFO - Epoch: 96/100, Training Loss: 0.22736764386021688
2024-07-11 16:46:57 - INFO - Epoch: 96/100, Validation Loss: 0.22923862356202382, Accuracy: 86.5656139773557%
2024-07-11 16:47:14 - INFO - Epoch: 97/100, Training Loss: 0.22817955374246995
2024-07-11 16:47:16 - INFO - Epoch: 97/100, Validation Loss: 0.22854652772412487, Accuracy: 86.27870386557387%
2024-07-11 16:47:32 - INFO - Epoch: 98/100, Training Loss: 0.22787377314274937
2024-07-11 16:47:34 - INFO - Epoch: 98/100, Validation Loss: 0.23137506149022988, Accuracy: 86.19437902985305%
2024-07-11 16:47:50 - INFO - Epoch: 99/100, Training Loss: 0.22769288175291003
2024-07-11 16:47:52 - INFO - Epoch: 99/100, Validation Loss: 0.23108320341592556, Accuracy: 86.58618101045833%
2024-07-11 16:48:08 - INFO - Epoch: 100/100, Training Loss: 0.22706712596670073
2024-07-11 16:48:10 - INFO - Epoch: 100/100, Validation Loss: 0.22783109502572763, Accuracy: 86.2283146344724%
2024-07-11 16:48:10 - INFO - Finished training model.
2024-07-11 16:48:11 - INFO - Model saved to lstm_classifier_dc2.pth and vocabulary saved to vocab_dc2.pkl
