2024-07-24 17:38:35 - INFO - This log entry will go into a uniquely named file for this run.
2024-07-24 17:38:35 - INFO - without hidden
2024-07-24 17:38:35 - INFO - Params:
2024-07-24 17:38:35 - INFO - embedding_dim=32
2024-07-24 17:38:35 - INFO - hidden_dim:32
2024-07-24 17:38:35 - INFO - num_layers:1
2024-07-24 17:38:35 - INFO - epochs:100
2024-07-24 17:38:35 - INFO - batch_size:512
2024-07-24 17:38:35 - INFO - lr:0.001
2024-07-24 17:38:39 - INFO - Starting LSTM model training...
2024-07-24 17:38:39 - INFO - Epoch: 1/100, Training Loss: 0.6940039190752753
2024-07-24 17:38:40 - INFO - Epoch: 1/100, Validation Loss: 0.6946054816246032, Accuracy: 49.1776759234295%
2024-07-24 17:38:40 - INFO - Model saved with validation accuracy: 49.1776759234295%
2024-07-24 17:38:40 - INFO - Epoch: 2/100, Training Loss: 0.6936335317019758
2024-07-24 17:38:40 - INFO - Epoch: 2/100, Validation Loss: 0.694109316666921, Accuracy: 48.90806147209491%
2024-07-24 17:38:40 - INFO - Epoch: 3/100, Training Loss: 0.6934931329612074
2024-07-24 17:38:41 - INFO - Epoch: 3/100, Validation Loss: 0.6942135771115621, Accuracy: 47.91048800215692%
2024-07-24 17:38:41 - INFO - Epoch: 4/100, Training Loss: 0.6933409992990822
2024-07-24 17:38:41 - INFO - Epoch: 4/100, Validation Loss: 0.6946518937746684, Accuracy: 47.91048800215692%
2024-07-24 17:38:42 - INFO - Epoch: 5/100, Training Loss: 0.693314932543656
2024-07-24 17:38:42 - INFO - Epoch: 5/100, Validation Loss: 0.6945243994394938, Accuracy: 46.65678080345106%
2024-07-24 17:38:42 - INFO - Epoch: 6/100, Training Loss: 0.6932985988156549
2024-07-24 17:38:42 - INFO - Epoch: 6/100, Validation Loss: 0.6949389894803365, Accuracy: 47.43866271232138%
2024-07-24 17:38:43 - INFO - Epoch: 7/100, Training Loss: 0.6932122563493663
2024-07-24 17:38:43 - INFO - Epoch: 7/100, Validation Loss: 0.694557801882426, Accuracy: 46.5354543003505%
2024-07-24 17:38:43 - INFO - Epoch: 8/100, Training Loss: 0.6931600570678711
2024-07-24 17:38:43 - INFO - Epoch: 8/100, Validation Loss: 0.6948333859443665, Accuracy: 46.454569964950124%
2024-07-24 17:38:44 - INFO - Epoch: 9/100, Training Loss: 0.6932167503340491
2024-07-24 17:38:44 - INFO - Epoch: 9/100, Validation Loss: 0.6950279792149862, Accuracy: 46.91291453221893%
2024-07-24 17:38:44 - INFO - Epoch: 10/100, Training Loss: 0.6931236365745808
2024-07-24 17:38:44 - INFO - Epoch: 10/100, Validation Loss: 0.6948962171872457, Accuracy: 45.430035049878676%
2024-07-24 17:38:45 - INFO - Epoch: 11/100, Training Loss: 0.6931453665782665
2024-07-24 17:38:45 - INFO - Epoch: 11/100, Validation Loss: 0.6951641162236532, Accuracy: 46.65678080345106%
2024-07-24 17:38:45 - INFO - Epoch: 12/100, Training Loss: 0.6931366458021361
2024-07-24 17:38:45 - INFO - Epoch: 12/100, Validation Loss: 0.6951715032259623, Accuracy: 46.29280129414936%
2024-07-24 17:38:46 - INFO - Epoch: 13/100, Training Loss: 0.6931252983109705
2024-07-24 17:38:46 - INFO - Epoch: 13/100, Validation Loss: 0.6949444929758708, Accuracy: 45.61876516581289%
2024-07-24 17:38:47 - INFO - Epoch: 14/100, Training Loss: 0.6930567056968294
2024-07-24 17:38:47 - INFO - Epoch: 14/100, Validation Loss: 0.6950896302858989, Accuracy: 47.330816931787545%
2024-07-24 17:38:47 - INFO - Epoch: 15/100, Training Loss: 0.6930796247104118
2024-07-24 17:38:47 - INFO - Epoch: 15/100, Validation Loss: 0.695288622379303, Accuracy: 46.00970612024805%
2024-07-24 17:38:48 - INFO - Epoch: 16/100, Training Loss: 0.6930455884029125
2024-07-24 17:38:48 - INFO - Epoch: 16/100, Validation Loss: 0.6952216188112895, Accuracy: 46.05014828794823%
2024-07-24 17:38:48 - INFO - Epoch: 17/100, Training Loss: 0.6930754965749281
2024-07-24 17:38:48 - INFO - Epoch: 17/100, Validation Loss: 0.695471978187561, Accuracy: 46.27932057158264%
2024-07-24 17:38:49 - INFO - Epoch: 18/100, Training Loss: 0.6930931467434456
2024-07-24 17:38:49 - INFO - Epoch: 18/100, Validation Loss: 0.6953559120496114, Accuracy: 46.27932057158264%
2024-07-24 17:38:50 - INFO - Epoch: 19/100, Training Loss: 0.6930102130462383
2024-07-24 17:38:50 - INFO - Epoch: 19/100, Validation Loss: 0.695416271686554, Accuracy: 45.90186033971421%
2024-07-24 17:38:50 - INFO - Epoch: 20/100, Training Loss: 0.6930358574308199
2024-07-24 17:38:50 - INFO - Epoch: 20/100, Validation Loss: 0.6955216407775879, Accuracy: 45.430035049878676%
2024-07-24 17:38:51 - INFO - Epoch: 21/100, Training Loss: 0.6929983537772606
2024-07-24 17:38:51 - INFO - Epoch: 21/100, Validation Loss: 0.6956595142682394, Accuracy: 45.20086276624427%
2024-07-24 17:38:51 - INFO - Epoch: 22/100, Training Loss: 0.6929921754475298
2024-07-24 17:38:52 - INFO - Epoch: 22/100, Validation Loss: 0.695682152112325, Accuracy: 45.91534106228094%
2024-07-24 17:38:52 - INFO - Epoch: 23/100, Training Loss: 0.6930149033151823
2024-07-24 17:38:52 - INFO - Epoch: 23/100, Validation Loss: 0.6957473834355672, Accuracy: 45.4435157724454%
2024-07-24 17:38:53 - INFO - Epoch: 24/100, Training Loss: 0.693012830512277
2024-07-24 17:38:53 - INFO - Epoch: 24/100, Validation Loss: 0.6959282358487447, Accuracy: 45.632245888379614%
2024-07-24 17:38:53 - INFO - Epoch: 25/100, Training Loss: 0.692986182097731
2024-07-24 17:38:53 - INFO - Epoch: 25/100, Validation Loss: 0.6959108273188274, Accuracy: 45.25478565651119%
2024-07-24 17:38:54 - INFO - Epoch: 26/100, Training Loss: 0.6930575740748438
2024-07-24 17:38:54 - INFO - Epoch: 26/100, Validation Loss: 0.6959632754325866, Accuracy: 45.41655432731194%
2024-07-24 17:38:55 - INFO - Epoch: 27/100, Training Loss: 0.6929362200457474
2024-07-24 17:38:55 - INFO - Epoch: 27/100, Validation Loss: 0.6962522506713867, Accuracy: 44.91776759234295%
2024-07-24 17:38:55 - INFO - Epoch: 28/100, Training Loss: 0.6929631243491995
2024-07-24 17:38:55 - INFO - Epoch: 28/100, Validation Loss: 0.6962937394777934, Accuracy: 44.850363979509304%
2024-07-24 17:38:56 - INFO - Epoch: 29/100, Training Loss: 0.6928905197258654
2024-07-24 17:38:56 - INFO - Epoch: 29/100, Validation Loss: 0.6963222424189249, Accuracy: 44.90428686977622%
2024-07-24 17:38:57 - INFO - Epoch: 30/100, Training Loss: 0.6929525116394306
2024-07-24 17:38:57 - INFO - Epoch: 30/100, Validation Loss: 0.6965731581052145, Accuracy: 44.83688325694257%
2024-07-24 17:38:57 - INFO - Epoch: 31/100, Training Loss: 0.6929049954332155
2024-07-24 17:38:57 - INFO - Epoch: 31/100, Validation Loss: 0.6963930567105611, Accuracy: 44.998651927743325%
2024-07-24 17:38:58 - INFO - Epoch: 32/100, Training Loss: 0.6928939490482725
2024-07-24 17:38:58 - INFO - Epoch: 32/100, Validation Loss: 0.6968147317568462, Accuracy: 45.01213265031006%
2024-07-24 17:38:58 - INFO - Epoch: 33/100, Training Loss: 0.692900996783684
2024-07-24 17:38:59 - INFO - Epoch: 33/100, Validation Loss: 0.6970014572143555, Accuracy: 44.37853868967377%
2024-07-24 17:38:59 - INFO - Epoch: 34/100, Training Loss: 0.6928820866962959
2024-07-24 17:38:59 - INFO - Epoch: 34/100, Validation Loss: 0.6972744345664978, Accuracy: 44.41898085737395%
2024-07-24 17:39:00 - INFO - Epoch: 35/100, Training Loss: 0.6928401784650211
2024-07-24 17:39:00 - INFO - Epoch: 35/100, Validation Loss: 0.6971224268277486, Accuracy: 44.08196279320572%
2024-07-24 17:39:00 - INFO - Epoch: 36/100, Training Loss: 0.692912657713068
2024-07-24 17:39:00 - INFO - Epoch: 36/100, Validation Loss: 0.6971498370170593, Accuracy: 44.40550013480723%
2024-07-24 17:39:01 - INFO - Epoch: 37/100, Training Loss: 0.6927997726818611
