2024-07-03 09:22:22 - INFO - This log entry will go into a uniquely named file for this run.
2024-07-03 09:22:23 - INFO - without hidden
2024-07-03 09:22:23 - INFO - valid:3302
2024-07-03 09:22:23 - INFO - invalid:3304
2024-07-03 09:22:23 - INFO - Params:
2024-07-03 09:22:23 - INFO - embedding_dim=128
2024-07-03 09:22:23 - INFO - hidden_dim:256
2024-07-03 09:22:23 - INFO - num_layers:2
2024-07-03 09:22:23 - INFO - epochs:50
2024-07-03 09:22:23 - INFO - batch_size:64
2024-07-03 09:22:23 - INFO - lr:0.001
2024-07-03 09:22:26 - INFO - Starting LSTM model training...
2024-07-03 09:22:26 - INFO - Epoch: 1/50, Training Loss: 0.3969479452182607
2024-07-03 09:22:26 - INFO - Epoch: 1/50, Validation Loss: 0.4025072455406189, Accuracy: 84.08037094281298%
2024-07-03 09:22:27 - INFO - Epoch: 2/50, Training Loss: 0.4682118253010075
2024-07-03 09:22:27 - INFO - Epoch: 2/50, Validation Loss: 0.4650786817073822, Accuracy: 76.97063369397218%
2024-07-03 09:22:27 - INFO - Epoch: 3/50, Training Loss: 0.4772416789357255
2024-07-03 09:22:27 - INFO - Epoch: 3/50, Validation Loss: 0.4548596983606165, Accuracy: 75.42503863987635%
2024-07-03 09:22:27 - INFO - Epoch: 4/50, Training Loss: 0.16784676836758125
2024-07-03 09:22:27 - INFO - Epoch: 4/50, Validation Loss: 0.09415644898333332, Accuracy: 97.2179289026275%
2024-07-03 09:22:27 - INFO - Epoch: 5/50, Training Loss: 0.0680890448573159
2024-07-03 09:22:27 - INFO - Epoch: 5/50, Validation Loss: 0.03387848592617295, Accuracy: 99.22720247295209%
2024-07-03 09:22:28 - INFO - Epoch: 6/50, Training Loss: 0.12176635654688608
2024-07-03 09:22:28 - INFO - Epoch: 6/50, Validation Loss: 0.3631192391568964, Accuracy: 73.72488408037094%
2024-07-03 09:22:28 - INFO - Epoch: 7/50, Training Loss: 0.14331336751035073
2024-07-03 09:22:28 - INFO - Epoch: 7/50, Validation Loss: 0.039186127060516315, Accuracy: 99.0726429675425%
2024-07-03 09:22:28 - INFO - Epoch: 8/50, Training Loss: 0.05323303393201857
2024-07-03 09:22:28 - INFO - Epoch: 8/50, Validation Loss: 0.027307562445375053, Accuracy: 99.22720247295209%
2024-07-03 09:22:28 - INFO - Epoch: 9/50, Training Loss: 0.03893974844491246
2024-07-03 09:22:28 - INFO - Epoch: 9/50, Validation Loss: 0.02711664447137578, Accuracy: 99.22720247295209%
2024-07-03 09:22:29 - INFO - Epoch: 10/50, Training Loss: 0.036792701473686754
2024-07-03 09:22:29 - INFO - Epoch: 10/50, Validation Loss: 0.03933056029067798, Accuracy: 98.60896445131375%
2024-07-03 09:22:29 - INFO - Epoch: 11/50, Training Loss: 0.05478610634440329
2024-07-03 09:22:29 - INFO - Epoch: 11/50, Validation Loss: 0.04156179658391259, Accuracy: 98.76352395672333%
2024-07-03 09:22:29 - INFO - Epoch: 12/50, Training Loss: 0.04259936521738404
2024-07-03 09:22:29 - INFO - Epoch: 12/50, Validation Loss: 0.036650014871900734, Accuracy: 99.0726429675425%
2024-07-03 09:22:30 - INFO - Epoch: 13/50, Training Loss: 0.03531680253856793
2024-07-03 09:22:30 - INFO - Epoch: 13/50, Validation Loss: 0.0255608054893938, Accuracy: 99.38176197836167%
2024-07-03 09:22:30 - INFO - Epoch: 14/50, Training Loss: 0.03123548936961991
2024-07-03 09:22:30 - INFO - Epoch: 14/50, Validation Loss: 0.027278126767751845, Accuracy: 99.0726429675425%
2024-07-03 09:22:30 - INFO - Epoch: 15/50, Training Loss: 0.02959736970412295
2024-07-03 09:22:30 - INFO - Epoch: 15/50, Validation Loss: 0.023170579690486193, Accuracy: 99.22720247295209%
2024-07-03 09:22:30 - INFO - Epoch: 16/50, Training Loss: 0.03428811307928366
2024-07-03 09:22:30 - INFO - Epoch: 16/50, Validation Loss: 0.025123197394846516, Accuracy: 99.0726429675425%
2024-07-03 09:22:31 - INFO - Epoch: 17/50, Training Loss: 0.03055798814336701
2024-07-03 09:22:31 - INFO - Epoch: 17/50, Validation Loss: 0.02710280023430559, Accuracy: 99.0726429675425%
2024-07-03 09:22:31 - INFO - Epoch: 18/50, Training Loss: 0.03884418391645318
2024-07-03 09:22:31 - INFO - Epoch: 18/50, Validation Loss: 0.06204413298771463, Accuracy: 98.45440494590417%
2024-07-03 09:22:31 - INFO - Epoch: 19/50, Training Loss: 0.03281778280577827
2024-07-03 09:22:31 - INFO - Epoch: 19/50, Validation Loss: 0.02126055996103043, Accuracy: 99.38176197836167%
2024-07-03 09:22:31 - INFO - Epoch: 20/50, Training Loss: 0.02978742643111817
2024-07-03 09:22:31 - INFO - Epoch: 20/50, Validation Loss: 0.0219072002007372, Accuracy: 99.38176197836167%
2024-07-03 09:22:32 - INFO - Epoch: 21/50, Training Loss: 0.02862120291399883
2024-07-03 09:22:32 - INFO - Epoch: 21/50, Validation Loss: 0.021287531073374503, Accuracy: 99.38176197836167%
2024-07-03 09:22:32 - INFO - Epoch: 22/50, Training Loss: 0.02758174979059798
2024-07-03 09:22:32 - INFO - Epoch: 22/50, Validation Loss: 0.021319443682758985, Accuracy: 99.38176197836167%
2024-07-03 09:22:32 - INFO - Epoch: 23/50, Training Loss: 0.02589174021864537
2024-07-03 09:22:32 - INFO - Epoch: 23/50, Validation Loss: 0.020695907821804707, Accuracy: 99.38176197836167%
2024-07-03 09:22:33 - INFO - Epoch: 24/50, Training Loss: 0.03782139479739183
2024-07-03 09:22:33 - INFO - Epoch: 24/50, Validation Loss: 0.023344296890586105, Accuracy: 99.22720247295209%
2024-07-03 09:22:33 - INFO - Epoch: 25/50, Training Loss: 0.027714103903257993
2024-07-03 09:22:33 - INFO - Epoch: 25/50, Validation Loss: 0.022967176977545023, Accuracy: 99.38176197836167%
2024-07-03 09:22:33 - INFO - Epoch: 26/50, Training Loss: 0.022615476744249463
2024-07-03 09:22:33 - INFO - Epoch: 26/50, Validation Loss: 0.03892389970926822, Accuracy: 98.76352395672333%
2024-07-03 09:22:33 - INFO - Epoch: 27/50, Training Loss: 0.027596167771418285
2024-07-03 09:22:33 - INFO - Epoch: 27/50, Validation Loss: 0.023322370972230354, Accuracy: 99.38176197836167%
2024-07-03 09:22:34 - INFO - Epoch: 28/50, Training Loss: 0.022441094575120453
2024-07-03 09:22:34 - INFO - Epoch: 28/50, Validation Loss: 0.025754418668591163, Accuracy: 99.38176197836167%
2024-07-03 09:22:34 - INFO - Epoch: 29/50, Training Loss: 0.020361383901994174
2024-07-03 09:22:34 - INFO - Epoch: 29/50, Validation Loss: 0.024948905380866068, Accuracy: 99.38176197836167%
2024-07-03 09:22:34 - INFO - Epoch: 30/50, Training Loss: 0.017708061694553714
2024-07-03 09:22:34 - INFO - Epoch: 30/50, Validation Loss: 0.0294820877130736, Accuracy: 99.38176197836167%
2024-07-03 09:22:34 - INFO - Epoch: 31/50, Training Loss: 0.01689757954626679
2024-07-03 09:22:34 - INFO - Epoch: 31/50, Validation Loss: 0.030081643648868936, Accuracy: 99.0726429675425%
2024-07-03 09:22:35 - INFO - Epoch: 32/50, Training Loss: 0.015689817954297747
2024-07-03 09:22:35 - INFO - Epoch: 32/50, Validation Loss: 0.023905259370539254, Accuracy: 99.38176197836167%
2024-07-03 09:22:35 - INFO - Epoch: 33/50, Training Loss: 0.016680535225754196
2024-07-03 09:22:35 - INFO - Epoch: 33/50, Validation Loss: 0.03354827198001493, Accuracy: 98.76352395672333%
2024-07-03 09:22:35 - INFO - Epoch: 34/50, Training Loss: 0.015263862554381443
2024-07-03 09:22:35 - INFO - Epoch: 34/50, Validation Loss: 0.025531754598804666, Accuracy: 99.38176197836167%
2024-07-03 09:22:35 - INFO - Epoch: 35/50, Training Loss: 0.01176186056563449
2024-07-03 09:22:35 - INFO - Epoch: 35/50, Validation Loss: 0.032457909581849395, Accuracy: 98.60896445131375%
2024-07-03 09:22:36 - INFO - Epoch: 36/50, Training Loss: 0.010046183451067475
2024-07-03 09:22:36 - INFO - Epoch: 36/50, Validation Loss: 0.030571729325277953, Accuracy: 99.38176197836167%
2024-07-03 09:22:36 - INFO - Epoch: 37/50, Training Loss: 0.008820680366181655
2024-07-03 09:22:36 - INFO - Epoch: 37/50, Validation Loss: 0.03397150906229482, Accuracy: 98.91808346213293%
2024-07-03 09:22:36 - INFO - Epoch: 38/50, Training Loss: 0.011494557907209994
2024-07-03 09:22:36 - INFO - Epoch: 38/50, Validation Loss: 0.039416550740745813, Accuracy: 99.22720247295209%
2024-07-03 09:22:36 - INFO - Epoch: 39/50, Training Loss: 0.011026103449827443
2024-07-03 09:22:36 - INFO - Epoch: 39/50, Validation Loss: 0.031106239012760026, Accuracy: 99.22720247295209%
2024-07-03 09:22:37 - INFO - Epoch: 40/50, Training Loss: 0.0055455770903435914
2024-07-03 09:22:37 - INFO - Epoch: 40/50, Validation Loss: 0.03568242940317842, Accuracy: 99.22720247295209%
2024-07-03 09:22:37 - INFO - Epoch: 41/50, Training Loss: 0.004837027030323331
2024-07-03 09:22:37 - INFO - Epoch: 41/50, Validation Loss: 0.033328196807484674, Accuracy: 98.91808346213293%
2024-07-03 09:22:37 - INFO - Epoch: 42/50, Training Loss: 0.003972946369641449
2024-07-03 09:22:37 - INFO - Epoch: 42/50, Validation Loss: 0.03742008724210874, Accuracy: 99.22720247295209%
2024-07-03 09:22:38 - INFO - Epoch: 43/50, Training Loss: 0.0023371671513592535
2024-07-03 09:22:38 - INFO - Epoch: 43/50, Validation Loss: 0.04551544377322485, Accuracy: 99.38176197836167%
2024-07-03 09:22:38 - INFO - Epoch: 44/50, Training Loss: 0.0027242015436147594
2024-07-03 09:22:38 - INFO - Epoch: 44/50, Validation Loss: 0.049070780227917894, Accuracy: 99.22720247295209%
2024-07-03 09:22:38 - INFO - Epoch: 45/50, Training Loss: 0.0024101081435441212
2024-07-03 09:22:38 - INFO - Epoch: 45/50, Validation Loss: 0.04829882274456891, Accuracy: 99.22720247295209%
2024-07-03 09:22:38 - INFO - Epoch: 46/50, Training Loss: 0.001198141449349794
2024-07-03 09:22:38 - INFO - Epoch: 46/50, Validation Loss: 0.05113934088711341, Accuracy: 99.0726429675425%
2024-07-03 09:22:39 - INFO - Epoch: 47/50, Training Loss: 0.0014915502543417238
2024-07-03 09:22:39 - INFO - Epoch: 47/50, Validation Loss: 0.055288757494922305, Accuracy: 99.0726429675425%
2024-07-03 09:22:39 - INFO - Epoch: 48/50, Training Loss: 0.001300184299652312
2024-07-03 09:22:39 - INFO - Epoch: 48/50, Validation Loss: 0.05425257997215092, Accuracy: 99.22720247295209%
2024-07-03 09:22:39 - INFO - Epoch: 49/50, Training Loss: 0.01028186615382388
2024-07-03 09:22:39 - INFO - Epoch: 49/50, Validation Loss: 0.05072156466708706, Accuracy: 98.76352395672333%
2024-07-03 09:22:39 - INFO - Epoch: 50/50, Training Loss: 0.006445700750435474
2024-07-03 09:22:39 - INFO - Epoch: 50/50, Validation Loss: 0.03300383140834707, Accuracy: 99.22720247295209%
2024-07-03 09:22:39 - INFO - Finished training model.
2024-07-03 09:22:39 - INFO - Model saved to lstm_classifier_py.pth and vocabulary saved to vocab_py.pkl
