2024-07-10 22:16:10 - INFO - This log entry will go into a uniquely named file for this run.
2024-07-10 22:16:13 - INFO - Starting LSTM model training...
2024-07-10 22:16:15 - INFO - Epoch: 1/100, Training Loss: 0.692875026258929
2024-07-10 22:16:16 - INFO - Epoch: 1/100, Validation Loss: 0.6929844794692573, Accuracy: 51.051905500948436%
2024-07-10 22:16:18 - INFO - Epoch: 2/100, Training Loss: 0.6927561239538521
2024-07-10 22:16:18 - INFO - Epoch: 2/100, Validation Loss: 0.6930027581178225, Accuracy: 50.844973271253664%
2024-07-10 22:16:20 - INFO - Epoch: 3/100, Training Loss: 0.6926371645927429
2024-07-10 22:16:20 - INFO - Epoch: 3/100, Validation Loss: 0.6931060159599388, Accuracy: 50.90532850491464%
2024-07-10 22:16:22 - INFO - Epoch: 4/100, Training Loss: 0.6924721101234699
2024-07-10 22:16:22 - INFO - Epoch: 4/100, Validation Loss: 0.6930084271090371, Accuracy: 51.051905500948436%
2024-07-10 22:16:24 - INFO - Epoch: 5/100, Training Loss: 0.6930075643802511
2024-07-10 22:16:25 - INFO - Epoch: 5/100, Validation Loss: 0.6929203527314323, Accuracy: 51.051905500948436%
2024-07-10 22:16:27 - INFO - Epoch: 6/100, Training Loss: 0.692835690646336
2024-07-10 22:16:27 - INFO - Epoch: 6/100, Validation Loss: 0.6930929841576042, Accuracy: 49.69822383169512%
2024-07-10 22:16:29 - INFO - Epoch: 7/100, Training Loss: 0.6850819596750983
2024-07-10 22:16:29 - INFO - Epoch: 7/100, Validation Loss: 0.6721191917146955, Accuracy: 57.19951715813071%
2024-07-10 22:16:31 - INFO - Epoch: 8/100, Training Loss: 0.6530388807428295
2024-07-10 22:16:31 - INFO - Epoch: 8/100, Validation Loss: 0.6398145117602505, Accuracy: 58.863597171926195%
2024-07-10 22:16:33 - INFO - Epoch: 9/100, Training Loss: 0.6258029534076822
2024-07-10 22:16:34 - INFO - Epoch: 9/100, Validation Loss: 0.6083198258510003, Accuracy: 62.1227797896189%
2024-07-10 22:16:36 - INFO - Epoch: 10/100, Training Loss: 0.6116460364440391
2024-07-10 22:16:36 - INFO - Epoch: 10/100, Validation Loss: 0.6041251951521569, Accuracy: 62.57975513019486%
2024-07-10 22:16:38 - INFO - Epoch: 11/100, Training Loss: 0.6077922426421066
2024-07-10 22:16:38 - INFO - Epoch: 11/100, Validation Loss: 0.6008662080371773, Accuracy: 62.795309536126915%
2024-07-10 22:16:40 - INFO - Epoch: 12/100, Training Loss: 0.605172467642817
2024-07-10 22:16:41 - INFO - Epoch: 12/100, Validation Loss: 0.5994785935669155, Accuracy: 62.91602000344887%
2024-07-10 22:16:43 - INFO - Epoch: 13/100, Training Loss: 0.6009553918756287
2024-07-10 22:16:43 - INFO - Epoch: 13/100, Validation Loss: 0.594586004267682, Accuracy: 63.28677358165201%
2024-07-10 22:16:45 - INFO - Epoch: 14/100, Training Loss: 0.5981921783809004
2024-07-10 22:16:45 - INFO - Epoch: 14/100, Validation Loss: 0.5952872008412748, Accuracy: 63.29539575788929%
2024-07-10 22:16:47 - INFO - Epoch: 15/100, Training Loss: 0.5951854287344834
2024-07-10 22:16:47 - INFO - Epoch: 15/100, Validation Loss: 0.5865798238869552, Accuracy: 64.13174685290568%
2024-07-10 22:16:49 - INFO - Epoch: 16/100, Training Loss: 0.5851669418400731
2024-07-10 22:16:50 - INFO - Epoch: 16/100, Validation Loss: 0.5740462767553853, Accuracy: 65.93378168649767%
2024-07-10 22:16:52 - INFO - Epoch: 17/100, Training Loss: 0.5729588731815075
2024-07-10 22:16:52 - INFO - Epoch: 17/100, Validation Loss: 0.5633654201423729, Accuracy: 66.72702190032764%
2024-07-10 22:16:54 - INFO - Epoch: 18/100, Training Loss: 0.5655131775757362
2024-07-10 22:16:54 - INFO - Epoch: 18/100, Validation Loss: 0.5583254377265553, Accuracy: 67.37368511812382%
2024-07-10 22:16:56 - INFO - Epoch: 19/100, Training Loss: 0.5562699386991303
2024-07-10 22:16:56 - INFO - Epoch: 19/100, Validation Loss: 0.5491534304487836, Accuracy: 68.21865838937748%
2024-07-10 22:16:58 - INFO - Epoch: 20/100, Training Loss: 0.5432827392939864
2024-07-10 22:16:59 - INFO - Epoch: 20/100, Validation Loss: 0.540277762727423, Accuracy: 68.83945507846181%
2024-07-10 22:17:01 - INFO - Epoch: 21/100, Training Loss: 0.5337000410310153
2024-07-10 22:17:01 - INFO - Epoch: 21/100, Validation Loss: 0.521622522682934, Accuracy: 70.16727021900327%
2024-07-10 22:17:03 - INFO - Epoch: 22/100, Training Loss: 0.5241594599855357
2024-07-10 22:17:03 - INFO - Epoch: 22/100, Validation Loss: 0.5124423837923742, Accuracy: 70.77944473185032%
2024-07-10 22:17:05 - INFO - Epoch: 23/100, Training Loss: 0.5138756276821268
2024-07-10 22:17:06 - INFO - Epoch: 23/100, Validation Loss: 0.5068607176398183, Accuracy: 70.77944473185032%
2024-07-10 22:17:08 - INFO - Epoch: 24/100, Training Loss: 0.5093501169106056
2024-07-10 22:17:08 - INFO - Epoch: 24/100, Validation Loss: 0.5076026859191748, Accuracy: 70.77082255561304%
2024-07-10 22:17:10 - INFO - Epoch: 25/100, Training Loss: 0.5039522003305369
2024-07-10 22:17:10 - INFO - Epoch: 25/100, Validation Loss: 0.5032492530542415, Accuracy: 70.32246939127435%
2024-07-10 22:17:12 - INFO - Epoch: 26/100, Training Loss: 0.49979315046606393
2024-07-10 22:17:12 - INFO - Epoch: 26/100, Validation Loss: 0.49774247080415157, Accuracy: 71.04673219520608%
2024-07-10 22:17:14 - INFO - Epoch: 27/100, Training Loss: 0.49521993505543677
2024-07-10 22:17:15 - INFO - Epoch: 27/100, Validation Loss: 0.4930631133553746, Accuracy: 71.13295395757889%
2024-07-10 22:17:17 - INFO - Epoch: 28/100, Training Loss: 0.49313653037465854
2024-07-10 22:17:17 - INFO - Epoch: 28/100, Validation Loss: 0.48911152747306197, Accuracy: 71.0381100189688%
2024-07-10 22:17:19 - INFO - Epoch: 29/100, Training Loss: 0.48867770207339317
2024-07-10 22:17:19 - INFO - Epoch: 29/100, Validation Loss: 0.48418291764599936, Accuracy: 70.96051043283325%
2024-07-10 22:17:21 - INFO - Epoch: 30/100, Training Loss: 0.48652629071268544
2024-07-10 22:17:21 - INFO - Epoch: 30/100, Validation Loss: 0.4836281898257497, Accuracy: 71.02086566649422%
2024-07-10 22:17:23 - INFO - Epoch: 31/100, Training Loss: 0.4842042828839401
2024-07-10 22:17:23 - INFO - Epoch: 31/100, Validation Loss: 0.4814119646837423, Accuracy: 71.20193136747716%
2024-07-10 22:17:25 - INFO - Epoch: 32/100, Training Loss: 0.47772576389641597
2024-07-10 22:17:25 - INFO - Epoch: 32/100, Validation Loss: 0.4803776005794714, Accuracy: 71.38299706846009%
2024-07-10 22:17:27 - INFO - Epoch: 33/100, Training Loss: 0.47477808602925003
2024-07-10 22:17:28 - INFO - Epoch: 33/100, Validation Loss: 0.4732320814669787, Accuracy: 71.33988618727366%
2024-07-10 22:17:30 - INFO - Epoch: 34/100, Training Loss: 0.47273265526212493
2024-07-10 22:17:30 - INFO - Epoch: 34/100, Validation Loss: 0.47624179344255846, Accuracy: 71.05535437144336%
2024-07-10 22:17:32 - INFO - Epoch: 35/100, Training Loss: 0.46723952540035907
2024-07-10 22:17:32 - INFO - Epoch: 35/100, Validation Loss: 0.4668813863625893, Accuracy: 69.92584928435937%
2024-07-10 22:17:34 - INFO - Epoch: 36/100, Training Loss: 0.46576439413531073
2024-07-10 22:17:34 - INFO - Epoch: 36/100, Validation Loss: 0.46668390700450313, Accuracy: 71.4692188308329%
2024-07-10 22:17:36 - INFO - Epoch: 37/100, Training Loss: 0.4664073554811807
2024-07-10 22:17:37 - INFO - Epoch: 37/100, Validation Loss: 0.4644707459342349, Accuracy: 71.21917571995172%
2024-07-10 22:17:39 - INFO - Epoch: 38/100, Training Loss: 0.45934363599481254
2024-07-10 22:17:39 - INFO - Epoch: 38/100, Validation Loss: 0.4652476700452658, Accuracy: 71.29677530608726%
2024-07-10 22:17:41 - INFO - Epoch: 39/100, Training Loss: 0.45823373987756927
2024-07-10 22:17:41 - INFO - Epoch: 39/100, Validation Loss: 0.46557348327977316, Accuracy: 71.33126401103638%
2024-07-10 22:17:43 - INFO - Epoch: 40/100, Training Loss: 0.4563099455011302
2024-07-10 22:17:43 - INFO - Epoch: 40/100, Validation Loss: 0.46398972547971284, Accuracy: 70.94326608035868%
2024-07-10 22:17:45 - INFO - Epoch: 41/100, Training Loss: 0.4548220763946402
2024-07-10 22:17:45 - INFO - Epoch: 41/100, Validation Loss: 0.4595444877069075, Accuracy: 70.87428867046043%
2024-07-10 22:17:47 - INFO - Epoch: 42/100, Training Loss: 0.4501227414196935
2024-07-10 22:17:48 - INFO - Epoch: 42/100, Validation Loss: 0.4553955385645667, Accuracy: 70.91739955164684%
2024-07-10 22:17:50 - INFO - Epoch: 43/100, Training Loss: 0.4505414353979045
2024-07-10 22:17:50 - INFO - Epoch: 43/100, Validation Loss: 0.45328884514478535, Accuracy: 71.0381100189688%
2024-07-10 22:17:52 - INFO - Epoch: 44/100, Training Loss: 0.44530991665248215
2024-07-10 22:17:52 - INFO - Epoch: 44/100, Validation Loss: 0.4579390960407781, Accuracy: 71.59855147439214%
2024-07-10 22:17:54 - INFO - Epoch: 45/100, Training Loss: 0.44421066164970396
2024-07-10 22:17:54 - INFO - Epoch: 45/100, Validation Loss: 0.4686654074178947, Accuracy: 71.0381100189688%
2024-07-10 22:17:56 - INFO - Epoch: 46/100, Training Loss: 0.4432893240862879
2024-07-10 22:17:56 - INFO - Epoch: 46/100, Validation Loss: 0.45017547283198805, Accuracy: 71.19330919123986%
2024-07-10 22:17:58 - INFO - Epoch: 47/100, Training Loss: 0.4417090721788077
2024-07-10 22:17:59 - INFO - Epoch: 47/100, Validation Loss: 0.4481976834627298, Accuracy: 71.1760648387653%
2024-07-10 22:18:00 - INFO - Epoch: 48/100, Training Loss: 0.44151177570737643
2024-07-10 22:18:01 - INFO - Epoch: 48/100, Validation Loss: 0.4447470161613527, Accuracy: 71.26228660113813%
2024-07-10 22:18:03 - INFO - Epoch: 49/100, Training Loss: 0.4384290836186245
2024-07-10 22:18:03 - INFO - Epoch: 49/100, Validation Loss: 0.44399038612187564, Accuracy: 71.02086566649422%
2024-07-10 22:18:05 - INFO - Epoch: 50/100, Training Loss: 0.43518636937799127
2024-07-10 22:18:05 - INFO - Epoch: 50/100, Validation Loss: 0.44258330778761223, Accuracy: 70.50353509225728%
2024-07-10 22:18:07 - INFO - Epoch: 51/100, Training Loss: 0.43387623063449204
2024-07-10 22:18:07 - INFO - Epoch: 51/100, Validation Loss: 0.4444220575330022, Accuracy: 71.3743748922228%
2024-07-10 22:18:09 - INFO - Epoch: 52/100, Training Loss: 0.43107007857026725
2024-07-10 22:18:10 - INFO - Epoch: 52/100, Validation Loss: 0.43755693651817656, Accuracy: 70.76220037937576%
2024-07-10 22:18:12 - INFO - Epoch: 53/100, Training Loss: 0.43153827391821764
2024-07-10 22:18:12 - INFO - Epoch: 53/100, Validation Loss: 0.44243946982609045, Accuracy: 71.36575271598551%
2024-07-10 22:18:14 - INFO - Epoch: 54/100, Training Loss: 0.4307903659343719
2024-07-10 22:18:14 - INFO - Epoch: 54/100, Validation Loss: 0.4367755921659889, Accuracy: 71.26228660113813%
2024-07-10 22:18:16 - INFO - Epoch: 55/100, Training Loss: 0.4267526731819942
2024-07-10 22:18:16 - INFO - Epoch: 55/100, Validation Loss: 0.4455009793842232, Accuracy: 71.33126401103638%
2024-07-10 22:18:18 - INFO - Epoch: 56/100, Training Loss: 0.4279416771181698
2024-07-10 22:18:19 - INFO - Epoch: 56/100, Validation Loss: 0.43225341445797094, Accuracy: 70.84842214174857%
2024-07-10 22:18:21 - INFO - Epoch: 57/100, Training Loss: 0.42444300166491805
2024-07-10 22:18:21 - INFO - Epoch: 57/100, Validation Loss: 0.4337134492266309, Accuracy: 71.0294878427315%
2024-07-10 22:18:23 - INFO - Epoch: 58/100, Training Loss: 0.4223654327310365
2024-07-10 22:18:23 - INFO - Epoch: 58/100, Validation Loss: 0.4429640987744698, Accuracy: 70.39144680117262%
2024-07-10 22:18:25 - INFO - Epoch: 59/100, Training Loss: 0.42203339284863967
2024-07-10 22:18:25 - INFO - Epoch: 59/100, Validation Loss: 0.43373218915619693, Accuracy: 70.37420244869806%
2024-07-10 22:18:27 - INFO - Epoch: 60/100, Training Loss: 0.4221792798206724
2024-07-10 22:18:27 - INFO - Epoch: 60/100, Validation Loss: 0.44289184189759767, Accuracy: 70.36558027246078%
2024-07-10 22:18:29 - INFO - Epoch: 61/100, Training Loss: 0.421511989174218
2024-07-10 22:18:30 - INFO - Epoch: 61/100, Validation Loss: 0.43764056199854545, Accuracy: 70.45180203483359%
2024-07-10 22:18:32 - INFO - Epoch: 62/100, Training Loss: 0.41821438328973176
2024-07-10 22:18:32 - INFO - Epoch: 62/100, Validation Loss: 0.42938573805840463, Accuracy: 71.01224349025694%
2024-07-10 22:18:34 - INFO - Epoch: 63/100, Training Loss: 0.4176863908356634
2024-07-10 22:18:34 - INFO - Epoch: 63/100, Validation Loss: 0.4288929645176772, Accuracy: 70.75357820313847%
2024-07-10 22:18:36 - INFO - Epoch: 64/100, Training Loss: 0.4184032542952176
2024-07-10 22:18:36 - INFO - Epoch: 64/100, Validation Loss: 0.4284290528886921, Accuracy: 70.84842214174857%
2024-07-10 22:18:38 - INFO - Epoch: 65/100, Training Loss: 0.41673351772900286
2024-07-10 22:18:38 - INFO - Epoch: 65/100, Validation Loss: 0.44410635956696104, Accuracy: 69.97758234178306%
2024-07-10 22:18:41 - INFO - Epoch: 66/100, Training Loss: 0.4154024439844592
2024-07-10 22:18:41 - INFO - Epoch: 66/100, Validation Loss: 0.42947023173609933, Accuracy: 70.62424555957924%
2024-07-10 22:18:43 - INFO - Epoch: 67/100, Training Loss: 0.4153919055955163
2024-07-10 22:18:43 - INFO - Epoch: 67/100, Validation Loss: 0.42427351710560557, Accuracy: 70.71046732195207%
2024-07-10 22:18:45 - INFO - Epoch: 68/100, Training Loss: 0.41446693584836763
2024-07-10 22:18:45 - INFO - Epoch: 68/100, Validation Loss: 0.4271166562051563, Accuracy: 69.77927228832557%
2024-07-10 22:18:48 - INFO - Epoch: 69/100, Training Loss: 0.4133419502603597
2024-07-10 22:18:48 - INFO - Epoch: 69/100, Validation Loss: 0.42884581429617746, Accuracy: 70.3569580962235%
2024-07-10 22:18:50 - INFO - Epoch: 70/100, Training Loss: 0.41193101323884107
2024-07-10 22:18:50 - INFO - Epoch: 70/100, Validation Loss: 0.4249605780446922, Accuracy: 70.52077944473184%
2024-07-10 22:18:52 - INFO - Epoch: 71/100, Training Loss: 0.41177479484985613
2024-07-10 22:18:52 - INFO - Epoch: 71/100, Validation Loss: 0.4199467789340805, Accuracy: 70.48629073978272%
2024-07-10 22:18:55 - INFO - Epoch: 72/100, Training Loss: 0.4084838646855848
2024-07-10 22:18:55 - INFO - Epoch: 72/100, Validation Loss: 0.42817471839569426, Accuracy: 70.70184514571478%
2024-07-10 22:18:57 - INFO - Epoch: 73/100, Training Loss: 0.41039046805480434
2024-07-10 22:18:57 - INFO - Epoch: 73/100, Validation Loss: 0.4181748681016021, Accuracy: 70.38282462493534%
2024-07-10 22:18:59 - INFO - Epoch: 74/100, Training Loss: 0.40864763564076917
2024-07-10 22:18:59 - INFO - Epoch: 74/100, Validation Loss: 0.4195355488048805, Accuracy: 70.47766856354544%
2024-07-10 22:19:01 - INFO - Epoch: 75/100, Training Loss: 0.40584355769486263
2024-07-10 22:19:02 - INFO - Epoch: 75/100, Validation Loss: 0.4213402621693664, Accuracy: 71.09846525262977%
2024-07-10 22:19:04 - INFO - Epoch: 76/100, Training Loss: 0.4061370979506394
2024-07-10 22:19:04 - INFO - Epoch: 76/100, Validation Loss: 0.42446952763494555, Accuracy: 70.90015519917227%
2024-07-10 22:19:06 - INFO - Epoch: 77/100, Training Loss: 0.4059748073281913
2024-07-10 22:19:07 - INFO - Epoch: 77/100, Validation Loss: 0.42086921599540084, Accuracy: 70.51215726849456%
2024-07-10 22:19:09 - INFO - Epoch: 78/100, Training Loss: 0.4075466483214806
2024-07-10 22:19:09 - INFO - Epoch: 78/100, Validation Loss: 0.41257117557656636, Accuracy: 70.891533022935%
2024-07-10 22:19:11 - INFO - Epoch: 79/100, Training Loss: 0.40467927213372856
2024-07-10 22:19:11 - INFO - Epoch: 79/100, Validation Loss: 0.4312383833822313, Accuracy: 70.48629073978272%
2024-07-10 22:19:13 - INFO - Epoch: 80/100, Training Loss: 0.40360467538751404
2024-07-10 22:19:14 - INFO - Epoch: 80/100, Validation Loss: 0.41580323367328437, Accuracy: 70.27073633385066%
2024-07-10 22:19:16 - INFO - Epoch: 81/100, Training Loss: 0.40264181198744936
2024-07-10 22:19:16 - INFO - Epoch: 81/100, Validation Loss: 0.42682654238664186, Accuracy: 70.55526814968098%
2024-07-10 22:19:18 - INFO - Epoch: 82/100, Training Loss: 0.40272519830999703
2024-07-10 22:19:18 - INFO - Epoch: 82/100, Validation Loss: 0.4141205771938785, Accuracy: 70.44317985859631%
2024-07-10 22:19:20 - INFO - Epoch: 83/100, Training Loss: 0.4023427375020652
2024-07-10 22:19:21 - INFO - Epoch: 83/100, Validation Loss: 0.41569554265383835, Accuracy: 70.88291084669771%
2024-07-10 22:19:23 - INFO - Epoch: 84/100, Training Loss: 0.3999384739070103
2024-07-10 22:19:23 - INFO - Epoch: 84/100, Validation Loss: 0.4147825111727138, Accuracy: 70.26211415761338%
2024-07-10 22:19:25 - INFO - Epoch: 85/100, Training Loss: 0.40388009778384504
2024-07-10 22:19:25 - INFO - Epoch: 85/100, Validation Loss: 0.41796104544466667, Accuracy: 70.1069149853423%
2024-07-10 22:19:27 - INFO - Epoch: 86/100, Training Loss: 0.39899860020341543
2024-07-10 22:19:28 - INFO - Epoch: 86/100, Validation Loss: 0.4123106782252972, Accuracy: 70.44317985859631%
2024-07-10 22:19:30 - INFO - Epoch: 87/100, Training Loss: 0.40069101600811396
2024-07-10 22:19:30 - INFO - Epoch: 87/100, Validation Loss: 0.413627714573682, Accuracy: 70.44317985859631%
2024-07-10 22:19:32 - INFO - Epoch: 88/100, Training Loss: 0.3986303045009745
2024-07-10 22:19:32 - INFO - Epoch: 88/100, Validation Loss: 0.41286224192315407, Accuracy: 69.41714088635972%
2024-07-10 22:19:34 - INFO - Epoch: 89/100, Training Loss: 0.4005802426667049
2024-07-10 22:19:35 - INFO - Epoch: 89/100, Validation Loss: 0.4173271600361709, Accuracy: 70.52077944473184%
2024-07-10 22:19:37 - INFO - Epoch: 90/100, Training Loss: 0.396741737312284
2024-07-10 22:19:37 - INFO - Epoch: 90/100, Validation Loss: 0.4133301683507123, Accuracy: 70.03793757544405%
2024-07-10 22:19:39 - INFO - Epoch: 91/100, Training Loss: 0.3985461613638648
2024-07-10 22:19:40 - INFO - Epoch: 91/100, Validation Loss: 0.4125695811523186, Accuracy: 69.89136057941025%
2024-07-10 22:19:42 - INFO - Epoch: 92/100, Training Loss: 0.3966236163007802
2024-07-10 22:19:42 - INFO - Epoch: 92/100, Validation Loss: 0.4102766446687363, Accuracy: 69.99482669425763%
2024-07-10 22:19:44 - INFO - Epoch: 93/100, Training Loss: 0.3975409461712015
2024-07-10 22:19:44 - INFO - Epoch: 93/100, Validation Loss: 0.4163086484749239, Accuracy: 70.96913260907053%
2024-07-10 22:19:46 - INFO - Epoch: 94/100, Training Loss: 0.3961402144103215
2024-07-10 22:19:46 - INFO - Epoch: 94/100, Validation Loss: 0.4144225890164847, Accuracy: 70.36558027246078%
2024-07-10 22:19:48 - INFO - Epoch: 95/100, Training Loss: 0.39791222438730045
2024-07-10 22:19:48 - INFO - Epoch: 95/100, Validation Loss: 0.4110188366292597, Accuracy: 70.84842214174857%
2024-07-10 22:19:50 - INFO - Epoch: 96/100, Training Loss: 0.39490540512676897
2024-07-10 22:19:51 - INFO - Epoch: 96/100, Validation Loss: 0.4139216635580901, Accuracy: 69.84824969822384%
2024-07-10 22:19:53 - INFO - Epoch: 97/100, Training Loss: 0.3932576364278793
2024-07-10 22:19:53 - INFO - Epoch: 97/100, Validation Loss: 0.41415536665654445, Accuracy: 70.80531126056216%
2024-07-10 22:19:55 - INFO - Epoch: 98/100, Training Loss: 0.3973499013637674
2024-07-10 22:19:55 - INFO - Epoch: 98/100, Validation Loss: 0.40785151572672873, Accuracy: 70.15002586652871%
2024-07-10 22:19:57 - INFO - Epoch: 99/100, Training Loss: 0.39450736271923986
2024-07-10 22:19:57 - INFO - Epoch: 99/100, Validation Loss: 0.41547166220434417, Accuracy: 70.20175892395241%
2024-07-10 22:19:59 - INFO - Epoch: 100/100, Training Loss: 0.39350287096253755
2024-07-10 22:19:59 - INFO - Epoch: 100/100, Validation Loss: 0.4104948142072657, Accuracy: 70.57251250215555%
2024-07-10 22:19:59 - INFO - Finished training model.
