2024-06-19 08:13:48 - INFO - This log entry will go into a uniquely named file for this run.
2024-06-19 08:13:48 - INFO - Starting LSTM model training...
2024-06-19 08:13:48 - INFO - Optimizer=RMSprop
2024-06-19 08:13:48 - INFO - epochs=800
2024-06-19 08:13:48 - INFO - batch_size=16
2024-06-19 08:13:48 - INFO - File=codeExamples.txt
2024-06-19 08:13:48 - INFO - Learning Rate=0.01
2024-06-19 08:13:50 - INFO - Starting LSTM model training...
2024-06-19 08:13:57 - INFO - Epoch 1/800, Loss: 1.5076645200778842
2024-06-19 08:14:02 - INFO - Epoch 2/800, Loss: 1.370648821532984
2024-06-19 08:14:08 - INFO - Epoch 3/800, Loss: 1.3298558659288073
2024-06-19 08:14:14 - INFO - Epoch 4/800, Loss: 1.382624212071824
2024-06-19 08:14:20 - INFO - Epoch 5/800, Loss: 1.3741514123794407
2024-06-19 08:14:28 - INFO - Epoch 6/800, Loss: 1.3528817587914408
2024-06-19 08:14:35 - INFO - Epoch 7/800, Loss: 1.4069489476538124
2024-06-19 08:14:43 - INFO - Epoch 8/800, Loss: 1.378469597963322
2024-06-19 08:14:53 - INFO - Epoch 9/800, Loss: 1.3177489755914251
2024-06-19 08:15:05 - INFO - Epoch 10/800, Loss: 1.3633541928110986
2024-06-19 08:15:18 - INFO - Epoch 11/800, Loss: 1.3247887110691303
2024-06-19 08:15:31 - INFO - Epoch 12/800, Loss: 1.3057194202383353
2024-06-19 08:15:45 - INFO - Epoch 13/800, Loss: 1.328969841116903
