2024-06-27 00:14:06 - INFO - This log entry will go into a uniquely named file for this run.
2024-06-27 00:14:06 - INFO - Params:
2024-06-27 00:14:06 - INFO - embedding_dim=128
2024-06-27 00:14:06 - INFO - hidden_dim:256
2024-06-27 00:14:06 - INFO - num_layers:2
2024-06-27 00:14:06 - INFO - epochs:200
2024-06-27 00:14:06 - INFO - batch_size:64
2024-06-27 00:14:06 - INFO - lr:0.0001
2024-06-27 00:14:10 - INFO - Starting LSTM model training...
2024-06-27 00:14:16 - INFO - Epoch: 1/200, Validation Loss: 0.693333777142506, Accuracy: 51.27183573398713%
2024-06-27 00:14:23 - INFO - Epoch: 2/200, Validation Loss: 0.6943664346255508, Accuracy: 51.27183573398713%
2024-06-27 00:14:31 - INFO - Epoch: 3/200, Validation Loss: 0.6939916499689514, Accuracy: 51.22586576769844%
2024-06-27 00:14:39 - INFO - Epoch: 4/200, Validation Loss: 0.6940447577074462, Accuracy: 51.07263254673613%
2024-06-27 00:14:48 - INFO - Epoch: 5/200, Validation Loss: 0.6941314596755832, Accuracy: 51.34845234446828%
2024-06-27 00:14:58 - INFO - Epoch: 6/200, Validation Loss: 0.6641159986748415, Accuracy: 60.036775973030956%
2024-06-27 00:15:09 - INFO - Epoch: 7/200, Validation Loss: 0.657977236252205, Accuracy: 60.649708856880174%
2024-06-27 00:15:19 - INFO - Epoch: 8/200, Validation Loss: 0.6941235597227134, Accuracy: 48.881397486975175%
2024-06-27 00:15:29 - INFO - Epoch: 9/200, Validation Loss: 0.6929402316317839, Accuracy: 50.93472264787006%
2024-06-27 00:15:39 - INFO - Epoch: 10/200, Validation Loss: 0.6929887889647016, Accuracy: 51.103279190928596%
2024-06-27 00:15:49 - INFO - Epoch: 11/200, Validation Loss: 0.6943512459595998, Accuracy: 51.27183573398713%
2024-06-27 00:15:59 - INFO - Epoch: 12/200, Validation Loss: 0.6930422765367171, Accuracy: 51.27183573398713%
2024-06-27 00:16:09 - INFO - Epoch: 13/200, Validation Loss: 0.694532559782851, Accuracy: 51.27183573398713%
2024-06-27 00:16:19 - INFO - Epoch: 14/200, Validation Loss: 0.6932940407126558, Accuracy: 51.27183573398713%
2024-06-27 00:16:28 - INFO - Epoch: 15/200, Validation Loss: 0.6950263264132481, Accuracy: 51.27183573398713%
2024-06-27 00:16:38 - INFO - Epoch: 16/200, Validation Loss: 0.6948926104050056, Accuracy: 51.27183573398713%
2024-06-27 00:16:47 - INFO - Epoch: 17/200, Validation Loss: 0.693560881357567, Accuracy: 51.27183573398713%
2024-06-27 00:16:57 - INFO - Epoch: 18/200, Validation Loss: 0.6934053833578148, Accuracy: 51.241189089794666%
2024-06-27 00:17:06 - INFO - Epoch: 19/200, Validation Loss: 0.6932036409191057, Accuracy: 50.81213607110021%
2024-06-27 00:17:16 - INFO - Epoch: 20/200, Validation Loss: 0.6938496868984372, Accuracy: 51.30248237817959%
2024-06-27 00:17:25 - INFO - Epoch: 21/200, Validation Loss: 0.6940032255415823, Accuracy: 51.33312902237205%
2024-06-27 00:17:34 - INFO - Epoch: 22/200, Validation Loss: 0.6937112358270907, Accuracy: 51.34845234446828%
2024-06-27 00:17:44 - INFO - Epoch: 23/200, Validation Loss: 0.694414592256733, Accuracy: 51.363775666564514%
2024-06-27 00:17:53 - INFO - Epoch: 24/200, Validation Loss: 0.6777791170512929, Accuracy: 56.32853202574318%
2024-06-27 00:18:02 - INFO - Epoch: 25/200, Validation Loss: 0.6747199372917998, Accuracy: 57.447134538768005%
2024-06-27 00:18:12 - INFO - Epoch: 26/200, Validation Loss: 0.5938415354957768, Accuracy: 64.80232914495863%
2024-06-27 00:18:21 - INFO - Epoch: 27/200, Validation Loss: 0.5873329858569538, Accuracy: 65.52252528348146%
2024-06-27 00:18:30 - INFO - Epoch: 28/200, Validation Loss: 0.5694016992461448, Accuracy: 67.33067729083665%
2024-06-27 00:18:40 - INFO - Epoch: 29/200, Validation Loss: 0.5673675615997875, Accuracy: 67.28470732454797%
2024-06-27 00:18:49 - INFO - Epoch: 30/200, Validation Loss: 0.5569992088804058, Accuracy: 68.29604658289917%
2024-06-27 00:18:59 - INFO - Epoch: 31/200, Validation Loss: 0.5458272450110492, Accuracy: 69.215445908673%
2024-06-27 00:19:08 - INFO - Epoch: 32/200, Validation Loss: 0.5546981256966498, Accuracy: 68.43395648176525%
2024-06-27 00:19:17 - INFO - Epoch: 33/200, Validation Loss: 0.5457319348466163, Accuracy: 69.18479926448055%
2024-06-27 00:19:27 - INFO - Epoch: 34/200, Validation Loss: 0.542329335621759, Accuracy: 69.215445908673%
2024-06-27 00:19:36 - INFO - Epoch: 35/200, Validation Loss: 0.5343544147178239, Accuracy: 69.90499540300337%
2024-06-27 00:19:46 - INFO - Epoch: 36/200, Validation Loss: 0.5086830866103079, Accuracy: 72.26478700582287%
2024-06-27 00:19:56 - INFO - Epoch: 37/200, Validation Loss: 0.513585618313621, Accuracy: 72.09623046276432%
2024-06-27 00:20:05 - INFO - Epoch: 38/200, Validation Loss: 0.4789838387685664, Accuracy: 75.00766166104812%
2024-06-27 00:20:14 - INFO - Epoch: 39/200, Validation Loss: 0.4577513328369926, Accuracy: 76.64725712534478%
2024-06-27 00:20:24 - INFO - Epoch: 40/200, Validation Loss: 0.44372082983746247, Accuracy: 77.6126264174073%
2024-06-27 00:20:33 - INFO - Epoch: 41/200, Validation Loss: 0.4538303108191958, Accuracy: 78.21023597916029%
2024-06-27 00:20:43 - INFO - Epoch: 42/200, Validation Loss: 0.4271846219312911, Accuracy: 79.1756052712228%
2024-06-27 00:20:52 - INFO - Epoch: 43/200, Validation Loss: 0.4185370225824562, Accuracy: 79.46674839105118%
2024-06-27 00:21:01 - INFO - Epoch: 44/200, Validation Loss: 0.40302540332663295, Accuracy: 78.89978547349065%
2024-06-27 00:21:10 - INFO - Epoch: 45/200, Validation Loss: 0.38726398027410697, Accuracy: 79.65062825620595%
2024-06-27 00:21:20 - INFO - Epoch: 46/200, Validation Loss: 0.3825571534096026, Accuracy: 78.51670242108489%
2024-06-27 00:21:29 - INFO - Epoch: 47/200, Validation Loss: 0.36273008117488786, Accuracy: 78.9764020839718%
2024-06-27 00:21:38 - INFO - Epoch: 48/200, Validation Loss: 0.35894832380262076, Accuracy: 79.94177137603432%
2024-06-27 00:21:48 - INFO - Epoch: 49/200, Validation Loss: 0.3423900366121647, Accuracy: 79.12963530493411%
2024-06-27 00:21:57 - INFO - Epoch: 50/200, Validation Loss: 0.3339222675445033, Accuracy: 79.55868832362856%
2024-06-27 00:22:07 - INFO - Epoch: 51/200, Validation Loss: 0.3303104324960241, Accuracy: 80.0337113086117%
2024-06-27 00:22:16 - INFO - Epoch: 52/200, Validation Loss: 0.3399920145086214, Accuracy: 80.46276432730616%
2024-06-27 00:22:25 - INFO - Epoch: 53/200, Validation Loss: 0.31868356758472965, Accuracy: 79.94177137603432%
2024-06-27 00:22:35 - INFO - Epoch: 54/200, Validation Loss: 0.3303166139943927, Accuracy: 79.29819184799264%
2024-06-27 00:22:44 - INFO - Epoch: 55/200, Validation Loss: 0.3089897559553969, Accuracy: 79.83450812136071%
2024-06-27 00:22:53 - INFO - Epoch: 56/200, Validation Loss: 0.3169935868651259, Accuracy: 79.5280416794361%
2024-06-27 00:23:03 - INFO - Epoch: 57/200, Validation Loss: 0.3098140259583791, Accuracy: 79.45142506895495%
2024-06-27 00:23:12 - INFO - Epoch: 58/200, Validation Loss: 0.30918356659365637, Accuracy: 79.00704872816426%
2024-06-27 00:23:21 - INFO - Epoch: 59/200, Validation Loss: 0.3025271007243325, Accuracy: 79.45142506895495%
2024-06-27 00:23:31 - INFO - Epoch: 60/200, Validation Loss: 0.30833421384587006, Accuracy: 79.4820717131474%
2024-06-27 00:23:40 - INFO - Epoch: 61/200, Validation Loss: 0.3011538060564621, Accuracy: 79.1756052712228%
2024-06-27 00:23:49 - INFO - Epoch: 62/200, Validation Loss: 0.30088552481987896, Accuracy: 79.80386147716825%
2024-06-27 00:23:59 - INFO - Epoch: 63/200, Validation Loss: 0.2923154632250468, Accuracy: 79.5280416794361%
2024-06-27 00:24:08 - INFO - Epoch: 64/200, Validation Loss: 0.29470093387599083, Accuracy: 78.96107876187557%
2024-06-27 00:24:17 - INFO - Epoch: 65/200, Validation Loss: 0.29531384142590505, Accuracy: 78.63928899785473%
2024-06-27 00:24:26 - INFO - Epoch: 66/200, Validation Loss: 0.29913507270462375, Accuracy: 80.0796812749004%
2024-06-27 00:24:36 - INFO - Epoch: 67/200, Validation Loss: 0.30270397926078124, Accuracy: 79.0223720502605%
2024-06-27 00:24:45 - INFO - Epoch: 68/200, Validation Loss: 0.2855171943996467, Accuracy: 79.23689855960772%
2024-06-27 00:24:55 - INFO - Epoch: 69/200, Validation Loss: 0.28933655295301886, Accuracy: 78.42476248850751%
2024-06-27 00:25:04 - INFO - Epoch: 70/200, Validation Loss: 0.2967696850206338, Accuracy: 78.4707324547962%
2024-06-27 00:25:13 - INFO - Epoch: 71/200, Validation Loss: 0.2833017362099068, Accuracy: 78.9764020839718%
2024-06-27 00:25:23 - INFO - Epoch: 72/200, Validation Loss: 0.285480013665031, Accuracy: 79.1756052712228%
2024-06-27 00:25:32 - INFO - Epoch: 73/200, Validation Loss: 0.28603728904443626, Accuracy: 78.93043211768311%
2024-06-27 00:25:41 - INFO - Epoch: 74/200, Validation Loss: 0.28125349271531197, Accuracy: 78.68525896414343%
2024-06-27 00:25:50 - INFO - Epoch: 75/200, Validation Loss: 0.2945939591702293, Accuracy: 79.71192154459087%
2024-06-27 00:26:00 - INFO - Epoch: 76/200, Validation Loss: 0.2833067831747672, Accuracy: 78.45540913269997%
2024-06-27 00:26:09 - INFO - Epoch: 77/200, Validation Loss: 0.2796174797649477, Accuracy: 78.01103279190929%
2024-06-27 00:26:18 - INFO - Epoch: 78/200, Validation Loss: 0.2794144213491795, Accuracy: 78.48605577689243%
2024-06-27 00:26:28 - INFO - Epoch: 79/200, Validation Loss: 0.28063637690216886, Accuracy: 77.84247624885074%
2024-06-27 00:26:37 - INFO - Epoch: 80/200, Validation Loss: 0.2791508753217903, Accuracy: 78.42476248850751%
2024-06-27 00:26:46 - INFO - Epoch: 81/200, Validation Loss: 0.27864040244443744, Accuracy: 77.7658596383696%
2024-06-27 00:26:56 - INFO - Epoch: 82/200, Validation Loss: 0.29047150237887515, Accuracy: 78.6239656757585%
2024-06-27 00:27:05 - INFO - Epoch: 83/200, Validation Loss: 0.2804112355498707, Accuracy: 77.71988967208091%
2024-06-27 00:27:14 - INFO - Epoch: 84/200, Validation Loss: 0.27839624355821047, Accuracy: 77.2142200429053%
2024-06-27 00:27:24 - INFO - Epoch: 85/200, Validation Loss: 0.2776641386981104, Accuracy: 77.93441618142813%
2024-06-27 00:27:33 - INFO - Epoch: 86/200, Validation Loss: 0.28081005052024244, Accuracy: 77.79650628256206%
2024-06-27 00:27:42 - INFO - Epoch: 87/200, Validation Loss: 0.2777340248519299, Accuracy: 77.03034017775053%
2024-06-27 00:27:52 - INFO - Epoch: 88/200, Validation Loss: 0.28117307348578585, Accuracy: 77.47471651854121%
2024-06-27 00:28:01 - INFO - Epoch: 89/200, Validation Loss: 0.2767118123524329, Accuracy: 77.98038614771683%
2024-06-27 00:28:10 - INFO - Epoch: 90/200, Validation Loss: 0.27722500264644623, Accuracy: 78.14894269077536%
2024-06-27 00:28:20 - INFO - Epoch: 91/200, Validation Loss: 0.2839350678464946, Accuracy: 78.94575543977935%
2024-06-27 00:28:29 - INFO - Epoch: 92/200, Validation Loss: 0.2773184858116449, Accuracy: 78.01103279190929%
2024-06-27 00:28:38 - INFO - Epoch: 93/200, Validation Loss: 0.2830800814371483, Accuracy: 77.62794973950352%
2024-06-27 00:28:48 - INFO - Epoch: 94/200, Validation Loss: 0.28947490935816483, Accuracy: 77.70456634998467%
2024-06-27 00:28:57 - INFO - Epoch: 95/200, Validation Loss: 0.2803100825232618, Accuracy: 77.6126264174073%
2024-06-27 00:29:07 - INFO - Epoch: 96/200, Validation Loss: 0.28033493123218123, Accuracy: 76.67790376953724%
2024-06-27 00:29:16 - INFO - Epoch: 97/200, Validation Loss: 0.27655360964583414, Accuracy: 76.861783634692%
2024-06-27 00:29:25 - INFO - Epoch: 98/200, Validation Loss: 0.3029851628577008, Accuracy: 77.59730309531106%
2024-06-27 00:29:35 - INFO - Epoch: 99/200, Validation Loss: 0.2799179489706077, Accuracy: 78.2715292675452%
2024-06-27 00:29:44 - INFO - Epoch: 100/200, Validation Loss: 0.2784588728465286, Accuracy: 76.64725712534478%
2024-06-27 00:29:53 - INFO - Epoch: 101/200, Validation Loss: 0.2779990972257128, Accuracy: 76.34079068342017%
2024-06-27 00:30:03 - INFO - Epoch: 102/200, Validation Loss: 0.28464411871106016, Accuracy: 77.03034017775053%
2024-06-27 00:30:12 - INFO - Epoch: 103/200, Validation Loss: 0.2864965777478966, Accuracy: 76.2028807845541%
2024-06-27 00:30:21 - INFO - Epoch: 104/200, Validation Loss: 0.28512760558549094, Accuracy: 76.52467054857493%
2024-06-27 00:30:30 - INFO - Epoch: 105/200, Validation Loss: 0.28299988747811783, Accuracy: 76.35611400551639%
2024-06-27 00:30:40 - INFO - Epoch: 106/200, Validation Loss: 0.28090838941873286, Accuracy: 76.2028807845541%
2024-06-27 00:30:49 - INFO - Epoch: 107/200, Validation Loss: 0.28895845424895195, Accuracy: 76.2028807845541%
2024-06-27 00:30:58 - INFO - Epoch: 108/200, Validation Loss: 0.29273869155668747, Accuracy: 76.29482071713147%
2024-06-27 00:31:08 - INFO - Epoch: 109/200, Validation Loss: 0.28573567215718476, Accuracy: 75.66656451118602%
2024-06-27 00:31:17 - INFO - Epoch: 110/200, Validation Loss: 0.28933047897675457, Accuracy: 76.46337726019001%
2024-06-27 00:31:27 - INFO - Epoch: 111/200, Validation Loss: 0.28518357624610263, Accuracy: 76.5093472264787%
2024-06-27 00:31:36 - INFO - Epoch: 112/200, Validation Loss: 0.2937104341154005, Accuracy: 75.69721115537848%
2024-06-27 00:31:45 - INFO - Epoch: 113/200, Validation Loss: 0.2821347088206048, Accuracy: 75.8044744100521%
2024-06-27 00:31:54 - INFO - Epoch: 114/200, Validation Loss: 0.28800152768107024, Accuracy: 75.62059454489733%
2024-06-27 00:32:04 - INFO - Epoch: 115/200, Validation Loss: 0.2870968030948265, Accuracy: 75.31412810297273%
2024-06-27 00:32:13 - INFO - Epoch: 116/200, Validation Loss: 0.2854486436528318, Accuracy: 76.03432424149555%
2024-06-27 00:32:23 - INFO - Epoch: 117/200, Validation Loss: 0.28792958166085036, Accuracy: 75.2528348145878%
2024-06-27 00:32:32 - INFO - Epoch: 118/200, Validation Loss: 0.2893870126675157, Accuracy: 75.37542139135765%
2024-06-27 00:32:41 - INFO - Epoch: 119/200, Validation Loss: 0.29219264244916393, Accuracy: 75.58994790070487%
2024-06-27 00:32:51 - INFO - Epoch: 120/200, Validation Loss: 0.29815902283378676, Accuracy: 75.43671467974256%
2024-06-27 00:33:00 - INFO - Epoch: 121/200, Validation Loss: 0.29066068094735054, Accuracy: 75.43671467974256%
2024-06-27 00:33:08 - INFO - Epoch: 122/200, Validation Loss: 0.2883979219431971, Accuracy: 74.88507508427827%
2024-06-27 00:33:16 - INFO - Epoch: 123/200, Validation Loss: 0.2865678177160375, Accuracy: 75.94238430891818%
2024-06-27 00:33:24 - INFO - Epoch: 124/200, Validation Loss: 0.28703973559187906, Accuracy: 74.56328532025744%
2024-06-27 00:33:32 - INFO - Epoch: 125/200, Validation Loss: 0.29002439844257694, Accuracy: 74.71651854121974%
2024-06-27 00:33:40 - INFO - Epoch: 126/200, Validation Loss: 0.29511356251496895, Accuracy: 75.2068648482991%
2024-06-27 00:33:48 - INFO - Epoch: 127/200, Validation Loss: 0.2913128508656633, Accuracy: 75.48268464603126%
2024-06-27 00:33:56 - INFO - Epoch: 128/200, Validation Loss: 0.2990188128223606, Accuracy: 74.71651854121974%
2024-06-27 00:34:04 - INFO - Epoch: 129/200, Validation Loss: 0.3143703378006524, Accuracy: 74.60925528654613%
2024-06-27 00:34:12 - INFO - Epoch: 130/200, Validation Loss: 0.2910832897120831, Accuracy: 74.48666870977628%
2024-06-27 00:34:20 - INFO - Epoch: 131/200, Validation Loss: 0.2905234947216277, Accuracy: 74.34875881091021%
2024-06-27 00:34:28 - INFO - Epoch: 132/200, Validation Loss: 0.30065350117636663, Accuracy: 74.24149555623659%
2024-06-27 00:34:34 - INFO - Epoch: 133/200, Validation Loss: 0.29945455462324855, Accuracy: 74.21084891204413%
2024-06-27 00:34:40 - INFO - Epoch: 134/200, Validation Loss: 0.3013180180215368, Accuracy: 74.30278884462152%
2024-06-27 00:34:46 - INFO - Epoch: 135/200, Validation Loss: 0.3010030584592445, Accuracy: 74.16487894575543%
2024-06-27 00:34:52 - INFO - Epoch: 136/200, Validation Loss: 0.3059231789380896, Accuracy: 74.53263867606498%
2024-06-27 00:34:58 - INFO - Epoch: 137/200, Validation Loss: 0.305630923047954, Accuracy: 74.0882623352743%
2024-06-27 00:35:04 - INFO - Epoch: 138/200, Validation Loss: 0.3015925863794252, Accuracy: 73.98099908060067%
2024-06-27 00:35:10 - INFO - Epoch: 139/200, Validation Loss: 0.30396684551355885, Accuracy: 74.39472877719889%
2024-06-27 00:35:16 - INFO - Epoch: 140/200, Validation Loss: 0.30417269088473975, Accuracy: 73.52129941771376%
2024-06-27 00:35:22 - INFO - Epoch: 141/200, Validation Loss: 0.31239143890493054, Accuracy: 73.32209623046276%
2024-06-27 00:35:29 - INFO - Epoch: 142/200, Validation Loss: 0.3113199745615323, Accuracy: 73.32209623046276%
2024-06-27 00:35:35 - INFO - Epoch: 143/200, Validation Loss: 0.3127922766348895, Accuracy: 74.01164572479314%
2024-06-27 00:35:41 - INFO - Epoch: 144/200, Validation Loss: 0.31536533303704917, Accuracy: 74.83910511798958%
2024-06-27 00:35:47 - INFO - Epoch: 145/200, Validation Loss: 0.31471753397993013, Accuracy: 74.0882623352743%
2024-06-27 00:35:53 - INFO - Epoch: 146/200, Validation Loss: 0.3069683089852333, Accuracy: 73.53662273980999%
2024-06-27 00:35:59 - INFO - Epoch: 147/200, Validation Loss: 0.31468970255524503, Accuracy: 73.01562978853815%
2024-06-27 00:36:05 - INFO - Epoch: 148/200, Validation Loss: 0.3123163392438608, Accuracy: 72.7857799570947%
2024-06-27 00:36:11 - INFO - Epoch: 149/200, Validation Loss: 0.3247033627886398, Accuracy: 74.07293901317806%
2024-06-27 00:36:17 - INFO - Epoch: 150/200, Validation Loss: 0.3124551583154529, Accuracy: 73.15353968740423%
2024-06-27 00:36:24 - INFO - Epoch: 151/200, Validation Loss: 0.32006316398288687, Accuracy: 73.32209623046276%
2024-06-27 00:36:30 - INFO - Epoch: 152/200, Validation Loss: 0.31381990599866005, Accuracy: 72.72448666870977%
2024-06-27 00:36:36 - INFO - Epoch: 153/200, Validation Loss: 0.32317597608940274, Accuracy: 73.27612626417407%
2024-06-27 00:36:42 - INFO - Epoch: 154/200, Validation Loss: 0.33575944923887063, Accuracy: 72.96965982224947%
2024-06-27 00:36:48 - INFO - Epoch: 155/200, Validation Loss: 0.32747092039561737, Accuracy: 72.72448666870977%
2024-06-27 00:36:54 - INFO - Epoch: 156/200, Validation Loss: 0.3279050788750835, Accuracy: 72.57125344774747%
2024-06-27 00:37:00 - INFO - Epoch: 157/200, Validation Loss: 0.3271876040334795, Accuracy: 72.72448666870977%
2024-06-27 00:37:06 - INFO - Epoch: 158/200, Validation Loss: 0.33601154226298424, Accuracy: 72.49463683726631%
2024-06-27 00:37:12 - INFO - Epoch: 159/200, Validation Loss: 0.3272903028364275, Accuracy: 72.55593012565124%
2024-06-27 00:37:19 - INFO - Epoch: 160/200, Validation Loss: 0.33307482784285264, Accuracy: 72.69384002451731%
2024-06-27 00:37:25 - INFO - Epoch: 161/200, Validation Loss: 0.3300379299942185, Accuracy: 72.14220042905302%
2024-06-27 00:37:31 - INFO - Epoch: 162/200, Validation Loss: 0.34564580943654566, Accuracy: 72.61722341403616%
2024-06-27 00:37:37 - INFO - Epoch: 163/200, Validation Loss: 0.3274539219690304, Accuracy: 71.77444069874349%
2024-06-27 00:37:43 - INFO - Epoch: 164/200, Validation Loss: 0.3320862272498654, Accuracy: 72.50996015936255%
2024-06-27 00:37:49 - INFO - Epoch: 165/200, Validation Loss: 0.32623960004717695, Accuracy: 72.11155378486056%
2024-06-27 00:37:55 - INFO - Epoch: 166/200, Validation Loss: 0.32655488948027295, Accuracy: 72.14220042905302%
2024-06-27 00:38:01 - INFO - Epoch: 167/200, Validation Loss: 0.3384386986201885, Accuracy: 71.91235059760956%
2024-06-27 00:38:08 - INFO - Epoch: 168/200, Validation Loss: 0.33266258561143686, Accuracy: 71.97364388599448%
2024-06-27 00:38:14 - INFO - Epoch: 169/200, Validation Loss: 0.34409462792031903, Accuracy: 71.8817039534171%
2024-06-27 00:38:20 - INFO - Epoch: 170/200, Validation Loss: 0.33975732574860257, Accuracy: 71.94299724180202%
2024-06-27 00:38:26 - INFO - Epoch: 171/200, Validation Loss: 0.34505173344822493, Accuracy: 72.09623046276432%
2024-06-27 00:38:32 - INFO - Epoch: 172/200, Validation Loss: 0.3435467510831122, Accuracy: 71.78976402083971%
2024-06-27 00:38:38 - INFO - Epoch: 173/200, Validation Loss: 0.34973123348226737, Accuracy: 71.85105730922464%
2024-06-27 00:38:44 - INFO - Epoch: 174/200, Validation Loss: 0.3481727936396412, Accuracy: 71.82041066503218%
2024-06-27 00:38:50 - INFO - Epoch: 175/200, Validation Loss: 0.34295495482636434, Accuracy: 71.80508734293595%
2024-06-27 00:38:57 - INFO - Epoch: 176/200, Validation Loss: 0.34775659982480256, Accuracy: 71.66717744406988%
2024-06-27 00:39:03 - INFO - Epoch: 177/200, Validation Loss: 0.34192101365210964, Accuracy: 71.43732761262642%
2024-06-27 00:39:09 - INFO - Epoch: 178/200, Validation Loss: 0.36149342489593167, Accuracy: 72.26478700582287%
2024-06-27 00:39:15 - INFO - Epoch: 179/200, Validation Loss: 0.35722541107850914, Accuracy: 71.48329757891511%
2024-06-27 00:39:21 - INFO - Epoch: 180/200, Validation Loss: 0.3607614601359648, Accuracy: 71.48329757891511%
2024-06-27 00:39:27 - INFO - Epoch: 181/200, Validation Loss: 0.35452507567756314, Accuracy: 71.28409439166411%
2024-06-27 00:39:33 - INFO - Epoch: 182/200, Validation Loss: 0.3690844346203056, Accuracy: 71.29941771376035%
2024-06-27 00:39:39 - INFO - Epoch: 183/200, Validation Loss: 0.3774073584114804, Accuracy: 71.25344774747165%
2024-06-27 00:39:45 - INFO - Epoch: 184/200, Validation Loss: 0.36190332413888443, Accuracy: 70.91633466135458%
2024-06-27 00:39:52 - INFO - Epoch: 185/200, Validation Loss: 0.3715795902352707, Accuracy: 71.03892123812443%
2024-06-27 00:39:58 - INFO - Epoch: 186/200, Validation Loss: 0.3667198407883738, Accuracy: 71.1768311369905%
2024-06-27 00:40:04 - INFO - Epoch: 187/200, Validation Loss: 0.3683244412144025, Accuracy: 71.00827459393196%
2024-06-27 00:40:10 - INFO - Epoch: 188/200, Validation Loss: 0.3818536609703419, Accuracy: 70.96230462764328%
2024-06-27 00:40:16 - INFO - Epoch: 189/200, Validation Loss: 0.3820250313363823, Accuracy: 70.76310144039228%
2024-06-27 00:40:22 - INFO - Epoch: 190/200, Validation Loss: 0.3697428191993751, Accuracy: 71.16150781489426%
2024-06-27 00:40:28 - INFO - Epoch: 191/200, Validation Loss: 0.37672847728518877, Accuracy: 71.19215445908674%
2024-06-27 00:40:34 - INFO - Epoch: 192/200, Validation Loss: 0.3917269508043925, Accuracy: 70.77842476248851%
2024-06-27 00:40:40 - INFO - Epoch: 193/200, Validation Loss: 0.3887784386090204, Accuracy: 71.00827459393196%
2024-06-27 00:40:46 - INFO - Epoch: 194/200, Validation Loss: 0.39222780352129655, Accuracy: 71.62120747778118%
2024-06-27 00:40:53 - INFO - Epoch: 195/200, Validation Loss: 0.39210761309254405, Accuracy: 70.77842476248851%
2024-06-27 00:40:59 - INFO - Epoch: 196/200, Validation Loss: 0.39236440787128374, Accuracy: 70.85504137296967%
2024-06-27 00:41:05 - INFO - Epoch: 197/200, Validation Loss: 0.40762344776999715, Accuracy: 70.65583818571866%
2024-06-27 00:41:11 - INFO - Epoch: 198/200, Validation Loss: 0.39146558283006444, Accuracy: 70.39534171008275%
2024-06-27 00:41:17 - INFO - Epoch: 199/200, Validation Loss: 0.3990335341762094, Accuracy: 70.64051486362243%
2024-06-27 00:41:23 - INFO - Epoch: 200/200, Validation Loss: 0.3994652284126656, Accuracy: 70.39534171008275%
2024-06-27 00:41:23 - INFO - Finished training model.
2024-06-27 00:41:23 - INFO - Model saved to lstm_classifier.pth and vocabulary saved to vocab.pkl
