2024-06-19 09:53:20 - INFO - This log entry will go into a uniquely named file for this run.
2024-06-19 09:53:20 - INFO - Starting LSTM model training...
2024-06-19 09:53:20 - INFO - Optimizer=Adam
2024-06-19 09:53:20 - INFO - epochs=800
2024-06-19 09:53:20 - INFO - batch_size=32
2024-06-19 09:53:20 - INFO - File=oneLine.txt
2024-06-19 09:53:20 - INFO - Learning Rate=0.001
2024-06-19 09:53:23 - INFO - Starting LSTM model training...
2024-06-19 09:53:26 - INFO - Epoch 1/800, Loss: 1.356891827267834
2024-06-19 09:53:29 - INFO - Epoch 2/800, Loss: 1.1914753917649143
2024-06-19 09:53:32 - INFO - Epoch 3/800, Loss: 1.1809085376131674
2024-06-19 09:53:35 - INFO - Epoch 4/800, Loss: 1.1214169673988386
2024-06-19 09:53:38 - INFO - Epoch 5/800, Loss: 1.2672708345011556
2024-06-19 09:53:41 - INFO - Epoch 6/800, Loss: 1.113976182700554
2024-06-19 09:53:43 - INFO - Epoch 7/800, Loss: 1.0830156017777708
2024-06-19 09:53:46 - INFO - Epoch 8/800, Loss: 1.1129284786494895
2024-06-19 09:53:49 - INFO - Epoch 9/800, Loss: 1.0867027755828145
2024-06-19 09:53:52 - INFO - Epoch 10/800, Loss: 1.1033075978730644
2024-06-19 09:53:55 - INFO - Epoch 11/800, Loss: 1.0760546938156077
2024-06-19 09:53:57 - INFO - Epoch 12/800, Loss: 1.0914409108689822
2024-06-19 09:54:00 - INFO - Epoch 13/800, Loss: 1.10391124374093
2024-06-19 09:54:03 - INFO - Epoch 14/800, Loss: 1.1312720462977346
2024-06-19 09:54:06 - INFO - Epoch 15/800, Loss: 1.0927595273598596
2024-06-19 09:54:09 - INFO - Epoch 16/800, Loss: 1.0936910433717564
2024-06-19 09:54:12 - INFO - Epoch 17/800, Loss: 1.0965549851030314
2024-06-19 09:54:15 - INFO - Epoch 18/800, Loss: 1.103216952808959
2024-06-19 09:54:18 - INFO - Epoch 19/800, Loss: 1.1283353192443168
2024-06-19 09:54:20 - INFO - Epoch 20/800, Loss: 1.1332049044826888
2024-06-19 09:54:23 - INFO - Epoch 21/800, Loss: 1.069897528614652
2024-06-19 09:54:26 - INFO - Epoch 22/800, Loss: 1.0893530466897072
2024-06-19 09:54:29 - INFO - Epoch 23/800, Loss: 1.128260325370616
2024-06-19 09:54:32 - INFO - Epoch 24/800, Loss: 1.0888648779224537
2024-06-19 09:54:35 - INFO - Epoch 25/800, Loss: 1.0793380985321375
2024-06-19 09:54:37 - INFO - Epoch 26/800, Loss: 1.0710723849011092
2024-06-19 09:54:40 - INFO - Epoch 27/800, Loss: 1.080451033253458
2024-06-19 09:54:43 - INFO - Epoch 28/800, Loss: 1.0723423129463394
2024-06-19 09:54:46 - INFO - Epoch 29/800, Loss: 1.072630657809065
2024-06-19 09:54:49 - INFO - Epoch 30/800, Loss: 1.0709176547245534
2024-06-19 09:54:52 - INFO - Epoch 31/800, Loss: 1.0826803517277364
2024-06-19 09:54:54 - INFO - Epoch 32/800, Loss: 1.0883244812858974
2024-06-19 09:54:57 - INFO - Epoch 33/800, Loss: 1.1129998358957434
2024-06-19 09:55:00 - INFO - Epoch 34/800, Loss: 1.075345988777259
2024-06-19 09:55:03 - INFO - Epoch 35/800, Loss: 1.0671632020136366
2024-06-19 09:55:06 - INFO - Epoch 36/800, Loss: 1.0727850756045714
2024-06-19 09:55:09 - INFO - Epoch 37/800, Loss: 1.0999643975362876
2024-06-19 09:55:12 - INFO - Epoch 38/800, Loss: 1.084693304338399
2024-06-19 09:55:14 - INFO - Epoch 39/800, Loss: 1.0631287201779291
2024-06-19 09:55:17 - INFO - Epoch 40/800, Loss: 1.0645831727761284
2024-06-19 09:55:20 - INFO - Epoch 41/800, Loss: 1.0719365102848926
2024-06-19 09:55:23 - INFO - Epoch 42/800, Loss: 1.0622313049100107
2024-06-19 09:55:26 - INFO - Epoch 43/800, Loss: 1.0729612787518703
2024-06-19 09:55:29 - INFO - Epoch 44/800, Loss: 1.0828927872971996
2024-06-19 09:55:31 - INFO - Epoch 45/800, Loss: 1.0682183241861223
2024-06-19 09:55:34 - INFO - Epoch 46/800, Loss: 1.0736812718734223
2024-06-19 09:55:37 - INFO - Epoch 47/800, Loss: 1.066218158248522
2024-06-19 09:55:40 - INFO - Epoch 48/800, Loss: 1.0601829295798784
2024-06-19 09:55:43 - INFO - Epoch 49/800, Loss: 1.0945676292568283
2024-06-19 09:55:45 - INFO - Epoch 50/800, Loss: 1.0689406219452107
2024-06-19 09:55:48 - INFO - Epoch 51/800, Loss: 1.0688601936803874
2024-06-19 09:55:51 - INFO - Epoch 52/800, Loss: 1.0870984602877916
2024-06-19 09:55:54 - INFO - Epoch 53/800, Loss: 1.07241306057505
2024-06-19 09:55:57 - INFO - Epoch 54/800, Loss: 1.0807886028495657
2024-06-19 09:56:00 - INFO - Epoch 55/800, Loss: 1.0958319039606506
2024-06-19 09:56:03 - INFO - Epoch 56/800, Loss: 1.0808476088615178
2024-06-19 09:56:05 - INFO - Epoch 57/800, Loss: 1.128303232018208
2024-06-19 09:56:08 - INFO - Epoch 58/800, Loss: 1.080103737105698
2024-06-19 09:56:11 - INFO - Epoch 59/800, Loss: 1.065727171892381
2024-06-19 09:56:14 - INFO - Epoch 60/800, Loss: 1.113910602341848
2024-06-19 09:56:17 - INFO - Epoch 61/800, Loss: 1.0617124399441025
2024-06-19 09:56:20 - INFO - Epoch 62/800, Loss: 1.1349235767677779
2024-06-19 09:56:22 - INFO - Epoch 63/800, Loss: 1.0597903265658302
2024-06-19 09:56:25 - INFO - Epoch 64/800, Loss: 1.0917012073717933
2024-06-19 09:56:29 - INFO - Epoch 65/800, Loss: 1.0627208045821428
2024-06-19 09:56:32 - INFO - Epoch 66/800, Loss: 1.0627016948013293
2024-06-19 09:56:36 - INFO - Epoch 67/800, Loss: 1.082395009558396
2024-06-19 09:56:39 - INFO - Epoch 68/800, Loss: 1.1502792268920992
2024-06-19 09:56:43 - INFO - Epoch 69/800, Loss: 1.0935415814157983
2024-06-19 09:56:47 - INFO - Epoch 70/800, Loss: 1.0909607604228775
2024-06-19 09:56:51 - INFO - Epoch 71/800, Loss: 1.0737222415913268
2024-06-19 09:56:56 - INFO - Epoch 72/800, Loss: 1.1108022693726762
2024-06-19 09:57:00 - INFO - Epoch 73/800, Loss: 1.0871263601851662
2024-06-19 09:57:04 - INFO - Epoch 74/800, Loss: 1.0681084536459753
2024-06-19 09:57:08 - INFO - Epoch 75/800, Loss: 1.0790665590650983
2024-06-19 09:57:12 - INFO - Epoch 76/800, Loss: 1.086802699093456
2024-06-19 09:57:16 - INFO - Epoch 77/800, Loss: 1.07325769725271
2024-06-19 09:57:21 - INFO - Epoch 78/800, Loss: 1.0561131292140007
2024-06-19 09:57:25 - INFO - Epoch 79/800, Loss: 1.0615743639635278
2024-06-19 09:57:29 - INFO - Epoch 80/800, Loss: 1.0729772988728339
2024-06-19 09:57:34 - INFO - Epoch 81/800, Loss: 1.0614427147292922
2024-06-19 09:57:38 - INFO - Epoch 82/800, Loss: 1.094185475330702
2024-06-19 09:57:42 - INFO - Epoch 83/800, Loss: 1.0585222317887528
2024-06-19 09:57:46 - INFO - Epoch 84/800, Loss: 1.083888252641753
2024-06-19 09:57:50 - INFO - Epoch 85/800, Loss: 1.0594959935162227
2024-06-19 09:57:55 - INFO - Epoch 86/800, Loss: 1.0663968920806044
2024-06-19 09:57:59 - INFO - Epoch 87/800, Loss: 1.0904447184349584
2024-06-19 09:58:03 - INFO - Epoch 88/800, Loss: 1.067109343498537
2024-06-19 09:58:07 - INFO - Epoch 89/800, Loss: 1.0844380399453484
2024-06-19 09:58:11 - INFO - Epoch 90/800, Loss: 1.110506003382759
2024-06-19 09:58:16 - INFO - Epoch 91/800, Loss: 1.0583048669744992
2024-06-19 09:58:20 - INFO - Epoch 92/800, Loss: 1.061491306495635
2024-06-19 09:58:24 - INFO - Epoch 93/800, Loss: 1.0607415990605775
2024-06-19 09:58:28 - INFO - Epoch 94/800, Loss: 1.0700691734309349
2024-06-19 09:58:33 - INFO - Epoch 95/800, Loss: 1.0721055714956758
2024-06-19 09:58:37 - INFO - Epoch 96/800, Loss: 1.063897711441461
2024-06-19 09:58:41 - INFO - Epoch 97/800, Loss: 1.1169643896362842
2024-06-19 09:58:45 - INFO - Epoch 98/800, Loss: 1.108805018965314
2024-06-19 09:58:50 - INFO - Epoch 99/800, Loss: 1.0797733029981968
2024-06-19 09:58:54 - INFO - Epoch 100/800, Loss: 1.0656397065425058
2024-06-19 09:58:58 - INFO - Epoch 101/800, Loss: 1.0778515792087064
2024-06-19 09:59:02 - INFO - Epoch 102/800, Loss: 1.0734507976956136
2024-06-19 09:59:06 - INFO - Epoch 103/800, Loss: 1.0644550556817385
2024-06-19 09:59:11 - INFO - Epoch 104/800, Loss: 1.4657711549828774
2024-06-19 09:59:15 - INFO - Epoch 105/800, Loss: 1.0790049163236914
2024-06-19 09:59:19 - INFO - Epoch 106/800, Loss: 1.0615068027051127
2024-06-19 09:59:23 - INFO - Epoch 107/800, Loss: 1.0710313067029478
2024-06-19 09:59:27 - INFO - Epoch 108/800, Loss: 1.0697951746863488
2024-06-19 09:59:32 - INFO - Epoch 109/800, Loss: 1.0781482716686608
2024-06-19 09:59:36 - INFO - Epoch 110/800, Loss: 1.064588987787309
2024-06-19 09:59:40 - INFO - Epoch 111/800, Loss: 1.0589852925034133
2024-06-19 09:59:44 - INFO - Epoch 112/800, Loss: 1.071534646268411
2024-06-19 09:59:49 - INFO - Epoch 113/800, Loss: 1.0808950130750536
2024-06-19 09:59:53 - INFO - Epoch 114/800, Loss: 1.0766979534588113
2024-06-19 09:59:57 - INFO - Epoch 115/800, Loss: 1.0979423406054227
2024-06-19 10:00:01 - INFO - Epoch 116/800, Loss: 1.074411479748758
2024-06-19 10:00:05 - INFO - Epoch 117/800, Loss: 1.081549917688492
2024-06-19 10:00:10 - INFO - Epoch 118/800, Loss: 1.0677637938703632
2024-06-19 10:00:14 - INFO - Epoch 119/800, Loss: 1.0797766156763826
2024-06-19 10:00:18 - INFO - Epoch 120/800, Loss: 1.0697221352257744
2024-06-19 10:00:22 - INFO - Epoch 121/800, Loss: 1.0832343256421748
2024-06-19 10:00:27 - INFO - Epoch 122/800, Loss: 1.0787644651026207
2024-06-19 10:00:31 - INFO - Epoch 123/800, Loss: 1.0577723711002964
2024-06-19 10:00:35 - INFO - Epoch 124/800, Loss: 1.1004360086655764
2024-06-19 10:00:39 - INFO - Epoch 125/800, Loss: 1.058954674687669
2024-06-19 10:00:44 - INFO - Epoch 126/800, Loss: 1.0729620970168117
2024-06-19 10:00:48 - INFO - Epoch 127/800, Loss: 1.0630779548990237
2024-06-19 10:00:52 - INFO - Epoch 128/800, Loss: 1.0607373184879274
2024-06-19 10:00:56 - INFO - Epoch 129/800, Loss: 1.057991703138266
2024-06-19 10:01:00 - INFO - Epoch 130/800, Loss: 1.0966470548764764
2024-06-19 10:01:05 - INFO - Epoch 131/800, Loss: 1.0669945163288335
2024-06-19 10:01:09 - INFO - Epoch 132/800, Loss: 1.0815328891695724
2024-06-19 10:01:13 - INFO - Epoch 133/800, Loss: 1.075389152646281
2024-06-19 10:01:17 - INFO - Epoch 134/800, Loss: 1.0836583438475835
2024-06-19 10:01:22 - INFO - Epoch 135/800, Loss: 1.0732459247240118
2024-06-19 10:01:26 - INFO - Epoch 136/800, Loss: 1.0878339248909086
2024-06-19 10:01:30 - INFO - Epoch 137/800, Loss: 1.0610858008313846
2024-06-19 10:01:34 - INFO - Epoch 138/800, Loss: 1.144443015385361
2024-06-19 10:01:38 - INFO - Epoch 139/800, Loss: 1.0651442061121994
2024-06-19 10:01:43 - INFO - Epoch 140/800, Loss: 1.08579078235557
2024-06-19 10:01:47 - INFO - Epoch 141/800, Loss: 1.0678472803979464
2024-06-19 10:01:51 - INFO - Epoch 142/800, Loss: 1.0693889847159983
2024-06-19 10:01:55 - INFO - Epoch 143/800, Loss: 1.0698543971195766
2024-06-19 10:01:59 - INFO - Epoch 144/800, Loss: 1.123666542129588
2024-06-19 10:02:04 - INFO - Epoch 145/800, Loss: 1.0830175513705358
2024-06-19 10:02:08 - INFO - Epoch 146/800, Loss: 1.056026920524622
2024-06-19 10:02:12 - INFO - Epoch 147/800, Loss: 1.062470967099722
2024-06-19 10:02:16 - INFO - Epoch 148/800, Loss: 1.0950934546769915
2024-06-19 10:02:21 - INFO - Epoch 149/800, Loss: 1.0602550488431441
2024-06-19 10:02:25 - INFO - Epoch 150/800, Loss: 1.0618081763620286
2024-06-19 10:02:29 - INFO - Epoch 151/800, Loss: 1.0783798821339714
2024-06-19 10:02:33 - INFO - Epoch 152/800, Loss: 1.0597696447112817
2024-06-19 10:02:38 - INFO - Epoch 153/800, Loss: 1.0693833649417444
2024-06-19 10:02:42 - INFO - Epoch 154/800, Loss: 1.0878012540913031
2024-06-19 10:02:46 - INFO - Epoch 155/800, Loss: 1.060525261443853
2024-06-19 10:02:50 - INFO - Epoch 156/800, Loss: 1.0621997233907794
2024-06-19 10:02:54 - INFO - Epoch 157/800, Loss: 1.0565645982053082
2024-06-19 10:02:59 - INFO - Epoch 158/800, Loss: 1.0765644240476364
2024-06-19 10:03:03 - INFO - Epoch 159/800, Loss: 1.0860650724279783
2024-06-19 10:03:07 - INFO - Epoch 160/800, Loss: 1.0616908646263201
2024-06-19 10:03:11 - INFO - Epoch 161/800, Loss: 1.0582729131614377
2024-06-19 10:03:16 - INFO - Epoch 162/800, Loss: 1.0548741706610971
2024-06-19 10:03:20 - INFO - Epoch 163/800, Loss: 1.0687864772352207
2024-06-19 10:03:24 - INFO - Epoch 164/800, Loss: 1.0745504630226275
2024-06-19 10:03:28 - INFO - Epoch 165/800, Loss: 1.0607933714262219
2024-06-19 10:03:32 - INFO - Epoch 166/800, Loss: 1.0730125189273327
2024-06-19 10:03:37 - INFO - Epoch 167/800, Loss: 1.0848597091514731
2024-06-19 10:03:41 - INFO - Epoch 168/800, Loss: 1.0829452791800365
2024-06-19 10:03:45 - INFO - Epoch 169/800, Loss: 1.0739922866119527
2024-06-19 10:03:49 - INFO - Epoch 170/800, Loss: 1.0596826889527642
2024-06-19 10:03:54 - INFO - Epoch 171/800, Loss: 1.0553599613987232
2024-06-19 10:03:58 - INFO - Epoch 172/800, Loss: 1.0598182564490977
2024-06-19 10:04:02 - INFO - Epoch 173/800, Loss: 1.0564163222811451
2024-06-19 10:04:06 - INFO - Epoch 174/800, Loss: 1.0753581101191698
2024-06-19 10:04:10 - INFO - Epoch 175/800, Loss: 1.0476900440123074
2024-06-19 10:04:15 - INFO - Epoch 176/800, Loss: 1.0530053198301497
2024-06-19 10:04:19 - INFO - Epoch 177/800, Loss: 1.0554794471059203
2024-06-19 10:04:23 - INFO - Epoch 178/800, Loss: 1.0591152740089975
2024-06-19 10:04:27 - INFO - Epoch 179/800, Loss: 1.0718558956010766
2024-06-19 10:04:32 - INFO - Epoch 180/800, Loss: 1.0650333013759026
2024-06-19 10:04:36 - INFO - Epoch 181/800, Loss: 1.06696270296022
2024-06-19 10:04:40 - INFO - Epoch 182/800, Loss: 1.0637814504396257
2024-06-19 10:04:44 - INFO - Epoch 183/800, Loss: 1.0565249473848128
2024-06-19 10:04:49 - INFO - Epoch 184/800, Loss: 1.0729876497309376
2024-06-19 10:04:53 - INFO - Epoch 185/800, Loss: 1.072039584499089
2024-06-19 10:04:57 - INFO - Epoch 186/800, Loss: 1.0643647543204802
2024-06-19 10:05:01 - INFO - Epoch 187/800, Loss: 1.068795599894431
2024-06-19 10:05:05 - INFO - Epoch 188/800, Loss: 1.0804042275596528
2024-06-19 10:05:10 - INFO - Epoch 189/800, Loss: 1.0703525662468072
2024-06-19 10:05:14 - INFO - Epoch 190/800, Loss: 1.060299029295472
2024-06-19 10:05:18 - INFO - Epoch 191/800, Loss: 1.0733794515750357
2024-06-19 10:05:22 - INFO - Epoch 192/800, Loss: 1.081934133949095
2024-06-19 10:05:26 - INFO - Epoch 193/800, Loss: 1.062697778510974
2024-06-19 10:05:31 - INFO - Epoch 194/800, Loss: 1.072114762821679
2024-06-19 10:05:35 - INFO - Epoch 195/800, Loss: 1.0596771916232277
2024-06-19 10:05:39 - INFO - Epoch 196/800, Loss: 1.0606972821532568
2024-06-19 10:05:43 - INFO - Epoch 197/800, Loss: 1.065380810989783
2024-06-19 10:05:48 - INFO - Epoch 198/800, Loss: 1.0906651915939034
2024-06-19 10:05:52 - INFO - Epoch 199/800, Loss: 1.062554097966262
2024-06-19 10:05:56 - INFO - Epoch 200/800, Loss: 1.139783084028685
2024-06-19 10:06:00 - INFO - Epoch 201/800, Loss: 1.0650909821244872
2024-06-19 10:06:05 - INFO - Epoch 202/800, Loss: 1.0898794885162393
2024-06-19 10:06:09 - INFO - Epoch 203/800, Loss: 1.06167254001861
2024-06-19 10:06:13 - INFO - Epoch 204/800, Loss: 1.0693664339380295
2024-06-19 10:06:17 - INFO - Epoch 205/800, Loss: 1.0695437415954874
2024-06-19 10:06:21 - INFO - Epoch 206/800, Loss: 1.0698365395083416
2024-06-19 10:06:26 - INFO - Epoch 207/800, Loss: 1.0635457992265243
2024-06-19 10:06:30 - INFO - Epoch 208/800, Loss: 1.087275359160251
2024-06-19 10:06:34 - INFO - Epoch 209/800, Loss: 1.0867968893336992
2024-06-19 10:06:38 - INFO - Epoch 210/800, Loss: 1.06783764990277
2024-06-19 10:06:42 - INFO - Epoch 211/800, Loss: 1.0653576954051107
2024-06-19 10:06:47 - INFO - Epoch 212/800, Loss: 1.0820180432654736
2024-06-19 10:06:51 - INFO - Epoch 213/800, Loss: 1.1016440613005072
2024-06-19 10:06:55 - INFO - Epoch 214/800, Loss: 1.3722737425363465
2024-06-19 10:06:59 - INFO - Epoch 215/800, Loss: 1.0643198712984143
2024-06-19 10:07:04 - INFO - Epoch 216/800, Loss: 1.0658562995269276
2024-06-19 10:07:08 - INFO - Epoch 217/800, Loss: 1.0885128964621498
2024-06-19 10:07:12 - INFO - Epoch 218/800, Loss: 1.0631122006767098
2024-06-19 10:07:16 - INFO - Epoch 219/800, Loss: 1.051406370271113
2024-06-19 10:07:20 - INFO - Epoch 220/800, Loss: 1.0580013904976437
2024-06-19 10:07:25 - INFO - Epoch 221/800, Loss: 1.0605624581710251
2024-06-19 10:07:29 - INFO - Epoch 222/800, Loss: 1.0635482629409017
2024-06-19 10:07:33 - INFO - Epoch 223/800, Loss: 1.0597319215239456
2024-06-19 10:07:37 - INFO - Epoch 224/800, Loss: 1.0834574803774726
2024-06-19 10:07:42 - INFO - Epoch 225/800, Loss: 1.085393733076941
2024-06-19 10:07:46 - INFO - Epoch 226/800, Loss: 1.0837729553745465
2024-06-19 10:07:50 - INFO - Epoch 227/800, Loss: 1.0854497978686368
2024-06-19 10:07:54 - INFO - Epoch 228/800, Loss: 1.0645036141890631
2024-06-19 10:07:58 - INFO - Epoch 229/800, Loss: 1.0686283256887885
2024-06-19 10:08:03 - INFO - Epoch 230/800, Loss: 1.0775491555735057
2024-06-19 10:08:07 - INFO - Epoch 231/800, Loss: 1.0675401091673964
2024-06-19 10:08:11 - INFO - Epoch 232/800, Loss: 1.0629383958370084
2024-06-19 10:08:15 - INFO - Epoch 233/800, Loss: 1.053205311422936
2024-06-19 10:08:20 - INFO - Epoch 234/800, Loss: 1.0586775303876932
2024-06-19 10:08:24 - INFO - Epoch 235/800, Loss: 1.0606647673392986
2024-06-19 10:08:28 - INFO - Epoch 236/800, Loss: 1.1362943840631325
2024-06-19 10:08:32 - INFO - Epoch 237/800, Loss: 1.0803850246840745
2024-06-19 10:08:36 - INFO - Epoch 238/800, Loss: 1.0628394366641554
2024-06-19 10:08:41 - INFO - Epoch 239/800, Loss: 1.097333879188389
2024-06-19 10:08:45 - INFO - Epoch 240/800, Loss: 1.077482757687418
2024-06-19 10:08:49 - INFO - Epoch 241/800, Loss: 1.0488792459432268
2024-06-19 10:08:53 - INFO - Epoch 242/800, Loss: 1.070890260212808
2024-06-19 10:08:58 - INFO - Epoch 243/800, Loss: 1.06374628088337
2024-06-19 10:09:02 - INFO - Epoch 244/800, Loss: 1.0850447087386768
2024-06-19 10:09:06 - INFO - Epoch 245/800, Loss: 1.0693307128249172
2024-06-19 10:09:10 - INFO - Epoch 246/800, Loss: 1.118965137459189
2024-06-19 10:09:14 - INFO - Epoch 247/800, Loss: 1.0696241496347891
2024-06-19 10:09:19 - INFO - Epoch 248/800, Loss: 1.0739926602104437
2024-06-19 10:09:23 - INFO - Epoch 249/800, Loss: 1.061871442807158
2024-06-19 10:09:27 - INFO - Epoch 250/800, Loss: 1.0674510830071398
2024-06-19 10:09:32 - INFO - Epoch 251/800, Loss: 1.0909042475490112
2024-06-19 10:09:36 - INFO - Epoch 252/800, Loss: 1.0920219283971182
2024-06-19 10:09:40 - INFO - Epoch 253/800, Loss: 1.0614882384118602
2024-06-19 10:09:44 - INFO - Epoch 254/800, Loss: 1.0644153233035487
2024-06-19 10:09:48 - INFO - Epoch 255/800, Loss: 1.0600143098033956
2024-06-19 10:09:53 - INFO - Epoch 256/800, Loss: 1.0629035591692353
2024-06-19 10:09:57 - INFO - Epoch 257/800, Loss: 1.0694585635226361
2024-06-19 10:10:01 - INFO - Epoch 258/800, Loss: 1.0608881536322328
2024-06-19 10:10:05 - INFO - Epoch 259/800, Loss: 1.0624142348969565
2024-06-19 10:10:10 - INFO - Epoch 260/800, Loss: 1.0723131386772056
2024-06-19 10:10:14 - INFO - Epoch 261/800, Loss: 1.0854754303703147
2024-06-19 10:10:18 - INFO - Epoch 262/800, Loss: 1.0585426283978867
2024-06-19 10:10:22 - INFO - Epoch 263/800, Loss: 1.0670166743547094
2024-06-19 10:10:26 - INFO - Epoch 264/800, Loss: 1.1185998049714887
2024-06-19 10:10:31 - INFO - Epoch 265/800, Loss: 1.1088333057405295
2024-06-19 10:10:35 - INFO - Epoch 266/800, Loss: 1.0587538158968612
2024-06-19 10:10:39 - INFO - Epoch 267/800, Loss: 1.066535952788391
2024-06-19 10:10:43 - INFO - Epoch 268/800, Loss: 1.0728865083488754
2024-06-19 10:10:47 - INFO - Epoch 269/800, Loss: 1.0622444490535958
2024-06-19 10:10:52 - INFO - Epoch 270/800, Loss: 1.082223858035044
2024-06-19 10:10:56 - INFO - Epoch 271/800, Loss: 1.086198842473689
2024-06-19 10:11:00 - INFO - Epoch 272/800, Loss: 1.065273621357268
2024-06-19 10:11:04 - INFO - Epoch 273/800, Loss: 1.0868009809993224
2024-06-19 10:11:09 - INFO - Epoch 274/800, Loss: 1.0746875316443856
2024-06-19 10:11:13 - INFO - Epoch 275/800, Loss: 1.0870663005972776
2024-06-19 10:11:17 - INFO - Epoch 276/800, Loss: 1.0841730796503417
2024-06-19 10:11:21 - INFO - Epoch 277/800, Loss: 1.0730258302281335
2024-06-19 10:11:26 - INFO - Epoch 278/800, Loss: 1.0740264076175112
2024-06-19 10:11:30 - INFO - Epoch 279/800, Loss: 1.0703026378193436
2024-06-19 10:11:34 - INFO - Epoch 280/800, Loss: 1.0558009539042303
2024-06-19 10:11:38 - INFO - Epoch 281/800, Loss: 1.0618174584603037
2024-06-19 10:11:42 - INFO - Epoch 282/800, Loss: 1.072024683010091
2024-06-19 10:11:47 - INFO - Epoch 283/800, Loss: 1.0541512637106112
2024-06-19 10:11:51 - INFO - Epoch 284/800, Loss: 1.0520159797831572
2024-06-19 10:11:55 - INFO - Epoch 285/800, Loss: 1.0846979363499738
2024-06-19 10:11:59 - INFO - Epoch 286/800, Loss: 1.056327743812972
2024-06-19 10:12:03 - INFO - Epoch 287/800, Loss: 1.063260959954779
2024-06-19 10:12:08 - INFO - Epoch 288/800, Loss: 1.0859067150163866
2024-06-19 10:12:12 - INFO - Epoch 289/800, Loss: 1.0612855214251287
2024-06-19 10:12:16 - INFO - Epoch 290/800, Loss: 1.0625095475377577
2024-06-19 10:12:20 - INFO - Epoch 291/800, Loss: 1.0518986774816546
2024-06-19 10:12:25 - INFO - Epoch 292/800, Loss: 1.0690186818424365
2024-06-19 10:12:29 - INFO - Epoch 293/800, Loss: 1.1878105167350523
2024-06-19 10:12:33 - INFO - Epoch 294/800, Loss: 1.0584861718145644
2024-06-19 10:12:37 - INFO - Epoch 295/800, Loss: 1.0662929752685577
2024-06-19 10:12:41 - INFO - Epoch 296/800, Loss: 1.0986151783594706
2024-06-19 10:12:46 - INFO - Epoch 297/800, Loss: 1.0584666729497876
2024-06-19 10:12:50 - INFO - Epoch 298/800, Loss: 1.1005202395054647
2024-06-19 10:12:54 - INFO - Epoch 299/800, Loss: 1.0618672717334163
2024-06-19 10:12:58 - INFO - Epoch 300/800, Loss: 1.0592602941519564
2024-06-19 10:13:03 - INFO - Epoch 301/800, Loss: 1.0828260805047871
2024-06-19 10:13:07 - INFO - Epoch 302/800, Loss: 1.0594203444061019
2024-06-19 10:13:11 - INFO - Epoch 303/800, Loss: 1.0695934770183713
2024-06-19 10:13:15 - INFO - Epoch 304/800, Loss: 1.05881395290074
2024-06-19 10:13:20 - INFO - Epoch 305/800, Loss: 1.1158266387376259
2024-06-19 10:13:24 - INFO - Epoch 306/800, Loss: 1.0846618642994774
2024-06-19 10:13:28 - INFO - Epoch 307/800, Loss: 1.0681661213545073
2024-06-19 10:13:32 - INFO - Epoch 308/800, Loss: 1.0675023524129061
2024-06-19 10:13:36 - INFO - Epoch 309/800, Loss: 1.0713259081869395
2024-06-19 10:13:41 - INFO - Epoch 310/800, Loss: 1.066994991100825
2024-06-19 10:13:45 - INFO - Epoch 311/800, Loss: 1.0822547919770014
2024-06-19 10:13:49 - INFO - Epoch 312/800, Loss: 1.064054675728471
2024-06-19 10:13:53 - INFO - Epoch 313/800, Loss: 1.1197737560396521
2024-06-19 10:13:57 - INFO - Epoch 314/800, Loss: 1.0573843564490493
2024-06-19 10:14:02 - INFO - Epoch 315/800, Loss: 1.0857010981184694
2024-06-19 10:14:06 - INFO - Epoch 316/800, Loss: 1.0516357657008981
2024-06-19 10:14:10 - INFO - Epoch 317/800, Loss: 1.071219369850228
2024-06-19 10:14:14 - INFO - Epoch 318/800, Loss: 1.1244966603968394
2024-06-19 10:14:18 - INFO - Epoch 319/800, Loss: 1.0618051413504235
2024-06-19 10:14:23 - INFO - Epoch 320/800, Loss: 1.070520973904445
2024-06-19 10:14:27 - INFO - Epoch 321/800, Loss: 1.0680925828332863
2024-06-19 10:14:31 - INFO - Epoch 322/800, Loss: 1.068574501822597
2024-06-19 10:14:35 - INFO - Epoch 323/800, Loss: 1.0635941178725214
2024-06-19 10:14:40 - INFO - Epoch 324/800, Loss: 1.0607765961262428
2024-06-19 10:14:44 - INFO - Epoch 325/800, Loss: 1.0690516169981312
2024-06-19 10:14:48 - INFO - Epoch 326/800, Loss: 1.1047113171073788
2024-06-19 10:14:52 - INFO - Epoch 327/800, Loss: 1.0626851229464949
2024-06-19 10:14:57 - INFO - Epoch 328/800, Loss: 1.08562825724662
2024-06-19 10:15:01 - INFO - Epoch 329/800, Loss: 1.0765811472988585
2024-06-19 10:15:05 - INFO - Epoch 330/800, Loss: 1.0673488379540974
2024-06-19 10:15:09 - INFO - Epoch 331/800, Loss: 1.0623172883552627
2024-06-19 10:15:14 - INFO - Epoch 332/800, Loss: 1.0687982024109575
2024-06-19 10:15:18 - INFO - Epoch 333/800, Loss: 1.0726782676837026
2024-06-19 10:15:22 - INFO - Epoch 334/800, Loss: 1.1717808572908888
2024-06-19 10:15:26 - INFO - Epoch 335/800, Loss: 1.0559347605591185
2024-06-19 10:15:31 - INFO - Epoch 336/800, Loss: 1.0724472126203919
2024-06-19 10:15:35 - INFO - Epoch 337/800, Loss: 1.0572407678075337
2024-06-19 10:15:39 - INFO - Epoch 338/800, Loss: 1.0595661813995267
2024-06-19 10:15:43 - INFO - Epoch 339/800, Loss: 1.0637513206408034
2024-06-19 10:15:47 - INFO - Epoch 340/800, Loss: 1.0773253107906169
2024-06-19 10:15:52 - INFO - Epoch 341/800, Loss: 1.05922691321036
2024-06-19 10:15:56 - INFO - Epoch 342/800, Loss: 1.077305593165681
2024-06-19 10:16:00 - INFO - Epoch 343/800, Loss: 1.0952216013983282
2024-06-19 10:16:04 - INFO - Epoch 344/800, Loss: 1.0662550352944442
2024-06-19 10:16:09 - INFO - Epoch 345/800, Loss: 1.086166922490025
2024-06-19 10:16:13 - INFO - Epoch 346/800, Loss: 1.05521826306002
2024-06-19 10:16:17 - INFO - Epoch 347/800, Loss: 1.064045348937366
2024-06-19 10:16:21 - INFO - Epoch 348/800, Loss: 1.0654011446834495
2024-06-19 10:16:25 - INFO - Epoch 349/800, Loss: 1.093781530149029
2024-06-19 10:16:30 - INFO - Epoch 350/800, Loss: 1.0543772931317388
2024-06-19 10:16:34 - INFO - Epoch 351/800, Loss: 1.066489572350108
2024-06-19 10:16:38 - INFO - Epoch 352/800, Loss: 1.062297516278765
2024-06-19 10:16:42 - INFO - Epoch 353/800, Loss: 1.0695338842204412
2024-06-19 10:16:46 - INFO - Epoch 354/800, Loss: 1.0600400486644368
2024-06-19 10:16:51 - INFO - Epoch 355/800, Loss: 1.0860693201480878
2024-06-19 10:16:55 - INFO - Epoch 356/800, Loss: 1.0625057484079152
2024-06-19 10:16:59 - INFO - Epoch 357/800, Loss: 1.0736354909268095
2024-06-19 10:17:03 - INFO - Epoch 358/800, Loss: 1.066625580518597
2024-06-19 10:17:08 - INFO - Epoch 359/800, Loss: 1.0692525172347658
2024-06-19 10:17:12 - INFO - Epoch 360/800, Loss: 1.0608898698857454
2024-06-19 10:17:16 - INFO - Epoch 361/800, Loss: 1.0682891467443258
2024-06-19 10:17:20 - INFO - Epoch 362/800, Loss: 1.0685077699138237
2024-06-19 10:17:24 - INFO - Epoch 363/800, Loss: 1.057624412590617
2024-06-19 10:17:29 - INFO - Epoch 364/800, Loss: 1.0526091562589062
2024-06-19 10:17:33 - INFO - Epoch 365/800, Loss: 1.0621241721875898
2024-06-19 10:17:37 - INFO - Epoch 366/800, Loss: 1.0829171745525246
2024-06-19 10:17:41 - INFO - Epoch 367/800, Loss: 1.0707079855966823
2024-06-19 10:17:46 - INFO - Epoch 368/800, Loss: 1.0629865009615682
2024-06-19 10:17:50 - INFO - Epoch 369/800, Loss: 1.0631603395290476
2024-06-19 10:17:54 - INFO - Epoch 370/800, Loss: 1.0652975024074531
2024-06-19 10:17:58 - INFO - Epoch 371/800, Loss: 1.0988207051923538
2024-06-19 10:18:02 - INFO - Epoch 372/800, Loss: 1.0656676870502209
2024-06-19 10:18:07 - INFO - Epoch 373/800, Loss: 1.0610622335816415
2024-06-19 10:18:11 - INFO - Epoch 374/800, Loss: 1.066244305402855
2024-06-19 10:18:15 - INFO - Epoch 375/800, Loss: 1.0625706984646308
2024-06-19 10:18:19 - INFO - Epoch 376/800, Loss: 1.1273897529100747
2024-06-19 10:18:24 - INFO - Epoch 377/800, Loss: 1.0708407874430708
2024-06-19 10:18:28 - INFO - Epoch 378/800, Loss: 1.0650921437381446
2024-06-19 10:18:32 - INFO - Epoch 379/800, Loss: 1.065416242927108
2024-06-19 10:18:36 - INFO - Epoch 380/800, Loss: 1.064699330044312
2024-06-19 10:18:40 - INFO - Epoch 381/800, Loss: 1.064808454633133
2024-06-19 10:18:45 - INFO - Epoch 382/800, Loss: 1.0586184740053417
2024-06-19 10:18:49 - INFO - Epoch 383/800, Loss: 1.061157776532784
2024-06-19 10:18:53 - INFO - Epoch 384/800, Loss: 1.071721364390645
2024-06-19 10:18:57 - INFO - Epoch 385/800, Loss: 1.100325418516452
2024-06-19 10:19:02 - INFO - Epoch 386/800, Loss: 1.0634374045725146
2024-06-19 10:19:06 - INFO - Epoch 387/800, Loss: 1.054678076244401
2024-06-19 10:19:10 - INFO - Epoch 388/800, Loss: 1.0616914235423818
2024-06-19 10:19:14 - INFO - Epoch 389/800, Loss: 1.0580434189871817
2024-06-19 10:19:18 - INFO - Epoch 390/800, Loss: 1.0655618697472062
2024-06-19 10:19:23 - INFO - Epoch 391/800, Loss: 1.0590500315312328
2024-06-19 10:19:27 - INFO - Epoch 392/800, Loss: 1.065133980987509
2024-06-19 10:19:31 - INFO - Epoch 393/800, Loss: 1.0737181766089685
2024-06-19 10:19:35 - INFO - Epoch 394/800, Loss: 1.0703221953873037
2024-06-19 10:19:40 - INFO - Epoch 395/800, Loss: 1.0656278551670544
2024-06-19 10:19:44 - INFO - Epoch 396/800, Loss: 1.1200126153777772
2024-06-19 10:19:48 - INFO - Epoch 397/800, Loss: 1.055169006454232
2024-06-19 10:19:52 - INFO - Epoch 398/800, Loss: 1.087863862134243
2024-06-19 10:19:56 - INFO - Epoch 399/800, Loss: 1.0653738852204948
2024-06-19 10:20:01 - INFO - Epoch 400/800, Loss: 1.0690572064144346
2024-06-19 10:20:05 - INFO - Epoch 401/800, Loss: 1.0628320578333503
2024-06-19 10:20:09 - INFO - Epoch 402/800, Loss: 1.0931534167596926
2024-06-19 10:20:13 - INFO - Epoch 403/800, Loss: 1.0707349664030876
2024-06-19 10:20:18 - INFO - Epoch 404/800, Loss: 1.0620183068514197
2024-06-19 10:20:22 - INFO - Epoch 405/800, Loss: 1.0933635244109623
2024-06-19 10:20:26 - INFO - Epoch 406/800, Loss: 1.0730053589025792
2024-06-19 10:20:30 - INFO - Epoch 407/800, Loss: 1.068836168770034
2024-06-19 10:20:34 - INFO - Epoch 408/800, Loss: 1.080004238567028
2024-06-19 10:20:39 - INFO - Epoch 409/800, Loss: 1.0908822128824267
2024-06-19 10:20:43 - INFO - Epoch 410/800, Loss: 1.067908329053175
2024-06-19 10:20:47 - INFO - Epoch 411/800, Loss: 1.0630592733878923
2024-06-19 10:20:51 - INFO - Epoch 412/800, Loss: 1.0578336417789749
2024-06-19 10:20:56 - INFO - Epoch 413/800, Loss: 1.0605922005183495
2024-06-19 10:21:00 - INFO - Epoch 414/800, Loss: 1.0607909598097722
2024-06-19 10:21:04 - INFO - Epoch 415/800, Loss: 1.0528380724093915
2024-06-19 10:21:08 - INFO - Epoch 416/800, Loss: 1.060449762250084
2024-06-19 10:21:13 - INFO - Epoch 417/800, Loss: 1.0544042030078629
2024-06-19 10:21:17 - INFO - Epoch 418/800, Loss: 1.0569412804411065
2024-06-19 10:21:21 - INFO - Epoch 419/800, Loss: 1.0736318619757184
2024-06-19 10:21:25 - INFO - Epoch 420/800, Loss: 1.062832385224556
2024-06-19 10:21:30 - INFO - Epoch 421/800, Loss: 1.0849524600103417
2024-06-19 10:21:34 - INFO - Epoch 422/800, Loss: 1.0543988956212145
2024-06-19 10:21:38 - INFO - Epoch 423/800, Loss: 1.0541784527972737
2024-06-19 10:21:42 - INFO - Epoch 424/800, Loss: 1.0531398849388176
2024-06-19 10:21:46 - INFO - Epoch 425/800, Loss: 1.068916060642225
2024-06-19 10:21:51 - INFO - Epoch 426/800, Loss: 1.0948688605114854
2024-06-19 10:21:55 - INFO - Epoch 427/800, Loss: 1.063653393510426
2024-06-19 10:21:59 - INFO - Epoch 428/800, Loss: 1.061893819739885
2024-06-19 10:22:03 - INFO - Epoch 429/800, Loss: 1.0542870946615723
2024-06-19 10:22:08 - INFO - Epoch 430/800, Loss: 1.069757000369902
2024-06-19 10:22:12 - INFO - Epoch 431/800, Loss: 1.0619842636796997
2024-06-19 10:22:16 - INFO - Epoch 432/800, Loss: 1.0546444687769632
2024-06-19 10:22:20 - INFO - Epoch 433/800, Loss: 1.0636076150354572
2024-06-19 10:22:24 - INFO - Epoch 434/800, Loss: 1.0612337508820755
2024-06-19 10:22:29 - INFO - Epoch 435/800, Loss: 1.0761659667154013
2024-06-19 10:22:33 - INFO - Epoch 436/800, Loss: 1.0510085384123122
2024-06-19 10:22:37 - INFO - Epoch 437/800, Loss: 1.062488275252048
2024-06-19 10:22:41 - INFO - Epoch 438/800, Loss: 1.0537033426560356
2024-06-19 10:22:46 - INFO - Epoch 439/800, Loss: 1.0603829549365014
2024-06-19 10:22:50 - INFO - Epoch 440/800, Loss: 1.0651731452899673
2024-06-19 10:22:54 - INFO - Epoch 441/800, Loss: 1.0700499363637355
2024-06-19 10:22:58 - INFO - Epoch 442/800, Loss: 1.0657592581580235
2024-06-19 10:23:02 - INFO - Epoch 443/800, Loss: 1.052836929578917
2024-06-19 10:23:07 - INFO - Epoch 444/800, Loss: 1.066178057457704
2024-06-19 10:23:11 - INFO - Epoch 445/800, Loss: 1.0834868295973679
2024-06-19 10:23:15 - INFO - Epoch 446/800, Loss: 1.0555535033677124
2024-06-19 10:23:19 - INFO - Epoch 447/800, Loss: 1.0859506776648464
2024-06-19 10:23:24 - INFO - Epoch 448/800, Loss: 1.0580800678485731
2024-06-19 10:23:28 - INFO - Epoch 449/800, Loss: 1.0617463684072852
2024-06-19 10:23:32 - INFO - Epoch 450/800, Loss: 1.0759617800970371
2024-06-19 10:23:36 - INFO - Epoch 451/800, Loss: 1.07832527459602
2024-06-19 10:23:40 - INFO - Epoch 452/800, Loss: 1.066048091593299
2024-06-19 10:23:45 - INFO - Epoch 453/800, Loss: 1.1483180098805577
2024-06-19 10:23:49 - INFO - Epoch 454/800, Loss: 1.1622985202552973
2024-06-19 10:23:53 - INFO - Epoch 455/800, Loss: 1.1109542878116114
2024-06-19 10:23:57 - INFO - Epoch 456/800, Loss: 1.065933813420301
2024-06-19 10:24:01 - INFO - Epoch 457/800, Loss: 1.0896952221681135
2024-06-19 10:24:06 - INFO - Epoch 458/800, Loss: 1.1050766824213958
2024-06-19 10:24:10 - INFO - Epoch 459/800, Loss: 1.0540199620209858
2024-06-19 10:24:14 - INFO - Epoch 460/800, Loss: 1.065976018402919
2024-06-19 10:24:18 - INFO - Epoch 461/800, Loss: 1.0615857923108871
2024-06-19 10:24:23 - INFO - Epoch 462/800, Loss: 1.074405378348126
2024-06-19 10:24:27 - INFO - Epoch 463/800, Loss: 1.0910473732916048
2024-06-19 10:24:31 - INFO - Epoch 464/800, Loss: 1.0671515000808596
2024-06-19 10:24:35 - INFO - Epoch 465/800, Loss: 1.045495586709169
2024-06-19 10:24:39 - INFO - Epoch 466/800, Loss: 1.0596084378310204
2024-06-19 10:24:44 - INFO - Epoch 467/800, Loss: 1.0726041720591775
2024-06-19 10:24:48 - INFO - Epoch 468/800, Loss: 1.0595508009754233
2024-06-19 10:24:52 - INFO - Epoch 469/800, Loss: 1.057909400249507
2024-06-19 10:24:56 - INFO - Epoch 470/800, Loss: 1.0641243566690757
2024-06-19 10:25:01 - INFO - Epoch 471/800, Loss: 1.0622080918773333
2024-06-19 10:25:05 - INFO - Epoch 472/800, Loss: 1.0849942235291572
2024-06-19 10:25:09 - INFO - Epoch 473/800, Loss: 1.0621408526603586
2024-06-19 10:25:13 - INFO - Epoch 474/800, Loss: 1.0780768972454648
2024-06-19 10:25:17 - INFO - Epoch 475/800, Loss: 1.092826178173142
2024-06-19 10:25:22 - INFO - Epoch 476/800, Loss: 1.0537530938659716
2024-06-19 10:25:26 - INFO - Epoch 477/800, Loss: 1.0619184385069538
2024-06-19 10:25:30 - INFO - Epoch 478/800, Loss: 1.0630762779902148
2024-06-19 10:25:34 - INFO - Epoch 479/800, Loss: 1.0754979444056239
2024-06-19 10:25:39 - INFO - Epoch 480/800, Loss: 1.0558798883880829
2024-06-19 10:25:43 - INFO - Epoch 481/800, Loss: 1.0912973321402668
2024-06-19 10:25:47 - INFO - Epoch 482/800, Loss: 1.0621143448394117
2024-06-19 10:25:51 - INFO - Epoch 483/800, Loss: 1.0613364125415252
2024-06-19 10:25:55 - INFO - Epoch 484/800, Loss: 1.070949594002775
2024-06-19 10:26:00 - INFO - Epoch 485/800, Loss: 1.072034444944933
2024-06-19 10:26:04 - INFO - Epoch 486/800, Loss: 1.0733082117777626
2024-06-19 10:26:08 - INFO - Epoch 487/800, Loss: 1.065785186424354
2024-06-19 10:26:12 - INFO - Epoch 488/800, Loss: 1.0526940850792483
2024-06-19 10:26:17 - INFO - Epoch 489/800, Loss: 1.0930665491772376
2024-06-19 10:26:21 - INFO - Epoch 490/800, Loss: 1.0545208645241952
2024-06-19 10:26:25 - INFO - Epoch 491/800, Loss: 1.0560280321776352
2024-06-19 10:26:29 - INFO - Epoch 492/800, Loss: 1.054204474756612
2024-06-19 10:26:34 - INFO - Epoch 493/800, Loss: 1.064781110032861
2024-06-19 10:26:38 - INFO - Epoch 494/800, Loss: 1.0660028313735541
2024-06-19 10:26:42 - INFO - Epoch 495/800, Loss: 1.0628431396686826
2024-06-19 10:26:46 - INFO - Epoch 496/800, Loss: 1.085822770837208
2024-06-19 10:26:51 - INFO - Epoch 497/800, Loss: 1.1960179051740305
2024-06-19 10:26:55 - INFO - Epoch 498/800, Loss: 1.0712876277532946
2024-06-19 10:26:59 - INFO - Epoch 499/800, Loss: 1.06299135237252
2024-06-19 10:27:03 - INFO - Epoch 500/800, Loss: 1.0551202686052081
2024-06-19 10:27:08 - INFO - Epoch 501/800, Loss: 1.0549282699582443
2024-06-19 10:27:12 - INFO - Epoch 502/800, Loss: 1.0636109547214343
2024-06-19 10:27:16 - INFO - Epoch 503/800, Loss: 1.0672849583388464
2024-06-19 10:27:20 - INFO - Epoch 504/800, Loss: 1.0491570028568766
2024-06-19 10:27:24 - INFO - Epoch 505/800, Loss: 1.0526417712891762
2024-06-19 10:27:29 - INFO - Epoch 506/800, Loss: 1.0632392639329198
2024-06-19 10:27:33 - INFO - Epoch 507/800, Loss: 1.06208633071865
2024-06-19 10:27:37 - INFO - Epoch 508/800, Loss: 1.0795263822949484
2024-06-19 10:27:41 - INFO - Epoch 509/800, Loss: 1.0667371113544342
2024-06-19 10:27:45 - INFO - Epoch 510/800, Loss: 1.0666525692447528
2024-06-19 10:27:50 - INFO - Epoch 511/800, Loss: 1.0771194652107259
2024-06-19 10:27:54 - INFO - Epoch 512/800, Loss: 1.0492307918139798
2024-06-19 10:27:58 - INFO - Epoch 513/800, Loss: 1.0930816770839014
2024-06-19 10:28:02 - INFO - Epoch 514/800, Loss: 1.1055436943424801
2024-06-19 10:28:07 - INFO - Epoch 515/800, Loss: 1.6630236472731041
2024-06-19 10:28:11 - INFO - Epoch 516/800, Loss: 1.05669455252117
2024-06-19 10:28:15 - INFO - Epoch 517/800, Loss: 1.0610261390945839
2024-06-19 10:28:19 - INFO - Epoch 518/800, Loss: 1.084316856430183
2024-06-19 10:28:23 - INFO - Epoch 519/800, Loss: 1.0450914256782387
2024-06-19 10:28:28 - INFO - Epoch 520/800, Loss: 1.2159381090844024
2024-06-19 10:28:32 - INFO - Epoch 521/800, Loss: 1.0677620149882119
2024-06-19 10:28:36 - INFO - Epoch 522/800, Loss: 1.0629293482892224
2024-06-19 10:28:40 - INFO - Epoch 523/800, Loss: 1.0592898589146122
2024-06-19 10:28:45 - INFO - Epoch 524/800, Loss: 1.0836546671427902
2024-06-19 10:28:49 - INFO - Epoch 525/800, Loss: 1.0743204033270544
2024-06-19 10:28:53 - INFO - Epoch 526/800, Loss: 1.0661529051433438
2024-06-19 10:28:57 - INFO - Epoch 527/800, Loss: 1.0895711758483828
2024-06-19 10:29:01 - INFO - Epoch 528/800, Loss: 1.0652485207310802
2024-06-19 10:29:06 - INFO - Epoch 529/800, Loss: 1.0792186425305603
2024-06-19 10:29:10 - INFO - Epoch 530/800, Loss: 1.0660703427811395
2024-06-19 10:29:14 - INFO - Epoch 531/800, Loss: 1.0570462978542463
2024-06-19 10:29:18 - INFO - Epoch 532/800, Loss: 1.0655917946355988
2024-06-19 10:29:23 - INFO - Epoch 533/800, Loss: 1.0481897987614224
2024-06-19 10:29:27 - INFO - Epoch 534/800, Loss: 1.0909346276001457
2024-06-19 10:29:31 - INFO - Epoch 535/800, Loss: 1.061944216032505
2024-06-19 10:29:35 - INFO - Epoch 536/800, Loss: 1.0582455448838657
2024-06-19 10:29:39 - INFO - Epoch 537/800, Loss: 1.0600982710996922
2024-06-19 10:29:44 - INFO - Epoch 538/800, Loss: 1.0556416830718631
2024-06-19 10:29:48 - INFO - Epoch 539/800, Loss: 1.1072567022588264
2024-06-19 10:29:52 - INFO - Epoch 540/800, Loss: 1.1682325121082304
2024-06-19 10:29:56 - INFO - Epoch 541/800, Loss: 1.0578053696795553
2024-06-19 10:30:00 - INFO - Epoch 542/800, Loss: 1.0786646139121505
2024-06-19 10:30:05 - INFO - Epoch 543/800, Loss: 1.1061660111858487
2024-06-19 10:30:09 - INFO - Epoch 544/800, Loss: 1.073586761178648
2024-06-19 10:30:13 - INFO - Epoch 545/800, Loss: 1.0732051234483155
2024-06-19 10:30:17 - INFO - Epoch 546/800, Loss: 1.060170014142033
2024-06-19 10:30:22 - INFO - Epoch 547/800, Loss: 1.0521909395263631
2024-06-19 10:30:26 - INFO - Epoch 548/800, Loss: 1.0542081300852906
2024-06-19 10:30:30 - INFO - Epoch 549/800, Loss: 1.121703812806302
2024-06-19 10:30:34 - INFO - Epoch 550/800, Loss: 1.0630378794015807
2024-06-19 10:30:38 - INFO - Epoch 551/800, Loss: 1.0588647335798886
2024-06-19 10:30:43 - INFO - Epoch 552/800, Loss: 1.0650579402373712
2024-06-19 10:30:47 - INFO - Epoch 553/800, Loss: 1.0702102772802604
2024-06-19 10:30:51 - INFO - Epoch 554/800, Loss: 1.1607182884100922
2024-06-19 10:30:55 - INFO - Epoch 555/800, Loss: 1.0574729520744965
2024-06-19 10:31:00 - INFO - Epoch 556/800, Loss: 1.0625631478021216
2024-06-19 10:31:04 - INFO - Epoch 557/800, Loss: 1.0609883196590062
2024-06-19 10:31:08 - INFO - Epoch 558/800, Loss: 1.069029425444438
2024-06-19 10:31:12 - INFO - Epoch 559/800, Loss: 1.0608413638910208
2024-06-19 10:31:16 - INFO - Epoch 560/800, Loss: 1.1377623248059634
2024-06-19 10:31:21 - INFO - Epoch 561/800, Loss: 1.082478664262666
2024-06-19 10:31:25 - INFO - Epoch 562/800, Loss: 1.0661236873811433
2024-06-19 10:31:29 - INFO - Epoch 563/800, Loss: 1.0684499747418914
2024-06-19 10:31:33 - INFO - Epoch 564/800, Loss: 1.0531826148933685
2024-06-19 10:31:38 - INFO - Epoch 565/800, Loss: 1.073104072284536
2024-06-19 10:31:42 - INFO - Epoch 566/800, Loss: 1.069091752870559
2024-06-19 10:31:46 - INFO - Epoch 567/800, Loss: 1.0634163091109674
2024-06-19 10:31:50 - INFO - Epoch 568/800, Loss: 1.0564080017425175
2024-06-19 10:31:55 - INFO - Epoch 569/800, Loss: 1.0539127131181865
2024-06-19 10:31:59 - INFO - Epoch 570/800, Loss: 1.0593910811069756
2024-06-19 10:32:03 - INFO - Epoch 571/800, Loss: 1.058364707463566
2024-06-19 10:32:07 - INFO - Epoch 572/800, Loss: 1.097032677974532
2024-06-19 10:32:11 - INFO - Epoch 573/800, Loss: 1.063690605142857
2024-06-19 10:32:16 - INFO - Epoch 574/800, Loss: 1.0709354453047386
2024-06-19 10:32:20 - INFO - Epoch 575/800, Loss: 1.074331274459656
2024-06-19 10:32:24 - INFO - Epoch 576/800, Loss: 1.128686070704443
2024-06-19 10:32:28 - INFO - Epoch 577/800, Loss: 1.0609261251870066
2024-06-19 10:32:33 - INFO - Epoch 578/800, Loss: 1.055147785423993
2024-06-19 10:32:37 - INFO - Epoch 579/800, Loss: 1.0569493178453788
2024-06-19 10:32:41 - INFO - Epoch 580/800, Loss: 1.0832495212863067
2024-06-19 10:32:45 - INFO - Epoch 581/800, Loss: 1.0838529253854339
2024-06-19 10:32:50 - INFO - Epoch 582/800, Loss: 1.0539251986604408
2024-06-19 10:32:54 - INFO - Epoch 583/800, Loss: 1.0602288931396766
2024-06-19 10:32:58 - INFO - Epoch 584/800, Loss: 1.058529202778636
2024-06-19 10:33:02 - INFO - Epoch 585/800, Loss: 1.0461818147418929
2024-06-19 10:33:06 - INFO - Epoch 586/800, Loss: 1.0532465777053355
2024-06-19 10:33:11 - INFO - Epoch 587/800, Loss: 1.0647640889714878
2024-06-19 10:33:15 - INFO - Epoch 588/800, Loss: 1.069045393008548
2024-06-19 10:33:19 - INFO - Epoch 589/800, Loss: 1.0748157999548706
2024-06-19 10:33:23 - INFO - Epoch 590/800, Loss: 1.0582258165593994
2024-06-19 10:33:28 - INFO - Epoch 591/800, Loss: 1.0583644782671446
2024-06-19 10:33:32 - INFO - Epoch 592/800, Loss: 1.0650763155777043
2024-06-19 10:33:36 - INFO - Epoch 593/800, Loss: 1.0511544661370336
2024-06-19 10:33:40 - INFO - Epoch 594/800, Loss: 1.0805922146645446
2024-06-19 10:33:45 - INFO - Epoch 595/800, Loss: 1.076285938025242
2024-06-19 10:33:49 - INFO - Epoch 596/800, Loss: 1.0692008705754907
2024-06-19 10:33:53 - INFO - Epoch 597/800, Loss: 1.0806995772711614
2024-06-19 10:33:57 - INFO - Epoch 598/800, Loss: 1.0583493693829606
2024-06-19 10:34:01 - INFO - Epoch 599/800, Loss: 1.056741289000749
2024-06-19 10:34:06 - INFO - Epoch 600/800, Loss: 1.0812797359767765
2024-06-19 10:34:10 - INFO - Epoch 601/800, Loss: 1.073440811627901
2024-06-19 10:34:14 - INFO - Epoch 602/800, Loss: 1.0702348359247538
2024-06-19 10:34:18 - INFO - Epoch 603/800, Loss: 1.0762352890381683
2024-06-19 10:34:22 - INFO - Epoch 604/800, Loss: 1.0759433661462816
2024-06-19 10:34:27 - INFO - Epoch 605/800, Loss: 1.067023269022048
2024-06-19 10:34:31 - INFO - Epoch 606/800, Loss: 1.0806119516004282
2024-06-19 10:34:35 - INFO - Epoch 607/800, Loss: 1.0451323570987738
2024-06-19 10:34:39 - INFO - Epoch 608/800, Loss: 1.090992532979863
2024-06-19 10:34:44 - INFO - Epoch 609/800, Loss: 1.0524411934053963
2024-06-19 10:34:48 - INFO - Epoch 610/800, Loss: 1.0761666920740651
2024-06-19 10:34:52 - INFO - Epoch 611/800, Loss: 1.0686697208572586
2024-06-19 10:34:56 - INFO - Epoch 612/800, Loss: 1.0706022945933626
2024-06-19 10:35:01 - INFO - Epoch 613/800, Loss: 1.0644274328772871
2024-06-19 10:35:05 - INFO - Epoch 614/800, Loss: 1.0594058515660632
2024-06-19 10:35:09 - INFO - Epoch 615/800, Loss: 1.0643575449119154
2024-06-19 10:35:13 - INFO - Epoch 616/800, Loss: 1.0683762521618685
2024-06-19 10:35:17 - INFO - Epoch 617/800, Loss: 1.0565469550698305
2024-06-19 10:35:22 - INFO - Epoch 618/800, Loss: 1.0653619648061923
2024-06-19 10:35:26 - INFO - Epoch 619/800, Loss: 1.0687480317459952
2024-06-19 10:35:30 - INFO - Epoch 620/800, Loss: 1.0785325167825932
2024-06-19 10:35:34 - INFO - Epoch 621/800, Loss: 1.1150891221586459
2024-06-19 10:35:39 - INFO - Epoch 622/800, Loss: 1.059021371767242
2024-06-19 10:35:43 - INFO - Epoch 623/800, Loss: 1.0779134966435098
2024-06-19 10:35:47 - INFO - Epoch 624/800, Loss: 1.0641409109765492
2024-06-19 10:35:51 - INFO - Epoch 625/800, Loss: 1.0705610700797794
2024-06-19 10:35:55 - INFO - Epoch 626/800, Loss: 1.0888048156170682
2024-06-19 10:36:00 - INFO - Epoch 627/800, Loss: 1.1153873488211117
2024-06-19 10:36:04 - INFO - Epoch 628/800, Loss: 1.0639216761145072
2024-06-19 10:36:08 - INFO - Epoch 629/800, Loss: 1.072013345080975
2024-06-19 10:36:12 - INFO - Epoch 630/800, Loss: 1.0780552162140935
2024-06-19 10:36:17 - INFO - Epoch 631/800, Loss: 1.065495297384034
2024-06-19 10:36:21 - INFO - Epoch 632/800, Loss: 1.0568094061381195
2024-06-19 10:36:25 - INFO - Epoch 633/800, Loss: 1.0660527851566757
2024-06-19 10:36:29 - INFO - Epoch 634/800, Loss: 1.0593378329273104
2024-06-19 10:36:34 - INFO - Epoch 635/800, Loss: 1.0775294416462018
2024-06-19 10:36:38 - INFO - Epoch 636/800, Loss: 1.058313416817109
2024-06-19 10:36:42 - INFO - Epoch 637/800, Loss: 1.0697780985620584
2024-06-19 10:36:46 - INFO - Epoch 638/800, Loss: 1.0478359850426027
2024-06-19 10:36:51 - INFO - Epoch 639/800, Loss: 1.0656184864137286
2024-06-19 10:36:55 - INFO - Epoch 640/800, Loss: 1.0865559364705237
2024-06-19 10:36:59 - INFO - Epoch 641/800, Loss: 1.0693081803089228
2024-06-19 10:37:03 - INFO - Epoch 642/800, Loss: 1.066234574632362
2024-06-19 10:37:07 - INFO - Epoch 643/800, Loss: 1.0663289144042694
2024-06-19 10:37:12 - INFO - Epoch 644/800, Loss: 1.053783761794789
2024-06-19 10:37:16 - INFO - Epoch 645/800, Loss: 1.0664191654935722
2024-06-19 10:37:20 - INFO - Epoch 646/800, Loss: 1.0631607571090336
2024-06-19 10:37:24 - INFO - Epoch 647/800, Loss: 1.054963441828798
2024-06-19 10:37:29 - INFO - Epoch 648/800, Loss: 1.0587957144727647
2024-06-19 10:37:33 - INFO - Epoch 649/800, Loss: 1.079465326916455
2024-06-19 10:37:37 - INFO - Epoch 650/800, Loss: 1.0544613022940101
2024-06-19 10:37:41 - INFO - Epoch 651/800, Loss: 1.0969489721131327
2024-06-19 10:37:45 - INFO - Epoch 652/800, Loss: 1.0817788878185013
2024-06-19 10:37:50 - INFO - Epoch 653/800, Loss: 1.0572406642935113
2024-06-19 10:37:54 - INFO - Epoch 654/800, Loss: 1.0695819554008719
2024-06-19 10:37:58 - INFO - Epoch 655/800, Loss: 1.0699840668095737
2024-06-19 10:38:02 - INFO - Epoch 656/800, Loss: 1.0664554515477882
2024-06-19 10:38:07 - INFO - Epoch 657/800, Loss: 1.051983809704527
2024-06-19 10:38:11 - INFO - Epoch 658/800, Loss: 1.083675482315323
2024-06-19 10:38:15 - INFO - Epoch 659/800, Loss: 1.0682447061138514
2024-06-19 10:38:19 - INFO - Epoch 660/800, Loss: 1.0703835494134881
2024-06-19 10:38:23 - INFO - Epoch 661/800, Loss: 1.0584692163959901
2024-06-19 10:38:28 - INFO - Epoch 662/800, Loss: 1.0558416547341518
2024-06-19 10:38:32 - INFO - Epoch 663/800, Loss: 1.2001517165423763
2024-06-19 10:38:36 - INFO - Epoch 664/800, Loss: 1.0699277057057919
2024-06-19 10:38:40 - INFO - Epoch 665/800, Loss: 1.0634765394029133
2024-06-19 10:38:45 - INFO - Epoch 666/800, Loss: 1.06402455019766
2024-06-19 10:38:49 - INFO - Epoch 667/800, Loss: 1.0560022566975824
2024-06-19 10:38:53 - INFO - Epoch 668/800, Loss: 1.0625325320138466
2024-06-19 10:38:57 - INFO - Epoch 669/800, Loss: 1.073622486175421
2024-06-19 10:39:01 - INFO - Epoch 670/800, Loss: 1.0587360589609665
2024-06-19 10:39:06 - INFO - Epoch 671/800, Loss: 1.0619801062631022
2024-06-19 10:39:10 - INFO - Epoch 672/800, Loss: 1.0758241496450376
2024-06-19 10:39:14 - INFO - Epoch 673/800, Loss: 1.0680309370809975
2024-06-19 10:39:18 - INFO - Epoch 674/800, Loss: 1.0681703713364656
2024-06-19 10:39:22 - INFO - Epoch 675/800, Loss: 1.05014326863115
2024-06-19 10:39:27 - INFO - Epoch 676/800, Loss: 1.0841093051783002
2024-06-19 10:39:31 - INFO - Epoch 677/800, Loss: 1.0673728221642764
2024-06-19 10:39:35 - INFO - Epoch 678/800, Loss: 1.0609104980148183
2024-06-19 10:39:39 - INFO - Epoch 679/800, Loss: 1.0869741460077638
2024-06-19 10:39:44 - INFO - Epoch 680/800, Loss: 1.0617286119433262
2024-06-19 10:39:48 - INFO - Epoch 681/800, Loss: 1.072001131540844
2024-06-19 10:39:52 - INFO - Epoch 682/800, Loss: 1.0945921821909717
2024-06-19 10:39:56 - INFO - Epoch 683/800, Loss: 1.137690182304655
2024-06-19 10:40:00 - INFO - Epoch 684/800, Loss: 1.0641852434676833
2024-06-19 10:40:05 - INFO - Epoch 685/800, Loss: 1.0677181948518253
2024-06-19 10:40:09 - INFO - Epoch 686/800, Loss: 1.0814696280602765
2024-06-19 10:40:13 - INFO - Epoch 687/800, Loss: 1.0649979366089444
2024-06-19 10:40:17 - INFO - Epoch 688/800, Loss: 1.057085493908643
2024-06-19 10:40:22 - INFO - Epoch 689/800, Loss: 1.0551494611297603
2024-06-19 10:40:26 - INFO - Epoch 690/800, Loss: 1.1080288366798599
2024-06-19 10:40:30 - INFO - Epoch 691/800, Loss: 1.0615031507183983
2024-06-19 10:40:34 - INFO - Epoch 692/800, Loss: 1.0684246025954525
2024-06-19 10:40:39 - INFO - Epoch 693/800, Loss: 1.0590007395553673
2024-06-19 10:40:43 - INFO - Epoch 694/800, Loss: 1.0663637917951632
2024-06-19 10:40:47 - INFO - Epoch 695/800, Loss: 1.0817783606011095
2024-06-19 10:40:51 - INFO - Epoch 696/800, Loss: 1.0562394814726503
2024-06-19 10:40:55 - INFO - Epoch 697/800, Loss: 1.078592591482257
2024-06-19 10:41:00 - INFO - Epoch 698/800, Loss: 1.0723877215171709
2024-06-19 10:41:04 - INFO - Epoch 699/800, Loss: 1.0666568589041363
2024-06-19 10:41:08 - INFO - Epoch 700/800, Loss: 1.0619703768988893
2024-06-19 10:41:12 - INFO - Epoch 701/800, Loss: 1.0665736702653774
2024-06-19 10:41:16 - INFO - Epoch 702/800, Loss: 1.055291605796881
2024-06-19 10:41:21 - INFO - Epoch 703/800, Loss: 1.1020159450083724
2024-06-19 10:41:25 - INFO - Epoch 704/800, Loss: 1.0618331284765061
2024-06-19 10:41:29 - INFO - Epoch 705/800, Loss: 1.0753660075493932
2024-06-19 10:41:33 - INFO - Epoch 706/800, Loss: 1.0579782713169588
2024-06-19 10:41:38 - INFO - Epoch 707/800, Loss: 1.0737021443723602
2024-06-19 10:41:42 - INFO - Epoch 708/800, Loss: 1.0601074822250716
2024-06-19 10:41:46 - INFO - Epoch 709/800, Loss: 1.0778316168123454
2024-06-19 10:41:50 - INFO - Epoch 710/800, Loss: 1.0677904324671725
2024-06-19 10:41:54 - INFO - Epoch 711/800, Loss: 1.0633433257622837
2024-06-19 10:41:59 - INFO - Epoch 712/800, Loss: 1.0551173722515181
2024-06-19 10:42:03 - INFO - Epoch 713/800, Loss: 1.0644479072022501
2024-06-19 10:42:07 - INFO - Epoch 714/800, Loss: 1.0722102826036177
2024-06-19 10:42:11 - INFO - Epoch 715/800, Loss: 1.058672776393605
2024-06-19 10:42:16 - INFO - Epoch 716/800, Loss: 1.0562721213275357
2024-06-19 10:42:20 - INFO - Epoch 717/800, Loss: 1.0667234083570702
2024-06-19 10:42:24 - INFO - Epoch 718/800, Loss: 1.0522027297368217
2024-06-19 10:42:28 - INFO - Epoch 719/800, Loss: 1.1099829263487304
2024-06-19 10:42:33 - INFO - Epoch 720/800, Loss: 1.066353922753564
2024-06-19 10:42:37 - INFO - Epoch 721/800, Loss: 1.0616205501286287
2024-06-19 10:42:41 - INFO - Epoch 722/800, Loss: 1.0581887351504806
2024-06-19 10:42:45 - INFO - Epoch 723/800, Loss: 1.1171222669171046
2024-06-19 10:42:50 - INFO - Epoch 724/800, Loss: 1.0624857268855037
2024-06-19 10:42:54 - INFO - Epoch 725/800, Loss: 1.0740382268517572
2024-06-19 10:42:58 - INFO - Epoch 726/800, Loss: 1.0784456813216754
2024-06-19 10:43:02 - INFO - Epoch 727/800, Loss: 1.0613281013338451
2024-06-19 10:43:06 - INFO - Epoch 728/800, Loss: 1.0597912610570426
2024-06-19 10:43:11 - INFO - Epoch 729/800, Loss: 1.0624701416493119
2024-06-19 10:43:15 - INFO - Epoch 730/800, Loss: 1.0684733755916467
2024-06-19 10:43:19 - INFO - Epoch 731/800, Loss: 1.060604844991572
2024-06-19 10:43:23 - INFO - Epoch 732/800, Loss: 1.098283787148821
2024-06-19 10:43:28 - INFO - Epoch 733/800, Loss: 1.0528276493687942
2024-06-19 10:43:32 - INFO - Epoch 734/800, Loss: 1.0568679010573705
2024-06-19 10:43:36 - INFO - Epoch 735/800, Loss: 1.0937976593861898
2024-06-19 10:43:40 - INFO - Epoch 736/800, Loss: 1.108457407397759
2024-06-19 10:43:44 - INFO - Epoch 737/800, Loss: 1.0742276451757709
2024-06-19 10:43:49 - INFO - Epoch 738/800, Loss: 1.0626158382687665
2024-06-19 10:43:53 - INFO - Epoch 739/800, Loss: 1.0523785329760613
2024-06-19 10:43:57 - INFO - Epoch 740/800, Loss: 1.0638228157385736
2024-06-19 10:44:01 - INFO - Epoch 741/800, Loss: 1.0594827914922431
2024-06-19 10:44:06 - INFO - Epoch 742/800, Loss: 1.051687068247673
2024-06-19 10:44:10 - INFO - Epoch 743/800, Loss: 1.0720258342143247
2024-06-19 10:44:14 - INFO - Epoch 744/800, Loss: 1.0688478216272386
2024-06-19 10:44:18 - INFO - Epoch 745/800, Loss: 1.0617661749786234
2024-06-19 10:44:22 - INFO - Epoch 746/800, Loss: 1.0562575836750183
2024-06-19 10:44:27 - INFO - Epoch 747/800, Loss: 1.0720321744449304
2024-06-19 10:44:31 - INFO - Epoch 748/800, Loss: 1.0641040850254737
2024-06-19 10:44:35 - INFO - Epoch 749/800, Loss: 1.0688333796279983
2024-06-19 10:44:39 - INFO - Epoch 750/800, Loss: 1.0594778813879422
2024-06-19 10:44:44 - INFO - Epoch 751/800, Loss: 1.0756204541692087
2024-06-19 10:44:48 - INFO - Epoch 752/800, Loss: 1.0706264648357253
2024-06-19 10:44:52 - INFO - Epoch 753/800, Loss: 1.1109952943911026
2024-06-19 10:44:56 - INFO - Epoch 754/800, Loss: 1.0490098086965365
2024-06-19 10:45:00 - INFO - Epoch 755/800, Loss: 1.0890110198246308
2024-06-19 10:45:05 - INFO - Epoch 756/800, Loss: 1.0612385514637022
2024-06-19 10:45:09 - INFO - Epoch 757/800, Loss: 1.2897621030258881
2024-06-19 10:45:13 - INFO - Epoch 758/800, Loss: 1.0646482170175577
2024-06-19 10:45:17 - INFO - Epoch 759/800, Loss: 1.0594611111830141
2024-06-19 10:45:22 - INFO - Epoch 760/800, Loss: 1.107999924726234
2024-06-19 10:45:26 - INFO - Epoch 761/800, Loss: 1.0849329698651575
2024-06-19 10:45:30 - INFO - Epoch 762/800, Loss: 1.0509659227794896
2024-06-19 10:45:34 - INFO - Epoch 763/800, Loss: 1.064884149083497
2024-06-19 10:45:38 - INFO - Epoch 764/800, Loss: 1.0771682984069393
2024-06-19 10:45:43 - INFO - Epoch 765/800, Loss: 1.071803369418443
2024-06-19 10:45:47 - INFO - Epoch 766/800, Loss: 1.0899741299860564
2024-06-19 10:45:51 - INFO - Epoch 767/800, Loss: 1.061298489741076
2024-06-19 10:45:55 - INFO - Epoch 768/800, Loss: 1.0581464682948123
2024-06-19 10:46:00 - INFO - Epoch 769/800, Loss: 1.0660706174483114
2024-06-19 10:46:04 - INFO - Epoch 770/800, Loss: 1.0645711599947865
2024-06-19 10:46:08 - INFO - Epoch 771/800, Loss: 1.0485169195351294
2024-06-19 10:46:12 - INFO - Epoch 772/800, Loss: 1.0768981827817878
2024-06-19 10:46:16 - INFO - Epoch 773/800, Loss: 1.0622272901964327
2024-06-19 10:46:21 - INFO - Epoch 774/800, Loss: 1.0871355010358728
2024-06-19 10:46:25 - INFO - Epoch 775/800, Loss: 1.0615297326591617
2024-06-19 10:46:29 - INFO - Epoch 776/800, Loss: 1.0547566328617513
2024-06-19 10:46:33 - INFO - Epoch 777/800, Loss: 1.066757371760907
2024-06-19 10:46:38 - INFO - Epoch 778/800, Loss: 1.0881955288315752
2024-06-19 10:46:42 - INFO - Epoch 779/800, Loss: 1.1609568791388678
2024-06-19 10:46:46 - INFO - Epoch 780/800, Loss: 1.066371800059278
2024-06-19 10:46:50 - INFO - Epoch 781/800, Loss: 1.0578586801289136
2024-06-19 10:46:54 - INFO - Epoch 782/800, Loss: 1.0633811079347146
2024-06-19 10:46:59 - INFO - Epoch 783/800, Loss: 1.07802687112906
2024-06-19 10:47:03 - INFO - Epoch 784/800, Loss: 1.087129228606657
2024-06-19 10:47:07 - INFO - Epoch 785/800, Loss: 1.1189653626016964
2024-06-19 10:47:11 - INFO - Epoch 786/800, Loss: 1.114198480853873
2024-06-19 10:47:16 - INFO - Epoch 787/800, Loss: 1.0841967807753359
2024-06-19 10:47:20 - INFO - Epoch 788/800, Loss: 1.0583368197123628
2024-06-19 10:47:24 - INFO - Epoch 789/800, Loss: 1.0527224053527788
2024-06-19 10:47:28 - INFO - Epoch 790/800, Loss: 1.0685795923077364
2024-06-19 10:47:33 - INFO - Epoch 791/800, Loss: 1.0648594223180436
2024-06-19 10:47:37 - INFO - Epoch 792/800, Loss: 1.1240651307244744
2024-06-19 10:47:41 - INFO - Epoch 793/800, Loss: 1.1438342814515514
2024-06-19 10:47:45 - INFO - Epoch 794/800, Loss: 1.0742530283515934
2024-06-19 10:47:50 - INFO - Epoch 795/800, Loss: 1.061535100053654
2024-06-19 10:47:54 - INFO - Epoch 796/800, Loss: 1.0624530828019438
2024-06-19 10:47:57 - INFO - Epoch 797/800, Loss: 1.0642175979820905
2024-06-19 10:48:01 - INFO - Epoch 798/800, Loss: 1.0648996355850522
2024-06-19 10:48:04 - INFO - Epoch 799/800, Loss: 1.0731043163839624
2024-06-19 10:48:08 - INFO - Epoch 800/800, Loss: 1.0610051177184339
2024-06-19 10:48:08 - INFO - Finished training model.
2024-06-19 10:48:08 - INFO - 
Generated Code:
2024-06-19 10:48:08 - INFO - = object ( ) ; float d = FLOAT_LITERAL ; float l = FLOAT_LITERAL + FLOAT_LITERAL + FLOAT_LITERAL ; float l = FLOAT_LITERAL + FLOAT_LITERAL - FLOAT_LITERAL ; ! return m ; } else { object d = object ( ) ; float d = FLOAT_LITERAL ; float l = FLOAT_LITERAL + FLOAT_LITERAL + FLOAT_LITERAL ; float l = FLOAT_LITERAL + FLOAT_LITERAL - FLOAT_LITERAL ; ! return m ; } else { object d = object ( ) ; float d = FLOAT_LITERAL ; float l = FLOAT_LITERAL + FLOAT_LITERAL + FLOAT_LITERAL ; float l = FLOAT_LITERAL + FLOAT_LITERAL -
2024-06-19 10:48:08 - INFO - Finished training LSTM model.
