2024-07-24 17:47:51 - INFO - This log entry will go into a uniquely named file for this run.
2024-07-24 17:47:52 - INFO - without hidden
2024-07-24 17:47:52 - INFO - Params:
2024-07-24 17:47:52 - INFO - embedding_dim=16
2024-07-24 17:47:52 - INFO - hidden_dim:16
2024-07-24 17:47:52 - INFO - num_layers:2
2024-07-24 17:47:52 - INFO - epochs:100
2024-07-24 17:47:52 - INFO - batch_size:64
2024-07-24 17:47:52 - INFO - lr:0.01
2024-07-24 17:47:55 - INFO - Starting LSTM model training...
2024-07-24 17:47:56 - INFO - Epoch: 1/100, Training Loss: 0.6936988175429147
2024-07-24 17:47:57 - INFO - Epoch: 1/100, Validation Loss: 0.693216699978401, Accuracy: 50.26961445133459%
2024-07-24 17:47:57 - INFO - Model saved with validation accuracy: 50.26961445133459%
2024-07-24 17:47:58 - INFO - Epoch: 2/100, Training Loss: 0.6935175399071184
2024-07-24 17:47:58 - INFO - Epoch: 2/100, Validation Loss: 0.6932337417684752, Accuracy: 50.12132650310057%
2024-07-24 17:48:00 - INFO - Epoch: 3/100, Training Loss: 0.693528720787887
2024-07-24 17:48:00 - INFO - Epoch: 3/100, Validation Loss: 0.693862906303899, Accuracy: 50.12132650310057%
2024-07-24 17:48:01 - INFO - Epoch: 4/100, Training Loss: 0.6935923450208944
2024-07-24 17:48:01 - INFO - Epoch: 4/100, Validation Loss: 0.69353622711938, Accuracy: 50.12132650310057%
2024-07-24 17:48:03 - INFO - Epoch: 5/100, Training Loss: 0.6935180623469681
2024-07-24 17:48:03 - INFO - Epoch: 5/100, Validation Loss: 0.6932156538141185, Accuracy: 50.12132650310057%
2024-07-24 17:48:05 - INFO - Epoch: 6/100, Training Loss: 0.6934070354648705
2024-07-24 17:48:05 - INFO - Epoch: 6/100, Validation Loss: 0.6949813854077767, Accuracy: 49.87867349689943%
2024-07-24 17:48:06 - INFO - Epoch: 7/100, Training Loss: 0.6936397716916841
2024-07-24 17:48:06 - INFO - Epoch: 7/100, Validation Loss: 0.6940217126032402, Accuracy: 49.87867349689943%
2024-07-24 17:48:08 - INFO - Epoch: 8/100, Training Loss: 0.6934188694275659
2024-07-24 17:48:08 - INFO - Epoch: 8/100, Validation Loss: 0.6933858934147604, Accuracy: 49.87867349689943%
2024-07-24 17:48:09 - INFO - Epoch: 9/100, Training Loss: 0.6936159881538358
2024-07-24 17:48:10 - INFO - Epoch: 9/100, Validation Loss: 0.6938232440372993, Accuracy: 50.12132650310057%
2024-07-24 17:48:11 - INFO - Epoch: 10/100, Training Loss: 0.6934753897888907
2024-07-24 17:48:11 - INFO - Epoch: 10/100, Validation Loss: 0.6931612702279255, Accuracy: 50.12132650310057%
2024-07-24 17:48:13 - INFO - Epoch: 11/100, Training Loss: 0.6938591686816051
2024-07-24 17:48:13 - INFO - Epoch: 11/100, Validation Loss: 0.6932259361291754, Accuracy: 49.87867349689943%
2024-07-24 17:48:14 - INFO - Epoch: 12/100, Training Loss: 0.6934292284322197
2024-07-24 17:48:14 - INFO - Epoch: 12/100, Validation Loss: 0.6932196416731539, Accuracy: 49.87867349689943%
2024-07-24 17:48:16 - INFO - Epoch: 13/100, Training Loss: 0.6934329173688231
2024-07-24 17:48:16 - INFO - Epoch: 13/100, Validation Loss: 0.6932702629730619, Accuracy: 49.87867349689943%
2024-07-24 17:48:17 - INFO - Epoch: 14/100, Training Loss: 0.693475618830015
2024-07-24 17:48:17 - INFO - Epoch: 14/100, Validation Loss: 0.6932439865737126, Accuracy: 50.12132650310057%
2024-07-24 17:48:19 - INFO - Epoch: 15/100, Training Loss: 0.6934535819394835
2024-07-24 17:48:19 - INFO - Epoch: 15/100, Validation Loss: 0.6931820722489521, Accuracy: 50.12132650310057%
2024-07-24 17:48:20 - INFO - Epoch: 16/100, Training Loss: 0.6934193349603949
2024-07-24 17:48:20 - INFO - Epoch: 16/100, Validation Loss: 0.6931528783050077, Accuracy: 49.87867349689943%
2024-07-24 17:48:22 - INFO - Epoch: 17/100, Training Loss: 0.6933493918642916
2024-07-24 17:48:22 - INFO - Epoch: 17/100, Validation Loss: 0.6931910905344733, Accuracy: 49.87867349689943%
2024-07-24 17:48:24 - INFO - Epoch: 18/100, Training Loss: 0.6933749513379459
2024-07-24 17:48:24 - INFO - Epoch: 18/100, Validation Loss: 0.6938701184659168, Accuracy: 50.12132650310057%
2024-07-24 17:48:25 - INFO - Epoch: 19/100, Training Loss: 0.6934983231898012
2024-07-24 17:48:25 - INFO - Epoch: 19/100, Validation Loss: 0.6933613640481028, Accuracy: 49.87867349689943%
2024-07-24 17:48:27 - INFO - Epoch: 20/100, Training Loss: 0.6933798269721968
2024-07-24 17:48:27 - INFO - Epoch: 20/100, Validation Loss: 0.6937441702546745, Accuracy: 49.87867349689943%
2024-07-24 17:48:29 - INFO - Epoch: 21/100, Training Loss: 0.6935275311356989
2024-07-24 17:48:29 - INFO - Epoch: 21/100, Validation Loss: 0.6934041308945623, Accuracy: 50.12132650310057%
2024-07-24 17:48:30 - INFO - Epoch: 22/100, Training Loss: 0.6936184432486008
2024-07-24 17:48:30 - INFO - Epoch: 22/100, Validation Loss: 0.6931556242293325, Accuracy: 50.12132650310057%
2024-07-24 17:48:32 - INFO - Epoch: 23/100, Training Loss: 0.6936088542229143
2024-07-24 17:48:32 - INFO - Epoch: 23/100, Validation Loss: 0.6931842056841686, Accuracy: 50.12132650310057%
2024-07-24 17:48:33 - INFO - Epoch: 24/100, Training Loss: 0.6932911568417631
2024-07-24 17:48:33 - INFO - Epoch: 24/100, Validation Loss: 0.6933740963195932, Accuracy: 49.87867349689943%
2024-07-24 17:48:35 - INFO - Epoch: 25/100, Training Loss: 0.6934694086426291
2024-07-24 17:48:35 - INFO - Epoch: 25/100, Validation Loss: 0.6941545775224423, Accuracy: 49.87867349689943%
2024-07-24 17:48:36 - INFO - Epoch: 26/100, Training Loss: 0.6937159398763344
2024-07-24 17:48:37 - INFO - Epoch: 26/100, Validation Loss: 0.6940945592419855, Accuracy: 50.12132650310057%
2024-07-24 17:48:38 - INFO - Epoch: 27/100, Training Loss: 0.6935977800909815
2024-07-24 17:48:38 - INFO - Epoch: 27/100, Validation Loss: 0.6934164269217129, Accuracy: 50.12132650310057%
2024-07-24 17:48:40 - INFO - Epoch: 28/100, Training Loss: 0.6934119863756771
2024-07-24 17:48:40 - INFO - Epoch: 28/100, Validation Loss: 0.6936391874633986, Accuracy: 49.87867349689943%
2024-07-24 17:48:41 - INFO - Epoch: 29/100, Training Loss: 0.6934694989488043
2024-07-24 17:48:41 - INFO - Epoch: 29/100, Validation Loss: 0.6932929019475805, Accuracy: 50.12132650310057%
2024-07-24 17:48:43 - INFO - Epoch: 30/100, Training Loss: 0.6935846240356051
2024-07-24 17:48:43 - INFO - Epoch: 30/100, Validation Loss: 0.6931560399203465, Accuracy: 49.87867349689943%
2024-07-24 17:48:44 - INFO - Epoch: 31/100, Training Loss: 0.6934988277739492
2024-07-24 17:48:45 - INFO - Epoch: 31/100, Validation Loss: 0.693152869056011, Accuracy: 49.87867349689943%
2024-07-24 17:48:46 - INFO - Epoch: 32/100, Training Loss: 0.6933957203451929
2024-07-24 17:48:46 - INFO - Epoch: 32/100, Validation Loss: 0.6932329222046095, Accuracy: 49.87867349689943%
2024-07-24 17:48:48 - INFO - Epoch: 33/100, Training Loss: 0.6934004228176742
2024-07-24 17:48:48 - INFO - Epoch: 33/100, Validation Loss: 0.6931602492414671, Accuracy: 49.87867349689943%
2024-07-24 17:48:49 - INFO - Epoch: 34/100, Training Loss: 0.6935469198586612
2024-07-24 17:48:49 - INFO - Epoch: 34/100, Validation Loss: 0.6931816586132707, Accuracy: 50.12132650310057%
2024-07-24 17:48:51 - INFO - Epoch: 35/100, Training Loss: 0.6936291347032991
2024-07-24 17:48:51 - INFO - Epoch: 35/100, Validation Loss: 0.6935642824090761, Accuracy: 49.87867349689943%
2024-07-24 17:48:52 - INFO - Epoch: 36/100, Training Loss: 0.6934926950469099
2024-07-24 17:48:53 - INFO - Epoch: 36/100, Validation Loss: 0.6933093425528757, Accuracy: 50.12132650310057%
2024-07-24 17:48:54 - INFO - Epoch: 37/100, Training Loss: 0.6934637058654736
2024-07-24 17:48:54 - INFO - Epoch: 37/100, Validation Loss: 0.6933790727935988, Accuracy: 49.87867349689943%
2024-07-24 17:48:56 - INFO - Epoch: 38/100, Training Loss: 0.6936152818901785
2024-07-24 17:48:56 - INFO - Epoch: 38/100, Validation Loss: 0.6931896965051519, Accuracy: 49.87867349689943%
2024-07-24 17:48:57 - INFO - Epoch: 39/100, Training Loss: 0.6933762490235525
2024-07-24 17:48:58 - INFO - Epoch: 39/100, Validation Loss: 0.6931887577319967, Accuracy: 49.87867349689943%
2024-07-24 17:48:59 - INFO - Epoch: 40/100, Training Loss: 0.6935285925865173
2024-07-24 17:48:59 - INFO - Epoch: 40/100, Validation Loss: 0.6937026083469391, Accuracy: 49.87867349689943%
2024-07-24 17:49:00 - INFO - Epoch: 41/100, Training Loss: 0.6932921463559414
2024-07-24 17:49:01 - INFO - Epoch: 41/100, Validation Loss: 0.6931517941170725, Accuracy: 49.87867349689943%
2024-07-24 17:49:02 - INFO - Epoch: 42/100, Training Loss: 0.6934010516209849
2024-07-24 17:49:02 - INFO - Epoch: 42/100, Validation Loss: 0.6933226169183336, Accuracy: 50.12132650310057%
2024-07-24 17:49:04 - INFO - Epoch: 43/100, Training Loss: 0.6935706798886431
2024-07-24 17:49:04 - INFO - Epoch: 43/100, Validation Loss: 0.6933035223648466, Accuracy: 50.12132650310057%
2024-07-24 17:49:05 - INFO - Epoch: 44/100, Training Loss: 0.6935676500715059
2024-07-24 17:49:05 - INFO - Epoch: 44/100, Validation Loss: 0.6936947883203112, Accuracy: 50.12132650310057%
2024-07-24 17:49:07 - INFO - Epoch: 45/100, Training Loss: 0.6934377110466875
2024-07-24 17:49:07 - INFO - Epoch: 45/100, Validation Loss: 0.6933275548548534, Accuracy: 49.87867349689943%
2024-07-24 17:49:09 - INFO - Epoch: 46/100, Training Loss: 0.6934753552336117
2024-07-24 17:49:09 - INFO - Epoch: 46/100, Validation Loss: 0.6945759093966978, Accuracy: 49.87867349689943%
2024-07-24 17:49:10 - INFO - Epoch: 47/100, Training Loss: 0.6935868339035017
2024-07-24 17:49:10 - INFO - Epoch: 47/100, Validation Loss: 0.6931470457849831, Accuracy: 50.12132650310057%
2024-07-24 17:49:12 - INFO - Epoch: 48/100, Training Loss: 0.6935598202820482
2024-07-24 17:49:12 - INFO - Epoch: 48/100, Validation Loss: 0.6931538319793241, Accuracy: 50.12132650310057%
2024-07-24 17:49:13 - INFO - Epoch: 49/100, Training Loss: 0.6935301478309878
2024-07-24 17:49:13 - INFO - Epoch: 49/100, Validation Loss: 0.6939581370559232, Accuracy: 50.12132650310057%
2024-07-24 17:49:15 - INFO - Epoch: 50/100, Training Loss: 0.6935168999279367
2024-07-24 17:49:15 - INFO - Epoch: 50/100, Validation Loss: 0.6939123046809229, Accuracy: 49.87867349689943%
2024-07-24 17:49:17 - INFO - Epoch: 51/100, Training Loss: 0.6935862807621216
2024-07-24 17:49:17 - INFO - Epoch: 51/100, Validation Loss: 0.6934491524408604, Accuracy: 50.12132650310057%
