2024-06-19 08:14:21 - INFO - This log entry will go into a uniquely named file for this run.
2024-06-19 08:14:21 - INFO - Starting LSTM model training...
2024-06-19 08:14:21 - INFO - Optimizer=RMSprop
2024-06-19 08:14:21 - INFO - epochs=800
2024-06-19 08:14:21 - INFO - batch_size=32
2024-06-19 08:14:21 - INFO - File=codeExamples.txt
2024-06-19 08:14:21 - INFO - Learning Rate=0.01
2024-06-19 08:14:24 - INFO - Starting LSTM model training...
2024-06-19 08:14:28 - INFO - Epoch 1/800, Loss: 1.5040510532879594
2024-06-19 08:14:32 - INFO - Epoch 2/800, Loss: 1.3903428600438772
2024-06-19 08:14:36 - INFO - Epoch 3/800, Loss: 1.4077174653236944
2024-06-19 08:14:40 - INFO - Epoch 4/800, Loss: 1.3595172243737135
2024-06-19 08:14:44 - INFO - Epoch 5/800, Loss: 1.3287228980013635
2024-06-19 08:14:49 - INFO - Epoch 6/800, Loss: 1.345714832944794
2024-06-19 08:14:54 - INFO - Epoch 7/800, Loss: 1.335923971061687
2024-06-19 08:15:01 - INFO - Epoch 8/800, Loss: 1.5016843505757504
2024-06-19 08:15:08 - INFO - Epoch 9/800, Loss: 1.3652619850140693
2024-06-19 08:15:14 - INFO - Epoch 10/800, Loss: 1.3151495824857375
2024-06-19 08:15:21 - INFO - Epoch 11/800, Loss: 1.3410451397793632
2024-06-19 08:15:28 - INFO - Epoch 12/800, Loss: 1.3104544351696386
2024-06-19 08:15:34 - INFO - Epoch 13/800, Loss: 1.3075346820541647
2024-06-19 08:15:41 - INFO - Epoch 14/800, Loss: 1.3020286322393626
2024-06-19 08:15:47 - INFO - Epoch 15/800, Loss: 1.321782192990841
