2024-06-19 01:55:05 - INFO - This log entry will go into a uniquely named file for this run.
2024-06-19 01:55:06 - INFO - Starting LSTM model training...
2024-06-19 01:55:06 - INFO - Optimizer=RMSprop
2024-06-19 01:55:06 - INFO - epochs=1000
2024-06-19 01:55:06 - INFO - batch_size=16
2024-06-19 01:55:06 - INFO - File=codeExamples.txt
2024-06-19 01:55:06 - INFO - Learning Rate=0.001
2024-06-19 01:55:12 - INFO - Starting LSTM model training...
2024-06-19 01:55:29 - INFO - Epoch 1/1000, Loss: 4.782907105764463
2024-06-19 01:55:45 - INFO - Epoch 2/1000, Loss: 1.5651486574376094
2024-06-19 01:56:01 - INFO - Epoch 3/1000, Loss: 1.8157612461345118
2024-06-19 01:56:17 - INFO - Epoch 4/1000, Loss: 1.6148815365154163
2024-06-19 01:56:34 - INFO - Epoch 5/1000, Loss: 1.4407077562757458
2024-06-19 01:56:50 - INFO - Epoch 6/1000, Loss: 1.3906970113683477
2024-06-19 01:57:06 - INFO - Epoch 7/1000, Loss: 1.5970146823992197
2024-06-19 01:57:22 - INFO - Epoch 8/1000, Loss: 1.449320663613643
2024-06-19 01:57:39 - INFO - Epoch 9/1000, Loss: 1.3713979270785932
2024-06-19 01:57:55 - INFO - Epoch 10/1000, Loss: 1.3995056559571504
2024-06-19 01:58:11 - INFO - Epoch 11/1000, Loss: 1.384121137156744
2024-06-19 01:58:27 - INFO - Epoch 12/1000, Loss: 1.4242910691253623
2024-06-19 01:58:43 - INFO - Epoch 13/1000, Loss: 2.542880410181231
2024-06-19 01:58:59 - INFO - Epoch 14/1000, Loss: 1.4137188182606146
2024-06-19 01:59:16 - INFO - Epoch 15/1000, Loss: 1.92758620113906
2024-06-19 01:59:31 - INFO - Epoch 16/1000, Loss: 1.402017855967836
2024-06-19 01:59:48 - INFO - Epoch 17/1000, Loss: 1.4213107808810013
2024-06-19 02:00:04 - INFO - Epoch 18/1000, Loss: 1.4170838173189484
2024-06-19 02:00:20 - INFO - Epoch 19/1000, Loss: 2.022336929827362
2024-06-19 02:00:36 - INFO - Epoch 20/1000, Loss: 1.447810467674948
2024-06-19 02:00:52 - INFO - Epoch 21/1000, Loss: 1.3902398514425118
2024-06-19 02:01:08 - INFO - Epoch 22/1000, Loss: 1.402270334516006
2024-06-19 02:01:24 - INFO - Epoch 23/1000, Loss: 1.4762862908514907
2024-06-19 02:01:40 - INFO - Epoch 24/1000, Loss: 1.368334378551385
2024-06-19 02:01:57 - INFO - Epoch 25/1000, Loss: 1.3671613400636211
2024-06-19 02:02:13 - INFO - Epoch 26/1000, Loss: 1.366638522102514
2024-06-19 02:02:29 - INFO - Epoch 27/1000, Loss: 1.433204024610385
2024-06-19 02:02:46 - INFO - Epoch 28/1000, Loss: 1.480270956370841
2024-06-19 02:03:02 - INFO - Epoch 29/1000, Loss: 1.3247595589757049
2024-06-19 02:03:18 - INFO - Epoch 30/1000, Loss: 1.368164318124215
2024-06-19 02:03:34 - INFO - Epoch 31/1000, Loss: 1.3684864018311733
2024-06-19 02:03:50 - INFO - Epoch 32/1000, Loss: 1.5430575068988976
2024-06-19 02:04:06 - INFO - Epoch 33/1000, Loss: 1.4623847825808798
2024-06-19 02:04:22 - INFO - Epoch 34/1000, Loss: 1.4289076002007752
2024-06-19 02:04:39 - INFO - Epoch 35/1000, Loss: 1.5210178539753292
2024-06-19 02:04:55 - INFO - Epoch 36/1000, Loss: 1.4219525010661258
2024-06-19 02:05:11 - INFO - Epoch 37/1000, Loss: 1.3548308939776517
2024-06-19 02:05:27 - INFO - Epoch 38/1000, Loss: 1.372986001870414
2024-06-19 02:05:43 - INFO - Epoch 39/1000, Loss: 1.6780489248050914
2024-06-19 02:05:59 - INFO - Epoch 40/1000, Loss: 1.3796451269751873
2024-06-19 02:06:15 - INFO - Epoch 41/1000, Loss: 1.3296902803505437
2024-06-19 02:06:32 - INFO - Epoch 42/1000, Loss: 1.3640674909764916
2024-06-19 02:06:48 - INFO - Epoch 43/1000, Loss: 1.3684254226223316
2024-06-19 02:07:04 - INFO - Epoch 44/1000, Loss: 1.322270538929599
2024-06-19 02:07:20 - INFO - Epoch 45/1000, Loss: 1.3444693311622926
2024-06-19 02:07:36 - INFO - Epoch 46/1000, Loss: 1.3547867861373906
2024-06-19 02:07:53 - INFO - Epoch 47/1000, Loss: 1.4422842922561123
2024-06-19 02:08:09 - INFO - Epoch 48/1000, Loss: 1.3991825489941787
2024-06-19 02:08:25 - INFO - Epoch 49/1000, Loss: 1.4106721325975269
2024-06-19 02:08:41 - INFO - Epoch 50/1000, Loss: 1.4390829984753755
2024-06-19 02:08:58 - INFO - Epoch 51/1000, Loss: 1.347792143891093
2024-06-19 02:09:14 - INFO - Epoch 52/1000, Loss: 1.4195342337282244
2024-06-19 02:09:30 - INFO - Epoch 53/1000, Loss: 1.3554859011873555
2024-06-19 02:09:46 - INFO - Epoch 54/1000, Loss: 1.3710068193366602
2024-06-19 02:10:03 - INFO - Epoch 55/1000, Loss: 1.3852241166725276
2024-06-19 02:10:19 - INFO - Epoch 56/1000, Loss: 1.8150733078538206
2024-06-19 02:10:35 - INFO - Epoch 57/1000, Loss: 1.339415365934915
2024-06-19 02:10:51 - INFO - Epoch 58/1000, Loss: 1.3680338730543542
2024-06-19 02:11:07 - INFO - Epoch 59/1000, Loss: 1.3544494655293766
2024-06-19 02:11:24 - INFO - Epoch 60/1000, Loss: 1.5627247154316477
2024-06-19 02:11:40 - INFO - Epoch 61/1000, Loss: 1.3231778823032165
2024-06-19 02:11:56 - INFO - Epoch 62/1000, Loss: 1.332054562611443
2024-06-19 02:12:12 - INFO - Epoch 63/1000, Loss: 1.366212811613495
2024-06-19 02:12:28 - INFO - Epoch 64/1000, Loss: 1.5644238462830689
2024-06-19 02:12:45 - INFO - Epoch 65/1000, Loss: 1.3479876495668845
2024-06-19 02:13:01 - INFO - Epoch 66/1000, Loss: 1.3839483662351584
2024-06-19 02:13:17 - INFO - Epoch 67/1000, Loss: 1.524661138173743
2024-06-19 02:13:33 - INFO - Epoch 68/1000, Loss: 1.3075403113226198
2024-06-19 02:13:49 - INFO - Epoch 69/1000, Loss: 1.3591540873602046
2024-06-19 02:14:05 - INFO - Epoch 70/1000, Loss: 1.4693244514076114
2024-06-19 02:14:22 - INFO - Epoch 71/1000, Loss: 2.1445977176819997
2024-06-19 02:14:38 - INFO - Epoch 72/1000, Loss: 1.595041928229037
2024-06-19 02:14:54 - INFO - Epoch 73/1000, Loss: 1.6300155064863833
2024-06-19 02:15:10 - INFO - Epoch 74/1000, Loss: 1.6113860734624077
2024-06-19 02:15:27 - INFO - Epoch 75/1000, Loss: 1.499988081359242
2024-06-19 02:15:43 - INFO - Epoch 76/1000, Loss: 1.3364570500799364
2024-06-19 02:15:59 - INFO - Epoch 77/1000, Loss: 1.4910553566266795
2024-06-19 02:16:15 - INFO - Epoch 78/1000, Loss: 1.33741668870646
2024-06-19 02:16:32 - INFO - Epoch 79/1000, Loss: 1.4416372518473377
2024-06-19 02:16:48 - INFO - Epoch 80/1000, Loss: 1.4597941632329108
2024-06-19 02:17:04 - INFO - Epoch 81/1000, Loss: 1.4487378411592424
2024-06-19 02:17:20 - INFO - Epoch 82/1000, Loss: 1.382878019903592
2024-06-19 02:17:37 - INFO - Epoch 83/1000, Loss: 1.3156627095328024
2024-06-19 02:17:53 - INFO - Epoch 84/1000, Loss: 1.4220784598412455
2024-06-19 02:18:09 - INFO - Epoch 85/1000, Loss: 1.3720999150763151
2024-06-19 02:18:25 - INFO - Epoch 86/1000, Loss: 1.4413034243103362
2024-06-19 02:18:42 - INFO - Epoch 87/1000, Loss: 1.3778062150251504
2024-06-19 02:18:58 - INFO - Epoch 88/1000, Loss: 1.3563277434976908
2024-06-19 02:19:14 - INFO - Epoch 89/1000, Loss: 1.559398816921929
2024-06-19 02:19:30 - INFO - Epoch 90/1000, Loss: 1.4505244269665774
2024-06-19 02:19:47 - INFO - Epoch 91/1000, Loss: 1.353796332545725
2024-06-19 02:20:03 - INFO - Epoch 92/1000, Loss: 1.5251724896878482
2024-06-19 02:20:19 - INFO - Epoch 93/1000, Loss: 1.3488300044250772
2024-06-19 02:20:35 - INFO - Epoch 94/1000, Loss: 1.3687791337928352
2024-06-19 02:20:52 - INFO - Epoch 95/1000, Loss: 1.3425766903281418
2024-06-19 02:21:08 - INFO - Epoch 96/1000, Loss: 2.363755788230355
2024-06-19 02:21:24 - INFO - Epoch 97/1000, Loss: 1.3733888650679695
2024-06-19 02:21:40 - INFO - Epoch 98/1000, Loss: 1.373279683810367
2024-06-19 02:21:56 - INFO - Epoch 99/1000, Loss: 1.323688753732981
2024-06-19 02:22:13 - INFO - Epoch 100/1000, Loss: 1.352881462264359
2024-06-19 02:22:29 - INFO - Epoch 101/1000, Loss: 1.3921958421699971
2024-06-19 02:22:45 - INFO - Epoch 102/1000, Loss: 5.733654066369617
2024-06-19 02:23:01 - INFO - Epoch 103/1000, Loss: 1.7193180555047858
2024-06-19 02:23:18 - INFO - Epoch 104/1000, Loss: 1.470235660203258
2024-06-19 02:23:34 - INFO - Epoch 105/1000, Loss: 1.6249797188699016
2024-06-19 02:23:50 - INFO - Epoch 106/1000, Loss: 1.7085511337201897
2024-06-19 02:24:06 - INFO - Epoch 107/1000, Loss: 1.3416248809959923
2024-06-19 02:24:23 - INFO - Epoch 108/1000, Loss: 1.3795942543623854
2024-06-19 02:24:39 - INFO - Epoch 109/1000, Loss: 1.33591121324063
2024-06-19 02:24:55 - INFO - Epoch 110/1000, Loss: 1.4180387002388033
2024-06-19 02:25:11 - INFO - Epoch 111/1000, Loss: 1.4910473829587345
2024-06-19 02:25:28 - INFO - Epoch 112/1000, Loss: 1.3353973369615455
2024-06-19 02:25:44 - INFO - Epoch 113/1000, Loss: 1.3638330056202914
2024-06-19 02:26:00 - INFO - Epoch 114/1000, Loss: 3.4161898634875163
2024-06-19 02:26:16 - INFO - Epoch 115/1000, Loss: 1.4585398534587397
2024-06-19 02:26:32 - INFO - Epoch 116/1000, Loss: 1.3317503225286376
2024-06-19 02:26:49 - INFO - Epoch 117/1000, Loss: 1.3958784647191391
2024-06-19 02:27:05 - INFO - Epoch 118/1000, Loss: 1.370842934882176
2024-06-19 02:27:21 - INFO - Epoch 119/1000, Loss: 1.502877203982528
2024-06-19 02:27:38 - INFO - Epoch 120/1000, Loss: 1.4281749142400446
2024-06-19 02:27:54 - INFO - Epoch 121/1000, Loss: 1.3868739711544025
2024-06-19 02:28:10 - INFO - Epoch 122/1000, Loss: 1.5790762682647734
2024-06-19 02:28:26 - INFO - Epoch 123/1000, Loss: 1.4827672107842091
2024-06-19 02:28:43 - INFO - Epoch 124/1000, Loss: 1.3673277198922011
2024-06-19 02:28:59 - INFO - Epoch 125/1000, Loss: 1.3258002175228847
2024-06-19 02:29:15 - INFO - Epoch 126/1000, Loss: 1.4129689443573008
2024-06-19 02:29:31 - INFO - Epoch 127/1000, Loss: 1.387718498371571
2024-06-19 02:29:47 - INFO - Epoch 128/1000, Loss: 1.394413568781481
2024-06-19 02:30:04 - INFO - Epoch 129/1000, Loss: 1.3912258300245741
2024-06-19 02:30:20 - INFO - Epoch 130/1000, Loss: 1.3881347964776696
2024-06-19 02:30:36 - INFO - Epoch 131/1000, Loss: 1.3975650119586442
2024-06-19 02:30:52 - INFO - Epoch 132/1000, Loss: 1.3917701241860678
2024-06-19 02:31:09 - INFO - Epoch 133/1000, Loss: 1.9476564581610416
2024-06-19 02:31:25 - INFO - Epoch 134/1000, Loss: 1.3603158570662932
2024-06-19 02:31:41 - INFO - Epoch 135/1000, Loss: 1.3632742818948012
2024-06-19 02:31:58 - INFO - Epoch 136/1000, Loss: 1.4491054196905868
2024-06-19 02:32:14 - INFO - Epoch 137/1000, Loss: 1.3296169587861864
2024-06-19 02:32:30 - INFO - Epoch 138/1000, Loss: 1.3929975142523494
2024-06-19 02:32:46 - INFO - Epoch 139/1000, Loss: 1.3327974963707943
2024-06-19 02:33:03 - INFO - Epoch 140/1000, Loss: 1.348259940271746
2024-06-19 02:33:19 - INFO - Epoch 141/1000, Loss: 1.5076489554385575
2024-06-19 02:33:35 - INFO - Epoch 142/1000, Loss: 1.3605752304048822
2024-06-19 02:33:51 - INFO - Epoch 143/1000, Loss: 1.3425610763992397
2024-06-19 02:34:08 - INFO - Epoch 144/1000, Loss: 1.3246030382147418
2024-06-19 02:34:24 - INFO - Epoch 145/1000, Loss: 1.3624542628361724
2024-06-19 02:34:40 - INFO - Epoch 146/1000, Loss: 1.3394798112398787
2024-06-19 02:34:56 - INFO - Epoch 147/1000, Loss: 4.566958195737719
2024-06-19 02:35:13 - INFO - Epoch 148/1000, Loss: 1.3542167879351006
2024-06-19 02:35:29 - INFO - Epoch 149/1000, Loss: 1.5016032041590377
2024-06-19 02:35:45 - INFO - Epoch 150/1000, Loss: 1.521790678645919
2024-06-19 02:36:02 - INFO - Epoch 151/1000, Loss: 1.366427088345698
2024-06-19 02:36:18 - INFO - Epoch 152/1000, Loss: 1.365692721627078
2024-06-19 02:36:34 - INFO - Epoch 153/1000, Loss: 1.3587836085550347
2024-06-19 02:36:50 - INFO - Epoch 154/1000, Loss: 1.3949399638119444
2024-06-19 02:37:06 - INFO - Epoch 155/1000, Loss: 1.387832920812183
2024-06-19 02:37:22 - INFO - Epoch 156/1000, Loss: 1.335453695296266
2024-06-19 02:37:39 - INFO - Epoch 157/1000, Loss: 1.3494289327752766
2024-06-19 02:37:55 - INFO - Epoch 158/1000, Loss: 1.4471550150013577
2024-06-19 02:38:11 - INFO - Epoch 159/1000, Loss: 1.3711334034216618
2024-06-19 02:38:27 - INFO - Epoch 160/1000, Loss: 1.3736478195902815
2024-06-19 02:38:43 - INFO - Epoch 161/1000, Loss: 1.3304847558937893
2024-06-19 02:38:59 - INFO - Epoch 162/1000, Loss: 1.3733454506536222
2024-06-19 02:39:16 - INFO - Epoch 163/1000, Loss: 1.3781366110213746
2024-06-19 02:39:32 - INFO - Epoch 164/1000, Loss: 1.3670416262859868
2024-06-19 02:39:48 - INFO - Epoch 165/1000, Loss: 1.7707592237279963
2024-06-19 02:40:04 - INFO - Epoch 166/1000, Loss: 1.3403821347597968
2024-06-19 02:40:21 - INFO - Epoch 167/1000, Loss: 1.5375094777763192
2024-06-19 02:40:37 - INFO - Epoch 168/1000, Loss: 4.121082701842854
2024-06-19 02:40:53 - INFO - Epoch 169/1000, Loss: 1.3716705365940511
2024-06-19 02:41:09 - INFO - Epoch 170/1000, Loss: 1.628157776480289
2024-06-19 02:41:26 - INFO - Epoch 171/1000, Loss: 1.3510660495196394
2024-06-19 02:41:42 - INFO - Epoch 172/1000, Loss: 1.3712268526507119
2024-06-19 02:41:58 - INFO - Epoch 173/1000, Loss: 1.3481145058250967
2024-06-19 02:42:14 - INFO - Epoch 174/1000, Loss: 1.4092746686277122
2024-06-19 02:42:31 - INFO - Epoch 175/1000, Loss: 1.363417770508714
2024-06-19 02:42:47 - INFO - Epoch 176/1000, Loss: 1.3332763110453163
2024-06-19 02:43:03 - INFO - Epoch 177/1000, Loss: 1.3867395862854548
2024-06-19 02:43:19 - INFO - Epoch 178/1000, Loss: 1.3616553619417393
2024-06-19 02:43:36 - INFO - Epoch 179/1000, Loss: 1.5419164551621571
2024-06-19 02:43:52 - INFO - Epoch 180/1000, Loss: 1.8128257784579458
2024-06-19 02:44:08 - INFO - Epoch 181/1000, Loss: 1.5812551888584818
2024-06-19 02:44:24 - INFO - Epoch 182/1000, Loss: 1.330614760301575
2024-06-19 02:44:41 - INFO - Epoch 183/1000, Loss: 1.37712605948041
2024-06-19 02:44:57 - INFO - Epoch 184/1000, Loss: 1.3645898849901081
2024-06-19 02:45:13 - INFO - Epoch 185/1000, Loss: 1.3445815343723377
2024-06-19 02:45:29 - INFO - Epoch 186/1000, Loss: 2.1852901080260576
2024-06-19 02:45:45 - INFO - Epoch 187/1000, Loss: 1.3429383921422635
2024-06-19 02:46:01 - INFO - Epoch 188/1000, Loss: 1.7575421282111676
2024-06-19 02:46:18 - INFO - Epoch 189/1000, Loss: 1.3383687804100035
2024-06-19 02:46:34 - INFO - Epoch 190/1000, Loss: 1.4130279331622206
2024-06-19 02:46:50 - INFO - Epoch 191/1000, Loss: 1.4284001503818367
2024-06-19 02:47:06 - INFO - Epoch 192/1000, Loss: 1.3635875932986237
2024-06-19 02:47:22 - INFO - Epoch 193/1000, Loss: 1.4903159524165055
2024-06-19 02:47:38 - INFO - Epoch 194/1000, Loss: 1.3357211619450875
2024-06-19 02:47:55 - INFO - Epoch 195/1000, Loss: 1.3376308777273236
2024-06-19 02:48:11 - INFO - Epoch 196/1000, Loss: 1.3707238266592852
2024-06-19 02:48:27 - INFO - Epoch 197/1000, Loss: 1.344880655354571
2024-06-19 02:48:43 - INFO - Epoch 198/1000, Loss: 1.560153307925761
2024-06-19 02:49:00 - INFO - Epoch 199/1000, Loss: 1.4418567058481842
2024-06-19 02:49:16 - INFO - Epoch 200/1000, Loss: 2.1739519834130543
2024-06-19 02:49:32 - INFO - Epoch 201/1000, Loss: 1.3355513127374443
2024-06-19 02:49:48 - INFO - Epoch 202/1000, Loss: 1.3861735633508667
2024-06-19 02:50:05 - INFO - Epoch 203/1000, Loss: 1.4919573004561721
2024-06-19 02:50:21 - INFO - Epoch 204/1000, Loss: 1.4518288006893578
2024-06-19 02:50:37 - INFO - Epoch 205/1000, Loss: 1.3492294606850834
2024-06-19 02:50:54 - INFO - Epoch 206/1000, Loss: 1.3927662789292434
2024-06-19 02:51:10 - INFO - Epoch 207/1000, Loss: 1.3369252058893701
2024-06-19 02:51:26 - INFO - Epoch 208/1000, Loss: 1.3358323277499253
2024-06-19 02:51:42 - INFO - Epoch 209/1000, Loss: 1.3465013361008205
2024-06-19 02:51:59 - INFO - Epoch 210/1000, Loss: 1.838972145624586
2024-06-19 02:52:15 - INFO - Epoch 211/1000, Loss: 1.3879747781731984
2024-06-19 02:52:31 - INFO - Epoch 212/1000, Loss: 1.3309516647296133
2024-06-19 02:52:47 - INFO - Epoch 213/1000, Loss: 1.344305613641265
2024-06-19 02:53:04 - INFO - Epoch 214/1000, Loss: 1.4605603121438906
2024-06-19 02:53:20 - INFO - Epoch 215/1000, Loss: 2.0621673051978355
2024-06-19 02:53:36 - INFO - Epoch 216/1000, Loss: 1.4145820579152888
2024-06-19 02:53:53 - INFO - Epoch 217/1000, Loss: 1.4004701849130143
2024-06-19 02:54:09 - INFO - Epoch 218/1000, Loss: 1.535380733781727
2024-06-19 02:54:25 - INFO - Epoch 219/1000, Loss: 1.3769105131066572
2024-06-19 02:54:41 - INFO - Epoch 220/1000, Loss: 1.3439198152870335
2024-06-19 02:54:58 - INFO - Epoch 221/1000, Loss: 1.413457022774742
2024-06-19 02:55:14 - INFO - Epoch 222/1000, Loss: 1.4226728612362676
2024-06-19 02:55:30 - INFO - Epoch 223/1000, Loss: 1.6028077061628023
2024-06-19 02:55:46 - INFO - Epoch 224/1000, Loss: 1.3474074027220564
2024-06-19 02:56:03 - INFO - Epoch 225/1000, Loss: 1.6223860368044625
2024-06-19 02:56:19 - INFO - Epoch 226/1000, Loss: 1.3346754472048352
2024-06-19 02:56:35 - INFO - Epoch 227/1000, Loss: 1.3959000647990645
2024-06-19 02:56:51 - INFO - Epoch 228/1000, Loss: 1.4466163901301246
2024-06-19 02:57:08 - INFO - Epoch 229/1000, Loss: 1.5398689085528567
2024-06-19 02:57:24 - INFO - Epoch 230/1000, Loss: 1.3653129337528054
2024-06-19 02:57:40 - INFO - Epoch 231/1000, Loss: 1.8112465633869126
2024-06-19 02:57:56 - INFO - Epoch 232/1000, Loss: 1.3530346539675184
2024-06-19 02:58:13 - INFO - Epoch 233/1000, Loss: 1.3607444700456444
2024-06-19 02:58:29 - INFO - Epoch 234/1000, Loss: 1.3529411040882693
2024-06-19 02:58:45 - INFO - Epoch 235/1000, Loss: 1.3955752143399716
2024-06-19 02:59:02 - INFO - Epoch 236/1000, Loss: 1.383731121061149
2024-06-19 02:59:18 - INFO - Epoch 237/1000, Loss: 1.32034065226035
2024-06-19 02:59:34 - INFO - Epoch 238/1000, Loss: 1.448050441654613
2024-06-19 02:59:50 - INFO - Epoch 239/1000, Loss: 1.3915297723806137
2024-06-19 03:00:06 - INFO - Epoch 240/1000, Loss: 1.6100951295592087
2024-06-19 03:00:23 - INFO - Epoch 241/1000, Loss: 1.4110457473611786
2024-06-19 03:00:39 - INFO - Epoch 242/1000, Loss: 1.5332946057408412
2024-06-19 03:00:55 - INFO - Epoch 243/1000, Loss: 1.430133679070156
2024-06-19 03:01:11 - INFO - Epoch 244/1000, Loss: 1.6748414343716582
2024-06-19 03:01:28 - INFO - Epoch 245/1000, Loss: 1.5025642877458911
2024-06-19 03:01:44 - INFO - Epoch 246/1000, Loss: 1.44278487551081
2024-06-19 03:02:00 - INFO - Epoch 247/1000, Loss: 1.4318447044879519
2024-06-19 03:02:16 - INFO - Epoch 248/1000, Loss: 1.3772594360318227
2024-06-19 03:02:33 - INFO - Epoch 249/1000, Loss: 1.659828405103629
2024-06-19 03:02:49 - INFO - Epoch 250/1000, Loss: 1.4172767315793946
2024-06-19 03:03:05 - INFO - Epoch 251/1000, Loss: 1.358891563225351
2024-06-19 03:03:21 - INFO - Epoch 252/1000, Loss: 1.372640559481914
2024-06-19 03:03:38 - INFO - Epoch 253/1000, Loss: 1.3720951362095721
2024-06-19 03:03:54 - INFO - Epoch 254/1000, Loss: 1.494551915911425
2024-06-19 03:04:10 - INFO - Epoch 255/1000, Loss: 1.7111452602555506
2024-06-19 03:04:26 - INFO - Epoch 256/1000, Loss: 1.4037829594693467
2024-06-19 03:04:43 - INFO - Epoch 257/1000, Loss: 1.3507550019397345
2024-06-19 03:04:59 - INFO - Epoch 258/1000, Loss: 2.254676868663652
2024-06-19 03:05:15 - INFO - Epoch 259/1000, Loss: 1.3364076832484175
2024-06-19 03:05:31 - INFO - Epoch 260/1000, Loss: 1.4348346502418625
2024-06-19 03:05:48 - INFO - Epoch 261/1000, Loss: 1.4717843379817215
2024-06-19 03:06:04 - INFO - Epoch 262/1000, Loss: 1.5580632455461012
2024-06-19 03:06:20 - INFO - Epoch 263/1000, Loss: 1.3532672062227373
2024-06-19 03:06:37 - INFO - Epoch 264/1000, Loss: 1.5129499436865534
2024-06-19 03:06:53 - INFO - Epoch 265/1000, Loss: 2.0828208214057593
2024-06-19 03:07:09 - INFO - Epoch 266/1000, Loss: 1.3284137066297328
2024-06-19 03:07:26 - INFO - Epoch 267/1000, Loss: 1.350178901949604
2024-06-19 03:07:42 - INFO - Epoch 268/1000, Loss: 1.6144909213921717
2024-06-19 03:07:58 - INFO - Epoch 269/1000, Loss: 2.676662418714091
2024-06-19 03:08:14 - INFO - Epoch 270/1000, Loss: 1.3472825896926701
2024-06-19 03:08:30 - INFO - Epoch 271/1000, Loss: 1.3292216186559345
2024-06-19 03:08:46 - INFO - Epoch 272/1000, Loss: 1.3562487622509385
2024-06-19 03:09:03 - INFO - Epoch 273/1000, Loss: 1.425087942071015
2024-06-19 03:09:19 - INFO - Epoch 274/1000, Loss: 1.5793331557003318
2024-06-19 03:09:35 - INFO - Epoch 275/1000, Loss: 1.530286731793337
2024-06-19 03:09:51 - INFO - Epoch 276/1000, Loss: 1.3426887840538217
2024-06-19 03:10:07 - INFO - Epoch 277/1000, Loss: 1.355566672269079
2024-06-19 03:10:23 - INFO - Epoch 278/1000, Loss: 1.3663689167613804
2024-06-19 03:10:40 - INFO - Epoch 279/1000, Loss: 1.4373369191484526
2024-06-19 03:10:56 - INFO - Epoch 280/1000, Loss: 1.515263224586762
2024-06-19 03:11:12 - INFO - Epoch 281/1000, Loss: 4.158953049744444
2024-06-19 03:11:28 - INFO - Epoch 282/1000, Loss: 1.368822937352396
2024-06-19 03:11:45 - INFO - Epoch 283/1000, Loss: 1.4472832013355696
2024-06-19 03:12:01 - INFO - Epoch 284/1000, Loss: 1.3972680684119672
2024-06-19 03:12:17 - INFO - Epoch 285/1000, Loss: 1.413352100640689
2024-06-19 03:12:33 - INFO - Epoch 286/1000, Loss: 1.8904306666486317
2024-06-19 03:12:50 - INFO - Epoch 287/1000, Loss: 1.735413683257065
2024-06-19 03:13:06 - INFO - Epoch 288/1000, Loss: 1.3659471206788498
2024-06-19 03:13:22 - INFO - Epoch 289/1000, Loss: 1.6893415576393278
2024-06-19 03:13:39 - INFO - Epoch 290/1000, Loss: 1.3215810974976487
2024-06-19 03:13:55 - INFO - Epoch 291/1000, Loss: 1.350466577986685
2024-06-19 03:14:11 - INFO - Epoch 292/1000, Loss: 1.320375463173811
2024-06-19 03:14:27 - INFO - Epoch 293/1000, Loss: 1.3601110743793634
2024-06-19 03:14:44 - INFO - Epoch 294/1000, Loss: 1.447411464186375
2024-06-19 03:15:00 - INFO - Epoch 295/1000, Loss: 2.740175506811852
2024-06-19 03:15:16 - INFO - Epoch 296/1000, Loss: 1.775116858541985
2024-06-19 03:15:32 - INFO - Epoch 297/1000, Loss: 1.3533915583682747
2024-06-19 03:15:49 - INFO - Epoch 298/1000, Loss: 1.3456526871245758
2024-06-19 03:16:05 - INFO - Epoch 299/1000, Loss: 1.3161278443207265
2024-06-19 03:16:21 - INFO - Epoch 300/1000, Loss: 1.3550224947013965
2024-06-19 03:16:37 - INFO - Epoch 301/1000, Loss: 1.3392783438916132
2024-06-19 03:16:54 - INFO - Epoch 302/1000, Loss: 1.372809992194292
2024-06-19 03:17:10 - INFO - Epoch 303/1000, Loss: 1.4547504969001819
2024-06-19 03:17:26 - INFO - Epoch 304/1000, Loss: 1.3527723134758138
2024-06-19 03:17:43 - INFO - Epoch 305/1000, Loss: 1.4083522969318922
2024-06-19 03:17:59 - INFO - Epoch 306/1000, Loss: 1.3267536694017275
2024-06-19 03:18:15 - INFO - Epoch 307/1000, Loss: 1.455477177046701
2024-06-19 03:18:31 - INFO - Epoch 308/1000, Loss: 1.4034604523818386
2024-06-19 03:18:48 - INFO - Epoch 309/1000, Loss: 3.605964569856403
2024-06-19 03:19:04 - INFO - Epoch 310/1000, Loss: 1.5317108111778728
2024-06-19 03:19:20 - INFO - Epoch 311/1000, Loss: 1.3421044155615218
2024-06-19 03:19:36 - INFO - Epoch 312/1000, Loss: 1.3896098887411137
2024-06-19 03:19:53 - INFO - Epoch 313/1000, Loss: 1.4578712169071102
2024-06-19 03:20:09 - INFO - Epoch 314/1000, Loss: 1.3841614037085814
2024-06-19 03:20:25 - INFO - Epoch 315/1000, Loss: 1.3558724952565295
2024-06-19 03:20:41 - INFO - Epoch 316/1000, Loss: 1.4623649179289897
2024-06-19 03:20:58 - INFO - Epoch 317/1000, Loss: 1.4210454675435675
2024-06-19 03:21:14 - INFO - Epoch 318/1000, Loss: 1.3775833070510901
2024-06-19 03:21:30 - INFO - Epoch 319/1000, Loss: 2.2481099809889002
2024-06-19 03:21:46 - INFO - Epoch 320/1000, Loss: 1.3878493258927938
2024-06-19 03:22:03 - INFO - Epoch 321/1000, Loss: 1.3532500808410652
2024-06-19 03:22:19 - INFO - Epoch 322/1000, Loss: 2.2262539019983847
2024-06-19 03:22:35 - INFO - Epoch 323/1000, Loss: 1.6585488639793065
2024-06-19 03:22:51 - INFO - Epoch 324/1000, Loss: 1.3998982941916491
2024-06-19 03:23:08 - INFO - Epoch 325/1000, Loss: 1.518083497913059
2024-06-19 03:23:24 - INFO - Epoch 326/1000, Loss: 1.475155574454316
2024-06-19 03:23:40 - INFO - Epoch 327/1000, Loss: 1.3937210509375106
2024-06-19 03:23:56 - INFO - Epoch 328/1000, Loss: 1.4906431921122547
2024-06-19 03:24:13 - INFO - Epoch 329/1000, Loss: 1.3689956616497558
2024-06-19 03:24:29 - INFO - Epoch 330/1000, Loss: 1.4730784932323475
2024-06-19 03:24:45 - INFO - Epoch 331/1000, Loss: 1.3689946307634169
2024-06-19 03:25:01 - INFO - Epoch 332/1000, Loss: 1.3280148051766756
2024-06-19 03:25:18 - INFO - Epoch 333/1000, Loss: 1.3558140137601984
2024-06-19 03:25:34 - INFO - Epoch 334/1000, Loss: 1.3454270572397038
2024-06-19 03:25:50 - INFO - Epoch 335/1000, Loss: 1.9076837091711238
2024-06-19 03:26:07 - INFO - Epoch 336/1000, Loss: 1.4365020672358357
2024-06-19 03:26:23 - INFO - Epoch 337/1000, Loss: 1.3665993434777848
2024-06-19 03:26:39 - INFO - Epoch 338/1000, Loss: 2.57295595188218
2024-06-19 03:26:55 - INFO - Epoch 339/1000, Loss: 1.5080129306186598
2024-06-19 03:27:12 - INFO - Epoch 340/1000, Loss: 1.3689560539657166
2024-06-19 03:27:28 - INFO - Epoch 341/1000, Loss: 1.3903399640943184
2024-06-19 03:27:44 - INFO - Epoch 342/1000, Loss: 1.346122210101869
2024-06-19 03:28:00 - INFO - Epoch 343/1000, Loss: 1.3948599194369877
2024-06-19 03:28:17 - INFO - Epoch 344/1000, Loss: 1.3415753634918663
2024-06-19 03:28:33 - INFO - Epoch 345/1000, Loss: 1.3463508457295905
2024-06-19 03:28:49 - INFO - Epoch 346/1000, Loss: 1.3863542918984275
2024-06-19 03:29:05 - INFO - Epoch 347/1000, Loss: 1.5890161579458615
2024-06-19 03:29:22 - INFO - Epoch 348/1000, Loss: 1.7638119523375513
2024-06-19 03:29:38 - INFO - Epoch 349/1000, Loss: 1.317886880366965
2024-06-19 03:29:54 - INFO - Epoch 350/1000, Loss: 1.4919255208155657
2024-06-19 03:30:10 - INFO - Epoch 351/1000, Loss: 1.409542092927656
2024-06-19 03:30:27 - INFO - Epoch 352/1000, Loss: 1.3578178077009395
2024-06-19 03:30:43 - INFO - Epoch 353/1000, Loss: 1.336094412002161
2024-06-19 03:30:59 - INFO - Epoch 354/1000, Loss: 2.8479439298993445
2024-06-19 03:31:15 - INFO - Epoch 355/1000, Loss: 1.3359612139488306
2024-06-19 03:31:32 - INFO - Epoch 356/1000, Loss: 1.3540572344173487
2024-06-19 03:31:48 - INFO - Epoch 357/1000, Loss: 1.3422212200739314
2024-06-19 03:32:04 - INFO - Epoch 358/1000, Loss: 1.568522013046084
2024-06-19 03:32:20 - INFO - Epoch 359/1000, Loss: 2.3240899282181573
2024-06-19 03:32:37 - INFO - Epoch 360/1000, Loss: 1.3590445752113494
2024-06-19 03:32:53 - INFO - Epoch 361/1000, Loss: 1.3942209890639827
2024-06-19 03:33:09 - INFO - Epoch 362/1000, Loss: 1.4046467835725958
2024-06-19 03:33:25 - INFO - Epoch 363/1000, Loss: 1.5906045224517757
2024-06-19 03:33:42 - INFO - Epoch 364/1000, Loss: 1.9482840917014357
2024-06-19 03:33:58 - INFO - Epoch 365/1000, Loss: 2.7092692182745965
2024-06-19 03:34:14 - INFO - Epoch 366/1000, Loss: 2.1688673953179265
2024-06-19 03:34:31 - INFO - Epoch 367/1000, Loss: 1.3557499637941999
2024-06-19 03:34:47 - INFO - Epoch 368/1000, Loss: 1.41610266049304
2024-06-19 03:35:03 - INFO - Epoch 369/1000, Loss: 1.923999552324893
2024-06-19 03:35:19 - INFO - Epoch 370/1000, Loss: 1.3787215941178275
2024-06-19 03:35:36 - INFO - Epoch 371/1000, Loss: 1.419152596314593
2024-06-19 03:35:52 - INFO - Epoch 372/1000, Loss: 1.39835155087247
2024-06-19 03:36:08 - INFO - Epoch 373/1000, Loss: 1.4928412916356868
2024-06-19 03:36:24 - INFO - Epoch 374/1000, Loss: 1.3832191178496456
2024-06-19 03:36:41 - INFO - Epoch 375/1000, Loss: 1.3306736300049569
2024-06-19 03:36:57 - INFO - Epoch 376/1000, Loss: 1.3463545890109994
2024-06-19 03:37:13 - INFO - Epoch 377/1000, Loss: 1.3166438442324293
2024-06-19 03:37:29 - INFO - Epoch 378/1000, Loss: 1.3608996288129067
2024-06-19 03:37:46 - INFO - Epoch 379/1000, Loss: 1.3209492723485092
2024-06-19 03:38:02 - INFO - Epoch 380/1000, Loss: 1.34709564563825
2024-06-19 03:38:18 - INFO - Epoch 381/1000, Loss: 1.3725219515140976
2024-06-19 03:38:34 - INFO - Epoch 382/1000, Loss: 1.4448671345098334
2024-06-19 03:38:51 - INFO - Epoch 383/1000, Loss: 2.1720600082735433
2024-06-19 03:39:07 - INFO - Epoch 384/1000, Loss: 1.3469795511949514
2024-06-19 03:39:23 - INFO - Epoch 385/1000, Loss: 1.3649323512247427
2024-06-19 03:39:39 - INFO - Epoch 386/1000, Loss: 1.336731485582288
2024-06-19 03:39:56 - INFO - Epoch 387/1000, Loss: 1.5746424104946515
2024-06-19 03:40:12 - INFO - Epoch 388/1000, Loss: 1.4127417410544336
2024-06-19 03:40:28 - INFO - Epoch 389/1000, Loss: 1.350511755431507
2024-06-19 03:40:45 - INFO - Epoch 390/1000, Loss: 1.9678341451340882
2024-06-19 03:41:01 - INFO - Epoch 391/1000, Loss: 1.3830656002728514
2024-06-19 03:41:17 - INFO - Epoch 392/1000, Loss: 1.349440130530023
2024-06-19 03:41:33 - INFO - Epoch 393/1000, Loss: 1.4204897076183796
2024-06-19 03:41:50 - INFO - Epoch 394/1000, Loss: 1.3245632610565747
2024-06-19 03:42:06 - INFO - Epoch 395/1000, Loss: 1.3850406404375637
2024-06-19 03:42:22 - INFO - Epoch 396/1000, Loss: 1.3683012966297774
2024-06-19 03:42:38 - INFO - Epoch 397/1000, Loss: 1.3545228115702055
2024-06-19 03:42:55 - INFO - Epoch 398/1000, Loss: 1.4333762949463247
2024-06-19 03:43:11 - INFO - Epoch 399/1000, Loss: 1.4314568320982173
2024-06-19 03:43:27 - INFO - Epoch 400/1000, Loss: 1.3469909482580102
2024-06-19 03:43:44 - INFO - Epoch 401/1000, Loss: 1.3461175986437464
2024-06-19 03:44:00 - INFO - Epoch 402/1000, Loss: 1.329275034951603
2024-06-19 03:44:16 - INFO - Epoch 403/1000, Loss: 1.4108965398543485
2024-06-19 03:44:32 - INFO - Epoch 404/1000, Loss: 1.449864240169902
2024-06-19 03:44:49 - INFO - Epoch 405/1000, Loss: 1.365515126791015
2024-06-19 03:45:05 - INFO - Epoch 406/1000, Loss: 1.3548048261274428
2024-06-19 03:45:21 - INFO - Epoch 407/1000, Loss: 1.3159766785798033
2024-06-19 03:45:38 - INFO - Epoch 408/1000, Loss: 2.4042769251843685
2024-06-19 03:45:54 - INFO - Epoch 409/1000, Loss: 1.660036030799886
2024-06-19 03:46:10 - INFO - Epoch 410/1000, Loss: 1.4569996171198656
2024-06-19 03:46:26 - INFO - Epoch 411/1000, Loss: 1.362382902353427
2024-06-19 03:46:43 - INFO - Epoch 412/1000, Loss: 1.3421445875239217
2024-06-19 03:46:59 - INFO - Epoch 413/1000, Loss: 1.3160776032267967
2024-06-19 03:47:15 - INFO - Epoch 414/1000, Loss: 1.3661845642691492
2024-06-19 03:47:31 - INFO - Epoch 415/1000, Loss: 1.4408328906958812
2024-06-19 03:47:48 - INFO - Epoch 416/1000, Loss: 2.1784287993281652
2024-06-19 03:48:04 - INFO - Epoch 417/1000, Loss: 1.399046202569927
2024-06-19 03:48:20 - INFO - Epoch 418/1000, Loss: 1.320286509306401
2024-06-19 03:48:36 - INFO - Epoch 419/1000, Loss: 2.4580865975886503
2024-06-19 03:48:53 - INFO - Epoch 420/1000, Loss: 1.376861904719515
2024-06-19 03:49:09 - INFO - Epoch 421/1000, Loss: 1.5066294415483734
2024-06-19 03:49:25 - INFO - Epoch 422/1000, Loss: 1.5055082187929985
2024-06-19 03:49:41 - INFO - Epoch 423/1000, Loss: 1.326816275535044
2024-06-19 03:49:58 - INFO - Epoch 424/1000, Loss: 1.376374390325536
2024-06-19 03:50:14 - INFO - Epoch 425/1000, Loss: 1.3509650567095133
2024-06-19 03:50:30 - INFO - Epoch 426/1000, Loss: 1.3241794870382173
2024-06-19 03:50:47 - INFO - Epoch 427/1000, Loss: 1.3456141497751595
2024-06-19 03:51:03 - INFO - Epoch 428/1000, Loss: 1.3576418027238124
2024-06-19 03:51:19 - INFO - Epoch 429/1000, Loss: 1.3393896637557248
2024-06-19 03:51:35 - INFO - Epoch 430/1000, Loss: 1.3388125559295432
2024-06-19 03:51:52 - INFO - Epoch 431/1000, Loss: 1.4258993085178877
2024-06-19 03:52:08 - INFO - Epoch 432/1000, Loss: 4.7732674705041855
2024-06-19 03:52:24 - INFO - Epoch 433/1000, Loss: 1.3672030926642877
2024-06-19 03:52:41 - INFO - Epoch 434/1000, Loss: 1.321013283326149
2024-06-19 03:52:57 - INFO - Epoch 435/1000, Loss: 1.4230838069322633
2024-06-19 03:53:13 - INFO - Epoch 436/1000, Loss: 1.372193471228279
2024-06-19 03:53:29 - INFO - Epoch 437/1000, Loss: 1.4434767096288554
2024-06-19 03:53:46 - INFO - Epoch 438/1000, Loss: 1.528755162416024
2024-06-19 03:54:02 - INFO - Epoch 439/1000, Loss: 1.5692575250726772
2024-06-19 03:54:18 - INFO - Epoch 440/1000, Loss: 1.3600094227180628
2024-06-19 03:54:34 - INFO - Epoch 441/1000, Loss: 1.467918259802819
2024-06-19 03:54:51 - INFO - Epoch 442/1000, Loss: 1.6446432097322887
2024-06-19 03:55:07 - INFO - Epoch 443/1000, Loss: 1.4212746206023883
2024-06-19 03:55:23 - INFO - Epoch 444/1000, Loss: 1.767759157325391
2024-06-19 03:55:39 - INFO - Epoch 445/1000, Loss: 1.3524627643544067
2024-06-19 03:55:56 - INFO - Epoch 446/1000, Loss: 1.689987310127296
2024-06-19 03:56:12 - INFO - Epoch 447/1000, Loss: 1.5402085068601226
2024-06-19 03:56:28 - INFO - Epoch 448/1000, Loss: 2.0350919571308053
2024-06-19 03:56:44 - INFO - Epoch 449/1000, Loss: 1.7577444167420415
2024-06-19 03:57:01 - INFO - Epoch 450/1000, Loss: 1.329686871633555
2024-06-19 03:57:17 - INFO - Epoch 451/1000, Loss: 1.3647088359402229
2024-06-19 03:57:33 - INFO - Epoch 452/1000, Loss: 1.3627692442450547
2024-06-19 03:57:50 - INFO - Epoch 453/1000, Loss: 1.7016832454264517
2024-06-19 03:58:06 - INFO - Epoch 454/1000, Loss: 1.4499235821973826
2024-06-19 03:58:22 - INFO - Epoch 455/1000, Loss: 1.3457616768316407
2024-06-19 03:58:38 - INFO - Epoch 456/1000, Loss: 1.3771521945060206
2024-06-19 03:58:55 - INFO - Epoch 457/1000, Loss: 1.3590709738599946
2024-06-19 03:59:11 - INFO - Epoch 458/1000, Loss: 1.3693990584819427
2024-06-19 03:59:27 - INFO - Epoch 459/1000, Loss: 1.3649326336652294
2024-06-19 03:59:44 - INFO - Epoch 460/1000, Loss: 1.3343459527285169
2024-06-19 04:00:00 - INFO - Epoch 461/1000, Loss: 1.4427932694063235
2024-06-19 04:00:16 - INFO - Epoch 462/1000, Loss: 1.6686805354963146
2024-06-19 04:00:32 - INFO - Epoch 463/1000, Loss: 1.3990304351922431
2024-06-19 04:00:49 - INFO - Epoch 464/1000, Loss: 1.5441670093289015
2024-06-19 04:01:05 - INFO - Epoch 465/1000, Loss: 1.4240006595477341
2024-06-19 04:01:21 - INFO - Epoch 466/1000, Loss: 1.3371975863212069
2024-06-19 04:01:37 - INFO - Epoch 467/1000, Loss: 1.3628090487549185
2024-06-19 04:01:54 - INFO - Epoch 468/1000, Loss: 1.4072112208135745
2024-06-19 04:02:10 - INFO - Epoch 469/1000, Loss: 1.9898031359796537
2024-06-19 04:02:26 - INFO - Epoch 470/1000, Loss: 1.9727153461420435
2024-06-19 04:02:42 - INFO - Epoch 471/1000, Loss: 1.3236977698186427
2024-06-19 04:02:59 - INFO - Epoch 472/1000, Loss: 1.3405764843526204
2024-06-19 04:03:15 - INFO - Epoch 473/1000, Loss: 1.363316722446609
2024-06-19 04:03:31 - INFO - Epoch 474/1000, Loss: 1.4042993542961077
2024-06-19 04:03:48 - INFO - Epoch 475/1000, Loss: 1.452682208544993
2024-06-19 04:04:04 - INFO - Epoch 476/1000, Loss: 1.4171319303001446
2024-06-19 04:04:20 - INFO - Epoch 477/1000, Loss: 1.4335068455801034
2024-06-19 04:04:36 - INFO - Epoch 478/1000, Loss: 1.4150655346978898
2024-06-19 04:04:53 - INFO - Epoch 479/1000, Loss: 1.4464030310055127
2024-06-19 04:05:09 - INFO - Epoch 480/1000, Loss: 1.3968302423704764
2024-06-19 04:05:25 - INFO - Epoch 481/1000, Loss: 2.3247775422730483
2024-06-19 04:05:42 - INFO - Epoch 482/1000, Loss: 1.3264542853145682
2024-06-19 04:05:58 - INFO - Epoch 483/1000, Loss: 1.4880148288745159
2024-06-19 04:06:14 - INFO - Epoch 484/1000, Loss: 1.4969793872144361
2024-06-19 04:06:30 - INFO - Epoch 485/1000, Loss: 1.3250781053480054
2024-06-19 04:06:47 - INFO - Epoch 486/1000, Loss: 1.3690828998866942
2024-06-19 04:07:03 - INFO - Epoch 487/1000, Loss: 1.3541445972275237
2024-06-19 04:07:19 - INFO - Epoch 488/1000, Loss: 1.3265527531463763
2024-06-19 04:07:35 - INFO - Epoch 489/1000, Loss: 1.4318401753328913
2024-06-19 04:07:52 - INFO - Epoch 490/1000, Loss: 1.4024017502594066
2024-06-19 04:08:08 - INFO - Epoch 491/1000, Loss: 1.451133289014878
2024-06-19 04:08:24 - INFO - Epoch 492/1000, Loss: 1.3621980041405404
2024-06-19 04:08:40 - INFO - Epoch 493/1000, Loss: 1.4055374603260846
2024-06-19 04:08:57 - INFO - Epoch 494/1000, Loss: 1.9242881006129045
2024-06-19 04:09:13 - INFO - Epoch 495/1000, Loss: 1.7862770052372436
2024-06-19 04:09:29 - INFO - Epoch 496/1000, Loss: 1.3664913493010011
2024-06-19 04:09:45 - INFO - Epoch 497/1000, Loss: 3.8787493857136943
2024-06-19 04:10:02 - INFO - Epoch 498/1000, Loss: 1.3680599866006262
2024-06-19 04:10:18 - INFO - Epoch 499/1000, Loss: 1.368230940983872
2024-06-19 04:10:34 - INFO - Epoch 500/1000, Loss: 1.3675581678372017
2024-06-19 04:10:50 - INFO - Epoch 501/1000, Loss: 2.544656175042786
2024-06-19 04:11:05 - INFO - Epoch 502/1000, Loss: 1.420207851142424
2024-06-19 04:11:14 - INFO - Epoch 503/1000, Loss: 1.95892580564133
2024-06-19 04:11:24 - INFO - Epoch 504/1000, Loss: 1.393263206210744
2024-06-19 04:11:34 - INFO - Epoch 505/1000, Loss: 1.3886739982475005
2024-06-19 04:11:44 - INFO - Epoch 506/1000, Loss: 1.4179479125841268
2024-06-19 04:11:54 - INFO - Epoch 507/1000, Loss: 1.4433434490866504
2024-06-19 04:12:03 - INFO - Epoch 508/1000, Loss: 1.5070562396915932
2024-06-19 04:12:13 - INFO - Epoch 509/1000, Loss: 1.448546365941745
2024-06-19 04:12:23 - INFO - Epoch 510/1000, Loss: 1.4269643515737709
2024-06-19 04:12:33 - INFO - Epoch 511/1000, Loss: 1.3897789568270023
2024-06-19 04:12:43 - INFO - Epoch 512/1000, Loss: 1.758630933563441
2024-06-19 04:12:53 - INFO - Epoch 513/1000, Loss: 1.3459584437470353
2024-06-19 04:13:02 - INFO - Epoch 514/1000, Loss: 1.451823815460269
2024-06-19 04:13:12 - INFO - Epoch 515/1000, Loss: 1.7757825117887427
2024-06-19 04:13:22 - INFO - Epoch 516/1000, Loss: 1.3567553542567192
2024-06-19 04:13:32 - INFO - Epoch 517/1000, Loss: 1.3553070381684809
2024-06-19 04:13:41 - INFO - Epoch 518/1000, Loss: 1.4128525153544305
2024-06-19 04:13:51 - INFO - Epoch 519/1000, Loss: 1.3886547555364015
2024-06-19 04:14:01 - INFO - Epoch 520/1000, Loss: 1.412266102472409
2024-06-19 04:14:11 - INFO - Epoch 521/1000, Loss: 1.35948758014369
2024-06-19 04:14:21 - INFO - Epoch 522/1000, Loss: 1.323767100751181
2024-06-19 04:14:31 - INFO - Epoch 523/1000, Loss: 1.4167894671021248
2024-06-19 04:14:40 - INFO - Epoch 524/1000, Loss: 1.356122657432941
2024-06-19 04:14:50 - INFO - Epoch 525/1000, Loss: 1.3665351749355865
2024-06-19 04:15:00 - INFO - Epoch 526/1000, Loss: 1.346716834622957
2024-06-19 04:15:10 - INFO - Epoch 527/1000, Loss: 1.368138080562989
2024-06-19 04:15:20 - INFO - Epoch 528/1000, Loss: 1.3966518462144786
2024-06-19 04:15:29 - INFO - Epoch 529/1000, Loss: 1.3458811162001627
2024-06-19 04:15:39 - INFO - Epoch 530/1000, Loss: 1.367765539393611
2024-06-19 04:15:49 - INFO - Epoch 531/1000, Loss: 1.327179050074846
2024-06-19 04:15:59 - INFO - Epoch 532/1000, Loss: 1.3868362667315322
2024-06-19 04:16:08 - INFO - Epoch 533/1000, Loss: 1.4591854557589619
2024-06-19 04:16:18 - INFO - Epoch 534/1000, Loss: 1.4171888731222286
2024-06-19 04:16:28 - INFO - Epoch 535/1000, Loss: 1.6446429795156514
2024-06-19 04:16:38 - INFO - Epoch 536/1000, Loss: 1.707473855473443
2024-06-19 04:16:48 - INFO - Epoch 537/1000, Loss: 1.378280295214327
2024-06-19 04:16:57 - INFO - Epoch 538/1000, Loss: 1.5049976818964848
2024-06-19 04:17:07 - INFO - Epoch 539/1000, Loss: 1.7650199833593625
2024-06-19 04:17:17 - INFO - Epoch 540/1000, Loss: 1.3880049060956208
2024-06-19 04:17:27 - INFO - Epoch 541/1000, Loss: 1.387128706391329
2024-06-19 04:17:37 - INFO - Epoch 542/1000, Loss: 1.4026626173502252
2024-06-19 04:17:46 - INFO - Epoch 543/1000, Loss: 1.3825293446564637
2024-06-19 04:17:56 - INFO - Epoch 544/1000, Loss: 1.3410077894082524
2024-06-19 04:18:06 - INFO - Epoch 545/1000, Loss: 2.004307668929884
2024-06-19 04:18:16 - INFO - Epoch 546/1000, Loss: 1.3873129427053437
2024-06-19 04:18:25 - INFO - Epoch 547/1000, Loss: 1.502851433486435
2024-06-19 04:18:35 - INFO - Epoch 548/1000, Loss: 1.3247717198775646
2024-06-19 04:18:45 - INFO - Epoch 549/1000, Loss: 1.4230061409690968
2024-06-19 04:18:55 - INFO - Epoch 550/1000, Loss: 1.3734931177393206
2024-06-19 04:19:05 - INFO - Epoch 551/1000, Loss: 1.3657111502291697
2024-06-19 04:19:14 - INFO - Epoch 552/1000, Loss: 1.462641180340163
2024-06-19 04:19:24 - INFO - Epoch 553/1000, Loss: 1.4376970830363984
2024-06-19 04:19:34 - INFO - Epoch 554/1000, Loss: 1.346729432589527
2024-06-19 04:19:44 - INFO - Epoch 555/1000, Loss: 1.3818665101694074
2024-06-19 04:19:54 - INFO - Epoch 556/1000, Loss: 1.3278828848412927
2024-06-19 04:20:03 - INFO - Epoch 557/1000, Loss: 1.5683932196092103
2024-06-19 04:20:13 - INFO - Epoch 558/1000, Loss: 1.3938079137507993
2024-06-19 04:20:23 - INFO - Epoch 559/1000, Loss: 1.4732676963396543
2024-06-19 04:20:33 - INFO - Epoch 560/1000, Loss: 1.4549049730830206
2024-06-19 04:20:43 - INFO - Epoch 561/1000, Loss: 1.32066395768105
2024-06-19 04:20:52 - INFO - Epoch 562/1000, Loss: 1.355540491428268
2024-06-19 04:21:02 - INFO - Epoch 563/1000, Loss: 1.3266398748559987
2024-06-19 04:21:12 - INFO - Epoch 564/1000, Loss: 1.3357171639554177
2024-06-19 04:21:22 - INFO - Epoch 565/1000, Loss: 1.726770461916131
2024-06-19 04:21:31 - INFO - Epoch 566/1000, Loss: 1.3450525909117124
2024-06-19 04:21:41 - INFO - Epoch 567/1000, Loss: 1.5818917683357268
2024-06-19 04:21:51 - INFO - Epoch 568/1000, Loss: 1.52004144115882
2024-06-19 04:22:01 - INFO - Epoch 569/1000, Loss: 1.8079974315123724
2024-06-19 04:22:11 - INFO - Epoch 570/1000, Loss: 1.3976369767941974
2024-06-19 04:22:21 - INFO - Epoch 571/1000, Loss: 1.5727473818174726
2024-06-19 04:22:30 - INFO - Epoch 572/1000, Loss: 1.4303042020989678
2024-06-19 04:22:40 - INFO - Epoch 573/1000, Loss: 1.4074256388106972
2024-06-19 04:22:50 - INFO - Epoch 574/1000, Loss: 1.380404174269667
2024-06-19 04:23:00 - INFO - Epoch 575/1000, Loss: 1.3744214666702643
2024-06-19 04:23:09 - INFO - Epoch 576/1000, Loss: 1.4077033122170006
2024-06-19 04:23:19 - INFO - Epoch 577/1000, Loss: 1.5342483047726863
2024-06-19 04:23:29 - INFO - Epoch 578/1000, Loss: 1.3563229008925175
2024-06-19 04:23:39 - INFO - Epoch 579/1000, Loss: 1.408055770775655
2024-06-19 04:23:49 - INFO - Epoch 580/1000, Loss: 1.3834058766428665
2024-06-19 04:23:59 - INFO - Epoch 581/1000, Loss: 1.486378795387012
2024-06-19 04:24:08 - INFO - Epoch 582/1000, Loss: 1.3623351246189197
2024-06-19 04:24:18 - INFO - Epoch 583/1000, Loss: 1.404392953753078
2024-06-19 04:24:28 - INFO - Epoch 584/1000, Loss: 1.3247483093034371
2024-06-19 04:24:38 - INFO - Epoch 585/1000, Loss: 1.359963839308895
2024-06-19 04:24:48 - INFO - Epoch 586/1000, Loss: 1.33922755455021
2024-06-19 04:24:58 - INFO - Epoch 587/1000, Loss: 1.4216836577085075
2024-06-19 04:25:07 - INFO - Epoch 588/1000, Loss: 1.4440402910587806
2024-06-19 04:25:17 - INFO - Epoch 589/1000, Loss: 1.3245828136686046
2024-06-19 04:25:27 - INFO - Epoch 590/1000, Loss: 1.3556986143248453
2024-06-19 04:25:37 - INFO - Epoch 591/1000, Loss: 1.686961142153098
2024-06-19 04:25:47 - INFO - Epoch 592/1000, Loss: 1.5491194805385
2024-06-19 04:25:57 - INFO - Epoch 593/1000, Loss: 1.4660441752884925
2024-06-19 04:26:06 - INFO - Epoch 594/1000, Loss: 1.3650621390379285
2024-06-19 04:26:16 - INFO - Epoch 595/1000, Loss: 1.3306417037604195
2024-06-19 04:26:26 - INFO - Epoch 596/1000, Loss: 1.3703876893867128
2024-06-19 04:26:36 - INFO - Epoch 597/1000, Loss: 1.3370887483631402
2024-06-19 04:26:46 - INFO - Epoch 598/1000, Loss: 1.497791285994262
2024-06-19 04:26:55 - INFO - Epoch 599/1000, Loss: 1.458709649182328
2024-06-19 04:27:05 - INFO - Epoch 600/1000, Loss: 1.3570459531129655
2024-06-19 04:27:15 - INFO - Epoch 601/1000, Loss: 1.3871325504296064
2024-06-19 04:27:25 - INFO - Epoch 602/1000, Loss: 1.71867831622308
2024-06-19 04:27:35 - INFO - Epoch 603/1000, Loss: 1.617325644155529
2024-06-19 04:27:44 - INFO - Epoch 604/1000, Loss: 1.4032092690994256
2024-06-19 04:27:54 - INFO - Epoch 605/1000, Loss: 1.4450243431692957
2024-06-19 04:28:04 - INFO - Epoch 606/1000, Loss: 1.6243487988334873
2024-06-19 04:28:14 - INFO - Epoch 607/1000, Loss: 1.35910828984754
2024-06-19 04:28:24 - INFO - Epoch 608/1000, Loss: 1.347217149389387
2024-06-19 04:28:33 - INFO - Epoch 609/1000, Loss: 1.3218741607107456
2024-06-19 04:28:43 - INFO - Epoch 610/1000, Loss: 1.4089963058932624
2024-06-19 04:28:53 - INFO - Epoch 611/1000, Loss: 1.828340976356723
2024-06-19 04:29:03 - INFO - Epoch 612/1000, Loss: 1.5252955812774365
2024-06-19 04:29:13 - INFO - Epoch 613/1000, Loss: 1.3645003560873519
2024-06-19 04:29:22 - INFO - Epoch 614/1000, Loss: 1.8038350913956072
2024-06-19 04:29:32 - INFO - Epoch 615/1000, Loss: 1.7377236065425472
2024-06-19 04:29:42 - INFO - Epoch 616/1000, Loss: 1.3804196881177353
2024-06-19 04:29:52 - INFO - Epoch 617/1000, Loss: 1.3415633715446404
2024-06-19 04:30:02 - INFO - Epoch 618/1000, Loss: 1.8775683378445156
2024-06-19 04:30:11 - INFO - Epoch 619/1000, Loss: 1.8931946642411135
2024-06-19 04:30:21 - INFO - Epoch 620/1000, Loss: 1.3888034646117537
2024-06-19 04:30:31 - INFO - Epoch 621/1000, Loss: 1.3929111812535075
2024-06-19 04:30:41 - INFO - Epoch 622/1000, Loss: 1.344753561046274
2024-06-19 04:30:50 - INFO - Epoch 623/1000, Loss: 1.3674662719847672
2024-06-19 04:31:00 - INFO - Epoch 624/1000, Loss: 1.3955877078979777
2024-06-19 04:31:10 - INFO - Epoch 625/1000, Loss: 1.3563904361412769
2024-06-19 04:31:20 - INFO - Epoch 626/1000, Loss: 1.3732481431424666
2024-06-19 04:31:30 - INFO - Epoch 627/1000, Loss: 1.3606602541601198
2024-06-19 04:31:39 - INFO - Epoch 628/1000, Loss: 1.6524525506694918
2024-06-19 04:31:49 - INFO - Epoch 629/1000, Loss: 1.3318061090294788
2024-06-19 04:31:59 - INFO - Epoch 630/1000, Loss: 1.384615117916307
2024-06-19 04:32:09 - INFO - Epoch 631/1000, Loss: 1.4986949095315738
2024-06-19 04:32:19 - INFO - Epoch 632/1000, Loss: 1.4125690373373414
2024-06-19 04:32:28 - INFO - Epoch 633/1000, Loss: 1.3965616546426143
2024-06-19 04:32:38 - INFO - Epoch 634/1000, Loss: 1.3640019306715179
2024-06-19 04:32:48 - INFO - Epoch 635/1000, Loss: 1.3486093615009402
2024-06-19 04:32:58 - INFO - Epoch 636/1000, Loss: 1.3469926108876427
2024-06-19 04:33:08 - INFO - Epoch 637/1000, Loss: 1.3546237106885792
2024-06-19 04:33:17 - INFO - Epoch 638/1000, Loss: 1.3348556401279301
2024-06-19 04:33:27 - INFO - Epoch 639/1000, Loss: 2.016184085805075
2024-06-19 04:33:37 - INFO - Epoch 640/1000, Loss: 1.481128679250333
2024-06-19 04:33:47 - INFO - Epoch 641/1000, Loss: 1.4318694646890562
2024-06-19 04:33:57 - INFO - Epoch 642/1000, Loss: 1.4082964785687624
2024-06-19 04:34:06 - INFO - Epoch 643/1000, Loss: 1.6107493799855308
2024-06-19 04:34:16 - INFO - Epoch 644/1000, Loss: 1.3702044665483741
2024-06-19 04:34:26 - INFO - Epoch 645/1000, Loss: 1.3374191528194947
2024-06-19 04:34:36 - INFO - Epoch 646/1000, Loss: 1.411465725894088
2024-06-19 04:34:46 - INFO - Epoch 647/1000, Loss: 1.3299195101053563
2024-06-19 04:34:56 - INFO - Epoch 648/1000, Loss: 1.4673161367927199
2024-06-19 04:35:05 - INFO - Epoch 649/1000, Loss: 1.3531581716701941
2024-06-19 04:35:15 - INFO - Epoch 650/1000, Loss: 1.4413429019408253
2024-06-19 04:35:25 - INFO - Epoch 651/1000, Loss: 1.4305997688955483
2024-06-19 04:35:35 - INFO - Epoch 652/1000, Loss: 1.3320207442553733
2024-06-19 04:35:44 - INFO - Epoch 653/1000, Loss: 1.3788374327762143
2024-06-19 04:35:54 - INFO - Epoch 654/1000, Loss: 1.9413661165383274
2024-06-19 04:36:04 - INFO - Epoch 655/1000, Loss: 1.4337736693396317
2024-06-19 04:36:14 - INFO - Epoch 656/1000, Loss: 1.3349448792833456
2024-06-19 04:36:24 - INFO - Epoch 657/1000, Loss: 1.3893073066055694
2024-06-19 04:36:33 - INFO - Epoch 658/1000, Loss: 1.3287645646992219
2024-06-19 04:36:43 - INFO - Epoch 659/1000, Loss: 1.4069704975236195
2024-06-19 04:36:53 - INFO - Epoch 660/1000, Loss: 1.3475103634745762
2024-06-19 04:37:03 - INFO - Epoch 661/1000, Loss: 1.3886343399550645
2024-06-19 04:37:13 - INFO - Epoch 662/1000, Loss: 1.4155370206429039
2024-06-19 04:37:22 - INFO - Epoch 663/1000, Loss: 1.5469722828705241
2024-06-19 04:37:32 - INFO - Epoch 664/1000, Loss: 1.3096772067711864
2024-06-19 04:37:42 - INFO - Epoch 665/1000, Loss: 1.3756139269875283
2024-06-19 04:37:52 - INFO - Epoch 666/1000, Loss: 1.350962502456679
2024-06-19 04:38:01 - INFO - Epoch 667/1000, Loss: 1.6798727103303246
2024-06-19 04:38:11 - INFO - Epoch 668/1000, Loss: 4.43135693303457
2024-06-19 04:38:21 - INFO - Epoch 669/1000, Loss: 1.383705065367096
2024-06-19 04:38:31 - INFO - Epoch 670/1000, Loss: 1.3414193267543928
2024-06-19 04:38:41 - INFO - Epoch 671/1000, Loss: 1.7138968171287834
2024-06-19 04:38:51 - INFO - Epoch 672/1000, Loss: 1.4467843626409165
2024-06-19 04:39:00 - INFO - Epoch 673/1000, Loss: 1.3228637613666079
2024-06-19 04:39:10 - INFO - Epoch 674/1000, Loss: 1.316203850192161
2024-06-19 04:39:20 - INFO - Epoch 675/1000, Loss: 1.3771952613502463
2024-06-19 04:39:30 - INFO - Epoch 676/1000, Loss: 1.3519391446899782
2024-06-19 04:39:40 - INFO - Epoch 677/1000, Loss: 1.5594152137391244
2024-06-19 04:39:50 - INFO - Epoch 678/1000, Loss: 1.3421374897696852
2024-06-19 04:39:59 - INFO - Epoch 679/1000, Loss: 2.504736806925983
2024-06-19 04:40:09 - INFO - Epoch 680/1000, Loss: 1.4151816696256894
2024-06-19 04:40:19 - INFO - Epoch 681/1000, Loss: 1.4776455482086788
2024-06-19 04:40:29 - INFO - Epoch 682/1000, Loss: 1.386034639777263
2024-06-19 04:40:39 - INFO - Epoch 683/1000, Loss: 1.4454890838899757
2024-06-19 04:40:49 - INFO - Epoch 684/1000, Loss: 1.3391430799429018
2024-06-19 04:40:58 - INFO - Epoch 685/1000, Loss: 1.3662997001396509
2024-06-19 04:41:08 - INFO - Epoch 686/1000, Loss: 2.0245693369301403
2024-06-19 04:41:18 - INFO - Epoch 687/1000, Loss: 1.3914195766499067
2024-06-19 04:41:28 - INFO - Epoch 688/1000, Loss: 1.456346286876439
2024-06-19 04:41:38 - INFO - Epoch 689/1000, Loss: 1.3443214432640078
2024-06-19 04:41:47 - INFO - Epoch 690/1000, Loss: 1.5002767389601857
2024-06-19 04:41:57 - INFO - Epoch 691/1000, Loss: 1.3797065040830598
2024-06-19 04:42:07 - INFO - Epoch 692/1000, Loss: 1.4260520332445743
2024-06-19 04:42:17 - INFO - Epoch 693/1000, Loss: 1.4990430075614816
2024-06-19 04:42:27 - INFO - Epoch 694/1000, Loss: 1.932422245573378
2024-06-19 04:42:36 - INFO - Epoch 695/1000, Loss: 1.3891770188425983
2024-06-19 04:42:46 - INFO - Epoch 696/1000, Loss: 1.3393379391716462
2024-06-19 04:42:56 - INFO - Epoch 697/1000, Loss: 1.3718505254335593
2024-06-19 04:43:06 - INFO - Epoch 698/1000, Loss: 1.6353977710328629
2024-06-19 04:43:16 - INFO - Epoch 699/1000, Loss: 2.269309609795234
2024-06-19 04:43:25 - INFO - Epoch 700/1000, Loss: 1.855957971226303
2024-06-19 04:43:35 - INFO - Epoch 701/1000, Loss: 1.4603087232462317
2024-06-19 04:43:45 - INFO - Epoch 702/1000, Loss: 1.349836797376881
2024-06-19 04:43:55 - INFO - Epoch 703/1000, Loss: 1.4514780182644051
2024-06-19 04:44:04 - INFO - Epoch 704/1000, Loss: 1.4363970005134876
2024-06-19 04:44:14 - INFO - Epoch 705/1000, Loss: 1.6756180933383709
2024-06-19 04:44:24 - INFO - Epoch 706/1000, Loss: 1.3491517359235266
2024-06-19 04:44:34 - INFO - Epoch 707/1000, Loss: 1.3836844955889056
2024-06-19 04:44:44 - INFO - Epoch 708/1000, Loss: 1.359669762575792
2024-06-19 04:44:53 - INFO - Epoch 709/1000, Loss: 1.377351283604578
2024-06-19 04:45:03 - INFO - Epoch 710/1000, Loss: 1.364627947236783
2024-06-19 04:45:13 - INFO - Epoch 711/1000, Loss: 1.4718066276779391
2024-06-19 04:45:23 - INFO - Epoch 712/1000, Loss: 1.6914683296519422
2024-06-19 04:45:33 - INFO - Epoch 713/1000, Loss: 1.3395159014463924
2024-06-19 04:45:42 - INFO - Epoch 714/1000, Loss: 1.525315113575872
2024-06-19 04:45:52 - INFO - Epoch 715/1000, Loss: 1.3431802536494473
2024-06-19 04:46:02 - INFO - Epoch 716/1000, Loss: 1.3603958659373094
2024-06-19 04:46:12 - INFO - Epoch 717/1000, Loss: 1.3687994311733935
2024-06-19 04:46:21 - INFO - Epoch 718/1000, Loss: 1.3638857047658883
2024-06-19 04:46:31 - INFO - Epoch 719/1000, Loss: 1.3534811712212351
2024-06-19 04:46:41 - INFO - Epoch 720/1000, Loss: 1.341043441142574
2024-06-19 04:46:51 - INFO - Epoch 721/1000, Loss: 1.4061213885812986
2024-06-19 04:47:01 - INFO - Epoch 722/1000, Loss: 1.4466809467397597
2024-06-19 04:47:10 - INFO - Epoch 723/1000, Loss: 1.7043281445491931
2024-06-19 04:47:20 - INFO - Epoch 724/1000, Loss: 1.3611543718333226
2024-06-19 04:47:30 - INFO - Epoch 725/1000, Loss: 1.3409113751369635
2024-06-19 04:47:40 - INFO - Epoch 726/1000, Loss: 1.368055701953998
2024-06-19 04:47:50 - INFO - Epoch 727/1000, Loss: 1.415097220962596
2024-06-19 04:47:59 - INFO - Epoch 728/1000, Loss: 1.4640578536238569
2024-06-19 04:48:09 - INFO - Epoch 729/1000, Loss: 1.4116223929722218
2024-06-19 04:48:19 - INFO - Epoch 730/1000, Loss: 1.3958742596368015
2024-06-19 04:48:29 - INFO - Epoch 731/1000, Loss: 1.482775015195521
2024-06-19 04:48:38 - INFO - Epoch 732/1000, Loss: 1.425663007584065
2024-06-19 04:48:48 - INFO - Epoch 733/1000, Loss: 1.7798116576309755
2024-06-19 04:48:58 - INFO - Epoch 734/1000, Loss: 1.3191195480514757
2024-06-19 04:49:08 - INFO - Epoch 735/1000, Loss: 2.5099829897268577
2024-06-19 04:49:17 - INFO - Epoch 736/1000, Loss: 1.3710289810379086
2024-06-19 04:49:27 - INFO - Epoch 737/1000, Loss: 1.3776164466475962
2024-06-19 04:49:37 - INFO - Epoch 738/1000, Loss: 3.1658949398935707
2024-06-19 04:49:47 - INFO - Epoch 739/1000, Loss: 1.439112437946384
2024-06-19 04:49:56 - INFO - Epoch 740/1000, Loss: 1.4374228366478126
2024-06-19 04:50:06 - INFO - Epoch 741/1000, Loss: 1.3876941094409359
2024-06-19 04:50:16 - INFO - Epoch 742/1000, Loss: 2.032261031190316
2024-06-19 04:50:26 - INFO - Epoch 743/1000, Loss: 1.3803701983144059
2024-06-19 04:50:35 - INFO - Epoch 744/1000, Loss: 1.5959686206451371
2024-06-19 04:50:45 - INFO - Epoch 745/1000, Loss: 1.496626191417836
2024-06-19 04:50:55 - INFO - Epoch 746/1000, Loss: 1.3229959807358034
2024-06-19 04:51:05 - INFO - Epoch 747/1000, Loss: 1.3240098777921363
2024-06-19 04:51:15 - INFO - Epoch 748/1000, Loss: 1.3683940542850823
2024-06-19 04:51:25 - INFO - Epoch 749/1000, Loss: 1.4037390174445916
2024-06-19 04:51:34 - INFO - Epoch 750/1000, Loss: 1.5372302667846276
2024-06-19 04:51:44 - INFO - Epoch 751/1000, Loss: 1.3374261866843014
2024-06-19 04:51:54 - INFO - Epoch 752/1000, Loss: 1.3420955173109153
2024-06-19 04:52:04 - INFO - Epoch 753/1000, Loss: 3.2394911306082705
2024-06-19 04:52:13 - INFO - Epoch 754/1000, Loss: 1.439036569773544
2024-06-19 04:52:23 - INFO - Epoch 755/1000, Loss: 1.4395116465596958
2024-06-19 04:52:33 - INFO - Epoch 756/1000, Loss: 1.415656423355941
2024-06-19 04:52:43 - INFO - Epoch 757/1000, Loss: 1.3719715699321449
2024-06-19 04:52:52 - INFO - Epoch 758/1000, Loss: 1.4600161658289574
2024-06-19 04:53:02 - INFO - Epoch 759/1000, Loss: 1.4061683675088361
2024-06-19 04:53:12 - INFO - Epoch 760/1000, Loss: 1.539608951847972
2024-06-19 04:53:22 - INFO - Epoch 761/1000, Loss: 1.3709103065748813
2024-06-19 04:53:31 - INFO - Epoch 762/1000, Loss: 1.3666016048496916
2024-06-19 04:53:41 - INFO - Epoch 763/1000, Loss: 1.3431550741517073
2024-06-19 04:53:51 - INFO - Epoch 764/1000, Loss: 1.3162995812909593
2024-06-19 04:54:01 - INFO - Epoch 765/1000, Loss: 1.3956838214945462
2024-06-19 04:54:11 - INFO - Epoch 766/1000, Loss: 1.3345123660596008
2024-06-19 04:54:21 - INFO - Epoch 767/1000, Loss: 1.354493463288201
2024-06-19 04:54:30 - INFO - Epoch 768/1000, Loss: 1.3538089029150506
2024-06-19 04:54:40 - INFO - Epoch 769/1000, Loss: 1.4156550155747458
2024-06-19 04:54:50 - INFO - Epoch 770/1000, Loss: 1.3639536611689067
2024-06-19 04:55:00 - INFO - Epoch 771/1000, Loss: 1.3567883542008143
2024-06-19 04:55:09 - INFO - Epoch 772/1000, Loss: 1.3750648011845625
2024-06-19 04:55:19 - INFO - Epoch 773/1000, Loss: 1.3668761900410749
2024-06-19 04:55:29 - INFO - Epoch 774/1000, Loss: 1.3877811779156004
2024-06-19 04:55:39 - INFO - Epoch 775/1000, Loss: 1.3666313195036848
2024-06-19 04:55:49 - INFO - Epoch 776/1000, Loss: 1.363777574372193
2024-06-19 04:55:59 - INFO - Epoch 777/1000, Loss: 1.4347645501100397
2024-06-19 04:56:08 - INFO - Epoch 778/1000, Loss: 1.469097860900366
2024-06-19 04:56:18 - INFO - Epoch 779/1000, Loss: 1.9558913064170338
2024-06-19 04:56:28 - INFO - Epoch 780/1000, Loss: 1.3975056783511195
2024-06-19 04:56:38 - INFO - Epoch 781/1000, Loss: 1.3375403477613306
2024-06-19 04:56:47 - INFO - Epoch 782/1000, Loss: 1.546345655663112
2024-06-19 04:56:57 - INFO - Epoch 783/1000, Loss: 2.3497113543164527
2024-06-19 04:57:07 - INFO - Epoch 784/1000, Loss: 1.4827789559954132
2024-06-19 04:57:17 - INFO - Epoch 785/1000, Loss: 1.3967012027059922
2024-06-19 04:57:27 - INFO - Epoch 786/1000, Loss: 1.3939136575356978
2024-06-19 04:57:36 - INFO - Epoch 787/1000, Loss: 1.562645755010018
2024-06-19 04:57:46 - INFO - Epoch 788/1000, Loss: 1.3565010244153797
2024-06-19 04:57:56 - INFO - Epoch 789/1000, Loss: 1.3506122090042605
2024-06-19 04:58:06 - INFO - Epoch 790/1000, Loss: 1.4146881460068488
2024-06-19 04:58:16 - INFO - Epoch 791/1000, Loss: 1.5764462371442804
2024-06-19 04:58:25 - INFO - Epoch 792/1000, Loss: 1.3581760556374347
2024-06-19 04:58:35 - INFO - Epoch 793/1000, Loss: 1.6093740747108267
2024-06-19 04:58:45 - INFO - Epoch 794/1000, Loss: 1.3342424973984706
2024-06-19 04:58:55 - INFO - Epoch 795/1000, Loss: 1.9469725441102597
2024-06-19 04:59:04 - INFO - Epoch 796/1000, Loss: 1.4581713080655545
2024-06-19 04:59:14 - INFO - Epoch 797/1000, Loss: 1.3327880942139372
2024-06-19 04:59:24 - INFO - Epoch 798/1000, Loss: 1.3748906683468538
2024-06-19 04:59:34 - INFO - Epoch 799/1000, Loss: 1.3570401052137977
2024-06-19 04:59:44 - INFO - Epoch 800/1000, Loss: 1.350580438866928
2024-06-19 04:59:54 - INFO - Epoch 801/1000, Loss: 1.3752153320790823
2024-06-19 05:00:03 - INFO - Epoch 802/1000, Loss: 2.1637074301577854
2024-06-19 05:00:13 - INFO - Epoch 803/1000, Loss: 1.5781239318043063
2024-06-19 05:00:23 - INFO - Epoch 804/1000, Loss: 1.5019764828946818
2024-06-19 05:00:33 - INFO - Epoch 805/1000, Loss: 1.4419505833437967
2024-06-19 05:00:42 - INFO - Epoch 806/1000, Loss: 2.258016368371198
2024-06-19 05:00:52 - INFO - Epoch 807/1000, Loss: 1.3773753899541166
2024-06-19 05:01:02 - INFO - Epoch 808/1000, Loss: 1.3541169428777724
2024-06-19 05:01:12 - INFO - Epoch 809/1000, Loss: 1.387799047130366
2024-06-19 05:01:22 - INFO - Epoch 810/1000, Loss: 1.4755418233191435
2024-06-19 05:01:31 - INFO - Epoch 811/1000, Loss: 1.4451329996769968
2024-06-19 05:01:41 - INFO - Epoch 812/1000, Loss: 1.4076165567186705
2024-06-19 05:01:51 - INFO - Epoch 813/1000, Loss: 1.3774802157920214
2024-06-19 05:02:01 - INFO - Epoch 814/1000, Loss: 1.3783814416117666
2024-06-19 05:02:11 - INFO - Epoch 815/1000, Loss: 1.462343548939317
2024-06-19 05:02:20 - INFO - Epoch 816/1000, Loss: 1.41941481664391
2024-06-19 05:02:30 - INFO - Epoch 817/1000, Loss: 1.5328497331588942
2024-06-19 05:02:40 - INFO - Epoch 818/1000, Loss: 1.472370011068502
2024-06-19 05:02:50 - INFO - Epoch 819/1000, Loss: 1.4322719535185737
2024-06-19 05:02:59 - INFO - Epoch 820/1000, Loss: 2.3112646018766667
2024-06-19 05:03:09 - INFO - Epoch 821/1000, Loss: 1.3530090196314524
2024-06-19 05:03:19 - INFO - Epoch 822/1000, Loss: 1.3795018785253526
2024-06-19 05:03:29 - INFO - Epoch 823/1000, Loss: 1.3987610774664612
2024-06-19 05:03:38 - INFO - Epoch 824/1000, Loss: 1.4053684382105518
2024-06-19 05:03:48 - INFO - Epoch 825/1000, Loss: 1.4773847582793185
2024-06-19 05:03:58 - INFO - Epoch 826/1000, Loss: 1.3691893314564958
2024-06-19 05:04:08 - INFO - Epoch 827/1000, Loss: 3.3320035277808033
2024-06-19 05:04:17 - INFO - Epoch 828/1000, Loss: 2.8273953915872494
2024-06-19 05:04:27 - INFO - Epoch 829/1000, Loss: 1.3579849096453462
2024-06-19 05:04:37 - INFO - Epoch 830/1000, Loss: 1.338699400821158
2024-06-19 05:04:47 - INFO - Epoch 831/1000, Loss: 1.646523477187445
2024-06-19 05:04:57 - INFO - Epoch 832/1000, Loss: 2.2452955213832326
2024-06-19 05:05:06 - INFO - Epoch 833/1000, Loss: 1.5361766663576466
2024-06-19 05:05:16 - INFO - Epoch 834/1000, Loss: 1.9065209462298778
2024-06-19 05:05:26 - INFO - Epoch 835/1000, Loss: 1.3549425992175292
2024-06-19 05:05:36 - INFO - Epoch 836/1000, Loss: 1.3916181161059764
2024-06-19 05:05:45 - INFO - Epoch 837/1000, Loss: 1.3264731202176594
2024-06-19 05:05:55 - INFO - Epoch 838/1000, Loss: 1.4103486354877575
2024-06-19 05:06:05 - INFO - Epoch 839/1000, Loss: 1.3816963887827525
2024-06-19 05:06:15 - INFO - Epoch 840/1000, Loss: 1.3231936654568894
2024-06-19 05:06:24 - INFO - Epoch 841/1000, Loss: 1.5147731152670445
2024-06-19 05:06:34 - INFO - Epoch 842/1000, Loss: 1.4283867764438605
2024-06-19 05:06:44 - INFO - Epoch 843/1000, Loss: 1.3523733158499018
2024-06-19 05:06:54 - INFO - Epoch 844/1000, Loss: 1.3781762513323974
2024-06-19 05:07:03 - INFO - Epoch 845/1000, Loss: 1.3706234188662332
2024-06-19 05:07:13 - INFO - Epoch 846/1000, Loss: 1.3722826983536027
2024-06-19 05:07:23 - INFO - Epoch 847/1000, Loss: 1.3433458165954426
2024-06-19 05:07:33 - INFO - Epoch 848/1000, Loss: 1.330802929022929
2024-06-19 05:07:43 - INFO - Epoch 849/1000, Loss: 1.870157255220074
2024-06-19 05:07:52 - INFO - Epoch 850/1000, Loss: 2.111775149030344
2024-06-19 05:08:02 - INFO - Epoch 851/1000, Loss: 1.3552192448627687
2024-06-19 05:08:12 - INFO - Epoch 852/1000, Loss: 1.35954104496978
2024-06-19 05:08:22 - INFO - Epoch 853/1000, Loss: 1.376601365355885
2024-06-19 05:08:31 - INFO - Epoch 854/1000, Loss: 1.3840450713232528
2024-06-19 05:08:41 - INFO - Epoch 855/1000, Loss: 1.3323926901388428
2024-06-19 05:08:51 - INFO - Epoch 856/1000, Loss: 1.4695405512542532
2024-06-19 05:09:01 - INFO - Epoch 857/1000, Loss: 1.4052114301338936
2024-06-19 05:09:11 - INFO - Epoch 858/1000, Loss: 2.020848596001283
2024-06-19 05:09:20 - INFO - Epoch 859/1000, Loss: 1.4769401473491
2024-06-19 05:09:30 - INFO - Epoch 860/1000, Loss: 1.3697442543039493
2024-06-19 05:09:40 - INFO - Epoch 861/1000, Loss: 1.375178070181235
2024-06-19 05:09:50 - INFO - Epoch 862/1000, Loss: 1.487122692069055
2024-06-19 05:09:59 - INFO - Epoch 863/1000, Loss: 1.3340592566188927
2024-06-19 05:10:09 - INFO - Epoch 864/1000, Loss: 1.3699428294596354
2024-06-19 05:10:19 - INFO - Epoch 865/1000, Loss: 1.366689657137627
2024-06-19 05:10:29 - INFO - Epoch 866/1000, Loss: 1.377297907423531
2024-06-19 05:10:38 - INFO - Epoch 867/1000, Loss: 1.3905613847076546
2024-06-19 05:10:48 - INFO - Epoch 868/1000, Loss: 1.3825866244180938
2024-06-19 05:10:58 - INFO - Epoch 869/1000, Loss: 1.4578738281463406
2024-06-19 05:11:08 - INFO - Epoch 870/1000, Loss: 1.4430565866385634
2024-06-19 05:11:17 - INFO - Epoch 871/1000, Loss: 1.3603630083206724
2024-06-19 05:11:27 - INFO - Epoch 872/1000, Loss: 1.5851539328347322
2024-06-19 05:11:37 - INFO - Epoch 873/1000, Loss: 1.6515841440737111
2024-06-19 05:11:47 - INFO - Epoch 874/1000, Loss: 1.3897176760319014
2024-06-19 05:11:56 - INFO - Epoch 875/1000, Loss: 1.352418643562818
2024-06-19 05:12:06 - INFO - Epoch 876/1000, Loss: 1.985815739125181
2024-06-19 05:12:16 - INFO - Epoch 877/1000, Loss: 1.9001888580381667
2024-06-19 05:12:26 - INFO - Epoch 878/1000, Loss: 1.3889892668048691
2024-06-19 05:12:35 - INFO - Epoch 879/1000, Loss: 1.825564045600854
2024-06-19 05:12:45 - INFO - Epoch 880/1000, Loss: 1.9617762923024553
2024-06-19 05:12:55 - INFO - Epoch 881/1000, Loss: 1.4105092830911306
2024-06-19 05:13:05 - INFO - Epoch 882/1000, Loss: 1.7723589422330084
2024-06-19 05:13:14 - INFO - Epoch 883/1000, Loss: 1.3714689708612722
2024-06-19 05:13:24 - INFO - Epoch 884/1000, Loss: 1.3747626986512689
2024-06-19 05:13:34 - INFO - Epoch 885/1000, Loss: 1.3495160094066871
2024-06-19 05:13:44 - INFO - Epoch 886/1000, Loss: 2.064079273009142
2024-06-19 05:13:54 - INFO - Epoch 887/1000, Loss: 1.4354733238630046
2024-06-19 05:14:03 - INFO - Epoch 888/1000, Loss: 1.6163725849974024
2024-06-19 05:14:13 - INFO - Epoch 889/1000, Loss: 1.4804759415457318
2024-06-19 05:14:23 - INFO - Epoch 890/1000, Loss: 1.4084087850181637
2024-06-19 05:14:33 - INFO - Epoch 891/1000, Loss: 1.3891479540573848
2024-06-19 05:14:43 - INFO - Epoch 892/1000, Loss: 1.3974893805298816
2024-06-19 05:14:52 - INFO - Epoch 893/1000, Loss: 1.3621802831390981
2024-06-19 05:15:02 - INFO - Epoch 894/1000, Loss: 1.4791285279283342
2024-06-19 05:15:12 - INFO - Epoch 895/1000, Loss: 1.350628218352476
2024-06-19 05:15:22 - INFO - Epoch 896/1000, Loss: 1.3769083095107768
2024-06-19 05:15:31 - INFO - Epoch 897/1000, Loss: 1.400672006722314
2024-06-19 05:15:41 - INFO - Epoch 898/1000, Loss: 1.9303689092218983
2024-06-19 05:15:51 - INFO - Epoch 899/1000, Loss: 1.425209511098284
2024-06-19 05:16:01 - INFO - Epoch 900/1000, Loss: 1.4256750896807877
2024-06-19 05:16:11 - INFO - Epoch 901/1000, Loss: 1.7176212862335543
2024-06-19 05:16:21 - INFO - Epoch 902/1000, Loss: 1.4323050438518254
2024-06-19 05:16:30 - INFO - Epoch 903/1000, Loss: 1.4868162963739366
2024-06-19 05:16:40 - INFO - Epoch 904/1000, Loss: 1.3290590866839116
2024-06-19 05:16:50 - INFO - Epoch 905/1000, Loss: 1.3463457721782375
2024-06-19 05:17:00 - INFO - Epoch 906/1000, Loss: 1.3478175439769984
2024-06-19 05:17:09 - INFO - Epoch 907/1000, Loss: 1.556852563933748
2024-06-19 05:17:19 - INFO - Epoch 908/1000, Loss: 1.401139818491067
2024-06-19 05:17:29 - INFO - Epoch 909/1000, Loss: 1.382904705265734
2024-06-19 05:17:39 - INFO - Epoch 910/1000, Loss: 2.6798184995443335
2024-06-19 05:17:49 - INFO - Epoch 911/1000, Loss: 1.4636658732874348
2024-06-19 05:17:59 - INFO - Epoch 912/1000, Loss: 1.4222102085774244
2024-06-19 05:18:08 - INFO - Epoch 913/1000, Loss: 1.7209770238278153
2024-06-19 05:18:18 - INFO - Epoch 914/1000, Loss: 1.406055890598961
2024-06-19 05:18:28 - INFO - Epoch 915/1000, Loss: 1.4282242161417609
2024-06-19 05:18:38 - INFO - Epoch 916/1000, Loss: 1.6580407491916338
2024-06-19 05:18:47 - INFO - Epoch 917/1000, Loss: 1.7931237638354085
2024-06-19 05:18:57 - INFO - Epoch 918/1000, Loss: 1.3812333740339349
2024-06-19 05:19:07 - INFO - Epoch 919/1000, Loss: 1.3552517091657739
2024-06-19 05:19:17 - INFO - Epoch 920/1000, Loss: 1.3731701016032656
2024-06-19 05:19:26 - INFO - Epoch 921/1000, Loss: 1.4528678584696164
2024-06-19 05:19:36 - INFO - Epoch 922/1000, Loss: 1.345923262200351
2024-06-19 05:19:46 - INFO - Epoch 923/1000, Loss: 1.3476486141817543
2024-06-19 05:19:56 - INFO - Epoch 924/1000, Loss: 1.3745574150902011
2024-06-19 05:20:06 - INFO - Epoch 925/1000, Loss: 1.4826499219608569
2024-06-19 05:20:15 - INFO - Epoch 926/1000, Loss: 1.3865672891145415
2024-06-19 05:20:25 - INFO - Epoch 927/1000, Loss: 1.4136882985657253
2024-06-19 05:20:35 - INFO - Epoch 928/1000, Loss: 1.3974242838407744
2024-06-19 05:20:45 - INFO - Epoch 929/1000, Loss: 1.4232137953337947
2024-06-19 05:20:55 - INFO - Epoch 930/1000, Loss: 1.3642628133831698
2024-06-19 05:21:04 - INFO - Epoch 931/1000, Loss: 1.4145361068617188
2024-06-19 05:21:14 - INFO - Epoch 932/1000, Loss: 1.4141911807860206
2024-06-19 05:21:24 - INFO - Epoch 933/1000, Loss: 1.3739098872576765
2024-06-19 05:21:34 - INFO - Epoch 934/1000, Loss: 1.4164354200310627
2024-06-19 05:21:43 - INFO - Epoch 935/1000, Loss: 1.3508414684381023
2024-06-19 05:21:53 - INFO - Epoch 936/1000, Loss: 1.363849097255638
2024-06-19 05:22:03 - INFO - Epoch 937/1000, Loss: 1.4270889277305916
2024-06-19 05:22:13 - INFO - Epoch 938/1000, Loss: 1.3611640323124723
2024-06-19 05:22:22 - INFO - Epoch 939/1000, Loss: 1.3749994126145535
2024-06-19 05:22:32 - INFO - Epoch 940/1000, Loss: 1.5043586197798429
2024-06-19 05:22:42 - INFO - Epoch 941/1000, Loss: 1.379492713712069
2024-06-19 05:22:52 - INFO - Epoch 942/1000, Loss: 1.4737371547459415
2024-06-19 05:23:01 - INFO - Epoch 943/1000, Loss: 1.4592933565127446
2024-06-19 05:23:11 - INFO - Epoch 944/1000, Loss: 1.374763863713861
2024-06-19 05:23:21 - INFO - Epoch 945/1000, Loss: 1.7527009425666193
2024-06-19 05:23:31 - INFO - Epoch 946/1000, Loss: 1.7980362222111885
2024-06-19 05:23:40 - INFO - Epoch 947/1000, Loss: 1.431485104027782
2024-06-19 05:23:50 - INFO - Epoch 948/1000, Loss: 1.341717970584308
2024-06-19 05:24:00 - INFO - Epoch 949/1000, Loss: 1.3998922161359322
2024-06-19 05:24:10 - INFO - Epoch 950/1000, Loss: 1.8469459665529244
2024-06-19 05:24:19 - INFO - Epoch 951/1000, Loss: 3.4313266618766143
2024-06-19 05:24:29 - INFO - Epoch 952/1000, Loss: 1.4001610431606641
2024-06-19 05:24:39 - INFO - Epoch 953/1000, Loss: 1.425478498495612
2024-06-19 05:24:49 - INFO - Epoch 954/1000, Loss: 1.5491015536734256
2024-06-19 05:24:58 - INFO - Epoch 955/1000, Loss: 1.5731891212171132
2024-06-19 05:25:08 - INFO - Epoch 956/1000, Loss: 1.4018510948612573
2024-06-19 05:25:18 - INFO - Epoch 957/1000, Loss: 1.3920039733361762
2024-06-19 05:25:28 - INFO - Epoch 958/1000, Loss: 1.4085464133287813
2024-06-19 05:25:37 - INFO - Epoch 959/1000, Loss: 1.3946083323125342
2024-06-19 05:25:47 - INFO - Epoch 960/1000, Loss: 1.309180381242597
2024-06-19 05:25:57 - INFO - Epoch 961/1000, Loss: 1.3468793463087456
2024-06-19 05:26:07 - INFO - Epoch 962/1000, Loss: 1.546163082272417
2024-06-19 05:26:16 - INFO - Epoch 963/1000, Loss: 1.3991551344538646
2024-06-19 05:26:26 - INFO - Epoch 964/1000, Loss: 1.3643677356003419
2024-06-19 05:26:36 - INFO - Epoch 965/1000, Loss: 1.6887589407583352
2024-06-19 05:26:46 - INFO - Epoch 966/1000, Loss: 1.3951610786581352
2024-06-19 05:26:55 - INFO - Epoch 967/1000, Loss: 1.376589592866406
2024-06-19 05:27:05 - INFO - Epoch 968/1000, Loss: 1.3827098881146047
2024-06-19 05:27:15 - INFO - Epoch 969/1000, Loss: 1.3473916925690428
2024-06-19 05:27:25 - INFO - Epoch 970/1000, Loss: 1.3996638228680163
2024-06-19 05:27:35 - INFO - Epoch 971/1000, Loss: 1.370665222238764
2024-06-19 05:27:44 - INFO - Epoch 972/1000, Loss: 1.3674670084635594
2024-06-19 05:27:54 - INFO - Epoch 973/1000, Loss: 1.978067609836371
2024-06-19 05:28:04 - INFO - Epoch 974/1000, Loss: 1.5395512351712461
2024-06-19 05:28:14 - INFO - Epoch 975/1000, Loss: 1.3454845329654914
2024-06-19 05:28:23 - INFO - Epoch 976/1000, Loss: 1.3733985235749475
2024-06-19 05:28:33 - INFO - Epoch 977/1000, Loss: 1.3376662223590543
2024-06-19 05:28:43 - INFO - Epoch 978/1000, Loss: 1.3851988291112385
2024-06-19 05:28:53 - INFO - Epoch 979/1000, Loss: 1.3562605675474921
2024-06-19 05:29:02 - INFO - Epoch 980/1000, Loss: 1.4269494890241294
2024-06-19 05:29:12 - INFO - Epoch 981/1000, Loss: 1.7689467051873362
2024-06-19 05:29:22 - INFO - Epoch 982/1000, Loss: 1.3984120806013918
2024-06-19 05:29:32 - INFO - Epoch 983/1000, Loss: 1.3615922767935462
2024-06-19 05:29:41 - INFO - Epoch 984/1000, Loss: 1.3514739935932376
2024-06-19 05:29:51 - INFO - Epoch 985/1000, Loss: 1.6307258404975256
2024-06-19 05:30:01 - INFO - Epoch 986/1000, Loss: 1.3432213872877539
2024-06-19 05:30:11 - INFO - Epoch 987/1000, Loss: 1.3855637849770857
2024-06-19 05:30:20 - INFO - Epoch 988/1000, Loss: 1.3904447683988574
2024-06-19 05:30:30 - INFO - Epoch 989/1000, Loss: 1.3590057089821606
2024-06-19 05:30:40 - INFO - Epoch 990/1000, Loss: 1.5416916699299323
2024-06-19 05:30:50 - INFO - Epoch 991/1000, Loss: 1.4247442209221344
2024-06-19 05:31:00 - INFO - Epoch 992/1000, Loss: 1.3765868260560883
2024-06-19 05:31:10 - INFO - Epoch 993/1000, Loss: 1.3650271438710866
2024-06-19 05:31:19 - INFO - Epoch 994/1000, Loss: 1.6427987377574762
2024-06-19 05:31:29 - INFO - Epoch 995/1000, Loss: 1.6679623448155512
2024-06-19 05:31:39 - INFO - Epoch 996/1000, Loss: 1.3595123089978438
2024-06-19 05:31:49 - INFO - Epoch 997/1000, Loss: 1.3268358374841098
2024-06-19 05:31:56 - INFO - Epoch 998/1000, Loss: 1.38134682968405
2024-06-19 05:32:03 - INFO - Epoch 999/1000, Loss: 1.387334581333097
2024-06-19 05:32:10 - INFO - Epoch 1000/1000, Loss: 1.3373259954005223
2024-06-19 05:32:10 - INFO - Finished training model.
2024-06-19 05:32:11 - INFO - 
Generated Code:
2024-06-19 05:32:11 - INFO - FLOAT_LITERAL - FLOAT_LITERAL ; float h = FLOAT_LITERAL - FLOAT_LITERAL - FLOAT_LITERAL - FLOAT_LITERAL ; float h = FLOAT_LITERAL - FLOAT_LITERAL - FLOAT_LITERAL ; return f ; } def { float h = FLOAT_LITERAL - FLOAT_LITERAL - FLOAT_LITERAL - FLOAT_LITERAL ; float h = FLOAT_LITERAL - FLOAT_LITERAL - FLOAT_LITERAL ; float h = FLOAT_LITERAL - FLOAT_LITERAL - FLOAT_LITERAL ; float f = FLOAT_LITERAL - FLOAT_LITERAL ; return f ; } def { float h = FLOAT_LITERAL - FLOAT_LITERAL - FLOAT_LITERAL - FLOAT_LITERAL ; float h = FLOAT_LITERAL - FLOAT_LITERAL - FLOAT_LITERAL ; float h = FLOAT_LITERAL - FLOAT_LITERAL - FLOAT_LITERAL
2024-06-19 05:32:11 - INFO - Finished training LSTM model.
