2024-06-19 01:44:14 - INFO - This log entry will go into a uniquely named file for this run.
2024-06-19 01:44:15 - INFO - Starting LSTM model training...
2024-06-19 01:44:15 - INFO - Optimizer=Adam
2024-06-19 01:44:15 - INFO - epochs=500
2024-06-19 01:44:15 - INFO - batch_size=32
2024-06-19 01:44:15 - INFO - File=codeExamples.txt
2024-06-19 01:44:15 - INFO - Learning Rate=0.01
2024-06-19 01:44:17 - INFO - Starting LSTM model training...
2024-06-19 01:44:20 - INFO - Epoch 1/500, Loss: 1.4809424623265868
2024-06-19 01:44:23 - INFO - Epoch 2/500, Loss: 1.4067798171455446
2024-06-19 01:44:27 - INFO - Epoch 3/500, Loss: 1.3758659939860576
2024-06-19 01:44:32 - INFO - Epoch 4/500, Loss: 1.3459064689677989
2024-06-19 01:44:37 - INFO - Epoch 5/500, Loss: 1.3547882785614478
2024-06-19 01:44:44 - INFO - Epoch 6/500, Loss: 1.3421176154593657
2024-06-19 01:44:52 - INFO - Epoch 7/500, Loss: 1.3637601385520868
2024-06-19 01:45:02 - INFO - Epoch 8/500, Loss: 1.3222511332775266
2024-06-19 01:45:14 - INFO - Epoch 9/500, Loss: 1.319314120415724
2024-06-19 01:45:30 - INFO - Epoch 10/500, Loss: 1.355064656230987
2024-06-19 01:46:04 - INFO - Epoch 11/500, Loss: 1.2805632785380328
2024-06-19 01:47:53 - INFO - Epoch 12/500, Loss: 1.3112027052195452
2024-06-19 01:48:10 - INFO - Epoch 13/500, Loss: 1.3233895029188483
2024-06-19 01:48:27 - INFO - Epoch 14/500, Loss: 1.313155307572728
2024-06-19 01:48:44 - INFO - Epoch 15/500, Loss: 1.3181768344523976
2024-06-19 01:49:00 - INFO - Epoch 16/500, Loss: 1.2784368465985514
2024-06-19 01:49:17 - INFO - Epoch 17/500, Loss: 1.3845052565179798
2024-06-19 01:49:34 - INFO - Epoch 18/500, Loss: 1.2861217542134173
2024-06-19 01:49:52 - INFO - Epoch 19/500, Loss: 1.2828380928674359
2024-06-19 01:50:26 - INFO - Epoch 20/500, Loss: 1.2847967507400002
2024-06-19 01:51:00 - INFO - Epoch 21/500, Loss: 1.2855791857300989
2024-06-19 01:51:35 - INFO - Epoch 22/500, Loss: 1.2966605329127878
