2024-07-03 17:35:12 - INFO - This log entry will go into a uniquely named file for this run.
2024-07-03 17:35:12 - INFO - without hidden
2024-07-03 17:35:12 - INFO - valid:3302
2024-07-03 17:35:12 - INFO - invalid:3304
2024-07-03 17:35:12 - INFO - Params:
2024-07-03 17:35:12 - INFO - embedding_dim=32
2024-07-03 17:35:12 - INFO - hidden_dim:32
2024-07-03 17:35:12 - INFO - num_layers:2
2024-07-03 17:35:12 - INFO - epochs:300
2024-07-03 17:35:12 - INFO - batch_size:64
2024-07-03 17:35:12 - INFO - lr:0.001
2024-07-03 17:35:15 - INFO - Starting LSTM model training...
2024-07-03 17:35:18 - INFO - Epoch: 1/300, Training Loss: 0.6929909215706039
2024-07-03 17:35:18 - INFO - Epoch: 1/300, Validation Loss: 0.6930669109678008, Accuracy: 50.27040947720835%
2024-07-03 17:35:18 - INFO - Model saved with validation accuracy: 50.27040947720835%
2024-07-03 17:35:20 - INFO - Epoch: 2/300, Training Loss: 0.6927913652198959
2024-07-03 17:35:20 - INFO - Epoch: 2/300, Validation Loss: 0.6929645183307876, Accuracy: 51.5237359429994%
2024-07-03 17:35:20 - INFO - Model saved with validation accuracy: 51.5237359429994%
2024-07-03 17:35:23 - INFO - Epoch: 3/300, Training Loss: 0.6927627531916353
2024-07-03 17:35:23 - INFO - Epoch: 3/300, Validation Loss: 0.6929350211972096, Accuracy: 51.55807365439094%
2024-07-03 17:35:23 - INFO - Model saved with validation accuracy: 51.55807365439094%
2024-07-03 17:35:25 - INFO - Epoch: 4/300, Training Loss: 0.6926640007230971
2024-07-03 17:35:25 - INFO - Epoch: 4/300, Validation Loss: 0.693015175113261, Accuracy: 51.55807365439094%
2024-07-03 17:35:27 - INFO - Epoch: 5/300, Training Loss: 0.6921352277240308
2024-07-03 17:35:28 - INFO - Epoch: 5/300, Validation Loss: 0.6928490830249474, Accuracy: 51.28337196325865%
2024-07-03 17:35:30 - INFO - Epoch: 6/300, Training Loss: 0.6921320233815982
2024-07-03 17:35:30 - INFO - Epoch: 6/300, Validation Loss: 0.6928615859948872, Accuracy: 51.55807365439094%
2024-07-03 17:35:32 - INFO - Epoch: 7/300, Training Loss: 0.6930136878467554
2024-07-03 17:35:32 - INFO - Epoch: 7/300, Validation Loss: 0.6936974564536673, Accuracy: 51.55807365439094%
2024-07-03 17:35:34 - INFO - Epoch: 8/300, Training Loss: 0.6928898774710865
2024-07-03 17:35:35 - INFO - Epoch: 8/300, Validation Loss: 0.69287211354313, Accuracy: 51.55807365439094%
2024-07-03 17:35:37 - INFO - Epoch: 9/300, Training Loss: 0.6927378541484618
2024-07-03 17:35:37 - INFO - Epoch: 9/300, Validation Loss: 0.6934712499868675, Accuracy: 51.55807365439094%
2024-07-03 17:35:39 - INFO - Epoch: 10/300, Training Loss: 0.6927610319337727
2024-07-03 17:35:39 - INFO - Epoch: 10/300, Validation Loss: 0.6928199555704503, Accuracy: 51.55807365439094%
2024-07-03 17:35:41 - INFO - Epoch: 11/300, Training Loss: 0.6924969221992912
2024-07-03 17:35:41 - INFO - Epoch: 11/300, Validation Loss: 0.6928129407877479, Accuracy: 51.69542449995708%
2024-07-03 17:35:41 - INFO - Model saved with validation accuracy: 51.69542449995708%
2024-07-03 17:35:43 - INFO - Epoch: 12/300, Training Loss: 0.6926540756912388
2024-07-03 17:35:44 - INFO - Epoch: 12/300, Validation Loss: 0.6927330969461326, Accuracy: 51.643917932869776%
2024-07-03 17:35:46 - INFO - Epoch: 13/300, Training Loss: 0.6905489664509463
2024-07-03 17:35:46 - INFO - Epoch: 13/300, Validation Loss: 0.6830262880507714, Accuracy: 56.476950811228434%
2024-07-03 17:35:46 - INFO - Model saved with validation accuracy: 56.476950811228434%
2024-07-03 17:35:49 - INFO - Epoch: 14/300, Training Loss: 0.6424962039347049
2024-07-03 17:35:49 - INFO - Epoch: 14/300, Validation Loss: 0.6162089614268861, Accuracy: 61.95381577817838%
2024-07-03 17:35:49 - INFO - Model saved with validation accuracy: 61.95381577817838%
2024-07-03 17:35:51 - INFO - Epoch: 15/300, Training Loss: 0.6066296584648687
2024-07-03 17:35:51 - INFO - Epoch: 15/300, Validation Loss: 0.6055144328888649, Accuracy: 63.387415228775005%
2024-07-03 17:35:51 - INFO - Model saved with validation accuracy: 63.387415228775005%
2024-07-03 17:35:54 - INFO - Epoch: 16/300, Training Loss: 0.5911724886285915
2024-07-03 17:35:54 - INFO - Epoch: 16/300, Validation Loss: 0.5872594852590821, Accuracy: 64.93261224139411%
2024-07-03 17:35:54 - INFO - Model saved with validation accuracy: 64.93261224139411%
2024-07-03 17:35:56 - INFO - Epoch: 17/300, Training Loss: 0.5837559962468873
2024-07-03 17:35:56 - INFO - Epoch: 17/300, Validation Loss: 0.5857362452426244, Accuracy: 65.43050905657138%
2024-07-03 17:35:56 - INFO - Model saved with validation accuracy: 65.43050905657138%
2024-07-03 17:35:58 - INFO - Epoch: 18/300, Training Loss: 0.576585090127665
2024-07-03 17:35:59 - INFO - Epoch: 18/300, Validation Loss: 0.5838497051450072, Accuracy: 65.6880418920079%
2024-07-03 17:35:59 - INFO - Model saved with validation accuracy: 65.6880418920079%
2024-07-03 17:36:01 - INFO - Epoch: 19/300, Training Loss: 0.574930923997293
2024-07-03 17:36:01 - INFO - Epoch: 19/300, Validation Loss: 0.5777126141910345, Accuracy: 65.83397716542193%
2024-07-03 17:36:01 - INFO - Model saved with validation accuracy: 65.83397716542193%
2024-07-03 17:36:03 - INFO - Epoch: 20/300, Training Loss: 0.5733714009263388
2024-07-03 17:36:03 - INFO - Epoch: 20/300, Validation Loss: 0.5790010433379418, Accuracy: 66.06575671731478%
2024-07-03 17:36:03 - INFO - Model saved with validation accuracy: 66.06575671731478%
2024-07-03 17:36:05 - INFO - Epoch: 21/300, Training Loss: 0.5690861471477686
2024-07-03 17:36:06 - INFO - Epoch: 21/300, Validation Loss: 0.5736752877144214, Accuracy: 66.24602970212035%
2024-07-03 17:36:06 - INFO - Model saved with validation accuracy: 66.24602970212035%
2024-07-03 17:36:08 - INFO - Epoch: 22/300, Training Loss: 0.5635557120719564
2024-07-03 17:36:08 - INFO - Epoch: 22/300, Validation Loss: 0.5657647685275051, Accuracy: 67.19031676538759%
2024-07-03 17:36:08 - INFO - Model saved with validation accuracy: 67.19031676538759%
2024-07-03 17:36:10 - INFO - Epoch: 23/300, Training Loss: 0.5565895132403642
2024-07-03 17:36:10 - INFO - Epoch: 23/300, Validation Loss: 0.560344772912114, Accuracy: 67.78264228689157%
2024-07-03 17:36:10 - INFO - Model saved with validation accuracy: 67.78264228689157%
2024-07-03 17:36:12 - INFO - Epoch: 24/300, Training Loss: 0.5483951770964964
2024-07-03 17:36:13 - INFO - Epoch: 24/300, Validation Loss: 0.5552244300399322, Accuracy: 68.41788994763499%
2024-07-03 17:36:13 - INFO - Model saved with validation accuracy: 68.41788994763499%
2024-07-03 17:36:15 - INFO - Epoch: 25/300, Training Loss: 0.5399658991067334
2024-07-03 17:36:15 - INFO - Epoch: 25/300, Validation Loss: 0.5428603498336396, Accuracy: 69.13039745900936%
2024-07-03 17:36:15 - INFO - Model saved with validation accuracy: 69.13039745900936%
2024-07-03 17:36:17 - INFO - Epoch: 26/300, Training Loss: 0.5338861127939735
2024-07-03 17:36:18 - INFO - Epoch: 26/300, Validation Loss: 0.5431679459543176, Accuracy: 69.31067044381491%
2024-07-03 17:36:18 - INFO - Model saved with validation accuracy: 69.31067044381491%
2024-07-03 17:36:20 - INFO - Epoch: 27/300, Training Loss: 0.5287636169353794
2024-07-03 17:36:20 - INFO - Epoch: 27/300, Validation Loss: 0.5395243560355869, Accuracy: 69.24199502103185%
2024-07-03 17:36:22 - INFO - Epoch: 28/300, Training Loss: 0.524020834919193
2024-07-03 17:36:22 - INFO - Epoch: 28/300, Validation Loss: 0.5333376815084552, Accuracy: 69.36217701090223%
2024-07-03 17:36:22 - INFO - Model saved with validation accuracy: 69.36217701090223%
2024-07-03 17:36:24 - INFO - Epoch: 29/300, Training Loss: 0.5180557403299544
2024-07-03 17:36:24 - INFO - Epoch: 29/300, Validation Loss: 0.5272737550930898, Accuracy: 69.80856725899218%
2024-07-03 17:36:24 - INFO - Model saved with validation accuracy: 69.80856725899218%
2024-07-03 17:36:27 - INFO - Epoch: 30/300, Training Loss: 0.5116483690562071
2024-07-03 17:36:27 - INFO - Epoch: 30/300, Validation Loss: 0.5220720194727997, Accuracy: 69.64546312988239%
2024-07-03 17:36:29 - INFO - Epoch: 31/300, Training Loss: 0.5066622043097461
2024-07-03 17:36:29 - INFO - Epoch: 31/300, Validation Loss: 0.517658742724872, Accuracy: 69.86007382607949%
2024-07-03 17:36:29 - INFO - Model saved with validation accuracy: 69.86007382607949%
2024-07-03 17:36:31 - INFO - Epoch: 32/300, Training Loss: 0.5034210414552884
2024-07-03 17:36:32 - INFO - Epoch: 32/300, Validation Loss: 0.5187098365989539, Accuracy: 69.89441153747103%
2024-07-03 17:36:32 - INFO - Model saved with validation accuracy: 69.89441153747103%
2024-07-03 17:36:34 - INFO - Epoch: 33/300, Training Loss: 0.4973787179699651
2024-07-03 17:36:34 - INFO - Epoch: 33/300, Validation Loss: 0.514261130589605, Accuracy: 70.18628208429908%
2024-07-03 17:36:34 - INFO - Model saved with validation accuracy: 70.18628208429908%
2024-07-03 17:36:36 - INFO - Epoch: 34/300, Training Loss: 0.49050373231432565
2024-07-03 17:36:36 - INFO - Epoch: 34/300, Validation Loss: 0.5005223003567242, Accuracy: 69.78281397544853%
2024-07-03 17:36:38 - INFO - Epoch: 35/300, Training Loss: 0.48722733387567707
2024-07-03 17:36:39 - INFO - Epoch: 35/300, Validation Loss: 0.5177301308496403, Accuracy: 70.31504850201733%
2024-07-03 17:36:39 - INFO - Model saved with validation accuracy: 70.31504850201733%
2024-07-03 17:36:41 - INFO - Epoch: 36/300, Training Loss: 0.48476226760690266
2024-07-03 17:36:41 - INFO - Epoch: 36/300, Validation Loss: 0.4956052720221014, Accuracy: 70.36655506910465%
2024-07-03 17:36:41 - INFO - Model saved with validation accuracy: 70.36655506910465%
2024-07-03 17:36:43 - INFO - Epoch: 37/300, Training Loss: 0.4803238013153704
2024-07-03 17:36:43 - INFO - Epoch: 37/300, Validation Loss: 0.5165284593574336, Accuracy: 70.04034681088505%
2024-07-03 17:36:46 - INFO - Epoch: 38/300, Training Loss: 0.4764756056670462
2024-07-03 17:36:46 - INFO - Epoch: 38/300, Validation Loss: 0.5015864893386924, Accuracy: 69.8514893982316%
2024-07-03 17:36:48 - INFO - Epoch: 39/300, Training Loss: 0.4740192985829012
2024-07-03 17:36:48 - INFO - Epoch: 39/300, Validation Loss: 0.4780164554796584, Accuracy: 70.34938621340888%
2024-07-03 17:36:50 - INFO - Epoch: 40/300, Training Loss: 0.46650656980088057
2024-07-03 17:36:51 - INFO - Epoch: 40/300, Validation Loss: 0.47967273729746457, Accuracy: 70.10902223366813%
2024-07-03 17:36:53 - INFO - Epoch: 41/300, Training Loss: 0.4646838241562104
2024-07-03 17:36:53 - INFO - Epoch: 41/300, Validation Loss: 0.4797158060503788, Accuracy: 70.07468452227658%
2024-07-03 17:36:55 - INFO - Epoch: 42/300, Training Loss: 0.4637990346170747
2024-07-03 17:36:56 - INFO - Epoch: 42/300, Validation Loss: 0.47130007854576317, Accuracy: 69.57678770709933%
2024-07-03 17:36:58 - INFO - Epoch: 43/300, Training Loss: 0.4562442420441427
2024-07-03 17:36:58 - INFO - Epoch: 43/300, Validation Loss: 0.4635397650179316, Accuracy: 70.18628208429908%
2024-07-03 17:37:00 - INFO - Epoch: 44/300, Training Loss: 0.4575541733632526
2024-07-03 17:37:00 - INFO - Epoch: 44/300, Validation Loss: 0.4779646639289752, Accuracy: 70.31504850201733%
2024-07-03 17:37:02 - INFO - Epoch: 45/300, Training Loss: 0.45131182175931944
2024-07-03 17:37:03 - INFO - Epoch: 45/300, Validation Loss: 0.46259401974782266, Accuracy: 70.1776976564512%
2024-07-03 17:37:05 - INFO - Epoch: 46/300, Training Loss: 0.45005309326249715
2024-07-03 17:37:05 - INFO - Epoch: 46/300, Validation Loss: 0.46471132655612757, Accuracy: 70.13477551721178%
2024-07-03 17:37:07 - INFO - Epoch: 47/300, Training Loss: 0.44948293078583457
2024-07-03 17:37:07 - INFO - Epoch: 47/300, Validation Loss: 0.4641451866574626, Accuracy: 69.52528114001201%
2024-07-03 17:37:09 - INFO - Epoch: 48/300, Training Loss: 0.44520928629958906
2024-07-03 17:37:10 - INFO - Epoch: 48/300, Validation Loss: 0.46630413610427107, Accuracy: 68.96729332989956%
2024-07-03 17:37:12 - INFO - Epoch: 49/300, Training Loss: 0.4408890335566386
2024-07-03 17:37:12 - INFO - Epoch: 49/300, Validation Loss: 0.45781466592856446, Accuracy: 69.67980084127393%
2024-07-03 17:37:14 - INFO - Epoch: 50/300, Training Loss: 0.44248375492821995
2024-07-03 17:37:15 - INFO - Epoch: 50/300, Validation Loss: 0.4530881672609048, Accuracy: 69.77422954760065%
2024-07-03 17:37:17 - INFO - Epoch: 51/300, Training Loss: 0.44289418529662905
2024-07-03 17:37:17 - INFO - Epoch: 51/300, Validation Loss: 0.45529976080024176, Accuracy: 69.61112541849086%
2024-07-03 17:37:20 - INFO - Epoch: 52/300, Training Loss: 0.43880858657618443
2024-07-03 17:37:20 - INFO - Epoch: 52/300, Validation Loss: 0.46476418691906124, Accuracy: 69.67121641342605%
2024-07-03 17:37:22 - INFO - Epoch: 53/300, Training Loss: 0.43667910798913984
2024-07-03 17:37:22 - INFO - Epoch: 53/300, Validation Loss: 0.4687935731124357, Accuracy: 69.23341059318396%
2024-07-03 17:37:24 - INFO - Epoch: 54/300, Training Loss: 0.43727369350988027
2024-07-03 17:37:25 - INFO - Epoch: 54/300, Validation Loss: 0.46091380357090894, Accuracy: 69.19048845394454%
2024-07-03 17:37:27 - INFO - Epoch: 55/300, Training Loss: 0.43499006308482346
2024-07-03 17:37:27 - INFO - Epoch: 55/300, Validation Loss: 0.45200562037405423, Accuracy: 69.68838526912181%
2024-07-03 17:37:29 - INFO - Epoch: 56/300, Training Loss: 0.4320840788149212
2024-07-03 17:37:29 - INFO - Epoch: 56/300, Validation Loss: 0.45137854140312944, Accuracy: 69.71413855266546%
2024-07-03 17:37:32 - INFO - Epoch: 57/300, Training Loss: 0.42946733025366385
2024-07-03 17:37:32 - INFO - Epoch: 57/300, Validation Loss: 0.452297673850763, Accuracy: 69.10464417546571%
2024-07-03 17:37:34 - INFO - Epoch: 58/300, Training Loss: 0.4302372920987374
2024-07-03 17:37:34 - INFO - Epoch: 58/300, Validation Loss: 0.45549568126761847, Accuracy: 70.5554124817581%
2024-07-03 17:37:34 - INFO - Model saved with validation accuracy: 70.5554124817581%
2024-07-03 17:37:36 - INFO - Epoch: 59/300, Training Loss: 0.4308915712215282
2024-07-03 17:37:37 - INFO - Epoch: 59/300, Validation Loss: 0.4466454132658536, Accuracy: 68.73551377800669%
2024-07-03 17:37:39 - INFO - Epoch: 60/300, Training Loss: 0.4288754905938121
2024-07-03 17:37:39 - INFO - Epoch: 60/300, Validation Loss: 0.44783993676060535, Accuracy: 70.25495750708215%
2024-07-03 17:37:41 - INFO - Epoch: 61/300, Training Loss: 0.42643570221337107
2024-07-03 17:37:41 - INFO - Epoch: 61/300, Validation Loss: 0.450280833602603, Accuracy: 68.46939651472229%
2024-07-03 17:37:44 - INFO - Epoch: 62/300, Training Loss: 0.4295584460099538
2024-07-03 17:37:44 - INFO - Epoch: 62/300, Validation Loss: 0.4450610236066287, Accuracy: 69.90299596531891%
2024-07-03 17:37:46 - INFO - Epoch: 63/300, Training Loss: 0.4233384937742937
2024-07-03 17:37:46 - INFO - Epoch: 63/300, Validation Loss: 0.45320745260337664, Accuracy: 70.22061979569062%
2024-07-03 17:37:49 - INFO - Epoch: 64/300, Training Loss: 0.4236201366769924
2024-07-03 17:37:49 - INFO - Epoch: 64/300, Validation Loss: 0.4479421056359192, Accuracy: 68.58099407674479%
2024-07-03 17:37:54 - INFO - Epoch: 65/300, Training Loss: 0.4231728621757243
2024-07-03 17:37:54 - INFO - Epoch: 65/300, Validation Loss: 0.4467892001886837, Accuracy: 69.70555412481758%
2024-07-03 17:37:58 - INFO - Epoch: 66/300, Training Loss: 0.42361881331488266
2024-07-03 17:37:59 - INFO - Epoch: 66/300, Validation Loss: 0.45218237224823793, Accuracy: 68.51231865396171%
2024-07-03 17:38:03 - INFO - Epoch: 67/300, Training Loss: 0.42255680359113035
2024-07-03 17:38:04 - INFO - Epoch: 67/300, Validation Loss: 0.44297440113917075, Accuracy: 68.53807193750536%
2024-07-03 17:38:07 - INFO - Epoch: 68/300, Training Loss: 0.4189129913499162
2024-07-03 17:38:07 - INFO - Epoch: 68/300, Validation Loss: 0.44369762973055815, Accuracy: 69.31067044381491%
2024-07-03 17:38:10 - INFO - Epoch: 69/300, Training Loss: 0.4182708862714153
2024-07-03 17:38:10 - INFO - Epoch: 69/300, Validation Loss: 0.45632157690538083, Accuracy: 69.0531376083784%
2024-07-03 17:38:12 - INFO - Epoch: 70/300, Training Loss: 0.41766470176038756
2024-07-03 17:38:12 - INFO - Epoch: 70/300, Validation Loss: 0.44258605473028506, Accuracy: 69.10464417546571%
2024-07-03 17:38:15 - INFO - Epoch: 71/300, Training Loss: 0.41737923158948476
2024-07-03 17:38:15 - INFO - Epoch: 71/300, Validation Loss: 0.4488297580369835, Accuracy: 70.05751566658083%
2024-07-03 17:38:18 - INFO - Epoch: 72/300, Training Loss: 0.41619402141564504
2024-07-03 17:38:19 - INFO - Epoch: 72/300, Validation Loss: 0.4402069255628221, Accuracy: 68.50373422611383%
2024-07-03 17:38:23 - INFO - Epoch: 73/300, Training Loss: 0.41533251971374324
2024-07-03 17:38:23 - INFO - Epoch: 73/300, Validation Loss: 0.44506981529173306, Accuracy: 68.16894154004636%
2024-07-03 17:38:27 - INFO - Epoch: 74/300, Training Loss: 0.41508186521680596
2024-07-03 17:38:28 - INFO - Epoch: 74/300, Validation Loss: 0.4369588497557927, Accuracy: 68.85569576787707%
2024-07-03 17:38:32 - INFO - Epoch: 75/300, Training Loss: 0.41398913649374564
2024-07-03 17:38:32 - INFO - Epoch: 75/300, Validation Loss: 0.4391315273248433, Accuracy: 68.72692935015881%
2024-07-03 17:38:37 - INFO - Epoch: 76/300, Training Loss: 0.4142667679384412
2024-07-03 17:38:37 - INFO - Epoch: 76/300, Validation Loss: 0.4415118889730485, Accuracy: 68.55524079320114%
2024-07-03 17:38:39 - INFO - Epoch: 77/300, Training Loss: 0.4148442662220106
2024-07-03 17:38:39 - INFO - Epoch: 77/300, Validation Loss: 0.4352024298548047, Accuracy: 68.41788994763499%
2024-07-03 17:38:42 - INFO - Epoch: 78/300, Training Loss: 0.4118601973532649
2024-07-03 17:38:42 - INFO - Epoch: 78/300, Validation Loss: 0.4417430250371089, Accuracy: 68.83852691218131%
2024-07-03 17:38:44 - INFO - Epoch: 79/300, Training Loss: 0.4167095809479963
2024-07-03 17:38:44 - INFO - Epoch: 79/300, Validation Loss: 0.4367910475353074, Accuracy: 69.17331959824878%
2024-07-03 17:38:46 - INFO - Epoch: 80/300, Training Loss: 0.41365100132666827
2024-07-03 17:38:46 - INFO - Epoch: 80/300, Validation Loss: 0.43486965842585745, Accuracy: 68.23761696282942%
2024-07-03 17:38:48 - INFO - Epoch: 81/300, Training Loss: 0.4115271939498734
2024-07-03 17:38:49 - INFO - Epoch: 81/300, Validation Loss: 0.43695218787818657, Accuracy: 68.42647437548287%
2024-07-03 17:38:51 - INFO - Epoch: 82/300, Training Loss: 0.41173120094424903
2024-07-03 17:38:51 - INFO - Epoch: 82/300, Validation Loss: 0.43195087906441404, Accuracy: 68.95012447420379%
2024-07-03 17:38:53 - INFO - Epoch: 83/300, Training Loss: 0.41031846436780506
2024-07-03 17:38:54 - INFO - Epoch: 83/300, Validation Loss: 0.4340805553021978, Accuracy: 68.69259163876728%
2024-07-03 17:38:56 - INFO - Epoch: 84/300, Training Loss: 0.4091010133956849
2024-07-03 17:38:56 - INFO - Epoch: 84/300, Validation Loss: 0.4321007386582797, Accuracy: 69.19907288179243%
2024-07-03 17:38:58 - INFO - Epoch: 85/300, Training Loss: 0.4107091411723358
2024-07-03 17:38:58 - INFO - Epoch: 85/300, Validation Loss: 0.43879170284245184, Accuracy: 69.24199502103185%
2024-07-03 17:39:00 - INFO - Epoch: 86/300, Training Loss: 0.4091507753226983
2024-07-03 17:39:01 - INFO - Epoch: 86/300, Validation Loss: 0.4346568491615233, Accuracy: 69.01021546913898%
2024-07-03 17:39:03 - INFO - Epoch: 87/300, Training Loss: 0.4093402170350032
2024-07-03 17:39:03 - INFO - Epoch: 87/300, Validation Loss: 0.4316171596610481, Accuracy: 68.66683835522362%
2024-07-03 17:39:05 - INFO - Epoch: 88/300, Training Loss: 0.4072039938430891
2024-07-03 17:39:05 - INFO - Epoch: 88/300, Validation Loss: 0.4299786154363976, Accuracy: 68.54665636535324%
2024-07-03 17:39:07 - INFO - Epoch: 89/300, Training Loss: 0.4079227767608784
2024-07-03 17:39:08 - INFO - Epoch: 89/300, Validation Loss: 0.42797637116062187, Accuracy: 68.36638338054769%
2024-07-03 17:39:10 - INFO - Epoch: 90/300, Training Loss: 0.4046868791469004
2024-07-03 17:39:10 - INFO - Epoch: 90/300, Validation Loss: 0.4294928292759129, Accuracy: 69.13898188685724%
2024-07-03 17:39:13 - INFO - Epoch: 91/300, Training Loss: 0.4051996638336626
2024-07-03 17:39:13 - INFO - Epoch: 91/300, Validation Loss: 0.4312029355536393, Accuracy: 68.74409820585458%
2024-07-03 17:39:15 - INFO - Epoch: 92/300, Training Loss: 0.40492370691973156
2024-07-03 17:39:15 - INFO - Epoch: 92/300, Validation Loss: 0.4348317287007316, Accuracy: 69.13898188685724%
2024-07-03 17:39:18 - INFO - Epoch: 93/300, Training Loss: 0.402965164397152
2024-07-03 17:39:18 - INFO - Epoch: 93/300, Validation Loss: 0.4331330938743112, Accuracy: 68.34063009700404%
2024-07-03 17:39:20 - INFO - Epoch: 94/300, Training Loss: 0.4039126798122181
2024-07-03 17:39:20 - INFO - Epoch: 94/300, Validation Loss: 0.433060539876177, Accuracy: 68.16894154004636%
2024-07-03 17:39:23 - INFO - Epoch: 95/300, Training Loss: 0.40407534113309673
2024-07-03 17:39:23 - INFO - Epoch: 95/300, Validation Loss: 0.43682451814901635, Accuracy: 68.18611039574212%
2024-07-03 17:39:25 - INFO - Epoch: 96/300, Training Loss: 0.4030486588942498
2024-07-03 17:39:25 - INFO - Epoch: 96/300, Validation Loss: 0.4302894837869321, Accuracy: 68.24620139067731%
2024-07-03 17:39:28 - INFO - Epoch: 97/300, Training Loss: 0.40316903734239856
2024-07-03 17:39:28 - INFO - Epoch: 97/300, Validation Loss: 0.43312992668542705, Accuracy: 67.98008412739291%
2024-07-03 17:39:30 - INFO - Epoch: 98/300, Training Loss: 0.40291453716032133
2024-07-03 17:39:30 - INFO - Epoch: 98/300, Validation Loss: 0.439259715418998, Accuracy: 68.62391621598421%
2024-07-03 17:39:32 - INFO - Epoch: 99/300, Training Loss: 0.40328197166916435
2024-07-03 17:39:33 - INFO - Epoch: 99/300, Validation Loss: 0.4298779957932853, Accuracy: 68.47798094257018%
2024-07-03 17:39:35 - INFO - Epoch: 100/300, Training Loss: 0.4034578538971183
2024-07-03 17:39:35 - INFO - Epoch: 100/300, Validation Loss: 0.4450264594268278, Accuracy: 68.58099407674479%
2024-07-03 17:39:37 - INFO - Epoch: 101/300, Training Loss: 0.40016907367686677
2024-07-03 17:39:37 - INFO - Epoch: 101/300, Validation Loss: 0.42983982146111993, Accuracy: 68.50373422611383%
2024-07-03 17:39:40 - INFO - Epoch: 102/300, Training Loss: 0.40027828729201737
2024-07-03 17:39:40 - INFO - Epoch: 102/300, Validation Loss: 0.4275673066006332, Accuracy: 68.02300626663232%
2024-07-03 17:39:42 - INFO - Epoch: 103/300, Training Loss: 0.4022837974774985
2024-07-03 17:39:42 - INFO - Epoch: 103/300, Validation Loss: 0.44319334447058173, Accuracy: 68.38355223624346%
2024-07-03 17:39:44 - INFO - Epoch: 104/300, Training Loss: 0.39941028259255107
2024-07-03 17:39:45 - INFO - Epoch: 104/300, Validation Loss: 0.4407516191891634, Accuracy: 69.04455318053051%
2024-07-03 17:39:47 - INFO - Epoch: 105/300, Training Loss: 0.40132513268249026
2024-07-03 17:39:47 - INFO - Epoch: 105/300, Validation Loss: 0.4300235156478778, Accuracy: 69.37934586659799%
2024-07-03 17:39:49 - INFO - Epoch: 106/300, Training Loss: 0.40140364134099094
2024-07-03 17:39:49 - INFO - Epoch: 106/300, Validation Loss: 0.4346112208288224, Accuracy: 68.10026611726329%
2024-07-03 17:39:52 - INFO - Epoch: 107/300, Training Loss: 0.39778839707865143
2024-07-03 17:39:52 - INFO - Epoch: 107/300, Validation Loss: 0.4313503373516062, Accuracy: 68.0916816894154%
2024-07-03 17:39:55 - INFO - Epoch: 108/300, Training Loss: 0.400812538276811
2024-07-03 17:39:55 - INFO - Epoch: 108/300, Validation Loss: 0.4294596487055711, Accuracy: 68.3062923856125%
2024-07-03 17:39:57 - INFO - Epoch: 109/300, Training Loss: 0.3997327884038289
2024-07-03 17:39:57 - INFO - Epoch: 109/300, Validation Loss: 0.429165665406347, Accuracy: 68.69259163876728%
2024-07-03 17:39:59 - INFO - Epoch: 110/300, Training Loss: 0.3995785890619778
2024-07-03 17:39:59 - INFO - Epoch: 110/300, Validation Loss: 0.42976733749030066, Accuracy: 68.26337024637309%
2024-07-03 17:40:02 - INFO - Epoch: 111/300, Training Loss: 0.3989414094406881
2024-07-03 17:40:02 - INFO - Epoch: 111/300, Validation Loss: 0.42818967159328564, Accuracy: 68.56382522104902%
2024-07-03 17:40:04 - INFO - Epoch: 112/300, Training Loss: 0.40258274234534946
2024-07-03 17:40:04 - INFO - Epoch: 112/300, Validation Loss: 0.4367491026393703, Accuracy: 69.7999828311443%
2024-07-03 17:40:06 - INFO - Epoch: 113/300, Training Loss: 0.3994601983347057
2024-07-03 17:40:07 - INFO - Epoch: 113/300, Validation Loss: 0.4285732699873669, Accuracy: 68.62391621598421%
2024-07-03 17:40:09 - INFO - Epoch: 114/300, Training Loss: 0.40016774761660434
2024-07-03 17:40:09 - INFO - Epoch: 114/300, Validation Loss: 0.42905977107788046, Accuracy: 68.41788994763499%
2024-07-03 17:40:11 - INFO - Epoch: 115/300, Training Loss: 0.3984543038085001
2024-07-03 17:40:11 - INFO - Epoch: 115/300, Validation Loss: 0.42795141489127947, Accuracy: 68.14318825650271%
2024-07-03 17:40:13 - INFO - Epoch: 116/300, Training Loss: 0.39532348652598953
2024-07-03 17:40:14 - INFO - Epoch: 116/300, Validation Loss: 0.4297910801699904, Accuracy: 69.56820327925143%
2024-07-03 17:40:16 - INFO - Epoch: 117/300, Training Loss: 0.3956669678372447
2024-07-03 17:40:16 - INFO - Epoch: 117/300, Validation Loss: 0.434616855910567, Accuracy: 68.28053910206884%
2024-07-03 17:40:18 - INFO - Epoch: 118/300, Training Loss: 0.3943472827576479
2024-07-03 17:40:19 - INFO - Epoch: 118/300, Validation Loss: 0.42467474693157636, Accuracy: 68.41788994763499%
2024-07-03 17:40:21 - INFO - Epoch: 119/300, Training Loss: 0.3972339098059428
2024-07-03 17:40:21 - INFO - Epoch: 119/300, Validation Loss: 0.4343273253714452, Accuracy: 68.67542278307151%
2024-07-03 17:40:23 - INFO - Epoch: 120/300, Training Loss: 0.39734440604518634
2024-07-03 17:40:24 - INFO - Epoch: 120/300, Validation Loss: 0.42339679110245626, Accuracy: 68.81277362863766%
2024-07-03 17:40:26 - INFO - Epoch: 121/300, Training Loss: 0.3939717332890004
2024-07-03 17:40:26 - INFO - Epoch: 121/300, Validation Loss: 0.43523933310977747, Accuracy: 68.67542278307151%
2024-07-03 17:40:28 - INFO - Epoch: 122/300, Training Loss: 0.39324684430869356
2024-07-03 17:40:29 - INFO - Epoch: 122/300, Validation Loss: 0.42151456012751887, Accuracy: 69.21624173748819%
2024-07-03 17:40:31 - INFO - Epoch: 123/300, Training Loss: 0.3952799736227028
2024-07-03 17:40:31 - INFO - Epoch: 123/300, Validation Loss: 0.42561611663448357, Accuracy: 68.70976049446304%
2024-07-03 17:40:33 - INFO - Epoch: 124/300, Training Loss: 0.39455663900316496
2024-07-03 17:40:34 - INFO - Epoch: 124/300, Validation Loss: 0.4219525824479067, Accuracy: 68.46081208687441%
2024-07-03 17:40:36 - INFO - Epoch: 125/300, Training Loss: 0.39598685490741653
2024-07-03 17:40:36 - INFO - Epoch: 125/300, Validation Loss: 0.42277126462081743, Accuracy: 68.84711134002919%
2024-07-03 17:40:38 - INFO - Epoch: 126/300, Training Loss: 0.3921510777621439
2024-07-03 17:40:38 - INFO - Epoch: 126/300, Validation Loss: 0.42682655180086854, Accuracy: 68.38355223624346%
2024-07-03 17:40:40 - INFO - Epoch: 127/300, Training Loss: 0.3954020028088155
2024-07-03 17:40:41 - INFO - Epoch: 127/300, Validation Loss: 0.4260590139959679, Accuracy: 68.80418920078976%
2024-07-03 17:40:43 - INFO - Epoch: 128/300, Training Loss: 0.39237129872227894
2024-07-03 17:40:43 - INFO - Epoch: 128/300, Validation Loss: 0.4234039342142845, Accuracy: 68.03159069448022%
2024-07-03 17:40:45 - INFO - Epoch: 129/300, Training Loss: 0.3930256608950258
2024-07-03 17:40:45 - INFO - Epoch: 129/300, Validation Loss: 0.42327953313217787, Accuracy: 68.98446218559533%
2024-07-03 17:40:48 - INFO - Epoch: 130/300, Training Loss: 0.39216405627495304
2024-07-03 17:40:48 - INFO - Epoch: 130/300, Validation Loss: 0.42404682111870395, Accuracy: 68.26337024637309%
2024-07-03 17:40:50 - INFO - Epoch: 131/300, Training Loss: 0.39310403366474783
2024-07-03 17:40:50 - INFO - Epoch: 131/300, Validation Loss: 0.4275003671646118, Accuracy: 68.40930551978711%
2024-07-03 17:40:52 - INFO - Epoch: 132/300, Training Loss: 0.389225623121968
2024-07-03 17:40:53 - INFO - Epoch: 132/300, Validation Loss: 0.42803250505624574, Accuracy: 68.95870890205168%
2024-07-03 17:40:55 - INFO - Epoch: 133/300, Training Loss: 0.3915950875673111
2024-07-03 17:40:55 - INFO - Epoch: 133/300, Validation Loss: 0.42430870764242495, Accuracy: 69.5338655678599%
2024-07-03 17:40:57 - INFO - Epoch: 134/300, Training Loss: 0.39404764712183893
2024-07-03 17:40:58 - INFO - Epoch: 134/300, Validation Loss: 0.42445556664727424, Accuracy: 67.65387586917332%
2024-07-03 17:41:00 - INFO - Epoch: 135/300, Training Loss: 0.3909170582829189
2024-07-03 17:41:00 - INFO - Epoch: 135/300, Validation Loss: 0.4225545540207722, Accuracy: 67.69679800841274%
2024-07-03 17:41:02 - INFO - Epoch: 136/300, Training Loss: 0.3896770889989633
2024-07-03 17:41:03 - INFO - Epoch: 136/300, Validation Loss: 0.4247292724789166, Accuracy: 68.22903253498154%
2024-07-03 17:41:05 - INFO - Epoch: 137/300, Training Loss: 0.3917237128781357
2024-07-03 17:41:05 - INFO - Epoch: 137/300, Validation Loss: 0.4237243046200341, Accuracy: 67.85990213752254%
2024-07-03 17:41:07 - INFO - Epoch: 138/300, Training Loss: 0.38958259529864675
2024-07-03 17:41:07 - INFO - Epoch: 138/300, Validation Loss: 0.4248180407318261, Accuracy: 68.15177268435059%
2024-07-03 17:41:10 - INFO - Epoch: 139/300, Training Loss: 0.3926405856189087
2024-07-03 17:41:10 - INFO - Epoch: 139/300, Validation Loss: 0.4206021656104124, Accuracy: 68.64108507167997%
2024-07-03 17:41:12 - INFO - Epoch: 140/300, Training Loss: 0.39056268003251815
2024-07-03 17:41:12 - INFO - Epoch: 140/300, Validation Loss: 0.4230892755946175, Accuracy: 68.10026611726329%
2024-07-03 17:41:16 - INFO - Epoch: 141/300, Training Loss: 0.3895820288501159
2024-07-03 17:41:17 - INFO - Epoch: 141/300, Validation Loss: 0.43254658921820216, Accuracy: 68.63250064383209%
2024-07-03 17:41:20 - INFO - Epoch: 142/300, Training Loss: 0.3890614734632979
2024-07-03 17:41:20 - INFO - Epoch: 142/300, Validation Loss: 0.4206915458694833, Accuracy: 69.00163104129109%
2024-07-03 17:41:23 - INFO - Epoch: 143/300, Training Loss: 0.3916178589740408
2024-07-03 17:41:23 - INFO - Epoch: 143/300, Validation Loss: 0.4247194473209277, Accuracy: 68.11743497295905%
2024-07-03 17:41:25 - INFO - Epoch: 144/300, Training Loss: 0.3870508416117628
2024-07-03 17:41:25 - INFO - Epoch: 144/300, Validation Loss: 0.4216826981534072, Accuracy: 67.62812258562967%
2024-07-03 17:41:28 - INFO - Epoch: 145/300, Training Loss: 0.38976196116871303
2024-07-03 17:41:28 - INFO - Epoch: 145/300, Validation Loss: 0.4202330739446025, Accuracy: 67.69679800841274%
2024-07-03 17:41:30 - INFO - Epoch: 146/300, Training Loss: 0.3900721942282835
2024-07-03 17:41:30 - INFO - Epoch: 146/300, Validation Loss: 0.43341262076721815, Accuracy: 67.7740578590437%
2024-07-03 17:41:33 - INFO - Epoch: 147/300, Training Loss: 0.3873002070253932
2024-07-03 17:41:33 - INFO - Epoch: 147/300, Validation Loss: 0.4212645090342871, Accuracy: 68.38355223624346%
2024-07-03 17:41:35 - INFO - Epoch: 148/300, Training Loss: 0.3880431330130424
2024-07-03 17:41:35 - INFO - Epoch: 148/300, Validation Loss: 0.41806442131761645, Accuracy: 68.01442183878444%
2024-07-03 17:41:38 - INFO - Epoch: 149/300, Training Loss: 0.3896684454874083
2024-07-03 17:41:38 - INFO - Epoch: 149/300, Validation Loss: 0.4323166344986587, Accuracy: 68.65825392737574%
2024-07-03 17:41:40 - INFO - Epoch: 150/300, Training Loss: 0.3897028137994892
2024-07-03 17:41:40 - INFO - Epoch: 150/300, Validation Loss: 0.42845059190291523, Accuracy: 67.5594471628466%
2024-07-03 17:41:42 - INFO - Epoch: 151/300, Training Loss: 0.38884249609602495
2024-07-03 17:41:43 - INFO - Epoch: 151/300, Validation Loss: 0.4208624045379826, Accuracy: 68.10026611726329%
2024-07-03 17:41:45 - INFO - Epoch: 152/300, Training Loss: 0.38564349496315536
2024-07-03 17:41:45 - INFO - Epoch: 152/300, Validation Loss: 0.4163422897213795, Accuracy: 67.63670701347755%
2024-07-03 17:41:47 - INFO - Epoch: 153/300, Training Loss: 0.38751425591025335
2024-07-03 17:41:47 - INFO - Epoch: 153/300, Validation Loss: 0.4180887484811043, Accuracy: 68.17752596789424%
2024-07-03 17:41:49 - INFO - Epoch: 154/300, Training Loss: 0.3860463646172823
2024-07-03 17:41:50 - INFO - Epoch: 154/300, Validation Loss: 0.4189257497995929, Accuracy: 69.89441153747103%
2024-07-03 17:41:52 - INFO - Epoch: 155/300, Training Loss: 0.3875308481680002
2024-07-03 17:41:52 - INFO - Epoch: 155/300, Validation Loss: 0.4232411650034899, Accuracy: 68.16894154004636%
2024-07-03 17:41:54 - INFO - Epoch: 156/300, Training Loss: 0.3888524928128932
2024-07-03 17:41:54 - INFO - Epoch: 156/300, Validation Loss: 0.41771324329037485, Accuracy: 67.37058975019315%
2024-07-03 17:41:56 - INFO - Epoch: 157/300, Training Loss: 0.38572663602269724
2024-07-03 17:41:57 - INFO - Epoch: 157/300, Validation Loss: 0.41638491811648093, Accuracy: 68.23761696282942%
2024-07-03 17:41:59 - INFO - Epoch: 158/300, Training Loss: 0.3857413139730815
2024-07-03 17:41:59 - INFO - Epoch: 158/300, Validation Loss: 0.418653885360624, Accuracy: 67.81697999828312%
2024-07-03 17:42:01 - INFO - Epoch: 159/300, Training Loss: 0.38704423534853793
2024-07-03 17:42:01 - INFO - Epoch: 159/300, Validation Loss: 0.41956202009987964, Accuracy: 67.38775860588892%
2024-07-03 17:42:03 - INFO - Epoch: 160/300, Training Loss: 0.3872390133935565
2024-07-03 17:42:04 - INFO - Epoch: 160/300, Validation Loss: 0.41810626833816694, Accuracy: 68.40930551978711%
2024-07-03 17:42:06 - INFO - Epoch: 161/300, Training Loss: 0.3859503283095131
2024-07-03 17:42:06 - INFO - Epoch: 161/300, Validation Loss: 0.4142650028721231, Accuracy: 67.91140870460984%
2024-07-03 17:42:08 - INFO - Epoch: 162/300, Training Loss: 0.3842641692020929
2024-07-03 17:42:09 - INFO - Epoch: 162/300, Validation Loss: 0.42017964294047955, Accuracy: 67.97149969954502%
2024-07-03 17:42:11 - INFO - Epoch: 163/300, Training Loss: 0.38369962107006905
2024-07-03 17:42:11 - INFO - Epoch: 163/300, Validation Loss: 0.4180180992259354, Accuracy: 67.76547343119582%
2024-07-03 17:42:13 - INFO - Epoch: 164/300, Training Loss: 0.3884028665036658
2024-07-03 17:42:13 - INFO - Epoch: 164/300, Validation Loss: 0.42052644377197723, Accuracy: 67.8770709932183%
2024-07-03 17:42:15 - INFO - Epoch: 165/300, Training Loss: 0.3853397267999636
2024-07-03 17:42:16 - INFO - Epoch: 165/300, Validation Loss: 0.41524590071433226, Accuracy: 68.03159069448022%
2024-07-03 17:42:18 - INFO - Epoch: 166/300, Training Loss: 0.38406057788674886
2024-07-03 17:42:18 - INFO - Epoch: 166/300, Validation Loss: 0.42264618655371533, Accuracy: 67.83414885397889%
2024-07-03 17:42:20 - INFO - Epoch: 167/300, Training Loss: 0.3852324435495055
2024-07-03 17:42:20 - INFO - Epoch: 167/300, Validation Loss: 0.42789336648143705, Accuracy: 68.82135805648554%
2024-07-03 17:42:22 - INFO - Epoch: 168/300, Training Loss: 0.3848610624814066
2024-07-03 17:42:23 - INFO - Epoch: 168/300, Validation Loss: 0.4144373278800256, Accuracy: 67.68821358056485%
2024-07-03 17:42:25 - INFO - Epoch: 169/300, Training Loss: 0.38466523653113466
2024-07-03 17:42:25 - INFO - Epoch: 169/300, Validation Loss: 0.4244856627586761, Accuracy: 67.46501845651987%
2024-07-03 17:42:27 - INFO - Epoch: 170/300, Training Loss: 0.38621163958957
2024-07-03 17:42:28 - INFO - Epoch: 170/300, Validation Loss: 0.4171681187517656, Accuracy: 67.64529144132544%
2024-07-03 17:42:30 - INFO - Epoch: 171/300, Training Loss: 0.38486437536316154
2024-07-03 17:42:30 - INFO - Epoch: 171/300, Validation Loss: 0.41437466532154815, Accuracy: 67.54227830715082%
2024-07-03 17:42:32 - INFO - Epoch: 172/300, Training Loss: 0.3821875634916198
2024-07-03 17:42:33 - INFO - Epoch: 172/300, Validation Loss: 0.4160574829317833, Accuracy: 67.46501845651987%
2024-07-03 17:42:35 - INFO - Epoch: 173/300, Training Loss: 0.38245410152260007
2024-07-03 17:42:35 - INFO - Epoch: 173/300, Validation Loss: 0.41654180861561674, Accuracy: 67.61953815778179%
2024-07-03 17:42:38 - INFO - Epoch: 174/300, Training Loss: 0.38788596118592106
2024-07-03 17:42:38 - INFO - Epoch: 174/300, Validation Loss: 0.42000296565352896, Accuracy: 67.61953815778179%
2024-07-03 17:42:40 - INFO - Epoch: 175/300, Training Loss: 0.3875888700306988
2024-07-03 17:42:40 - INFO - Epoch: 175/300, Validation Loss: 0.419750829863418, Accuracy: 67.65387586917332%
2024-07-03 17:42:43 - INFO - Epoch: 176/300, Training Loss: 0.38430281247131126
2024-07-03 17:42:43 - INFO - Epoch: 176/300, Validation Loss: 0.41727997810462786, Accuracy: 67.73113571980427%
2024-07-03 17:42:45 - INFO - Epoch: 177/300, Training Loss: 0.3830553418937534
2024-07-03 17:42:45 - INFO - Epoch: 177/300, Validation Loss: 0.42094126132016624, Accuracy: 69.22482616533608%
2024-07-03 17:42:47 - INFO - Epoch: 178/300, Training Loss: 0.38205779430715797
2024-07-03 17:42:48 - INFO - Epoch: 178/300, Validation Loss: 0.4177996623711508, Accuracy: 67.5594471628466%
2024-07-03 17:42:50 - INFO - Epoch: 179/300, Training Loss: 0.3843176071372379
2024-07-03 17:42:50 - INFO - Epoch: 179/300, Validation Loss: 0.4204792636014073, Accuracy: 68.23761696282942%
2024-07-03 17:42:52 - INFO - Epoch: 180/300, Training Loss: 0.3837698941899589
2024-07-03 17:42:52 - INFO - Epoch: 180/300, Validation Loss: 0.4177856201031169, Accuracy: 67.69679800841274%
2024-07-03 17:42:55 - INFO - Epoch: 181/300, Training Loss: 0.3841698622670847
2024-07-03 17:42:55 - INFO - Epoch: 181/300, Validation Loss: 0.4222754122780972, Accuracy: 68.06592840587174%
2024-07-03 17:42:57 - INFO - Epoch: 182/300, Training Loss: 0.38083114521003064
2024-07-03 17:42:57 - INFO - Epoch: 182/300, Validation Loss: 0.41570297958420926, Accuracy: 67.30191432741007%
2024-07-03 17:43:00 - INFO - Epoch: 183/300, Training Loss: 0.38255554813743453
2024-07-03 17:43:00 - INFO - Epoch: 183/300, Validation Loss: 0.416540134474228, Accuracy: 67.79122671473947%
2024-07-03 17:43:02 - INFO - Epoch: 184/300, Training Loss: 0.3830017866298495
2024-07-03 17:43:02 - INFO - Epoch: 184/300, Validation Loss: 0.42201077205235843, Accuracy: 67.2933298995622%
2024-07-03 17:43:04 - INFO - Epoch: 185/300, Training Loss: 0.3836444440529016
2024-07-03 17:43:05 - INFO - Epoch: 185/300, Validation Loss: 0.4163492934299948, Accuracy: 68.40072109193922%
2024-07-03 17:43:07 - INFO - Epoch: 186/300, Training Loss: 0.3815924583312088
2024-07-03 17:43:07 - INFO - Epoch: 186/300, Validation Loss: 0.425773915208754, Accuracy: 67.73113571980427%
2024-07-03 17:43:09 - INFO - Epoch: 187/300, Training Loss: 0.38267889342926165
2024-07-03 17:43:09 - INFO - Epoch: 187/300, Validation Loss: 0.4250960977025371, Accuracy: 67.30191432741007%
2024-07-03 17:43:11 - INFO - Epoch: 188/300, Training Loss: 0.3836203931494832
2024-07-03 17:43:12 - INFO - Epoch: 188/300, Validation Loss: 0.4260007559927435, Accuracy: 67.98008412739291%
2024-07-03 17:43:14 - INFO - Epoch: 189/300, Training Loss: 0.3817547365961742
2024-07-03 17:43:14 - INFO - Epoch: 189/300, Validation Loss: 0.4252309996247943, Accuracy: 67.69679800841274%
2024-07-03 17:43:16 - INFO - Epoch: 190/300, Training Loss: 0.3823146717456797
2024-07-03 17:43:17 - INFO - Epoch: 190/300, Validation Loss: 0.42582360398573954, Accuracy: 68.01442183878444%
2024-07-03 17:43:19 - INFO - Epoch: 191/300, Training Loss: 0.3812835317702941
2024-07-03 17:43:19 - INFO - Epoch: 191/300, Validation Loss: 0.41511580706294116, Accuracy: 67.83414885397889%
2024-07-03 17:43:21 - INFO - Epoch: 192/300, Training Loss: 0.3806038869670062
2024-07-03 17:43:21 - INFO - Epoch: 192/300, Validation Loss: 0.41764777866217606, Accuracy: 67.25040776032277%
2024-07-03 17:43:24 - INFO - Epoch: 193/300, Training Loss: 0.3800063081320748
2024-07-03 17:43:24 - INFO - Epoch: 193/300, Validation Loss: 0.4169866512707674, Accuracy: 67.37058975019315%
2024-07-03 17:43:26 - INFO - Epoch: 194/300, Training Loss: 0.3836149439031695
2024-07-03 17:43:26 - INFO - Epoch: 194/300, Validation Loss: 0.4155837608491137, Accuracy: 67.53369387930294%
2024-07-03 17:43:28 - INFO - Epoch: 195/300, Training Loss: 0.38160998779968636
2024-07-03 17:43:28 - INFO - Epoch: 195/300, Validation Loss: 0.41892119281278933, Accuracy: 67.43926517297622%
2024-07-03 17:43:31 - INFO - Epoch: 196/300, Training Loss: 0.3828592008115169
2024-07-03 17:43:31 - INFO - Epoch: 196/300, Validation Loss: 0.41457032782783926, Accuracy: 68.22903253498154%
2024-07-03 17:43:33 - INFO - Epoch: 197/300, Training Loss: 0.38173759310660865
2024-07-03 17:43:33 - INFO - Epoch: 197/300, Validation Loss: 0.4174911404242281, Accuracy: 68.76126706155034%
2024-07-03 17:43:36 - INFO - Epoch: 198/300, Training Loss: 0.3791488901864027
2024-07-03 17:43:36 - INFO - Epoch: 198/300, Validation Loss: 0.4239344025244478, Accuracy: 67.56803159069447%
2024-07-03 17:43:38 - INFO - Epoch: 199/300, Training Loss: 0.38091553075159856
2024-07-03 17:43:38 - INFO - Epoch: 199/300, Validation Loss: 0.42539988042878324, Accuracy: 67.45643402867199%
2024-07-03 17:43:41 - INFO - Epoch: 200/300, Training Loss: 0.3806399740023214
2024-07-03 17:43:41 - INFO - Epoch: 200/300, Validation Loss: 0.4171394862112452, Accuracy: 67.2418233324749%
2024-07-03 17:43:43 - INFO - Epoch: 201/300, Training Loss: 0.3820107086613999
2024-07-03 17:43:43 - INFO - Epoch: 201/300, Validation Loss: 0.41587747967308336, Accuracy: 67.59378487423814%
2024-07-03 17:43:45 - INFO - Epoch: 202/300, Training Loss: 0.37961198123803025
2024-07-03 17:43:45 - INFO - Epoch: 202/300, Validation Loss: 0.4184177881055842, Accuracy: 67.49935616791142%
2024-07-03 17:43:48 - INFO - Epoch: 203/300, Training Loss: 0.3810100025396452
2024-07-03 17:43:48 - INFO - Epoch: 203/300, Validation Loss: 0.4206043385742792, Accuracy: 67.48218731221564%
2024-07-03 17:43:50 - INFO - Epoch: 204/300, Training Loss: 0.3797351543182208
2024-07-03 17:43:50 - INFO - Epoch: 204/300, Validation Loss: 0.4134261582067104, Accuracy: 67.69679800841274%
2024-07-03 17:43:53 - INFO - Epoch: 205/300, Training Loss: 0.37981990241383
2024-07-03 17:43:53 - INFO - Epoch: 205/300, Validation Loss: 0.4152431965199976, Accuracy: 67.19890119323547%
2024-07-03 17:43:55 - INFO - Epoch: 206/300, Training Loss: 0.3810714515557178
2024-07-03 17:43:55 - INFO - Epoch: 206/300, Validation Loss: 0.4163371011859081, Accuracy: 67.16456348184394%
2024-07-03 17:43:58 - INFO - Epoch: 207/300, Training Loss: 0.3787602739324295
2024-07-03 17:43:58 - INFO - Epoch: 207/300, Validation Loss: 0.4198077980612145, Accuracy: 67.53369387930294%
2024-07-03 17:44:01 - INFO - Epoch: 208/300, Training Loss: 0.38943033735938526
2024-07-03 17:44:01 - INFO - Epoch: 208/300, Validation Loss: 0.42017106834005136, Accuracy: 67.76547343119582%
2024-07-03 17:44:05 - INFO - Epoch: 209/300, Training Loss: 0.37979986934586646
2024-07-03 17:44:06 - INFO - Epoch: 209/300, Validation Loss: 0.41995087282253746, Accuracy: 68.07451283371964%
2024-07-03 17:44:09 - INFO - Epoch: 210/300, Training Loss: 0.3787207971384496
2024-07-03 17:44:10 - INFO - Epoch: 210/300, Validation Loss: 0.4192550185599614, Accuracy: 67.2418233324749%
2024-07-03 17:44:14 - INFO - Epoch: 211/300, Training Loss: 0.37884521574313423
2024-07-03 17:44:14 - INFO - Epoch: 211/300, Validation Loss: 0.41779444142768946, Accuracy: 67.6624602970212%
2024-07-03 17:44:18 - INFO - Epoch: 212/300, Training Loss: 0.38021225706049444
2024-07-03 17:44:19 - INFO - Epoch: 212/300, Validation Loss: 0.4249477919007911, Accuracy: 67.11305691475663%
2024-07-03 17:44:23 - INFO - Epoch: 213/300, Training Loss: 0.3788585720484149
2024-07-03 17:44:23 - INFO - Epoch: 213/300, Validation Loss: 0.4171638281944671, Accuracy: 67.21607004893124%
2024-07-03 17:44:27 - INFO - Epoch: 214/300, Training Loss: 0.38200945567610495
2024-07-03 17:44:28 - INFO - Epoch: 214/300, Validation Loss: 0.416358653150621, Accuracy: 67.32766761095372%
2024-07-03 17:44:32 - INFO - Epoch: 215/300, Training Loss: 0.37960360308569974
2024-07-03 17:44:32 - INFO - Epoch: 215/300, Validation Loss: 0.41452108478285576, Accuracy: 67.00145935273414%
2024-07-03 17:44:36 - INFO - Epoch: 216/300, Training Loss: 0.3781185956117384
2024-07-03 17:44:37 - INFO - Epoch: 216/300, Validation Loss: 0.41696452182498783, Accuracy: 67.19890119323547%
2024-07-03 17:44:41 - INFO - Epoch: 217/300, Training Loss: 0.3810906584779585
2024-07-03 17:44:41 - INFO - Epoch: 217/300, Validation Loss: 0.4234192250856285, Accuracy: 67.0186282084299%
2024-07-03 17:44:46 - INFO - Epoch: 218/300, Training Loss: 0.38144425976260043
2024-07-03 17:44:46 - INFO - Epoch: 218/300, Validation Loss: 0.4267739440248312, Accuracy: 67.76547343119582%
2024-07-03 17:44:50 - INFO - Epoch: 219/300, Training Loss: 0.3804613396382299
2024-07-03 17:44:51 - INFO - Epoch: 219/300, Validation Loss: 0.42868723423103167, Accuracy: 68.95870890205168%
2024-07-03 17:44:55 - INFO - Epoch: 220/300, Training Loss: 0.37934840621812516
2024-07-03 17:44:55 - INFO - Epoch: 220/300, Validation Loss: 0.4204313714321845, Accuracy: 67.42209631728045%
2024-07-03 17:44:59 - INFO - Epoch: 221/300, Training Loss: 0.3791538780486142
2024-07-03 17:45:00 - INFO - Epoch: 221/300, Validation Loss: 0.42041387665467184, Accuracy: 67.51652502360717%
2024-07-03 17:45:03 - INFO - Epoch: 222/300, Training Loss: 0.379091731519202
2024-07-03 17:45:04 - INFO - Epoch: 222/300, Validation Loss: 0.4179338923568934, Accuracy: 67.25899218817065%
2024-07-03 17:45:08 - INFO - Epoch: 223/300, Training Loss: 0.37788265974188046
2024-07-03 17:45:08 - INFO - Epoch: 223/300, Validation Loss: 0.42803794438721704, Accuracy: 66.98429049703837%
2024-07-03 17:45:12 - INFO - Epoch: 224/300, Training Loss: 0.3783151300519255
2024-07-03 17:45:13 - INFO - Epoch: 224/300, Validation Loss: 0.418160642431082, Accuracy: 67.19890119323547%
2024-07-03 17:45:17 - INFO - Epoch: 225/300, Training Loss: 0.37808053859794416
2024-07-03 17:45:17 - INFO - Epoch: 225/300, Validation Loss: 0.4140545263316462, Accuracy: 67.68821358056485%
2024-07-03 17:45:21 - INFO - Epoch: 226/300, Training Loss: 0.37794647843095336
2024-07-03 17:45:22 - INFO - Epoch: 226/300, Validation Loss: 0.41552925858992695, Accuracy: 67.33625203880162%
2024-07-03 17:45:26 - INFO - Epoch: 227/300, Training Loss: 0.37859956116833315
2024-07-03 17:45:26 - INFO - Epoch: 227/300, Validation Loss: 0.417726417219704, Accuracy: 67.16456348184394%
2024-07-03 17:45:30 - INFO - Epoch: 228/300, Training Loss: 0.3775268165172373
2024-07-03 17:45:31 - INFO - Epoch: 228/300, Validation Loss: 0.4200413709129792, Accuracy: 67.43926517297622%
2024-07-03 17:45:35 - INFO - Epoch: 229/300, Training Loss: 0.37754139328689734
2024-07-03 17:45:35 - INFO - Epoch: 229/300, Validation Loss: 0.4158508629421067, Accuracy: 67.96291527169714%
2024-07-03 17:45:40 - INFO - Epoch: 230/300, Training Loss: 0.37782737821217915
2024-07-03 17:45:40 - INFO - Epoch: 230/300, Validation Loss: 0.4153386071080067, Accuracy: 67.4478496008241%
2024-07-03 17:45:44 - INFO - Epoch: 231/300, Training Loss: 0.3786009648209246
2024-07-03 17:45:45 - INFO - Epoch: 231/300, Validation Loss: 0.41526847198361255, Accuracy: 67.40492746158469%
2024-07-03 17:45:49 - INFO - Epoch: 232/300, Training Loss: 0.3796535109173614
2024-07-03 17:45:49 - INFO - Epoch: 232/300, Validation Loss: 0.42315582124913326, Accuracy: 67.28474547171432%
2024-07-03 17:45:54 - INFO - Epoch: 233/300, Training Loss: 0.37685380763641274
2024-07-03 17:45:54 - INFO - Epoch: 233/300, Validation Loss: 0.42514740541333057, Accuracy: 67.85990213752254%
2024-07-03 17:45:58 - INFO - Epoch: 234/300, Training Loss: 0.3767088484862214
2024-07-03 17:45:59 - INFO - Epoch: 234/300, Validation Loss: 0.4191442591245057, Accuracy: 67.3448364666495%
2024-07-03 17:46:03 - INFO - Epoch: 235/300, Training Loss: 0.37825984985086
2024-07-03 17:46:03 - INFO - Epoch: 235/300, Validation Loss: 0.42123536122301236, Accuracy: 68.67542278307151%
2024-07-03 17:46:08 - INFO - Epoch: 236/300, Training Loss: 0.3782046209964569
2024-07-03 17:46:08 - INFO - Epoch: 236/300, Validation Loss: 0.42019070627910843, Accuracy: 67.0787192033651%
2024-07-03 17:46:12 - INFO - Epoch: 237/300, Training Loss: 0.3770599226238633
2024-07-03 17:46:13 - INFO - Epoch: 237/300, Validation Loss: 0.4264531378211871, Accuracy: 67.69679800841274%
2024-07-03 17:46:16 - INFO - Epoch: 238/300, Training Loss: 0.3772254342364022
2024-07-03 17:46:17 - INFO - Epoch: 238/300, Validation Loss: 0.4136353552015753, Accuracy: 67.43068074512834%
2024-07-03 17:46:21 - INFO - Epoch: 239/300, Training Loss: 0.37701209876762987
2024-07-03 17:46:21 - INFO - Epoch: 239/300, Validation Loss: 0.4264304830076916, Accuracy: 68.63250064383209%
2024-07-03 17:46:25 - INFO - Epoch: 240/300, Training Loss: 0.3779473458257068
2024-07-03 17:46:26 - INFO - Epoch: 240/300, Validation Loss: 0.42934012641020813, Accuracy: 67.25040776032277%
2024-07-03 17:46:30 - INFO - Epoch: 241/300, Training Loss: 0.3768650842996618
2024-07-03 17:46:30 - INFO - Epoch: 241/300, Validation Loss: 0.4256823364177037, Accuracy: 67.84273328182677%
2024-07-03 17:46:34 - INFO - Epoch: 242/300, Training Loss: 0.37834585338463017
2024-07-03 17:46:35 - INFO - Epoch: 242/300, Validation Loss: 0.41923189765768626, Accuracy: 67.09588805906087%
2024-07-03 17:46:39 - INFO - Epoch: 243/300, Training Loss: 0.37790370653849736
2024-07-03 17:46:39 - INFO - Epoch: 243/300, Validation Loss: 0.43633458555721844, Accuracy: 67.43068074512834%
2024-07-03 17:46:43 - INFO - Epoch: 244/300, Training Loss: 0.37564586981906156
2024-07-03 17:46:44 - INFO - Epoch: 244/300, Validation Loss: 0.42739112015630376, Accuracy: 67.43068074512834%
2024-07-03 17:46:48 - INFO - Epoch: 245/300, Training Loss: 0.3755399283272085
2024-07-03 17:46:48 - INFO - Epoch: 245/300, Validation Loss: 0.42067217712845306, Accuracy: 68.34921452485192%
2024-07-03 17:46:52 - INFO - Epoch: 246/300, Training Loss: 0.3779102732901384
2024-07-03 17:46:53 - INFO - Epoch: 246/300, Validation Loss: 0.4183021331094002, Accuracy: 67.19031676538759%
2024-07-03 17:46:57 - INFO - Epoch: 247/300, Training Loss: 0.3762865873521248
2024-07-03 17:46:58 - INFO - Epoch: 247/300, Validation Loss: 0.41947107008897544, Accuracy: 66.93278392995107%
2024-07-03 17:47:01 - INFO - Epoch: 248/300, Training Loss: 0.3770368596326831
2024-07-03 17:47:02 - INFO - Epoch: 248/300, Validation Loss: 0.4125232932671823, Accuracy: 67.7740578590437%
2024-07-03 17:47:04 - INFO - Epoch: 249/300, Training Loss: 0.37683272273861007
2024-07-03 17:47:04 - INFO - Epoch: 249/300, Validation Loss: 0.42884698998732645, Accuracy: 67.45643402867199%
2024-07-03 17:47:06 - INFO - Epoch: 250/300, Training Loss: 0.3773454780523015
2024-07-03 17:47:07 - INFO - Epoch: 250/300, Validation Loss: 0.4184593530626245, Accuracy: 67.4478496008241%
2024-07-03 17:47:09 - INFO - Epoch: 251/300, Training Loss: 0.377138675567381
2024-07-03 17:47:09 - INFO - Epoch: 251/300, Validation Loss: 0.42824351608427497, Accuracy: 67.37058975019315%
2024-07-03 17:47:11 - INFO - Epoch: 252/300, Training Loss: 0.3759988223206359
2024-07-03 17:47:11 - INFO - Epoch: 252/300, Validation Loss: 0.4232467134467891, Accuracy: 66.74392651729762%
2024-07-03 17:47:13 - INFO - Epoch: 253/300, Training Loss: 0.37735620472166276
2024-07-03 17:47:14 - INFO - Epoch: 253/300, Validation Loss: 0.42211144104029963, Accuracy: 66.9757060691905%
2024-07-03 17:47:16 - INFO - Epoch: 254/300, Training Loss: 0.3744733459910248
2024-07-03 17:47:16 - INFO - Epoch: 254/300, Validation Loss: 0.4231647694371437, Accuracy: 66.79543308438492%
2024-07-03 17:47:18 - INFO - Epoch: 255/300, Training Loss: 0.37514080493538465
2024-07-03 17:47:18 - INFO - Epoch: 255/300, Validation Loss: 0.4257761956564064, Accuracy: 66.82118636792858%
2024-07-03 17:47:20 - INFO - Epoch: 256/300, Training Loss: 0.37608871154170304
2024-07-03 17:47:21 - INFO - Epoch: 256/300, Validation Loss: 0.4202540078775479, Accuracy: 67.06155034766932%
2024-07-03 17:47:23 - INFO - Epoch: 257/300, Training Loss: 0.37495963843679886
2024-07-03 17:47:23 - INFO - Epoch: 257/300, Validation Loss: 0.42687105269379955, Accuracy: 67.6109537299339%
2024-07-03 17:47:25 - INFO - Epoch: 258/300, Training Loss: 0.3769837827798597
2024-07-03 17:47:25 - INFO - Epoch: 258/300, Validation Loss: 0.4185734645265048, Accuracy: 67.31908318310585%
2024-07-03 17:47:27 - INFO - Epoch: 259/300, Training Loss: 0.38008198924924774
2024-07-03 17:47:28 - INFO - Epoch: 259/300, Validation Loss: 0.42087734282993877, Accuracy: 67.37058975019315%
2024-07-03 17:47:30 - INFO - Epoch: 260/300, Training Loss: 0.37805574425126953
2024-07-03 17:47:30 - INFO - Epoch: 260/300, Validation Loss: 0.41863256318321646, Accuracy: 66.88127736286377%
2024-07-03 17:47:32 - INFO - Epoch: 261/300, Training Loss: 0.37774570253569073
2024-07-03 17:47:32 - INFO - Epoch: 261/300, Validation Loss: 0.4402306374630641, Accuracy: 67.19031676538759%
2024-07-03 17:47:34 - INFO - Epoch: 262/300, Training Loss: 0.37516433865199855
2024-07-03 17:47:35 - INFO - Epoch: 262/300, Validation Loss: 0.4204800840609712, Accuracy: 66.82118636792858%
2024-07-03 17:47:37 - INFO - Epoch: 263/300, Training Loss: 0.37604813212311644
2024-07-03 17:47:37 - INFO - Epoch: 263/300, Validation Loss: 0.4173864150633577, Accuracy: 67.00145935273414%
2024-07-03 17:47:39 - INFO - Epoch: 264/300, Training Loss: 0.3767203396117246
2024-07-03 17:47:39 - INFO - Epoch: 264/300, Validation Loss: 0.4191661239321766, Accuracy: 67.00145935273414%
2024-07-03 17:47:42 - INFO - Epoch: 265/300, Training Loss: 0.3742976159429681
2024-07-03 17:47:42 - INFO - Epoch: 265/300, Validation Loss: 0.4194167954999892, Accuracy: 66.76967980084127%
2024-07-03 17:47:44 - INFO - Epoch: 266/300, Training Loss: 0.3758870028010448
2024-07-03 17:47:44 - INFO - Epoch: 266/300, Validation Loss: 0.42599846414529563, Accuracy: 67.79981114258734%
2024-07-03 17:47:46 - INFO - Epoch: 267/300, Training Loss: 0.37868111822830797
2024-07-03 17:47:47 - INFO - Epoch: 267/300, Validation Loss: 0.420965992036413, Accuracy: 66.52073139325265%
2024-07-03 17:47:49 - INFO - Epoch: 268/300, Training Loss: 0.37481571249510526
2024-07-03 17:47:49 - INFO - Epoch: 268/300, Validation Loss: 0.4228150893430241, Accuracy: 66.88986179071165%
2024-07-03 17:47:51 - INFO - Epoch: 269/300, Training Loss: 0.3789326026320294
2024-07-03 17:47:52 - INFO - Epoch: 269/300, Validation Loss: 0.42278276864296754, Accuracy: 66.7525109451455%
2024-07-03 17:47:54 - INFO - Epoch: 270/300, Training Loss: 0.376911113925268
2024-07-03 17:47:54 - INFO - Epoch: 270/300, Validation Loss: 0.4202226846595931, Accuracy: 67.17314790969182%
2024-07-03 17:47:56 - INFO - Epoch: 271/300, Training Loss: 0.37543999163538666
2024-07-03 17:47:56 - INFO - Epoch: 271/300, Validation Loss: 0.4175626887975495, Accuracy: 66.64091338312302%
2024-07-03 17:47:58 - INFO - Epoch: 272/300, Training Loss: 0.375732995273318
2024-07-03 17:47:58 - INFO - Epoch: 272/300, Validation Loss: 0.4198193059918659, Accuracy: 66.83835522362435%
2024-07-03 17:48:01 - INFO - Epoch: 273/300, Training Loss: 0.3759774348822477
2024-07-03 17:48:01 - INFO - Epoch: 273/300, Validation Loss: 0.4305261419119079, Accuracy: 66.68383552236243%
2024-07-03 17:48:03 - INFO - Epoch: 274/300, Training Loss: 0.37651834932292605
2024-07-03 17:48:03 - INFO - Epoch: 274/300, Validation Loss: 0.4210784124220655, Accuracy: 66.864108507168%
2024-07-03 17:48:06 - INFO - Epoch: 275/300, Training Loss: 0.3750269907042486
2024-07-03 17:48:06 - INFO - Epoch: 275/300, Validation Loss: 0.41434950646155516, Accuracy: 66.95853721349472%
2024-07-03 17:48:08 - INFO - Epoch: 276/300, Training Loss: 0.3793773297092715
2024-07-03 17:48:08 - INFO - Epoch: 276/300, Validation Loss: 0.42301888934901505, Accuracy: 67.85131770967465%
2024-07-03 17:48:10 - INFO - Epoch: 277/300, Training Loss: 0.3751305343764636
2024-07-03 17:48:10 - INFO - Epoch: 277/300, Validation Loss: 0.41372572463718266, Accuracy: 66.69241995021032%
2024-07-03 17:48:12 - INFO - Epoch: 278/300, Training Loss: 0.3742867233985409
2024-07-03 17:48:13 - INFO - Epoch: 278/300, Validation Loss: 0.4165634677384069, Accuracy: 67.33625203880162%
2024-07-03 17:48:15 - INFO - Epoch: 279/300, Training Loss: 0.38043637968221644
2024-07-03 17:48:15 - INFO - Epoch: 279/300, Validation Loss: 0.420459167227719, Accuracy: 66.8126019400807%
2024-07-03 17:48:17 - INFO - Epoch: 280/300, Training Loss: 0.3762673423695793
2024-07-03 17:48:17 - INFO - Epoch: 280/300, Validation Loss: 0.4259628510214592, Accuracy: 66.72675766160185%
2024-07-03 17:48:19 - INFO - Epoch: 281/300, Training Loss: 0.3748017956690533
2024-07-03 17:48:20 - INFO - Epoch: 281/300, Validation Loss: 0.4233694060252664, Accuracy: 67.25899218817065%
2024-07-03 17:48:22 - INFO - Epoch: 282/300, Training Loss: 0.37460860616140407
2024-07-03 17:48:22 - INFO - Epoch: 282/300, Validation Loss: 0.4187714276743717, Accuracy: 67.56803159069447%
2024-07-03 17:48:24 - INFO - Epoch: 283/300, Training Loss: 0.37463074836711335
2024-07-03 17:48:25 - INFO - Epoch: 283/300, Validation Loss: 0.4158042649753758, Accuracy: 67.25899218817065%
2024-07-03 17:48:27 - INFO - Epoch: 284/300, Training Loss: 0.37634834876112816
2024-07-03 17:48:27 - INFO - Epoch: 284/300, Validation Loss: 0.4220912029834393, Accuracy: 67.04438149197355%
2024-07-03 17:48:29 - INFO - Epoch: 285/300, Training Loss: 0.3754044987864292
2024-07-03 17:48:29 - INFO - Epoch: 285/300, Validation Loss: 0.41871657886140334, Accuracy: 66.9671216413426%
2024-07-03 17:48:32 - INFO - Epoch: 286/300, Training Loss: 0.3751946999212351
2024-07-03 17:48:32 - INFO - Epoch: 286/300, Validation Loss: 0.41722144943768863, Accuracy: 66.76967980084127%
2024-07-03 17:48:34 - INFO - Epoch: 287/300, Training Loss: 0.37330085701412624
2024-07-03 17:48:34 - INFO - Epoch: 287/300, Validation Loss: 0.43642948217730704, Accuracy: 67.03579706412567%
2024-07-03 17:48:36 - INFO - Epoch: 288/300, Training Loss: 0.37528674588608973
2024-07-03 17:48:36 - INFO - Epoch: 288/300, Validation Loss: 0.4227353845789133, Accuracy: 66.69241995021032%
2024-07-03 17:48:38 - INFO - Epoch: 289/300, Training Loss: 0.3747537649544505
2024-07-03 17:48:39 - INFO - Epoch: 289/300, Validation Loss: 0.42129211673319666, Accuracy: 67.07013477551722%
2024-07-03 17:48:41 - INFO - Epoch: 290/300, Training Loss: 0.3753146948046926
2024-07-03 17:48:41 - INFO - Epoch: 290/300, Validation Loss: 0.42410512260400535, Accuracy: 67.38775860588892%
2024-07-03 17:48:43 - INFO - Epoch: 291/300, Training Loss: 0.37351745226010374
2024-07-03 17:48:44 - INFO - Epoch: 291/300, Validation Loss: 0.42123636587069985, Accuracy: 67.37058975019315%
2024-07-03 17:48:46 - INFO - Epoch: 292/300, Training Loss: 0.3753856996531676
2024-07-03 17:48:46 - INFO - Epoch: 292/300, Validation Loss: 0.41729162218140775, Accuracy: 68.43505880333076%
2024-07-03 17:48:48 - INFO - Epoch: 293/300, Training Loss: 0.37574436573825254
2024-07-03 17:48:48 - INFO - Epoch: 293/300, Validation Loss: 0.4294056188864786, Accuracy: 66.88127736286377%
2024-07-03 17:48:50 - INFO - Epoch: 294/300, Training Loss: 0.3743516985935112
2024-07-03 17:48:51 - INFO - Epoch: 294/300, Validation Loss: 0.4217899202323351, Accuracy: 66.84693965147223%
2024-07-03 17:48:53 - INFO - Epoch: 295/300, Training Loss: 0.375381476431063
2024-07-03 17:48:53 - INFO - Epoch: 295/300, Validation Loss: 0.4208596386218983, Accuracy: 66.58082238818783%
2024-07-03 17:48:55 - INFO - Epoch: 296/300, Training Loss: 0.3749071757611914
2024-07-03 17:48:55 - INFO - Epoch: 296/300, Validation Loss: 0.428277116655652, Accuracy: 67.26757661601854%
2024-07-03 17:48:57 - INFO - Epoch: 297/300, Training Loss: 0.3743914121912667
2024-07-03 17:48:58 - INFO - Epoch: 297/300, Validation Loss: 0.4230352485440468, Accuracy: 67.16456348184394%
2024-07-03 17:49:00 - INFO - Epoch: 298/300, Training Loss: 0.3781611079500863
2024-07-03 17:49:00 - INFO - Epoch: 298/300, Validation Loss: 0.4154411775818288, Accuracy: 67.2933298995622%
2024-07-03 17:49:02 - INFO - Epoch: 299/300, Training Loss: 0.37518132127443293
2024-07-03 17:49:02 - INFO - Epoch: 299/300, Validation Loss: 0.4177654164084971, Accuracy: 66.6494978109709%
2024-07-03 17:49:04 - INFO - Epoch: 300/300, Training Loss: 0.3748109352523244
2024-07-03 17:49:05 - INFO - Epoch: 300/300, Validation Loss: 0.41818635238975777, Accuracy: 66.67525109451455%
2024-07-03 17:49:05 - INFO - Finished training model.
2024-07-03 17:49:05 - INFO - Model saved to lstm_classifier_dc2.pth and vocabulary saved to vocab_dc2.pkl
