2024-07-10 23:50:09 - INFO - This log entry will go into a uniquely named file for this run.
2024-07-10 23:50:11 - INFO - without hidden
2024-07-10 23:50:11 - INFO - Params:
2024-07-10 23:50:11 - INFO - embedding_dim=32
2024-07-10 23:50:11 - INFO - hidden_dim:32
2024-07-10 23:50:11 - INFO - num_layers:2
2024-07-10 23:50:11 - INFO - epochs:300
2024-07-10 23:50:11 - INFO - batch_size:64
2024-07-10 23:50:11 - INFO - lr:0.001
2024-07-10 23:50:14 - INFO - Starting LSTM model training...
2024-07-10 23:50:33 - INFO - Epoch: 1/300, Training Loss: 0.5142439441523176
2024-07-10 23:50:35 - INFO - Epoch: 1/300, Validation Loss: 0.4825335687002973, Accuracy: 74.70155676970286%
2024-07-10 23:50:35 - INFO - Model saved with validation accuracy: 74.70155676970286%
2024-07-10 23:50:55 - INFO - Epoch: 2/300, Training Loss: 0.47953454806426027
2024-07-10 23:50:57 - INFO - Epoch: 2/300, Validation Loss: 0.4805014759819355, Accuracy: 74.85873063393458%
2024-07-10 23:50:57 - INFO - Model saved with validation accuracy: 74.85873063393458%
2024-07-10 23:51:17 - INFO - Epoch: 3/300, Training Loss: 0.4798689195896012
2024-07-10 23:51:19 - INFO - Epoch: 3/300, Validation Loss: 0.47773056953057497, Accuracy: 75.0215178504603%
2024-07-10 23:51:19 - INFO - Model saved with validation accuracy: 75.0215178504603%
2024-07-10 23:51:38 - INFO - Epoch: 4/300, Training Loss: 0.4758511948658667
2024-07-10 23:51:40 - INFO - Epoch: 4/300, Validation Loss: 0.4733818857916667, Accuracy: 75.33025222662974%
2024-07-10 23:51:40 - INFO - Model saved with validation accuracy: 75.33025222662974%
2024-07-10 23:52:05 - INFO - Epoch: 5/300, Training Loss: 0.4628718572317028
2024-07-10 23:52:08 - INFO - Epoch: 5/300, Validation Loss: 0.46153533365967603, Accuracy: 76.309782201931%
2024-07-10 23:52:08 - INFO - Model saved with validation accuracy: 76.309782201931%
2024-07-10 23:52:32 - INFO - Epoch: 6/300, Training Loss: 0.45323020887578286
2024-07-10 23:52:35 - INFO - Epoch: 6/300, Validation Loss: 0.4523416595819965, Accuracy: 77.03577576528703%
2024-07-10 23:52:35 - INFO - Model saved with validation accuracy: 77.03577576528703%
2024-07-10 23:52:59 - INFO - Epoch: 7/300, Training Loss: 0.44916050295561416
2024-07-10 23:53:02 - INFO - Epoch: 7/300, Validation Loss: 0.44807503264083043, Accuracy: 77.08629593593294%
2024-07-10 23:53:02 - INFO - Model saved with validation accuracy: 77.08629593593294%
2024-07-10 23:53:26 - INFO - Epoch: 8/300, Training Loss: 0.447990152725576
2024-07-10 23:53:29 - INFO - Epoch: 8/300, Validation Loss: 0.4476326435786532, Accuracy: 77.04232467629669%
2024-07-10 23:53:53 - INFO - Epoch: 9/300, Training Loss: 0.4431279138602677
2024-07-10 23:53:56 - INFO - Epoch: 9/300, Validation Loss: 0.4427670180119846, Accuracy: 77.08816705336427%
2024-07-10 23:53:56 - INFO - Model saved with validation accuracy: 77.08816705336427%
2024-07-10 23:54:20 - INFO - Epoch: 10/300, Training Loss: 0.43921907013484307
2024-07-10 23:54:23 - INFO - Epoch: 10/300, Validation Loss: 0.43938266519370156, Accuracy: 77.11529825611855%
2024-07-10 23:54:23 - INFO - Model saved with validation accuracy: 77.11529825611855%
2024-07-10 23:54:47 - INFO - Epoch: 11/300, Training Loss: 0.4348361161347189
2024-07-10 23:54:50 - INFO - Epoch: 11/300, Validation Loss: 0.43489939766255487, Accuracy: 77.1087493451089%
2024-07-10 23:55:15 - INFO - Epoch: 12/300, Training Loss: 0.43096005549475097
2024-07-10 23:55:17 - INFO - Epoch: 12/300, Validation Loss: 0.43087020104406554, Accuracy: 77.07787590749196%
2024-07-10 23:55:42 - INFO - Epoch: 13/300, Training Loss: 0.4263490343090304
2024-07-10 23:55:45 - INFO - Epoch: 13/300, Validation Loss: 0.42675056932287825, Accuracy: 77.1087493451089%
2024-07-10 23:56:09 - INFO - Epoch: 14/300, Training Loss: 0.4218694679645378
2024-07-10 23:56:12 - INFO - Epoch: 14/300, Validation Loss: 0.4211847069804216, Accuracy: 77.13120275428486%
2024-07-10 23:56:12 - INFO - Model saved with validation accuracy: 77.13120275428486%
2024-07-10 23:56:36 - INFO - Epoch: 15/300, Training Loss: 0.4180982719525269
2024-07-10 23:56:38 - INFO - Epoch: 15/300, Validation Loss: 0.4200816498339212, Accuracy: 77.08910261207994%
2024-07-10 23:57:03 - INFO - Epoch: 16/300, Training Loss: 0.4146501658192439
2024-07-10 23:57:05 - INFO - Epoch: 16/300, Validation Loss: 0.41913338636010794, Accuracy: 77.13026719556919%
2024-07-10 23:57:29 - INFO - Epoch: 17/300, Training Loss: 0.41172101361686253
2024-07-10 23:57:32 - INFO - Epoch: 17/300, Validation Loss: 0.4119886139208225, Accuracy: 77.08161814235461%
2024-07-10 23:57:56 - INFO - Epoch: 18/300, Training Loss: 0.4088041118105413
2024-07-10 23:57:59 - INFO - Epoch: 18/300, Validation Loss: 0.4100176820777834, Accuracy: 77.0900381707956%
2024-07-10 23:58:23 - INFO - Epoch: 19/300, Training Loss: 0.4060506061323923
2024-07-10 23:58:26 - INFO - Epoch: 19/300, Validation Loss: 0.4082388914608798, Accuracy: 77.11342713868723%
2024-07-10 23:58:50 - INFO - Epoch: 20/300, Training Loss: 0.40373892351915835
2024-07-10 23:58:53 - INFO - Epoch: 20/300, Validation Loss: 0.40566101351018297, Accuracy: 77.11716937354988%
2024-07-10 23:59:17 - INFO - Epoch: 21/300, Training Loss: 0.4019837774500271
2024-07-10 23:59:20 - INFO - Epoch: 21/300, Validation Loss: 0.4035442758826422, Accuracy: 77.11810493226555%
2024-07-10 23:59:44 - INFO - Epoch: 22/300, Training Loss: 0.3999029070879417
2024-07-10 23:59:47 - INFO - Epoch: 22/300, Validation Loss: 0.4007204679369855, Accuracy: 77.13400943043186%
2024-07-10 23:59:47 - INFO - Model saved with validation accuracy: 77.13400943043186%
2024-07-11 00:00:11 - INFO - Epoch: 23/300, Training Loss: 0.39814029679275564
2024-07-11 00:00:14 - INFO - Epoch: 23/300, Validation Loss: 0.3986291268462553, Accuracy: 77.1676895441958%
2024-07-11 00:00:14 - INFO - Model saved with validation accuracy: 77.1676895441958%
2024-07-11 00:00:38 - INFO - Epoch: 24/300, Training Loss: 0.39630930308827456
2024-07-11 00:00:41 - INFO - Epoch: 24/300, Validation Loss: 0.404988950844085, Accuracy: 76.91976648454457%
2024-07-11 00:01:05 - INFO - Epoch: 25/300, Training Loss: 0.395131545408706
2024-07-11 00:01:08 - INFO - Epoch: 25/300, Validation Loss: 0.3999462308800199, Accuracy: 77.1966918643814%
2024-07-11 00:01:08 - INFO - Model saved with validation accuracy: 77.1966918643814%
2024-07-11 00:01:33 - INFO - Epoch: 26/300, Training Loss: 0.3946590958562659
2024-07-11 00:01:35 - INFO - Epoch: 26/300, Validation Loss: 0.3955760467273614, Accuracy: 77.20978968640073%
2024-07-11 00:01:35 - INFO - Model saved with validation accuracy: 77.20978968640073%
2024-07-11 00:02:00 - INFO - Epoch: 27/300, Training Loss: 0.39306167291320915
2024-07-11 00:02:02 - INFO - Epoch: 27/300, Validation Loss: 0.39449467167998414, Accuracy: 77.06010029189432%
2024-07-11 00:02:27 - INFO - Epoch: 28/300, Training Loss: 0.3914411681985948
2024-07-11 00:02:29 - INFO - Epoch: 28/300, Validation Loss: 0.3933306248743758, Accuracy: 77.19762742309707%
2024-07-11 00:02:54 - INFO - Epoch: 29/300, Training Loss: 0.39056164647643926
2024-07-11 00:02:56 - INFO - Epoch: 29/300, Validation Loss: 0.39259164986818723, Accuracy: 77.06945587905096%
2024-07-11 00:03:21 - INFO - Epoch: 30/300, Training Loss: 0.3891322139476056
2024-07-11 00:03:23 - INFO - Epoch: 30/300, Validation Loss: 0.3920101717533572, Accuracy: 77.24814759374298%
2024-07-11 00:03:23 - INFO - Model saved with validation accuracy: 77.24814759374298%
2024-07-11 00:03:48 - INFO - Epoch: 31/300, Training Loss: 0.38846839653028914
2024-07-11 00:03:50 - INFO - Epoch: 31/300, Validation Loss: 0.39406934184346065, Accuracy: 77.22756530199835%
2024-07-11 00:04:15 - INFO - Epoch: 32/300, Training Loss: 0.3877408607351157
2024-07-11 00:04:18 - INFO - Epoch: 32/300, Validation Loss: 0.3905546639687568, Accuracy: 77.0367113240027%
2024-07-11 00:04:42 - INFO - Epoch: 33/300, Training Loss: 0.38695270989785524
2024-07-11 00:04:45 - INFO - Epoch: 33/300, Validation Loss: 0.3940287700925025, Accuracy: 77.24440535888033%
2024-07-11 00:05:09 - INFO - Epoch: 34/300, Training Loss: 0.38605059926211166
2024-07-11 00:05:12 - INFO - Epoch: 34/300, Validation Loss: 0.39088467205804955, Accuracy: 77.07881146620763%
2024-07-11 00:05:36 - INFO - Epoch: 35/300, Training Loss: 0.3851945113009847
2024-07-11 00:05:39 - INFO - Epoch: 35/300, Validation Loss: 0.389967571576151, Accuracy: 77.08068258363895%
2024-07-11 00:06:03 - INFO - Epoch: 36/300, Training Loss: 0.38473522462828436
2024-07-11 00:06:06 - INFO - Epoch: 36/300, Validation Loss: 0.38618393546446295, Accuracy: 77.25376094603698%
2024-07-11 00:06:06 - INFO - Model saved with validation accuracy: 77.25376094603698%
2024-07-11 00:06:30 - INFO - Epoch: 37/300, Training Loss: 0.3839031442087615
2024-07-11 00:06:33 - INFO - Epoch: 37/300, Validation Loss: 0.3883687169126662, Accuracy: 77.12184716712821%
2024-07-11 00:06:57 - INFO - Epoch: 38/300, Training Loss: 0.3831751039665699
2024-07-11 00:07:00 - INFO - Epoch: 38/300, Validation Loss: 0.3883956983676576, Accuracy: 77.33234787815283%
2024-07-11 00:07:00 - INFO - Model saved with validation accuracy: 77.33234787815283%
2024-07-11 00:07:24 - INFO - Epoch: 39/300, Training Loss: 0.38288827302694645
2024-07-11 00:07:27 - INFO - Epoch: 39/300, Validation Loss: 0.38702188245840663, Accuracy: 77.35012349375047%
2024-07-11 00:07:27 - INFO - Model saved with validation accuracy: 77.35012349375047%
2024-07-11 00:07:51 - INFO - Epoch: 40/300, Training Loss: 0.3814292099684267
2024-07-11 00:07:54 - INFO - Epoch: 40/300, Validation Loss: 0.3844659370551346, Accuracy: 77.10500711024623%
2024-07-11 00:08:19 - INFO - Epoch: 41/300, Training Loss: 0.38136588628064405
2024-07-11 00:08:21 - INFO - Epoch: 41/300, Validation Loss: 0.38704581471312766, Accuracy: 77.4025147818277%
2024-07-11 00:08:21 - INFO - Model saved with validation accuracy: 77.4025147818277%
2024-07-11 00:08:45 - INFO - Epoch: 42/300, Training Loss: 0.3803532382601875
2024-07-11 00:08:48 - INFO - Epoch: 42/300, Validation Loss: 0.38090856968108083, Accuracy: 77.45490606990495%
2024-07-11 00:08:48 - INFO - Model saved with validation accuracy: 77.45490606990495%
2024-07-11 00:09:13 - INFO - Epoch: 43/300, Training Loss: 0.3793889238165803
2024-07-11 00:09:15 - INFO - Epoch: 43/300, Validation Loss: 0.3820845267413834, Accuracy: 77.51945962128583%
2024-07-11 00:09:15 - INFO - Model saved with validation accuracy: 77.51945962128583%
2024-07-11 00:09:40 - INFO - Epoch: 44/300, Training Loss: 0.37921681191647877
2024-07-11 00:09:42 - INFO - Epoch: 44/300, Validation Loss: 0.38395109076224565, Accuracy: 77.51665294513883%
2024-07-11 00:10:07 - INFO - Epoch: 45/300, Training Loss: 0.3782158883977411
2024-07-11 00:10:09 - INFO - Epoch: 45/300, Validation Loss: 0.3813792920305228, Accuracy: 77.50261956440386%
2024-07-11 00:10:34 - INFO - Epoch: 46/300, Training Loss: 0.3779944581349191
2024-07-11 00:10:36 - INFO - Epoch: 46/300, Validation Loss: 0.3802030955261274, Accuracy: 77.40625701669036%
2024-07-11 00:11:01 - INFO - Epoch: 47/300, Training Loss: 0.37785722714995323
2024-07-11 00:11:03 - INFO - Epoch: 47/300, Validation Loss: 0.3793234452471485, Accuracy: 77.4642616570616%
2024-07-11 00:11:28 - INFO - Epoch: 48/300, Training Loss: 0.376815078657663
2024-07-11 00:11:30 - INFO - Epoch: 48/300, Validation Loss: 0.37878509234126495, Accuracy: 77.56717311578474%
2024-07-11 00:11:30 - INFO - Model saved with validation accuracy: 77.56717311578474%
2024-07-11 00:11:55 - INFO - Epoch: 49/300, Training Loss: 0.37677110587073165
2024-07-11 00:11:57 - INFO - Epoch: 49/300, Validation Loss: 0.37768474087466886, Accuracy: 77.56530199835342%
2024-07-11 00:12:22 - INFO - Epoch: 50/300, Training Loss: 0.3763947782179603
2024-07-11 00:12:24 - INFO - Epoch: 50/300, Validation Loss: 0.3812615226247509, Accuracy: 77.59430431853903%
2024-07-11 00:12:24 - INFO - Model saved with validation accuracy: 77.59430431853903%
2024-07-11 00:12:48 - INFO - Epoch: 51/300, Training Loss: 0.3751264133173769
2024-07-11 00:12:51 - INFO - Epoch: 51/300, Validation Loss: 0.37811683192358697, Accuracy: 77.51291071027617%
2024-07-11 00:13:15 - INFO - Epoch: 52/300, Training Loss: 0.37496961714344956
2024-07-11 00:13:18 - INFO - Epoch: 52/300, Validation Loss: 0.3807460699143487, Accuracy: 77.61301549285233%
2024-07-11 00:13:18 - INFO - Model saved with validation accuracy: 77.61301549285233%
2024-07-11 00:13:42 - INFO - Epoch: 53/300, Training Loss: 0.3755018355857646
2024-07-11 00:13:45 - INFO - Epoch: 53/300, Validation Loss: 0.3788748191706368, Accuracy: 77.52600853229549%
2024-07-11 00:14:09 - INFO - Epoch: 54/300, Training Loss: 0.37500414747648336
2024-07-11 00:14:12 - INFO - Epoch: 54/300, Validation Loss: 0.38020246135731933, Accuracy: 77.56810867450041%
2024-07-11 00:14:36 - INFO - Epoch: 55/300, Training Loss: 0.3740905559253878
2024-07-11 00:14:39 - INFO - Epoch: 55/300, Validation Loss: 0.3781289251566932, Accuracy: 77.61488661028366%
2024-07-11 00:14:39 - INFO - Model saved with validation accuracy: 77.61488661028366%
2024-07-11 00:15:03 - INFO - Epoch: 56/300, Training Loss: 0.37349712390097434
2024-07-11 00:15:05 - INFO - Epoch: 56/300, Validation Loss: 0.378227637787553, Accuracy: 77.55968864605943%
2024-07-11 00:15:30 - INFO - Epoch: 57/300, Training Loss: 0.3733931731551444
2024-07-11 00:15:32 - INFO - Epoch: 57/300, Validation Loss: 0.37546679907256014, Accuracy: 77.46800389192425%
2024-07-11 00:15:57 - INFO - Epoch: 58/300, Training Loss: 0.37330573547869594
2024-07-11 00:15:59 - INFO - Epoch: 58/300, Validation Loss: 0.3757034855232062, Accuracy: 77.46987500935559%
2024-07-11 00:16:23 - INFO - Epoch: 59/300, Training Loss: 0.3725089080461109
2024-07-11 00:16:26 - INFO - Epoch: 59/300, Validation Loss: 0.37796921873791783, Accuracy: 77.57559314422573%
2024-07-11 00:16:50 - INFO - Epoch: 60/300, Training Loss: 0.3737568378229909
2024-07-11 00:16:53 - INFO - Epoch: 60/300, Validation Loss: 0.38101305888841996, Accuracy: 77.57278646807873%
2024-07-11 00:17:17 - INFO - Epoch: 61/300, Training Loss: 0.3728490702015004
2024-07-11 00:17:20 - INFO - Epoch: 61/300, Validation Loss: 0.3755407669207495, Accuracy: 77.38286804879874%
2024-07-11 00:17:44 - INFO - Epoch: 62/300, Training Loss: 0.37248273727119796
2024-07-11 00:17:47 - INFO - Epoch: 62/300, Validation Loss: 0.37942426442600596, Accuracy: 77.58775540752937%
2024-07-11 00:18:11 - INFO - Epoch: 63/300, Training Loss: 0.3724582306823229
2024-07-11 00:18:14 - INFO - Epoch: 63/300, Validation Loss: 0.3746509205199943, Accuracy: 77.429645984582%
2024-07-11 00:18:38 - INFO - Epoch: 64/300, Training Loss: 0.3714461610570958
2024-07-11 00:18:41 - INFO - Epoch: 64/300, Validation Loss: 0.37475829223256707, Accuracy: 77.5522041763341%
2024-07-11 00:19:05 - INFO - Epoch: 65/300, Training Loss: 0.37188726483597906
2024-07-11 00:19:08 - INFO - Epoch: 65/300, Validation Loss: 0.37513009410179854, Accuracy: 77.22195194970436%
2024-07-11 00:19:32 - INFO - Epoch: 66/300, Training Loss: 0.37110888628550337
2024-07-11 00:19:35 - INFO - Epoch: 66/300, Validation Loss: 0.37409141796174555, Accuracy: 77.51571738642318%
2024-07-11 00:19:59 - INFO - Epoch: 67/300, Training Loss: 0.3709874339195412
2024-07-11 00:20:01 - INFO - Epoch: 67/300, Validation Loss: 0.37229863091866316, Accuracy: 77.33141231943716%
2024-07-11 00:20:26 - INFO - Epoch: 68/300, Training Loss: 0.37098085424613136
2024-07-11 00:20:28 - INFO - Epoch: 68/300, Validation Loss: 0.37489667725662923, Accuracy: 77.54004191303046%
2024-07-11 00:20:53 - INFO - Epoch: 69/300, Training Loss: 0.3710251089217259
2024-07-11 00:20:55 - INFO - Epoch: 69/300, Validation Loss: 0.37457416063472226, Accuracy: 77.35947908090712%
2024-07-11 00:21:20 - INFO - Epoch: 70/300, Training Loss: 0.37050641775621906
2024-07-11 00:21:22 - INFO - Epoch: 70/300, Validation Loss: 0.37437846924929047, Accuracy: 77.58214205523538%
2024-07-11 00:21:47 - INFO - Epoch: 71/300, Training Loss: 0.3699777940355934
2024-07-11 00:21:49 - INFO - Epoch: 71/300, Validation Loss: 0.37674489111724835, Accuracy: 77.58775540752937%
2024-07-11 00:22:14 - INFO - Epoch: 72/300, Training Loss: 0.3701959248766573
2024-07-11 00:22:16 - INFO - Epoch: 72/300, Validation Loss: 0.3736509137671555, Accuracy: 77.57278646807873%
2024-07-11 00:22:41 - INFO - Epoch: 73/300, Training Loss: 0.36962176279926384
2024-07-11 00:22:43 - INFO - Epoch: 73/300, Validation Loss: 0.37247139720200495, Accuracy: 77.20885412768506%
2024-07-11 00:23:08 - INFO - Epoch: 74/300, Training Loss: 0.36945486482460865
2024-07-11 00:23:10 - INFO - Epoch: 74/300, Validation Loss: 0.37353083713371404, Accuracy: 77.66540678092957%
2024-07-11 00:23:10 - INFO - Model saved with validation accuracy: 77.66540678092957%
2024-07-11 00:23:35 - INFO - Epoch: 75/300, Training Loss: 0.3690964910079754
2024-07-11 00:23:37 - INFO - Epoch: 75/300, Validation Loss: 0.3735202209882434, Accuracy: 77.61488661028366%
2024-07-11 00:24:01 - INFO - Epoch: 76/300, Training Loss: 0.368559409340526
2024-07-11 00:24:04 - INFO - Epoch: 76/300, Validation Loss: 0.3729522375379901, Accuracy: 77.58494873138238%
2024-07-11 00:24:28 - INFO - Epoch: 77/300, Training Loss: 0.3686469040388405
2024-07-11 00:24:31 - INFO - Epoch: 77/300, Validation Loss: 0.36947786488767015, Accuracy: 77.42216151485667%
2024-07-11 00:24:55 - INFO - Epoch: 78/300, Training Loss: 0.3682413801178392
2024-07-11 00:24:58 - INFO - Epoch: 78/300, Validation Loss: 0.37322290779444217, Accuracy: 77.60740214055834%
2024-07-11 00:25:22 - INFO - Epoch: 79/300, Training Loss: 0.3685817838187989
2024-07-11 00:25:25 - INFO - Epoch: 79/300, Validation Loss: 0.376277821246626, Accuracy: 77.52413741486416%
2024-07-11 00:25:49 - INFO - Epoch: 80/300, Training Loss: 0.36777577932063665
2024-07-11 00:25:52 - INFO - Epoch: 80/300, Validation Loss: 0.37275488923439215, Accuracy: 77.64763116533193%
2024-07-11 00:26:16 - INFO - Epoch: 81/300, Training Loss: 0.36850483404619394
2024-07-11 00:26:18 - INFO - Epoch: 81/300, Validation Loss: 0.37264798019796985, Accuracy: 77.40719257540603%
2024-07-11 00:26:42 - INFO - Epoch: 82/300, Training Loss: 0.36817008036104726
2024-07-11 00:26:45 - INFO - Epoch: 82/300, Validation Loss: 0.37061267399202913, Accuracy: 77.56249532220642%
2024-07-11 00:27:09 - INFO - Epoch: 83/300, Training Loss: 0.3683611021112707
2024-07-11 00:27:12 - INFO - Epoch: 83/300, Validation Loss: 0.3703241543025046, Accuracy: 77.60365990569568%
2024-07-11 00:27:36 - INFO - Epoch: 84/300, Training Loss: 0.368301972187024
2024-07-11 00:27:39 - INFO - Epoch: 84/300, Validation Loss: 0.37680757224096073, Accuracy: 77.56249532220642%
2024-07-11 00:28:03 - INFO - Epoch: 85/300, Training Loss: 0.3680382127346812
2024-07-11 00:28:06 - INFO - Epoch: 85/300, Validation Loss: 0.37027737129990174, Accuracy: 77.36322131576978%
2024-07-11 00:28:30 - INFO - Epoch: 86/300, Training Loss: 0.36827805161235255
2024-07-11 00:28:32 - INFO - Epoch: 86/300, Validation Loss: 0.3726871528627628, Accuracy: 77.57278646807873%
2024-07-11 00:28:56 - INFO - Epoch: 87/300, Training Loss: 0.3674942869890987
2024-07-11 00:28:59 - INFO - Epoch: 87/300, Validation Loss: 0.37048120826999986, Accuracy: 77.50168400568819%
2024-07-11 00:29:23 - INFO - Epoch: 88/300, Training Loss: 0.367530912205481
2024-07-11 00:29:26 - INFO - Epoch: 88/300, Validation Loss: 0.3714998785979301, Accuracy: 77.51103959284485%
2024-07-11 00:29:50 - INFO - Epoch: 89/300, Training Loss: 0.3676619994468165
2024-07-11 00:29:53 - INFO - Epoch: 89/300, Validation Loss: 0.3712302707737609, Accuracy: 77.611144375421%
2024-07-11 00:30:17 - INFO - Epoch: 90/300, Training Loss: 0.36774957025680977
2024-07-11 00:30:20 - INFO - Epoch: 90/300, Validation Loss: 0.3685434411415292, Accuracy: 77.62611331487165%
2024-07-11 00:30:44 - INFO - Epoch: 91/300, Training Loss: 0.36717919632848234
2024-07-11 00:30:47 - INFO - Epoch: 91/300, Validation Loss: 0.3706768206819526, Accuracy: 77.616757727715%
2024-07-11 00:31:11 - INFO - Epoch: 92/300, Training Loss: 0.3661311842616028
2024-07-11 00:31:14 - INFO - Epoch: 92/300, Validation Loss: 0.36728702331288426, Accuracy: 77.51291071027617%
2024-07-11 00:31:38 - INFO - Epoch: 93/300, Training Loss: 0.3658329785548183
2024-07-11 00:31:40 - INFO - Epoch: 93/300, Validation Loss: 0.3691395964720947, Accuracy: 77.30989446897688%
2024-07-11 00:32:05 - INFO - Epoch: 94/300, Training Loss: 0.3653372963055435
2024-07-11 00:32:07 - INFO - Epoch: 94/300, Validation Loss: 0.3708202644228436, Accuracy: 77.63172666716564%
2024-07-11 00:32:32 - INFO - Epoch: 95/300, Training Loss: 0.3662851861633596
2024-07-11 00:32:34 - INFO - Epoch: 95/300, Validation Loss: 0.36767211849820747, Accuracy: 77.54939750018711%
2024-07-11 00:32:58 - INFO - Epoch: 96/300, Training Loss: 0.3665735836408039
2024-07-11 00:33:01 - INFO - Epoch: 96/300, Validation Loss: 0.36764696993063056, Accuracy: 77.5175885038545%
2024-07-11 00:33:25 - INFO - Epoch: 97/300, Training Loss: 0.365296566594309
2024-07-11 00:33:28 - INFO - Epoch: 97/300, Validation Loss: 0.36851752663108134, Accuracy: 77.62424219744031%
2024-07-11 00:33:52 - INFO - Epoch: 98/300, Training Loss: 0.36520562705130405
2024-07-11 00:33:55 - INFO - Epoch: 98/300, Validation Loss: 0.36983650503652243, Accuracy: 77.15459172217648%
2024-07-11 00:34:19 - INFO - Epoch: 99/300, Training Loss: 0.3654766003250665
2024-07-11 00:34:22 - INFO - Epoch: 99/300, Validation Loss: 0.3684945075651759, Accuracy: 77.30895891026121%
2024-07-11 00:34:46 - INFO - Epoch: 100/300, Training Loss: 0.36528898966497975
2024-07-11 00:34:49 - INFO - Epoch: 100/300, Validation Loss: 0.36877810321904314, Accuracy: 77.57465758551007%
2024-07-11 00:35:13 - INFO - Epoch: 101/300, Training Loss: 0.3657591860909213
2024-07-11 00:35:16 - INFO - Epoch: 101/300, Validation Loss: 0.3710846143397366, Accuracy: 77.58588429009805%
2024-07-11 00:35:40 - INFO - Epoch: 102/300, Training Loss: 0.3649724095796614
2024-07-11 00:35:43 - INFO - Epoch: 102/300, Validation Loss: 0.3683919294429068, Accuracy: 77.63453334331263%
2024-07-11 00:36:07 - INFO - Epoch: 103/300, Training Loss: 0.36514295537686603
2024-07-11 00:36:10 - INFO - Epoch: 103/300, Validation Loss: 0.3703853853497228, Accuracy: 77.63734001945961%
2024-07-11 00:36:34 - INFO - Epoch: 104/300, Training Loss: 0.3655983847208391
2024-07-11 00:36:37 - INFO - Epoch: 104/300, Validation Loss: 0.37028714873561025, Accuracy: 77.608337699274%
2024-07-11 00:37:01 - INFO - Epoch: 105/300, Training Loss: 0.36530983278965845
2024-07-11 00:37:04 - INFO - Epoch: 105/300, Validation Loss: 0.36833381980996444, Accuracy: 77.59149764239204%
2024-07-11 00:37:28 - INFO - Epoch: 106/300, Training Loss: 0.36445500313691476
2024-07-11 00:37:30 - INFO - Epoch: 106/300, Validation Loss: 0.37116048621924463, Accuracy: 77.63640446074396%
2024-07-11 00:37:55 - INFO - Epoch: 107/300, Training Loss: 0.3649584671044453
2024-07-11 00:37:57 - INFO - Epoch: 107/300, Validation Loss: 0.3710202473962043, Accuracy: 77.31363670383953%
2024-07-11 00:38:21 - INFO - Epoch: 108/300, Training Loss: 0.36492783835754655
2024-07-11 00:38:24 - INFO - Epoch: 108/300, Validation Loss: 0.3653732278723691, Accuracy: 77.54752638275578%
2024-07-11 00:38:48 - INFO - Epoch: 109/300, Training Loss: 0.36361072004697864
2024-07-11 00:38:50 - INFO - Epoch: 109/300, Validation Loss: 0.37313091272475973, Accuracy: 77.54378414789312%
2024-07-11 00:39:14 - INFO - Epoch: 110/300, Training Loss: 0.3641748414137213
2024-07-11 00:39:17 - INFO - Epoch: 110/300, Validation Loss: 0.3683798239571402, Accuracy: 77.50168400568819%
2024-07-11 00:39:41 - INFO - Epoch: 111/300, Training Loss: 0.36325106626052267
2024-07-11 00:39:44 - INFO - Epoch: 111/300, Validation Loss: 0.3667655272586555, Accuracy: 77.47455280293391%
2024-07-11 00:40:08 - INFO - Epoch: 112/300, Training Loss: 0.3638121295035055
2024-07-11 00:40:11 - INFO - Epoch: 112/300, Validation Loss: 0.36776490114464294, Accuracy: 77.59430431853903%
2024-07-11 00:40:35 - INFO - Epoch: 113/300, Training Loss: 0.3641337485053621
2024-07-11 00:40:37 - INFO - Epoch: 113/300, Validation Loss: 0.36729546434361376, Accuracy: 77.58494873138238%
2024-07-11 00:41:02 - INFO - Epoch: 114/300, Training Loss: 0.3635000985346053
2024-07-11 00:41:05 - INFO - Epoch: 114/300, Validation Loss: 0.367280576041471, Accuracy: 77.59898211211735%
2024-07-11 00:41:29 - INFO - Epoch: 115/300, Training Loss: 0.36427374874210844
2024-07-11 00:41:31 - INFO - Epoch: 115/300, Validation Loss: 0.37004386641214454, Accuracy: 77.60553102312701%
2024-07-11 00:41:55 - INFO - Epoch: 116/300, Training Loss: 0.3636239718920705
2024-07-11 00:41:58 - INFO - Epoch: 116/300, Validation Loss: 0.3699663473523926, Accuracy: 77.58681984881372%
2024-07-11 00:42:22 - INFO - Epoch: 117/300, Training Loss: 0.36329201546780204
2024-07-11 00:42:25 - INFO - Epoch: 117/300, Validation Loss: 0.3692714450317967, Accuracy: 77.58681984881372%
2024-07-11 00:42:49 - INFO - Epoch: 118/300, Training Loss: 0.36352971278252566
2024-07-11 00:42:51 - INFO - Epoch: 118/300, Validation Loss: 0.36716132760404613, Accuracy: 77.51945962128583%
2024-07-11 00:43:15 - INFO - Epoch: 119/300, Training Loss: 0.363444212484531
2024-07-11 00:43:18 - INFO - Epoch: 119/300, Validation Loss: 0.36820000304853323, Accuracy: 77.55033305890278%
2024-07-11 00:43:42 - INFO - Epoch: 120/300, Training Loss: 0.3632932239450607
2024-07-11 00:43:45 - INFO - Epoch: 120/300, Validation Loss: 0.3667397879416325, Accuracy: 77.51945962128583%
2024-07-11 00:44:09 - INFO - Epoch: 121/300, Training Loss: 0.3638528651988465
2024-07-11 00:44:12 - INFO - Epoch: 121/300, Validation Loss: 0.36512807828448335, Accuracy: 77.37819025522042%
2024-07-11 00:44:36 - INFO - Epoch: 122/300, Training Loss: 0.3629017846680851
2024-07-11 00:44:39 - INFO - Epoch: 122/300, Validation Loss: 0.3678983318313448, Accuracy: 77.5952398772547%
2024-07-11 00:45:03 - INFO - Epoch: 123/300, Training Loss: 0.3626338807012021
2024-07-11 00:45:05 - INFO - Epoch: 123/300, Validation Loss: 0.3666376294239348, Accuracy: 77.60272434698001%
2024-07-11 00:45:29 - INFO - Epoch: 124/300, Training Loss: 0.3631462823588983
2024-07-11 00:45:32 - INFO - Epoch: 124/300, Validation Loss: 0.36680177141277465, Accuracy: 77.63453334331263%
2024-07-11 00:45:56 - INFO - Epoch: 125/300, Training Loss: 0.3634049692092908
2024-07-11 00:45:58 - INFO - Epoch: 125/300, Validation Loss: 0.3669484437385909, Accuracy: 77.61956440386199%
2024-07-11 00:46:22 - INFO - Epoch: 126/300, Training Loss: 0.36267479768842836
2024-07-11 00:46:25 - INFO - Epoch: 126/300, Validation Loss: 0.3662278301465447, Accuracy: 77.4988773295412%
2024-07-11 00:46:49 - INFO - Epoch: 127/300, Training Loss: 0.3624625455149275
2024-07-11 00:46:51 - INFO - Epoch: 127/300, Validation Loss: 0.36687310855057625, Accuracy: 77.54284858917745%
2024-07-11 00:47:15 - INFO - Epoch: 128/300, Training Loss: 0.36256033274258814
2024-07-11 00:47:18 - INFO - Epoch: 128/300, Validation Loss: 0.36760964961126136, Accuracy: 77.60085322954869%
2024-07-11 00:47:41 - INFO - Epoch: 129/300, Training Loss: 0.3628084243945315
2024-07-11 00:47:44 - INFO - Epoch: 129/300, Validation Loss: 0.36567406129829905, Accuracy: 77.54378414789312%
2024-07-11 00:48:08 - INFO - Epoch: 130/300, Training Loss: 0.3623276667588843
2024-07-11 00:48:10 - INFO - Epoch: 130/300, Validation Loss: 0.36455064807767146, Accuracy: 77.32486340842752%
2024-07-11 00:48:34 - INFO - Epoch: 131/300, Training Loss: 0.36234230283062857
2024-07-11 00:48:37 - INFO - Epoch: 131/300, Validation Loss: 0.36780012674955176, Accuracy: 77.64388893046927%
2024-07-11 00:49:01 - INFO - Epoch: 132/300, Training Loss: 0.3620230334838374
2024-07-11 00:49:04 - INFO - Epoch: 132/300, Validation Loss: 0.36795470907722383, Accuracy: 77.56249532220642%
2024-07-11 00:49:28 - INFO - Epoch: 133/300, Training Loss: 0.36270589322462854
2024-07-11 00:49:30 - INFO - Epoch: 133/300, Validation Loss: 0.3661297530132022, Accuracy: 77.4773594790809%
2024-07-11 00:49:54 - INFO - Epoch: 134/300, Training Loss: 0.3619681893017206
2024-07-11 00:49:57 - INFO - Epoch: 134/300, Validation Loss: 0.36372323575881627, Accuracy: 77.56997979193174%
2024-07-11 00:50:21 - INFO - Epoch: 135/300, Training Loss: 0.36161644275478216
2024-07-11 00:50:24 - INFO - Epoch: 135/300, Validation Loss: 0.36619754693844875, Accuracy: 77.59991767083302%
2024-07-11 00:50:48 - INFO - Epoch: 136/300, Training Loss: 0.36168825453741965
2024-07-11 00:50:50 - INFO - Epoch: 136/300, Validation Loss: 0.3650911566402868, Accuracy: 77.63172666716564%
2024-07-11 00:51:14 - INFO - Epoch: 137/300, Training Loss: 0.3626113096217234
2024-07-11 00:51:17 - INFO - Epoch: 137/300, Validation Loss: 0.367326122042592, Accuracy: 77.54565526532446%
2024-07-11 00:51:41 - INFO - Epoch: 138/300, Training Loss: 0.3631684152715275
2024-07-11 00:51:44 - INFO - Epoch: 138/300, Validation Loss: 0.36746526784628614, Accuracy: 77.62237108000897%
2024-07-11 00:52:07 - INFO - Epoch: 139/300, Training Loss: 0.3618253787340759
2024-07-11 00:52:10 - INFO - Epoch: 139/300, Validation Loss: 0.36704380556111704, Accuracy: 77.52320185614849%
2024-07-11 00:52:34 - INFO - Epoch: 140/300, Training Loss: 0.36204096478645786
2024-07-11 00:52:37 - INFO - Epoch: 140/300, Validation Loss: 0.36683903081662494, Accuracy: 77.56249532220642%
2024-07-11 00:53:00 - INFO - Epoch: 141/300, Training Loss: 0.3622683766019896
2024-07-11 00:53:02 - INFO - Epoch: 141/300, Validation Loss: 0.3658406218945231, Accuracy: 77.58307761395105%
2024-07-11 00:53:26 - INFO - Epoch: 142/300, Training Loss: 0.36130183939626165
2024-07-11 00:53:28 - INFO - Epoch: 142/300, Validation Loss: 0.3672752359860818, Accuracy: 77.57933537908839%
2024-07-11 00:53:52 - INFO - Epoch: 143/300, Training Loss: 0.36110920554157716
2024-07-11 00:53:54 - INFO - Epoch: 143/300, Validation Loss: 0.3650158933719998, Accuracy: 77.60646658184268%
2024-07-11 00:54:18 - INFO - Epoch: 144/300, Training Loss: 0.36173820174876986
2024-07-11 00:54:20 - INFO - Epoch: 144/300, Validation Loss: 0.36426612096300814, Accuracy: 77.61862884514632%
2024-07-11 00:54:43 - INFO - Epoch: 145/300, Training Loss: 0.3616081874021922
2024-07-11 00:54:46 - INFO - Epoch: 145/300, Validation Loss: 0.36625752426385166, Accuracy: 77.03016241299304%
2024-07-11 00:55:09 - INFO - Epoch: 146/300, Training Loss: 0.3609961887450476
2024-07-11 00:55:12 - INFO - Epoch: 146/300, Validation Loss: 0.3670656548903275, Accuracy: 77.60365990569568%
2024-07-11 00:55:35 - INFO - Epoch: 147/300, Training Loss: 0.36102214491067575
2024-07-11 00:55:38 - INFO - Epoch: 147/300, Validation Loss: 0.36569414649410636, Accuracy: 77.45584162862062%
2024-07-11 00:56:01 - INFO - Epoch: 148/300, Training Loss: 0.36117690627650934
2024-07-11 00:56:04 - INFO - Epoch: 148/300, Validation Loss: 0.3637659507800832, Accuracy: 77.63359778459696%
2024-07-11 00:56:27 - INFO - Epoch: 149/300, Training Loss: 0.36159185835691005
2024-07-11 00:56:30 - INFO - Epoch: 149/300, Validation Loss: 0.3649777213946422, Accuracy: 77.60927325798967%
2024-07-11 00:56:53 - INFO - Epoch: 150/300, Training Loss: 0.3615423809168778
2024-07-11 00:56:55 - INFO - Epoch: 150/300, Validation Loss: 0.36629418686326576, Accuracy: 77.04045355886535%
2024-07-11 00:57:19 - INFO - Epoch: 151/300, Training Loss: 0.3617979936293902
2024-07-11 00:57:21 - INFO - Epoch: 151/300, Validation Loss: 0.3653101351787629, Accuracy: 77.5175885038545%
2024-07-11 00:57:45 - INFO - Epoch: 152/300, Training Loss: 0.36183525177376513
2024-07-11 00:57:47 - INFO - Epoch: 152/300, Validation Loss: 0.36498441381735547, Accuracy: 77.44367936531697%
2024-07-11 00:58:11 - INFO - Epoch: 153/300, Training Loss: 0.36114070900961087
2024-07-11 00:58:13 - INFO - Epoch: 153/300, Validation Loss: 0.3634422843521188, Accuracy: 77.22475862585136%
2024-07-11 00:58:36 - INFO - Epoch: 154/300, Training Loss: 0.3611344350899181
2024-07-11 00:58:39 - INFO - Epoch: 154/300, Validation Loss: 0.3650232952183981, Accuracy: 77.5044906818352%
2024-07-11 00:59:02 - INFO - Epoch: 155/300, Training Loss: 0.36080954536012755
2024-07-11 00:59:05 - INFO - Epoch: 155/300, Validation Loss: 0.3665199836237854, Accuracy: 77.55313973504977%
2024-07-11 00:59:28 - INFO - Epoch: 156/300, Training Loss: 0.36144956691440683
2024-07-11 00:59:31 - INFO - Epoch: 156/300, Validation Loss: 0.36543115867354214, Accuracy: 77.59056208367637%
2024-07-11 00:59:54 - INFO - Epoch: 157/300, Training Loss: 0.36187015568633724
2024-07-11 00:59:57 - INFO - Epoch: 157/300, Validation Loss: 0.36804962388274914, Accuracy: 77.611144375421%
2024-07-11 01:00:20 - INFO - Epoch: 158/300, Training Loss: 0.36129805416007044
2024-07-11 01:00:23 - INFO - Epoch: 158/300, Validation Loss: 0.36384888855659053, Accuracy: 77.56810867450041%
2024-07-11 01:00:46 - INFO - Epoch: 159/300, Training Loss: 0.3608329631271093
2024-07-11 01:00:49 - INFO - Epoch: 159/300, Validation Loss: 0.36625700742273826, Accuracy: 77.60272434698001%
2024-07-11 01:01:13 - INFO - Epoch: 160/300, Training Loss: 0.3610501654525303
2024-07-11 01:01:15 - INFO - Epoch: 160/300, Validation Loss: 0.36251698563656787, Accuracy: 77.62891999101863%
2024-07-11 01:01:38 - INFO - Epoch: 161/300, Training Loss: 0.360731370050096
2024-07-11 01:01:41 - INFO - Epoch: 161/300, Validation Loss: 0.3670129694673275, Accuracy: 77.60740214055834%
2024-07-11 01:02:04 - INFO - Epoch: 162/300, Training Loss: 0.36052018160449584
2024-07-11 01:02:07 - INFO - Epoch: 162/300, Validation Loss: 0.3652207976700944, Accuracy: 77.53068632587382%
2024-07-11 01:02:30 - INFO - Epoch: 163/300, Training Loss: 0.3610427075607515
2024-07-11 01:02:33 - INFO - Epoch: 163/300, Validation Loss: 0.3658410097349197, Accuracy: 77.36883466806377%
2024-07-11 01:02:56 - INFO - Epoch: 164/300, Training Loss: 0.3604001180999134
2024-07-11 01:02:59 - INFO - Epoch: 164/300, Validation Loss: 0.36192655628452325, Accuracy: 77.61207993413667%
2024-07-11 01:03:22 - INFO - Epoch: 165/300, Training Loss: 0.360073670321124
2024-07-11 01:03:25 - INFO - Epoch: 165/300, Validation Loss: 0.3648949410211248, Accuracy: 77.40345034054337%
2024-07-11 01:03:48 - INFO - Epoch: 166/300, Training Loss: 0.36038485331113174
2024-07-11 01:03:51 - INFO - Epoch: 166/300, Validation Loss: 0.3636586816099716, Accuracy: 77.59149764239204%
2024-07-11 01:04:14 - INFO - Epoch: 167/300, Training Loss: 0.3610832844932642
2024-07-11 01:04:17 - INFO - Epoch: 167/300, Validation Loss: 0.3657182580532249, Accuracy: 77.63640446074396%
2024-07-11 01:04:40 - INFO - Epoch: 168/300, Training Loss: 0.3605759911681877
2024-07-11 01:04:43 - INFO - Epoch: 168/300, Validation Loss: 0.36253546811484205, Accuracy: 77.42496819100367%
2024-07-11 01:05:06 - INFO - Epoch: 169/300, Training Loss: 0.3598031603260466
2024-07-11 01:05:09 - INFO - Epoch: 169/300, Validation Loss: 0.3643250090233371, Accuracy: 77.616757727715%
2024-07-11 01:05:32 - INFO - Epoch: 170/300, Training Loss: 0.3604998746718177
2024-07-11 01:05:35 - INFO - Epoch: 170/300, Validation Loss: 0.36537603138628866, Accuracy: 77.56810867450041%
2024-07-11 01:05:58 - INFO - Epoch: 171/300, Training Loss: 0.3605352128837623
2024-07-11 01:06:01 - INFO - Epoch: 171/300, Validation Loss: 0.3623625770130962, Accuracy: 77.42871042586633%
2024-07-11 01:06:24 - INFO - Epoch: 172/300, Training Loss: 0.3603154346358007
2024-07-11 01:06:27 - INFO - Epoch: 172/300, Validation Loss: 0.3684678964365891, Accuracy: 77.52881520844248%
2024-07-11 01:06:50 - INFO - Epoch: 173/300, Training Loss: 0.36112666013194067
2024-07-11 01:06:53 - INFO - Epoch: 173/300, Validation Loss: 0.3649771603226733, Accuracy: 77.62143552129332%
2024-07-11 01:07:16 - INFO - Epoch: 174/300, Training Loss: 0.3602819147000786
2024-07-11 01:07:19 - INFO - Epoch: 174/300, Validation Loss: 0.3626640171418998, Accuracy: 77.60178878826436%
2024-07-11 01:07:42 - INFO - Epoch: 175/300, Training Loss: 0.3604722325761881
2024-07-11 01:07:45 - INFO - Epoch: 175/300, Validation Loss: 0.3616328414848363, Accuracy: 77.4773594790809%
2024-07-11 01:08:08 - INFO - Epoch: 176/300, Training Loss: 0.35978839628185416
2024-07-11 01:08:11 - INFO - Epoch: 176/300, Validation Loss: 0.36526519527412477, Accuracy: 77.61956440386199%
2024-07-11 01:08:34 - INFO - Epoch: 177/300, Training Loss: 0.35929359158183477
2024-07-11 01:08:37 - INFO - Epoch: 177/300, Validation Loss: 0.3666833396231893, Accuracy: 77.5952398772547%
2024-07-11 01:09:00 - INFO - Epoch: 178/300, Training Loss: 0.3598502095793736
2024-07-11 01:09:02 - INFO - Epoch: 178/300, Validation Loss: 0.3682961344611923, Accuracy: 77.59430431853903%
2024-07-11 01:09:26 - INFO - Epoch: 179/300, Training Loss: 0.35967223262371123
2024-07-11 01:09:28 - INFO - Epoch: 179/300, Validation Loss: 0.36470550186330153, Accuracy: 76.98432003592545%
2024-07-11 01:09:52 - INFO - Epoch: 180/300, Training Loss: 0.36056921265873254
2024-07-11 01:09:54 - INFO - Epoch: 180/300, Validation Loss: 0.36634641286500697, Accuracy: 77.55688196991242%
2024-07-11 01:10:18 - INFO - Epoch: 181/300, Training Loss: 0.3600636637887989
2024-07-11 01:10:20 - INFO - Epoch: 181/300, Validation Loss: 0.36551015727324515, Accuracy: 77.58120649651973%
2024-07-11 01:10:43 - INFO - Epoch: 182/300, Training Loss: 0.36070457110012777
2024-07-11 01:10:46 - INFO - Epoch: 182/300, Validation Loss: 0.3630872098522797, Accuracy: 77.608337699274%
2024-07-11 01:11:09 - INFO - Epoch: 183/300, Training Loss: 0.3599622619957682
2024-07-11 01:11:12 - INFO - Epoch: 183/300, Validation Loss: 0.36328709720316793, Accuracy: 77.62424219744031%
2024-07-11 01:11:35 - INFO - Epoch: 184/300, Training Loss: 0.3600432855219135
2024-07-11 01:11:38 - INFO - Epoch: 184/300, Validation Loss: 0.36328206781603345, Accuracy: 77.54471970660879%
2024-07-11 01:12:01 - INFO - Epoch: 185/300, Training Loss: 0.3598372276658838
2024-07-11 01:12:04 - INFO - Epoch: 185/300, Validation Loss: 0.3611229898988808, Accuracy: 77.64201781303795%
2024-07-11 01:12:27 - INFO - Epoch: 186/300, Training Loss: 0.35916116923571095
2024-07-11 01:12:30 - INFO - Epoch: 186/300, Validation Loss: 0.36305771284764005, Accuracy: 77.48671506623755%
2024-07-11 01:12:53 - INFO - Epoch: 187/300, Training Loss: 0.35933166658239546
2024-07-11 01:12:56 - INFO - Epoch: 187/300, Validation Loss: 0.36429932458467784, Accuracy: 77.50916847541352%
2024-07-11 01:13:19 - INFO - Epoch: 188/300, Training Loss: 0.3591094696915198
2024-07-11 01:13:21 - INFO - Epoch: 188/300, Validation Loss: 0.36595064082379686, Accuracy: 77.48484394880623%
2024-07-11 01:13:45 - INFO - Epoch: 189/300, Training Loss: 0.35901407744245356
2024-07-11 01:13:47 - INFO - Epoch: 189/300, Validation Loss: 0.36458195731676957, Accuracy: 77.52507297357982%
2024-07-11 01:14:10 - INFO - Epoch: 190/300, Training Loss: 0.35906148774282
2024-07-11 01:14:13 - INFO - Epoch: 190/300, Validation Loss: 0.3638584059933429, Accuracy: 77.64482448918494%
2024-07-11 01:14:36 - INFO - Epoch: 191/300, Training Loss: 0.3592095854213327
2024-07-11 01:14:39 - INFO - Epoch: 191/300, Validation Loss: 0.3656068687343369, Accuracy: 77.62798443230297%
2024-07-11 01:15:02 - INFO - Epoch: 192/300, Training Loss: 0.35893093663549513
2024-07-11 01:15:05 - INFO - Epoch: 192/300, Validation Loss: 0.3638305599588894, Accuracy: 77.63172666716564%
2024-07-11 01:15:28 - INFO - Epoch: 193/300, Training Loss: 0.3597644025150699
2024-07-11 01:15:31 - INFO - Epoch: 193/300, Validation Loss: 0.36645927265473716, Accuracy: 77.48203727265923%
2024-07-11 01:15:54 - INFO - Epoch: 194/300, Training Loss: 0.35980857939951044
2024-07-11 01:15:57 - INFO - Epoch: 194/300, Validation Loss: 0.3640241700328802, Accuracy: 77.56249532220642%
2024-07-11 01:16:20 - INFO - Epoch: 195/300, Training Loss: 0.3590690931563177
2024-07-11 01:16:22 - INFO - Epoch: 195/300, Validation Loss: 0.36162805880956633, Accuracy: 77.429645984582%
2024-07-11 01:16:45 - INFO - Epoch: 196/300, Training Loss: 0.35876640615224514
2024-07-11 01:16:48 - INFO - Epoch: 196/300, Validation Loss: 0.3617588900595921, Accuracy: 77.47174612678691%
2024-07-11 01:17:11 - INFO - Epoch: 197/300, Training Loss: 0.35897965886032235
2024-07-11 01:17:14 - INFO - Epoch: 197/300, Validation Loss: 0.36259201709415156, Accuracy: 77.52226629743282%
2024-07-11 01:17:37 - INFO - Epoch: 198/300, Training Loss: 0.35892805377936726
2024-07-11 01:17:40 - INFO - Epoch: 198/300, Validation Loss: 0.3673526041347919, Accuracy: 77.42590374971934%
2024-07-11 01:18:03 - INFO - Epoch: 199/300, Training Loss: 0.35950469852493044
2024-07-11 01:18:06 - INFO - Epoch: 199/300, Validation Loss: 0.3607975672830157, Accuracy: 77.58869096624504%
2024-07-11 01:18:29 - INFO - Epoch: 200/300, Training Loss: 0.35869417311572116
2024-07-11 01:18:32 - INFO - Epoch: 200/300, Validation Loss: 0.3604074146471503, Accuracy: 77.60646658184268%
2024-07-11 01:18:55 - INFO - Epoch: 201/300, Training Loss: 0.35846237131684255
2024-07-11 01:18:58 - INFO - Epoch: 201/300, Validation Loss: 0.36250497129668313, Accuracy: 77.37257690292643%
2024-07-11 01:19:21 - INFO - Epoch: 202/300, Training Loss: 0.35934937380331217
2024-07-11 01:19:24 - INFO - Epoch: 202/300, Validation Loss: 0.3609600831726081, Accuracy: 77.4801661552279%
2024-07-11 01:19:47 - INFO - Epoch: 203/300, Training Loss: 0.35922699479076464
2024-07-11 01:19:49 - INFO - Epoch: 203/300, Validation Loss: 0.3610547100584497, Accuracy: 77.58494873138238%
2024-07-11 01:20:13 - INFO - Epoch: 204/300, Training Loss: 0.3581321867434605
2024-07-11 01:20:15 - INFO - Epoch: 204/300, Validation Loss: 0.3607468647310507, Accuracy: 77.56249532220642%
2024-07-11 01:20:39 - INFO - Epoch: 205/300, Training Loss: 0.35863371084566475
2024-07-11 01:20:41 - INFO - Epoch: 205/300, Validation Loss: 0.3624695940494965, Accuracy: 77.58775540752937%
2024-07-11 01:21:05 - INFO - Epoch: 206/300, Training Loss: 0.3591014010662484
2024-07-11 01:21:07 - INFO - Epoch: 206/300, Validation Loss: 0.360427067727118, Accuracy: 77.62237108000897%
2024-07-11 01:21:31 - INFO - Epoch: 207/300, Training Loss: 0.3581861526402969
2024-07-11 01:21:33 - INFO - Epoch: 207/300, Validation Loss: 0.36290395536300024, Accuracy: 77.53723523688346%
2024-07-11 01:21:57 - INFO - Epoch: 208/300, Training Loss: 0.35893379356569916
2024-07-11 01:21:59 - INFO - Epoch: 208/300, Validation Loss: 0.36209398266407344, Accuracy: 77.61488661028366%
2024-07-11 01:22:23 - INFO - Epoch: 209/300, Training Loss: 0.35829110293710614
2024-07-11 01:22:25 - INFO - Epoch: 209/300, Validation Loss: 0.36101761658273007, Accuracy: 77.62424219744031%
2024-07-11 01:22:48 - INFO - Epoch: 210/300, Training Loss: 0.3584632255073401
2024-07-11 01:22:51 - INFO - Epoch: 210/300, Validation Loss: 0.3660947656841923, Accuracy: 77.3707057854951%
2024-07-11 01:23:14 - INFO - Epoch: 211/300, Training Loss: 0.35939430958085244
2024-07-11 01:23:17 - INFO - Epoch: 211/300, Validation Loss: 0.36138342176455357, Accuracy: 77.43151710201332%
2024-07-11 01:23:40 - INFO - Epoch: 212/300, Training Loss: 0.358873911637993
2024-07-11 01:23:43 - INFO - Epoch: 212/300, Validation Loss: 0.3651919894896889, Accuracy: 77.32673452585884%
2024-07-11 01:24:06 - INFO - Epoch: 213/300, Training Loss: 0.35901684625484936
2024-07-11 01:24:09 - INFO - Epoch: 213/300, Validation Loss: 0.36176944290856844, Accuracy: 76.80001496893945%
2024-07-11 01:24:32 - INFO - Epoch: 214/300, Training Loss: 0.35853673932108404
2024-07-11 01:24:35 - INFO - Epoch: 214/300, Validation Loss: 0.36257700787947467, Accuracy: 77.57091535064741%
2024-07-11 01:24:58 - INFO - Epoch: 215/300, Training Loss: 0.357703206222351
2024-07-11 01:25:00 - INFO - Epoch: 215/300, Validation Loss: 0.36333968985729914, Accuracy: 77.5737220267944%
2024-07-11 01:25:24 - INFO - Epoch: 216/300, Training Loss: 0.3583789462079511
2024-07-11 01:25:26 - INFO - Epoch: 216/300, Validation Loss: 0.36143828681455553, Accuracy: 77.59430431853903%
2024-07-11 01:25:50 - INFO - Epoch: 217/300, Training Loss: 0.35851863858773314
2024-07-11 01:25:52 - INFO - Epoch: 217/300, Validation Loss: 0.36207293370824456, Accuracy: 77.62798443230297%
2024-07-11 01:26:15 - INFO - Epoch: 218/300, Training Loss: 0.35829446772680795
2024-07-11 01:26:18 - INFO - Epoch: 218/300, Validation Loss: 0.36383368619753886, Accuracy: 77.46613277449293%
2024-07-11 01:26:41 - INFO - Epoch: 219/300, Training Loss: 0.35871209541653254
2024-07-11 01:26:44 - INFO - Epoch: 219/300, Validation Loss: 0.36211650173404414, Accuracy: 77.3117655864082%
2024-07-11 01:27:07 - INFO - Epoch: 220/300, Training Loss: 0.3583260197145035
2024-07-11 01:27:10 - INFO - Epoch: 220/300, Validation Loss: 0.3620564561005055, Accuracy: 77.06103585060998%
2024-07-11 01:27:33 - INFO - Epoch: 221/300, Training Loss: 0.3588759306862297
2024-07-11 01:27:36 - INFO - Epoch: 221/300, Validation Loss: 0.3630439856322064, Accuracy: 77.64388893046927%
2024-07-11 01:27:59 - INFO - Epoch: 222/300, Training Loss: 0.35866600685206346
2024-07-11 01:28:01 - INFO - Epoch: 222/300, Validation Loss: 0.3633074946277945, Accuracy: 77.28650550108524%
2024-07-11 01:28:25 - INFO - Epoch: 223/300, Training Loss: 0.35855898772273087
2024-07-11 01:28:27 - INFO - Epoch: 223/300, Validation Loss: 0.3624851781047796, Accuracy: 77.63734001945961%
2024-07-11 01:28:51 - INFO - Epoch: 224/300, Training Loss: 0.35847625602078537
2024-07-11 01:28:53 - INFO - Epoch: 224/300, Validation Loss: 0.36013227034157297, Accuracy: 77.49419953596288%
2024-07-11 01:29:17 - INFO - Epoch: 225/300, Training Loss: 0.35829736373548005
2024-07-11 01:29:19 - INFO - Epoch: 225/300, Validation Loss: 0.3643260921620809, Accuracy: 77.5896265249607%
2024-07-11 01:29:43 - INFO - Epoch: 226/300, Training Loss: 0.3586672761138373
2024-07-11 01:29:45 - INFO - Epoch: 226/300, Validation Loss: 0.36077202334866276, Accuracy: 77.55594641119677%
2024-07-11 01:30:08 - INFO - Epoch: 227/300, Training Loss: 0.35857816565324047
2024-07-11 01:30:11 - INFO - Epoch: 227/300, Validation Loss: 0.3621473883633696, Accuracy: 77.36602799191677%
2024-07-11 01:30:34 - INFO - Epoch: 228/300, Training Loss: 0.35835055342924627
2024-07-11 01:30:37 - INFO - Epoch: 228/300, Validation Loss: 0.36210040063254495, Accuracy: 77.64014669560662%
2024-07-11 01:31:00 - INFO - Epoch: 229/300, Training Loss: 0.3582650336734265
2024-07-11 01:31:03 - INFO - Epoch: 229/300, Validation Loss: 0.3606173016046208, Accuracy: 77.52694409101115%
2024-07-11 01:31:26 - INFO - Epoch: 230/300, Training Loss: 0.35782677642226024
2024-07-11 01:31:29 - INFO - Epoch: 230/300, Validation Loss: 0.36245511276931697, Accuracy: 77.40906369283736%
2024-07-11 01:31:52 - INFO - Epoch: 231/300, Training Loss: 0.35770838893810586
2024-07-11 01:31:55 - INFO - Epoch: 231/300, Validation Loss: 0.361469506272151, Accuracy: 77.52600853229549%
2024-07-11 01:32:18 - INFO - Epoch: 232/300, Training Loss: 0.3581531947042892
2024-07-11 01:32:21 - INFO - Epoch: 232/300, Validation Loss: 0.36283445856765245, Accuracy: 77.60178878826436%
2024-07-11 01:32:44 - INFO - Epoch: 233/300, Training Loss: 0.3577749289682643
2024-07-11 01:32:46 - INFO - Epoch: 233/300, Validation Loss: 0.36239800748890705, Accuracy: 77.52787964972681%
2024-07-11 01:33:10 - INFO - Epoch: 234/300, Training Loss: 0.3575015603367431
2024-07-11 01:33:12 - INFO - Epoch: 234/300, Validation Loss: 0.36118119578743896, Accuracy: 77.5391063543148%
2024-07-11 01:33:35 - INFO - Epoch: 235/300, Training Loss: 0.35771418223345713
2024-07-11 01:33:38 - INFO - Epoch: 235/300, Validation Loss: 0.36163933507380264, Accuracy: 77.29211885337924%
2024-07-11 01:34:01 - INFO - Epoch: 236/300, Training Loss: 0.35763021357008445
2024-07-11 01:34:04 - INFO - Epoch: 236/300, Validation Loss: 0.3607898339816441, Accuracy: 77.608337699274%
2024-07-11 01:34:27 - INFO - Epoch: 237/300, Training Loss: 0.3574625609645835
2024-07-11 01:34:30 - INFO - Epoch: 237/300, Validation Loss: 0.36268723456000657, Accuracy: 77.5175885038545%
2024-07-11 01:34:53 - INFO - Epoch: 238/300, Training Loss: 0.358035158310763
2024-07-11 01:34:56 - INFO - Epoch: 238/300, Validation Loss: 0.362231583187924, Accuracy: 77.608337699274%
2024-07-11 01:35:19 - INFO - Epoch: 239/300, Training Loss: 0.3579176191021414
2024-07-11 01:35:22 - INFO - Epoch: 239/300, Validation Loss: 0.35942477538940937, Accuracy: 77.33983234787816%
2024-07-11 01:35:45 - INFO - Epoch: 240/300, Training Loss: 0.3583604952159033
2024-07-11 01:35:47 - INFO - Epoch: 240/300, Validation Loss: 0.3598351085403592, Accuracy: 77.47642392036524%
2024-07-11 01:36:11 - INFO - Epoch: 241/300, Training Loss: 0.3573494547655475
2024-07-11 01:36:13 - INFO - Epoch: 241/300, Validation Loss: 0.36236959683331527, Accuracy: 77.59898211211735%
2024-07-11 01:36:36 - INFO - Epoch: 242/300, Training Loss: 0.35757488205464655
2024-07-11 01:36:39 - INFO - Epoch: 242/300, Validation Loss: 0.3603537093997358, Accuracy: 77.6298555497343%
2024-07-11 01:37:02 - INFO - Epoch: 243/300, Training Loss: 0.35734380371929947
2024-07-11 01:37:05 - INFO - Epoch: 243/300, Validation Loss: 0.36136215086970624, Accuracy: 77.3548012873288%
2024-07-11 01:37:28 - INFO - Epoch: 244/300, Training Loss: 0.35695673019037405
2024-07-11 01:37:31 - INFO - Epoch: 244/300, Validation Loss: 0.35983963481043, Accuracy: 77.31363670383953%
2024-07-11 01:37:54 - INFO - Epoch: 245/300, Training Loss: 0.3572183976454785
2024-07-11 01:37:57 - INFO - Epoch: 245/300, Validation Loss: 0.360202738218219, Accuracy: 77.38473916623008%
2024-07-11 01:38:20 - INFO - Epoch: 246/300, Training Loss: 0.357044157932715
2024-07-11 01:38:23 - INFO - Epoch: 246/300, Validation Loss: 0.3622860787230149, Accuracy: 77.5606242047751%
2024-07-11 01:38:46 - INFO - Epoch: 247/300, Training Loss: 0.35764759648722316
2024-07-11 01:38:49 - INFO - Epoch: 247/300, Validation Loss: 0.3638484406121686, Accuracy: 77.55875308734376%
2024-07-11 01:39:12 - INFO - Epoch: 248/300, Training Loss: 0.3587028594778748
2024-07-11 01:39:15 - INFO - Epoch: 248/300, Validation Loss: 0.3602004294299851, Accuracy: 77.34731681760347%
2024-07-11 01:39:38 - INFO - Epoch: 249/300, Training Loss: 0.35759377169976636
2024-07-11 01:39:41 - INFO - Epoch: 249/300, Validation Loss: 0.3637017228605503, Accuracy: 77.62424219744031%
2024-07-11 01:40:04 - INFO - Epoch: 250/300, Training Loss: 0.35789414434005823
2024-07-11 01:40:06 - INFO - Epoch: 250/300, Validation Loss: 0.36173793041263774, Accuracy: 77.36041463962279%
2024-07-11 01:40:30 - INFO - Epoch: 251/300, Training Loss: 0.35715678889154406
2024-07-11 01:40:32 - INFO - Epoch: 251/300, Validation Loss: 0.36146481126493357, Accuracy: 77.39690142953371%
2024-07-11 01:40:56 - INFO - Epoch: 252/300, Training Loss: 0.3575615366206271
2024-07-11 01:40:58 - INFO - Epoch: 252/300, Validation Loss: 0.35992567267052644, Accuracy: 76.88234413591798%
2024-07-11 01:41:22 - INFO - Epoch: 253/300, Training Loss: 0.35685621827836345
2024-07-11 01:41:24 - INFO - Epoch: 253/300, Validation Loss: 0.3585334222235414, Accuracy: 77.6485667240476%
2024-07-11 01:41:47 - INFO - Epoch: 254/300, Training Loss: 0.3575796335556428
2024-07-11 01:41:50 - INFO - Epoch: 254/300, Validation Loss: 0.3582472370314356, Accuracy: 77.41654816256268%
2024-07-11 01:42:13 - INFO - Epoch: 255/300, Training Loss: 0.3576388486112204
2024-07-11 01:42:16 - INFO - Epoch: 255/300, Validation Loss: 0.3623110735348639, Accuracy: 77.4025147818277%
2024-07-11 01:42:39 - INFO - Epoch: 256/300, Training Loss: 0.35765762013770597
2024-07-11 01:42:42 - INFO - Epoch: 256/300, Validation Loss: 0.3599310684246906, Accuracy: 77.43525933687599%
2024-07-11 01:43:05 - INFO - Epoch: 257/300, Training Loss: 0.3576285877956314
2024-07-11 01:43:08 - INFO - Epoch: 257/300, Validation Loss: 0.3623966068510949, Accuracy: 77.58869096624504%
2024-07-11 01:43:31 - INFO - Epoch: 258/300, Training Loss: 0.35775179959819126
2024-07-11 01:43:34 - INFO - Epoch: 258/300, Validation Loss: 0.3610461868261021, Accuracy: 77.613951051568%
2024-07-11 01:43:57 - INFO - Epoch: 259/300, Training Loss: 0.356707747194282
2024-07-11 01:44:00 - INFO - Epoch: 259/300, Validation Loss: 0.35960828579342485, Accuracy: 77.61301549285233%
2024-07-11 01:44:23 - INFO - Epoch: 260/300, Training Loss: 0.357486002266523
2024-07-11 01:44:26 - INFO - Epoch: 260/300, Validation Loss: 0.36276533787725646, Accuracy: 77.5952398772547%
2024-07-11 01:44:49 - INFO - Epoch: 261/300, Training Loss: 0.3573698973922454
2024-07-11 01:44:52 - INFO - Epoch: 261/300, Validation Loss: 0.3600167512429966, Accuracy: 77.33141231943716%
2024-07-11 01:45:15 - INFO - Epoch: 262/300, Training Loss: 0.3579093508200452
2024-07-11 01:45:18 - INFO - Epoch: 262/300, Validation Loss: 0.3608814064861414, Accuracy: 77.58307761395105%
2024-07-11 01:45:41 - INFO - Epoch: 263/300, Training Loss: 0.3571498867856441
2024-07-11 01:45:43 - INFO - Epoch: 263/300, Validation Loss: 0.36058009054259865, Accuracy: 77.55594641119677%
2024-07-11 01:46:07 - INFO - Epoch: 264/300, Training Loss: 0.3577902546776142
2024-07-11 01:46:09 - INFO - Epoch: 264/300, Validation Loss: 0.360635807616207, Accuracy: 77.45209939375795%
2024-07-11 01:46:32 - INFO - Epoch: 265/300, Training Loss: 0.3567111746420173
2024-07-11 01:46:35 - INFO - Epoch: 265/300, Validation Loss: 0.361324963670944, Accuracy: 77.59804655340169%
2024-07-11 01:46:58 - INFO - Epoch: 266/300, Training Loss: 0.35695970132935817
2024-07-11 01:47:01 - INFO - Epoch: 266/300, Validation Loss: 0.3584209120359198, Accuracy: 77.51103959284485%
2024-07-11 01:47:24 - INFO - Epoch: 267/300, Training Loss: 0.35689941020519356
2024-07-11 01:47:27 - INFO - Epoch: 267/300, Validation Loss: 0.36198093784490365, Accuracy: 77.47829503779657%
2024-07-11 01:47:50 - INFO - Epoch: 268/300, Training Loss: 0.3576268406394998
2024-07-11 01:47:53 - INFO - Epoch: 268/300, Validation Loss: 0.36021305370980006, Accuracy: 77.55781752862809%
2024-07-11 01:48:16 - INFO - Epoch: 269/300, Training Loss: 0.35678996515522066
2024-07-11 01:48:18 - INFO - Epoch: 269/300, Validation Loss: 0.36414886445680966, Accuracy: 77.26685876805628%
2024-07-11 01:48:42 - INFO - Epoch: 270/300, Training Loss: 0.3573276710410333
2024-07-11 01:48:44 - INFO - Epoch: 270/300, Validation Loss: 0.36029137366014924, Accuracy: 77.35105905246613%
2024-07-11 01:49:07 - INFO - Epoch: 271/300, Training Loss: 0.35660141240763565
2024-07-11 01:49:10 - INFO - Epoch: 271/300, Validation Loss: 0.35911303740786193, Accuracy: 77.52694409101115%
2024-07-11 01:49:33 - INFO - Epoch: 272/300, Training Loss: 0.3563814359592867
2024-07-11 01:49:36 - INFO - Epoch: 272/300, Validation Loss: 0.3593172569837776, Accuracy: 77.11249157997156%
2024-07-11 01:49:59 - INFO - Epoch: 273/300, Training Loss: 0.35674346924773803
2024-07-11 01:50:02 - INFO - Epoch: 273/300, Validation Loss: 0.3598832101218362, Accuracy: 77.26685876805628%
2024-07-11 01:50:25 - INFO - Epoch: 274/300, Training Loss: 0.35753574862110454
2024-07-11 01:50:28 - INFO - Epoch: 274/300, Validation Loss: 0.3609491062246348, Accuracy: 77.57746426165706%
2024-07-11 01:50:51 - INFO - Epoch: 275/300, Training Loss: 0.35792338946250685
2024-07-11 01:50:54 - INFO - Epoch: 275/300, Validation Loss: 0.3639365575899984, Accuracy: 77.611144375421%
2024-07-11 01:51:17 - INFO - Epoch: 276/300, Training Loss: 0.35757063872094036
2024-07-11 01:51:19 - INFO - Epoch: 276/300, Validation Loss: 0.3607243115248472, Accuracy: 77.3519946111818%
2024-07-11 01:51:43 - INFO - Epoch: 277/300, Training Loss: 0.35640157393184435
2024-07-11 01:51:45 - INFO - Epoch: 277/300, Validation Loss: 0.36102158006866986, Accuracy: 77.4081281341217%
2024-07-11 01:52:08 - INFO - Epoch: 278/300, Training Loss: 0.3568156228604707
2024-07-11 01:52:11 - INFO - Epoch: 278/300, Validation Loss: 0.3599776285965239, Accuracy: 77.61769328643065%
2024-07-11 01:52:34 - INFO - Epoch: 279/300, Training Loss: 0.3570925893897408
2024-07-11 01:52:37 - INFO - Epoch: 279/300, Validation Loss: 0.3599433185435711, Accuracy: 77.17985180749943%
2024-07-11 01:53:00 - INFO - Epoch: 280/300, Training Loss: 0.3581377642028187
2024-07-11 01:53:03 - INFO - Epoch: 280/300, Validation Loss: 0.3622809679903433, Accuracy: 77.60365990569568%
2024-07-11 01:53:26 - INFO - Epoch: 281/300, Training Loss: 0.3571617190548089
2024-07-11 01:53:29 - INFO - Epoch: 281/300, Validation Loss: 0.36038722175456034, Accuracy: 77.60927325798967%
2024-07-11 01:53:52 - INFO - Epoch: 282/300, Training Loss: 0.35738240804675453
2024-07-11 01:53:55 - INFO - Epoch: 282/300, Validation Loss: 0.36238776057298705, Accuracy: 77.44648604146396%
2024-07-11 01:54:18 - INFO - Epoch: 283/300, Training Loss: 0.35731298069971046
2024-07-11 01:54:21 - INFO - Epoch: 283/300, Validation Loss: 0.36057319159032625, Accuracy: 77.49700621210987%
2024-07-11 01:54:44 - INFO - Epoch: 284/300, Training Loss: 0.35590146297315445
2024-07-11 01:54:47 - INFO - Epoch: 284/300, Validation Loss: 0.3632022105580957, Accuracy: 77.41374148641569%
2024-07-11 01:55:10 - INFO - Epoch: 285/300, Training Loss: 0.35734511916552847
2024-07-11 01:55:13 - INFO - Epoch: 285/300, Validation Loss: 0.36070862266205517, Accuracy: 77.63359778459696%
2024-07-11 01:55:36 - INFO - Epoch: 286/300, Training Loss: 0.3561661228160625
2024-07-11 01:55:39 - INFO - Epoch: 286/300, Validation Loss: 0.35716973376231304, Accuracy: 77.54284858917745%
2024-07-11 01:56:02 - INFO - Epoch: 287/300, Training Loss: 0.3579514483757994
2024-07-11 01:56:04 - INFO - Epoch: 287/300, Validation Loss: 0.36022110688229797, Accuracy: 76.78972382306713%
2024-07-11 01:56:27 - INFO - Epoch: 288/300, Training Loss: 0.35716988405698147
2024-07-11 01:56:30 - INFO - Epoch: 288/300, Validation Loss: 0.35964314954356474, Accuracy: 77.57185090936308%
2024-07-11 01:56:53 - INFO - Epoch: 289/300, Training Loss: 0.3569137436524424
2024-07-11 01:56:56 - INFO - Epoch: 289/300, Validation Loss: 0.358761711883231, Accuracy: 76.79346605792979%
2024-07-11 01:57:19 - INFO - Epoch: 290/300, Training Loss: 0.3563818436747735
2024-07-11 01:57:22 - INFO - Epoch: 290/300, Validation Loss: 0.3596589344836223, Accuracy: 77.31925005613353%
2024-07-11 01:57:45 - INFO - Epoch: 291/300, Training Loss: 0.3566143486875739
2024-07-11 01:57:48 - INFO - Epoch: 291/300, Validation Loss: 0.35919229074518955, Accuracy: 77.51010403412918%
2024-07-11 01:58:11 - INFO - Epoch: 292/300, Training Loss: 0.3562489820778361
2024-07-11 01:58:14 - INFO - Epoch: 292/300, Validation Loss: 0.3590051983909504, Accuracy: 77.4586483047676%
2024-07-11 01:58:37 - INFO - Epoch: 293/300, Training Loss: 0.3563670459585514
2024-07-11 01:58:40 - INFO - Epoch: 293/300, Validation Loss: 0.3606753251122401, Accuracy: 77.39690142953371%
2024-07-11 01:59:03 - INFO - Epoch: 294/300, Training Loss: 0.35680271584756396
2024-07-11 01:59:06 - INFO - Epoch: 294/300, Validation Loss: 0.35941586960474936, Accuracy: 77.54097747174613%
2024-07-11 01:59:29 - INFO - Epoch: 295/300, Training Loss: 0.35552747163555254
2024-07-11 01:59:31 - INFO - Epoch: 295/300, Validation Loss: 0.35839192064524694, Accuracy: 77.44367936531697%
2024-07-11 01:59:55 - INFO - Epoch: 296/300, Training Loss: 0.35646803916178676
2024-07-11 01:59:57 - INFO - Epoch: 296/300, Validation Loss: 0.36050446114805484, Accuracy: 77.55126861761845%
2024-07-11 02:00:20 - INFO - Epoch: 297/300, Training Loss: 0.355890268045902
2024-07-11 02:00:23 - INFO - Epoch: 297/300, Validation Loss: 0.3602342240418737, Accuracy: 77.28369882493826%
2024-07-11 02:00:46 - INFO - Epoch: 298/300, Training Loss: 0.35690046378710083
2024-07-11 02:00:49 - INFO - Epoch: 298/300, Validation Loss: 0.35867144984267274, Accuracy: 77.38193249008307%
2024-07-11 02:01:12 - INFO - Epoch: 299/300, Training Loss: 0.3561018743775166
2024-07-11 02:01:15 - INFO - Epoch: 299/300, Validation Loss: 0.3630972635078972, Accuracy: 77.60272434698001%
2024-07-11 02:01:38 - INFO - Epoch: 300/300, Training Loss: 0.35585054341698635
2024-07-11 02:01:41 - INFO - Epoch: 300/300, Validation Loss: 0.3586809569707821, Accuracy: 77.53817079559913%
2024-07-11 02:01:41 - INFO - Finished training model.
2024-07-11 02:01:41 - INFO - Model saved to lstm_classifier_dc2.pth and vocabulary saved to vocab_dc2.pkl
