2024-07-03 09:54:25 - INFO - This log entry will go into a uniquely named file for this run.
2024-07-03 09:54:27 - INFO - without hidden
2024-07-03 09:54:27 - INFO - valid:3302
2024-07-03 09:54:27 - INFO - invalid:3304
2024-07-03 09:54:27 - INFO - Params:
2024-07-03 09:54:27 - INFO - embedding_dim=128
2024-07-03 09:54:27 - INFO - hidden_dim:256
2024-07-03 09:54:27 - INFO - num_layers:2
2024-07-03 09:54:27 - INFO - epochs:50
2024-07-03 09:54:27 - INFO - batch_size:64
2024-07-03 09:54:27 - INFO - lr:0.01
2024-07-03 09:54:30 - INFO - Starting LSTM model training...
2024-07-03 09:55:39 - INFO - Epoch: 1/50, Training Loss: 0.007416560305234235
2024-07-03 09:55:44 - INFO - Epoch: 1/50, Validation Loss: 0.00504758805431997, Accuracy: 99.79381287574394%
2024-07-03 09:55:44 - INFO - Model saved with validation accuracy: 99.79381287574394%
2024-07-03 09:56:34 - INFO - Epoch: 2/50, Training Loss: 0.004244280883134415
2024-07-03 09:56:39 - INFO - Epoch: 2/50, Validation Loss: 0.002670799874060317, Accuracy: 99.90181565511617%
2024-07-03 09:56:39 - INFO - Model saved with validation accuracy: 99.90181565511617%
2024-07-03 09:57:27 - INFO - Epoch: 3/50, Training Loss: 0.003474291288352354
2024-07-03 09:57:32 - INFO - Epoch: 3/50, Validation Loss: 0.0029058837247232525, Accuracy: 99.93882360049545%
2024-07-03 09:57:32 - INFO - Model saved with validation accuracy: 99.93882360049545%
2024-07-03 09:58:20 - INFO - Epoch: 4/50, Training Loss: 0.004071732246266525
2024-07-03 09:58:25 - INFO - Epoch: 4/50, Validation Loss: 0.002301299468619706, Accuracy: 99.92069725990152%
2024-07-03 09:59:13 - INFO - Epoch: 5/50, Training Loss: 0.003400821369199067
2024-07-03 09:59:18 - INFO - Epoch: 5/50, Validation Loss: 0.0023568316690749623, Accuracy: 99.94864203498383%
2024-07-03 09:59:18 - INFO - Model saved with validation accuracy: 99.94864203498383%
2024-07-03 10:00:06 - INFO - Epoch: 6/50, Training Loss: 0.003753006134156784
2024-07-03 10:00:11 - INFO - Epoch: 6/50, Validation Loss: 0.0022339685370242526, Accuracy: 99.92220778828434%
2024-07-03 10:01:01 - INFO - Epoch: 7/50, Training Loss: 0.03046373286566417
2024-07-03 10:01:06 - INFO - Epoch: 7/50, Validation Loss: 0.006692149557904043, Accuracy: 99.80891815957222%
2024-07-03 10:01:55 - INFO - Epoch: 8/50, Training Loss: 0.006887955112960868
2024-07-03 10:02:00 - INFO - Epoch: 8/50, Validation Loss: 0.0038682615134752367, Accuracy: 99.8240234434005%
2024-07-03 10:02:49 - INFO - Epoch: 9/50, Training Loss: 1.220244932677715
2024-07-03 10:02:54 - INFO - Epoch: 9/50, Validation Loss: 7.025524012992899, Accuracy: 57.96350563427087%
2024-07-03 10:03:43 - INFO - Epoch: 10/50, Training Loss: 2.277043345639074
2024-07-03 10:03:49 - INFO - Epoch: 10/50, Validation Loss: 1.9064681220308142, Accuracy: 51.48560466451165%
2024-07-03 10:04:37 - INFO - Epoch: 11/50, Training Loss: 1.7880118952288957
2024-07-03 10:04:42 - INFO - Epoch: 11/50, Validation Loss: 1.8605157425289514, Accuracy: 54.32766381680312%
2024-07-03 10:05:31 - INFO - Epoch: 12/50, Training Loss: 2.5336562951458657
2024-07-03 10:05:36 - INFO - Epoch: 12/50, Validation Loss: 1.400938632379931, Accuracy: 54.85030663726172%
2024-07-03 10:06:26 - INFO - Epoch: 13/50, Training Loss: 1.212474876358464
2024-07-03 10:06:31 - INFO - Epoch: 13/50, Validation Loss: 1.1482592507397398, Accuracy: 51.0830488504879%
2024-07-03 10:07:20 - INFO - Epoch: 14/50, Training Loss: 1.3188726405278677
2024-07-03 10:07:25 - INFO - Epoch: 14/50, Validation Loss: 1.5929094062386187, Accuracy: 47.44192018368025%
2024-07-03 10:08:12 - INFO - Epoch: 15/50, Training Loss: 1.5137991406250368
2024-07-03 10:08:17 - INFO - Epoch: 15/50, Validation Loss: 1.5775327407374595, Accuracy: 49.981118395214644%
2024-07-03 10:09:03 - INFO - Epoch: 16/50, Training Loss: 1.740404882368804
2024-07-03 10:09:09 - INFO - Epoch: 16/50, Validation Loss: 1.6804222420484562, Accuracy: 49.92371831666717%
2024-07-03 10:09:55 - INFO - Epoch: 17/50, Training Loss: 1.768307773062375
2024-07-03 10:10:00 - INFO - Epoch: 17/50, Validation Loss: 1.746463938632871, Accuracy: 51.20691217787982%
2024-07-03 10:10:47 - INFO - Epoch: 18/50, Training Loss: 1.7747168096008366
2024-07-03 10:10:53 - INFO - Epoch: 18/50, Validation Loss: 1.720235979286238, Accuracy: 50.320232017159604%
2024-07-03 10:11:40 - INFO - Epoch: 19/50, Training Loss: 1.5562238230069747
2024-07-03 10:11:45 - INFO - Epoch: 19/50, Validation Loss: 1.5642714825674437, Accuracy: 51.23863327391922%
2024-07-03 10:12:31 - INFO - Epoch: 20/50, Training Loss: 1.547101533934366
2024-07-03 10:12:37 - INFO - Epoch: 20/50, Validation Loss: 1.6155588748145069, Accuracy: 55.12522280293647%
2024-07-03 10:13:24 - INFO - Epoch: 21/50, Training Loss: 1.8988211588360595
2024-07-03 10:13:29 - INFO - Epoch: 21/50, Validation Loss: 1.8611709033019765, Accuracy: 53.23630706020966%
2024-07-03 10:14:16 - INFO - Epoch: 22/50, Training Loss: 2.0748337903868004
2024-07-03 10:14:21 - INFO - Epoch: 22/50, Validation Loss: 1.7086774987146554, Accuracy: 53.8359868281925%
2024-07-03 10:15:08 - INFO - Epoch: 23/50, Training Loss: 1.8620411782823016
2024-07-03 10:15:13 - INFO - Epoch: 23/50, Validation Loss: 1.8629752318602129, Accuracy: 53.95456330624452%
2024-07-03 10:16:00 - INFO - Epoch: 24/50, Training Loss: 1.7008766116166587
2024-07-03 10:16:05 - INFO - Epoch: 24/50, Validation Loss: 1.5845168306955455, Accuracy: 50.081568532672726%
2024-07-03 10:16:52 - INFO - Epoch: 25/50, Training Loss: 1.8553259317038888
2024-07-03 10:16:57 - INFO - Epoch: 25/50, Validation Loss: 1.9994917515973183, Accuracy: 46.7561402978762%
2024-07-03 10:17:44 - INFO - Epoch: 26/50, Training Loss: 1.819119461194048
2024-07-03 10:17:49 - INFO - Epoch: 26/50, Validation Loss: 1.7351525497643945, Accuracy: 48.995498625419174%
2024-07-03 10:18:36 - INFO - Epoch: 27/50, Training Loss: 1.5748497645828445
2024-07-03 10:18:41 - INFO - Epoch: 27/50, Validation Loss: 1.402682086849858, Accuracy: 49.68807588894595%
2024-07-03 10:19:29 - INFO - Epoch: 28/50, Training Loss: 1.3233479048504007
2024-07-03 10:19:34 - INFO - Epoch: 28/50, Validation Loss: 1.2610419421394186, Accuracy: 51.504486269297%
2024-07-03 10:20:23 - INFO - Epoch: 29/50, Training Loss: 1.2703826245246388
2024-07-03 10:20:28 - INFO - Epoch: 29/50, Validation Loss: 1.296499492005486, Accuracy: 50.222802936467176%
2024-07-03 10:21:14 - INFO - Epoch: 30/50, Training Loss: 1.2781992798744048
2024-07-03 10:21:19 - INFO - Epoch: 30/50, Validation Loss: 1.193970142901952, Accuracy: 50.29002144950304%
2024-07-03 10:22:06 - INFO - Epoch: 31/50, Training Loss: 1.2409606438693705
2024-07-03 10:22:11 - INFO - Epoch: 31/50, Validation Loss: 1.302692870318227, Accuracy: 50.840609045043955%
2024-07-03 10:22:58 - INFO - Epoch: 32/50, Training Loss: 1.3165185105950432
2024-07-03 10:23:03 - INFO - Epoch: 32/50, Validation Loss: 1.2541739093099256, Accuracy: 53.50593637654452%
2024-07-03 10:23:50 - INFO - Epoch: 33/50, Training Loss: 1.2915099664708738
2024-07-03 10:23:55 - INFO - Epoch: 33/50, Validation Loss: 1.3340889691672733, Accuracy: 50.580798163197485%
2024-07-03 10:24:43 - INFO - Epoch: 34/50, Training Loss: 1.374431190901531
2024-07-03 10:24:48 - INFO - Epoch: 34/50, Validation Loss: 1.3186688053256477, Accuracy: 50.54530074620102%
2024-07-03 10:25:35 - INFO - Epoch: 35/50, Training Loss: 1.4485707004874613
2024-07-03 10:25:40 - INFO - Epoch: 35/50, Validation Loss: 1.3076983185250037, Accuracy: 50.385940001812635%
2024-07-03 10:26:27 - INFO - Epoch: 36/50, Training Loss: 1.3050519041663036
2024-07-03 10:26:33 - INFO - Epoch: 36/50, Validation Loss: 1.2285017245860996, Accuracy: 51.863236760218726%
2024-07-03 10:27:19 - INFO - Epoch: 37/50, Training Loss: 1.1959849899952513
2024-07-03 10:27:24 - INFO - Epoch: 37/50, Validation Loss: 1.09724339968113, Accuracy: 54.347300685779885%
2024-07-03 10:28:10 - INFO - Epoch: 38/50, Training Loss: 1.1328570797513682
2024-07-03 10:28:16 - INFO - Epoch: 38/50, Validation Loss: 1.1602236385101163, Accuracy: 54.24534001993897%
2024-07-03 10:29:03 - INFO - Epoch: 39/50, Training Loss: 1.2248044469006227
2024-07-03 10:29:08 - INFO - Epoch: 39/50, Validation Loss: 1.2060650451970365, Accuracy: 52.414579619951056%
2024-07-03 10:29:55 - INFO - Epoch: 40/50, Training Loss: 1.2919234177840395
2024-07-03 10:30:00 - INFO - Epoch: 40/50, Validation Loss: 1.1798715817288767, Accuracy: 52.5875351197849%
2024-07-03 10:30:48 - INFO - Epoch: 41/50, Training Loss: 1.3246466315861425
2024-07-03 10:30:53 - INFO - Epoch: 41/50, Validation Loss: 1.3844221320458805, Accuracy: 54.410742877858674%
2024-07-03 10:31:41 - INFO - Epoch: 42/50, Training Loss: 1.5554992647534582
2024-07-03 10:31:46 - INFO - Epoch: 42/50, Validation Loss: 1.5697279296502105, Accuracy: 52.002205371438926%
2024-07-03 10:32:33 - INFO - Epoch: 43/50, Training Loss: 1.7023633125036912
2024-07-03 10:32:38 - INFO - Epoch: 43/50, Validation Loss: 2.0533128222040995, Accuracy: 54.543669375547566%
2024-07-03 10:33:24 - INFO - Epoch: 44/50, Training Loss: 1.8033600802105254
2024-07-03 10:33:29 - INFO - Epoch: 44/50, Validation Loss: 1.8256833794728864, Accuracy: 53.405486239086436%
2024-07-03 10:34:16 - INFO - Epoch: 45/50, Training Loss: 1.7518915695058603
2024-07-03 10:34:21 - INFO - Epoch: 45/50, Validation Loss: 1.707694953798153, Accuracy: 53.52934956647835%
2024-07-03 10:35:08 - INFO - Epoch: 46/50, Training Loss: 1.7555497339262716
2024-07-03 10:35:13 - INFO - Epoch: 46/50, Validation Loss: 1.6792891807404045, Accuracy: 53.43116522159451%
2024-07-03 10:36:00 - INFO - Epoch: 47/50, Training Loss: 1.7710022689885365
2024-07-03 10:36:05 - INFO - Epoch: 47/50, Validation Loss: 1.5887672638996837, Accuracy: 52.916830307241476%
2024-07-03 10:36:53 - INFO - Epoch: 48/50, Training Loss: 1.630002218687978
2024-07-03 10:36:58 - INFO - Epoch: 48/50, Validation Loss: 1.5147111594763396, Accuracy: 53.057309446844506%
2024-07-03 10:37:45 - INFO - Epoch: 49/50, Training Loss: 1.4796473843758091
2024-07-03 10:37:50 - INFO - Epoch: 49/50, Validation Loss: 1.4843242807973693, Accuracy: 54.22419262257938%
2024-07-03 10:38:37 - INFO - Epoch: 50/50, Training Loss: 1.3716286055027085
2024-07-03 10:38:42 - INFO - Epoch: 50/50, Validation Loss: 1.4932906739431744, Accuracy: 52.07395546962327%
2024-07-03 10:38:42 - INFO - Finished training model.
2024-07-03 10:38:43 - INFO - Model saved to lstm_classifier_dc.pth and vocabulary saved to vocab_dc.pkl
