2024-06-19 01:54:26 - INFO - This log entry will go into a uniquely named file for this run.
2024-06-19 01:54:26 - INFO - Starting LSTM model training...
2024-06-19 01:54:26 - INFO - Optimizer=RMSprop
2024-06-19 01:54:26 - INFO - epochs=1000
2024-06-19 01:54:26 - INFO - batch_size=8
2024-06-19 01:54:26 - INFO - File=codeExamples.txt
2024-06-19 01:54:26 - INFO - Learning Rate=0.01
2024-06-19 01:54:29 - INFO - Starting LSTM model training...
2024-06-19 01:54:45 - INFO - Epoch 1/1000, Loss: 1.7270641128028204
2024-06-19 01:55:10 - INFO - Epoch 2/1000, Loss: 1.6368683880577801
2024-06-19 01:55:42 - INFO - Epoch 3/1000, Loss: 1.473788791707341
2024-06-19 01:56:15 - INFO - Epoch 4/1000, Loss: 1.4282254017782137
2024-06-19 01:56:48 - INFO - Epoch 5/1000, Loss: 1.5757391299296195
2024-06-19 01:57:20 - INFO - Epoch 6/1000, Loss: 1.4069396288930325
2024-06-19 01:57:53 - INFO - Epoch 7/1000, Loss: 1.4448298223984046
2024-06-19 01:58:25 - INFO - Epoch 8/1000, Loss: 1.3977575916041058
2024-06-19 01:58:57 - INFO - Epoch 9/1000, Loss: 1.4248927025506173
2024-06-19 01:59:30 - INFO - Epoch 10/1000, Loss: 1.6614172680853512
2024-06-19 02:00:02 - INFO - Epoch 11/1000, Loss: 1.4299752909795944
2024-06-19 02:00:34 - INFO - Epoch 12/1000, Loss: 1.3876473117571786
2024-06-19 02:01:07 - INFO - Epoch 13/1000, Loss: 1.4396691628370868
2024-06-19 02:01:39 - INFO - Epoch 14/1000, Loss: 1.3803658402241634
2024-06-19 02:02:12 - INFO - Epoch 15/1000, Loss: 1.5986529206573528
2024-06-19 02:02:44 - INFO - Epoch 16/1000, Loss: 1.3894735312925104
2024-06-19 02:03:16 - INFO - Epoch 17/1000, Loss: 1.384589625309242
2024-06-19 02:03:48 - INFO - Epoch 18/1000, Loss: 1.4058145019724706
2024-06-19 02:04:21 - INFO - Epoch 19/1000, Loss: 1.4875962309151776
2024-06-19 02:04:53 - INFO - Epoch 20/1000, Loss: 2.112183873570182
2024-06-19 02:05:26 - INFO - Epoch 21/1000, Loss: 1.3940180204477968
2024-06-19 02:05:58 - INFO - Epoch 22/1000, Loss: 1.3776843905315923
2024-06-19 02:06:30 - INFO - Epoch 23/1000, Loss: 2.2833800963464874
2024-06-19 02:07:03 - INFO - Epoch 24/1000, Loss: 1.3848362200619126
2024-06-19 02:07:35 - INFO - Epoch 25/1000, Loss: 1.3936473352498038
2024-06-19 02:08:08 - INFO - Epoch 26/1000, Loss: 1.4265225042108434
2024-06-19 02:08:40 - INFO - Epoch 27/1000, Loss: 1.3751244646111043
2024-06-19 02:09:13 - INFO - Epoch 28/1000, Loss: 1.7897163878168536
2024-06-19 02:09:46 - INFO - Epoch 29/1000, Loss: 1.3890512515099618
2024-06-19 02:10:18 - INFO - Epoch 30/1000, Loss: 1.3738590042439154
2024-06-19 02:10:51 - INFO - Epoch 31/1000, Loss: 1.4523394739994115
2024-06-19 02:11:23 - INFO - Epoch 32/1000, Loss: 1.3617927957843416
2024-06-19 02:11:56 - INFO - Epoch 33/1000, Loss: 1.362220467228562
2024-06-19 02:12:28 - INFO - Epoch 34/1000, Loss: 1.4314178862410134
2024-06-19 02:13:01 - INFO - Epoch 35/1000, Loss: 1.4029955340025786
2024-06-19 02:13:33 - INFO - Epoch 36/1000, Loss: 1.3829126549621553
2024-06-19 02:14:05 - INFO - Epoch 37/1000, Loss: 1.490233558916743
2024-06-19 02:14:38 - INFO - Epoch 38/1000, Loss: 1.394862501706471
2024-06-19 02:15:10 - INFO - Epoch 39/1000, Loss: 1.4242082673214538
2024-06-19 02:15:43 - INFO - Epoch 40/1000, Loss: 1.5495044191858456
2024-06-19 02:16:16 - INFO - Epoch 41/1000, Loss: 1.6315206190158105
2024-06-19 02:16:48 - INFO - Epoch 42/1000, Loss: 1.4750569784308236
2024-06-19 02:17:21 - INFO - Epoch 43/1000, Loss: 1.4368658172049704
2024-06-19 02:17:53 - INFO - Epoch 44/1000, Loss: 1.8410299834344852
2024-06-19 02:18:26 - INFO - Epoch 45/1000, Loss: 1.528799658868844
2024-06-19 02:18:58 - INFO - Epoch 46/1000, Loss: 1.4099003745495167
2024-06-19 02:19:31 - INFO - Epoch 47/1000, Loss: 1.4030445721441136
2024-06-19 02:20:04 - INFO - Epoch 48/1000, Loss: 1.3649356387839935
2024-06-19 02:20:36 - INFO - Epoch 49/1000, Loss: 1.404059294284627
2024-06-19 02:21:09 - INFO - Epoch 50/1000, Loss: 1.435063027398543
2024-06-19 02:21:41 - INFO - Epoch 51/1000, Loss: 1.5456992267498393
2024-06-19 02:22:14 - INFO - Epoch 52/1000, Loss: 1.4099140186270582
2024-06-19 02:22:46 - INFO - Epoch 53/1000, Loss: 1.4068713928650973
2024-06-19 02:23:19 - INFO - Epoch 54/1000, Loss: 1.4243711827246042
2024-06-19 02:23:51 - INFO - Epoch 55/1000, Loss: 1.3728538826305388
2024-06-19 02:24:24 - INFO - Epoch 56/1000, Loss: 1.3893435423285405
2024-06-19 02:24:57 - INFO - Epoch 57/1000, Loss: 1.3779609686966605
2024-06-19 02:25:29 - INFO - Epoch 58/1000, Loss: 1.44803782452634
2024-06-19 02:26:02 - INFO - Epoch 59/1000, Loss: 1.7484829719166473
2024-06-19 02:26:34 - INFO - Epoch 60/1000, Loss: 1.6034631434247422
2024-06-19 02:27:07 - INFO - Epoch 61/1000, Loss: 1.4063142974944216
2024-06-19 02:27:39 - INFO - Epoch 62/1000, Loss: 1.4781690606156392
2024-06-19 02:28:12 - INFO - Epoch 63/1000, Loss: 1.5464369561201978
2024-06-19 02:28:44 - INFO - Epoch 64/1000, Loss: 1.624826152476618
2024-06-19 02:29:17 - INFO - Epoch 65/1000, Loss: 1.4040577914383112
2024-06-19 02:29:49 - INFO - Epoch 66/1000, Loss: 1.5076403953770527
2024-06-19 02:30:22 - INFO - Epoch 67/1000, Loss: 1.3642140278888037
2024-06-19 02:30:54 - INFO - Epoch 68/1000, Loss: 1.3969753210234164
2024-06-19 02:31:27 - INFO - Epoch 69/1000, Loss: 1.620947416914904
2024-06-19 02:32:00 - INFO - Epoch 70/1000, Loss: 1.3819851226145679
2024-06-19 02:32:32 - INFO - Epoch 71/1000, Loss: 1.4370913839886579
2024-06-19 02:33:05 - INFO - Epoch 72/1000, Loss: 1.459381018944799
2024-06-19 02:33:37 - INFO - Epoch 73/1000, Loss: 1.4049846487542228
2024-06-19 02:34:10 - INFO - Epoch 74/1000, Loss: 1.4023177342945043
2024-06-19 02:34:42 - INFO - Epoch 75/1000, Loss: 1.429958614845109
2024-06-19 02:35:15 - INFO - Epoch 76/1000, Loss: 1.3757941591417153
2024-06-19 02:35:48 - INFO - Epoch 77/1000, Loss: 1.3874868913178104
2024-06-19 02:36:20 - INFO - Epoch 78/1000, Loss: 1.4269527807524915
2024-06-19 02:36:53 - INFO - Epoch 79/1000, Loss: 1.3782595743853383
2024-06-19 02:37:25 - INFO - Epoch 80/1000, Loss: 1.3793282191169227
2024-06-19 02:37:57 - INFO - Epoch 81/1000, Loss: 3.285049611696587
2024-06-19 02:38:30 - INFO - Epoch 82/1000, Loss: 1.399022234973729
2024-06-19 02:39:02 - INFO - Epoch 83/1000, Loss: 1.3590934427677324
2024-06-19 02:39:35 - INFO - Epoch 84/1000, Loss: 1.47017229302671
2024-06-19 02:40:07 - INFO - Epoch 85/1000, Loss: 1.3913240931397928
2024-06-19 02:40:40 - INFO - Epoch 86/1000, Loss: 1.3540616227535613
2024-06-19 02:41:12 - INFO - Epoch 87/1000, Loss: 1.3995408565526348
2024-06-19 02:41:45 - INFO - Epoch 88/1000, Loss: 1.400126525529873
2024-06-19 02:42:18 - INFO - Epoch 89/1000, Loss: 1.3781948419873011
2024-06-19 02:42:50 - INFO - Epoch 90/1000, Loss: 1.383235235834412
2024-06-19 02:43:23 - INFO - Epoch 91/1000, Loss: 3.273514431157837
2024-06-19 02:43:55 - INFO - Epoch 92/1000, Loss: 1.3402390825484125
2024-06-19 02:44:28 - INFO - Epoch 93/1000, Loss: 1.3751330377617756
2024-06-19 02:45:00 - INFO - Epoch 94/1000, Loss: 1.4732087240781888
2024-06-19 02:45:33 - INFO - Epoch 95/1000, Loss: 1.3904892619348928
2024-06-19 02:46:05 - INFO - Epoch 96/1000, Loss: 1.3760437352667403
2024-06-19 02:46:38 - INFO - Epoch 97/1000, Loss: 1.3672412371295204
2024-06-19 02:47:10 - INFO - Epoch 98/1000, Loss: 1.3784616582811833
2024-06-19 02:47:42 - INFO - Epoch 99/1000, Loss: 1.3668047266957795
2024-06-19 02:48:15 - INFO - Epoch 100/1000, Loss: 1.4498512757787012
2024-06-19 02:48:47 - INFO - Epoch 101/1000, Loss: 1.3924286152710506
2024-06-19 02:49:20 - INFO - Epoch 102/1000, Loss: 1.7513233059005513
2024-06-19 02:49:53 - INFO - Epoch 103/1000, Loss: 1.825058809989323
2024-06-19 02:50:25 - INFO - Epoch 104/1000, Loss: 1.4707372725904833
2024-06-19 02:50:58 - INFO - Epoch 105/1000, Loss: 1.3692024726002794
2024-06-19 02:51:30 - INFO - Epoch 106/1000, Loss: 1.4154573494390714
2024-06-19 02:52:03 - INFO - Epoch 107/1000, Loss: 1.3533224353929285
2024-06-19 02:52:36 - INFO - Epoch 108/1000, Loss: 1.3566629090416311
2024-06-19 02:53:08 - INFO - Epoch 109/1000, Loss: 1.3857419750450302
2024-06-19 02:53:41 - INFO - Epoch 110/1000, Loss: 1.6629171943152539
2024-06-19 02:54:13 - INFO - Epoch 111/1000, Loss: 1.391390434871551
2024-06-19 02:54:46 - INFO - Epoch 112/1000, Loss: 1.3482554141976304
2024-06-19 02:55:18 - INFO - Epoch 113/1000, Loss: 1.4306413088666952
2024-06-19 02:55:51 - INFO - Epoch 114/1000, Loss: 1.3590210294372194
2024-06-19 02:56:24 - INFO - Epoch 115/1000, Loss: 1.3732131126562777
2024-06-19 02:56:56 - INFO - Epoch 116/1000, Loss: 1.5585694418250282
2024-06-19 02:57:29 - INFO - Epoch 117/1000, Loss: 1.3895535120107703
2024-06-19 02:58:01 - INFO - Epoch 118/1000, Loss: 2.24928245719316
2024-06-19 02:58:34 - INFO - Epoch 119/1000, Loss: 1.3913370237687428
2024-06-19 02:59:06 - INFO - Epoch 120/1000, Loss: 1.3639890594567314
2024-06-19 02:59:39 - INFO - Epoch 121/1000, Loss: 1.3804987771532244
2024-06-19 03:00:11 - INFO - Epoch 122/1000, Loss: 1.3744568921767955
2024-06-19 03:00:44 - INFO - Epoch 123/1000, Loss: 1.3576236790107483
2024-06-19 03:01:16 - INFO - Epoch 124/1000, Loss: 1.5773246235823757
2024-06-19 03:01:49 - INFO - Epoch 125/1000, Loss: 1.4278980912354535
2024-06-19 03:02:22 - INFO - Epoch 126/1000, Loss: 1.6111395966112876
2024-06-19 03:02:54 - INFO - Epoch 127/1000, Loss: 1.3441314763483774
2024-06-19 03:03:27 - INFO - Epoch 128/1000, Loss: 1.4708077608680135
2024-06-19 03:03:59 - INFO - Epoch 129/1000, Loss: 1.425326220199763
2024-06-19 03:04:32 - INFO - Epoch 130/1000, Loss: 1.3898424128120606
2024-06-19 03:05:04 - INFO - Epoch 131/1000, Loss: 1.383987612689505
2024-06-19 03:05:37 - INFO - Epoch 132/1000, Loss: 1.3479562020864813
2024-06-19 03:06:10 - INFO - Epoch 133/1000, Loss: 1.4811537739057252
2024-06-19 03:06:42 - INFO - Epoch 134/1000, Loss: 1.4421313429169147
2024-06-19 03:07:15 - INFO - Epoch 135/1000, Loss: 1.4147071815327232
2024-06-19 03:07:47 - INFO - Epoch 136/1000, Loss: 1.4734047523093667
2024-06-19 03:08:20 - INFO - Epoch 137/1000, Loss: 1.3920616727781745
2024-06-19 03:08:52 - INFO - Epoch 138/1000, Loss: 1.385324627974207
2024-06-19 03:09:25 - INFO - Epoch 139/1000, Loss: 1.5231234896871793
2024-06-19 03:09:57 - INFO - Epoch 140/1000, Loss: 2.0846455845546674
2024-06-19 03:10:29 - INFO - Epoch 141/1000, Loss: 1.4440483224002385
2024-06-19 03:11:02 - INFO - Epoch 142/1000, Loss: 1.4462017025989906
2024-06-19 03:11:34 - INFO - Epoch 143/1000, Loss: 1.365139326551428
2024-06-19 03:12:07 - INFO - Epoch 144/1000, Loss: 3.246578574141814
2024-06-19 03:12:40 - INFO - Epoch 145/1000, Loss: 1.337243063116386
2024-06-19 03:13:12 - INFO - Epoch 146/1000, Loss: 1.7375261620998284
2024-06-19 03:13:45 - INFO - Epoch 147/1000, Loss: 1.4011664880910732
2024-06-19 03:14:17 - INFO - Epoch 148/1000, Loss: 1.7055321825280414
2024-06-19 03:14:50 - INFO - Epoch 149/1000, Loss: 1.4507840661159626
2024-06-19 03:15:22 - INFO - Epoch 150/1000, Loss: 1.4371609468994373
2024-06-19 03:15:55 - INFO - Epoch 151/1000, Loss: 1.406576420974849
2024-06-19 03:16:27 - INFO - Epoch 152/1000, Loss: 1.416564509400717
2024-06-19 03:17:00 - INFO - Epoch 153/1000, Loss: 1.458686561115515
2024-06-19 03:17:33 - INFO - Epoch 154/1000, Loss: 1.6453521141407241
2024-06-19 03:18:05 - INFO - Epoch 155/1000, Loss: 1.527854225139779
2024-06-19 03:18:38 - INFO - Epoch 156/1000, Loss: 1.7394911084601705
2024-06-19 03:19:10 - INFO - Epoch 157/1000, Loss: 1.4141656809555672
2024-06-19 03:19:43 - INFO - Epoch 158/1000, Loss: 1.3776948004510785
2024-06-19 03:20:16 - INFO - Epoch 159/1000, Loss: 1.4007402934140587
2024-06-19 03:20:48 - INFO - Epoch 160/1000, Loss: 1.371541617918296
2024-06-19 03:21:21 - INFO - Epoch 161/1000, Loss: 1.4951142889959168
2024-06-19 03:21:53 - INFO - Epoch 162/1000, Loss: 1.402406060218545
2024-06-19 03:22:26 - INFO - Epoch 163/1000, Loss: 1.4073687336692329
2024-06-19 03:22:58 - INFO - Epoch 164/1000, Loss: 1.3968120109711886
2024-06-19 03:23:31 - INFO - Epoch 165/1000, Loss: 1.3477901082912072
2024-06-19 03:24:04 - INFO - Epoch 166/1000, Loss: 1.5296741429966918
2024-06-19 03:24:36 - INFO - Epoch 167/1000, Loss: 1.376904401795023
2024-06-19 03:25:09 - INFO - Epoch 168/1000, Loss: 1.7043973190046469
2024-06-19 03:25:41 - INFO - Epoch 169/1000, Loss: 1.3791877650161204
2024-06-19 03:26:14 - INFO - Epoch 170/1000, Loss: 1.4180675361499246
2024-06-19 03:26:46 - INFO - Epoch 171/1000, Loss: 1.3697719071520171
2024-06-19 03:27:19 - INFO - Epoch 172/1000, Loss: 1.379399196650977
2024-06-19 03:27:52 - INFO - Epoch 173/1000, Loss: 1.3974538847408562
2024-06-19 03:28:24 - INFO - Epoch 174/1000, Loss: 1.462393803044143
2024-06-19 03:28:57 - INFO - Epoch 175/1000, Loss: 2.844497903223534
2024-06-19 03:29:29 - INFO - Epoch 176/1000, Loss: 1.4445604857391368
2024-06-19 03:30:02 - INFO - Epoch 177/1000, Loss: 1.3693197347521255
2024-06-19 03:30:34 - INFO - Epoch 178/1000, Loss: 1.390936233725629
2024-06-19 03:31:07 - INFO - Epoch 179/1000, Loss: 1.33809968691593
2024-06-19 03:31:39 - INFO - Epoch 180/1000, Loss: 1.4569763811358414
2024-06-19 03:32:12 - INFO - Epoch 181/1000, Loss: 1.3764011936349438
2024-06-19 03:32:45 - INFO - Epoch 182/1000, Loss: 1.3498421151845386
2024-06-19 03:33:17 - INFO - Epoch 183/1000, Loss: 1.4720639133228393
2024-06-19 03:33:50 - INFO - Epoch 184/1000, Loss: 1.3848500221764055
2024-06-19 03:34:22 - INFO - Epoch 185/1000, Loss: 1.435235499172027
2024-06-19 03:34:55 - INFO - Epoch 186/1000, Loss: 1.5344948228037363
2024-06-19 03:35:28 - INFO - Epoch 187/1000, Loss: 1.427381941102757
2024-06-19 03:36:00 - INFO - Epoch 188/1000, Loss: 1.7325498091151057
2024-06-19 03:36:33 - INFO - Epoch 189/1000, Loss: 1.3491711553917105
2024-06-19 03:37:05 - INFO - Epoch 190/1000, Loss: 1.5061783353437779
2024-06-19 03:37:38 - INFO - Epoch 191/1000, Loss: 1.481700274896429
2024-06-19 03:38:10 - INFO - Epoch 192/1000, Loss: 1.3833602077083895
2024-06-19 03:38:43 - INFO - Epoch 193/1000, Loss: 1.4187635862943113
2024-06-19 03:39:15 - INFO - Epoch 194/1000, Loss: 1.3876142177943964
2024-06-19 03:39:48 - INFO - Epoch 195/1000, Loss: 1.4281948374631332
2024-06-19 03:40:21 - INFO - Epoch 196/1000, Loss: 1.4062964632821118
2024-06-19 03:40:53 - INFO - Epoch 197/1000, Loss: 1.3822051063425864
2024-06-19 03:41:26 - INFO - Epoch 198/1000, Loss: 2.2702332733492776
2024-06-19 03:41:58 - INFO - Epoch 199/1000, Loss: 1.4492815549900158
2024-06-19 03:42:31 - INFO - Epoch 200/1000, Loss: 1.4072527934421817
2024-06-19 03:43:04 - INFO - Epoch 201/1000, Loss: 1.6921975308965065
2024-06-19 03:43:36 - INFO - Epoch 202/1000, Loss: 1.4860355535023648
2024-06-19 03:44:09 - INFO - Epoch 203/1000, Loss: 1.388941376920647
2024-06-19 03:44:41 - INFO - Epoch 204/1000, Loss: 1.4676417634781171
2024-06-19 03:45:14 - INFO - Epoch 205/1000, Loss: 1.4224998635493888
2024-06-19 03:45:47 - INFO - Epoch 206/1000, Loss: 1.353256517680005
2024-06-19 03:46:19 - INFO - Epoch 207/1000, Loss: 1.4699436729741064
2024-06-19 03:46:52 - INFO - Epoch 208/1000, Loss: 1.4143877028608536
2024-06-19 03:47:24 - INFO - Epoch 209/1000, Loss: 1.5483194897875583
2024-06-19 03:47:57 - INFO - Epoch 210/1000, Loss: 1.3881532756187192
2024-06-19 03:48:29 - INFO - Epoch 211/1000, Loss: 1.3790476593336
2024-06-19 03:49:02 - INFO - Epoch 212/1000, Loss: 1.422839299202442
2024-06-19 03:49:35 - INFO - Epoch 213/1000, Loss: 2.5273094897749413
2024-06-19 03:50:07 - INFO - Epoch 214/1000, Loss: 1.3818908826286245
2024-06-19 03:50:40 - INFO - Epoch 215/1000, Loss: 1.4279779743955419
2024-06-19 03:51:12 - INFO - Epoch 216/1000, Loss: 1.4812166719225413
2024-06-19 03:51:45 - INFO - Epoch 217/1000, Loss: 1.3637008274808975
2024-06-19 03:52:18 - INFO - Epoch 218/1000, Loss: 1.3861387215129768
2024-06-19 03:52:50 - INFO - Epoch 219/1000, Loss: 1.3882244453100803
2024-06-19 03:53:23 - INFO - Epoch 220/1000, Loss: 2.22210102907391
2024-06-19 03:53:55 - INFO - Epoch 221/1000, Loss: 4.02441962105634
2024-06-19 03:54:28 - INFO - Epoch 222/1000, Loss: 1.4194835915434938
2024-06-19 03:55:00 - INFO - Epoch 223/1000, Loss: 1.5499089956588339
2024-06-19 03:55:33 - INFO - Epoch 224/1000, Loss: 1.7670718574437483
2024-06-19 03:56:06 - INFO - Epoch 225/1000, Loss: 1.4105230081418298
2024-06-19 03:56:38 - INFO - Epoch 226/1000, Loss: 1.3672095735895524
2024-06-19 03:57:11 - INFO - Epoch 227/1000, Loss: 1.424713422214725
2024-06-19 03:57:43 - INFO - Epoch 228/1000, Loss: 1.4552742035964519
2024-06-19 03:58:16 - INFO - Epoch 229/1000, Loss: 1.487142453079847
2024-06-19 03:58:48 - INFO - Epoch 230/1000, Loss: 1.382428297112467
2024-06-19 03:59:21 - INFO - Epoch 231/1000, Loss: 1.8553234781563068
2024-06-19 03:59:54 - INFO - Epoch 232/1000, Loss: 1.7716216285062047
2024-06-19 04:00:26 - INFO - Epoch 233/1000, Loss: 1.4696496663768273
2024-06-19 04:00:59 - INFO - Epoch 234/1000, Loss: 1.3916942785874862
2024-06-19 04:01:31 - INFO - Epoch 235/1000, Loss: 1.4141447872605022
2024-06-19 04:02:04 - INFO - Epoch 236/1000, Loss: 1.3981962887287052
2024-06-19 04:02:36 - INFO - Epoch 237/1000, Loss: 1.4459284538810004
2024-06-19 04:03:09 - INFO - Epoch 238/1000, Loss: 1.4790600516698253
2024-06-19 04:03:42 - INFO - Epoch 239/1000, Loss: 1.5124225630751549
2024-06-19 04:04:14 - INFO - Epoch 240/1000, Loss: 1.5306596480303383
2024-06-19 04:04:47 - INFO - Epoch 241/1000, Loss: 1.3895657623930189
2024-06-19 04:05:19 - INFO - Epoch 242/1000, Loss: 7.679559239958618
2024-06-19 04:05:52 - INFO - Epoch 243/1000, Loss: 1.4641214582575741
2024-06-19 04:06:24 - INFO - Epoch 244/1000, Loss: 1.543874075654017
2024-06-19 04:06:57 - INFO - Epoch 245/1000, Loss: 1.4503774960436457
2024-06-19 04:07:30 - INFO - Epoch 246/1000, Loss: 1.3952381457889818
2024-06-19 04:08:02 - INFO - Epoch 247/1000, Loss: 1.4678830376580376
2024-06-19 04:08:35 - INFO - Epoch 248/1000, Loss: 1.6513067498253862
2024-06-19 04:09:07 - INFO - Epoch 249/1000, Loss: 1.4044182069690714
2024-06-19 04:09:40 - INFO - Epoch 250/1000, Loss: 1.5217308105534382
2024-06-19 04:10:12 - INFO - Epoch 251/1000, Loss: 1.5690103312895864
2024-06-19 04:10:45 - INFO - Epoch 252/1000, Loss: 1.3856631245306334
2024-06-19 04:11:11 - INFO - Epoch 253/1000, Loss: 1.3673079432190165
2024-06-19 04:11:30 - INFO - Epoch 254/1000, Loss: 1.4032497988448496
2024-06-19 04:11:50 - INFO - Epoch 255/1000, Loss: 1.3898253510815437
2024-06-19 04:12:09 - INFO - Epoch 256/1000, Loss: 1.3518010317262443
2024-06-19 04:12:29 - INFO - Epoch 257/1000, Loss: 1.507129512510112
2024-06-19 04:12:48 - INFO - Epoch 258/1000, Loss: 1.4086403582117488
2024-06-19 04:13:07 - INFO - Epoch 259/1000, Loss: 1.4097238498499762
2024-06-19 04:13:27 - INFO - Epoch 260/1000, Loss: 1.4466308629610314
2024-06-19 04:13:46 - INFO - Epoch 261/1000, Loss: 1.377985061604469
2024-06-19 04:14:06 - INFO - Epoch 262/1000, Loss: 1.404788226653901
2024-06-19 04:14:25 - INFO - Epoch 263/1000, Loss: 1.4324089645901656
2024-06-19 04:14:45 - INFO - Epoch 264/1000, Loss: 1.4583135148512847
2024-06-19 04:15:04 - INFO - Epoch 265/1000, Loss: 1.409191756919688
2024-06-19 04:15:23 - INFO - Epoch 266/1000, Loss: 1.4111283925134523
2024-06-19 04:15:43 - INFO - Epoch 267/1000, Loss: 1.3982739740322807
2024-06-19 04:16:02 - INFO - Epoch 268/1000, Loss: 1.42066784223763
2024-06-19 04:16:21 - INFO - Epoch 269/1000, Loss: 1.418971523885663
2024-06-19 04:16:41 - INFO - Epoch 270/1000, Loss: 1.39448069906263
2024-06-19 04:17:00 - INFO - Epoch 271/1000, Loss: 1.562838102974043
2024-06-19 04:17:20 - INFO - Epoch 272/1000, Loss: 1.3915952618390963
2024-06-19 04:17:39 - INFO - Epoch 273/1000, Loss: 1.3985550962487219
2024-06-19 04:17:58 - INFO - Epoch 274/1000, Loss: 1.3702984701272185
2024-06-19 04:18:18 - INFO - Epoch 275/1000, Loss: 1.3768385481325722
2024-06-19 04:18:37 - INFO - Epoch 276/1000, Loss: 1.4048886321506169
2024-06-19 04:18:57 - INFO - Epoch 277/1000, Loss: 1.5833446226990862
2024-06-19 04:19:16 - INFO - Epoch 278/1000, Loss: 1.3751119686925184
2024-06-19 04:19:35 - INFO - Epoch 279/1000, Loss: 1.4228040935526287
2024-06-19 04:19:55 - INFO - Epoch 280/1000, Loss: 1.354067777805884
2024-06-19 04:20:14 - INFO - Epoch 281/1000, Loss: 1.4607396368944279
2024-06-19 04:20:33 - INFO - Epoch 282/1000, Loss: 1.430260254020378
2024-06-19 04:20:53 - INFO - Epoch 283/1000, Loss: 1.3685753947118777
2024-06-19 04:21:12 - INFO - Epoch 284/1000, Loss: 1.7527094703239194
2024-06-19 04:21:31 - INFO - Epoch 285/1000, Loss: 1.4709599025175892
2024-06-19 04:21:51 - INFO - Epoch 286/1000, Loss: 1.5072617393510144
2024-06-19 04:22:10 - INFO - Epoch 287/1000, Loss: 1.3781994485857318
2024-06-19 04:22:29 - INFO - Epoch 288/1000, Loss: 1.3558380290570133
2024-06-19 04:22:49 - INFO - Epoch 289/1000, Loss: 1.3517723633383782
2024-06-19 04:23:08 - INFO - Epoch 290/1000, Loss: 1.368907407670763
2024-06-19 04:23:27 - INFO - Epoch 291/1000, Loss: 1.4389782700778904
2024-06-19 04:23:47 - INFO - Epoch 292/1000, Loss: 1.4545912248361383
2024-06-19 04:24:06 - INFO - Epoch 293/1000, Loss: 1.4038373861652877
2024-06-19 04:24:26 - INFO - Epoch 294/1000, Loss: 1.459110402991093
2024-06-19 04:24:45 - INFO - Epoch 295/1000, Loss: 1.3770693119228987
2024-06-19 04:25:05 - INFO - Epoch 296/1000, Loss: 1.395190072844829
2024-06-19 04:25:24 - INFO - Epoch 297/1000, Loss: 1.4030640756535862
2024-06-19 04:25:43 - INFO - Epoch 298/1000, Loss: 1.380684575351086
2024-06-19 04:26:03 - INFO - Epoch 299/1000, Loss: 1.4729961044412774
2024-06-19 04:26:22 - INFO - Epoch 300/1000, Loss: 1.3816710916937731
2024-06-19 04:26:42 - INFO - Epoch 301/1000, Loss: 1.4037626717818508
2024-06-19 04:27:01 - INFO - Epoch 302/1000, Loss: 1.3716162225874056
2024-06-19 04:27:20 - INFO - Epoch 303/1000, Loss: 1.4275471605095567
2024-06-19 04:27:40 - INFO - Epoch 304/1000, Loss: 1.370596070020417
2024-06-19 04:27:59 - INFO - Epoch 305/1000, Loss: 1.8032874391788565
2024-06-19 04:28:18 - INFO - Epoch 306/1000, Loss: 1.4183156578833824
2024-06-19 04:28:38 - INFO - Epoch 307/1000, Loss: 1.3916241774603129
2024-06-19 04:28:57 - INFO - Epoch 308/1000, Loss: 1.4276719462537413
2024-06-19 04:29:17 - INFO - Epoch 309/1000, Loss: 1.3856777928893227
2024-06-19 04:29:36 - INFO - Epoch 310/1000, Loss: 1.3746112790593363
2024-06-19 04:29:56 - INFO - Epoch 311/1000, Loss: 1.6483272884406621
2024-06-19 04:30:15 - INFO - Epoch 312/1000, Loss: 1.3577513303421551
2024-06-19 04:30:34 - INFO - Epoch 313/1000, Loss: 1.4020859228056333
2024-06-19 04:30:54 - INFO - Epoch 314/1000, Loss: 1.4087288074068283
2024-06-19 04:31:13 - INFO - Epoch 315/1000, Loss: 1.3787401528591858
2024-06-19 04:31:32 - INFO - Epoch 316/1000, Loss: 1.365952041552696
2024-06-19 04:31:52 - INFO - Epoch 317/1000, Loss: 1.357338223196121
2024-06-19 04:32:11 - INFO - Epoch 318/1000, Loss: 1.5567159687924716
2024-06-19 04:32:31 - INFO - Epoch 319/1000, Loss: 1.352613072744868
2024-06-19 04:32:50 - INFO - Epoch 320/1000, Loss: 1.4575871466850572
2024-06-19 04:33:09 - INFO - Epoch 321/1000, Loss: 1.3648269136059608
2024-06-19 04:33:29 - INFO - Epoch 322/1000, Loss: 1.3508365778808773
2024-06-19 04:33:48 - INFO - Epoch 323/1000, Loss: 1.3976855346560617
2024-06-19 04:34:08 - INFO - Epoch 324/1000, Loss: 1.409549336210818
2024-06-19 04:34:27 - INFO - Epoch 325/1000, Loss: 1.3643842549141838
2024-06-19 04:34:46 - INFO - Epoch 326/1000, Loss: 1.3778486612844638
2024-06-19 04:35:06 - INFO - Epoch 327/1000, Loss: 1.5438498593006198
2024-06-19 04:35:25 - INFO - Epoch 328/1000, Loss: 1.3497714043406104
2024-06-19 04:35:44 - INFO - Epoch 329/1000, Loss: 1.3653740796180405
2024-06-19 04:36:04 - INFO - Epoch 330/1000, Loss: 1.390699959547124
2024-06-19 04:36:23 - INFO - Epoch 331/1000, Loss: 1.3742401051353954
2024-06-19 04:36:42 - INFO - Epoch 332/1000, Loss: 1.3807172901609455
2024-06-19 04:37:02 - INFO - Epoch 333/1000, Loss: 1.3484165821398828
2024-06-19 04:37:21 - INFO - Epoch 334/1000, Loss: 1.4670412841603684
2024-06-19 04:37:41 - INFO - Epoch 335/1000, Loss: 1.3904509292660479
2024-06-19 04:38:00 - INFO - Epoch 336/1000, Loss: 1.371034059504366
2024-06-19 04:38:19 - INFO - Epoch 337/1000, Loss: 1.3705033603912782
2024-06-19 04:38:39 - INFO - Epoch 338/1000, Loss: 1.3755099272116211
2024-06-19 04:38:58 - INFO - Epoch 339/1000, Loss: 1.3994741066393313
2024-06-19 04:39:18 - INFO - Epoch 340/1000, Loss: 1.781318065315334
2024-06-19 04:39:37 - INFO - Epoch 341/1000, Loss: 1.4580694937375733
2024-06-19 04:39:57 - INFO - Epoch 342/1000, Loss: 1.3664043835254194
2024-06-19 04:40:16 - INFO - Epoch 343/1000, Loss: 1.3942450455102506
2024-06-19 04:40:35 - INFO - Epoch 344/1000, Loss: 1.339256250115223
2024-06-19 04:40:55 - INFO - Epoch 345/1000, Loss: 1.4001268071315502
2024-06-19 04:41:14 - INFO - Epoch 346/1000, Loss: 1.3877272279459922
2024-06-19 04:41:34 - INFO - Epoch 347/1000, Loss: 1.3944172093444127
2024-06-19 04:41:53 - INFO - Epoch 348/1000, Loss: 1.3870020686717057
2024-06-19 04:42:12 - INFO - Epoch 349/1000, Loss: 1.3420499427095924
2024-06-19 04:42:32 - INFO - Epoch 350/1000, Loss: 1.4461641180622236
2024-06-19 04:42:51 - INFO - Epoch 351/1000, Loss: 1.3245485693940844
2024-06-19 04:43:10 - INFO - Epoch 352/1000, Loss: 1.3915286693109525
2024-06-19 04:43:30 - INFO - Epoch 353/1000, Loss: 1.3391593420241759
2024-06-19 04:43:49 - INFO - Epoch 354/1000, Loss: 1.3645596465394847
2024-06-19 04:44:09 - INFO - Epoch 355/1000, Loss: 1.3211612490459959
2024-06-19 04:44:28 - INFO - Epoch 356/1000, Loss: 1.4117886301290927
2024-06-19 04:44:47 - INFO - Epoch 357/1000, Loss: 1.3893391834566329
2024-06-19 04:45:07 - INFO - Epoch 358/1000, Loss: 1.6629093168825029
2024-06-19 04:45:26 - INFO - Epoch 359/1000, Loss: 1.3414700776913484
2024-06-19 04:45:46 - INFO - Epoch 360/1000, Loss: 1.3458716800282347
2024-06-19 04:46:05 - INFO - Epoch 361/1000, Loss: 1.605957785301537
2024-06-19 04:46:24 - INFO - Epoch 362/1000, Loss: 1.3912831666894812
2024-06-19 04:46:43 - INFO - Epoch 363/1000, Loss: 1.5124577172756837
2024-06-19 04:47:03 - INFO - Epoch 364/1000, Loss: 1.5100687448670773
2024-06-19 04:47:22 - INFO - Epoch 365/1000, Loss: 2.2877892659464423
2024-06-19 04:47:42 - INFO - Epoch 366/1000, Loss: 1.3717617312274717
2024-06-19 04:48:01 - INFO - Epoch 367/1000, Loss: 1.4009869669164534
2024-06-19 04:48:21 - INFO - Epoch 368/1000, Loss: 1.3749741830403783
2024-06-19 04:48:40 - INFO - Epoch 369/1000, Loss: 1.3484891663547762
2024-06-19 04:48:59 - INFO - Epoch 370/1000, Loss: 1.6539889604583287
2024-06-19 04:49:19 - INFO - Epoch 371/1000, Loss: 1.3931204221745457
2024-06-19 04:49:38 - INFO - Epoch 372/1000, Loss: 1.4218257756407044
2024-06-19 04:49:57 - INFO - Epoch 373/1000, Loss: 1.4158773416866182
2024-06-19 04:50:17 - INFO - Epoch 374/1000, Loss: 1.3460478306132502
2024-06-19 04:50:36 - INFO - Epoch 375/1000, Loss: 1.3611508158744643
2024-06-19 04:50:56 - INFO - Epoch 376/1000, Loss: 1.3959993960684172
2024-06-19 04:51:15 - INFO - Epoch 377/1000, Loss: 1.3866201147124706
2024-06-19 04:51:34 - INFO - Epoch 378/1000, Loss: 1.6037589131674772
2024-06-19 04:51:54 - INFO - Epoch 379/1000, Loss: 1.3703310331063463
2024-06-19 04:52:13 - INFO - Epoch 380/1000, Loss: 1.3691409929484795
2024-06-19 04:52:32 - INFO - Epoch 381/1000, Loss: 1.3834993969123521
2024-06-19 04:52:52 - INFO - Epoch 382/1000, Loss: 1.3807194705167498
2024-06-19 04:53:11 - INFO - Epoch 383/1000, Loss: 1.718502768306327
2024-06-19 04:53:31 - INFO - Epoch 384/1000, Loss: 1.4934440661478545
2024-06-19 04:53:50 - INFO - Epoch 385/1000, Loss: 1.4731364913251184
2024-06-19 04:54:09 - INFO - Epoch 386/1000, Loss: 1.4081870132048293
2024-06-19 04:54:29 - INFO - Epoch 387/1000, Loss: 1.7076028598386672
2024-06-19 04:54:48 - INFO - Epoch 388/1000, Loss: 1.3836990753371852
2024-06-19 04:55:08 - INFO - Epoch 389/1000, Loss: 1.4784899031285301
2024-06-19 04:55:27 - INFO - Epoch 390/1000, Loss: 1.3705926103937252
2024-06-19 04:55:46 - INFO - Epoch 391/1000, Loss: 1.3946859606477233
2024-06-19 04:56:06 - INFO - Epoch 392/1000, Loss: 1.4419226529433329
2024-06-19 04:56:25 - INFO - Epoch 393/1000, Loss: 1.4066676828633269
2024-06-19 04:56:45 - INFO - Epoch 394/1000, Loss: 1.7561552839643124
2024-06-19 04:57:04 - INFO - Epoch 395/1000, Loss: 1.473134403674721
2024-06-19 04:57:24 - INFO - Epoch 396/1000, Loss: 1.3495507952348296
2024-06-19 04:57:43 - INFO - Epoch 397/1000, Loss: 1.6377142135503928
2024-06-19 04:58:02 - INFO - Epoch 398/1000, Loss: 1.4054488713178974
2024-06-19 04:58:22 - INFO - Epoch 399/1000, Loss: 1.4210067374023696
2024-06-19 04:58:41 - INFO - Epoch 400/1000, Loss: 1.419562525127033
2024-06-19 04:59:01 - INFO - Epoch 401/1000, Loss: 1.3648718158686637
2024-06-19 04:59:20 - INFO - Epoch 402/1000, Loss: 1.357197699016293
2024-06-19 04:59:39 - INFO - Epoch 403/1000, Loss: 1.364438683070249
2024-06-19 04:59:59 - INFO - Epoch 404/1000, Loss: 1.3762018435870134
2024-06-19 05:00:18 - INFO - Epoch 405/1000, Loss: 1.3748722141428937
2024-06-19 05:00:37 - INFO - Epoch 406/1000, Loss: 1.40582879759364
2024-06-19 05:00:57 - INFO - Epoch 407/1000, Loss: 1.3774926354478731
2024-06-19 05:01:16 - INFO - Epoch 408/1000, Loss: 1.4117749920271156
2024-06-19 05:01:36 - INFO - Epoch 409/1000, Loss: 1.3700177631761408
2024-06-19 05:01:55 - INFO - Epoch 410/1000, Loss: 1.397957088869663
2024-06-19 05:02:15 - INFO - Epoch 411/1000, Loss: 1.4354069908712108
2024-06-19 05:02:34 - INFO - Epoch 412/1000, Loss: 1.3619115303895166
2024-06-19 05:02:53 - INFO - Epoch 413/1000, Loss: 1.323656943939567
2024-06-19 05:03:13 - INFO - Epoch 414/1000, Loss: 1.3338564928896905
2024-06-19 05:03:32 - INFO - Epoch 415/1000, Loss: 1.397438786435215
2024-06-19 05:03:51 - INFO - Epoch 416/1000, Loss: 1.34953710417288
2024-06-19 05:04:11 - INFO - Epoch 417/1000, Loss: 2.6708162063746164
2024-06-19 05:04:30 - INFO - Epoch 418/1000, Loss: 1.532200874280648
2024-06-19 05:04:49 - INFO - Epoch 419/1000, Loss: 1.4937213122282258
2024-06-19 05:05:09 - INFO - Epoch 420/1000, Loss: 1.4724357451129946
2024-06-19 05:05:28 - INFO - Epoch 421/1000, Loss: 1.4080660137312075
2024-06-19 05:05:48 - INFO - Epoch 422/1000, Loss: 1.4697480307531696
2024-06-19 05:06:07 - INFO - Epoch 423/1000, Loss: 1.378723180302903
2024-06-19 05:06:26 - INFO - Epoch 424/1000, Loss: 1.3738800296472915
2024-06-19 05:06:46 - INFO - Epoch 425/1000, Loss: 1.5278651059707304
2024-06-19 05:07:05 - INFO - Epoch 426/1000, Loss: 1.4093643201213166
2024-06-19 05:07:24 - INFO - Epoch 427/1000, Loss: 1.363263096430586
2024-06-19 05:07:44 - INFO - Epoch 428/1000, Loss: 1.5429805843355666
2024-06-19 05:08:03 - INFO - Epoch 429/1000, Loss: 1.461332086594053
2024-06-19 05:08:23 - INFO - Epoch 430/1000, Loss: 1.4396406039225031
2024-06-19 05:08:42 - INFO - Epoch 431/1000, Loss: 1.7495940943750186
2024-06-19 05:09:01 - INFO - Epoch 432/1000, Loss: 1.3882167925175466
2024-06-19 05:09:21 - INFO - Epoch 433/1000, Loss: 1.444120546314987
2024-06-19 05:09:40 - INFO - Epoch 434/1000, Loss: 1.5483895304013189
2024-06-19 05:09:59 - INFO - Epoch 435/1000, Loss: 1.6159622002744012
2024-06-19 05:10:19 - INFO - Epoch 436/1000, Loss: 1.4345007275502142
2024-06-19 05:10:38 - INFO - Epoch 437/1000, Loss: 1.4291428710808345
2024-06-19 05:10:58 - INFO - Epoch 438/1000, Loss: 1.3670764041624104
2024-06-19 05:11:17 - INFO - Epoch 439/1000, Loss: 1.4781564250709631
2024-06-19 05:11:36 - INFO - Epoch 440/1000, Loss: 1.5849346463962761
2024-06-19 05:11:56 - INFO - Epoch 441/1000, Loss: 1.4345353673992034
2024-06-19 05:12:15 - INFO - Epoch 442/1000, Loss: 1.3831487849347124
2024-06-19 05:12:35 - INFO - Epoch 443/1000, Loss: 1.4052375567949607
2024-06-19 05:12:54 - INFO - Epoch 444/1000, Loss: 1.7704364352216726
2024-06-19 05:13:13 - INFO - Epoch 445/1000, Loss: 1.4964182187294808
2024-06-19 05:13:33 - INFO - Epoch 446/1000, Loss: 1.6308652295874777
2024-06-19 05:13:52 - INFO - Epoch 447/1000, Loss: 1.472692076329966
2024-06-19 05:14:12 - INFO - Epoch 448/1000, Loss: 1.7833331319786307
2024-06-19 05:14:31 - INFO - Epoch 449/1000, Loss: 1.4225691309041937
2024-06-19 05:14:50 - INFO - Epoch 450/1000, Loss: 1.4373390772588381
2024-06-19 05:15:10 - INFO - Epoch 451/1000, Loss: 1.5170100144454914
2024-06-19 05:15:29 - INFO - Epoch 452/1000, Loss: 1.679098696393492
2024-06-19 05:15:49 - INFO - Epoch 453/1000, Loss: 1.4488511110307427
2024-06-19 05:16:08 - INFO - Epoch 454/1000, Loss: 1.6721617884645457
2024-06-19 05:16:27 - INFO - Epoch 455/1000, Loss: 1.3855023599317071
2024-06-19 05:16:47 - INFO - Epoch 456/1000, Loss: 1.3968898165355095
2024-06-19 05:17:06 - INFO - Epoch 457/1000, Loss: 1.415602643504633
2024-06-19 05:17:26 - INFO - Epoch 458/1000, Loss: 3.1237405323114475
2024-06-19 05:17:45 - INFO - Epoch 459/1000, Loss: 1.4114076682645529
2024-06-19 05:18:04 - INFO - Epoch 460/1000, Loss: 1.41835005210114
2024-06-19 05:18:24 - INFO - Epoch 461/1000, Loss: 1.4902840906570842
2024-06-19 05:18:43 - INFO - Epoch 462/1000, Loss: 1.3949986578815168
2024-06-19 05:19:03 - INFO - Epoch 463/1000, Loss: 1.4146112929836552
2024-06-19 05:19:22 - INFO - Epoch 464/1000, Loss: 1.3871545453082232
2024-06-19 05:19:41 - INFO - Epoch 465/1000, Loss: 1.3907667602399112
2024-06-19 05:20:01 - INFO - Epoch 466/1000, Loss: 1.3829658297028873
2024-06-19 05:20:20 - INFO - Epoch 467/1000, Loss: 1.402574890980255
2024-06-19 05:20:40 - INFO - Epoch 468/1000, Loss: 2.823706958769688
2024-06-19 05:20:59 - INFO - Epoch 469/1000, Loss: 1.5647028817024677
2024-06-19 05:21:18 - INFO - Epoch 470/1000, Loss: 2.4709887863651776
2024-06-19 05:21:38 - INFO - Epoch 471/1000, Loss: 1.6387448304479593
2024-06-19 05:21:57 - INFO - Epoch 472/1000, Loss: 1.4201023962154928
2024-06-19 05:22:16 - INFO - Epoch 473/1000, Loss: 1.4668149854389576
2024-06-19 05:22:36 - INFO - Epoch 474/1000, Loss: 1.4182376231447023
2024-06-19 05:22:55 - INFO - Epoch 475/1000, Loss: 1.4188678153072203
2024-06-19 05:23:14 - INFO - Epoch 476/1000, Loss: 1.6669970000908974
2024-06-19 05:23:34 - INFO - Epoch 477/1000, Loss: 1.4021307210102576
2024-06-19 05:23:53 - INFO - Epoch 478/1000, Loss: 1.4284871985422143
2024-06-19 05:24:12 - INFO - Epoch 479/1000, Loss: 1.4177034769420405
2024-06-19 05:24:32 - INFO - Epoch 480/1000, Loss: 1.537758440664499
2024-06-19 05:24:51 - INFO - Epoch 481/1000, Loss: 1.3758553246133405
2024-06-19 05:25:11 - INFO - Epoch 482/1000, Loss: 1.618126504410318
2024-06-19 05:25:30 - INFO - Epoch 483/1000, Loss: 1.4218173994751693
2024-06-19 05:25:49 - INFO - Epoch 484/1000, Loss: 2.0845366388037077
2024-06-19 05:26:09 - INFO - Epoch 485/1000, Loss: 3.2497114709623522
2024-06-19 05:26:28 - INFO - Epoch 486/1000, Loss: 1.4086082559623534
2024-06-19 05:26:48 - INFO - Epoch 487/1000, Loss: 1.4382442810174363
2024-06-19 05:27:07 - INFO - Epoch 488/1000, Loss: 1.4441371383579662
2024-06-19 05:27:26 - INFO - Epoch 489/1000, Loss: 1.4642774376533179
2024-06-19 05:27:46 - INFO - Epoch 490/1000, Loss: 1.406810465465722
2024-06-19 05:28:05 - INFO - Epoch 491/1000, Loss: 1.4523361576615874
2024-06-19 05:28:24 - INFO - Epoch 492/1000, Loss: 1.4950852633168141
2024-06-19 05:28:44 - INFO - Epoch 493/1000, Loss: 1.4318240579050223
2024-06-19 05:29:03 - INFO - Epoch 494/1000, Loss: 3.361420678553796
2024-06-19 05:29:22 - INFO - Epoch 495/1000, Loss: 1.5071489191332916
2024-06-19 05:29:42 - INFO - Epoch 496/1000, Loss: 1.4284468185495467
2024-06-19 05:30:01 - INFO - Epoch 497/1000, Loss: 1.4438535109012023
2024-06-19 05:30:21 - INFO - Epoch 498/1000, Loss: 1.4288744968760214
2024-06-19 05:30:40 - INFO - Epoch 499/1000, Loss: 1.4027812782942914
2024-06-19 05:30:59 - INFO - Epoch 500/1000, Loss: 1.416727835159668
2024-06-19 05:31:19 - INFO - Epoch 501/1000, Loss: 1.413713583707732
2024-06-19 05:31:38 - INFO - Epoch 502/1000, Loss: 1.4495041699515434
2024-06-19 05:31:55 - INFO - Epoch 503/1000, Loss: 1.7077192852521814
2024-06-19 05:32:09 - INFO - Epoch 504/1000, Loss: 1.4376049351671143
2024-06-19 05:32:20 - INFO - Epoch 505/1000, Loss: 1.4388210220200155
2024-06-19 05:32:30 - INFO - Epoch 506/1000, Loss: 5.129026123488049
2024-06-19 05:32:42 - INFO - Epoch 507/1000, Loss: 1.404262625738339
2024-06-19 05:32:53 - INFO - Epoch 508/1000, Loss: 1.4103808795558532
2024-06-19 05:33:04 - INFO - Epoch 509/1000, Loss: 1.491341158688797
2024-06-19 05:33:14 - INFO - Epoch 510/1000, Loss: 1.3825536080025809
2024-06-19 05:33:24 - INFO - Epoch 511/1000, Loss: 1.4060387618925283
2024-06-19 05:33:35 - INFO - Epoch 512/1000, Loss: 2.7580987059942035
2024-06-19 05:33:46 - INFO - Epoch 513/1000, Loss: 1.4585682724757114
2024-06-19 05:33:56 - INFO - Epoch 514/1000, Loss: 1.549244588590514
2024-06-19 05:34:07 - INFO - Epoch 515/1000, Loss: 1.4398101919427586
2024-06-19 05:34:17 - INFO - Epoch 516/1000, Loss: 1.3787027788684219
2024-06-19 05:34:28 - INFO - Epoch 517/1000, Loss: 3.2369142345807402
2024-06-19 05:34:39 - INFO - Epoch 518/1000, Loss: 1.3891260524826314
2024-06-19 05:34:50 - INFO - Epoch 519/1000, Loss: 1.4291915023714208
2024-06-19 05:35:00 - INFO - Epoch 520/1000, Loss: 1.5132696898624232
2024-06-19 05:35:11 - INFO - Epoch 521/1000, Loss: 1.39635179123497
2024-06-19 05:35:22 - INFO - Epoch 522/1000, Loss: 2.7745816294675825
2024-06-19 05:35:34 - INFO - Epoch 523/1000, Loss: 1.4492608431164082
2024-06-19 05:35:45 - INFO - Epoch 524/1000, Loss: 1.4182031270680564
2024-06-19 05:35:57 - INFO - Epoch 525/1000, Loss: 1.4899226973419524
2024-06-19 05:36:09 - INFO - Epoch 526/1000, Loss: 1.4738484881626082
2024-06-19 05:36:20 - INFO - Epoch 527/1000, Loss: 1.4355772697919473
2024-06-19 05:36:30 - INFO - Epoch 528/1000, Loss: 1.4269514170666262
2024-06-19 05:36:41 - INFO - Epoch 529/1000, Loss: 2.4875664871473644
2024-06-19 05:36:52 - INFO - Epoch 530/1000, Loss: 1.4051658088889507
2024-06-19 05:37:02 - INFO - Epoch 531/1000, Loss: 1.4623362925552132
2024-06-19 05:37:12 - INFO - Epoch 532/1000, Loss: 1.424169714676061
2024-06-19 05:37:23 - INFO - Epoch 533/1000, Loss: 1.4542732467235995
2024-06-19 05:37:34 - INFO - Epoch 534/1000, Loss: 1.528863482584887
2024-06-19 05:37:44 - INFO - Epoch 535/1000, Loss: 1.4454508161762156
2024-06-19 05:37:55 - INFO - Epoch 536/1000, Loss: 1.3853988078400463
2024-06-19 05:38:06 - INFO - Epoch 537/1000, Loss: 1.3827776503503082
2024-06-19 05:38:17 - INFO - Epoch 538/1000, Loss: 1.3857977180829393
2024-06-19 05:38:27 - INFO - Epoch 539/1000, Loss: 1.3987076884227467
2024-06-19 05:38:39 - INFO - Epoch 540/1000, Loss: 1.388943485963108
2024-06-19 05:38:51 - INFO - Epoch 541/1000, Loss: 1.3838811523160213
2024-06-19 05:39:01 - INFO - Epoch 542/1000, Loss: 1.4386140518882686
2024-06-19 05:39:12 - INFO - Epoch 543/1000, Loss: 1.4419961924422808
2024-06-19 05:39:22 - INFO - Epoch 544/1000, Loss: 1.3972886052168447
2024-06-19 05:39:33 - INFO - Epoch 545/1000, Loss: 1.6571819033825774
2024-06-19 05:39:44 - INFO - Epoch 546/1000, Loss: 1.5176036091497054
2024-06-19 05:39:55 - INFO - Epoch 547/1000, Loss: 1.3890351879736904
2024-06-19 05:40:06 - INFO - Epoch 548/1000, Loss: 1.391492400458128
2024-06-19 05:40:16 - INFO - Epoch 549/1000, Loss: 1.4054395985039232
2024-06-19 05:40:27 - INFO - Epoch 550/1000, Loss: 1.3879278334719929
2024-06-19 05:40:38 - INFO - Epoch 551/1000, Loss: 1.402123473354343
2024-06-19 05:40:50 - INFO - Epoch 552/1000, Loss: 1.599597372004872
2024-06-19 05:41:00 - INFO - Epoch 553/1000, Loss: 1.4820866468023324
2024-06-19 05:41:10 - INFO - Epoch 554/1000, Loss: 1.3957623572039903
2024-06-19 05:41:22 - INFO - Epoch 555/1000, Loss: 1.3645961838653384
2024-06-19 05:41:33 - INFO - Epoch 556/1000, Loss: 1.4164591406682032
2024-06-19 05:41:45 - INFO - Epoch 557/1000, Loss: 1.4355795539855647
2024-06-19 05:41:57 - INFO - Epoch 558/1000, Loss: 1.5810159199109155
2024-06-19 05:42:09 - INFO - Epoch 559/1000, Loss: 1.4149131778614994
2024-06-19 05:42:20 - INFO - Epoch 560/1000, Loss: 1.4473862351497024
2024-06-19 05:42:31 - INFO - Epoch 561/1000, Loss: 1.405042668211351
2024-06-19 05:42:42 - INFO - Epoch 562/1000, Loss: 1.3861161279710483
2024-06-19 05:42:53 - INFO - Epoch 563/1000, Loss: 1.4120587629126642
2024-06-19 05:43:03 - INFO - Epoch 564/1000, Loss: 1.3939770019099298
2024-06-19 05:43:14 - INFO - Epoch 565/1000, Loss: 1.3462079879654416
2024-06-19 05:43:25 - INFO - Epoch 566/1000, Loss: 1.3566295334536211
2024-06-19 05:43:36 - INFO - Epoch 567/1000, Loss: 1.397284179249884
2024-06-19 05:43:46 - INFO - Epoch 568/1000, Loss: 1.3840274389294496
2024-06-19 05:43:57 - INFO - Epoch 569/1000, Loss: 1.8656500124761772
2024-06-19 05:44:08 - INFO - Epoch 570/1000, Loss: 1.341735268962969
2024-06-19 05:44:20 - INFO - Epoch 571/1000, Loss: 1.360998230854216
2024-06-19 05:44:30 - INFO - Epoch 572/1000, Loss: 1.5570232443678071
2024-06-19 05:44:42 - INFO - Epoch 573/1000, Loss: 1.447732975599529
2024-06-19 05:44:54 - INFO - Epoch 574/1000, Loss: 1.611686307350052
2024-06-19 05:45:04 - INFO - Epoch 575/1000, Loss: 1.4174872668712746
2024-06-19 05:45:15 - INFO - Epoch 576/1000, Loss: 1.3762985900248257
2024-06-19 05:45:25 - INFO - Epoch 577/1000, Loss: 1.381453420950413
2024-06-19 05:45:36 - INFO - Epoch 578/1000, Loss: 1.3744745300827745
2024-06-19 05:45:47 - INFO - Epoch 579/1000, Loss: 1.372271207064059
2024-06-19 05:45:58 - INFO - Epoch 580/1000, Loss: 1.374870214253707
2024-06-19 05:46:10 - INFO - Epoch 581/1000, Loss: 1.433881142508428
2024-06-19 05:46:21 - INFO - Epoch 582/1000, Loss: 1.4632540152051075
2024-06-19 05:46:31 - INFO - Epoch 583/1000, Loss: 1.43049729255787
2024-06-19 05:46:42 - INFO - Epoch 584/1000, Loss: 1.3593405649839672
2024-06-19 05:46:54 - INFO - Epoch 585/1000, Loss: 1.346214023850727
2024-06-19 05:47:04 - INFO - Epoch 586/1000, Loss: 1.3973949083733115
2024-06-19 05:47:14 - INFO - Epoch 587/1000, Loss: 1.381522249777613
2024-06-19 05:47:26 - INFO - Epoch 588/1000, Loss: 1.5734906138577167
2024-06-19 05:47:38 - INFO - Epoch 589/1000, Loss: 1.3505475279890122
2024-06-19 05:47:49 - INFO - Epoch 590/1000, Loss: 1.3763913997728079
2024-06-19 05:48:02 - INFO - Epoch 591/1000, Loss: 1.614123592742211
2024-06-19 05:48:13 - INFO - Epoch 592/1000, Loss: 1.3814617404918128
2024-06-19 05:48:24 - INFO - Epoch 593/1000, Loss: 1.4354783113958756
2024-06-19 05:48:34 - INFO - Epoch 594/1000, Loss: 1.3567303559307229
2024-06-19 05:48:45 - INFO - Epoch 595/1000, Loss: 1.3476779649226962
2024-06-19 05:48:56 - INFO - Epoch 596/1000, Loss: 1.3813765164488436
2024-06-19 05:49:07 - INFO - Epoch 597/1000, Loss: 1.3847122051149754
2024-06-19 05:49:17 - INFO - Epoch 598/1000, Loss: 1.3361504524759196
2024-06-19 05:49:28 - INFO - Epoch 599/1000, Loss: 2.3408768105716358
2024-06-19 05:49:38 - INFO - Epoch 600/1000, Loss: 1.4341107369887802
2024-06-19 05:49:48 - INFO - Epoch 601/1000, Loss: 1.40150773186251
2024-06-19 05:50:00 - INFO - Epoch 602/1000, Loss: 1.3858404667818667
2024-06-19 05:50:11 - INFO - Epoch 603/1000, Loss: 1.474605547399893
2024-06-19 05:50:22 - INFO - Epoch 604/1000, Loss: 1.3752691575059308
2024-06-19 05:50:33 - INFO - Epoch 605/1000, Loss: 1.425426107037989
2024-06-19 05:50:44 - INFO - Epoch 606/1000, Loss: 1.37612286596425
2024-06-19 05:50:56 - INFO - Epoch 607/1000, Loss: 1.4081252872215202
2024-06-19 05:51:07 - INFO - Epoch 608/1000, Loss: 1.3777495898174419
2024-06-19 05:51:17 - INFO - Epoch 609/1000, Loss: 1.3577953455383096
2024-06-19 05:51:28 - INFO - Epoch 610/1000, Loss: 1.36456256446294
2024-06-19 05:51:38 - INFO - Epoch 611/1000, Loss: 1.3975448333828628
2024-06-19 05:51:49 - INFO - Epoch 612/1000, Loss: 1.3923302978417122
2024-06-19 05:52:00 - INFO - Epoch 613/1000, Loss: 1.3564044763945151
2024-06-19 05:52:11 - INFO - Epoch 614/1000, Loss: 1.4920907622904633
2024-06-19 05:52:22 - INFO - Epoch 615/1000, Loss: 1.4258775783040636
2024-06-19 05:52:32 - INFO - Epoch 616/1000, Loss: 1.3784103863149408
2024-06-19 05:52:43 - INFO - Epoch 617/1000, Loss: 1.3567266357979593
2024-06-19 05:52:55 - INFO - Epoch 618/1000, Loss: 1.3654653843377462
2024-06-19 05:53:05 - INFO - Epoch 619/1000, Loss: 1.4804982372431421
2024-06-19 05:53:16 - INFO - Epoch 620/1000, Loss: 1.5647003888385662
2024-06-19 05:53:27 - INFO - Epoch 621/1000, Loss: 1.5746377914713132
2024-06-19 05:53:39 - INFO - Epoch 622/1000, Loss: 1.3959054514902194
2024-06-19 05:53:51 - INFO - Epoch 623/1000, Loss: 1.5480097609074308
2024-06-19 05:54:02 - INFO - Epoch 624/1000, Loss: 1.3657823879051307
2024-06-19 05:54:14 - INFO - Epoch 625/1000, Loss: 1.4937591032187698
2024-06-19 05:54:24 - INFO - Epoch 626/1000, Loss: 1.3663870589291167
2024-06-19 05:54:35 - INFO - Epoch 627/1000, Loss: 1.3788763496802952
2024-06-19 05:54:45 - INFO - Epoch 628/1000, Loss: 1.3925225775619101
2024-06-19 05:54:56 - INFO - Epoch 629/1000, Loss: 1.4310838618130772
2024-06-19 05:55:07 - INFO - Epoch 630/1000, Loss: 1.3840423951833112
2024-06-19 05:55:18 - INFO - Epoch 631/1000, Loss: 4.907664700808543
2024-06-19 05:55:28 - INFO - Epoch 632/1000, Loss: 1.3878301718973889
2024-06-19 05:55:39 - INFO - Epoch 633/1000, Loss: 1.3626497995610716
2024-06-19 05:55:49 - INFO - Epoch 634/1000, Loss: 1.3938356348340362
2024-06-19 05:56:00 - INFO - Epoch 635/1000, Loss: 1.3835460098197712
2024-06-19 05:56:11 - INFO - Epoch 636/1000, Loss: 1.3776929485511398
2024-06-19 05:56:21 - INFO - Epoch 637/1000, Loss: 1.3744002941074451
2024-06-19 05:56:32 - INFO - Epoch 638/1000, Loss: 1.3576333437571935
2024-06-19 05:56:43 - INFO - Epoch 639/1000, Loss: 1.6533982760098414
2024-06-19 05:56:54 - INFO - Epoch 640/1000, Loss: 1.3971847146756422
2024-06-19 05:57:04 - INFO - Epoch 641/1000, Loss: 1.3963499107864208
2024-06-19 05:57:15 - INFO - Epoch 642/1000, Loss: 1.5074734262789953
2024-06-19 05:57:25 - INFO - Epoch 643/1000, Loss: 1.5106742630242935
2024-06-19 05:57:36 - INFO - Epoch 644/1000, Loss: 1.3545546139687976
2024-06-19 05:57:47 - INFO - Epoch 645/1000, Loss: 1.4266564878586838
2024-06-19 05:57:57 - INFO - Epoch 646/1000, Loss: 1.350330578383445
2024-06-19 05:58:08 - INFO - Epoch 647/1000, Loss: 1.3485457113983519
2024-06-19 05:58:18 - INFO - Epoch 648/1000, Loss: 1.34052204932192
2024-06-19 05:58:29 - INFO - Epoch 649/1000, Loss: 1.3447423639343146
2024-06-19 05:58:39 - INFO - Epoch 650/1000, Loss: 1.3812439947044513
2024-06-19 05:58:50 - INFO - Epoch 651/1000, Loss: 1.3932999332169578
2024-06-19 05:59:00 - INFO - Epoch 652/1000, Loss: 1.3515755690158742
2024-06-19 05:59:11 - INFO - Epoch 653/1000, Loss: 1.3321967991046015
2024-06-19 05:59:22 - INFO - Epoch 654/1000, Loss: 1.636212781389593
2024-06-19 05:59:34 - INFO - Epoch 655/1000, Loss: 1.4544360298733163
2024-06-19 05:59:46 - INFO - Epoch 656/1000, Loss: 1.3626071780744093
2024-06-19 05:59:57 - INFO - Epoch 657/1000, Loss: 1.348251611028972
2024-06-19 06:00:09 - INFO - Epoch 658/1000, Loss: 1.3522813325230172
2024-06-19 06:00:20 - INFO - Epoch 659/1000, Loss: 1.3895274074552049
2024-06-19 06:00:30 - INFO - Epoch 660/1000, Loss: 1.3479897953112387
2024-06-19 06:00:40 - INFO - Epoch 661/1000, Loss: 1.3489816366233254
2024-06-19 06:00:51 - INFO - Epoch 662/1000, Loss: 1.3361336856904524
2024-06-19 06:01:01 - INFO - Epoch 663/1000, Loss: 1.7004088086961775
2024-06-19 06:01:12 - INFO - Epoch 664/1000, Loss: 1.567922488943124
2024-06-19 06:01:22 - INFO - Epoch 665/1000, Loss: 1.398450878799053
2024-06-19 06:01:33 - INFO - Epoch 666/1000, Loss: 1.351892289670725
2024-06-19 06:01:43 - INFO - Epoch 667/1000, Loss: 1.3966821567708465
2024-06-19 06:01:54 - INFO - Epoch 668/1000, Loss: 1.3669540444295043
2024-06-19 06:02:05 - INFO - Epoch 669/1000, Loss: 1.3315042595104631
2024-06-19 06:02:16 - INFO - Epoch 670/1000, Loss: 1.4740345656265026
2024-06-19 06:02:26 - INFO - Epoch 671/1000, Loss: 1.362426873911753
2024-06-19 06:02:38 - INFO - Epoch 672/1000, Loss: 1.3782232172628917
2024-06-19 06:02:49 - INFO - Epoch 673/1000, Loss: 1.515810429218706
2024-06-19 06:03:01 - INFO - Epoch 674/1000, Loss: 2.1513938092068305
2024-06-19 06:03:11 - INFO - Epoch 675/1000, Loss: 1.4075987447905682
2024-06-19 06:03:22 - INFO - Epoch 676/1000, Loss: 1.3740986231530066
2024-06-19 06:03:32 - INFO - Epoch 677/1000, Loss: 1.3425543833500957
2024-06-19 06:03:43 - INFO - Epoch 678/1000, Loss: 1.3522971716067818
2024-06-19 06:03:54 - INFO - Epoch 679/1000, Loss: 1.4320137417727046
2024-06-19 06:04:05 - INFO - Epoch 680/1000, Loss: 1.441545210924518
2024-06-19 06:04:15 - INFO - Epoch 681/1000, Loss: 1.3688006110353261
2024-06-19 06:04:26 - INFO - Epoch 682/1000, Loss: 1.3744602230881535
2024-06-19 06:04:37 - INFO - Epoch 683/1000, Loss: 1.3343688167133951
2024-06-19 06:04:48 - INFO - Epoch 684/1000, Loss: 1.366946376941529
2024-06-19 06:04:58 - INFO - Epoch 685/1000, Loss: 1.3931029037937084
2024-06-19 06:05:09 - INFO - Epoch 686/1000, Loss: 1.35853121724027
2024-06-19 06:05:20 - INFO - Epoch 687/1000, Loss: 1.350565411428558
2024-06-19 06:05:32 - INFO - Epoch 688/1000, Loss: 1.3632451587849757
2024-06-19 06:05:43 - INFO - Epoch 689/1000, Loss: 1.3684601907682892
2024-06-19 06:05:55 - INFO - Epoch 690/1000, Loss: 1.4445986921682088
2024-06-19 06:06:07 - INFO - Epoch 691/1000, Loss: 1.3604431345782475
2024-06-19 06:06:19 - INFO - Epoch 692/1000, Loss: 1.3908313103939696
2024-06-19 06:06:29 - INFO - Epoch 693/1000, Loss: 1.3780179053804051
2024-06-19 06:06:40 - INFO - Epoch 694/1000, Loss: 1.3779381810884588
2024-06-19 06:06:51 - INFO - Epoch 695/1000, Loss: 1.3595317962824847
2024-06-19 06:07:02 - INFO - Epoch 696/1000, Loss: 1.397446550069724
2024-06-19 06:07:13 - INFO - Epoch 697/1000, Loss: 1.638411599999164
2024-06-19 06:07:24 - INFO - Epoch 698/1000, Loss: 1.410093454862358
2024-06-19 06:07:34 - INFO - Epoch 699/1000, Loss: 1.369575520849669
2024-06-19 06:07:44 - INFO - Epoch 700/1000, Loss: 1.3644933619797548
2024-06-19 06:07:56 - INFO - Epoch 701/1000, Loss: 1.4071139923472156
2024-06-19 06:08:07 - INFO - Epoch 702/1000, Loss: 1.6087504075515864
2024-06-19 06:08:18 - INFO - Epoch 703/1000, Loss: 1.403975293866617
2024-06-19 06:08:29 - INFO - Epoch 704/1000, Loss: 1.3943313841847358
2024-06-19 06:08:40 - INFO - Epoch 705/1000, Loss: 1.3897870475098948
2024-06-19 06:08:52 - INFO - Epoch 706/1000, Loss: 1.5657494295448549
2024-06-19 06:09:03 - INFO - Epoch 707/1000, Loss: 1.3597257005942835
2024-06-19 06:09:14 - INFO - Epoch 708/1000, Loss: 1.3532318754247812
2024-06-19 06:09:25 - INFO - Epoch 709/1000, Loss: 1.3787265271786526
2024-06-19 06:09:35 - INFO - Epoch 710/1000, Loss: 1.3509682225963813
2024-06-19 06:09:46 - INFO - Epoch 711/1000, Loss: 1.3552413624492932
2024-06-19 06:09:57 - INFO - Epoch 712/1000, Loss: 1.3680221625370266
2024-06-19 06:10:07 - INFO - Epoch 713/1000, Loss: 1.6085911423033021
2024-06-19 06:10:18 - INFO - Epoch 714/1000, Loss: 1.4636374027920873
2024-06-19 06:10:29 - INFO - Epoch 715/1000, Loss: 1.4259695308381242
2024-06-19 06:10:39 - INFO - Epoch 716/1000, Loss: 1.4389822821523368
2024-06-19 06:10:51 - INFO - Epoch 717/1000, Loss: 1.433811627780572
2024-06-19 06:11:01 - INFO - Epoch 718/1000, Loss: 1.4329849601883562
2024-06-19 06:11:11 - INFO - Epoch 719/1000, Loss: 1.3595972356714587
2024-06-19 06:11:23 - INFO - Epoch 720/1000, Loss: 1.3739853257642642
2024-06-19 06:11:34 - INFO - Epoch 721/1000, Loss: 1.4131288790876815
2024-06-19 06:11:46 - INFO - Epoch 722/1000, Loss: 1.5923457050381116
2024-06-19 06:11:58 - INFO - Epoch 723/1000, Loss: 1.4457838379045092
2024-06-19 06:12:10 - INFO - Epoch 724/1000, Loss: 1.4320265703668311
2024-06-19 06:12:21 - INFO - Epoch 725/1000, Loss: 1.3525756757190546
2024-06-19 06:12:31 - INFO - Epoch 726/1000, Loss: 1.3501259073800707
2024-06-19 06:12:42 - INFO - Epoch 727/1000, Loss: 1.5343641282479998
2024-06-19 06:12:53 - INFO - Epoch 728/1000, Loss: 1.4074885892340514
2024-06-19 06:13:03 - INFO - Epoch 729/1000, Loss: 1.7768117367254332
2024-06-19 06:13:14 - INFO - Epoch 730/1000, Loss: 1.3948880101975796
2024-06-19 06:13:24 - INFO - Epoch 731/1000, Loss: 1.4535763580635193
2024-06-19 06:13:34 - INFO - Epoch 732/1000, Loss: 1.3787596865685665
2024-06-19 06:13:45 - INFO - Epoch 733/1000, Loss: 1.415592790482539
2024-06-19 06:13:56 - INFO - Epoch 734/1000, Loss: 1.4532239667509177
2024-06-19 06:14:07 - INFO - Epoch 735/1000, Loss: 1.4387423672010247
2024-06-19 06:14:19 - INFO - Epoch 736/1000, Loss: 1.595925948742637
2024-06-19 06:14:29 - INFO - Epoch 737/1000, Loss: 1.3702319650582864
2024-06-19 06:14:40 - INFO - Epoch 738/1000, Loss: 1.3860187226004144
2024-06-19 06:14:51 - INFO - Epoch 739/1000, Loss: 1.380453710287168
2024-06-19 06:15:03 - INFO - Epoch 740/1000, Loss: 1.3873831793192801
2024-06-19 06:15:14 - INFO - Epoch 741/1000, Loss: 1.3733534667081084
2024-06-19 06:15:25 - INFO - Epoch 742/1000, Loss: 1.341205973989078
2024-06-19 06:15:35 - INFO - Epoch 743/1000, Loss: 1.3816149429034716
2024-06-19 06:15:46 - INFO - Epoch 744/1000, Loss: 1.3813873458048824
2024-06-19 06:15:57 - INFO - Epoch 745/1000, Loss: 1.3841018312585707
2024-06-19 06:16:08 - INFO - Epoch 746/1000, Loss: 1.502635620284024
2024-06-19 06:16:18 - INFO - Epoch 747/1000, Loss: 1.3870359867324957
2024-06-19 06:16:29 - INFO - Epoch 748/1000, Loss: 1.4060745985306373
2024-06-19 06:16:39 - INFO - Epoch 749/1000, Loss: 1.4267539437116508
2024-06-19 06:16:50 - INFO - Epoch 750/1000, Loss: 1.3580600885948044
2024-06-19 06:17:01 - INFO - Epoch 751/1000, Loss: 1.3707417760889207
2024-06-19 06:17:11 - INFO - Epoch 752/1000, Loss: 1.3523883474248282
2024-06-19 06:17:22 - INFO - Epoch 753/1000, Loss: 1.3543223078241298
2024-06-19 06:17:34 - INFO - Epoch 754/1000, Loss: 1.354797316834345
2024-06-19 06:17:46 - INFO - Epoch 755/1000, Loss: 1.3805286737575095
2024-06-19 06:17:58 - INFO - Epoch 756/1000, Loss: 1.3578452555882556
2024-06-19 06:18:09 - INFO - Epoch 757/1000, Loss: 1.3739833587888217
2024-06-19 06:18:20 - INFO - Epoch 758/1000, Loss: 1.414536514076313
2024-06-19 06:18:30 - INFO - Epoch 759/1000, Loss: 1.3757998423682636
2024-06-19 06:18:40 - INFO - Epoch 760/1000, Loss: 1.3592621123408948
2024-06-19 06:18:51 - INFO - Epoch 761/1000, Loss: 1.3493848494509686
2024-06-19 06:19:02 - INFO - Epoch 762/1000, Loss: 1.3496111462904266
2024-06-19 06:19:13 - INFO - Epoch 763/1000, Loss: 1.7199914086670167
2024-06-19 06:19:23 - INFO - Epoch 764/1000, Loss: 1.4342828902418918
2024-06-19 06:19:33 - INFO - Epoch 765/1000, Loss: 1.3514861716461863
2024-06-19 06:19:44 - INFO - Epoch 766/1000, Loss: 1.3902202967691304
2024-06-19 06:19:55 - INFO - Epoch 767/1000, Loss: 1.9007930139232334
2024-06-19 06:20:06 - INFO - Epoch 768/1000, Loss: 1.431459635209379
2024-06-19 06:20:17 - INFO - Epoch 769/1000, Loss: 1.4113724094684423
2024-06-19 06:20:28 - INFO - Epoch 770/1000, Loss: 1.4200458051364513
2024-06-19 06:20:39 - INFO - Epoch 771/1000, Loss: 1.601378194392434
2024-06-19 06:20:50 - INFO - Epoch 772/1000, Loss: 1.3560851245574117
2024-06-19 06:21:01 - INFO - Epoch 773/1000, Loss: 1.3793468540867286
2024-06-19 06:21:13 - INFO - Epoch 774/1000, Loss: 1.3474259652640317
2024-06-19 06:21:23 - INFO - Epoch 775/1000, Loss: 1.35271823015006
2024-06-19 06:21:34 - INFO - Epoch 776/1000, Loss: 1.3652646678547888
2024-06-19 06:21:45 - INFO - Epoch 777/1000, Loss: 1.6770339060493555
2024-06-19 06:21:55 - INFO - Epoch 778/1000, Loss: 1.467281577516532
2024-06-19 06:22:06 - INFO - Epoch 779/1000, Loss: 1.4976612179009912
2024-06-19 06:22:17 - INFO - Epoch 780/1000, Loss: 1.4204470170972205
2024-06-19 06:22:28 - INFO - Epoch 781/1000, Loss: 1.435893228879917
2024-06-19 06:22:38 - INFO - Epoch 782/1000, Loss: 1.4887805692513874
2024-06-19 06:22:49 - INFO - Epoch 783/1000, Loss: 1.4126331607085116
2024-06-19 06:23:00 - INFO - Epoch 784/1000, Loss: 1.4248298477141288
2024-06-19 06:23:10 - INFO - Epoch 785/1000, Loss: 1.4035155107822843
2024-06-19 06:23:21 - INFO - Epoch 786/1000, Loss: 1.902330111532992
2024-06-19 06:23:33 - INFO - Epoch 787/1000, Loss: 1.4540228857098831
2024-06-19 06:23:45 - INFO - Epoch 788/1000, Loss: 1.5963723707004045
2024-06-19 06:23:57 - INFO - Epoch 789/1000, Loss: 1.3973765147811215
2024-06-19 06:24:08 - INFO - Epoch 790/1000, Loss: 1.3894099088837921
2024-06-19 06:24:20 - INFO - Epoch 791/1000, Loss: 1.4130397156453756
2024-06-19 06:24:31 - INFO - Epoch 792/1000, Loss: 1.5229853486984848
2024-06-19 06:24:41 - INFO - Epoch 793/1000, Loss: 1.3753364891962254
2024-06-19 06:24:52 - INFO - Epoch 794/1000, Loss: 1.4175910195235744
2024-06-19 06:25:03 - INFO - Epoch 795/1000, Loss: 1.4747383589027085
2024-06-19 06:25:15 - INFO - Epoch 796/1000, Loss: 1.5249025343986966
2024-06-19 06:25:25 - INFO - Epoch 797/1000, Loss: 1.3744720325621302
2024-06-19 06:25:35 - INFO - Epoch 798/1000, Loss: 1.5736335881851997
2024-06-19 06:25:46 - INFO - Epoch 799/1000, Loss: 1.3759689822149528
2024-06-19 06:25:57 - INFO - Epoch 800/1000, Loss: 1.3591327398540263
2024-06-19 06:26:08 - INFO - Epoch 801/1000, Loss: 1.3758160283956402
2024-06-19 06:26:19 - INFO - Epoch 802/1000, Loss: 1.5008058122210337
2024-06-19 06:26:30 - INFO - Epoch 803/1000, Loss: 1.5137141270628203
2024-06-19 06:26:41 - INFO - Epoch 804/1000, Loss: 1.3774363076632001
2024-06-19 06:26:52 - INFO - Epoch 805/1000, Loss: 1.43275125080564
2024-06-19 06:27:03 - INFO - Epoch 806/1000, Loss: 1.3972921326672665
2024-06-19 06:27:15 - INFO - Epoch 807/1000, Loss: 1.3747808117888238
2024-06-19 06:27:26 - INFO - Epoch 808/1000, Loss: 1.3847325798918035
2024-06-19 06:27:36 - INFO - Epoch 809/1000, Loss: 1.4166151579703734
2024-06-19 06:27:47 - INFO - Epoch 810/1000, Loss: 1.375645013853623
2024-06-19 06:27:57 - INFO - Epoch 811/1000, Loss: 1.3754418422580348
2024-06-19 06:28:08 - INFO - Epoch 812/1000, Loss: 1.4504790891304578
2024-06-19 06:28:19 - INFO - Epoch 813/1000, Loss: 1.4536181046574517
2024-06-19 06:28:30 - INFO - Epoch 814/1000, Loss: 1.3642659885696702
2024-06-19 06:28:41 - INFO - Epoch 815/1000, Loss: 3.2443001841155574
2024-06-19 06:28:51 - INFO - Epoch 816/1000, Loss: 1.4207294817411467
2024-06-19 06:29:02 - INFO - Epoch 817/1000, Loss: 1.3980266324081707
2024-06-19 06:29:13 - INFO - Epoch 818/1000, Loss: 1.3618964511402947
2024-06-19 06:29:24 - INFO - Epoch 819/1000, Loss: 1.8988134754212205
2024-06-19 06:29:36 - INFO - Epoch 820/1000, Loss: 1.3556950626909463
2024-06-19 06:29:46 - INFO - Epoch 821/1000, Loss: 1.4597516657057896
2024-06-19 06:29:57 - INFO - Epoch 822/1000, Loss: 1.4038641634653708
2024-06-19 06:30:07 - INFO - Epoch 823/1000, Loss: 1.3664349652520285
2024-06-19 06:30:19 - INFO - Epoch 824/1000, Loss: 1.39854051316737
2024-06-19 06:30:29 - INFO - Epoch 825/1000, Loss: 1.4334291466713307
2024-06-19 06:30:40 - INFO - Epoch 826/1000, Loss: 1.667126552217349
2024-06-19 06:30:50 - INFO - Epoch 827/1000, Loss: 1.338819528646462
2024-06-19 06:31:01 - INFO - Epoch 828/1000, Loss: 1.41500605335463
2024-06-19 06:31:12 - INFO - Epoch 829/1000, Loss: 1.385058662240483
2024-06-19 06:31:22 - INFO - Epoch 830/1000, Loss: 1.3843026811177608
2024-06-19 06:31:32 - INFO - Epoch 831/1000, Loss: 1.6301867761317366
2024-06-19 06:31:43 - INFO - Epoch 832/1000, Loss: 1.397915017395368
2024-06-19 06:31:54 - INFO - Epoch 833/1000, Loss: 1.3452477640259057
2024-06-19 06:32:04 - INFO - Epoch 834/1000, Loss: 1.4449797302258707
2024-06-19 06:32:16 - INFO - Epoch 835/1000, Loss: 1.3582559310148126
2024-06-19 06:32:27 - INFO - Epoch 836/1000, Loss: 1.360756867621623
2024-06-19 06:32:37 - INFO - Epoch 837/1000, Loss: 1.379854745209447
2024-06-19 06:32:48 - INFO - Epoch 838/1000, Loss: 1.3587088418744995
2024-06-19 06:33:00 - INFO - Epoch 839/1000, Loss: 1.5176027087352824
2024-06-19 06:33:12 - INFO - Epoch 840/1000, Loss: 1.460277003995745
2024-06-19 06:33:22 - INFO - Epoch 841/1000, Loss: 1.4215185638973085
2024-06-19 06:33:33 - INFO - Epoch 842/1000, Loss: 1.3869652187331631
2024-06-19 06:33:44 - INFO - Epoch 843/1000, Loss: 1.5250667151877035
2024-06-19 06:33:55 - INFO - Epoch 844/1000, Loss: 1.4310903241210684
2024-06-19 06:34:05 - INFO - Epoch 845/1000, Loss: 1.3509212337402776
2024-06-19 06:34:16 - INFO - Epoch 846/1000, Loss: 1.3940128282274278
2024-06-19 06:34:27 - INFO - Epoch 847/1000, Loss: 1.3401415268508083
2024-06-19 06:34:37 - INFO - Epoch 848/1000, Loss: 1.4528378688177515
2024-06-19 06:34:48 - INFO - Epoch 849/1000, Loss: 1.432646511177391
2024-06-19 06:34:59 - INFO - Epoch 850/1000, Loss: 1.4189983222744253
2024-06-19 06:35:09 - INFO - Epoch 851/1000, Loss: 1.3347218455516028
2024-06-19 06:35:20 - INFO - Epoch 852/1000, Loss: 1.3697315062798534
2024-06-19 06:35:32 - INFO - Epoch 853/1000, Loss: 1.4480698636451126
2024-06-19 06:35:43 - INFO - Epoch 854/1000, Loss: 1.3987148122347943
2024-06-19 06:35:55 - INFO - Epoch 855/1000, Loss: 1.3582330855100617
2024-06-19 06:36:07 - INFO - Epoch 856/1000, Loss: 1.3860794621570525
2024-06-19 06:36:19 - INFO - Epoch 857/1000, Loss: 1.3869833667900546
2024-06-19 06:36:29 - INFO - Epoch 858/1000, Loss: 1.5877226128636037
2024-06-19 06:36:40 - INFO - Epoch 859/1000, Loss: 1.3444874009837589
2024-06-19 06:36:51 - INFO - Epoch 860/1000, Loss: 1.3629058308292288
2024-06-19 06:37:02 - INFO - Epoch 861/1000, Loss: 1.587919912577418
2024-06-19 06:37:13 - INFO - Epoch 862/1000, Loss: 1.5388022810878743
2024-06-19 06:37:23 - INFO - Epoch 863/1000, Loss: 1.4343522825162625
2024-06-19 06:37:34 - INFO - Epoch 864/1000, Loss: 1.3852672269266975
2024-06-19 06:37:45 - INFO - Epoch 865/1000, Loss: 1.45731151141654
2024-06-19 06:37:56 - INFO - Epoch 866/1000, Loss: 1.491268197113581
2024-06-19 06:38:07 - INFO - Epoch 867/1000, Loss: 1.337391370959635
2024-06-19 06:38:18 - INFO - Epoch 868/1000, Loss: 1.4947478918399637
2024-06-19 06:38:29 - INFO - Epoch 869/1000, Loss: 1.3430287456365468
2024-06-19 06:38:40 - INFO - Epoch 870/1000, Loss: 1.377239178487437
2024-06-19 06:38:51 - INFO - Epoch 871/1000, Loss: 1.341454584900097
2024-06-19 06:39:03 - INFO - Epoch 872/1000, Loss: 1.3635401270387673
2024-06-19 06:39:14 - INFO - Epoch 873/1000, Loss: 1.387978969102446
2024-06-19 06:39:25 - INFO - Epoch 874/1000, Loss: 1.47782325146172
2024-06-19 06:39:36 - INFO - Epoch 875/1000, Loss: 1.3591206672017881
2024-06-19 06:39:46 - INFO - Epoch 876/1000, Loss: 1.3267459868262659
2024-06-19 06:39:57 - INFO - Epoch 877/1000, Loss: 1.6286063395589154
2024-06-19 06:40:08 - INFO - Epoch 878/1000, Loss: 1.3588470871623177
2024-06-19 06:40:19 - INFO - Epoch 879/1000, Loss: 1.3501473142889837
2024-06-19 06:40:30 - INFO - Epoch 880/1000, Loss: 1.403613837993345
2024-06-19 06:40:40 - INFO - Epoch 881/1000, Loss: 1.3901897585968843
2024-06-19 06:40:51 - INFO - Epoch 882/1000, Loss: 1.3589890773537512
2024-06-19 06:41:02 - INFO - Epoch 883/1000, Loss: 1.377156971100151
2024-06-19 06:41:13 - INFO - Epoch 884/1000, Loss: 1.3822494959978635
2024-06-19 06:41:24 - INFO - Epoch 885/1000, Loss: 1.3591722152042838
2024-06-19 06:41:36 - INFO - Epoch 886/1000, Loss: 1.56931431982655
2024-06-19 06:41:47 - INFO - Epoch 887/1000, Loss: 1.4079877961750271
2024-06-19 06:41:59 - INFO - Epoch 888/1000, Loss: 1.4000691481588143
2024-06-19 06:42:11 - INFO - Epoch 889/1000, Loss: 1.4327790286951814
2024-06-19 06:42:22 - INFO - Epoch 890/1000, Loss: 1.372028204427018
2024-06-19 06:42:32 - INFO - Epoch 891/1000, Loss: 1.576503749424425
2024-06-19 06:42:43 - INFO - Epoch 892/1000, Loss: 1.3386958213991873
2024-06-19 06:42:54 - INFO - Epoch 893/1000, Loss: 1.6464874171165957
2024-06-19 06:43:05 - INFO - Epoch 894/1000, Loss: 1.3991379567889475
2024-06-19 06:43:15 - INFO - Epoch 895/1000, Loss: 1.4176958423719652
2024-06-19 06:43:26 - INFO - Epoch 896/1000, Loss: 1.3730221023227316
2024-06-19 06:43:36 - INFO - Epoch 897/1000, Loss: 1.3938750290241178
2024-06-19 06:43:46 - INFO - Epoch 898/1000, Loss: 1.400375518703851
2024-06-19 06:43:57 - INFO - Epoch 899/1000, Loss: 1.364353758996874
2024-06-19 06:44:09 - INFO - Epoch 900/1000, Loss: 1.3738876763776784
2024-06-19 06:44:20 - INFO - Epoch 901/1000, Loss: 1.3599715163223094
2024-06-19 06:44:31 - INFO - Epoch 902/1000, Loss: 1.358468604859174
2024-06-19 06:44:42 - INFO - Epoch 903/1000, Loss: 2.104916540171009
2024-06-19 06:44:53 - INFO - Epoch 904/1000, Loss: 1.3649544849505553
2024-06-19 06:45:04 - INFO - Epoch 905/1000, Loss: 1.3791231294108675
2024-06-19 06:45:16 - INFO - Epoch 906/1000, Loss: 1.3607112547443407
2024-06-19 06:45:27 - INFO - Epoch 907/1000, Loss: 1.362548777865703
2024-06-19 06:45:38 - INFO - Epoch 908/1000, Loss: 1.3614213369422747
2024-06-19 06:45:49 - INFO - Epoch 909/1000, Loss: 3.2266753867475666
2024-06-19 06:45:59 - INFO - Epoch 910/1000, Loss: 1.4203633974354641
2024-06-19 06:46:10 - INFO - Epoch 911/1000, Loss: 1.4210310030481126
2024-06-19 06:46:21 - INFO - Epoch 912/1000, Loss: 1.4498681736705592
2024-06-19 06:46:32 - INFO - Epoch 913/1000, Loss: 1.67368902911791
2024-06-19 06:46:43 - INFO - Epoch 914/1000, Loss: 1.3636447453922194
2024-06-19 06:46:53 - INFO - Epoch 915/1000, Loss: 1.4328961946173746
2024-06-19 06:47:04 - INFO - Epoch 916/1000, Loss: 1.358041459707925
2024-06-19 06:47:15 - INFO - Epoch 917/1000, Loss: 1.4211610549830473
2024-06-19 06:47:26 - INFO - Epoch 918/1000, Loss: 1.423076876870637
2024-06-19 06:47:38 - INFO - Epoch 919/1000, Loss: 1.3494457539191933
2024-06-19 06:47:49 - INFO - Epoch 920/1000, Loss: 1.539115032194737
2024-06-19 06:48:01 - INFO - Epoch 921/1000, Loss: 1.4636677122263486
2024-06-19 06:48:13 - INFO - Epoch 922/1000, Loss: 1.479465042564519
2024-06-19 06:48:24 - INFO - Epoch 923/1000, Loss: 1.3498728007310385
2024-06-19 06:48:34 - INFO - Epoch 924/1000, Loss: 1.364938218697226
2024-06-19 06:48:44 - INFO - Epoch 925/1000, Loss: 1.413725766172049
2024-06-19 06:48:55 - INFO - Epoch 926/1000, Loss: 1.3607933974227817
2024-06-19 06:49:06 - INFO - Epoch 927/1000, Loss: 1.9252517503746294
2024-06-19 06:49:17 - INFO - Epoch 928/1000, Loss: 1.4254281453018391
2024-06-19 06:49:28 - INFO - Epoch 929/1000, Loss: 1.4414060787138776
2024-06-19 06:49:38 - INFO - Epoch 930/1000, Loss: 1.3467488684941495
2024-06-19 06:49:49 - INFO - Epoch 931/1000, Loss: 1.463717280083973
2024-06-19 06:50:00 - INFO - Epoch 932/1000, Loss: 1.3932133723819726
2024-06-19 06:50:11 - INFO - Epoch 933/1000, Loss: 1.5104678615900682
2024-06-19 06:50:22 - INFO - Epoch 934/1000, Loss: 1.382705414358367
2024-06-19 06:50:34 - INFO - Epoch 935/1000, Loss: 1.3596216943181665
2024-06-19 06:50:45 - INFO - Epoch 936/1000, Loss: 1.3649499263332678
2024-06-19 06:50:56 - INFO - Epoch 937/1000, Loss: 1.4149952889782655
2024-06-19 06:51:07 - INFO - Epoch 938/1000, Loss: 1.3421552961108043
2024-06-19 06:51:19 - INFO - Epoch 939/1000, Loss: 1.3555301778741957
2024-06-19 06:51:30 - INFO - Epoch 940/1000, Loss: 1.3851973524913956
2024-06-19 06:51:41 - INFO - Epoch 941/1000, Loss: 1.3584872866554616
2024-06-19 06:51:51 - INFO - Epoch 942/1000, Loss: 1.3770664814531135
2024-06-19 06:52:02 - INFO - Epoch 943/1000, Loss: 1.3882480524523635
2024-06-19 06:52:13 - INFO - Epoch 944/1000, Loss: 1.344846643335355
2024-06-19 06:52:24 - INFO - Epoch 945/1000, Loss: 1.3384759032964009
2024-06-19 06:52:35 - INFO - Epoch 946/1000, Loss: 1.3551244997030099
2024-06-19 06:52:45 - INFO - Epoch 947/1000, Loss: 1.6102979899322738
2024-06-19 06:52:56 - INFO - Epoch 948/1000, Loss: 1.3799906505294044
2024-06-19 06:53:07 - INFO - Epoch 949/1000, Loss: 1.367371986040936
2024-06-19 06:53:18 - INFO - Epoch 950/1000, Loss: 1.4557447924012392
2024-06-19 06:53:29 - INFO - Epoch 951/1000, Loss: 1.3465273781910616
2024-06-19 06:53:41 - INFO - Epoch 952/1000, Loss: 1.348076896297213
2024-06-19 06:53:53 - INFO - Epoch 953/1000, Loss: 1.4158898336625922
2024-06-19 06:54:05 - INFO - Epoch 954/1000, Loss: 1.4600916252635276
2024-06-19 06:54:16 - INFO - Epoch 955/1000, Loss: 1.4565039821024863
2024-06-19 06:54:27 - INFO - Epoch 956/1000, Loss: 1.3469181692744878
2024-06-19 06:54:37 - INFO - Epoch 957/1000, Loss: 1.4680913430773463
2024-06-19 06:54:48 - INFO - Epoch 958/1000, Loss: 1.3427466540962107
2024-06-19 06:54:59 - INFO - Epoch 959/1000, Loss: 1.3668976149864678
2024-06-19 06:55:10 - INFO - Epoch 960/1000, Loss: 2.4186909581773404
2024-06-19 06:55:20 - INFO - Epoch 961/1000, Loss: 1.3813592103373438
2024-06-19 06:55:31 - INFO - Epoch 962/1000, Loss: 1.3887789416711034
2024-06-19 06:55:41 - INFO - Epoch 963/1000, Loss: 1.356448574403182
2024-06-19 06:55:52 - INFO - Epoch 964/1000, Loss: 1.3750545857594125
2024-06-19 06:56:03 - INFO - Epoch 965/1000, Loss: 1.409882707827561
2024-06-19 06:56:14 - INFO - Epoch 966/1000, Loss: 1.3700693589977844
2024-06-19 06:56:25 - INFO - Epoch 967/1000, Loss: 1.3602199942165851
2024-06-19 06:56:37 - INFO - Epoch 968/1000, Loss: 1.433086590614134
2024-06-19 06:56:47 - INFO - Epoch 969/1000, Loss: 1.3455584261122926
2024-06-19 06:56:58 - INFO - Epoch 970/1000, Loss: 1.3901948974714704
2024-06-19 06:57:10 - INFO - Epoch 971/1000, Loss: 1.4647812464812617
2024-06-19 06:57:21 - INFO - Epoch 972/1000, Loss: 1.409177813714825
2024-06-19 06:57:32 - INFO - Epoch 973/1000, Loss: 1.3901641878177724
2024-06-19 06:57:43 - INFO - Epoch 974/1000, Loss: 1.3710399086863372
2024-06-19 06:57:53 - INFO - Epoch 975/1000, Loss: 1.4314436161043764
2024-06-19 06:58:04 - INFO - Epoch 976/1000, Loss: 1.3560586699613582
2024-06-19 06:58:15 - INFO - Epoch 977/1000, Loss: 1.4099016413844148
2024-06-19 06:58:25 - INFO - Epoch 978/1000, Loss: 1.3833351103613267
2024-06-19 06:58:36 - INFO - Epoch 979/1000, Loss: 1.760523215304058
2024-06-19 06:58:47 - INFO - Epoch 980/1000, Loss: 1.4722610188761787
2024-06-19 06:58:57 - INFO - Epoch 981/1000, Loss: 1.3482233593555106
2024-06-19 06:59:08 - INFO - Epoch 982/1000, Loss: 1.4310865939115096
2024-06-19 06:59:19 - INFO - Epoch 983/1000, Loss: 1.3521844686859186
2024-06-19 06:59:30 - INFO - Epoch 984/1000, Loss: 1.3294676495015092
2024-06-19 06:59:42 - INFO - Epoch 985/1000, Loss: 1.3590556235375035
2024-06-19 06:59:53 - INFO - Epoch 986/1000, Loss: 1.4245927353198518
2024-06-19 07:00:05 - INFO - Epoch 987/1000, Loss: 1.4324929517945035
2024-06-19 07:00:17 - INFO - Epoch 988/1000, Loss: 1.35515279222254
2024-06-19 07:00:28 - INFO - Epoch 989/1000, Loss: 1.438797666846096
2024-06-19 07:00:38 - INFO - Epoch 990/1000, Loss: 1.3531095242257736
2024-06-19 07:00:49 - INFO - Epoch 991/1000, Loss: 1.3385109960304191
2024-06-19 07:01:00 - INFO - Epoch 992/1000, Loss: 1.3824284206453308
2024-06-19 07:01:11 - INFO - Epoch 993/1000, Loss: 1.3394801735154855
2024-06-19 07:01:22 - INFO - Epoch 994/1000, Loss: 1.4357170805889865
2024-06-19 07:01:32 - INFO - Epoch 995/1000, Loss: 1.412630353518977
2024-06-19 07:01:42 - INFO - Epoch 996/1000, Loss: 1.3370732250408897
2024-06-19 07:01:53 - INFO - Epoch 997/1000, Loss: 1.3797615731227395
2024-06-19 07:02:04 - INFO - Epoch 998/1000, Loss: 1.5637441228311364
2024-06-19 07:02:15 - INFO - Epoch 999/1000, Loss: 1.6541626570320405
2024-06-19 07:02:26 - INFO - Epoch 1000/1000, Loss: 1.3332136607411704
2024-06-19 07:02:26 - INFO - Finished training model.
2024-06-19 07:02:27 - INFO - 
Generated Code:
2024-06-19 07:02:27 - INFO - a = FLOAT_LITERAL ; float a = FLOAT_LITERAL ; return a ; } def { float h = FLOAT_LITERAL ; float a = FLOAT_LITERAL ; float a = FLOAT_LITERAL ; float a = FLOAT_LITERAL ; float a = FLOAT_LITERAL ; float a = FLOAT_LITERAL ; return a ; } def { float h = FLOAT_LITERAL ; float a = FLOAT_LITERAL ; float a = FLOAT_LITERAL ; float a = FLOAT_LITERAL ; float a = FLOAT_LITERAL ; float a = FLOAT_LITERAL ; return a ; } def { float h = FLOAT_LITERAL ; float a = FLOAT_LITERAL ; float a =
2024-06-19 07:02:27 - INFO - Finished training LSTM model.
