2024-06-19 09:56:38 - INFO - This log entry will go into a uniquely named file for this run.
2024-06-19 09:56:38 - INFO - Starting LSTM model training...
2024-06-19 09:56:38 - INFO - Optimizer=Adam
2024-06-19 09:56:38 - INFO - epochs=800
2024-06-19 09:56:38 - INFO - batch_size=16
2024-06-19 09:56:38 - INFO - File=oneText.txt
2024-06-19 09:56:38 - INFO - Learning Rate=0.01
2024-06-19 09:56:43 - INFO - Starting LSTM model training...
2024-06-19 09:56:51 - INFO - Epoch 1/800, Loss: 1.3550392698134077
2024-06-19 09:56:59 - INFO - Epoch 2/800, Loss: 1.2122837664992339
2024-06-19 09:57:07 - INFO - Epoch 3/800, Loss: 1.1743459511972087
2024-06-19 09:57:16 - INFO - Epoch 4/800, Loss: 1.1916396723673088
2024-06-19 09:57:24 - INFO - Epoch 5/800, Loss: 1.168525197507177
2024-06-19 09:57:32 - INFO - Epoch 6/800, Loss: 1.1871667272002007
2024-06-19 09:57:40 - INFO - Epoch 7/800, Loss: 1.1361952286966528
2024-06-19 09:57:48 - INFO - Epoch 8/800, Loss: 1.164165606976073
2024-06-19 09:57:56 - INFO - Epoch 9/800, Loss: 1.1614073875883457
2024-06-19 09:58:04 - INFO - Epoch 10/800, Loss: 1.1258785525401465
2024-06-19 09:58:12 - INFO - Epoch 11/800, Loss: 1.1432714986839292
2024-06-19 09:58:20 - INFO - Epoch 12/800, Loss: 1.115645316892144
2024-06-19 09:58:28 - INFO - Epoch 13/800, Loss: 1.1367694246694706
2024-06-19 09:58:36 - INFO - Epoch 14/800, Loss: 1.1450647464732253
2024-06-19 09:58:45 - INFO - Epoch 15/800, Loss: 1.1332672942223518
2024-06-19 09:58:53 - INFO - Epoch 16/800, Loss: 1.1546169784803213
2024-06-19 09:59:01 - INFO - Epoch 17/800, Loss: 1.1805258766527646
2024-06-19 09:59:09 - INFO - Epoch 18/800, Loss: 1.118782031829681
2024-06-19 09:59:17 - INFO - Epoch 19/800, Loss: 1.1362029845752306
2024-06-19 09:59:25 - INFO - Epoch 20/800, Loss: 1.140305288699237
2024-06-19 09:59:33 - INFO - Epoch 21/800, Loss: 1.1323918289855155
2024-06-19 09:59:41 - INFO - Epoch 22/800, Loss: 1.132026488573495
2024-06-19 09:59:50 - INFO - Epoch 23/800, Loss: 1.1248706347546873
2024-06-19 09:59:58 - INFO - Epoch 24/800, Loss: 1.1281059727955665
2024-06-19 10:00:06 - INFO - Epoch 25/800, Loss: 1.127769169082138
2024-06-19 10:00:14 - INFO - Epoch 26/800, Loss: 1.1632653509274284
2024-06-19 10:00:22 - INFO - Epoch 27/800, Loss: 1.122029923359385
2024-06-19 10:00:30 - INFO - Epoch 28/800, Loss: 1.1269945131220904
2024-06-19 10:00:38 - INFO - Epoch 29/800, Loss: 1.1350218093120727
2024-06-19 10:00:47 - INFO - Epoch 30/800, Loss: 1.1105129478706728
2024-06-19 10:00:55 - INFO - Epoch 31/800, Loss: 1.126357554919406
2024-06-19 10:01:03 - INFO - Epoch 32/800, Loss: 1.1303095029705654
2024-06-19 10:01:11 - INFO - Epoch 33/800, Loss: 1.145694385686334
2024-06-19 10:01:19 - INFO - Epoch 34/800, Loss: 1.1197699471260028
2024-06-19 10:01:27 - INFO - Epoch 35/800, Loss: 1.128783707427717
2024-06-19 10:01:35 - INFO - Epoch 36/800, Loss: 1.1215199720150444
2024-06-19 10:01:43 - INFO - Epoch 37/800, Loss: 1.1323286391252736
2024-06-19 10:01:52 - INFO - Epoch 38/800, Loss: 1.1226412140943685
2024-06-19 10:02:00 - INFO - Epoch 39/800, Loss: 1.1270923307708833
2024-06-19 10:02:08 - INFO - Epoch 40/800, Loss: 1.1124962455687826
2024-06-19 10:02:16 - INFO - Epoch 41/800, Loss: 1.1168184988458227
2024-06-19 10:02:24 - INFO - Epoch 42/800, Loss: 1.1044493544838045
2024-06-19 10:02:32 - INFO - Epoch 43/800, Loss: 1.115319251762132
2024-06-19 10:02:40 - INFO - Epoch 44/800, Loss: 1.1611960962168673
2024-06-19 10:02:48 - INFO - Epoch 45/800, Loss: 1.111597749391465
2024-06-19 10:02:56 - INFO - Epoch 46/800, Loss: 1.1033508146117739
2024-06-19 10:03:04 - INFO - Epoch 47/800, Loss: 1.1111420847321842
2024-06-19 10:03:13 - INFO - Epoch 48/800, Loss: 1.1089285175825254
2024-06-19 10:03:21 - INFO - Epoch 49/800, Loss: 1.11251167425884
2024-06-19 10:03:29 - INFO - Epoch 50/800, Loss: 1.1028409565144228
2024-06-19 10:03:37 - INFO - Epoch 51/800, Loss: 1.0853782832966512
2024-06-19 10:03:45 - INFO - Epoch 52/800, Loss: 1.1581530786195446
2024-06-19 10:03:53 - INFO - Epoch 53/800, Loss: 1.109097320811012
2024-06-19 10:04:01 - INFO - Epoch 54/800, Loss: 1.1086709316536587
2024-06-19 10:04:10 - INFO - Epoch 55/800, Loss: 1.1397756681967568
2024-06-19 10:04:17 - INFO - Epoch 56/800, Loss: 1.1064305205963916
2024-06-19 10:04:26 - INFO - Epoch 57/800, Loss: 1.1053772027285043
2024-06-19 10:04:34 - INFO - Epoch 58/800, Loss: 1.1030433113442428
2024-06-19 10:04:42 - INFO - Epoch 59/800, Loss: 1.1063643915742734
2024-06-19 10:04:50 - INFO - Epoch 60/800, Loss: 1.1366824686006167
2024-06-19 10:04:58 - INFO - Epoch 61/800, Loss: 1.1344815415148395
2024-06-19 10:05:06 - INFO - Epoch 62/800, Loss: 1.1143438515271618
2024-06-19 10:05:15 - INFO - Epoch 63/800, Loss: 1.107137944322199
2024-06-19 10:05:23 - INFO - Epoch 64/800, Loss: 1.1083027748617198
2024-06-19 10:05:31 - INFO - Epoch 65/800, Loss: 1.110613320212481
2024-06-19 10:05:39 - INFO - Epoch 66/800, Loss: 1.1087096294984293
2024-06-19 10:05:47 - INFO - Epoch 67/800, Loss: 1.101200428651228
2024-06-19 10:05:55 - INFO - Epoch 68/800, Loss: 1.11635391389729
2024-06-19 10:06:03 - INFO - Epoch 69/800, Loss: 1.1097394033272834
2024-06-19 10:06:12 - INFO - Epoch 70/800, Loss: 1.1311243808642093
2024-06-19 10:06:19 - INFO - Epoch 71/800, Loss: 1.1061863967925643
2024-06-19 10:06:28 - INFO - Epoch 72/800, Loss: 1.1144422010982808
2024-06-19 10:06:36 - INFO - Epoch 73/800, Loss: 1.1250266616095557
2024-06-19 10:06:44 - INFO - Epoch 74/800, Loss: 1.1208670564933707
2024-06-19 10:06:52 - INFO - Epoch 75/800, Loss: 1.118502789589686
2024-06-19 10:07:00 - INFO - Epoch 76/800, Loss: 1.1220911242513547
2024-06-19 10:07:08 - INFO - Epoch 77/800, Loss: 1.1076442442596397
2024-06-19 10:07:16 - INFO - Epoch 78/800, Loss: 1.1726064503543698
2024-06-19 10:07:25 - INFO - Epoch 79/800, Loss: 1.1467450682173237
2024-06-19 10:07:33 - INFO - Epoch 80/800, Loss: 1.1109647003557128
2024-06-19 10:07:41 - INFO - Epoch 81/800, Loss: 1.1519348746156375
2024-06-19 10:07:49 - INFO - Epoch 82/800, Loss: 1.0991988402728687
2024-06-19 10:07:57 - INFO - Epoch 83/800, Loss: 1.113863095304815
2024-06-19 10:08:05 - INFO - Epoch 84/800, Loss: 1.1159887922388452
2024-06-19 10:08:13 - INFO - Epoch 85/800, Loss: 1.1172657298139896
2024-06-19 10:08:21 - INFO - Epoch 86/800, Loss: 1.1021949045930983
2024-06-19 10:08:30 - INFO - Epoch 87/800, Loss: 1.137978878173002
2024-06-19 10:08:38 - INFO - Epoch 88/800, Loss: 1.103944042499907
2024-06-19 10:08:46 - INFO - Epoch 89/800, Loss: 1.1296061015144074
2024-06-19 10:08:54 - INFO - Epoch 90/800, Loss: 1.1534596603398024
2024-06-19 10:09:02 - INFO - Epoch 91/800, Loss: 1.1378275875970028
2024-06-19 10:09:10 - INFO - Epoch 92/800, Loss: 1.1257401140858314
2024-06-19 10:09:18 - INFO - Epoch 93/800, Loss: 1.0857582595592077
2024-06-19 10:09:26 - INFO - Epoch 94/800, Loss: 1.0995192299072527
2024-06-19 10:09:34 - INFO - Epoch 95/800, Loss: 1.0914114524852099
2024-06-19 10:09:43 - INFO - Epoch 96/800, Loss: 1.108020506098055
2024-06-19 10:09:51 - INFO - Epoch 97/800, Loss: 1.1056974549598948
2024-06-19 10:09:59 - INFO - Epoch 98/800, Loss: 1.1157970823878445
2024-06-19 10:10:07 - INFO - Epoch 99/800, Loss: 1.1101512699888458
2024-06-19 10:10:15 - INFO - Epoch 100/800, Loss: 1.110668725296059
2024-06-19 10:10:23 - INFO - Epoch 101/800, Loss: 1.1237961028509225
2024-06-19 10:10:31 - INFO - Epoch 102/800, Loss: 1.1032011156579125
2024-06-19 10:10:39 - INFO - Epoch 103/800, Loss: 1.096886337092928
2024-06-19 10:10:48 - INFO - Epoch 104/800, Loss: 1.106584732147375
2024-06-19 10:10:56 - INFO - Epoch 105/800, Loss: 1.1107658793514683
2024-06-19 10:11:04 - INFO - Epoch 106/800, Loss: 1.1278071547227548
2024-06-19 10:11:12 - INFO - Epoch 107/800, Loss: 1.1059081629953156
2024-06-19 10:11:20 - INFO - Epoch 108/800, Loss: 1.1372410714827255
2024-06-19 10:11:28 - INFO - Epoch 109/800, Loss: 1.104332111759272
2024-06-19 10:11:36 - INFO - Epoch 110/800, Loss: 1.0963981519609947
2024-06-19 10:11:44 - INFO - Epoch 111/800, Loss: 1.0995449115259908
2024-06-19 10:11:53 - INFO - Epoch 112/800, Loss: 1.1001539655933583
2024-06-19 10:12:01 - INFO - Epoch 113/800, Loss: 1.1543159274862573
2024-06-19 10:12:09 - INFO - Epoch 114/800, Loss: 1.1198721541982946
2024-06-19 10:12:17 - INFO - Epoch 115/800, Loss: 1.1404438760851283
2024-06-19 10:12:25 - INFO - Epoch 116/800, Loss: 1.1015488497223638
2024-06-19 10:12:33 - INFO - Epoch 117/800, Loss: 1.1145094434272684
2024-06-19 10:12:41 - INFO - Epoch 118/800, Loss: 1.1069336579081794
2024-06-19 10:12:49 - INFO - Epoch 119/800, Loss: 1.0891270919000344
2024-06-19 10:12:57 - INFO - Epoch 120/800, Loss: 1.1429784699076482
2024-06-19 10:13:06 - INFO - Epoch 121/800, Loss: 1.1232433032920706
2024-06-19 10:13:14 - INFO - Epoch 122/800, Loss: 1.161584405454661
2024-06-19 10:13:22 - INFO - Epoch 123/800, Loss: 1.0943934017369068
2024-06-19 10:13:30 - INFO - Epoch 124/800, Loss: 1.1007563573388697
2024-06-19 10:13:38 - INFO - Epoch 125/800, Loss: 1.1117228094519673
2024-06-19 10:13:46 - INFO - Epoch 126/800, Loss: 1.1008767412087692
2024-06-19 10:13:54 - INFO - Epoch 127/800, Loss: 1.1146295588395643
2024-06-19 10:14:02 - INFO - Epoch 128/800, Loss: 1.1162714235006512
2024-06-19 10:14:11 - INFO - Epoch 129/800, Loss: 1.1225453790041604
2024-06-19 10:14:18 - INFO - Epoch 130/800, Loss: 1.1089108427159002
2024-06-19 10:14:27 - INFO - Epoch 131/800, Loss: 1.1044351720760892
2024-06-19 10:14:35 - INFO - Epoch 132/800, Loss: 1.1203165280635707
2024-06-19 10:14:43 - INFO - Epoch 133/800, Loss: 1.105139212096516
2024-06-19 10:14:51 - INFO - Epoch 134/800, Loss: 1.1075301746607957
2024-06-19 10:14:59 - INFO - Epoch 135/800, Loss: 1.1128975018032154
2024-06-19 10:15:07 - INFO - Epoch 136/800, Loss: 1.102072182556376
2024-06-19 10:15:15 - INFO - Epoch 137/800, Loss: 1.1251891660156281
2024-06-19 10:15:23 - INFO - Epoch 138/800, Loss: 1.1218400168307174
2024-06-19 10:15:32 - INFO - Epoch 139/800, Loss: 1.0959856935613026
2024-06-19 10:15:40 - INFO - Epoch 140/800, Loss: 1.1185677599092259
2024-06-19 10:15:48 - INFO - Epoch 141/800, Loss: 1.1222081018389243
2024-06-19 10:15:56 - INFO - Epoch 142/800, Loss: 1.1253947296739817
2024-06-19 10:16:04 - INFO - Epoch 143/800, Loss: 1.102424495871098
2024-06-19 10:16:12 - INFO - Epoch 144/800, Loss: 1.1173754105002027
2024-06-19 10:16:20 - INFO - Epoch 145/800, Loss: 1.1414354008733527
2024-06-19 10:16:28 - INFO - Epoch 146/800, Loss: 1.1359584767452942
2024-06-19 10:16:36 - INFO - Epoch 147/800, Loss: 1.114215126933864
2024-06-19 10:16:45 - INFO - Epoch 148/800, Loss: 1.0998851386937174
2024-06-19 10:16:53 - INFO - Epoch 149/800, Loss: 1.123284471150119
2024-06-19 10:17:01 - INFO - Epoch 150/800, Loss: 1.0941704577323021
2024-06-19 10:17:09 - INFO - Epoch 151/800, Loss: 1.1209425807687174
2024-06-19 10:17:17 - INFO - Epoch 152/800, Loss: 1.125823420672054
2024-06-19 10:17:25 - INFO - Epoch 153/800, Loss: 1.1188154131656005
2024-06-19 10:17:33 - INFO - Epoch 154/800, Loss: 1.096797633897195
2024-06-19 10:17:41 - INFO - Epoch 155/800, Loss: 1.1159042101060723
2024-06-19 10:17:50 - INFO - Epoch 156/800, Loss: 1.1009054526037014
2024-06-19 10:17:58 - INFO - Epoch 157/800, Loss: 1.0970606451190938
2024-06-19 10:18:06 - INFO - Epoch 158/800, Loss: 1.1143350012336048
2024-06-19 10:18:14 - INFO - Epoch 159/800, Loss: 1.1098877637769542
2024-06-19 10:18:22 - INFO - Epoch 160/800, Loss: 1.1162441891674642
2024-06-19 10:18:30 - INFO - Epoch 161/800, Loss: 1.1189643178188584
2024-06-19 10:18:38 - INFO - Epoch 162/800, Loss: 1.0939838849682855
2024-06-19 10:18:47 - INFO - Epoch 163/800, Loss: 1.1185065890562806
2024-06-19 10:18:55 - INFO - Epoch 164/800, Loss: 1.1149431056795402
2024-06-19 10:19:03 - INFO - Epoch 165/800, Loss: 1.1271727424465952
2024-06-19 10:19:11 - INFO - Epoch 166/800, Loss: 1.1443619860369072
2024-06-19 10:19:19 - INFO - Epoch 167/800, Loss: 1.1167081665443723
2024-06-19 10:19:27 - INFO - Epoch 168/800, Loss: 1.139485927004384
2024-06-19 10:19:35 - INFO - Epoch 169/800, Loss: 1.1315777208265472
2024-06-19 10:19:43 - INFO - Epoch 170/800, Loss: 1.107717234968056
2024-06-19 10:19:52 - INFO - Epoch 171/800, Loss: 1.1007431921744495
2024-06-19 10:20:00 - INFO - Epoch 172/800, Loss: 1.0920271183802641
2024-06-19 10:20:08 - INFO - Epoch 173/800, Loss: 1.1196780452952508
2024-06-19 10:20:16 - INFO - Epoch 174/800, Loss: 1.1130771823668029
2024-06-19 10:20:24 - INFO - Epoch 175/800, Loss: 1.1068818584305036
2024-06-19 10:20:32 - INFO - Epoch 176/800, Loss: 1.0947604480760247
2024-06-19 10:20:40 - INFO - Epoch 177/800, Loss: 1.1009822093900983
2024-06-19 10:20:48 - INFO - Epoch 178/800, Loss: 1.1012257196570687
2024-06-19 10:20:56 - INFO - Epoch 179/800, Loss: 1.1231824912436927
2024-06-19 10:21:05 - INFO - Epoch 180/800, Loss: 1.1101386395905823
2024-06-19 10:21:13 - INFO - Epoch 181/800, Loss: 1.1340938533015212
2024-06-19 10:21:21 - INFO - Epoch 182/800, Loss: 1.1478057676748197
2024-06-19 10:21:29 - INFO - Epoch 183/800, Loss: 1.1096889569578046
2024-06-19 10:21:37 - INFO - Epoch 184/800, Loss: 1.106183794140986
2024-06-19 10:21:45 - INFO - Epoch 185/800, Loss: 1.1013841470318735
2024-06-19 10:21:53 - INFO - Epoch 186/800, Loss: 1.1722192605232062
2024-06-19 10:22:01 - INFO - Epoch 187/800, Loss: 1.1196264257349837
2024-06-19 10:22:10 - INFO - Epoch 188/800, Loss: 1.1127537890547554
2024-06-19 10:22:18 - INFO - Epoch 189/800, Loss: 1.1022532781419274
2024-06-19 10:22:26 - INFO - Epoch 190/800, Loss: 1.105577618426905
2024-06-19 10:22:34 - INFO - Epoch 191/800, Loss: 1.1084870255257047
2024-06-19 10:22:42 - INFO - Epoch 192/800, Loss: 1.2092867558032852
2024-06-19 10:22:50 - INFO - Epoch 193/800, Loss: 1.091232541860645
2024-06-19 10:22:58 - INFO - Epoch 194/800, Loss: 1.0924790631933938
2024-06-19 10:23:07 - INFO - Epoch 195/800, Loss: 1.102669410518657
2024-06-19 10:23:15 - INFO - Epoch 196/800, Loss: 1.1049055388624835
2024-06-19 10:23:23 - INFO - Epoch 197/800, Loss: 1.097295929125994
2024-06-19 10:23:31 - INFO - Epoch 198/800, Loss: 1.1233957764809626
2024-06-19 10:23:39 - INFO - Epoch 199/800, Loss: 1.102466958276572
2024-06-19 10:23:47 - INFO - Epoch 200/800, Loss: 1.1216298664960103
2024-06-19 10:23:55 - INFO - Epoch 201/800, Loss: 1.0995191867934193
2024-06-19 10:24:03 - INFO - Epoch 202/800, Loss: 1.149750248976186
2024-06-19 10:24:12 - INFO - Epoch 203/800, Loss: 1.1015458654712986
2024-06-19 10:24:20 - INFO - Epoch 204/800, Loss: 1.1044663135497668
2024-06-19 10:24:28 - INFO - Epoch 205/800, Loss: 1.1604012344899937
2024-06-19 10:24:36 - INFO - Epoch 206/800, Loss: 1.120103582842855
2024-06-19 10:24:44 - INFO - Epoch 207/800, Loss: 1.1070791723135438
2024-06-19 10:24:52 - INFO - Epoch 208/800, Loss: 1.095975817002526
2024-06-19 10:25:00 - INFO - Epoch 209/800, Loss: 1.099060680817062
2024-06-19 10:25:08 - INFO - Epoch 210/800, Loss: 1.1334755809148662
2024-06-19 10:25:16 - INFO - Epoch 211/800, Loss: 1.149920128596237
2024-06-19 10:25:25 - INFO - Epoch 212/800, Loss: 1.1447560207910943
2024-06-19 10:25:33 - INFO - Epoch 213/800, Loss: 1.1487502458538166
2024-06-19 10:25:41 - INFO - Epoch 214/800, Loss: 1.3000284602598329
2024-06-19 10:25:49 - INFO - Epoch 215/800, Loss: 1.120096873020514
2024-06-19 10:25:57 - INFO - Epoch 216/800, Loss: 1.1184367199201841
2024-06-19 10:26:05 - INFO - Epoch 217/800, Loss: 1.1031195490736667
2024-06-19 10:26:13 - INFO - Epoch 218/800, Loss: 1.1169853892423625
2024-06-19 10:26:21 - INFO - Epoch 219/800, Loss: 1.0933497234328353
2024-06-19 10:26:30 - INFO - Epoch 220/800, Loss: 1.1121474162938696
2024-06-19 10:26:38 - INFO - Epoch 221/800, Loss: 1.155517388640741
2024-06-19 10:26:46 - INFO - Epoch 222/800, Loss: 1.1029304091804102
2024-06-19 10:26:54 - INFO - Epoch 223/800, Loss: 1.0929875245340062
2024-06-19 10:27:02 - INFO - Epoch 224/800, Loss: 1.1745597311043274
2024-06-19 10:27:10 - INFO - Epoch 225/800, Loss: 1.1156835919223196
2024-06-19 10:27:18 - INFO - Epoch 226/800, Loss: 1.114098413856593
2024-06-19 10:27:27 - INFO - Epoch 227/800, Loss: 1.0958769297737385
2024-06-19 10:27:35 - INFO - Epoch 228/800, Loss: 1.1059186962507608
2024-06-19 10:27:43 - INFO - Epoch 229/800, Loss: 1.1107141959122961
2024-06-19 10:27:51 - INFO - Epoch 230/800, Loss: 1.1211760408040095
2024-06-19 10:27:59 - INFO - Epoch 231/800, Loss: 1.0970021309453988
2024-06-19 10:28:07 - INFO - Epoch 232/800, Loss: 1.1277066046875155
2024-06-19 10:28:15 - INFO - Epoch 233/800, Loss: 1.1545875813578084
2024-06-19 10:28:23 - INFO - Epoch 234/800, Loss: 1.1062723421231726
2024-06-19 10:28:32 - INFO - Epoch 235/800, Loss: 1.1039937038870105
2024-06-19 10:28:40 - INFO - Epoch 236/800, Loss: 1.1123101086584093
2024-06-19 10:28:48 - INFO - Epoch 237/800, Loss: 1.1008027065250507
2024-06-19 10:28:56 - INFO - Epoch 238/800, Loss: 1.1126746573820638
2024-06-19 10:29:04 - INFO - Epoch 239/800, Loss: 1.0905699500335462
2024-06-19 10:29:12 - INFO - Epoch 240/800, Loss: 1.105056413765819
2024-06-19 10:29:20 - INFO - Epoch 241/800, Loss: 1.1022688173360875
2024-06-19 10:29:28 - INFO - Epoch 242/800, Loss: 1.1470255604076913
2024-06-19 10:29:36 - INFO - Epoch 243/800, Loss: 1.100207505488517
2024-06-19 10:29:45 - INFO - Epoch 244/800, Loss: 1.1085888430442983
2024-06-19 10:29:53 - INFO - Epoch 245/800, Loss: 1.129540719384364
2024-06-19 10:30:01 - INFO - Epoch 246/800, Loss: 1.1006355853933831
2024-06-19 10:30:09 - INFO - Epoch 247/800, Loss: 1.103320336854088
2024-06-19 10:30:17 - INFO - Epoch 248/800, Loss: 1.1129159639034398
2024-06-19 10:30:25 - INFO - Epoch 249/800, Loss: 1.0921576583898378
2024-06-19 10:30:33 - INFO - Epoch 250/800, Loss: 1.1595661377444975
2024-06-19 10:30:41 - INFO - Epoch 251/800, Loss: 1.099077332701644
2024-06-19 10:30:50 - INFO - Epoch 252/800, Loss: 1.1010077901107502
2024-06-19 10:30:58 - INFO - Epoch 253/800, Loss: 1.1992800568697841
2024-06-19 10:31:06 - INFO - Epoch 254/800, Loss: 1.119331910476556
2024-06-19 10:31:14 - INFO - Epoch 255/800, Loss: 1.0985759926090226
2024-06-19 10:31:22 - INFO - Epoch 256/800, Loss: 1.1001265241680034
2024-06-19 10:31:30 - INFO - Epoch 257/800, Loss: 1.1191142310987752
2024-06-19 10:31:38 - INFO - Epoch 258/800, Loss: 1.136321617857973
2024-06-19 10:31:46 - INFO - Epoch 259/800, Loss: 1.2586175027108044
2024-06-19 10:31:55 - INFO - Epoch 260/800, Loss: 1.1284644922919427
2024-06-19 10:32:03 - INFO - Epoch 261/800, Loss: 1.1235530870102874
2024-06-19 10:32:11 - INFO - Epoch 262/800, Loss: 1.1196264380026215
2024-06-19 10:32:19 - INFO - Epoch 263/800, Loss: 1.093387000627582
2024-06-19 10:32:27 - INFO - Epoch 264/800, Loss: 1.1178113600777377
2024-06-19 10:32:35 - INFO - Epoch 265/800, Loss: 1.1100040648802438
2024-06-19 10:32:43 - INFO - Epoch 266/800, Loss: 1.1181380681791044
2024-06-19 10:32:52 - INFO - Epoch 267/800, Loss: 1.1099471270230885
2024-06-19 10:33:00 - INFO - Epoch 268/800, Loss: 1.0966242684969785
2024-06-19 10:33:08 - INFO - Epoch 269/800, Loss: 1.1093069636905528
2024-06-19 10:33:16 - INFO - Epoch 270/800, Loss: 1.1083698137563527
2024-06-19 10:33:24 - INFO - Epoch 271/800, Loss: 1.1097243673514927
2024-06-19 10:33:32 - INFO - Epoch 272/800, Loss: 1.1103375809484601
2024-06-19 10:33:40 - INFO - Epoch 273/800, Loss: 1.0966748173839944
2024-06-19 10:33:48 - INFO - Epoch 274/800, Loss: 1.0937287260836093
2024-06-19 10:33:56 - INFO - Epoch 275/800, Loss: 1.099365813126871
2024-06-19 10:34:05 - INFO - Epoch 276/800, Loss: 1.1106196693281236
2024-06-19 10:34:13 - INFO - Epoch 277/800, Loss: 1.1172027502814112
2024-06-19 10:34:21 - INFO - Epoch 278/800, Loss: 1.1185784074934706
2024-06-19 10:34:29 - INFO - Epoch 279/800, Loss: 1.0898748557640208
2024-06-19 10:34:37 - INFO - Epoch 280/800, Loss: 1.1094098303237783
2024-06-19 10:34:45 - INFO - Epoch 281/800, Loss: 1.1031018673988773
2024-06-19 10:34:53 - INFO - Epoch 282/800, Loss: 1.122244967054581
2024-06-19 10:35:02 - INFO - Epoch 283/800, Loss: 1.1185440863618088
2024-06-19 10:35:10 - INFO - Epoch 284/800, Loss: 1.098597719631061
2024-06-19 10:35:18 - INFO - Epoch 285/800, Loss: 1.1032735496703219
2024-06-19 10:35:26 - INFO - Epoch 286/800, Loss: 1.1016159840470947
2024-06-19 10:35:34 - INFO - Epoch 287/800, Loss: 1.116921058362378
2024-06-19 10:35:42 - INFO - Epoch 288/800, Loss: 1.1135520071828306
2024-06-19 10:35:50 - INFO - Epoch 289/800, Loss: 1.1019888572485528
2024-06-19 10:35:58 - INFO - Epoch 290/800, Loss: 1.1015544001848097
2024-06-19 10:36:07 - INFO - Epoch 291/800, Loss: 1.1252686510862033
2024-06-19 10:36:15 - INFO - Epoch 292/800, Loss: 1.1106728399067591
2024-06-19 10:36:23 - INFO - Epoch 293/800, Loss: 1.1011652187322674
2024-06-19 10:36:31 - INFO - Epoch 294/800, Loss: 1.1021210265482475
2024-06-19 10:36:39 - INFO - Epoch 295/800, Loss: 1.0980175781111043
2024-06-19 10:36:47 - INFO - Epoch 296/800, Loss: 1.1491141475872901
2024-06-19 10:36:55 - INFO - Epoch 297/800, Loss: 1.1026572715853986
2024-06-19 10:37:03 - INFO - Epoch 298/800, Loss: 1.102217618523104
2024-06-19 10:37:11 - INFO - Epoch 299/800, Loss: 1.090182018235073
2024-06-19 10:37:20 - INFO - Epoch 300/800, Loss: 1.1193262508246402
2024-06-19 10:37:28 - INFO - Epoch 301/800, Loss: 1.0959249263790347
2024-06-19 10:37:36 - INFO - Epoch 302/800, Loss: 1.2645955609700372
2024-06-19 10:37:44 - INFO - Epoch 303/800, Loss: 1.1055518376487343
2024-06-19 10:37:52 - INFO - Epoch 304/800, Loss: 1.1230158517309055
2024-06-19 10:38:00 - INFO - Epoch 305/800, Loss: 1.1072972439458102
2024-06-19 10:38:08 - INFO - Epoch 306/800, Loss: 1.1044856336251523
2024-06-19 10:38:16 - INFO - Epoch 307/800, Loss: 1.1184809695556568
2024-06-19 10:38:25 - INFO - Epoch 308/800, Loss: 1.1028320759264076
2024-06-19 10:38:33 - INFO - Epoch 309/800, Loss: 1.1314501789295839
2024-06-19 10:38:41 - INFO - Epoch 310/800, Loss: 1.2203699967178792
2024-06-19 10:38:49 - INFO - Epoch 311/800, Loss: 1.098227320088774
2024-06-19 10:38:57 - INFO - Epoch 312/800, Loss: 1.1007703891853409
2024-06-19 10:39:05 - INFO - Epoch 313/800, Loss: 1.139751458585579
2024-06-19 10:39:13 - INFO - Epoch 314/800, Loss: 1.104855033756835
2024-06-19 10:39:21 - INFO - Epoch 315/800, Loss: 1.0881950385120553
2024-06-19 10:39:30 - INFO - Epoch 316/800, Loss: 1.1249669875208224
2024-06-19 10:39:38 - INFO - Epoch 317/800, Loss: 1.1208929654823208
2024-06-19 10:39:46 - INFO - Epoch 318/800, Loss: 1.2073874413493728
2024-06-19 10:39:54 - INFO - Epoch 319/800, Loss: 1.1159180215267268
2024-06-19 10:40:02 - INFO - Epoch 320/800, Loss: 1.0936542413117687
2024-06-19 10:40:10 - INFO - Epoch 321/800, Loss: 1.1184932661631415
2024-06-19 10:40:18 - INFO - Epoch 322/800, Loss: 1.0939599074579553
2024-06-19 10:40:27 - INFO - Epoch 323/800, Loss: 1.110776118401575
2024-06-19 10:40:34 - INFO - Epoch 324/800, Loss: 1.1147773385245447
2024-06-19 10:40:43 - INFO - Epoch 325/800, Loss: 1.1078409477067903
2024-06-19 10:40:51 - INFO - Epoch 326/800, Loss: 1.1322218865491644
2024-06-19 10:40:59 - INFO - Epoch 327/800, Loss: 1.1018131509739142
2024-06-19 10:41:07 - INFO - Epoch 328/800, Loss: 1.1144838354926907
2024-06-19 10:41:15 - INFO - Epoch 329/800, Loss: 1.1368982750792809
2024-06-19 10:41:23 - INFO - Epoch 330/800, Loss: 1.1374852181325592
2024-06-19 10:41:32 - INFO - Epoch 331/800, Loss: 1.1400757361041445
2024-06-19 10:41:40 - INFO - Epoch 332/800, Loss: 1.1173901914439945
2024-06-19 10:41:48 - INFO - Epoch 333/800, Loss: 1.1080736839855052
2024-06-19 10:41:56 - INFO - Epoch 334/800, Loss: 1.1234295068894187
2024-06-19 10:42:04 - INFO - Epoch 335/800, Loss: 1.0968919351069453
2024-06-19 10:42:12 - INFO - Epoch 336/800, Loss: 1.099872789214825
2024-06-19 10:42:20 - INFO - Epoch 337/800, Loss: 1.1153487379527365
2024-06-19 10:42:28 - INFO - Epoch 338/800, Loss: 1.10945620016264
2024-06-19 10:42:36 - INFO - Epoch 339/800, Loss: 1.1101412102533241
2024-06-19 10:42:45 - INFO - Epoch 340/800, Loss: 1.1157399450368277
2024-06-19 10:42:53 - INFO - Epoch 341/800, Loss: 1.1085639464794572
2024-06-19 10:43:01 - INFO - Epoch 342/800, Loss: 1.096930100593449
2024-06-19 10:43:09 - INFO - Epoch 343/800, Loss: 1.110443212408235
2024-06-19 10:43:17 - INFO - Epoch 344/800, Loss: 1.1428546730664573
2024-06-19 10:43:25 - INFO - Epoch 345/800, Loss: 1.0996575343337074
2024-06-19 10:43:33 - INFO - Epoch 346/800, Loss: 1.1001668003148866
2024-06-19 10:43:41 - INFO - Epoch 347/800, Loss: 1.1110393626915647
2024-06-19 10:43:50 - INFO - Epoch 348/800, Loss: 1.1033721636018852
2024-06-19 10:43:58 - INFO - Epoch 349/800, Loss: 1.1056133621584026
2024-06-19 10:44:06 - INFO - Epoch 350/800, Loss: 1.116392181087348
2024-06-19 10:44:14 - INFO - Epoch 351/800, Loss: 1.097815714804188
2024-06-19 10:44:22 - INFO - Epoch 352/800, Loss: 1.0818649125394804
2024-06-19 10:44:30 - INFO - Epoch 353/800, Loss: 1.2032484775284047
2024-06-19 10:44:38 - INFO - Epoch 354/800, Loss: 1.1193220934849604
2024-06-19 10:44:47 - INFO - Epoch 355/800, Loss: 1.1345076834084027
2024-06-19 10:44:55 - INFO - Epoch 356/800, Loss: 1.1016024990828608
2024-06-19 10:45:03 - INFO - Epoch 357/800, Loss: 1.1615687058820812
2024-06-19 10:45:11 - INFO - Epoch 358/800, Loss: 1.1029503117506247
2024-06-19 10:45:19 - INFO - Epoch 359/800, Loss: 1.1509077897699047
2024-06-19 10:45:27 - INFO - Epoch 360/800, Loss: 1.1484300941543901
2024-06-19 10:45:35 - INFO - Epoch 361/800, Loss: 1.172992849021658
2024-06-19 10:45:43 - INFO - Epoch 362/800, Loss: 1.1240742048579115
2024-06-19 10:45:52 - INFO - Epoch 363/800, Loss: 1.1280238527712445
2024-06-19 10:46:00 - INFO - Epoch 364/800, Loss: 1.0962506973752293
2024-06-19 10:46:08 - INFO - Epoch 365/800, Loss: 1.1007633143496864
2024-06-19 10:46:16 - INFO - Epoch 366/800, Loss: 1.1529979081462025
2024-06-19 10:46:24 - INFO - Epoch 367/800, Loss: 1.0889090605309593
2024-06-19 10:46:32 - INFO - Epoch 368/800, Loss: 1.1374731998526433
2024-06-19 10:46:40 - INFO - Epoch 369/800, Loss: 1.1218420234409565
2024-06-19 10:46:48 - INFO - Epoch 370/800, Loss: 1.0982903993955293
2024-06-19 10:46:56 - INFO - Epoch 371/800, Loss: 1.0962501218826946
2024-06-19 10:47:05 - INFO - Epoch 372/800, Loss: 1.1040677160959531
2024-06-19 10:47:13 - INFO - Epoch 373/800, Loss: 1.115735590413641
2024-06-19 10:47:21 - INFO - Epoch 374/800, Loss: 1.1118936767360699
2024-06-19 10:47:29 - INFO - Epoch 375/800, Loss: 1.1222583752728539
2024-06-19 10:47:37 - INFO - Epoch 376/800, Loss: 1.1191241191895402
2024-06-19 10:47:45 - INFO - Epoch 377/800, Loss: 1.1124412964959873
2024-06-19 10:47:53 - INFO - Epoch 378/800, Loss: 1.1012518068332888
2024-06-19 10:48:00 - INFO - Epoch 379/800, Loss: 1.1441016216276987
2024-06-19 10:48:07 - INFO - Epoch 380/800, Loss: 1.1078922296379587
2024-06-19 10:48:12 - INFO - Epoch 381/800, Loss: 1.1287098031651326
2024-06-19 10:48:18 - INFO - Epoch 382/800, Loss: 1.1250967340880507
2024-06-19 10:48:23 - INFO - Epoch 383/800, Loss: 1.1594051979424702
2024-06-19 10:48:28 - INFO - Epoch 384/800, Loss: 1.117875361611493
2024-06-19 10:48:34 - INFO - Epoch 385/800, Loss: 1.1209621848831735
2024-06-19 10:48:39 - INFO - Epoch 386/800, Loss: 1.1004290749676453
2024-06-19 10:48:44 - INFO - Epoch 387/800, Loss: 1.0932536542800473
2024-06-19 10:48:49 - INFO - Epoch 388/800, Loss: 1.0883032562398793
2024-06-19 10:48:55 - INFO - Epoch 389/800, Loss: 1.18477750866013
2024-06-19 10:49:00 - INFO - Epoch 390/800, Loss: 1.0968792838686827
2024-06-19 10:49:05 - INFO - Epoch 391/800, Loss: 1.1086061583553803
2024-06-19 10:49:11 - INFO - Epoch 392/800, Loss: 1.1166586386163633
2024-06-19 10:49:16 - INFO - Epoch 393/800, Loss: 1.1096231219094315
2024-06-19 10:49:21 - INFO - Epoch 394/800, Loss: 1.102170609684033
2024-06-19 10:49:27 - INFO - Epoch 395/800, Loss: 1.1124820585121706
2024-06-19 10:49:32 - INFO - Epoch 396/800, Loss: 1.0955074117371821
2024-06-19 10:49:37 - INFO - Epoch 397/800, Loss: 1.1030434019313144
2024-06-19 10:49:42 - INFO - Epoch 398/800, Loss: 1.1583597990051213
2024-06-19 10:49:46 - INFO - Epoch 399/800, Loss: 1.1253157875196067
2024-06-19 10:49:50 - INFO - Epoch 400/800, Loss: 1.107035690883549
2024-06-19 10:49:54 - INFO - Epoch 401/800, Loss: 1.1020966867305
2024-06-19 10:49:59 - INFO - Epoch 402/800, Loss: 1.1083254330730814
2024-06-19 10:50:02 - INFO - Epoch 403/800, Loss: 1.0897279935634843
2024-06-19 10:50:07 - INFO - Epoch 404/800, Loss: 1.2181142404429415
2024-06-19 10:50:10 - INFO - Epoch 405/800, Loss: 1.1170518889535352
2024-06-19 10:50:14 - INFO - Epoch 406/800, Loss: 1.1147817313333939
2024-06-19 10:50:19 - INFO - Epoch 407/800, Loss: 1.107333778844589
2024-06-19 10:50:22 - INFO - Epoch 408/800, Loss: 1.1124894432146668
2024-06-19 10:50:27 - INFO - Epoch 409/800, Loss: 1.129813759243561
2024-06-19 10:50:30 - INFO - Epoch 410/800, Loss: 1.100214011627881
2024-06-19 10:50:35 - INFO - Epoch 411/800, Loss: 1.090289604785776
2024-06-19 10:50:39 - INFO - Epoch 412/800, Loss: 1.1809682831049824
2024-06-19 10:50:42 - INFO - Epoch 413/800, Loss: 1.1180209616655405
2024-06-19 10:50:47 - INFO - Epoch 414/800, Loss: 1.1883672829471543
2024-06-19 10:50:50 - INFO - Epoch 415/800, Loss: 1.1190302299639885
2024-06-19 10:50:55 - INFO - Epoch 416/800, Loss: 1.102764686756996
2024-06-19 10:50:59 - INFO - Epoch 417/800, Loss: 1.0983877589679312
2024-06-19 10:51:03 - INFO - Epoch 418/800, Loss: 1.1244111501259857
2024-06-19 10:51:07 - INFO - Epoch 419/800, Loss: 1.1039202675043696
2024-06-19 10:51:11 - INFO - Epoch 420/800, Loss: 1.088546514374877
2024-06-19 10:51:15 - INFO - Epoch 421/800, Loss: 1.1088736870038047
2024-06-19 10:51:19 - INFO - Epoch 422/800, Loss: 1.1271585842437946
2024-06-19 10:51:23 - INFO - Epoch 423/800, Loss: 1.1395429420400351
2024-06-19 10:51:27 - INFO - Epoch 424/800, Loss: 1.1738780616494657
2024-06-19 10:51:31 - INFO - Epoch 425/800, Loss: 1.1154205947050087
2024-06-19 10:51:35 - INFO - Epoch 426/800, Loss: 1.1161285018411393
2024-06-19 10:51:39 - INFO - Epoch 427/800, Loss: 1.1376693654207495
2024-06-19 10:51:43 - INFO - Epoch 428/800, Loss: 1.093921746112886
2024-06-19 10:51:47 - INFO - Epoch 429/800, Loss: 1.1046923378570905
2024-06-19 10:51:51 - INFO - Epoch 430/800, Loss: 1.0940477706917244
2024-06-19 10:51:55 - INFO - Epoch 431/800, Loss: 1.1184464444174684
2024-06-19 10:51:59 - INFO - Epoch 432/800, Loss: 1.112045940188202
2024-06-19 10:52:03 - INFO - Epoch 433/800, Loss: 1.0987183715975508
2024-06-19 10:52:07 - INFO - Epoch 434/800, Loss: 1.1079402043815205
2024-06-19 10:52:11 - INFO - Epoch 435/800, Loss: 1.116557215273118
2024-06-19 10:52:15 - INFO - Epoch 436/800, Loss: 1.1099545420541006
2024-06-19 10:52:19 - INFO - Epoch 437/800, Loss: 1.0989377085232515
2024-06-19 10:52:23 - INFO - Epoch 438/800, Loss: 1.1137067924859925
2024-06-19 10:52:27 - INFO - Epoch 439/800, Loss: 1.08478533938969
2024-06-19 10:52:31 - INFO - Epoch 440/800, Loss: 1.1154967245800305
2024-06-19 10:52:35 - INFO - Epoch 441/800, Loss: 1.1212934711941118
2024-06-19 10:52:39 - INFO - Epoch 442/800, Loss: 1.1033977553623893
2024-06-19 10:52:43 - INFO - Epoch 443/800, Loss: 1.1434482981168121
2024-06-19 10:52:47 - INFO - Epoch 444/800, Loss: 1.107987675218744
2024-06-19 10:52:51 - INFO - Epoch 445/800, Loss: 1.1203995592886635
2024-06-19 10:52:55 - INFO - Epoch 446/800, Loss: 1.1109913062500303
2024-06-19 10:52:59 - INFO - Epoch 447/800, Loss: 1.1250095480639937
2024-06-19 10:53:03 - INFO - Epoch 448/800, Loss: 1.1280543811525197
2024-06-19 10:53:07 - INFO - Epoch 449/800, Loss: 1.1204946266978844
2024-06-19 10:53:11 - INFO - Epoch 450/800, Loss: 1.1087396165471943
2024-06-19 10:53:15 - INFO - Epoch 451/800, Loss: 1.1364244392589666
2024-06-19 10:53:19 - INFO - Epoch 452/800, Loss: 1.0977339302701314
2024-06-19 10:53:23 - INFO - Epoch 453/800, Loss: 1.1356797246522654
2024-06-19 10:53:27 - INFO - Epoch 454/800, Loss: 1.1042982412810924
2024-06-19 10:53:31 - INFO - Epoch 455/800, Loss: 1.0907080210002447
2024-06-19 10:53:35 - INFO - Epoch 456/800, Loss: 1.0983319389337158
2024-06-19 10:53:39 - INFO - Epoch 457/800, Loss: 1.0982405542680231
2024-06-19 10:53:43 - INFO - Epoch 458/800, Loss: 1.111757190644649
2024-06-19 10:53:47 - INFO - Epoch 459/800, Loss: 1.1211215192355752
2024-06-19 10:53:51 - INFO - Epoch 460/800, Loss: 1.1367971385712556
2024-06-19 10:53:55 - INFO - Epoch 461/800, Loss: 1.108697412405809
2024-06-19 10:53:59 - INFO - Epoch 462/800, Loss: 1.1123665320546987
2024-06-19 10:54:03 - INFO - Epoch 463/800, Loss: 1.119367765212807
2024-06-19 10:54:07 - INFO - Epoch 464/800, Loss: 1.1043834360447837
2024-06-19 10:54:11 - INFO - Epoch 465/800, Loss: 1.121283257602249
2024-06-19 10:54:15 - INFO - Epoch 466/800, Loss: 1.1011519078649552
2024-06-19 10:54:19 - INFO - Epoch 467/800, Loss: 1.1165916335343646
2024-06-19 10:54:23 - INFO - Epoch 468/800, Loss: 1.1089704730947878
2024-06-19 10:54:27 - INFO - Epoch 469/800, Loss: 1.112114857867148
2024-06-19 10:54:31 - INFO - Epoch 470/800, Loss: 1.1538884362032273
2024-06-19 10:54:35 - INFO - Epoch 471/800, Loss: 1.0968817774482906
2024-06-19 10:54:39 - INFO - Epoch 472/800, Loss: 1.1032625304502144
2024-06-19 10:54:43 - INFO - Epoch 473/800, Loss: 1.1325160592264818
2024-06-19 10:54:47 - INFO - Epoch 474/800, Loss: 1.1083126000885037
2024-06-19 10:54:51 - INFO - Epoch 475/800, Loss: 1.1081190660206783
2024-06-19 10:54:55 - INFO - Epoch 476/800, Loss: 1.0905701114643533
2024-06-19 10:54:59 - INFO - Epoch 477/800, Loss: 1.1065252441098694
2024-06-19 10:55:03 - INFO - Epoch 478/800, Loss: 1.0982933125218817
2024-06-19 10:55:07 - INFO - Epoch 479/800, Loss: 1.1063566771951867
2024-06-19 10:55:11 - INFO - Epoch 480/800, Loss: 1.1149754090538284
2024-06-19 10:55:15 - INFO - Epoch 481/800, Loss: 1.0956605147357723
2024-06-19 10:55:19 - INFO - Epoch 482/800, Loss: 1.1715686425884262
2024-06-19 10:55:23 - INFO - Epoch 483/800, Loss: 1.1549428660599452
2024-06-19 10:55:27 - INFO - Epoch 484/800, Loss: 1.0878968452509523
2024-06-19 10:55:31 - INFO - Epoch 485/800, Loss: 1.1114032913716096
2024-06-19 10:55:35 - INFO - Epoch 486/800, Loss: 1.11158629893085
2024-06-19 10:55:39 - INFO - Epoch 487/800, Loss: 1.1002406963627172
2024-06-19 10:55:43 - INFO - Epoch 488/800, Loss: 1.1262400064064595
2024-06-19 10:55:47 - INFO - Epoch 489/800, Loss: 1.1261625051988846
2024-06-19 10:55:51 - INFO - Epoch 490/800, Loss: 1.107627598089965
2024-06-19 10:55:55 - INFO - Epoch 491/800, Loss: 1.1239909034927575
2024-06-19 10:55:59 - INFO - Epoch 492/800, Loss: 1.1066320447245772
2024-06-19 10:56:03 - INFO - Epoch 493/800, Loss: 1.0934515956960182
2024-06-19 10:56:07 - INFO - Epoch 494/800, Loss: 1.117611745072599
2024-06-19 10:56:11 - INFO - Epoch 495/800, Loss: 1.1134448848576637
2024-06-19 10:56:15 - INFO - Epoch 496/800, Loss: 1.1264584260929327
2024-06-19 10:56:19 - INFO - Epoch 497/800, Loss: 1.1051552680810992
2024-06-19 10:56:23 - INFO - Epoch 498/800, Loss: 1.1108502838640348
2024-06-19 10:56:27 - INFO - Epoch 499/800, Loss: 1.100861229301759
2024-06-19 10:56:31 - INFO - Epoch 500/800, Loss: 1.209938816115295
2024-06-19 10:56:35 - INFO - Epoch 501/800, Loss: 1.093974374824303
2024-06-19 10:56:39 - INFO - Epoch 502/800, Loss: 1.111448423142883
2024-06-19 10:56:43 - INFO - Epoch 503/800, Loss: 1.1321413574896637
2024-06-19 10:56:47 - INFO - Epoch 504/800, Loss: 1.1178442464951863
2024-06-19 10:56:51 - INFO - Epoch 505/800, Loss: 1.1640523357681802
2024-06-19 10:56:55 - INFO - Epoch 506/800, Loss: 1.1125533326333825
2024-06-19 10:56:59 - INFO - Epoch 507/800, Loss: 1.1317711890503295
2024-06-19 10:57:03 - INFO - Epoch 508/800, Loss: 1.090817969864787
2024-06-19 10:57:07 - INFO - Epoch 509/800, Loss: 1.1188413804888377
2024-06-19 10:57:11 - INFO - Epoch 510/800, Loss: 1.1106355763368556
2024-06-19 10:57:15 - INFO - Epoch 511/800, Loss: 1.1170352531646934
2024-06-19 10:57:19 - INFO - Epoch 512/800, Loss: 1.1123721919995118
2024-06-19 10:57:23 - INFO - Epoch 513/800, Loss: 1.1664088067855298
2024-06-19 10:57:27 - INFO - Epoch 514/800, Loss: 1.120995455766077
2024-06-19 10:57:31 - INFO - Epoch 515/800, Loss: 1.1050611986248067
2024-06-19 10:57:35 - INFO - Epoch 516/800, Loss: 1.1144716867848292
2024-06-19 10:57:39 - INFO - Epoch 517/800, Loss: 1.0999198049063357
2024-06-19 10:57:43 - INFO - Epoch 518/800, Loss: 1.11833135204774
2024-06-19 10:57:47 - INFO - Epoch 519/800, Loss: 1.1059971474544041
2024-06-19 10:57:51 - INFO - Epoch 520/800, Loss: 1.1007013935224308
2024-06-19 10:57:55 - INFO - Epoch 521/800, Loss: 1.1085421307537462
2024-06-19 10:57:59 - INFO - Epoch 522/800, Loss: 1.161971005145008
2024-06-19 10:58:03 - INFO - Epoch 523/800, Loss: 1.0990643366208301
2024-06-19 10:58:07 - INFO - Epoch 524/800, Loss: 1.0970195805670213
2024-06-19 10:58:11 - INFO - Epoch 525/800, Loss: 1.1810484986517484
2024-06-19 10:58:15 - INFO - Epoch 526/800, Loss: 1.0949516620515285
2024-06-19 10:58:19 - INFO - Epoch 527/800, Loss: 1.1017623861533126
2024-06-19 10:58:23 - INFO - Epoch 528/800, Loss: 1.117695142933862
2024-06-19 10:58:27 - INFO - Epoch 529/800, Loss: 1.1081095640131162
2024-06-19 10:58:31 - INFO - Epoch 530/800, Loss: 1.1312585518119145
2024-06-19 10:58:35 - INFO - Epoch 531/800, Loss: 1.0838543303959247
2024-06-19 10:58:39 - INFO - Epoch 532/800, Loss: 1.1095593254073444
2024-06-19 10:58:43 - INFO - Epoch 533/800, Loss: 1.1039806105914671
2024-06-19 10:58:47 - INFO - Epoch 534/800, Loss: 1.1121909871563749
2024-06-19 10:58:51 - INFO - Epoch 535/800, Loss: 1.1116278907665695
2024-06-19 10:58:55 - INFO - Epoch 536/800, Loss: 1.1116921168709815
2024-06-19 10:58:59 - INFO - Epoch 537/800, Loss: 1.1315153766091186
2024-06-19 10:59:03 - INFO - Epoch 538/800, Loss: 1.0972384837319338
2024-06-19 10:59:07 - INFO - Epoch 539/800, Loss: 1.097621886575299
2024-06-19 10:59:11 - INFO - Epoch 540/800, Loss: 1.1090626171347577
2024-06-19 10:59:15 - INFO - Epoch 541/800, Loss: 1.1130367714870617
2024-06-19 10:59:19 - INFO - Epoch 542/800, Loss: 1.108417350662401
2024-06-19 10:59:23 - INFO - Epoch 543/800, Loss: 1.1036625396564383
2024-06-19 10:59:27 - INFO - Epoch 544/800, Loss: 1.118534966725144
2024-06-19 10:59:31 - INFO - Epoch 545/800, Loss: 1.1043113229629087
2024-06-19 10:59:35 - INFO - Epoch 546/800, Loss: 1.1124492365866687
2024-06-19 10:59:39 - INFO - Epoch 547/800, Loss: 1.093946426652185
2024-06-19 10:59:43 - INFO - Epoch 548/800, Loss: 1.1224771865224383
2024-06-19 10:59:47 - INFO - Epoch 549/800, Loss: 1.158007655737843
2024-06-19 10:59:51 - INFO - Epoch 550/800, Loss: 1.175725195266323
2024-06-19 10:59:55 - INFO - Epoch 551/800, Loss: 1.094786578573831
2024-06-19 10:59:59 - INFO - Epoch 552/800, Loss: 1.1267802586733127
2024-06-19 11:00:03 - INFO - Epoch 553/800, Loss: 1.113721264545512
2024-06-19 11:00:07 - INFO - Epoch 554/800, Loss: 1.1142000510320549
2024-06-19 11:00:11 - INFO - Epoch 555/800, Loss: 1.0929287715841243
2024-06-19 11:00:15 - INFO - Epoch 556/800, Loss: 1.0877172220646263
2024-06-19 11:00:19 - INFO - Epoch 557/800, Loss: 1.0949064356334877
2024-06-19 11:00:23 - INFO - Epoch 558/800, Loss: 1.1020240425607162
2024-06-19 11:00:27 - INFO - Epoch 559/800, Loss: 1.116827972908918
2024-06-19 11:00:31 - INFO - Epoch 560/800, Loss: 1.0954445876378236
2024-06-19 11:00:35 - INFO - Epoch 561/800, Loss: 1.1332133221875584
2024-06-19 11:00:39 - INFO - Epoch 562/800, Loss: 1.1098443947957657
2024-06-19 11:00:43 - INFO - Epoch 563/800, Loss: 1.099024767542177
2024-06-19 11:00:47 - INFO - Epoch 564/800, Loss: 1.176098946904899
2024-06-19 11:00:51 - INFO - Epoch 565/800, Loss: 1.11788633662451
2024-06-19 11:00:55 - INFO - Epoch 566/800, Loss: 1.1079867806995087
2024-06-19 11:00:59 - INFO - Epoch 567/800, Loss: 1.1135896329818185
2024-06-19 11:01:03 - INFO - Epoch 568/800, Loss: 1.36440203549637
2024-06-19 11:01:07 - INFO - Epoch 569/800, Loss: 1.1107534986994252
2024-06-19 11:01:11 - INFO - Epoch 570/800, Loss: 1.0954330233150016
2024-06-19 11:01:15 - INFO - Epoch 571/800, Loss: 1.0948416758561759
2024-06-19 11:01:19 - INFO - Epoch 572/800, Loss: 1.102643726761086
2024-06-19 11:01:23 - INFO - Epoch 573/800, Loss: 1.1928066226742784
2024-06-19 11:01:27 - INFO - Epoch 574/800, Loss: 1.1103762692093515
2024-06-19 11:01:31 - INFO - Epoch 575/800, Loss: 1.115622287245861
2024-06-19 11:01:35 - INFO - Epoch 576/800, Loss: 1.1103521391539075
2024-06-19 11:01:39 - INFO - Epoch 577/800, Loss: 1.1168495311538709
2024-06-19 11:01:43 - INFO - Epoch 578/800, Loss: 1.0978292350148917
2024-06-19 11:01:47 - INFO - Epoch 579/800, Loss: 1.1016864315672374
2024-06-19 11:01:51 - INFO - Epoch 580/800, Loss: 1.1273156442095107
2024-06-19 11:01:56 - INFO - Epoch 581/800, Loss: 1.1034337437041835
2024-06-19 11:01:59 - INFO - Epoch 582/800, Loss: 1.100957515801534
2024-06-19 11:02:04 - INFO - Epoch 583/800, Loss: 1.0921189786502208
2024-06-19 11:02:07 - INFO - Epoch 584/800, Loss: 1.1057022630769888
2024-06-19 11:02:11 - INFO - Epoch 585/800, Loss: 1.1097656748910052
2024-06-19 11:02:16 - INFO - Epoch 586/800, Loss: 1.1153148730327984
2024-06-19 11:02:19 - INFO - Epoch 587/800, Loss: 1.1002856869131121
2024-06-19 11:02:23 - INFO - Epoch 588/800, Loss: 1.097560863148573
2024-06-19 11:02:27 - INFO - Epoch 589/800, Loss: 1.1147183177879991
2024-06-19 11:02:31 - INFO - Epoch 590/800, Loss: 1.0980888169654117
2024-06-19 11:02:35 - INFO - Epoch 591/800, Loss: 1.096047947515209
2024-06-19 11:02:39 - INFO - Epoch 592/800, Loss: 1.108231627452742
2024-06-19 11:02:43 - INFO - Epoch 593/800, Loss: 1.166135546391531
2024-06-19 11:02:47 - INFO - Epoch 594/800, Loss: 1.0883071149330767
2024-06-19 11:02:51 - INFO - Epoch 595/800, Loss: 1.0924483489652381
2024-06-19 11:02:55 - INFO - Epoch 596/800, Loss: 1.0910933610814129
2024-06-19 11:02:59 - INFO - Epoch 597/800, Loss: 1.0922657060191316
2024-06-19 11:03:04 - INFO - Epoch 598/800, Loss: 1.1169425761602272
2024-06-19 11:03:07 - INFO - Epoch 599/800, Loss: 1.1381721796291118
2024-06-19 11:03:11 - INFO - Epoch 600/800, Loss: 1.1103845544388877
2024-06-19 11:03:15 - INFO - Epoch 601/800, Loss: 1.0916075980988211
2024-06-19 11:03:19 - INFO - Epoch 602/800, Loss: 1.1027488635612293
2024-06-19 11:03:24 - INFO - Epoch 603/800, Loss: 1.1064857169223727
2024-06-19 11:03:27 - INFO - Epoch 604/800, Loss: 1.1050574945508462
2024-06-19 11:03:31 - INFO - Epoch 605/800, Loss: 1.0987345085444569
2024-06-19 11:03:35 - INFO - Epoch 606/800, Loss: 1.1024708622496822
2024-06-19 11:03:39 - INFO - Epoch 607/800, Loss: 1.1055910808686822
2024-06-19 11:03:43 - INFO - Epoch 608/800, Loss: 1.1147644371518026
2024-06-19 11:03:47 - INFO - Epoch 609/800, Loss: 1.0982880725444273
2024-06-19 11:03:51 - INFO - Epoch 610/800, Loss: 1.1153790057846413
2024-06-19 11:03:55 - INFO - Epoch 611/800, Loss: 1.100376076261954
2024-06-19 11:03:59 - INFO - Epoch 612/800, Loss: 1.1124128960151753
2024-06-19 11:04:03 - INFO - Epoch 613/800, Loss: 1.1691543943479696
2024-06-19 11:04:07 - INFO - Epoch 614/800, Loss: 1.1017566844399511
2024-06-19 11:04:11 - INFO - Epoch 615/800, Loss: 1.1159631219307196
2024-06-19 11:04:15 - INFO - Epoch 616/800, Loss: 1.1936974718832136
2024-06-19 11:04:19 - INFO - Epoch 617/800, Loss: 1.1119385005528502
2024-06-19 11:04:24 - INFO - Epoch 618/800, Loss: 1.1123819807094681
2024-06-19 11:04:27 - INFO - Epoch 619/800, Loss: 1.1072749454670923
2024-06-19 11:04:32 - INFO - Epoch 620/800, Loss: 1.0893552178798707
2024-06-19 11:04:35 - INFO - Epoch 621/800, Loss: 1.0892809421755534
2024-06-19 11:04:40 - INFO - Epoch 622/800, Loss: 1.1635952893342094
2024-06-19 11:04:44 - INFO - Epoch 623/800, Loss: 1.1042876979104657
2024-06-19 11:04:47 - INFO - Epoch 624/800, Loss: 1.1068439222350746
2024-06-19 11:04:52 - INFO - Epoch 625/800, Loss: 1.1153217212492164
2024-06-19 11:04:55 - INFO - Epoch 626/800, Loss: 1.1057739567551625
2024-06-19 11:05:00 - INFO - Epoch 627/800, Loss: 1.1049152379253648
2024-06-19 11:05:03 - INFO - Epoch 628/800, Loss: 1.1386234392800214
2024-06-19 11:05:07 - INFO - Epoch 629/800, Loss: 1.124788951447375
2024-06-19 11:05:12 - INFO - Epoch 630/800, Loss: 1.0984460773907228
2024-06-19 11:05:15 - INFO - Epoch 631/800, Loss: 1.1636117706434514
2024-06-19 11:05:20 - INFO - Epoch 632/800, Loss: 1.1372300000962077
2024-06-19 11:05:24 - INFO - Epoch 633/800, Loss: 1.1094489641771557
2024-06-19 11:05:27 - INFO - Epoch 634/800, Loss: 1.105842319633421
2024-06-19 11:05:32 - INFO - Epoch 635/800, Loss: 1.1004179828024327
2024-06-19 11:05:35 - INFO - Epoch 636/800, Loss: 1.1214423683546426
2024-06-19 11:05:40 - INFO - Epoch 637/800, Loss: 1.1031561130850964
2024-06-19 11:05:43 - INFO - Epoch 638/800, Loss: 1.1499636460832783
2024-06-19 11:05:47 - INFO - Epoch 639/800, Loss: 1.1029537243064107
2024-06-19 11:05:52 - INFO - Epoch 640/800, Loss: 1.1222959860761699
2024-06-19 11:05:55 - INFO - Epoch 641/800, Loss: 1.109175574356512
2024-06-19 11:06:00 - INFO - Epoch 642/800, Loss: 1.1390419241517116
2024-06-19 11:06:03 - INFO - Epoch 643/800, Loss: 1.1251637184254122
2024-06-19 11:06:08 - INFO - Epoch 644/800, Loss: 1.0939650022536032
2024-06-19 11:06:12 - INFO - Epoch 645/800, Loss: 1.1066475891057481
2024-06-19 11:06:15 - INFO - Epoch 646/800, Loss: 1.1146430087889216
2024-06-19 11:06:20 - INFO - Epoch 647/800, Loss: 1.0971109536700736
2024-06-19 11:06:23 - INFO - Epoch 648/800, Loss: 1.1168907611794174
2024-06-19 11:06:28 - INFO - Epoch 649/800, Loss: 1.0945827882498729
2024-06-19 11:06:32 - INFO - Epoch 650/800, Loss: 1.128775612598596
2024-06-19 11:06:36 - INFO - Epoch 651/800, Loss: 1.100742147381759
2024-06-19 11:06:40 - INFO - Epoch 652/800, Loss: 1.0950638402850892
2024-06-19 11:06:44 - INFO - Epoch 653/800, Loss: 1.1094151546625293
2024-06-19 11:06:48 - INFO - Epoch 654/800, Loss: 1.1139122758597744
2024-06-19 11:06:52 - INFO - Epoch 655/800, Loss: 1.0872784707724834
2024-06-19 11:06:56 - INFO - Epoch 656/800, Loss: 1.0919287736385483
2024-06-19 11:07:00 - INFO - Epoch 657/800, Loss: 1.08722534126421
2024-06-19 11:07:04 - INFO - Epoch 658/800, Loss: 1.1045159234584287
2024-06-19 11:07:08 - INFO - Epoch 659/800, Loss: 1.190424851857351
2024-06-19 11:07:12 - INFO - Epoch 660/800, Loss: 1.103251721550959
2024-06-19 11:07:16 - INFO - Epoch 661/800, Loss: 1.12507385032176
2024-06-19 11:07:20 - INFO - Epoch 662/800, Loss: 1.1010749338150134
2024-06-19 11:07:24 - INFO - Epoch 663/800, Loss: 1.148587062684994
2024-06-19 11:07:28 - INFO - Epoch 664/800, Loss: 1.1412044205595293
2024-06-19 11:07:32 - INFO - Epoch 665/800, Loss: 1.0896879570612628
2024-06-19 11:07:36 - INFO - Epoch 666/800, Loss: 1.109439916709077
2024-06-19 11:07:40 - INFO - Epoch 667/800, Loss: 1.1039310583393407
2024-06-19 11:07:44 - INFO - Epoch 668/800, Loss: 1.1470992608885309
2024-06-19 11:07:48 - INFO - Epoch 669/800, Loss: 1.0981398687029722
2024-06-19 11:07:52 - INFO - Epoch 670/800, Loss: 1.1277311541790158
2024-06-19 11:07:56 - INFO - Epoch 671/800, Loss: 1.0926053916704355
2024-06-19 11:08:00 - INFO - Epoch 672/800, Loss: 1.0966283712964162
2024-06-19 11:08:04 - INFO - Epoch 673/800, Loss: 1.108424202345908
2024-06-19 11:08:08 - INFO - Epoch 674/800, Loss: 1.1055583982534132
2024-06-19 11:08:12 - INFO - Epoch 675/800, Loss: 1.1160170846677195
2024-06-19 11:08:16 - INFO - Epoch 676/800, Loss: 1.0944060211719482
2024-06-19 11:08:20 - INFO - Epoch 677/800, Loss: 1.1570984732184462
2024-06-19 11:08:24 - INFO - Epoch 678/800, Loss: 1.0949798369161075
2024-06-19 11:08:28 - INFO - Epoch 679/800, Loss: 1.1169033408927873
2024-06-19 11:08:32 - INFO - Epoch 680/800, Loss: 1.1105443342032688
2024-06-19 11:08:36 - INFO - Epoch 681/800, Loss: 1.1111203182302851
2024-06-19 11:08:40 - INFO - Epoch 682/800, Loss: 1.1241181004143437
2024-06-19 11:08:44 - INFO - Epoch 683/800, Loss: 1.0937866647068715
2024-06-19 11:08:48 - INFO - Epoch 684/800, Loss: 1.0850806853429404
2024-06-19 11:08:52 - INFO - Epoch 685/800, Loss: 1.1080072942198866
2024-06-19 11:08:56 - INFO - Epoch 686/800, Loss: 1.1021771537979006
2024-06-19 11:09:00 - INFO - Epoch 687/800, Loss: 1.1242044933468511
2024-06-19 11:09:04 - INFO - Epoch 688/800, Loss: 1.0959815700240396
2024-06-19 11:09:08 - INFO - Epoch 689/800, Loss: 1.0945735531502823
2024-06-19 11:09:12 - INFO - Epoch 690/800, Loss: 1.0959415602844773
2024-06-19 11:09:16 - INFO - Epoch 691/800, Loss: 1.1837310107849195
2024-06-19 11:09:20 - INFO - Epoch 692/800, Loss: 1.15734971117942
2024-06-19 11:09:24 - INFO - Epoch 693/800, Loss: 1.1107412204320932
2024-06-19 11:09:28 - INFO - Epoch 694/800, Loss: 1.110363467142491
2024-06-19 11:09:32 - INFO - Epoch 695/800, Loss: 1.104987037358274
2024-06-19 11:09:36 - INFO - Epoch 696/800, Loss: 1.1251558449450756
2024-06-19 11:09:40 - INFO - Epoch 697/800, Loss: 1.133597925651905
2024-06-19 11:09:44 - INFO - Epoch 698/800, Loss: 1.0972805951712548
2024-06-19 11:09:48 - INFO - Epoch 699/800, Loss: 1.1140709996911418
2024-06-19 11:09:52 - INFO - Epoch 700/800, Loss: 1.1232202091759786
2024-06-19 11:09:56 - INFO - Epoch 701/800, Loss: 1.1033298133897833
2024-06-19 11:10:00 - INFO - Epoch 702/800, Loss: 1.1625287906523194
2024-06-19 11:10:04 - INFO - Epoch 703/800, Loss: 1.1138062336452892
2024-06-19 11:10:08 - INFO - Epoch 704/800, Loss: 1.1006849953994895
2024-06-19 11:10:12 - INFO - Epoch 705/800, Loss: 1.1128450696975543
2024-06-19 11:10:16 - INFO - Epoch 706/800, Loss: 1.1115128379175714
2024-06-19 11:10:20 - INFO - Epoch 707/800, Loss: 1.09747413665688
2024-06-19 11:10:24 - INFO - Epoch 708/800, Loss: 1.0991232664842183
2024-06-19 11:10:28 - INFO - Epoch 709/800, Loss: 1.2535459099888877
2024-06-19 11:10:32 - INFO - Epoch 710/800, Loss: 1.0910257753539268
2024-06-19 11:10:36 - INFO - Epoch 711/800, Loss: 1.1326734711051594
2024-06-19 11:10:40 - INFO - Epoch 712/800, Loss: 1.152025334413144
2024-06-19 11:10:44 - INFO - Epoch 713/800, Loss: 1.1612679257296703
2024-06-19 11:10:48 - INFO - Epoch 714/800, Loss: 1.097480478412621
2024-06-19 11:10:52 - INFO - Epoch 715/800, Loss: 1.1267008651195884
2024-06-19 11:10:56 - INFO - Epoch 716/800, Loss: 1.0893889136344634
2024-06-19 11:11:00 - INFO - Epoch 717/800, Loss: 1.0925130902695714
2024-06-19 11:11:04 - INFO - Epoch 718/800, Loss: 1.1783140189824366
2024-06-19 11:11:08 - INFO - Epoch 719/800, Loss: 1.2634306696100062
2024-06-19 11:11:12 - INFO - Epoch 720/800, Loss: 1.1083138932753178
2024-06-19 11:11:16 - INFO - Epoch 721/800, Loss: 1.1184965424943356
2024-06-19 11:11:20 - INFO - Epoch 722/800, Loss: 1.090859365108374
2024-06-19 11:11:24 - INFO - Epoch 723/800, Loss: 1.121156776048791
2024-06-19 11:11:28 - INFO - Epoch 724/800, Loss: 1.169186888439411
2024-06-19 11:11:32 - INFO - Epoch 725/800, Loss: 1.1148457151434434
2024-06-19 11:11:36 - INFO - Epoch 726/800, Loss: 1.0942773853844965
2024-06-19 11:11:40 - INFO - Epoch 727/800, Loss: 1.0935862440189956
2024-06-19 11:11:44 - INFO - Epoch 728/800, Loss: 1.1095245518239456
2024-06-19 11:11:48 - INFO - Epoch 729/800, Loss: 1.1010333433961004
2024-06-19 11:11:52 - INFO - Epoch 730/800, Loss: 1.1003807797431129
2024-06-19 11:11:56 - INFO - Epoch 731/800, Loss: 1.1218060517091764
2024-06-19 11:12:00 - INFO - Epoch 732/800, Loss: 1.1161657223857597
2024-06-19 11:12:04 - INFO - Epoch 733/800, Loss: 1.099042742124701
2024-06-19 11:12:08 - INFO - Epoch 734/800, Loss: 1.1103583797339909
2024-06-19 11:12:12 - INFO - Epoch 735/800, Loss: 1.1168596590595867
2024-06-19 11:12:16 - INFO - Epoch 736/800, Loss: 1.0979493000011336
2024-06-19 11:12:20 - INFO - Epoch 737/800, Loss: 1.0940478747554878
2024-06-19 11:12:24 - INFO - Epoch 738/800, Loss: 1.1024348175625795
2024-06-19 11:12:28 - INFO - Epoch 739/800, Loss: 1.1013925502412107
2024-06-19 11:12:32 - INFO - Epoch 740/800, Loss: 1.109272242546027
2024-06-19 11:12:36 - INFO - Epoch 741/800, Loss: 1.1007116827227226
2024-06-19 11:12:40 - INFO - Epoch 742/800, Loss: 1.110102419267143
2024-06-19 11:12:44 - INFO - Epoch 743/800, Loss: 1.1157701941948128
2024-06-19 11:12:48 - INFO - Epoch 744/800, Loss: 1.0956949829087994
2024-06-19 11:12:52 - INFO - Epoch 745/800, Loss: 1.1159563754178559
2024-06-19 11:12:56 - INFO - Epoch 746/800, Loss: 1.0978527909843903
2024-06-19 11:13:00 - INFO - Epoch 747/800, Loss: 1.1063910859440758
2024-06-19 11:13:04 - INFO - Epoch 748/800, Loss: 1.0952686003280172
2024-06-19 11:13:08 - INFO - Epoch 749/800, Loss: 1.1034711684903298
2024-06-19 11:13:12 - INFO - Epoch 750/800, Loss: 1.1017169556436004
2024-06-19 11:13:16 - INFO - Epoch 751/800, Loss: 1.0943630311797123
2024-06-19 11:13:20 - INFO - Epoch 752/800, Loss: 1.1072524800504129
2024-06-19 11:13:24 - INFO - Epoch 753/800, Loss: 1.10436057026785
2024-06-19 11:13:28 - INFO - Epoch 754/800, Loss: 1.1135945315088833
2024-06-19 11:13:32 - INFO - Epoch 755/800, Loss: 1.1013993592434193
2024-06-19 11:13:36 - INFO - Epoch 756/800, Loss: 1.1241558516722368
2024-06-19 11:13:40 - INFO - Epoch 757/800, Loss: 1.2900393165102633
2024-06-19 11:13:44 - INFO - Epoch 758/800, Loss: 1.0999252333599365
2024-06-19 11:13:48 - INFO - Epoch 759/800, Loss: 1.1240992735851887
2024-06-19 11:13:52 - INFO - Epoch 760/800, Loss: 1.1008164838180359
2024-06-19 11:13:56 - INFO - Epoch 761/800, Loss: 1.185601634895057
2024-06-19 11:14:00 - INFO - Epoch 762/800, Loss: 1.1011313939631295
2024-06-19 11:14:04 - INFO - Epoch 763/800, Loss: 1.1018237813759733
2024-06-19 11:14:08 - INFO - Epoch 764/800, Loss: 1.1036586742810908
2024-06-19 11:14:13 - INFO - Epoch 765/800, Loss: 1.117940100017503
2024-06-19 11:14:16 - INFO - Epoch 766/800, Loss: 1.1041277589596896
2024-06-19 11:14:19 - INFO - Epoch 767/800, Loss: 1.0939744832440652
2024-06-19 11:14:22 - INFO - Epoch 768/800, Loss: 1.0985549920000734
2024-06-19 11:14:25 - INFO - Epoch 769/800, Loss: 1.124310755823675
2024-06-19 11:14:28 - INFO - Epoch 770/800, Loss: 1.1367522607285065
2024-06-19 11:14:31 - INFO - Epoch 771/800, Loss: 1.1026653563197726
2024-06-19 11:14:33 - INFO - Epoch 772/800, Loss: 1.1147802753398353
2024-06-19 11:14:35 - INFO - Epoch 773/800, Loss: 1.0948056127403702
2024-06-19 11:14:37 - INFO - Epoch 774/800, Loss: 1.098460939896256
2024-06-19 11:14:39 - INFO - Epoch 775/800, Loss: 1.1095679318671239
2024-06-19 11:14:41 - INFO - Epoch 776/800, Loss: 1.1002703638773197
2024-06-19 11:14:44 - INFO - Epoch 777/800, Loss: 1.1003955127027987
2024-06-19 11:14:46 - INFO - Epoch 778/800, Loss: 1.1096539731693502
2024-06-19 11:14:48 - INFO - Epoch 779/800, Loss: 1.093700939781645
2024-06-19 11:14:51 - INFO - Epoch 780/800, Loss: 1.1094527418841893
2024-06-19 11:14:53 - INFO - Epoch 781/800, Loss: 1.144660831648897
2024-06-19 11:14:55 - INFO - Epoch 782/800, Loss: 1.1112925237120577
2024-06-19 11:14:57 - INFO - Epoch 783/800, Loss: 1.1017470391816626
2024-06-19 11:14:59 - INFO - Epoch 784/800, Loss: 1.1166899960610903
2024-06-19 11:15:02 - INFO - Epoch 785/800, Loss: 1.1056457650906004
2024-06-19 11:15:04 - INFO - Epoch 786/800, Loss: 1.1184460692225602
2024-06-19 11:15:06 - INFO - Epoch 787/800, Loss: 1.1096493083200116
2024-06-19 11:15:08 - INFO - Epoch 788/800, Loss: 1.0995931218851702
2024-06-19 11:15:11 - INFO - Epoch 789/800, Loss: 1.0957777099870667
2024-06-19 11:15:13 - INFO - Epoch 790/800, Loss: 1.109799542731404
2024-06-19 11:15:15 - INFO - Epoch 791/800, Loss: 1.0987665645429512
2024-06-19 11:15:18 - INFO - Epoch 792/800, Loss: 1.1125321413174976
2024-06-19 11:15:20 - INFO - Epoch 793/800, Loss: 1.0901460983155011
2024-06-19 11:15:22 - INFO - Epoch 794/800, Loss: 1.1087616160592857
2024-06-19 11:15:24 - INFO - Epoch 795/800, Loss: 1.1258514773422674
2024-06-19 11:15:26 - INFO - Epoch 796/800, Loss: 1.1115045530660774
2024-06-19 11:15:28 - INFO - Epoch 797/800, Loss: 1.0947526605270514
2024-06-19 11:15:31 - INFO - Epoch 798/800, Loss: 1.1499959167007254
2024-06-19 11:15:33 - INFO - Epoch 799/800, Loss: 1.111371743121179
2024-06-19 11:15:35 - INFO - Epoch 800/800, Loss: 1.100768235269788
2024-06-19 11:15:35 - INFO - Finished training model.
2024-06-19 11:15:36 - INFO - 
Generated Code:
2024-06-19 11:15:36 - INFO - else { object o = object ( ) ; float a = FLOAT_LITERAL ; float a = FLOAT_LITERAL / FLOAT_LITERAL - FLOAT_LITERAL ; float c = FLOAT_LITERAL / FLOAT_LITERAL / FLOAT_LITERAL ; ! return a ; } else { object c = object ( ) ; float a = FLOAT_LITERAL ; float a = FLOAT_LITERAL / FLOAT_LITERAL - FLOAT_LITERAL ; float c = FLOAT_LITERAL / FLOAT_LITERAL / FLOAT_LITERAL ; ! return a ; } else { object c = object ( ) ; float a = FLOAT_LITERAL ; float a = FLOAT_LITERAL / FLOAT_LITERAL - FLOAT_LITERAL ; float c =
2024-06-19 11:15:36 - INFO - Finished training LSTM model.
