2024-06-19 01:44:48 - INFO - This log entry will go into a uniquely named file for this run.
2024-06-19 01:44:48 - INFO - Starting LSTM model training...
2024-06-19 01:44:48 - INFO - Optimizer=Adam
2024-06-19 01:44:48 - INFO - epochs=500
2024-06-19 01:44:48 - INFO - batch_size=32
2024-06-19 01:44:48 - INFO - File=codeExamples.txt
2024-06-19 01:44:48 - INFO - Learning Rate=0.001
2024-06-19 01:44:53 - INFO - Starting LSTM model training...
2024-06-19 01:45:04 - INFO - Epoch 1/500, Loss: 1.5060922935108414
2024-06-19 01:45:17 - INFO - Epoch 2/500, Loss: 1.4253913595914365
2024-06-19 01:45:32 - INFO - Epoch 3/500, Loss: 1.3751686109479366
2024-06-19 01:47:45 - INFO - Epoch 4/500, Loss: 1.3180518695756558
2024-06-19 01:48:02 - INFO - Epoch 5/500, Loss: 1.337556914018021
2024-06-19 01:48:18 - INFO - Epoch 6/500, Loss: 1.314534853083571
2024-06-19 01:48:35 - INFO - Epoch 7/500, Loss: 1.3344335134395222
2024-06-19 01:48:51 - INFO - Epoch 8/500, Loss: 1.3106834391489668
2024-06-19 01:49:08 - INFO - Epoch 9/500, Loss: 1.3182299794531465
2024-06-19 01:49:24 - INFO - Epoch 10/500, Loss: 1.328709222585183
2024-06-19 01:49:41 - INFO - Epoch 11/500, Loss: 1.3072798489410498
2024-06-19 01:50:05 - INFO - Epoch 12/500, Loss: 1.2873058008891638
2024-06-19 01:50:38 - INFO - Epoch 13/500, Loss: 1.290925507448388
2024-06-19 01:51:12 - INFO - Epoch 14/500, Loss: 1.3093111670588546
2024-06-19 01:51:47 - INFO - Epoch 15/500, Loss: 1.2897992892638357
2024-06-19 01:52:16 - INFO - Epoch 16/500, Loss: 1.2950801736378788
