2024-07-10 22:10:16 - INFO - This log entry will go into a uniquely named file for this run.
2024-07-10 22:10:19 - INFO - Starting LSTM model training...
2024-07-10 22:10:22 - INFO - Epoch: 1/100, Training Loss: 0.6930680645745376
2024-07-10 22:10:22 - INFO - Epoch: 1/100, Validation Loss: 0.6927336388891869, Accuracy: 51.526125193998965%
2024-07-10 22:10:24 - INFO - Epoch: 2/100, Training Loss: 0.6929150514767087
2024-07-10 22:10:24 - INFO - Epoch: 2/100, Validation Loss: 0.6929518433062585, Accuracy: 51.526125193998965%
2024-07-10 22:10:26 - INFO - Epoch: 3/100, Training Loss: 0.6927422196289589
2024-07-10 22:10:26 - INFO - Epoch: 3/100, Validation Loss: 0.6924143184672346, Accuracy: 51.526125193998965%
2024-07-10 22:10:28 - INFO - Epoch: 4/100, Training Loss: 0.6925126373356786
2024-07-10 22:10:29 - INFO - Epoch: 4/100, Validation Loss: 0.6925028402071732, Accuracy: 51.396792550439734%
2024-07-10 22:10:31 - INFO - Epoch: 5/100, Training Loss: 0.6931069642921974
2024-07-10 22:10:31 - INFO - Epoch: 5/100, Validation Loss: 0.6942440625075456, Accuracy: 51.526125193998965%
2024-07-10 22:10:33 - INFO - Epoch: 6/100, Training Loss: 0.6929461705273595
2024-07-10 22:10:33 - INFO - Epoch: 6/100, Validation Loss: 0.6907197993535262, Accuracy: 48.663562683221244%
2024-07-10 22:10:36 - INFO - Epoch: 7/100, Training Loss: 0.6795490143216889
2024-07-10 22:10:37 - INFO - Epoch: 7/100, Validation Loss: 0.6465342329753624, Accuracy: 58.92395240558717%
2024-07-10 22:10:41 - INFO - Epoch: 8/100, Training Loss: 0.6395203767151668
2024-07-10 22:10:41 - INFO - Epoch: 8/100, Validation Loss: 0.6292625279216976, Accuracy: 59.97585790653561%
2024-07-10 22:10:45 - INFO - Epoch: 9/100, Training Loss: 0.6230527687072754
2024-07-10 22:10:45 - INFO - Epoch: 9/100, Validation Loss: 0.6119962468907073, Accuracy: 62.62286601138127%
2024-07-10 22:10:47 - INFO - Epoch: 10/100, Training Loss: 0.5993336850610272
2024-07-10 22:10:47 - INFO - Epoch: 10/100, Validation Loss: 0.5960463624406647, Accuracy: 63.640282807380586%
2024-07-10 22:10:49 - INFO - Epoch: 11/100, Training Loss: 0.5919948230529654
2024-07-10 22:10:49 - INFO - Epoch: 11/100, Validation Loss: 0.5896345977927302, Accuracy: 64.52836695982066%
2024-07-10 22:10:51 - INFO - Epoch: 12/100, Training Loss: 0.5862362649934045
2024-07-10 22:10:52 - INFO - Epoch: 12/100, Validation Loss: 0.5821778034115885, Accuracy: 65.01120882910847%
2024-07-10 22:10:53 - INFO - Epoch: 13/100, Training Loss: 0.5818334579467773
2024-07-10 22:10:54 - INFO - Epoch: 13/100, Validation Loss: 0.5801370638412434, Accuracy: 65.27849629246421%
2024-07-10 22:10:56 - INFO - Epoch: 14/100, Training Loss: 0.5773757388262913
2024-07-10 22:10:56 - INFO - Epoch: 14/100, Validation Loss: 0.5702912181943327, Accuracy: 65.89067080531126%
2024-07-10 22:10:58 - INFO - Epoch: 15/100, Training Loss: 0.5675205658633133
2024-07-10 22:10:59 - INFO - Epoch: 15/100, Validation Loss: 0.5581524733986173, Accuracy: 66.98568718744612%
2024-07-10 22:11:01 - INFO - Epoch: 16/100, Training Loss: 0.5632276893895248
2024-07-10 22:11:01 - INFO - Epoch: 16/100, Validation Loss: 0.5547393221449066, Accuracy: 67.12364200724262%
2024-07-10 22:11:03 - INFO - Epoch: 17/100, Training Loss: 0.5588369808936942
2024-07-10 22:11:03 - INFO - Epoch: 17/100, Validation Loss: 0.5504924689347928, Accuracy: 67.14950853595448%
2024-07-10 22:11:05 - INFO - Epoch: 18/100, Training Loss: 0.5548442544608281
2024-07-10 22:11:05 - INFO - Epoch: 18/100, Validation Loss: 0.5470489455120904, Accuracy: 67.21848594585273%
2024-07-10 22:11:08 - INFO - Epoch: 19/100, Training Loss: 0.5490371124086709
2024-07-10 22:11:08 - INFO - Epoch: 19/100, Validation Loss: 0.5413326991128398, Accuracy: 67.17537506466633%
2024-07-10 22:11:10 - INFO - Epoch: 20/100, Training Loss: 0.5496248513254626
2024-07-10 22:11:10 - INFO - Epoch: 20/100, Validation Loss: 0.5389433221502619, Accuracy: 67.06328677358165%
2024-07-10 22:11:12 - INFO - Epoch: 21/100, Training Loss: 0.5356857164152737
2024-07-10 22:11:13 - INFO - Epoch: 21/100, Validation Loss: 0.5326181867947946, Accuracy: 66.7442662528022%
2024-07-10 22:11:15 - INFO - Epoch: 22/100, Training Loss: 0.5413769823518293
2024-07-10 22:11:15 - INFO - Epoch: 22/100, Validation Loss: 0.5247324077965139, Accuracy: 67.31332988446283%
2024-07-10 22:11:17 - INFO - Epoch: 23/100, Training Loss: 0.5230762993056198
2024-07-10 22:11:17 - INFO - Epoch: 23/100, Validation Loss: 0.5220277270117959, Accuracy: 67.35644076564925%
2024-07-10 22:11:19 - INFO - Epoch: 24/100, Training Loss: 0.5190655927411442
2024-07-10 22:11:20 - INFO - Epoch: 24/100, Validation Loss: 0.5142825781316548, Accuracy: 66.95119848249698%
2024-07-10 22:11:21 - INFO - Epoch: 25/100, Training Loss: 0.5127367101866623
2024-07-10 22:11:22 - INFO - Epoch: 25/100, Validation Loss: 0.5087417778405514, Accuracy: 67.70132781514054%
2024-07-10 22:11:24 - INFO - Epoch: 26/100, Training Loss: 0.5145547892307413
2024-07-10 22:11:24 - INFO - Epoch: 26/100, Validation Loss: 0.5536791724818093, Accuracy: 67.61510605276771%
2024-07-10 22:11:26 - INFO - Epoch: 27/100, Training Loss: 0.5101477226717719
2024-07-10 22:11:26 - INFO - Epoch: 27/100, Validation Loss: 0.50074984395242, Accuracy: 68.02897051215727%
2024-07-10 22:11:28 - INFO - Epoch: 28/100, Training Loss: 0.5030994584642607
2024-07-10 22:11:29 - INFO - Epoch: 28/100, Validation Loss: 0.5122105159929821, Accuracy: 68.08932574581824%
2024-07-10 22:11:31 - INFO - Epoch: 29/100, Training Loss: 0.49980318973804344
2024-07-10 22:11:31 - INFO - Epoch: 29/100, Validation Loss: 0.4998231446677512, Accuracy: 68.09794792205552%
2024-07-10 22:11:33 - INFO - Epoch: 30/100, Training Loss: 0.49444270376501415
2024-07-10 22:11:34 - INFO - Epoch: 30/100, Validation Loss: 0.4860243879176758, Accuracy: 69.68442834971547%
2024-07-10 22:11:36 - INFO - Epoch: 31/100, Training Loss: 0.48768118772013436
2024-07-10 22:11:36 - INFO - Epoch: 31/100, Validation Loss: 0.48208545786993845, Accuracy: 69.08949818934299%
2024-07-10 22:11:38 - INFO - Epoch: 32/100, Training Loss: 0.479476753925455
2024-07-10 22:11:38 - INFO - Epoch: 32/100, Validation Loss: 0.47762571029610684, Accuracy: 69.96896016554578%
2024-07-10 22:11:40 - INFO - Epoch: 33/100, Training Loss: 0.47167880810540297
2024-07-10 22:11:41 - INFO - Epoch: 33/100, Validation Loss: 0.47274189941830685, Accuracy: 69.0377651319193%
2024-07-10 22:11:42 - INFO - Epoch: 34/100, Training Loss: 0.46580190896987916
2024-07-10 22:11:43 - INFO - Epoch: 34/100, Validation Loss: 0.46076142951682375, Accuracy: 70.15002586652871%
2024-07-10 22:11:45 - INFO - Epoch: 35/100, Training Loss: 0.456596804857254
2024-07-10 22:11:45 - INFO - Epoch: 35/100, Validation Loss: 0.45770058265099156, Accuracy: 71.16744266252802%
2024-07-10 22:11:47 - INFO - Epoch: 36/100, Training Loss: 0.4525373961596653
2024-07-10 22:11:47 - INFO - Epoch: 36/100, Validation Loss: 0.4501760844345931, Accuracy: 71.12433178134161%
2024-07-10 22:11:49 - INFO - Epoch: 37/100, Training Loss: 0.44776418714687743
2024-07-10 22:11:50 - INFO - Epoch: 37/100, Validation Loss: 0.448851608313047, Accuracy: 70.71046732195207%
2024-07-10 22:11:52 - INFO - Epoch: 38/100, Training Loss: 0.4435969484263453
2024-07-10 22:11:52 - INFO - Epoch: 38/100, Validation Loss: 0.43938223690122036, Accuracy: 70.95188825659596%
2024-07-10 22:11:54 - INFO - Epoch: 39/100, Training Loss: 0.4399575895276563
2024-07-10 22:11:54 - INFO - Epoch: 39/100, Validation Loss: 0.44225039521416465, Accuracy: 69.68442834971547%
2024-07-10 22:11:56 - INFO - Epoch: 40/100, Training Loss: 0.43765736325033777
2024-07-10 22:11:57 - INFO - Epoch: 40/100, Validation Loss: 0.4368908058156024, Accuracy: 71.11570960510433%
2024-07-10 22:11:59 - INFO - Epoch: 41/100, Training Loss: 0.4358901668417043
2024-07-10 22:11:59 - INFO - Epoch: 41/100, Validation Loss: 0.4351734145657047, Accuracy: 70.82255561303673%
2024-07-10 22:12:01 - INFO - Epoch: 42/100, Training Loss: 0.4332557281954535
2024-07-10 22:12:01 - INFO - Epoch: 42/100, Validation Loss: 0.44117333797308117, Accuracy: 70.88291084669771%
2024-07-10 22:12:03 - INFO - Epoch: 43/100, Training Loss: 0.43202676283902136
2024-07-10 22:12:03 - INFO - Epoch: 43/100, Validation Loss: 0.43138733620827013, Accuracy: 71.15882048629074%
2024-07-10 22:12:05 - INFO - Epoch: 44/100, Training Loss: 0.42852537664873847
2024-07-10 22:12:05 - INFO - Epoch: 44/100, Validation Loss: 0.4310622287320567, Accuracy: 71.45197447835834%
2024-07-10 22:12:07 - INFO - Epoch: 45/100, Training Loss: 0.4291922374018307
2024-07-10 22:12:07 - INFO - Epoch: 45/100, Validation Loss: 0.4327988149700584, Accuracy: 71.18468701500258%
2024-07-10 22:12:10 - INFO - Epoch: 46/100, Training Loss: 0.42359836344061225
2024-07-10 22:12:10 - INFO - Epoch: 46/100, Validation Loss: 0.42564176481503707, Accuracy: 71.44335230212106%
2024-07-10 22:12:12 - INFO - Epoch: 47/100, Training Loss: 0.42276397733852783
2024-07-10 22:12:12 - INFO - Epoch: 47/100, Validation Loss: 0.42337232959139476, Accuracy: 70.99499913778237%
2024-07-10 22:12:14 - INFO - Epoch: 48/100, Training Loss: 0.42329823748818757
2024-07-10 22:12:14 - INFO - Epoch: 48/100, Validation Loss: 0.42059682915498925, Accuracy: 71.15882048629074%
2024-07-10 22:12:17 - INFO - Epoch: 49/100, Training Loss: 0.42104077610476265
2024-07-10 22:12:17 - INFO - Epoch: 49/100, Validation Loss: 0.4208101697347976, Accuracy: 70.15002586652871%
2024-07-10 22:12:19 - INFO - Epoch: 50/100, Training Loss: 0.41964220112767714
2024-07-10 22:12:19 - INFO - Epoch: 50/100, Validation Loss: 0.4213519227373731, Accuracy: 70.11553716157958%
2024-07-10 22:12:21 - INFO - Epoch: 51/100, Training Loss: 0.41772773697458465
2024-07-10 22:12:21 - INFO - Epoch: 51/100, Validation Loss: 0.41802758535186013, Accuracy: 71.3226418347991%
2024-07-10 22:12:23 - INFO - Epoch: 52/100, Training Loss: 0.41692524100172107
2024-07-10 22:12:23 - INFO - Epoch: 52/100, Validation Loss: 0.4279850097475471, Accuracy: 71.36575271598551%
2024-07-10 22:12:25 - INFO - Epoch: 53/100, Training Loss: 0.4179561805314031
2024-07-10 22:12:25 - INFO - Epoch: 53/100, Validation Loss: 0.41902523856241625, Accuracy: 70.79668908432488%
2024-07-10 22:12:27 - INFO - Epoch: 54/100, Training Loss: 0.4146621467738316
2024-07-10 22:12:28 - INFO - Epoch: 54/100, Validation Loss: 0.41739098482079556, Accuracy: 71.89170546645974%
2024-07-10 22:12:30 - INFO - Epoch: 55/100, Training Loss: 0.4121065980812599
2024-07-10 22:12:30 - INFO - Epoch: 55/100, Validation Loss: 0.41538113617635036, Accuracy: 70.73633385066391%
2024-07-10 22:12:32 - INFO - Epoch: 56/100, Training Loss: 0.4147227958153034
2024-07-10 22:12:32 - INFO - Epoch: 56/100, Validation Loss: 0.41194817833193054, Accuracy: 71.45197447835834%
2024-07-10 22:12:34 - INFO - Epoch: 57/100, Training Loss: 0.41095819428049285
2024-07-10 22:12:34 - INFO - Epoch: 57/100, Validation Loss: 0.4161894868363391, Accuracy: 71.70201758923952%
2024-07-10 22:12:36 - INFO - Epoch: 58/100, Training Loss: 0.4159361995088643
2024-07-10 22:12:36 - INFO - Epoch: 58/100, Validation Loss: 0.40830610823500285, Accuracy: 71.01224349025694%
2024-07-10 22:12:38 - INFO - Epoch: 59/100, Training Loss: 0.40972271684942574
2024-07-10 22:12:39 - INFO - Epoch: 59/100, Validation Loss: 0.41008395988207597, Accuracy: 71.73650629418866%
2024-07-10 22:12:41 - INFO - Epoch: 60/100, Training Loss: 0.40907270678158464
2024-07-10 22:12:41 - INFO - Epoch: 60/100, Validation Loss: 0.4090817405299826, Accuracy: 70.84842214174857%
2024-07-10 22:12:43 - INFO - Epoch: 61/100, Training Loss: 0.4060300410615987
2024-07-10 22:12:43 - INFO - Epoch: 61/100, Validation Loss: 0.4139105017696108, Accuracy: 71.08984307639248%
2024-07-10 22:12:45 - INFO - Epoch: 62/100, Training Loss: 0.4063237303289874
2024-07-10 22:12:46 - INFO - Epoch: 62/100, Validation Loss: 0.417939448258379, Accuracy: 70.7880669080876%
2024-07-10 22:12:48 - INFO - Epoch: 63/100, Training Loss: 0.40779740358221117
2024-07-10 22:12:48 - INFO - Epoch: 63/100, Validation Loss: 0.4087086062837433, Accuracy: 70.96913260907053%
2024-07-10 22:12:50 - INFO - Epoch: 64/100, Training Loss: 0.4060880964788897
2024-07-10 22:12:50 - INFO - Epoch: 64/100, Validation Loss: 0.41358903181421885, Accuracy: 70.32246939127435%
2024-07-10 22:12:52 - INFO - Epoch: 65/100, Training Loss: 0.4048239014888632
2024-07-10 22:12:53 - INFO - Epoch: 65/100, Validation Loss: 0.4065654680624113, Accuracy: 70.62424555957924%
2024-07-10 22:12:55 - INFO - Epoch: 66/100, Training Loss: 0.4045155913665377
2024-07-10 22:12:55 - INFO - Epoch: 66/100, Validation Loss: 0.41532420064066794, Accuracy: 71.77099499913778%
2024-07-10 22:12:57 - INFO - Epoch: 67/100, Training Loss: 0.40578334948112227
2024-07-10 22:12:57 - INFO - Epoch: 67/100, Validation Loss: 0.41603696182533934, Accuracy: 70.2534919813761%
2024-07-10 22:12:59 - INFO - Epoch: 68/100, Training Loss: 0.404730754556327
2024-07-10 22:13:00 - INFO - Epoch: 68/100, Validation Loss: 0.40428679706631127, Accuracy: 70.40869115364718%
2024-07-10 22:13:02 - INFO - Epoch: 69/100, Training Loss: 0.40119078738936065
2024-07-10 22:13:02 - INFO - Epoch: 69/100, Validation Loss: 0.40611790857472263, Accuracy: 70.49491291602%
2024-07-10 22:13:06 - INFO - Epoch: 70/100, Training Loss: 0.40268177336659927
2024-07-10 22:13:06 - INFO - Epoch: 70/100, Validation Loss: 0.4053035458693138, Accuracy: 70.55526814968098%
2024-07-10 22:13:10 - INFO - Epoch: 71/100, Training Loss: 0.4009247406597795
2024-07-10 22:13:11 - INFO - Epoch: 71/100, Validation Loss: 0.40243693498464733, Accuracy: 70.39144680117262%
2024-07-10 22:13:14 - INFO - Epoch: 72/100, Training Loss: 0.39893043111110554
2024-07-10 22:13:15 - INFO - Epoch: 72/100, Validation Loss: 0.4008889730487551, Accuracy: 70.90877737540956%
2024-07-10 22:13:18 - INFO - Epoch: 73/100, Training Loss: 0.39860678167178715
2024-07-10 22:13:18 - INFO - Epoch: 73/100, Validation Loss: 0.40260008108484874, Accuracy: 70.15864804276599%
2024-07-10 22:13:20 - INFO - Epoch: 74/100, Training Loss: 0.40050633931982105
2024-07-10 22:13:21 - INFO - Epoch: 74/100, Validation Loss: 0.401811047733485, Accuracy: 70.15864804276599%
2024-07-10 22:13:23 - INFO - Epoch: 75/100, Training Loss: 0.39845918717055484
2024-07-10 22:13:23 - INFO - Epoch: 75/100, Validation Loss: 0.4056503474712372, Accuracy: 71.81410588032419%
2024-07-10 22:13:25 - INFO - Epoch: 76/100, Training Loss: 0.3966398972889473
2024-07-10 22:13:25 - INFO - Epoch: 76/100, Validation Loss: 0.41015961094871983, Accuracy: 70.77944473185032%
2024-07-10 22:13:27 - INFO - Epoch: 77/100, Training Loss: 0.3979730296134949
2024-07-10 22:13:28 - INFO - Epoch: 77/100, Validation Loss: 0.40159910442409935, Accuracy: 71.4692188308329%
2024-07-10 22:13:30 - INFO - Epoch: 78/100, Training Loss: 0.397023279625794
2024-07-10 22:13:30 - INFO - Epoch: 78/100, Validation Loss: 0.4041770359317025, Accuracy: 70.6932229694775%
2024-07-10 22:13:32 - INFO - Epoch: 79/100, Training Loss: 0.39529877502342753
2024-07-10 22:13:32 - INFO - Epoch: 79/100, Validation Loss: 0.40580724769241205, Accuracy: 70.2534919813761%
2024-07-10 22:13:34 - INFO - Epoch: 80/100, Training Loss: 0.3956302977841476
2024-07-10 22:13:34 - INFO - Epoch: 80/100, Validation Loss: 0.4041658215797864, Accuracy: 70.28798068632523%
2024-07-10 22:13:37 - INFO - Epoch: 81/100, Training Loss: 0.3964924896174464
2024-07-10 22:13:37 - INFO - Epoch: 81/100, Validation Loss: 0.4061959980280845, Accuracy: 70.58975685463011%
2024-07-10 22:13:39 - INFO - Epoch: 82/100, Training Loss: 0.3939073001516276
2024-07-10 22:13:39 - INFO - Epoch: 82/100, Validation Loss: 0.4001231164067656, Accuracy: 70.59837903086739%
2024-07-10 22:13:41 - INFO - Epoch: 83/100, Training Loss: 0.39452769100666046
2024-07-10 22:13:41 - INFO - Epoch: 83/100, Validation Loss: 0.39665386162616395, Accuracy: 70.66735644076564%
2024-07-10 22:13:43 - INFO - Epoch: 84/100, Training Loss: 0.3931221048174233
2024-07-10 22:13:44 - INFO - Epoch: 84/100, Validation Loss: 0.4022855431168944, Accuracy: 70.19313674771513%
2024-07-10 22:13:46 - INFO - Epoch: 85/100, Training Loss: 0.3944465605965976
2024-07-10 22:13:46 - INFO - Epoch: 85/100, Validation Loss: 0.4003071496774862, Accuracy: 70.22762545266426%
2024-07-10 22:13:48 - INFO - Epoch: 86/100, Training Loss: 0.39380525736973204
2024-07-10 22:13:48 - INFO - Epoch: 86/100, Validation Loss: 0.40245873980469754, Accuracy: 72.15899292981548%
2024-07-10 22:13:50 - INFO - Epoch: 87/100, Training Loss: 0.3945976297608737
2024-07-10 22:13:50 - INFO - Epoch: 87/100, Validation Loss: 0.4057782323478342, Accuracy: 70.57251250215555%
2024-07-10 22:13:52 - INFO - Epoch: 88/100, Training Loss: 0.3924821498065159
2024-07-10 22:13:52 - INFO - Epoch: 88/100, Validation Loss: 0.4020838937261602, Accuracy: 69.82238316951198%
2024-07-10 22:13:54 - INFO - Epoch: 89/100, Training Loss: 0.3923643642869489
2024-07-10 22:13:55 - INFO - Epoch: 89/100, Validation Loss: 0.4027297208597372, Accuracy: 72.11588204862908%
2024-07-10 22:13:57 - INFO - Epoch: 90/100, Training Loss: 0.3900738686939766
2024-07-10 22:13:57 - INFO - Epoch: 90/100, Validation Loss: 0.40459597487371046, Accuracy: 70.19313674771513%
2024-07-10 22:13:59 - INFO - Epoch: 91/100, Training Loss: 0.39106360973982973
2024-07-10 22:13:59 - INFO - Epoch: 91/100, Validation Loss: 0.4181063384800167, Accuracy: 69.84824969822384%
2024-07-10 22:14:01 - INFO - Epoch: 92/100, Training Loss: 0.39199160884166584
2024-07-10 22:14:01 - INFO - Epoch: 92/100, Validation Loss: 0.40588470294580353, Accuracy: 70.43455768235903%
2024-07-10 22:14:03 - INFO - Epoch: 93/100, Training Loss: 0.3903691797420896
2024-07-10 22:14:03 - INFO - Epoch: 93/100, Validation Loss: 0.4067744049397144, Accuracy: 70.14140369029143%
2024-07-10 22:14:05 - INFO - Epoch: 94/100, Training Loss: 0.39161110360046913
2024-07-10 22:14:05 - INFO - Epoch: 94/100, Validation Loss: 0.4036069350255715, Accuracy: 69.7189170546646%
2024-07-10 22:14:08 - INFO - Epoch: 95/100, Training Loss: 0.3902412080559237
2024-07-10 22:14:08 - INFO - Epoch: 95/100, Validation Loss: 0.40925512520166546, Accuracy: 72.11588204862908%
2024-07-10 22:14:10 - INFO - Epoch: 96/100, Training Loss: 0.39259258336034314
2024-07-10 22:14:10 - INFO - Epoch: 96/100, Validation Loss: 0.4008362935139583, Accuracy: 70.03793757544405%
2024-07-10 22:14:12 - INFO - Epoch: 97/100, Training Loss: 0.3905543593291579
2024-07-10 22:14:12 - INFO - Epoch: 97/100, Validation Loss: 0.4226052428667362, Accuracy: 69.58958441110536%
2024-07-10 22:14:14 - INFO - Epoch: 98/100, Training Loss: 0.3922264333634541
2024-07-10 22:14:14 - INFO - Epoch: 98/100, Validation Loss: 0.398410133771844, Accuracy: 69.70167270219004%
2024-07-10 22:14:16 - INFO - Epoch: 99/100, Training Loss: 0.38845074579633515
2024-07-10 22:14:16 - INFO - Epoch: 99/100, Validation Loss: 0.4063895348009172, Accuracy: 70.2534919813761%
2024-07-10 22:14:18 - INFO - Epoch: 100/100, Training Loss: 0.38914487230366673
2024-07-10 22:14:19 - INFO - Epoch: 100/100, Validation Loss: 0.40696153666946916, Accuracy: 70.7880669080876%
2024-07-10 22:14:19 - INFO - Finished training model.
