2024-07-10 23:51:34 - INFO - This log entry will go into a uniquely named file for this run.
2024-07-10 23:51:35 - INFO - without hidden
2024-07-10 23:51:35 - INFO - Params:
2024-07-10 23:51:35 - INFO - embedding_dim=32
2024-07-10 23:51:35 - INFO - hidden_dim:32
2024-07-10 23:51:35 - INFO - num_layers:2
2024-07-10 23:51:35 - INFO - epochs:300
2024-07-10 23:51:35 - INFO - batch_size:64
2024-07-10 23:51:35 - INFO - lr:0.01
2024-07-10 23:51:39 - INFO - Starting LSTM model training...
2024-07-10 23:52:03 - INFO - Epoch: 1/300, Training Loss: 0.4917229544507977
2024-07-10 23:52:06 - INFO - Epoch: 1/300, Validation Loss: 0.4640260116558885, Accuracy: 76.26861761844174%
2024-07-10 23:52:06 - INFO - Model saved with validation accuracy: 76.26861761844174%
2024-07-10 23:52:30 - INFO - Epoch: 2/300, Training Loss: 0.46122448843782704
2024-07-10 23:52:33 - INFO - Epoch: 2/300, Validation Loss: 0.45978610844472295, Accuracy: 76.48566724047602%
2024-07-10 23:52:33 - INFO - Model saved with validation accuracy: 76.48566724047602%
2024-07-10 23:52:58 - INFO - Epoch: 3/300, Training Loss: 0.4600487410656404
2024-07-10 23:53:00 - INFO - Epoch: 3/300, Validation Loss: 0.45904929954658935, Accuracy: 76.52028291295562%
2024-07-10 23:53:00 - INFO - Model saved with validation accuracy: 76.52028291295562%
2024-07-10 23:53:25 - INFO - Epoch: 4/300, Training Loss: 0.4591611380429704
2024-07-10 23:53:27 - INFO - Epoch: 4/300, Validation Loss: 0.45929918124745667, Accuracy: 76.48473168176035%
2024-07-10 23:53:52 - INFO - Epoch: 5/300, Training Loss: 0.45921022327087935
2024-07-10 23:53:54 - INFO - Epoch: 5/300, Validation Loss: 0.4591170248515873, Accuracy: 76.50157173864231%
2024-07-10 23:54:19 - INFO - Epoch: 6/300, Training Loss: 0.4598237290128657
2024-07-10 23:54:21 - INFO - Epoch: 6/300, Validation Loss: 0.4597589519657395, Accuracy: 76.41269366065414%
2024-07-10 23:54:46 - INFO - Epoch: 7/300, Training Loss: 0.4601824396055556
2024-07-10 23:54:48 - INFO - Epoch: 7/300, Validation Loss: 0.46026753794283726, Accuracy: 76.44450265698676%
2024-07-10 23:55:13 - INFO - Epoch: 8/300, Training Loss: 0.4632552072970101
2024-07-10 23:55:16 - INFO - Epoch: 8/300, Validation Loss: 0.46314487874258214, Accuracy: 76.41737145423247%
2024-07-10 23:55:40 - INFO - Epoch: 9/300, Training Loss: 0.4645310008825611
2024-07-10 23:55:43 - INFO - Epoch: 9/300, Validation Loss: 0.46328188656405156, Accuracy: 76.26206870743208%
2024-07-10 23:56:07 - INFO - Epoch: 10/300, Training Loss: 0.4625816759173161
2024-07-10 23:56:10 - INFO - Epoch: 10/300, Validation Loss: 0.4603803252867066, Accuracy: 76.48379612304468%
2024-07-10 23:56:34 - INFO - Epoch: 11/300, Training Loss: 0.46966130922447685
2024-07-10 23:56:37 - INFO - Epoch: 11/300, Validation Loss: 0.46592248511628287, Accuracy: 76.32100890651897%
2024-07-10 23:57:01 - INFO - Epoch: 12/300, Training Loss: 0.46804135213032433
2024-07-10 23:57:04 - INFO - Epoch: 12/300, Validation Loss: 0.4783925812341438, Accuracy: 76.19377292118854%
2024-07-10 23:57:28 - INFO - Epoch: 13/300, Training Loss: 0.46986623605092365
2024-07-10 23:57:31 - INFO - Epoch: 13/300, Validation Loss: 0.4678098909481067, Accuracy: 76.36498016615523%
2024-07-10 23:57:55 - INFO - Epoch: 14/300, Training Loss: 0.47045994837597055
2024-07-10 23:57:58 - INFO - Epoch: 14/300, Validation Loss: 0.4687486187488572, Accuracy: 76.23587306339346%
2024-07-10 23:58:22 - INFO - Epoch: 15/300, Training Loss: 0.4677855459279847
2024-07-10 23:58:25 - INFO - Epoch: 15/300, Validation Loss: 0.4661673174369556, Accuracy: 76.33317116982262%
2024-07-10 23:58:49 - INFO - Epoch: 16/300, Training Loss: 0.4669169366332946
2024-07-10 23:58:52 - INFO - Epoch: 16/300, Validation Loss: 0.4660178451463892, Accuracy: 76.39117581019384%
2024-07-10 23:59:16 - INFO - Epoch: 17/300, Training Loss: 0.46543330471595235
2024-07-10 23:59:19 - INFO - Epoch: 17/300, Validation Loss: 0.4629489135271343, Accuracy: 76.46789162487838%
2024-07-10 23:59:43 - INFO - Epoch: 18/300, Training Loss: 0.4643824534080036
2024-07-10 23:59:46 - INFO - Epoch: 18/300, Validation Loss: 0.4621873607826689, Accuracy: 76.51654067809295%
2024-07-11 00:00:10 - INFO - Epoch: 19/300, Training Loss: 0.459793050856384
2024-07-11 00:00:13 - INFO - Epoch: 19/300, Validation Loss: 0.4568834157135585, Accuracy: 77.1087493451089%
2024-07-11 00:00:13 - INFO - Model saved with validation accuracy: 77.1087493451089%
2024-07-11 00:00:38 - INFO - Epoch: 20/300, Training Loss: 0.4578444410398181
2024-07-11 00:00:40 - INFO - Epoch: 20/300, Validation Loss: 0.4565036946217647, Accuracy: 77.13588054786318%
2024-07-11 00:00:40 - INFO - Model saved with validation accuracy: 77.13588054786318%
2024-07-11 00:01:05 - INFO - Epoch: 21/300, Training Loss: 0.45695449596767457
2024-07-11 00:01:07 - INFO - Epoch: 21/300, Validation Loss: 0.45641978503272324, Accuracy: 77.11249157997156%
2024-07-11 00:01:32 - INFO - Epoch: 22/300, Training Loss: 0.4569134171307756
2024-07-11 00:01:34 - INFO - Epoch: 22/300, Validation Loss: 0.4558075109796564, Accuracy: 77.13400943043186%
2024-07-11 00:01:59 - INFO - Epoch: 23/300, Training Loss: 0.45676763060206765
2024-07-11 00:02:01 - INFO - Epoch: 23/300, Validation Loss: 0.45447028289648816, Accuracy: 77.12091160841254%
2024-07-11 00:02:26 - INFO - Epoch: 24/300, Training Loss: 0.45673242062798625
2024-07-11 00:02:29 - INFO - Epoch: 24/300, Validation Loss: 0.45477720547549955, Accuracy: 77.09752264052092%
2024-07-11 00:02:53 - INFO - Epoch: 25/300, Training Loss: 0.4591020702771522
2024-07-11 00:02:55 - INFO - Epoch: 25/300, Validation Loss: 0.485455845195615, Accuracy: 75.45935932939152%
2024-07-11 00:03:20 - INFO - Epoch: 26/300, Training Loss: 0.4700283175491855
2024-07-11 00:03:23 - INFO - Epoch: 26/300, Validation Loss: 0.46335147388105546, Accuracy: 76.35188234413592%
2024-07-11 00:03:47 - INFO - Epoch: 27/300, Training Loss: 0.46617418185463033
2024-07-11 00:03:50 - INFO - Epoch: 27/300, Validation Loss: 0.46400711420123125, Accuracy: 76.2938777037647%
2024-07-11 00:04:14 - INFO - Epoch: 28/300, Training Loss: 0.4661623289789952
2024-07-11 00:04:17 - INFO - Epoch: 28/300, Validation Loss: 0.4652946764376975, Accuracy: 76.25832647256942%
2024-07-11 00:04:41 - INFO - Epoch: 29/300, Training Loss: 0.4653567973590686
2024-07-11 00:04:44 - INFO - Epoch: 29/300, Validation Loss: 0.46314843356573676, Accuracy: 76.38836913404685%
2024-07-11 00:05:08 - INFO - Epoch: 30/300, Training Loss: 0.46244064248209493
2024-07-11 00:05:11 - INFO - Epoch: 30/300, Validation Loss: 0.4612451502122542, Accuracy: 76.72049247810793%
2024-07-11 00:05:36 - INFO - Epoch: 31/300, Training Loss: 0.4668368408020127
2024-07-11 00:05:38 - INFO - Epoch: 31/300, Validation Loss: 0.46487812693428665, Accuracy: 76.33036449367562%
2024-07-11 00:06:03 - INFO - Epoch: 32/300, Training Loss: 0.46260507982249316
2024-07-11 00:06:05 - INFO - Epoch: 32/300, Validation Loss: 0.4678698473708634, Accuracy: 76.61570990195345%
2024-07-11 00:06:30 - INFO - Epoch: 33/300, Training Loss: 0.4601067094732555
2024-07-11 00:06:32 - INFO - Epoch: 33/300, Validation Loss: 0.4590972603116472, Accuracy: 77.04513135244368%
2024-07-11 00:06:57 - INFO - Epoch: 34/300, Training Loss: 0.45635830441147174
2024-07-11 00:06:59 - INFO - Epoch: 34/300, Validation Loss: 0.4555082549811979, Accuracy: 77.02548461941471%
2024-07-11 00:07:23 - INFO - Epoch: 35/300, Training Loss: 0.4574281869757552
2024-07-11 00:07:26 - INFO - Epoch: 35/300, Validation Loss: 0.45716516961600523, Accuracy: 76.97215777262181%
2024-07-11 00:07:51 - INFO - Epoch: 36/300, Training Loss: 0.45872729711592547
2024-07-11 00:07:53 - INFO - Epoch: 36/300, Validation Loss: 0.45493097406244076, Accuracy: 77.13120275428486%
2024-07-11 00:08:18 - INFO - Epoch: 37/300, Training Loss: 0.4559952102500046
2024-07-11 00:08:20 - INFO - Epoch: 37/300, Validation Loss: 0.4554537234907019, Accuracy: 77.11342713868723%
2024-07-11 00:08:45 - INFO - Epoch: 38/300, Training Loss: 0.4564268993967362
2024-07-11 00:08:48 - INFO - Epoch: 38/300, Validation Loss: 0.4553315458648723, Accuracy: 77.1246538432752%
2024-07-11 00:09:12 - INFO - Epoch: 39/300, Training Loss: 0.4552002352452032
2024-07-11 00:09:15 - INFO - Epoch: 39/300, Validation Loss: 0.45849284476180907, Accuracy: 77.04887358730635%
2024-07-11 00:09:39 - INFO - Epoch: 40/300, Training Loss: 0.45593957499711213
2024-07-11 00:09:42 - INFO - Epoch: 40/300, Validation Loss: 0.4556943706093542, Accuracy: 77.09097372951126%
2024-07-11 00:10:06 - INFO - Epoch: 41/300, Training Loss: 0.46331767704409765
2024-07-11 00:10:09 - INFO - Epoch: 41/300, Validation Loss: 0.45607444116057644, Accuracy: 77.11623381483422%
2024-07-11 00:10:33 - INFO - Epoch: 42/300, Training Loss: 0.4574777641003404
2024-07-11 00:10:36 - INFO - Epoch: 42/300, Validation Loss: 0.45469691263281037, Accuracy: 77.20791856896939%
2024-07-11 00:10:36 - INFO - Model saved with validation accuracy: 77.20791856896939%
2024-07-11 00:11:00 - INFO - Epoch: 43/300, Training Loss: 0.45829628918934967
2024-07-11 00:11:03 - INFO - Epoch: 43/300, Validation Loss: 0.45502180449624463, Accuracy: 77.1966918643814%
2024-07-11 00:11:27 - INFO - Epoch: 44/300, Training Loss: 0.45851156641901336
2024-07-11 00:11:30 - INFO - Epoch: 44/300, Validation Loss: 0.4544339046230008, Accuracy: 77.2238230671357%
2024-07-11 00:11:30 - INFO - Model saved with validation accuracy: 77.2238230671357%
2024-07-11 00:11:54 - INFO - Epoch: 45/300, Training Loss: 0.4586167252986236
2024-07-11 00:11:57 - INFO - Epoch: 45/300, Validation Loss: 0.4542324035592881, Accuracy: 77.15739839832348%
2024-07-11 00:12:21 - INFO - Epoch: 46/300, Training Loss: 0.45555669598782106
2024-07-11 00:12:24 - INFO - Epoch: 46/300, Validation Loss: 0.45332774785662183, Accuracy: 77.19856298181274%
2024-07-11 00:12:48 - INFO - Epoch: 47/300, Training Loss: 0.4550113981622294
2024-07-11 00:12:51 - INFO - Epoch: 47/300, Validation Loss: 0.45297565824396235, Accuracy: 77.24534091759598%
2024-07-11 00:12:51 - INFO - Model saved with validation accuracy: 77.24534091759598%
2024-07-11 00:13:15 - INFO - Epoch: 48/300, Training Loss: 0.45523630839820894
2024-07-11 00:13:17 - INFO - Epoch: 48/300, Validation Loss: 0.45310735668628105, Accuracy: 77.23879200658634%
2024-07-11 00:13:42 - INFO - Epoch: 49/300, Training Loss: 0.4542763574477388
2024-07-11 00:13:44 - INFO - Epoch: 49/300, Validation Loss: 0.45361189949947656, Accuracy: 77.27340767906594%
2024-07-11 00:13:44 - INFO - Model saved with validation accuracy: 77.27340767906594%
2024-07-11 00:14:09 - INFO - Epoch: 50/300, Training Loss: 0.4552263282735696
2024-07-11 00:14:11 - INFO - Epoch: 50/300, Validation Loss: 0.4529389869945624, Accuracy: 77.25376094603698%
2024-07-11 00:14:36 - INFO - Epoch: 51/300, Training Loss: 0.4542490307432933
2024-07-11 00:14:38 - INFO - Epoch: 51/300, Validation Loss: 0.45237417229273447, Accuracy: 77.27808547264426%
2024-07-11 00:14:38 - INFO - Model saved with validation accuracy: 77.27808547264426%
2024-07-11 00:15:03 - INFO - Epoch: 52/300, Training Loss: 0.45506550686799413
2024-07-11 00:15:05 - INFO - Epoch: 52/300, Validation Loss: 0.4528010913635142, Accuracy: 77.29586108824189%
2024-07-11 00:15:05 - INFO - Model saved with validation accuracy: 77.29586108824189%
2024-07-11 00:15:30 - INFO - Epoch: 53/300, Training Loss: 0.4554663734590556
2024-07-11 00:15:32 - INFO - Epoch: 53/300, Validation Loss: 0.4529761965941127, Accuracy: 77.25282538732131%
2024-07-11 00:15:57 - INFO - Epoch: 54/300, Training Loss: 0.4543550797894122
2024-07-11 00:15:59 - INFO - Epoch: 54/300, Validation Loss: 0.4545677693071371, Accuracy: 77.29398997081057%
2024-07-11 00:16:23 - INFO - Epoch: 55/300, Training Loss: 0.4546258379163686
2024-07-11 00:16:26 - INFO - Epoch: 55/300, Validation Loss: 0.4528663203004304, Accuracy: 77.27808547264426%
2024-07-11 00:16:50 - INFO - Epoch: 56/300, Training Loss: 0.45555714146139165
2024-07-11 00:16:53 - INFO - Epoch: 56/300, Validation Loss: 0.4536049781731686, Accuracy: 77.22756530199835%
2024-07-11 00:17:17 - INFO - Epoch: 57/300, Training Loss: 0.45876102280855857
2024-07-11 00:17:20 - INFO - Epoch: 57/300, Validation Loss: 0.45336744701127535, Accuracy: 77.24534091759598%
2024-07-11 00:17:44 - INFO - Epoch: 58/300, Training Loss: 0.45676640034292904
2024-07-11 00:17:47 - INFO - Epoch: 58/300, Validation Loss: 0.4525324967469661, Accuracy: 77.29492552952624%
2024-07-11 00:18:11 - INFO - Epoch: 59/300, Training Loss: 0.4573776664544394
2024-07-11 00:18:14 - INFO - Epoch: 59/300, Validation Loss: 0.45551967720725733, Accuracy: 77.26405209190929%
2024-07-11 00:18:38 - INFO - Epoch: 60/300, Training Loss: 0.4577058874379552
2024-07-11 00:18:41 - INFO - Epoch: 60/300, Validation Loss: 0.4530431499280022, Accuracy: 77.25656762218397%
2024-07-11 00:19:05 - INFO - Epoch: 61/300, Training Loss: 0.4581014183293451
2024-07-11 00:19:07 - INFO - Epoch: 61/300, Validation Loss: 0.4581991448186958, Accuracy: 77.2023052166754%
2024-07-11 00:19:32 - INFO - Epoch: 62/300, Training Loss: 0.4630217808767843
2024-07-11 00:19:34 - INFO - Epoch: 62/300, Validation Loss: 0.4540553752852371, Accuracy: 77.28650550108524%
2024-07-11 00:19:59 - INFO - Epoch: 63/300, Training Loss: 0.4568396249746709
2024-07-11 00:20:01 - INFO - Epoch: 63/300, Validation Loss: 0.4534947593578816, Accuracy: 77.26311653319362%
2024-07-11 00:20:26 - INFO - Epoch: 64/300, Training Loss: 0.4579145669526744
2024-07-11 00:20:28 - INFO - Epoch: 64/300, Validation Loss: 0.45382658043070373, Accuracy: 77.23037197814534%
2024-07-11 00:20:53 - INFO - Epoch: 65/300, Training Loss: 0.45679908671023656
2024-07-11 00:20:55 - INFO - Epoch: 65/300, Validation Loss: 0.4531240233898448, Accuracy: 77.26779432677195%
2024-07-11 00:21:19 - INFO - Epoch: 66/300, Training Loss: 0.45719628552800967
2024-07-11 00:21:22 - INFO - Epoch: 66/300, Validation Loss: 0.45329235876698043, Accuracy: 77.25937429833097%
2024-07-11 00:21:46 - INFO - Epoch: 67/300, Training Loss: 0.45869381350861427
2024-07-11 00:21:49 - INFO - Epoch: 67/300, Validation Loss: 0.4546444558369621, Accuracy: 77.18546515979342%
2024-07-11 00:22:13 - INFO - Epoch: 68/300, Training Loss: 0.4618616215689527
2024-07-11 00:22:16 - INFO - Epoch: 68/300, Validation Loss: 0.45576301386511875, Accuracy: 77.08255370107028%
2024-07-11 00:22:40 - INFO - Epoch: 69/300, Training Loss: 0.46395679847545707
2024-07-11 00:22:43 - INFO - Epoch: 69/300, Validation Loss: 0.4548613749386521, Accuracy: 77.11997604969687%
2024-07-11 00:23:07 - INFO - Epoch: 70/300, Training Loss: 0.4636813509546342
2024-07-11 00:23:10 - INFO - Epoch: 70/300, Validation Loss: 0.45729758509756346, Accuracy: 77.11062046254023%
2024-07-11 00:23:34 - INFO - Epoch: 71/300, Training Loss: 0.4608671924049421
2024-07-11 00:23:36 - INFO - Epoch: 71/300, Validation Loss: 0.4547852643195346, Accuracy: 77.24440535888033%
2024-07-11 00:24:00 - INFO - Epoch: 72/300, Training Loss: 0.4632188676940237
2024-07-11 00:24:03 - INFO - Epoch: 72/300, Validation Loss: 0.4572687857811641, Accuracy: 77.12278272584388%
2024-07-11 00:24:27 - INFO - Epoch: 73/300, Training Loss: 0.46132997118183067
2024-07-11 00:24:30 - INFO - Epoch: 73/300, Validation Loss: 0.45492984342903237, Accuracy: 77.16020507447047%
2024-07-11 00:24:54 - INFO - Epoch: 74/300, Training Loss: 0.459485913488148
2024-07-11 00:24:57 - INFO - Epoch: 74/300, Validation Loss: 0.4544491108879224, Accuracy: 77.12558940199087%
2024-07-11 00:25:21 - INFO - Epoch: 75/300, Training Loss: 0.45840011310691586
2024-07-11 00:25:23 - INFO - Epoch: 75/300, Validation Loss: 0.4555136095721304, Accuracy: 77.11623381483422%
2024-07-11 00:25:48 - INFO - Epoch: 76/300, Training Loss: 0.46094418920508545
2024-07-11 00:25:50 - INFO - Epoch: 76/300, Validation Loss: 0.4558951237792387, Accuracy: 77.13400943043186%
2024-07-11 00:26:15 - INFO - Epoch: 77/300, Training Loss: 0.4589754452767477
2024-07-11 00:26:17 - INFO - Epoch: 77/300, Validation Loss: 0.45508578483891443, Accuracy: 77.16581842676446%
2024-07-11 00:26:41 - INFO - Epoch: 78/300, Training Loss: 0.45826411798603073
2024-07-11 00:26:44 - INFO - Epoch: 78/300, Validation Loss: 0.45482810217060066, Accuracy: 77.16394730933314%
2024-07-11 00:27:08 - INFO - Epoch: 79/300, Training Loss: 0.5336588898241796
2024-07-11 00:27:11 - INFO - Epoch: 79/300, Validation Loss: 0.5446299704907541, Accuracy: 74.84937504677794%
2024-07-11 00:27:35 - INFO - Epoch: 80/300, Training Loss: 0.5062755407678244
2024-07-11 00:27:38 - INFO - Epoch: 80/300, Validation Loss: 0.4736647583602218, Accuracy: 75.89158745602874%
2024-07-11 00:28:02 - INFO - Epoch: 81/300, Training Loss: 0.4765550667137608
2024-07-11 00:28:05 - INFO - Epoch: 81/300, Validation Loss: 0.46978365588445, Accuracy: 76.13296160467031%
2024-07-11 00:28:29 - INFO - Epoch: 82/300, Training Loss: 0.4738974296668389
2024-07-11 00:28:31 - INFO - Epoch: 82/300, Validation Loss: 0.4701860097444821, Accuracy: 76.16570615971858%
2024-07-11 00:28:55 - INFO - Epoch: 83/300, Training Loss: 0.47174454179196956
2024-07-11 00:28:58 - INFO - Epoch: 83/300, Validation Loss: 0.46736000926818483, Accuracy: 76.24616420926577%
2024-07-11 00:29:22 - INFO - Epoch: 84/300, Training Loss: 0.4707290268492117
2024-07-11 00:29:25 - INFO - Epoch: 84/300, Validation Loss: 0.4671427147036038, Accuracy: 76.25271312027543%
2024-07-11 00:29:49 - INFO - Epoch: 85/300, Training Loss: 0.47107805803032304
2024-07-11 00:29:52 - INFO - Epoch: 85/300, Validation Loss: 0.4673828830054105, Accuracy: 76.25271312027543%
2024-07-11 00:30:16 - INFO - Epoch: 86/300, Training Loss: 0.4702669870013017
2024-07-11 00:30:19 - INFO - Epoch: 86/300, Validation Loss: 0.4657481619514155, Accuracy: 76.26581094229473%
2024-07-11 00:30:43 - INFO - Epoch: 87/300, Training Loss: 0.5081057426119757
2024-07-11 00:30:46 - INFO - Epoch: 87/300, Validation Loss: 0.46878339279775205, Accuracy: 76.26113314871641%
2024-07-11 00:31:10 - INFO - Epoch: 88/300, Training Loss: 0.47464880444942487
2024-07-11 00:31:12 - INFO - Epoch: 88/300, Validation Loss: 0.4688754583603604, Accuracy: 76.20312850834519%
2024-07-11 00:31:37 - INFO - Epoch: 89/300, Training Loss: 0.47676152813008155
2024-07-11 00:31:39 - INFO - Epoch: 89/300, Validation Loss: 0.4678533565384553, Accuracy: 76.15635057256193%
2024-07-11 00:32:04 - INFO - Epoch: 90/300, Training Loss: 0.4837506179805288
2024-07-11 00:32:06 - INFO - Epoch: 90/300, Validation Loss: 0.4706179941399664, Accuracy: 76.14699498540529%
2024-07-11 00:32:31 - INFO - Epoch: 91/300, Training Loss: 0.4773388211464136
2024-07-11 00:32:33 - INFO - Epoch: 91/300, Validation Loss: 0.4685614903054503, Accuracy: 76.114250430357%
2024-07-11 00:32:57 - INFO - Epoch: 92/300, Training Loss: 0.4779693285758009
2024-07-11 00:33:00 - INFO - Epoch: 92/300, Validation Loss: 0.46751545525681537, Accuracy: 76.10302372576903%
2024-07-11 00:33:24 - INFO - Epoch: 93/300, Training Loss: 0.47445160378026596
2024-07-11 00:33:27 - INFO - Epoch: 93/300, Validation Loss: 0.4659502234093662, Accuracy: 76.1413816331113%
2024-07-11 00:33:51 - INFO - Epoch: 94/300, Training Loss: 0.4726166891009664
2024-07-11 00:33:54 - INFO - Epoch: 94/300, Validation Loss: 0.4671660670971599, Accuracy: 76.18161065788489%
2024-07-11 00:34:18 - INFO - Epoch: 95/300, Training Loss: 0.4727076463732529
2024-07-11 00:34:21 - INFO - Epoch: 95/300, Validation Loss: 0.4670193704711257, Accuracy: 76.17973954045355%
2024-07-11 00:34:45 - INFO - Epoch: 96/300, Training Loss: 0.4711400033015902
2024-07-11 00:34:48 - INFO - Epoch: 96/300, Validation Loss: 0.46593182043070425, Accuracy: 76.21622633036449%
2024-07-11 00:35:12 - INFO - Epoch: 97/300, Training Loss: 0.4718821739663337
2024-07-11 00:35:15 - INFO - Epoch: 97/300, Validation Loss: 0.46703073717676047, Accuracy: 76.18722401017888%
2024-07-11 00:35:39 - INFO - Epoch: 98/300, Training Loss: 0.47189814507149414
2024-07-11 00:35:42 - INFO - Epoch: 98/300, Validation Loss: 0.4647872658064093, Accuracy: 76.63629219369808%
2024-07-11 00:36:06 - INFO - Epoch: 99/300, Training Loss: 0.46906308838928945
2024-07-11 00:36:09 - INFO - Epoch: 99/300, Validation Loss: 0.45998836400122217, Accuracy: 76.84305066986003%
2024-07-11 00:36:33 - INFO - Epoch: 100/300, Training Loss: 0.46469191897952117
2024-07-11 00:36:36 - INFO - Epoch: 100/300, Validation Loss: 0.45736160294728534, Accuracy: 76.94221989372053%
2024-07-11 00:37:00 - INFO - Epoch: 101/300, Training Loss: 0.4639865860773443
2024-07-11 00:37:03 - INFO - Epoch: 101/300, Validation Loss: 0.4578879835682669, Accuracy: 76.95999550931816%
2024-07-11 00:37:27 - INFO - Epoch: 102/300, Training Loss: 0.4648193662046333
2024-07-11 00:37:29 - INFO - Epoch: 102/300, Validation Loss: 0.45801036504840226, Accuracy: 76.93941321757353%
2024-07-11 00:37:53 - INFO - Epoch: 103/300, Training Loss: 0.46472826715608395
2024-07-11 00:37:56 - INFO - Epoch: 103/300, Validation Loss: 0.45882605204391025, Accuracy: 76.8524062570167%
2024-07-11 00:38:20 - INFO - Epoch: 104/300, Training Loss: 0.46684884294352297
2024-07-11 00:38:22 - INFO - Epoch: 104/300, Validation Loss: 0.4595167260552366, Accuracy: 76.86176184417334%
2024-07-11 00:38:46 - INFO - Epoch: 105/300, Training Loss: 0.4705449474855305
2024-07-11 00:38:49 - INFO - Epoch: 105/300, Validation Loss: 0.46250970589408325, Accuracy: 76.73546141755857%
2024-07-11 00:39:13 - INFO - Epoch: 106/300, Training Loss: 0.4693734827842421
2024-07-11 00:39:16 - INFO - Epoch: 106/300, Validation Loss: 0.45972305648630785, Accuracy: 76.80656387994911%
2024-07-11 00:39:40 - INFO - Epoch: 107/300, Training Loss: 0.4744905618748039
2024-07-11 00:39:43 - INFO - Epoch: 107/300, Validation Loss: 0.45982412297450304, Accuracy: 76.84117955242871%
2024-07-11 00:40:07 - INFO - Epoch: 108/300, Training Loss: 0.4673336606158805
2024-07-11 00:40:09 - INFO - Epoch: 108/300, Validation Loss: 0.45858596954639624, Accuracy: 76.91041089738792%
2024-07-11 00:40:33 - INFO - Epoch: 109/300, Training Loss: 0.46572013434634346
2024-07-11 00:40:36 - INFO - Epoch: 109/300, Validation Loss: 0.4595448873415456, Accuracy: 76.90760422124093%
2024-07-11 00:41:00 - INFO - Epoch: 110/300, Training Loss: 0.46434963002406165
2024-07-11 00:41:03 - INFO - Epoch: 110/300, Validation Loss: 0.4583586864596994, Accuracy: 76.96093106803383%
2024-07-11 00:41:27 - INFO - Epoch: 111/300, Training Loss: 0.4634439706615016
2024-07-11 00:41:30 - INFO - Epoch: 111/300, Validation Loss: 0.4578689864336695, Accuracy: 76.96841553775916%
2024-07-11 00:41:54 - INFO - Epoch: 112/300, Training Loss: 0.4647655044464165
2024-07-11 00:41:56 - INFO - Epoch: 112/300, Validation Loss: 0.45778092786553803, Accuracy: 76.92818651298556%
2024-07-11 00:42:20 - INFO - Epoch: 113/300, Training Loss: 0.46361091000522403
2024-07-11 00:42:23 - INFO - Epoch: 113/300, Validation Loss: 0.4582552661765913, Accuracy: 76.96654442032782%
2024-07-11 00:42:47 - INFO - Epoch: 114/300, Training Loss: 0.46256484924328395
2024-07-11 00:42:50 - INFO - Epoch: 114/300, Validation Loss: 0.4575519301019551, Accuracy: 76.9805778010628%
2024-07-11 00:43:14 - INFO - Epoch: 115/300, Training Loss: 0.4616063031861568
2024-07-11 00:43:16 - INFO - Epoch: 115/300, Validation Loss: 0.4599872987866758, Accuracy: 76.97215777262181%
2024-07-11 00:43:40 - INFO - Epoch: 116/300, Training Loss: 0.46087372932868026
2024-07-11 00:43:43 - INFO - Epoch: 116/300, Validation Loss: 0.45717928799806706, Accuracy: 76.99741785794477%
2024-07-11 00:44:07 - INFO - Epoch: 117/300, Training Loss: 0.4600234718143253
2024-07-11 00:44:10 - INFO - Epoch: 117/300, Validation Loss: 0.4577066663637053, Accuracy: 76.98432003592545%
2024-07-11 00:44:34 - INFO - Epoch: 118/300, Training Loss: 0.4592203642549031
2024-07-11 00:44:36 - INFO - Epoch: 118/300, Validation Loss: 0.4572616405183152, Accuracy: 77.00209565152309%
2024-07-11 00:45:00 - INFO - Epoch: 119/300, Training Loss: 0.46224050394451344
2024-07-11 00:45:03 - INFO - Epoch: 119/300, Validation Loss: 0.4594096841924851, Accuracy: 76.94409101115185%
2024-07-11 00:45:27 - INFO - Epoch: 120/300, Training Loss: 0.4804917001122933
2024-07-11 00:45:29 - INFO - Epoch: 120/300, Validation Loss: 0.4608993113825665, Accuracy: 76.83463064141905%
2024-07-11 00:45:53 - INFO - Epoch: 121/300, Training Loss: 0.464508463791826
2024-07-11 00:45:56 - INFO - Epoch: 121/300, Validation Loss: 0.4570444113369262, Accuracy: 76.97683556620014%
2024-07-11 00:46:19 - INFO - Epoch: 122/300, Training Loss: 0.4591837160031679
2024-07-11 00:46:22 - INFO - Epoch: 122/300, Validation Loss: 0.4570045070795154, Accuracy: 77.00396676895441%
2024-07-11 00:46:46 - INFO - Epoch: 123/300, Training Loss: 0.46321056742829453
2024-07-11 00:46:49 - INFO - Epoch: 123/300, Validation Loss: 0.4579640614066133, Accuracy: 77.00116009280742%
2024-07-11 00:47:12 - INFO - Epoch: 124/300, Training Loss: 0.4732713183320366
2024-07-11 00:47:15 - INFO - Epoch: 124/300, Validation Loss: 0.4794105207720322, Accuracy: 75.32557443305141%
2024-07-11 00:47:39 - INFO - Epoch: 125/300, Training Loss: 0.4797459735366831
2024-07-11 00:47:41 - INFO - Epoch: 125/300, Validation Loss: 0.4685707274024034, Accuracy: 76.6409699872764%
2024-07-11 00:48:05 - INFO - Epoch: 126/300, Training Loss: 0.47279966451632477
2024-07-11 00:48:08 - INFO - Epoch: 126/300, Validation Loss: 0.47224690630933897, Accuracy: 76.87205299004566%
2024-07-11 00:48:32 - INFO - Epoch: 127/300, Training Loss: 0.47118631390250565
2024-07-11 00:48:35 - INFO - Epoch: 127/300, Validation Loss: 0.48146215295235173, Accuracy: 76.93660654142654%
2024-07-11 00:48:59 - INFO - Epoch: 128/300, Training Loss: 0.47003580571166625
2024-07-11 00:49:02 - INFO - Epoch: 128/300, Validation Loss: 0.45955017107393414, Accuracy: 76.84866402215403%
2024-07-11 00:49:26 - INFO - Epoch: 129/300, Training Loss: 0.4659233610040502
2024-07-11 00:49:28 - INFO - Epoch: 129/300, Validation Loss: 0.45939241564609135, Accuracy: 76.93660654142654%
2024-07-11 00:49:52 - INFO - Epoch: 130/300, Training Loss: 0.4686452881953724
2024-07-11 00:49:55 - INFO - Epoch: 130/300, Validation Loss: 0.46254777687170917, Accuracy: 76.85614849187935%
2024-07-11 00:50:19 - INFO - Epoch: 131/300, Training Loss: 0.4696135372927117
2024-07-11 00:50:21 - INFO - Epoch: 131/300, Validation Loss: 0.46014701606697983, Accuracy: 76.90666866252526%
2024-07-11 00:50:45 - INFO - Epoch: 132/300, Training Loss: 0.46594756489705763
2024-07-11 00:50:48 - INFO - Epoch: 132/300, Validation Loss: 0.45734722269358996, Accuracy: 76.96747997904349%
2024-07-11 00:51:12 - INFO - Epoch: 133/300, Training Loss: 0.46184181683507086
2024-07-11 00:51:15 - INFO - Epoch: 133/300, Validation Loss: 0.4571214897913679, Accuracy: 76.98432003592545%
2024-07-11 00:51:38 - INFO - Epoch: 134/300, Training Loss: 0.46091996237486177
2024-07-11 00:51:41 - INFO - Epoch: 134/300, Validation Loss: 0.45694452864834106, Accuracy: 76.98993338821944%
2024-07-11 00:52:05 - INFO - Epoch: 135/300, Training Loss: 0.460153208153099
2024-07-11 00:52:08 - INFO - Epoch: 135/300, Validation Loss: 0.4586712128562459, Accuracy: 76.9964822992291%
2024-07-11 00:52:31 - INFO - Epoch: 136/300, Training Loss: 0.4603049294835453
2024-07-11 00:52:34 - INFO - Epoch: 136/300, Validation Loss: 0.4575582831152751, Accuracy: 76.96467330289649%
2024-07-11 00:52:57 - INFO - Epoch: 137/300, Training Loss: 0.46168316165820295
2024-07-11 00:53:00 - INFO - Epoch: 137/300, Validation Loss: 0.45777132479392574, Accuracy: 76.95157548087718%
2024-07-11 00:53:23 - INFO - Epoch: 138/300, Training Loss: 0.4631987277743453
2024-07-11 00:53:26 - INFO - Epoch: 138/300, Validation Loss: 0.4571669273109653, Accuracy: 76.98619115335678%
2024-07-11 00:53:49 - INFO - Epoch: 139/300, Training Loss: 0.4616032842657663
2024-07-11 00:53:52 - INFO - Epoch: 139/300, Validation Loss: 0.45718951715030476, Accuracy: 76.99274006436644%
2024-07-11 00:54:15 - INFO - Epoch: 140/300, Training Loss: 0.46008922993164364
2024-07-11 00:54:18 - INFO - Epoch: 140/300, Validation Loss: 0.45674109202099017, Accuracy: 76.98993338821944%
2024-07-11 00:54:41 - INFO - Epoch: 141/300, Training Loss: 0.45975936699673686
2024-07-11 00:54:44 - INFO - Epoch: 141/300, Validation Loss: 0.45719829754583996, Accuracy: 76.99180450565078%
2024-07-11 00:55:07 - INFO - Epoch: 142/300, Training Loss: 0.45996749644203827
2024-07-11 00:55:10 - INFO - Epoch: 142/300, Validation Loss: 0.45646388638811436, Accuracy: 76.98993338821944%
2024-07-11 00:55:33 - INFO - Epoch: 143/300, Training Loss: 0.46251332637632414
2024-07-11 00:55:36 - INFO - Epoch: 143/300, Validation Loss: 0.45661563355361967, Accuracy: 76.98993338821944%
2024-07-11 00:55:59 - INFO - Epoch: 144/300, Training Loss: 0.46141727569127866
2024-07-11 00:56:02 - INFO - Epoch: 144/300, Validation Loss: 0.45661530201838874, Accuracy: 76.99086894693511%
2024-07-11 00:56:25 - INFO - Epoch: 145/300, Training Loss: 0.4724693327647022
2024-07-11 00:56:28 - INFO - Epoch: 145/300, Validation Loss: 0.4680450767153826, Accuracy: 76.58390090562084%
2024-07-11 00:56:51 - INFO - Epoch: 146/300, Training Loss: 0.48480464215853886
2024-07-11 00:56:54 - INFO - Epoch: 146/300, Validation Loss: 0.4689607762206036, Accuracy: 76.61758101938477%
2024-07-11 00:57:17 - INFO - Epoch: 147/300, Training Loss: 0.47809767814082954
2024-07-11 00:57:19 - INFO - Epoch: 147/300, Validation Loss: 0.46529961827270716, Accuracy: 76.49876506249532%
2024-07-11 00:57:43 - INFO - Epoch: 148/300, Training Loss: 0.4756864900807388
2024-07-11 00:57:45 - INFO - Epoch: 148/300, Validation Loss: 0.4634250419572183, Accuracy: 76.21996856522715%
2024-07-11 00:58:09 - INFO - Epoch: 149/300, Training Loss: 0.4716457315742782
2024-07-11 00:58:11 - INFO - Epoch: 149/300, Validation Loss: 0.4611708003022156, Accuracy: 76.79440161664546%
2024-07-11 00:58:34 - INFO - Epoch: 150/300, Training Loss: 0.47476634513009647
2024-07-11 00:58:37 - INFO - Epoch: 150/300, Validation Loss: 0.472821041754375, Accuracy: 76.77569044233216%
2024-07-11 00:59:01 - INFO - Epoch: 151/300, Training Loss: 0.48680479929593845
2024-07-11 00:59:03 - INFO - Epoch: 151/300, Validation Loss: 0.46990784148410863, Accuracy: 76.36217349000823%
2024-07-11 00:59:27 - INFO - Epoch: 152/300, Training Loss: 0.49740271276743214
2024-07-11 00:59:29 - INFO - Epoch: 152/300, Validation Loss: 0.47311108353821407, Accuracy: 75.70354015418008%
2024-07-11 00:59:52 - INFO - Epoch: 153/300, Training Loss: 0.48954505190897835
2024-07-11 00:59:55 - INFO - Epoch: 153/300, Validation Loss: 0.46978843896992545, Accuracy: 76.48940947533868%
2024-07-11 01:00:18 - INFO - Epoch: 154/300, Training Loss: 0.4844611273957769
2024-07-11 01:00:21 - INFO - Epoch: 154/300, Validation Loss: 0.4703537696924558, Accuracy: 76.79907941022378%
2024-07-11 01:00:44 - INFO - Epoch: 155/300, Training Loss: 0.4832470410599214
2024-07-11 01:00:47 - INFO - Epoch: 155/300, Validation Loss: 0.46876776942516213, Accuracy: 76.81872614325275%
2024-07-11 01:01:10 - INFO - Epoch: 156/300, Training Loss: 0.5273285403149586
2024-07-11 01:01:13 - INFO - Epoch: 156/300, Validation Loss: 0.4903240366156125, Accuracy: 76.04969687897612%
2024-07-11 01:01:37 - INFO - Epoch: 157/300, Training Loss: 0.5249397281605832
2024-07-11 01:01:39 - INFO - Epoch: 157/300, Validation Loss: 0.48558936539629416, Accuracy: 76.68774792305965%
2024-07-11 01:02:02 - INFO - Epoch: 158/300, Training Loss: 0.5055264388572811
2024-07-11 01:02:05 - INFO - Epoch: 158/300, Validation Loss: 0.48430492566204014, Accuracy: 76.2190330065115%
2024-07-11 01:02:28 - INFO - Epoch: 159/300, Training Loss: 0.48817383083214466
2024-07-11 01:02:31 - INFO - Epoch: 159/300, Validation Loss: 0.4658072965541762, Accuracy: 76.69242571663797%
2024-07-11 01:02:54 - INFO - Epoch: 160/300, Training Loss: 0.47896914667416574
2024-07-11 01:02:57 - INFO - Epoch: 160/300, Validation Loss: 0.4652978356443858, Accuracy: 76.53618741112192%
2024-07-11 01:03:20 - INFO - Epoch: 161/300, Training Loss: 0.4757175741795561
2024-07-11 01:03:23 - INFO - Epoch: 161/300, Validation Loss: 0.46185475314969004, Accuracy: 76.70271686251029%
2024-07-11 01:03:46 - INFO - Epoch: 162/300, Training Loss: 0.4711205195772168
2024-07-11 01:03:49 - INFO - Epoch: 162/300, Validation Loss: 0.4620849977240172, Accuracy: 76.67090786617769%
2024-07-11 01:04:12 - INFO - Epoch: 163/300, Training Loss: 0.47561687849324863
2024-07-11 01:04:15 - INFO - Epoch: 163/300, Validation Loss: 0.4646892244055341, Accuracy: 76.50905620836764%
2024-07-11 01:04:38 - INFO - Epoch: 164/300, Training Loss: 0.47109216320052544
2024-07-11 01:04:41 - INFO - Epoch: 164/300, Validation Loss: 0.46260895666999063, Accuracy: 76.56986752488586%
2024-07-11 01:05:04 - INFO - Epoch: 165/300, Training Loss: 0.4698484213145938
2024-07-11 01:05:07 - INFO - Epoch: 165/300, Validation Loss: 0.4644155005078912, Accuracy: 76.47911832946636%
2024-07-11 01:05:30 - INFO - Epoch: 166/300, Training Loss: 0.47894935801239397
2024-07-11 01:05:33 - INFO - Epoch: 166/300, Validation Loss: 0.4643020816615497, Accuracy: 76.77101264875384%
2024-07-11 01:05:56 - INFO - Epoch: 167/300, Training Loss: 0.4683664888165843
2024-07-11 01:05:59 - INFO - Epoch: 167/300, Validation Loss: 0.4579420880704922, Accuracy: 76.98712671207245%
2024-07-11 01:06:22 - INFO - Epoch: 168/300, Training Loss: 0.46642742342014654
2024-07-11 01:06:25 - INFO - Epoch: 168/300, Validation Loss: 0.46109644093961505, Accuracy: 76.9777711249158%
2024-07-11 01:06:48 - INFO - Epoch: 169/300, Training Loss: 0.4732327869892691
2024-07-11 01:06:51 - INFO - Epoch: 169/300, Validation Loss: 0.46358046138950054, Accuracy: 76.77569044233216%
2024-07-11 01:07:14 - INFO - Epoch: 170/300, Training Loss: 0.5306296415572358
2024-07-11 01:07:17 - INFO - Epoch: 170/300, Validation Loss: 0.508100731546903, Accuracy: 75.02245340917597%
2024-07-11 01:07:40 - INFO - Epoch: 171/300, Training Loss: 0.5064281352960569
2024-07-11 01:07:42 - INFO - Epoch: 171/300, Validation Loss: 0.47806881509948673, Accuracy: 75.51362173490008%
2024-07-11 01:08:06 - INFO - Epoch: 172/300, Training Loss: 0.48471970343425624
2024-07-11 01:08:08 - INFO - Epoch: 172/300, Validation Loss: 0.4642114543329806, Accuracy: 76.71113689095128%
2024-07-11 01:08:31 - INFO - Epoch: 173/300, Training Loss: 0.48057805135781456
2024-07-11 01:08:34 - INFO - Epoch: 173/300, Validation Loss: 0.4644219549133134, Accuracy: 76.7691415313225%
2024-07-11 01:08:57 - INFO - Epoch: 174/300, Training Loss: 0.48153776289941735
2024-07-11 01:09:00 - INFO - Epoch: 174/300, Validation Loss: 0.46987619395030605, Accuracy: 76.7747548836165%
2024-07-11 01:09:23 - INFO - Epoch: 175/300, Training Loss: 0.4931071256069237
2024-07-11 01:09:26 - INFO - Epoch: 175/300, Validation Loss: 0.47131933968342543, Accuracy: 76.77662600104783%
2024-07-11 01:09:49 - INFO - Epoch: 176/300, Training Loss: 0.5423626651656501
2024-07-11 01:09:52 - INFO - Epoch: 176/300, Validation Loss: 0.5754380300685648, Accuracy: 72.2822019309932%
2024-07-11 01:10:15 - INFO - Epoch: 177/300, Training Loss: 0.5641139338980391
2024-07-11 01:10:17 - INFO - Epoch: 177/300, Validation Loss: 0.5542537801319936, Accuracy: 73.693024474216%
2024-07-11 01:10:41 - INFO - Epoch: 178/300, Training Loss: 0.583278768769354
2024-07-11 01:10:44 - INFO - Epoch: 178/300, Validation Loss: 0.5866167531585637, Accuracy: 71.77512910710276%
2024-07-11 01:11:07 - INFO - Epoch: 179/300, Training Loss: 0.6157982895035637
2024-07-11 01:11:10 - INFO - Epoch: 179/300, Validation Loss: 0.5867438528225281, Accuracy: 70.9321907042886%
2024-07-11 01:11:33 - INFO - Epoch: 180/300, Training Loss: 0.6291622983813375
2024-07-11 01:11:36 - INFO - Epoch: 180/300, Validation Loss: 0.6234940805169795, Accuracy: 67.1048199985031%
2024-07-11 01:11:59 - INFO - Epoch: 181/300, Training Loss: 0.6624456883422487
2024-07-11 01:12:01 - INFO - Epoch: 181/300, Validation Loss: 0.6622537282467744, Accuracy: 60.405284035626075%
2024-07-11 01:12:24 - INFO - Epoch: 182/300, Training Loss: 0.683761038906541
2024-07-11 01:12:27 - INFO - Epoch: 182/300, Validation Loss: 0.6865960056734685, Accuracy: 55.34016914901579%
2024-07-11 01:12:50 - INFO - Epoch: 183/300, Training Loss: 0.6900405590003559
2024-07-11 01:12:53 - INFO - Epoch: 183/300, Validation Loss: 0.681013042130633, Accuracy: 56.067098271087495%
2024-07-11 01:13:16 - INFO - Epoch: 184/300, Training Loss: 0.6948573907376977
2024-07-11 01:13:19 - INFO - Epoch: 184/300, Validation Loss: 0.6941012214002032, Accuracy: 51.80562832123344%
2024-07-11 01:13:42 - INFO - Epoch: 185/300, Training Loss: 0.6961669842562728
2024-07-11 01:13:45 - INFO - Epoch: 185/300, Validation Loss: 0.6880226734510658, Accuracy: 53.435371603921865%
2024-07-11 01:14:08 - INFO - Epoch: 186/300, Training Loss: 0.6952506033465313
2024-07-11 01:14:11 - INFO - Epoch: 186/300, Validation Loss: 0.6896705818276145, Accuracy: 53.17902851582966%
2024-07-11 01:14:34 - INFO - Epoch: 187/300, Training Loss: 0.6917168449149341
2024-07-11 01:14:36 - INFO - Epoch: 187/300, Validation Loss: 0.6761759950827867, Accuracy: 57.04849936382007%
2024-07-11 01:15:00 - INFO - Epoch: 188/300, Training Loss: 0.6852442178160929
2024-07-11 01:15:02 - INFO - Epoch: 188/300, Validation Loss: 0.666446041197637, Accuracy: 58.56504004191303%
2024-07-11 01:15:25 - INFO - Epoch: 189/300, Training Loss: 0.6671314342545457
2024-07-11 01:15:28 - INFO - Epoch: 189/300, Validation Loss: 0.6393541577403093, Accuracy: 63.669448394581245%
2024-07-11 01:15:51 - INFO - Epoch: 190/300, Training Loss: 0.6514537208158088
2024-07-11 01:15:54 - INFO - Epoch: 190/300, Validation Loss: 0.5960849834943802, Accuracy: 69.50172142803682%
2024-07-11 01:16:17 - INFO - Epoch: 191/300, Training Loss: 0.6192303625093108
2024-07-11 01:16:20 - INFO - Epoch: 191/300, Validation Loss: 0.5531579525723278, Accuracy: 71.96972531996109%
2024-07-11 01:16:43 - INFO - Epoch: 192/300, Training Loss: 0.5772397924711419
2024-07-11 01:16:46 - INFO - Epoch: 192/300, Validation Loss: 0.5405950865333199, Accuracy: 70.04153880697552%
2024-07-11 01:17:09 - INFO - Epoch: 193/300, Training Loss: 0.5589569767262653
2024-07-11 01:17:12 - INFO - Epoch: 193/300, Validation Loss: 0.5464107917141301, Accuracy: 71.49820372726592%
2024-07-11 01:17:35 - INFO - Epoch: 194/300, Training Loss: 0.550947400570237
2024-07-11 01:17:38 - INFO - Epoch: 194/300, Validation Loss: 0.5022884712006644, Accuracy: 74.57806301923509%
2024-07-11 01:18:01 - INFO - Epoch: 195/300, Training Loss: 0.5098051595225732
2024-07-11 01:18:04 - INFO - Epoch: 195/300, Validation Loss: 0.48226406524667903, Accuracy: 74.86995733852257%
2024-07-11 01:18:27 - INFO - Epoch: 196/300, Training Loss: 0.4914296491339506
2024-07-11 01:18:30 - INFO - Epoch: 196/300, Validation Loss: 0.4765478138043308, Accuracy: 75.45281041838186%
2024-07-11 01:18:53 - INFO - Epoch: 197/300, Training Loss: 0.48606410686385576
2024-07-11 01:18:56 - INFO - Epoch: 197/300, Validation Loss: 0.47313982847563024, Accuracy: 75.79054711473692%
2024-07-11 01:19:19 - INFO - Epoch: 198/300, Training Loss: 0.48227758275375915
2024-07-11 01:19:22 - INFO - Epoch: 198/300, Validation Loss: 0.47077049224908873, Accuracy: 75.90187860190106%
2024-07-11 01:19:45 - INFO - Epoch: 199/300, Training Loss: 0.4806848143259042
2024-07-11 01:19:47 - INFO - Epoch: 199/300, Validation Loss: 0.47312641363169605, Accuracy: 75.91310530648903%
2024-07-11 01:20:11 - INFO - Epoch: 200/300, Training Loss: 0.4840406740903676
2024-07-11 01:20:13 - INFO - Epoch: 200/300, Validation Loss: 0.47299857172760545, Accuracy: 75.91029863034204%
2024-07-11 01:20:36 - INFO - Epoch: 201/300, Training Loss: 0.4817513917229736
2024-07-11 01:20:39 - INFO - Epoch: 201/300, Validation Loss: 0.4706445365056244, Accuracy: 75.9140408652047%
2024-07-11 01:21:02 - INFO - Epoch: 202/300, Training Loss: 0.47724521072248804
2024-07-11 01:21:05 - INFO - Epoch: 202/300, Validation Loss: 0.47039406912045734, Accuracy: 75.97391662300726%
2024-07-11 01:21:28 - INFO - Epoch: 203/300, Training Loss: 0.47648494125144103
2024-07-11 01:21:31 - INFO - Epoch: 203/300, Validation Loss: 0.4689190588013131, Accuracy: 76.07495696429908%
2024-07-11 01:21:54 - INFO - Epoch: 204/300, Training Loss: 0.4745573516583268
2024-07-11 01:21:56 - INFO - Epoch: 204/300, Validation Loss: 0.4674001153288738, Accuracy: 76.10770151934736%
2024-07-11 01:22:20 - INFO - Epoch: 205/300, Training Loss: 0.4730206275526911
2024-07-11 01:22:22 - INFO - Epoch: 205/300, Validation Loss: 0.4683466074996049, Accuracy: 76.14512386797395%
2024-07-11 01:22:46 - INFO - Epoch: 206/300, Training Loss: 0.47228561882629416
2024-07-11 01:22:49 - INFO - Epoch: 206/300, Validation Loss: 0.465883232033374, Accuracy: 76.18441733403188%
2024-07-11 01:23:12 - INFO - Epoch: 207/300, Training Loss: 0.4713173535765511
2024-07-11 01:23:14 - INFO - Epoch: 207/300, Validation Loss: 0.4660670795638999, Accuracy: 76.29761993862735%
2024-07-11 01:23:38 - INFO - Epoch: 208/300, Training Loss: 0.4701077468049792
2024-07-11 01:23:40 - INFO - Epoch: 208/300, Validation Loss: 0.4625702308260132, Accuracy: 76.43514706983011%
2024-07-11 01:24:04 - INFO - Epoch: 209/300, Training Loss: 0.4718064928176142
2024-07-11 01:24:06 - INFO - Epoch: 209/300, Validation Loss: 0.4637371822255304, Accuracy: 76.59232093406182%
2024-07-11 01:24:30 - INFO - Epoch: 210/300, Training Loss: 0.47797340882197414
2024-07-11 01:24:32 - INFO - Epoch: 210/300, Validation Loss: 0.46637158162717973, Accuracy: 76.46321383130005%
2024-07-11 01:24:55 - INFO - Epoch: 211/300, Training Loss: 0.4752232530368265
2024-07-11 01:24:58 - INFO - Epoch: 211/300, Validation Loss: 0.46161009384656937, Accuracy: 76.62319437167876%
2024-07-11 01:25:21 - INFO - Epoch: 212/300, Training Loss: 0.46952134225829206
2024-07-11 01:25:24 - INFO - Epoch: 212/300, Validation Loss: 0.4592778687167496, Accuracy: 76.69897462764763%
2024-07-11 01:25:47 - INFO - Epoch: 213/300, Training Loss: 0.46819957177665056
2024-07-11 01:25:50 - INFO - Epoch: 213/300, Validation Loss: 0.458005103895152, Accuracy: 76.78130379462615%
2024-07-11 01:26:13 - INFO - Epoch: 214/300, Training Loss: 0.4692314637178362
2024-07-11 01:26:16 - INFO - Epoch: 214/300, Validation Loss: 0.4667038280117804, Accuracy: 76.72049247810793%
2024-07-11 01:26:39 - INFO - Epoch: 215/300, Training Loss: 0.46698983104406333
2024-07-11 01:26:42 - INFO - Epoch: 215/300, Validation Loss: 0.45770766574918403, Accuracy: 76.7962727340768%
2024-07-11 01:27:05 - INFO - Epoch: 216/300, Training Loss: 0.464317471832773
2024-07-11 01:27:08 - INFO - Epoch: 216/300, Validation Loss: 0.4572764717662213, Accuracy: 76.79159494049847%
2024-07-11 01:27:31 - INFO - Epoch: 217/300, Training Loss: 0.4630612942196798
2024-07-11 01:27:33 - INFO - Epoch: 217/300, Validation Loss: 0.4575096378598935, Accuracy: 76.82714617169374%
2024-07-11 01:27:56 - INFO - Epoch: 218/300, Training Loss: 0.465051084355383
2024-07-11 01:27:59 - INFO - Epoch: 218/300, Validation Loss: 0.4590892951906548, Accuracy: 76.82246837811542%
2024-07-11 01:28:23 - INFO - Epoch: 219/300, Training Loss: 0.4652682766284866
2024-07-11 01:28:25 - INFO - Epoch: 219/300, Validation Loss: 0.4583297260217079, Accuracy: 76.83837287628171%
2024-07-11 01:28:49 - INFO - Epoch: 220/300, Training Loss: 0.46501737221899264
2024-07-11 01:28:51 - INFO - Epoch: 220/300, Validation Loss: 0.4573278053658655, Accuracy: 76.8093705560961%
2024-07-11 01:29:14 - INFO - Epoch: 221/300, Training Loss: 0.4622867658696405
2024-07-11 01:29:17 - INFO - Epoch: 221/300, Validation Loss: 0.457317353222343, Accuracy: 76.82340393683107%
2024-07-11 01:29:40 - INFO - Epoch: 222/300, Training Loss: 0.46280212556953615
2024-07-11 01:29:43 - INFO - Epoch: 222/300, Validation Loss: 0.4578755235044204, Accuracy: 76.82153281939975%
2024-07-11 01:30:06 - INFO - Epoch: 223/300, Training Loss: 0.4643382965545957
2024-07-11 01:30:09 - INFO - Epoch: 223/300, Validation Loss: 0.4578416928211991, Accuracy: 76.89637751665295%
2024-07-11 01:30:32 - INFO - Epoch: 224/300, Training Loss: 0.4622301267410642
2024-07-11 01:30:35 - INFO - Epoch: 224/300, Validation Loss: 0.45707660959838464, Accuracy: 76.79907941022378%
2024-07-11 01:30:58 - INFO - Epoch: 225/300, Training Loss: 0.4641449356789254
2024-07-11 01:31:01 - INFO - Epoch: 225/300, Validation Loss: 0.45801533836222635, Accuracy: 76.88889304692762%
2024-07-11 01:31:24 - INFO - Epoch: 226/300, Training Loss: 0.46414880978902323
2024-07-11 01:31:27 - INFO - Epoch: 226/300, Validation Loss: 0.4579302000649884, Accuracy: 76.8467929047227%
2024-07-11 01:31:50 - INFO - Epoch: 227/300, Training Loss: 0.4646011693287424
2024-07-11 01:31:52 - INFO - Epoch: 227/300, Validation Loss: 0.4599194248981065, Accuracy: 76.80749943866478%
2024-07-11 01:32:16 - INFO - Epoch: 228/300, Training Loss: 0.4619317722345537
2024-07-11 01:32:18 - INFO - Epoch: 228/300, Validation Loss: 0.4582470223833743, Accuracy: 76.80282164508644%
2024-07-11 01:32:41 - INFO - Epoch: 229/300, Training Loss: 0.4615715065503474
2024-07-11 01:32:44 - INFO - Epoch: 229/300, Validation Loss: 0.4584125926008059, Accuracy: 76.8121772322431%
2024-07-11 01:33:07 - INFO - Epoch: 230/300, Training Loss: 0.462964829972468
2024-07-11 01:33:10 - INFO - Epoch: 230/300, Validation Loss: 0.45790469362877, Accuracy: 76.80749943866478%
2024-07-11 01:33:33 - INFO - Epoch: 231/300, Training Loss: 0.46265730107906533
2024-07-11 01:33:36 - INFO - Epoch: 231/300, Validation Loss: 0.45750590474002023, Accuracy: 76.84024399371305%
2024-07-11 01:33:59 - INFO - Epoch: 232/300, Training Loss: 0.46153301822712745
2024-07-11 01:34:02 - INFO - Epoch: 232/300, Validation Loss: 0.4570704661644126, Accuracy: 76.83837287628171%
2024-07-11 01:34:25 - INFO - Epoch: 233/300, Training Loss: 0.4614577395770386
2024-07-11 01:34:27 - INFO - Epoch: 233/300, Validation Loss: 0.45679945249460474, Accuracy: 76.81030611481177%
2024-07-11 01:34:51 - INFO - Epoch: 234/300, Training Loss: 0.46089579021122407
2024-07-11 01:34:53 - INFO - Epoch: 234/300, Validation Loss: 0.4571890902333742, Accuracy: 76.81030611481177%
2024-07-11 01:35:17 - INFO - Epoch: 235/300, Training Loss: 0.4644054826452175
2024-07-11 01:35:19 - INFO - Epoch: 235/300, Validation Loss: 0.4574811031617211, Accuracy: 76.80843499738043%
2024-07-11 01:35:43 - INFO - Epoch: 236/300, Training Loss: 0.46453404598759956
2024-07-11 01:35:45 - INFO - Epoch: 236/300, Validation Loss: 0.45788259505512185, Accuracy: 76.82621061297807%
2024-07-11 01:36:08 - INFO - Epoch: 237/300, Training Loss: 0.46681023595076515
2024-07-11 01:36:11 - INFO - Epoch: 237/300, Validation Loss: 0.4612257212739302, Accuracy: 76.7560437093032%
2024-07-11 01:36:34 - INFO - Epoch: 238/300, Training Loss: 0.46786103897993303
2024-07-11 01:36:37 - INFO - Epoch: 238/300, Validation Loss: 0.46184816553448577, Accuracy: 76.82621061297807%
2024-07-11 01:37:00 - INFO - Epoch: 239/300, Training Loss: 0.46785805405051634
2024-07-11 01:37:03 - INFO - Epoch: 239/300, Validation Loss: 0.45827312702407813, Accuracy: 76.80562832123344%
2024-07-11 01:37:26 - INFO - Epoch: 240/300, Training Loss: 0.4638959528657245
2024-07-11 01:37:29 - INFO - Epoch: 240/300, Validation Loss: 0.45790294397740505, Accuracy: 76.82153281939975%
2024-07-11 01:37:52 - INFO - Epoch: 241/300, Training Loss: 0.4623724847492246
2024-07-11 01:37:55 - INFO - Epoch: 241/300, Validation Loss: 0.4579106131262012, Accuracy: 76.82340393683107%
2024-07-11 01:38:18 - INFO - Epoch: 242/300, Training Loss: 0.46194144018198485
2024-07-11 01:38:21 - INFO - Epoch: 242/300, Validation Loss: 0.45717367256993235, Accuracy: 76.83930843499738%
2024-07-11 01:38:44 - INFO - Epoch: 243/300, Training Loss: 0.4621756569994119
2024-07-11 01:38:46 - INFO - Epoch: 243/300, Validation Loss: 0.45818341274164454, Accuracy: 76.87205299004566%
2024-07-11 01:39:10 - INFO - Epoch: 244/300, Training Loss: 0.4635497126915091
2024-07-11 01:39:12 - INFO - Epoch: 244/300, Validation Loss: 0.45937428415213993, Accuracy: 76.85989072674201%
2024-07-11 01:39:35 - INFO - Epoch: 245/300, Training Loss: 0.4631528676162846
2024-07-11 01:39:38 - INFO - Epoch: 245/300, Validation Loss: 0.4571729982455714, Accuracy: 76.83930843499738%
2024-07-11 01:40:01 - INFO - Epoch: 246/300, Training Loss: 0.4644178854564478
2024-07-11 01:40:04 - INFO - Epoch: 246/300, Validation Loss: 0.4589764311918593, Accuracy: 76.83743731756606%
2024-07-11 01:40:27 - INFO - Epoch: 247/300, Training Loss: 0.46382879700119706
2024-07-11 01:40:30 - INFO - Epoch: 247/300, Validation Loss: 0.45812299856520355, Accuracy: 76.83463064141905%
2024-07-11 01:40:53 - INFO - Epoch: 248/300, Training Loss: 0.4653883914741601
2024-07-11 01:40:56 - INFO - Epoch: 248/300, Validation Loss: 0.4612095058321025, Accuracy: 76.6942968340693%
2024-07-11 01:41:19 - INFO - Epoch: 249/300, Training Loss: 0.4682013484161604
2024-07-11 01:41:22 - INFO - Epoch: 249/300, Validation Loss: 0.45991225322158946, Accuracy: 76.66810119003068%
2024-07-11 01:41:45 - INFO - Epoch: 250/300, Training Loss: 0.46681397812057085
2024-07-11 01:41:48 - INFO - Epoch: 250/300, Validation Loss: 0.4626517315634277, Accuracy: 76.65593892672705%
2024-07-11 01:42:11 - INFO - Epoch: 251/300, Training Loss: 0.4799178498240221
2024-07-11 01:42:14 - INFO - Epoch: 251/300, Validation Loss: 0.4809395325961475, Accuracy: 75.62308210463289%
2024-07-11 01:42:37 - INFO - Epoch: 252/300, Training Loss: 0.5012789630743579
2024-07-11 01:42:39 - INFO - Epoch: 252/300, Validation Loss: 0.49413392609425605, Accuracy: 74.39282239353342%
2024-07-11 01:43:03 - INFO - Epoch: 253/300, Training Loss: 0.5083431974399092
2024-07-11 01:43:05 - INFO - Epoch: 253/300, Validation Loss: 0.49557688420294005, Accuracy: 73.98772546965047%
2024-07-11 01:43:28 - INFO - Epoch: 254/300, Training Loss: 0.501693218263961
2024-07-11 01:43:31 - INFO - Epoch: 254/300, Validation Loss: 0.4871114157117961, Accuracy: 74.53876955317716%
2024-07-11 01:43:54 - INFO - Epoch: 255/300, Training Loss: 0.4942368002570223
2024-07-11 01:43:57 - INFO - Epoch: 255/300, Validation Loss: 0.4818621568341658, Accuracy: 74.97286879724571%
2024-07-11 01:44:20 - INFO - Epoch: 256/300, Training Loss: 0.4884794440308368
2024-07-11 01:44:23 - INFO - Epoch: 256/300, Validation Loss: 0.4761386576667651, Accuracy: 75.18991841927999%
2024-07-11 01:44:46 - INFO - Epoch: 257/300, Training Loss: 0.48744735314431725
2024-07-11 01:44:49 - INFO - Epoch: 257/300, Validation Loss: 0.4875546075996705, Accuracy: 75.08420028440985%
2024-07-11 01:45:12 - INFO - Epoch: 258/300, Training Loss: 0.4870883477847566
2024-07-11 01:45:14 - INFO - Epoch: 258/300, Validation Loss: 0.481671239821801, Accuracy: 75.13939824863408%
2024-07-11 01:45:38 - INFO - Epoch: 259/300, Training Loss: 0.48643301160388
2024-07-11 01:45:40 - INFO - Epoch: 259/300, Validation Loss: 0.47941004422023437, Accuracy: 75.15904498166304%
2024-07-11 01:46:03 - INFO - Epoch: 260/300, Training Loss: 0.48630303298797173
2024-07-11 01:46:06 - INFO - Epoch: 260/300, Validation Loss: 0.47881470519864294, Accuracy: 75.20769403487763%
2024-07-11 01:46:29 - INFO - Epoch: 261/300, Training Loss: 0.486775500267463
2024-07-11 01:46:32 - INFO - Epoch: 261/300, Validation Loss: 0.4791466778156502, Accuracy: 75.15623830551606%
2024-07-11 01:46:55 - INFO - Epoch: 262/300, Training Loss: 0.48535600827404385
2024-07-11 01:46:58 - INFO - Epoch: 262/300, Validation Loss: 0.4792870044850932, Accuracy: 75.1524960706534%
2024-07-11 01:47:21 - INFO - Epoch: 263/300, Training Loss: 0.4849715581724983
2024-07-11 01:47:24 - INFO - Epoch: 263/300, Validation Loss: 0.4811993604431175, Accuracy: 75.1440760422124%
2024-07-11 01:47:47 - INFO - Epoch: 264/300, Training Loss: 0.48515640226172
2024-07-11 01:47:50 - INFO - Epoch: 264/300, Validation Loss: 0.4806199064160592, Accuracy: 75.192725095427%
2024-07-11 01:48:13 - INFO - Epoch: 265/300, Training Loss: 0.4849976351822837
2024-07-11 01:48:15 - INFO - Epoch: 265/300, Validation Loss: 0.47814953246921355, Accuracy: 75.20675847616197%
2024-07-11 01:48:39 - INFO - Epoch: 266/300, Training Loss: 0.48681899638897536
2024-07-11 01:48:41 - INFO - Epoch: 266/300, Validation Loss: 0.48029520636829054, Accuracy: 75.12536486789911%
2024-07-11 01:49:05 - INFO - Epoch: 267/300, Training Loss: 0.4870917847985869
2024-07-11 01:49:07 - INFO - Epoch: 267/300, Validation Loss: 0.48282730149552183, Accuracy: 75.11881595688945%
2024-07-11 01:49:30 - INFO - Epoch: 268/300, Training Loss: 0.4905069243799086
2024-07-11 01:49:33 - INFO - Epoch: 268/300, Validation Loss: 0.4866188370239799, Accuracy: 75.13659157248709%
2024-07-11 01:49:56 - INFO - Epoch: 269/300, Training Loss: 0.48979399628382997
2024-07-11 01:49:59 - INFO - Epoch: 269/300, Validation Loss: 0.4804845337986161, Accuracy: 75.08420028440985%
2024-07-11 01:50:22 - INFO - Epoch: 270/300, Training Loss: 0.4912548400322275
2024-07-11 01:50:25 - INFO - Epoch: 270/300, Validation Loss: 0.4811683134858584, Accuracy: 75.0692313449592%
2024-07-11 01:50:48 - INFO - Epoch: 271/300, Training Loss: 0.49017673375773907
2024-07-11 01:50:50 - INFO - Epoch: 271/300, Validation Loss: 0.4813197342169492, Accuracy: 75.07203802110621%
2024-07-11 01:51:13 - INFO - Epoch: 272/300, Training Loss: 0.48846333355376187
2024-07-11 01:51:16 - INFO - Epoch: 272/300, Validation Loss: 0.47999097598590656, Accuracy: 75.06361799266521%
2024-07-11 01:51:39 - INFO - Epoch: 273/300, Training Loss: 0.4874037291997922
2024-07-11 01:51:42 - INFO - Epoch: 273/300, Validation Loss: 0.4806584686415414, Accuracy: 75.09262031285084%
2024-07-11 01:52:05 - INFO - Epoch: 274/300, Training Loss: 0.4873552347680192
2024-07-11 01:52:08 - INFO - Epoch: 274/300, Validation Loss: 0.48280906049453304, Accuracy: 75.15717386423172%
2024-07-11 01:52:31 - INFO - Epoch: 275/300, Training Loss: 0.4879168239187256
2024-07-11 01:52:34 - INFO - Epoch: 275/300, Validation Loss: 0.48216370937711533, Accuracy: 75.15156051193773%
2024-07-11 01:52:57 - INFO - Epoch: 276/300, Training Loss: 0.48972598319102895
2024-07-11 01:52:59 - INFO - Epoch: 276/300, Validation Loss: 0.48427044619420984, Accuracy: 75.11039592844847%
2024-07-11 01:53:23 - INFO - Epoch: 277/300, Training Loss: 0.4884540818084091
2024-07-11 01:53:25 - INFO - Epoch: 277/300, Validation Loss: 0.48020281993579467, Accuracy: 75.15436718808472%
2024-07-11 01:53:49 - INFO - Epoch: 278/300, Training Loss: 0.48858171240635
2024-07-11 01:53:51 - INFO - Epoch: 278/300, Validation Loss: 0.48328596927818607, Accuracy: 75.1094603697328%
2024-07-11 01:54:15 - INFO - Epoch: 279/300, Training Loss: 0.4864978381454757
2024-07-11 01:54:17 - INFO - Epoch: 279/300, Validation Loss: 0.48108794910689445, Accuracy: 75.12255819175212%
2024-07-11 01:54:40 - INFO - Epoch: 280/300, Training Loss: 0.48686962365622366
2024-07-11 01:54:43 - INFO - Epoch: 280/300, Validation Loss: 0.4793453917112413, Accuracy: 75.1178803981738%
2024-07-11 01:55:06 - INFO - Epoch: 281/300, Training Loss: 0.4879654161659941
2024-07-11 01:55:09 - INFO - Epoch: 281/300, Validation Loss: 0.47968113404558776, Accuracy: 75.15810942294739%
2024-07-11 01:55:32 - INFO - Epoch: 282/300, Training Loss: 0.4878293399797587
2024-07-11 01:55:35 - INFO - Epoch: 282/300, Validation Loss: 0.4789853242612185, Accuracy: 75.16091609909438%
2024-07-11 01:55:58 - INFO - Epoch: 283/300, Training Loss: 0.48782617600444833
2024-07-11 01:56:01 - INFO - Epoch: 283/300, Validation Loss: 0.48064240180112017, Accuracy: 75.17775615597635%
2024-07-11 01:56:24 - INFO - Epoch: 284/300, Training Loss: 0.49360065893523086
2024-07-11 01:56:27 - INFO - Epoch: 284/300, Validation Loss: 0.4839303439994689, Accuracy: 75.12630042661478%
2024-07-11 01:56:50 - INFO - Epoch: 285/300, Training Loss: 0.495258416642045
2024-07-11 01:56:53 - INFO - Epoch: 285/300, Validation Loss: 0.48272355923675475, Accuracy: 74.98315994311803%
2024-07-11 01:57:16 - INFO - Epoch: 286/300, Training Loss: 0.49147682294501566
2024-07-11 01:57:18 - INFO - Epoch: 286/300, Validation Loss: 0.4813590982515323, Accuracy: 75.11694483945813%
2024-07-11 01:57:42 - INFO - Epoch: 287/300, Training Loss: 0.49144475239423413
2024-07-11 01:57:44 - INFO - Epoch: 287/300, Validation Loss: 0.5116970455268413, Accuracy: 75.0907491954195%
2024-07-11 01:58:07 - INFO - Epoch: 288/300, Training Loss: 0.4902066870812366
2024-07-11 01:58:10 - INFO - Epoch: 288/300, Validation Loss: 0.4805696589336076, Accuracy: 75.14220492478108%
2024-07-11 01:58:33 - INFO - Epoch: 289/300, Training Loss: 0.4904710246656241
2024-07-11 01:58:36 - INFO - Epoch: 289/300, Validation Loss: 0.48383265680213805, Accuracy: 75.10478257615448%
2024-07-11 01:58:59 - INFO - Epoch: 290/300, Training Loss: 0.4903944724959682
2024-07-11 01:59:02 - INFO - Epoch: 290/300, Validation Loss: 0.47955266955653614, Accuracy: 75.1094603697328%
2024-07-11 01:59:25 - INFO - Epoch: 291/300, Training Loss: 0.49155456720533675
2024-07-11 01:59:28 - INFO - Epoch: 291/300, Validation Loss: 0.505008541542495, Accuracy: 75.06361799266521%
2024-07-11 01:59:51 - INFO - Epoch: 292/300, Training Loss: 0.49132161092444143
2024-07-11 01:59:54 - INFO - Epoch: 292/300, Validation Loss: 0.48807344441639317, Accuracy: 75.10758925230148%
2024-07-11 02:00:17 - INFO - Epoch: 293/300, Training Loss: 0.49206395212841364
2024-07-11 02:00:20 - INFO - Epoch: 293/300, Validation Loss: 0.4808748683873798, Accuracy: 75.04210014220493%
2024-07-11 02:00:43 - INFO - Epoch: 294/300, Training Loss: 0.49295275905160485
2024-07-11 02:00:46 - INFO - Epoch: 294/300, Validation Loss: 0.48481149371336635, Accuracy: 75.00561335229399%
2024-07-11 02:01:09 - INFO - Epoch: 295/300, Training Loss: 0.49328950466804206
2024-07-11 02:01:11 - INFO - Epoch: 295/300, Validation Loss: 0.4816487727765906, Accuracy: 75.02526008532296%
2024-07-11 02:01:35 - INFO - Epoch: 296/300, Training Loss: 0.4950162402671034
2024-07-11 02:01:37 - INFO - Epoch: 296/300, Validation Loss: 0.48395263822331247, Accuracy: 74.94480203577577%
2024-07-11 02:01:56 - INFO - Epoch: 297/300, Training Loss: 0.4971507137192168
2024-07-11 02:01:58 - INFO - Epoch: 297/300, Validation Loss: 0.4927786257829158, Accuracy: 74.66226330364493%
2024-07-11 02:02:16 - INFO - Epoch: 298/300, Training Loss: 0.4954055270567356
2024-07-11 02:02:19 - INFO - Epoch: 298/300, Validation Loss: 0.483737591959487, Accuracy: 75.10571813487014%
2024-07-11 02:02:37 - INFO - Epoch: 299/300, Training Loss: 0.49278659498757577
2024-07-11 02:02:39 - INFO - Epoch: 299/300, Validation Loss: 0.49882879239723826, Accuracy: 74.76611032108376%
2024-07-11 02:02:57 - INFO - Epoch: 300/300, Training Loss: 0.49059750286249176
2024-07-11 02:02:59 - INFO - Epoch: 300/300, Validation Loss: 0.4810162694742407, Accuracy: 75.15436718808472%
2024-07-11 02:02:59 - INFO - Finished training model.
2024-07-11 02:03:00 - INFO - Model saved to lstm_classifier_dc3.pth and vocabulary saved to vocab_dc3.pkl
