2024-07-11 15:24:15 - INFO - This log entry will go into a uniquely named file for this run.
2024-07-11 15:24:15 - INFO - without hidden
2024-07-11 15:24:15 - INFO - Params:
2024-07-11 15:24:15 - INFO - embedding_dim=32
2024-07-11 15:24:15 - INFO - hidden_dim:32
2024-07-11 15:24:15 - INFO - num_layers:2
2024-07-11 15:24:15 - INFO - epochs:100
2024-07-11 15:24:15 - INFO - batch_size:64
2024-07-11 15:24:15 - INFO - lr:0.001
2024-07-11 15:24:18 - INFO - Starting LSTM model training...
2024-07-11 15:24:21 - INFO - Epoch: 1/100, Training Loss: 0.6930374989620779
2024-07-11 15:24:21 - INFO - Epoch: 1/100, Validation Loss: 0.6930478974118259, Accuracy: 51.3091252468023%
2024-07-11 15:24:21 - INFO - Model saved with validation accuracy: 51.3091252468023%
2024-07-11 15:24:23 - INFO - Epoch: 2/100, Training Loss: 0.692750321330684
2024-07-11 15:24:23 - INFO - Epoch: 2/100, Validation Loss: 0.6931104070501901, Accuracy: 51.3091252468023%
2024-07-11 15:24:25 - INFO - Epoch: 3/100, Training Loss: 0.6925596818021296
2024-07-11 15:24:26 - INFO - Epoch: 3/100, Validation Loss: 0.6930908293671947, Accuracy: 51.39496952528114%
2024-07-11 15:24:26 - INFO - Model saved with validation accuracy: 51.39496952528114%
2024-07-11 15:24:28 - INFO - Epoch: 4/100, Training Loss: 0.6893820026774465
2024-07-11 15:24:28 - INFO - Epoch: 4/100, Validation Loss: 0.6720785195710229, Accuracy: 57.404069018799895%
2024-07-11 15:24:28 - INFO - Model saved with validation accuracy: 57.404069018799895%
2024-07-11 15:24:30 - INFO - Epoch: 5/100, Training Loss: 0.6559091785971193
2024-07-11 15:24:30 - INFO - Epoch: 5/100, Validation Loss: 0.6499136917578067, Accuracy: 57.70452399347583%
2024-07-11 15:24:30 - INFO - Model saved with validation accuracy: 57.70452399347583%
2024-07-11 15:24:32 - INFO - Epoch: 6/100, Training Loss: 0.6412896081416859
2024-07-11 15:24:32 - INFO - Epoch: 6/100, Validation Loss: 0.6428273173629261, Accuracy: 58.193836380805216%
2024-07-11 15:24:32 - INFO - Model saved with validation accuracy: 58.193836380805216%
2024-07-11 15:24:34 - INFO - Epoch: 7/100, Training Loss: 0.6396748380242389
2024-07-11 15:24:34 - INFO - Epoch: 7/100, Validation Loss: 0.6403906254169068, Accuracy: 58.537213494720575%
2024-07-11 15:24:34 - INFO - Model saved with validation accuracy: 58.537213494720575%
2024-07-11 15:24:36 - INFO - Epoch: 8/100, Training Loss: 0.6344508529527033
2024-07-11 15:24:37 - INFO - Epoch: 8/100, Validation Loss: 0.6242931501461508, Accuracy: 60.58030732251695%
2024-07-11 15:24:37 - INFO - Model saved with validation accuracy: 60.58030732251695%
2024-07-11 15:24:39 - INFO - Epoch: 9/100, Training Loss: 0.6206511422603382
2024-07-11 15:24:39 - INFO - Epoch: 9/100, Validation Loss: 0.6130069461676593, Accuracy: 61.84221821615589%
2024-07-11 15:24:39 - INFO - Model saved with validation accuracy: 61.84221821615589%
2024-07-11 15:24:41 - INFO - Epoch: 10/100, Training Loss: 0.6096290615687482
2024-07-11 15:24:41 - INFO - Epoch: 10/100, Validation Loss: 0.6109112361089779, Accuracy: 61.98815348956992%
2024-07-11 15:24:41 - INFO - Model saved with validation accuracy: 61.98815348956992%
2024-07-11 15:24:43 - INFO - Epoch: 11/100, Training Loss: 0.6083556560004854
2024-07-11 15:24:43 - INFO - Epoch: 11/100, Validation Loss: 0.6103479122854972, Accuracy: 61.97956906172204%
2024-07-11 15:24:45 - INFO - Epoch: 12/100, Training Loss: 0.6068214524757061
2024-07-11 15:24:45 - INFO - Epoch: 12/100, Validation Loss: 0.608462459728366, Accuracy: 62.28860846424586%
2024-07-11 15:24:45 - INFO - Model saved with validation accuracy: 62.28860846424586%
2024-07-11 15:24:47 - INFO - Epoch: 13/100, Training Loss: 0.6040857749874863
2024-07-11 15:24:48 - INFO - Epoch: 13/100, Validation Loss: 0.6070576095190204, Accuracy: 62.16842647437548%
2024-07-11 15:24:50 - INFO - Epoch: 14/100, Training Loss: 0.6020808200695551
2024-07-11 15:24:50 - INFO - Epoch: 14/100, Validation Loss: 0.6038682340272788, Accuracy: 62.048244484505105%
2024-07-11 15:24:52 - INFO - Epoch: 15/100, Training Loss: 0.5975374480497363
2024-07-11 15:24:52 - INFO - Epoch: 15/100, Validation Loss: 0.5936493510431279, Accuracy: 64.67507940595759%
2024-07-11 15:24:52 - INFO - Model saved with validation accuracy: 64.67507940595759%
2024-07-11 15:24:55 - INFO - Epoch: 16/100, Training Loss: 0.5863082083491468
2024-07-11 15:24:55 - INFO - Epoch: 16/100, Validation Loss: 0.5768597292118385, Accuracy: 65.79963945403038%
2024-07-11 15:24:55 - INFO - Model saved with validation accuracy: 65.79963945403038%
2024-07-11 15:24:57 - INFO - Epoch: 17/100, Training Loss: 0.5688307393234944
2024-07-11 15:24:57 - INFO - Epoch: 17/100, Validation Loss: 0.5693209480718185, Accuracy: 67.26757661601854%
2024-07-11 15:24:57 - INFO - Model saved with validation accuracy: 67.26757661601854%
2024-07-11 15:24:59 - INFO - Epoch: 18/100, Training Loss: 0.5564407489590848
2024-07-11 15:24:59 - INFO - Epoch: 18/100, Validation Loss: 0.5552236812362255, Accuracy: 68.27195467422096%
2024-07-11 15:24:59 - INFO - Model saved with validation accuracy: 68.27195467422096%
2024-07-11 15:25:01 - INFO - Epoch: 19/100, Training Loss: 0.5447574857985205
2024-07-11 15:25:01 - INFO - Epoch: 19/100, Validation Loss: 0.551101053347353, Accuracy: 68.35779895269981%
2024-07-11 15:25:01 - INFO - Model saved with validation accuracy: 68.35779895269981%
2024-07-11 15:25:03 - INFO - Epoch: 20/100, Training Loss: 0.5336568067757353
2024-07-11 15:25:04 - INFO - Epoch: 20/100, Validation Loss: 0.5447661423943734, Accuracy: 69.62829427418663%
2024-07-11 15:25:04 - INFO - Model saved with validation accuracy: 69.62829427418663%
2024-07-11 15:25:06 - INFO - Epoch: 21/100, Training Loss: 0.5254153530375294
2024-07-11 15:25:06 - INFO - Epoch: 21/100, Validation Loss: 0.5305493607547114, Accuracy: 69.87724268177526%
2024-07-11 15:25:06 - INFO - Model saved with validation accuracy: 69.87724268177526%
2024-07-11 15:25:08 - INFO - Epoch: 22/100, Training Loss: 0.5172492968856226
2024-07-11 15:25:08 - INFO - Epoch: 22/100, Validation Loss: 0.5203695375411237, Accuracy: 69.64546312988239%
2024-07-11 15:25:10 - INFO - Epoch: 23/100, Training Loss: 0.5091060918381511
2024-07-11 15:25:10 - INFO - Epoch: 23/100, Validation Loss: 0.5151421808805622, Accuracy: 69.9630869602541%
2024-07-11 15:25:10 - INFO - Model saved with validation accuracy: 69.9630869602541%
2024-07-11 15:25:12 - INFO - Epoch: 24/100, Training Loss: 0.5050381437168854
2024-07-11 15:25:12 - INFO - Epoch: 24/100, Validation Loss: 0.506216806303608, Accuracy: 70.2292042235385%
2024-07-11 15:25:12 - INFO - Model saved with validation accuracy: 70.2292042235385%
2024-07-11 15:25:14 - INFO - Epoch: 25/100, Training Loss: 0.4976978425054066
2024-07-11 15:25:15 - INFO - Epoch: 25/100, Validation Loss: 0.49696939923072775, Accuracy: 70.41806163619195%
2024-07-11 15:25:15 - INFO - Model saved with validation accuracy: 70.41806163619195%
2024-07-11 15:25:17 - INFO - Epoch: 26/100, Training Loss: 0.4920263071282574
2024-07-11 15:25:17 - INFO - Epoch: 26/100, Validation Loss: 0.4937381959352337, Accuracy: 70.5554124817581%
2024-07-11 15:25:17 - INFO - Model saved with validation accuracy: 70.5554124817581%
2024-07-11 15:25:19 - INFO - Epoch: 27/100, Training Loss: 0.4881434005842287
2024-07-11 15:25:19 - INFO - Epoch: 27/100, Validation Loss: 0.4885143077438646, Accuracy: 70.5983346209975%
2024-07-11 15:25:19 - INFO - Model saved with validation accuracy: 70.5983346209975%
2024-07-11 15:25:21 - INFO - Epoch: 28/100, Training Loss: 0.48061723404133433
2024-07-11 15:25:21 - INFO - Epoch: 28/100, Validation Loss: 0.48237189275970876, Accuracy: 70.77860760580307%
2024-07-11 15:25:21 - INFO - Model saved with validation accuracy: 70.77860760580307%
2024-07-11 15:25:23 - INFO - Epoch: 29/100, Training Loss: 0.4745543651865343
2024-07-11 15:25:24 - INFO - Epoch: 29/100, Validation Loss: 0.4779102333256456, Accuracy: 70.58116576530175%
2024-07-11 15:25:25 - INFO - Epoch: 30/100, Training Loss: 0.46846309807074904
2024-07-11 15:25:26 - INFO - Epoch: 30/100, Validation Loss: 0.48764948571314576, Accuracy: 70.70993218302%
2024-07-11 15:25:28 - INFO - Epoch: 31/100, Training Loss: 0.4651353025837036
2024-07-11 15:25:28 - INFO - Epoch: 31/100, Validation Loss: 0.4919775331932339, Accuracy: 70.66701004378058%
2024-07-11 15:25:30 - INFO - Epoch: 32/100, Training Loss: 0.4612640218070832
2024-07-11 15:25:30 - INFO - Epoch: 32/100, Validation Loss: 0.4637712499157327, Accuracy: 70.02317795518928%
2024-07-11 15:25:32 - INFO - Epoch: 33/100, Training Loss: 0.45668086258308715
2024-07-11 15:25:33 - INFO - Epoch: 33/100, Validation Loss: 0.4741825474415972, Accuracy: 69.71413855266546%
2024-07-11 15:25:35 - INFO - Epoch: 34/100, Training Loss: 0.45317346932793184
2024-07-11 15:25:35 - INFO - Epoch: 34/100, Validation Loss: 0.4576022208062677, Accuracy: 70.74426989441153%
2024-07-11 15:25:37 - INFO - Epoch: 35/100, Training Loss: 0.4515471822276855
2024-07-11 15:25:37 - INFO - Epoch: 35/100, Validation Loss: 0.45905282849171125, Accuracy: 70.75285432225942%
2024-07-11 15:25:39 - INFO - Epoch: 36/100, Training Loss: 0.4473672682529287
2024-07-11 15:25:40 - INFO - Epoch: 36/100, Validation Loss: 0.4498875103687328, Accuracy: 70.74426989441153%
2024-07-11 15:25:42 - INFO - Epoch: 37/100, Training Loss: 0.4442646068473575
2024-07-11 15:25:42 - INFO - Epoch: 37/100, Validation Loss: 0.45312013945292906, Accuracy: 70.66701004378058%
2024-07-11 15:25:44 - INFO - Epoch: 38/100, Training Loss: 0.4426349631225785
2024-07-11 15:25:44 - INFO - Epoch: 38/100, Validation Loss: 0.4505728245432911, Accuracy: 70.37513949695253%
2024-07-11 15:25:46 - INFO - Epoch: 39/100, Training Loss: 0.44004697486533384
2024-07-11 15:25:46 - INFO - Epoch: 39/100, Validation Loss: 0.4555464017260921, Accuracy: 70.58116576530175%
2024-07-11 15:25:48 - INFO - Epoch: 40/100, Training Loss: 0.4383980803937742
2024-07-11 15:25:49 - INFO - Epoch: 40/100, Validation Loss: 0.44388823203050376, Accuracy: 69.87724268177526%
2024-07-11 15:25:51 - INFO - Epoch: 41/100, Training Loss: 0.43350255242018704
2024-07-11 15:25:51 - INFO - Epoch: 41/100, Validation Loss: 0.4417531202073957, Accuracy: 70.16052880075543%
2024-07-11 15:25:53 - INFO - Epoch: 42/100, Training Loss: 0.4325549417317159
2024-07-11 15:25:53 - INFO - Epoch: 42/100, Validation Loss: 0.44753051194988314, Accuracy: 70.74426989441153%
2024-07-11 15:25:55 - INFO - Epoch: 43/100, Training Loss: 0.42818333087961696
2024-07-11 15:25:56 - INFO - Epoch: 43/100, Validation Loss: 0.4435281597199987, Accuracy: 70.3837239248004%
2024-07-11 15:25:58 - INFO - Epoch: 44/100, Training Loss: 0.42616210691886347
2024-07-11 15:25:58 - INFO - Epoch: 44/100, Validation Loss: 0.4487252492722266, Accuracy: 71.28508884882822%
2024-07-11 15:25:58 - INFO - Model saved with validation accuracy: 71.28508884882822%
2024-07-11 15:26:00 - INFO - Epoch: 45/100, Training Loss: 0.4264892781222308
2024-07-11 15:26:00 - INFO - Epoch: 45/100, Validation Loss: 0.432489728992754, Accuracy: 70.72710103871577%
2024-07-11 15:26:02 - INFO - Epoch: 46/100, Training Loss: 0.4240723148867263
2024-07-11 15:26:02 - INFO - Epoch: 46/100, Validation Loss: 0.43305784594165825, Accuracy: 70.22061979569062%
2024-07-11 15:26:04 - INFO - Epoch: 47/100, Training Loss: 0.4237744411241534
2024-07-11 15:26:05 - INFO - Epoch: 47/100, Validation Loss: 0.42944212689425776, Accuracy: 70.68417889947635%
2024-07-11 15:26:07 - INFO - Epoch: 48/100, Training Loss: 0.41945719694404443
2024-07-11 15:26:07 - INFO - Epoch: 48/100, Validation Loss: 0.4340893935636093, Accuracy: 70.83011417289038%
2024-07-11 15:26:09 - INFO - Epoch: 49/100, Training Loss: 0.41925254024677644
2024-07-11 15:26:09 - INFO - Epoch: 49/100, Validation Loss: 0.4312136117877856, Accuracy: 69.56820327925143%
2024-07-11 15:26:11 - INFO - Epoch: 50/100, Training Loss: 0.41776945962173295
2024-07-11 15:26:11 - INFO - Epoch: 50/100, Validation Loss: 0.42731548218779225, Accuracy: 69.9630869602541%
2024-07-11 15:26:13 - INFO - Epoch: 51/100, Training Loss: 0.41525607385426067
2024-07-11 15:26:14 - INFO - Epoch: 51/100, Validation Loss: 0.42772049574904103, Accuracy: 70.58116576530175%
2024-07-11 15:26:16 - INFO - Epoch: 52/100, Training Loss: 0.41471844860473944
2024-07-11 15:26:16 - INFO - Epoch: 52/100, Validation Loss: 0.4216372870682367, Accuracy: 70.10902223366813%
2024-07-11 15:26:18 - INFO - Epoch: 53/100, Training Loss: 0.4120956496610236
2024-07-11 15:26:18 - INFO - Epoch: 53/100, Validation Loss: 0.4264192266868112, Accuracy: 70.35797064125676%
2024-07-11 15:26:20 - INFO - Epoch: 54/100, Training Loss: 0.4138818025916038
2024-07-11 15:26:21 - INFO - Epoch: 54/100, Validation Loss: 0.4288484538839163, Accuracy: 70.7700231779552%
2024-07-11 15:26:23 - INFO - Epoch: 55/100, Training Loss: 0.40991577890347713
2024-07-11 15:26:23 - INFO - Epoch: 55/100, Validation Loss: 0.42110697835520966, Accuracy: 71.31942656021977%
2024-07-11 15:26:23 - INFO - Model saved with validation accuracy: 71.31942656021977%
2024-07-11 15:26:25 - INFO - Epoch: 56/100, Training Loss: 0.4086343545073181
2024-07-11 15:26:25 - INFO - Epoch: 56/100, Validation Loss: 0.42771053835342493, Accuracy: 70.37513949695253%
2024-07-11 15:26:27 - INFO - Epoch: 57/100, Training Loss: 0.41212040006051504
2024-07-11 15:26:27 - INFO - Epoch: 57/100, Validation Loss: 0.41940012118204045, Accuracy: 70.9245428792171%
2024-07-11 15:26:29 - INFO - Epoch: 58/100, Training Loss: 0.40787968393134155
2024-07-11 15:26:30 - INFO - Epoch: 58/100, Validation Loss: 0.42409487207079194, Accuracy: 69.7999828311443%
2024-07-11 15:26:32 - INFO - Epoch: 59/100, Training Loss: 0.40783824220769854
2024-07-11 15:26:32 - INFO - Epoch: 59/100, Validation Loss: 0.4323713432569973, Accuracy: 70.3837239248004%
2024-07-11 15:26:34 - INFO - Epoch: 60/100, Training Loss: 0.4068965683339882
2024-07-11 15:26:34 - INFO - Epoch: 60/100, Validation Loss: 0.4205200693320707, Accuracy: 69.99742467164563%
2024-07-11 15:26:36 - INFO - Epoch: 61/100, Training Loss: 0.403149672905277
2024-07-11 15:26:36 - INFO - Epoch: 61/100, Validation Loss: 0.42471583879710545, Accuracy: 69.83432054253583%
2024-07-11 15:26:38 - INFO - Epoch: 62/100, Training Loss: 0.40415662805075836
2024-07-11 15:26:38 - INFO - Epoch: 62/100, Validation Loss: 0.4336798586806313, Accuracy: 69.73989183620911%
2024-07-11 15:26:40 - INFO - Epoch: 63/100, Training Loss: 0.4040536153218383
2024-07-11 15:26:41 - INFO - Epoch: 63/100, Validation Loss: 0.4170903379474181, Accuracy: 70.05751566658083%
2024-07-11 15:26:43 - INFO - Epoch: 64/100, Training Loss: 0.40432365143617977
2024-07-11 15:26:43 - INFO - Epoch: 64/100, Validation Loss: 0.419594204165245, Accuracy: 69.36217701090223%
2024-07-11 15:26:45 - INFO - Epoch: 65/100, Training Loss: 0.4061434375651089
2024-07-11 15:26:45 - INFO - Epoch: 65/100, Validation Loss: 0.417915491621351, Accuracy: 69.9115803931668%
2024-07-11 15:26:47 - INFO - Epoch: 66/100, Training Loss: 0.40014616390805186
2024-07-11 15:26:47 - INFO - Epoch: 66/100, Validation Loss: 0.420422432038302, Accuracy: 69.61970984633874%
2024-07-11 15:26:49 - INFO - Epoch: 67/100, Training Loss: 0.40336687869005244
2024-07-11 15:26:50 - INFO - Epoch: 67/100, Validation Loss: 0.41309115290641785, Accuracy: 69.51669671216413%
2024-07-11 15:26:52 - INFO - Epoch: 68/100, Training Loss: 0.40009052571118775
2024-07-11 15:26:52 - INFO - Epoch: 68/100, Validation Loss: 0.4154614793146894, Accuracy: 69.83432054253583%
2024-07-11 15:26:54 - INFO - Epoch: 69/100, Training Loss: 0.40050063876049347
2024-07-11 15:26:54 - INFO - Epoch: 69/100, Validation Loss: 0.4116019674989044, Accuracy: 69.08747531976994%
2024-07-11 15:26:56 - INFO - Epoch: 70/100, Training Loss: 0.3988507080552346
2024-07-11 15:26:56 - INFO - Epoch: 70/100, Validation Loss: 0.4173790030792111, Accuracy: 69.07889089192206%
2024-07-11 15:26:58 - INFO - Epoch: 71/100, Training Loss: 0.4010371029867557
2024-07-11 15:26:58 - INFO - Epoch: 71/100, Validation Loss: 0.41469556142072206, Accuracy: 70.19486651214696%
2024-07-11 15:27:00 - INFO - Epoch: 72/100, Training Loss: 0.3973090246585498
2024-07-11 15:27:01 - INFO - Epoch: 72/100, Validation Loss: 0.41377136306684525, Accuracy: 68.90720233496438%
2024-07-11 15:27:03 - INFO - Epoch: 73/100, Training Loss: 0.39945716965836264
2024-07-11 15:27:03 - INFO - Epoch: 73/100, Validation Loss: 0.41434720158576965, Accuracy: 69.86007382607949%
2024-07-11 15:27:05 - INFO - Epoch: 74/100, Training Loss: 0.3989248488338559
2024-07-11 15:27:05 - INFO - Epoch: 74/100, Validation Loss: 0.41425633121057936, Accuracy: 69.37934586659799%
2024-07-11 15:27:07 - INFO - Epoch: 75/100, Training Loss: 0.3977016572353771
2024-07-11 15:27:07 - INFO - Epoch: 75/100, Validation Loss: 0.41336840765723765, Accuracy: 68.93295561850803%
2024-07-11 15:27:09 - INFO - Epoch: 76/100, Training Loss: 0.3951711589253325
2024-07-11 15:27:10 - INFO - Epoch: 76/100, Validation Loss: 0.4155322608074855, Accuracy: 68.54665636535324%
2024-07-11 15:27:12 - INFO - Epoch: 77/100, Training Loss: 0.39478985354079466
2024-07-11 15:27:12 - INFO - Epoch: 77/100, Validation Loss: 0.42569850523615144, Accuracy: 69.33642372735858%
2024-07-11 15:27:14 - INFO - Epoch: 78/100, Training Loss: 0.3966890114815637
2024-07-11 15:27:14 - INFO - Epoch: 78/100, Validation Loss: 0.42021172294199793, Accuracy: 68.73551377800669%
2024-07-11 15:27:16 - INFO - Epoch: 79/100, Training Loss: 0.3931155553079927
2024-07-11 15:27:16 - INFO - Epoch: 79/100, Validation Loss: 0.41077129290403563, Accuracy: 68.46939651472229%
2024-07-11 15:27:18 - INFO - Epoch: 80/100, Training Loss: 0.39796820802126076
2024-07-11 15:27:18 - INFO - Epoch: 80/100, Validation Loss: 0.42755186004065426, Accuracy: 69.57678770709933%
2024-07-11 15:27:20 - INFO - Epoch: 81/100, Training Loss: 0.39338379730412987
2024-07-11 15:27:21 - INFO - Epoch: 81/100, Validation Loss: 0.4146405613161827, Accuracy: 68.64108507167997%
2024-07-11 15:27:23 - INFO - Epoch: 82/100, Training Loss: 0.3925617908744655
2024-07-11 15:27:23 - INFO - Epoch: 82/100, Validation Loss: 0.40976153761962725, Accuracy: 68.92437119066014%
2024-07-11 15:27:25 - INFO - Epoch: 83/100, Training Loss: 0.3951060292815639
2024-07-11 15:27:25 - INFO - Epoch: 83/100, Validation Loss: 0.4097998637319263, Accuracy: 68.99304661344321%
2024-07-11 15:27:27 - INFO - Epoch: 84/100, Training Loss: 0.39569343640807564
2024-07-11 15:27:27 - INFO - Epoch: 84/100, Validation Loss: 0.4371733839720325, Accuracy: 70.36655506910465%
2024-07-11 15:27:29 - INFO - Epoch: 85/100, Training Loss: 0.39665489436340595
2024-07-11 15:27:29 - INFO - Epoch: 85/100, Validation Loss: 0.4135392140495321, Accuracy: 69.15615074255301%
2024-07-11 15:27:31 - INFO - Epoch: 86/100, Training Loss: 0.3916548999698401
2024-07-11 15:27:32 - INFO - Epoch: 86/100, Validation Loss: 0.4227527656841799, Accuracy: 69.32783929951069%
2024-07-11 15:27:33 - INFO - Epoch: 87/100, Training Loss: 0.390586818196646
2024-07-11 15:27:34 - INFO - Epoch: 87/100, Validation Loss: 0.41586408002780434, Accuracy: 68.74409820585458%
2024-07-11 15:27:36 - INFO - Epoch: 88/100, Training Loss: 0.3938789163270278
2024-07-11 15:27:36 - INFO - Epoch: 88/100, Validation Loss: 0.4217341869580941, Accuracy: 69.01021546913898%
2024-07-11 15:27:38 - INFO - Epoch: 89/100, Training Loss: 0.392126388592321
2024-07-11 15:27:38 - INFO - Epoch: 89/100, Validation Loss: 0.4107093200331829, Accuracy: 68.36638338054769%
2024-07-11 15:27:40 - INFO - Epoch: 90/100, Training Loss: 0.39100047721130204
2024-07-11 15:27:40 - INFO - Epoch: 90/100, Validation Loss: 0.4118131537580751, Accuracy: 67.85990213752254%
2024-07-11 15:27:42 - INFO - Epoch: 91/100, Training Loss: 0.39272546854038787
2024-07-11 15:27:42 - INFO - Epoch: 91/100, Validation Loss: 0.41324515697734604, Accuracy: 68.31487681346039%
2024-07-11 15:27:44 - INFO - Epoch: 92/100, Training Loss: 0.3911668249445524
2024-07-11 15:27:45 - INFO - Epoch: 92/100, Validation Loss: 0.41241709032996754, Accuracy: 69.07030646407416%
2024-07-11 15:27:47 - INFO - Epoch: 93/100, Training Loss: 0.3902466405688981
2024-07-11 15:27:47 - INFO - Epoch: 93/100, Validation Loss: 0.41126105010183783, Accuracy: 68.16035711219847%
2024-07-11 15:27:49 - INFO - Epoch: 94/100, Training Loss: 0.38995276001091683
2024-07-11 15:27:49 - INFO - Epoch: 94/100, Validation Loss: 0.41186034728269105, Accuracy: 69.51669671216413%
2024-07-11 15:27:51 - INFO - Epoch: 95/100, Training Loss: 0.3927714536464754
2024-07-11 15:27:51 - INFO - Epoch: 95/100, Validation Loss: 0.41467239785064114, Accuracy: 69.5853721349472%
2024-07-11 15:27:53 - INFO - Epoch: 96/100, Training Loss: 0.39289158517277617
2024-07-11 15:27:54 - INFO - Epoch: 96/100, Validation Loss: 0.41821228545871586, Accuracy: 68.95012447420379%
2024-07-11 15:27:56 - INFO - Epoch: 97/100, Training Loss: 0.3956330564941071
2024-07-11 15:27:56 - INFO - Epoch: 97/100, Validation Loss: 0.4087546099730528, Accuracy: 68.56382522104902%
2024-07-11 15:27:58 - INFO - Epoch: 98/100, Training Loss: 0.3890715461781323
2024-07-11 15:27:58 - INFO - Epoch: 98/100, Validation Loss: 0.41019430430860465, Accuracy: 68.69259163876728%
2024-07-11 15:28:00 - INFO - Epoch: 99/100, Training Loss: 0.3880717952637352
2024-07-11 15:28:00 - INFO - Epoch: 99/100, Validation Loss: 0.4112134312019973, Accuracy: 68.65825392737574%
2024-07-11 15:28:02 - INFO - Epoch: 100/100, Training Loss: 0.39084860933906257
2024-07-11 15:28:03 - INFO - Epoch: 100/100, Validation Loss: 0.41659585740722593, Accuracy: 70.86445188428192%
2024-07-11 15:28:03 - INFO - Finished training model.
2024-07-11 15:28:03 - INFO - Model saved to lstm_classifier_dc.pth and vocabulary saved to vocab_dc.pkl
