2024-06-19 09:56:24 - INFO - This log entry will go into a uniquely named file for this run.
2024-06-19 09:56:24 - INFO - Starting LSTM model training...
2024-06-19 09:56:24 - INFO - Optimizer=Adam
2024-06-19 09:56:24 - INFO - epochs=800
2024-06-19 09:56:24 - INFO - batch_size=32
2024-06-19 09:56:24 - INFO - File=oneText.txt
2024-06-19 09:56:24 - INFO - Learning Rate=0.001
2024-06-19 09:56:28 - INFO - Starting LSTM model training...
2024-06-19 09:56:32 - INFO - Epoch 1/800, Loss: 1.3769358858150262
2024-06-19 09:56:35 - INFO - Epoch 2/800, Loss: 1.1803274874033012
2024-06-19 09:56:39 - INFO - Epoch 3/800, Loss: 1.1614681428708007
2024-06-19 09:56:42 - INFO - Epoch 4/800, Loss: 1.1264651174729472
2024-06-19 09:56:46 - INFO - Epoch 5/800, Loss: 1.146793376962823
2024-06-19 09:56:50 - INFO - Epoch 6/800, Loss: 1.1262893557350988
2024-06-19 09:56:54 - INFO - Epoch 7/800, Loss: 1.1157223060058734
2024-06-19 09:56:58 - INFO - Epoch 8/800, Loss: 1.1195267097969464
2024-06-19 09:57:02 - INFO - Epoch 9/800, Loss: 1.1294639699459486
2024-06-19 09:57:06 - INFO - Epoch 10/800, Loss: 1.1228981043473563
2024-06-19 09:57:11 - INFO - Epoch 11/800, Loss: 1.1433371118419982
2024-06-19 09:57:15 - INFO - Epoch 12/800, Loss: 1.1293655596190293
2024-06-19 09:57:18 - INFO - Epoch 13/800, Loss: 1.1069364226291496
2024-06-19 09:57:23 - INFO - Epoch 14/800, Loss: 1.1460455481130514
2024-06-19 09:57:27 - INFO - Epoch 15/800, Loss: 1.1114072379340623
2024-06-19 09:57:31 - INFO - Epoch 16/800, Loss: 1.1173864866377905
2024-06-19 09:57:35 - INFO - Epoch 17/800, Loss: 1.1178433700232062
2024-06-19 09:57:39 - INFO - Epoch 18/800, Loss: 1.1233009743381246
2024-06-19 09:57:43 - INFO - Epoch 19/800, Loss: 1.107114763285363
2024-06-19 09:57:47 - INFO - Epoch 20/800, Loss: 1.2601369979905916
2024-06-19 09:57:51 - INFO - Epoch 21/800, Loss: 1.0898427703667897
2024-06-19 09:57:55 - INFO - Epoch 22/800, Loss: 1.0969848474852189
2024-06-19 09:57:59 - INFO - Epoch 23/800, Loss: 1.082141859760544
2024-06-19 09:58:03 - INFO - Epoch 24/800, Loss: 1.0838299336811317
2024-06-19 09:58:07 - INFO - Epoch 25/800, Loss: 1.0970759749392103
2024-06-19 09:58:11 - INFO - Epoch 26/800, Loss: 1.1082681941479302
2024-06-19 09:58:15 - INFO - Epoch 27/800, Loss: 1.0960988546737869
2024-06-19 09:58:19 - INFO - Epoch 28/800, Loss: 1.1288263036226465
2024-06-19 09:58:23 - INFO - Epoch 29/800, Loss: 1.0892738300550666
2024-06-19 09:58:27 - INFO - Epoch 30/800, Loss: 1.119966225306393
2024-06-19 09:58:32 - INFO - Epoch 31/800, Loss: 1.0923486541907492
2024-06-19 09:58:35 - INFO - Epoch 32/800, Loss: 1.1165985597330437
2024-06-19 09:58:39 - INFO - Epoch 33/800, Loss: 1.0982848121386843
2024-06-19 09:58:44 - INFO - Epoch 34/800, Loss: 1.1062586405816592
2024-06-19 09:58:48 - INFO - Epoch 35/800, Loss: 1.0863253036285632
2024-06-19 09:58:52 - INFO - Epoch 36/800, Loss: 1.0993114511671491
2024-06-19 09:58:56 - INFO - Epoch 37/800, Loss: 1.1683553224917473
2024-06-19 09:59:00 - INFO - Epoch 38/800, Loss: 1.0793184306197736
2024-06-19 09:59:04 - INFO - Epoch 39/800, Loss: 1.0965557464783031
2024-06-19 09:59:08 - INFO - Epoch 40/800, Loss: 1.09860614195707
2024-06-19 09:59:12 - INFO - Epoch 41/800, Loss: 1.1204341433264993
2024-06-19 09:59:16 - INFO - Epoch 42/800, Loss: 1.1064379079145306
2024-06-19 09:59:20 - INFO - Epoch 43/800, Loss: 1.0935268838789374
2024-06-19 09:59:24 - INFO - Epoch 44/800, Loss: 1.0905936308284738
2024-06-19 09:59:28 - INFO - Epoch 45/800, Loss: 1.0820796924361868
2024-06-19 09:59:32 - INFO - Epoch 46/800, Loss: 1.0945809879706088
2024-06-19 09:59:36 - INFO - Epoch 47/800, Loss: 1.0861791590678134
2024-06-19 09:59:40 - INFO - Epoch 48/800, Loss: 1.0966962253725208
2024-06-19 09:59:45 - INFO - Epoch 49/800, Loss: 1.0915291484414043
2024-06-19 09:59:49 - INFO - Epoch 50/800, Loss: 1.1202314364338635
2024-06-19 09:59:53 - INFO - Epoch 51/800, Loss: 1.111682814418585
2024-06-19 09:59:57 - INFO - Epoch 52/800, Loss: 1.0920413010945
2024-06-19 10:00:01 - INFO - Epoch 53/800, Loss: 1.078377219685336
2024-06-19 10:00:05 - INFO - Epoch 54/800, Loss: 1.102668064334421
2024-06-19 10:00:09 - INFO - Epoch 55/800, Loss: 1.0817447508357538
2024-06-19 10:00:13 - INFO - Epoch 56/800, Loss: 1.083905041153094
2024-06-19 10:00:17 - INFO - Epoch 57/800, Loss: 1.0822946416617163
2024-06-19 10:00:21 - INFO - Epoch 58/800, Loss: 1.0782621359697078
2024-06-19 10:00:25 - INFO - Epoch 59/800, Loss: 1.094639391008428
2024-06-19 10:00:29 - INFO - Epoch 60/800, Loss: 1.1032688348513047
2024-06-19 10:00:33 - INFO - Epoch 61/800, Loss: 1.0833505009332458
2024-06-19 10:00:37 - INFO - Epoch 62/800, Loss: 1.111683678548
2024-06-19 10:00:41 - INFO - Epoch 63/800, Loss: 1.081573233182931
2024-06-19 10:00:45 - INFO - Epoch 64/800, Loss: 1.2375175533931695
2024-06-19 10:00:50 - INFO - Epoch 65/800, Loss: 1.1075100859576148
2024-06-19 10:00:54 - INFO - Epoch 66/800, Loss: 1.0938538841557948
2024-06-19 10:00:58 - INFO - Epoch 67/800, Loss: 1.1087355604717224
2024-06-19 10:01:02 - INFO - Epoch 68/800, Loss: 1.082127555003405
2024-06-19 10:01:06 - INFO - Epoch 69/800, Loss: 1.1052436520866542
2024-06-19 10:01:10 - INFO - Epoch 70/800, Loss: 1.079955593407968
2024-06-19 10:01:14 - INFO - Epoch 71/800, Loss: 1.1010031508695097
2024-06-19 10:01:18 - INFO - Epoch 72/800, Loss: 1.1059456428666297
2024-06-19 10:01:22 - INFO - Epoch 73/800, Loss: 1.0920296238051925
2024-06-19 10:01:26 - INFO - Epoch 74/800, Loss: 1.0798653478173146
2024-06-19 10:01:30 - INFO - Epoch 75/800, Loss: 1.0919474047406401
2024-06-19 10:01:34 - INFO - Epoch 76/800, Loss: 1.0757232670865462
2024-06-19 10:01:38 - INFO - Epoch 77/800, Loss: 1.1299605967555617
2024-06-19 10:01:42 - INFO - Epoch 78/800, Loss: 1.100159441544038
2024-06-19 10:01:46 - INFO - Epoch 79/800, Loss: 1.0857911642997797
2024-06-19 10:01:50 - INFO - Epoch 80/800, Loss: 1.092719290019594
2024-06-19 10:01:54 - INFO - Epoch 81/800, Loss: 1.0865115765046884
2024-06-19 10:01:58 - INFO - Epoch 82/800, Loss: 1.083900004868834
2024-06-19 10:02:03 - INFO - Epoch 83/800, Loss: 1.0869567473338921
2024-06-19 10:02:07 - INFO - Epoch 84/800, Loss: 1.0940664634657726
2024-06-19 10:02:11 - INFO - Epoch 85/800, Loss: 1.0789260479404097
2024-06-19 10:02:15 - INFO - Epoch 86/800, Loss: 1.112300364482499
2024-06-19 10:02:19 - INFO - Epoch 87/800, Loss: 1.0855173193266117
2024-06-19 10:02:23 - INFO - Epoch 88/800, Loss: 1.1133136280767781
2024-06-19 10:02:27 - INFO - Epoch 89/800, Loss: 1.081621112159222
2024-06-19 10:02:31 - INFO - Epoch 90/800, Loss: 1.1242715148515452
2024-06-19 10:02:35 - INFO - Epoch 91/800, Loss: 1.0931998470920636
2024-06-19 10:02:39 - INFO - Epoch 92/800, Loss: 1.087045106000406
2024-06-19 10:02:43 - INFO - Epoch 93/800, Loss: 1.0963649411697631
2024-06-19 10:02:47 - INFO - Epoch 94/800, Loss: 1.0851410136659598
2024-06-19 10:02:51 - INFO - Epoch 95/800, Loss: 1.0815014573112431
2024-06-19 10:02:55 - INFO - Epoch 96/800, Loss: 1.0951798397788632
2024-06-19 10:02:59 - INFO - Epoch 97/800, Loss: 1.098473371624858
2024-06-19 10:03:03 - INFO - Epoch 98/800, Loss: 1.0845422043091133
2024-06-19 10:03:07 - INFO - Epoch 99/800, Loss: 1.1160811691732109
2024-06-19 10:03:12 - INFO - Epoch 100/800, Loss: 1.0858411468728515
2024-06-19 10:03:16 - INFO - Epoch 101/800, Loss: 1.0873231765617815
2024-06-19 10:03:20 - INFO - Epoch 102/800, Loss: 1.1467816061336282
2024-06-19 10:03:24 - INFO - Epoch 103/800, Loss: 1.0861593339042823
2024-06-19 10:03:28 - INFO - Epoch 104/800, Loss: 1.0930195207643778
2024-06-19 10:03:32 - INFO - Epoch 105/800, Loss: 1.0808196938941768
2024-06-19 10:03:36 - INFO - Epoch 106/800, Loss: 1.0851315272739224
2024-06-19 10:03:40 - INFO - Epoch 107/800, Loss: 1.089565720001525
2024-06-19 10:03:44 - INFO - Epoch 108/800, Loss: 1.0773688455110522
2024-06-19 10:03:48 - INFO - Epoch 109/800, Loss: 1.0962697315656091
2024-06-19 10:03:52 - INFO - Epoch 110/800, Loss: 1.0856130691802364
2024-06-19 10:03:56 - INFO - Epoch 111/800, Loss: 1.0841551345557146
2024-06-19 10:04:00 - INFO - Epoch 112/800, Loss: 1.0795935257749076
2024-06-19 10:04:04 - INFO - Epoch 113/800, Loss: 1.074261787182794
2024-06-19 10:04:08 - INFO - Epoch 114/800, Loss: 1.0843129491480437
2024-06-19 10:04:12 - INFO - Epoch 115/800, Loss: 1.0889608358684304
2024-06-19 10:04:16 - INFO - Epoch 116/800, Loss: 1.0916926774166154
2024-06-19 10:04:20 - INFO - Epoch 117/800, Loss: 1.1162708201658234
2024-06-19 10:04:25 - INFO - Epoch 118/800, Loss: 1.0836984534296579
2024-06-19 10:04:29 - INFO - Epoch 119/800, Loss: 1.09758249789427
2024-06-19 10:04:33 - INFO - Epoch 120/800, Loss: 1.116414519641939
2024-06-19 10:04:37 - INFO - Epoch 121/800, Loss: 1.1195618974625072
2024-06-19 10:04:41 - INFO - Epoch 122/800, Loss: 1.0942348914857278
2024-06-19 10:04:45 - INFO - Epoch 123/800, Loss: 1.0991450703407681
2024-06-19 10:04:49 - INFO - Epoch 124/800, Loss: 1.0988081528775235
2024-06-19 10:04:53 - INFO - Epoch 125/800, Loss: 1.0822309174746638
2024-06-19 10:04:57 - INFO - Epoch 126/800, Loss: 1.084269902629993
2024-06-19 10:05:01 - INFO - Epoch 127/800, Loss: 1.1276676694459011
2024-06-19 10:05:05 - INFO - Epoch 128/800, Loss: 1.1789810384221024
2024-06-19 10:05:09 - INFO - Epoch 129/800, Loss: 1.0866987779544943
2024-06-19 10:05:13 - INFO - Epoch 130/800, Loss: 1.0792265648596915
2024-06-19 10:05:17 - INFO - Epoch 131/800, Loss: 1.0919762037596112
2024-06-19 10:05:21 - INFO - Epoch 132/800, Loss: 1.1025570171178118
2024-06-19 10:05:26 - INFO - Epoch 133/800, Loss: 1.0855189820274844
2024-06-19 10:05:30 - INFO - Epoch 134/800, Loss: 1.0933795464453673
2024-06-19 10:05:34 - INFO - Epoch 135/800, Loss: 1.088845337147672
2024-06-19 10:05:38 - INFO - Epoch 136/800, Loss: 1.0896391060466624
2024-06-19 10:05:42 - INFO - Epoch 137/800, Loss: 1.1701498359320852
2024-06-19 10:05:46 - INFO - Epoch 138/800, Loss: 1.0713615746070613
2024-06-19 10:05:50 - INFO - Epoch 139/800, Loss: 1.0896947552466978
2024-06-19 10:05:54 - INFO - Epoch 140/800, Loss: 1.0856475861751926
2024-06-19 10:05:58 - INFO - Epoch 141/800, Loss: 1.0968975705301058
2024-06-19 10:06:02 - INFO - Epoch 142/800, Loss: 1.0825510628665762
2024-06-19 10:06:06 - INFO - Epoch 143/800, Loss: 1.0925460272186531
2024-06-19 10:06:10 - INFO - Epoch 144/800, Loss: 1.092487596782996
2024-06-19 10:06:14 - INFO - Epoch 145/800, Loss: 1.1155353711438951
2024-06-19 10:06:18 - INFO - Epoch 146/800, Loss: 1.0879151168588053
2024-06-19 10:06:22 - INFO - Epoch 147/800, Loss: 1.0826524030916365
2024-06-19 10:06:26 - INFO - Epoch 148/800, Loss: 1.0772504941523875
2024-06-19 10:06:31 - INFO - Epoch 149/800, Loss: 1.0803169147381544
2024-06-19 10:06:35 - INFO - Epoch 150/800, Loss: 1.0874157480822721
2024-06-19 10:06:39 - INFO - Epoch 151/800, Loss: 1.085479448750444
2024-06-19 10:06:43 - INFO - Epoch 152/800, Loss: 1.0860612199419697
2024-06-19 10:06:47 - INFO - Epoch 153/800, Loss: 1.1086996826442486
2024-06-19 10:06:51 - INFO - Epoch 154/800, Loss: 1.1404063032733447
2024-06-19 10:06:55 - INFO - Epoch 155/800, Loss: 1.0863584101584958
2024-06-19 10:06:59 - INFO - Epoch 156/800, Loss: 1.0947492208612162
2024-06-19 10:07:03 - INFO - Epoch 157/800, Loss: 1.0825173421339556
2024-06-19 10:07:07 - INFO - Epoch 158/800, Loss: 1.0877242470719422
2024-06-19 10:07:11 - INFO - Epoch 159/800, Loss: 1.0874124153104077
2024-06-19 10:07:15 - INFO - Epoch 160/800, Loss: 1.082716690391195
2024-06-19 10:07:19 - INFO - Epoch 161/800, Loss: 1.0814039653713012
2024-06-19 10:07:23 - INFO - Epoch 162/800, Loss: 1.0714121683005857
2024-06-19 10:07:27 - INFO - Epoch 163/800, Loss: 1.0980517308675632
2024-06-19 10:07:32 - INFO - Epoch 164/800, Loss: 1.0861071019872626
2024-06-19 10:07:35 - INFO - Epoch 165/800, Loss: 1.0834199544750114
2024-06-19 10:07:39 - INFO - Epoch 166/800, Loss: 1.0845311604311219
2024-06-19 10:07:44 - INFO - Epoch 167/800, Loss: 1.0892835255520907
2024-06-19 10:07:48 - INFO - Epoch 168/800, Loss: 1.17767090176141
2024-06-19 10:07:52 - INFO - Epoch 169/800, Loss: 1.0918260958016133
2024-06-19 10:07:56 - INFO - Epoch 170/800, Loss: 1.0882169953224134
2024-06-19 10:08:00 - INFO - Epoch 171/800, Loss: 1.0879522928898147
2024-06-19 10:08:04 - INFO - Epoch 172/800, Loss: 1.0870108033417225
2024-06-19 10:08:08 - INFO - Epoch 173/800, Loss: 1.0798395705334793
2024-06-19 10:08:12 - INFO - Epoch 174/800, Loss: 1.108257012683033
2024-06-19 10:08:16 - INFO - Epoch 175/800, Loss: 1.1196695917245694
2024-06-19 10:08:20 - INFO - Epoch 176/800, Loss: 1.0896813444366225
2024-06-19 10:08:24 - INFO - Epoch 177/800, Loss: 1.0892379991218475
2024-06-19 10:08:28 - INFO - Epoch 178/800, Loss: 1.0823046624963606
2024-06-19 10:08:32 - INFO - Epoch 179/800, Loss: 1.083668131387872
2024-06-19 10:08:36 - INFO - Epoch 180/800, Loss: 1.0844124664709123
2024-06-19 10:08:40 - INFO - Epoch 181/800, Loss: 1.0895575341834496
2024-06-19 10:08:44 - INFO - Epoch 182/800, Loss: 1.0705549974699278
2024-06-19 10:08:49 - INFO - Epoch 183/800, Loss: 1.080946786731565
2024-06-19 10:08:53 - INFO - Epoch 184/800, Loss: 1.088989711721913
2024-06-19 10:08:57 - INFO - Epoch 185/800, Loss: 1.0747397168998234
2024-06-19 10:09:01 - INFO - Epoch 186/800, Loss: 1.1023428736465413
2024-06-19 10:09:05 - INFO - Epoch 187/800, Loss: 1.1109708396784
2024-06-19 10:09:09 - INFO - Epoch 188/800, Loss: 1.0817640449828976
2024-06-19 10:09:13 - INFO - Epoch 189/800, Loss: 1.0796588299976173
2024-06-19 10:09:17 - INFO - Epoch 190/800, Loss: 1.0938211171860408
2024-06-19 10:09:21 - INFO - Epoch 191/800, Loss: 1.1030797161760892
2024-06-19 10:09:25 - INFO - Epoch 192/800, Loss: 1.1008934455083839
2024-06-19 10:09:29 - INFO - Epoch 193/800, Loss: 1.0980981859021388
2024-06-19 10:09:33 - INFO - Epoch 194/800, Loss: 1.0843531872489018
2024-06-19 10:09:37 - INFO - Epoch 195/800, Loss: 1.0773632836800957
2024-06-19 10:09:41 - INFO - Epoch 196/800, Loss: 1.090390356450304
2024-06-19 10:09:45 - INFO - Epoch 197/800, Loss: 1.0759763306845571
2024-06-19 10:09:50 - INFO - Epoch 198/800, Loss: 1.069050071852649
2024-06-19 10:09:54 - INFO - Epoch 199/800, Loss: 1.1051631947189295
2024-06-19 10:09:57 - INFO - Epoch 200/800, Loss: 1.1135650179391725
2024-06-19 10:10:02 - INFO - Epoch 201/800, Loss: 1.0911642744175931
2024-06-19 10:10:06 - INFO - Epoch 202/800, Loss: 1.074235638852297
2024-06-19 10:10:10 - INFO - Epoch 203/800, Loss: 1.084000755661481
2024-06-19 10:10:14 - INFO - Epoch 204/800, Loss: 1.1008215030256894
2024-06-19 10:10:18 - INFO - Epoch 205/800, Loss: 1.07364777892421
2024-06-19 10:10:22 - INFO - Epoch 206/800, Loss: 1.0837654417007012
2024-06-19 10:10:26 - INFO - Epoch 207/800, Loss: 1.0819588875431352
2024-06-19 10:10:30 - INFO - Epoch 208/800, Loss: 1.1344749986849527
2024-06-19 10:10:34 - INFO - Epoch 209/800, Loss: 1.2172821339903732
2024-06-19 10:10:38 - INFO - Epoch 210/800, Loss: 1.074267910055539
2024-06-19 10:10:42 - INFO - Epoch 211/800, Loss: 1.0840492990791957
2024-06-19 10:10:46 - INFO - Epoch 212/800, Loss: 1.0886955138213512
2024-06-19 10:10:50 - INFO - Epoch 213/800, Loss: 1.0880792020702421
2024-06-19 10:10:54 - INFO - Epoch 214/800, Loss: 1.074443560332259
2024-06-19 10:10:58 - INFO - Epoch 215/800, Loss: 1.0791091492404787
2024-06-19 10:11:02 - INFO - Epoch 216/800, Loss: 1.0798975426594493
2024-06-19 10:11:07 - INFO - Epoch 217/800, Loss: 1.0816876999235625
2024-06-19 10:11:11 - INFO - Epoch 218/800, Loss: 1.0867518430082848
2024-06-19 10:11:15 - INFO - Epoch 219/800, Loss: 1.0707969262895431
2024-06-19 10:11:19 - INFO - Epoch 220/800, Loss: 1.086481834049191
2024-06-19 10:11:23 - INFO - Epoch 221/800, Loss: 1.0789383466186118
2024-06-19 10:11:27 - INFO - Epoch 222/800, Loss: 1.0751601780123672
2024-06-19 10:11:31 - INFO - Epoch 223/800, Loss: 1.0871653029642256
2024-06-19 10:11:35 - INFO - Epoch 224/800, Loss: 1.0907544481312232
2024-06-19 10:11:39 - INFO - Epoch 225/800, Loss: 1.0935100114084668
2024-06-19 10:11:43 - INFO - Epoch 226/800, Loss: 1.082708207418371
2024-06-19 10:11:47 - INFO - Epoch 227/800, Loss: 1.091031911454741
2024-06-19 10:11:51 - INFO - Epoch 228/800, Loss: 1.103211098967617
2024-06-19 10:11:55 - INFO - Epoch 229/800, Loss: 1.0762060689937045
2024-06-19 10:11:59 - INFO - Epoch 230/800, Loss: 1.0944032688003549
2024-06-19 10:12:03 - INFO - Epoch 231/800, Loss: 1.0786849897143895
2024-06-19 10:12:08 - INFO - Epoch 232/800, Loss: 1.123634250877476
2024-06-19 10:12:12 - INFO - Epoch 233/800, Loss: 1.0757428029558807
2024-06-19 10:12:16 - INFO - Epoch 234/800, Loss: 1.0867781772810243
2024-06-19 10:12:20 - INFO - Epoch 235/800, Loss: 1.0761198066696496
2024-06-19 10:12:24 - INFO - Epoch 236/800, Loss: 1.0934719174979421
2024-06-19 10:12:28 - INFO - Epoch 237/800, Loss: 1.083599733254629
2024-06-19 10:12:32 - INFO - Epoch 238/800, Loss: 1.083185532475722
2024-06-19 10:12:36 - INFO - Epoch 239/800, Loss: 1.0926539207429833
2024-06-19 10:12:40 - INFO - Epoch 240/800, Loss: 1.0822923201015013
2024-06-19 10:12:44 - INFO - Epoch 241/800, Loss: 1.084948346476018
2024-06-19 10:12:48 - INFO - Epoch 242/800, Loss: 1.0706036533057965
2024-06-19 10:12:52 - INFO - Epoch 243/800, Loss: 1.0878334526647588
2024-06-19 10:12:56 - INFO - Epoch 244/800, Loss: 1.0812363676817498
2024-06-19 10:13:00 - INFO - Epoch 245/800, Loss: 1.0923360454294384
2024-06-19 10:13:04 - INFO - Epoch 246/800, Loss: 1.0850558776316266
2024-06-19 10:13:08 - INFO - Epoch 247/800, Loss: 1.0868670855833527
2024-06-19 10:13:13 - INFO - Epoch 248/800, Loss: 1.0909016697715062
2024-06-19 10:13:16 - INFO - Epoch 249/800, Loss: 1.0763741930337178
2024-06-19 10:13:21 - INFO - Epoch 250/800, Loss: 1.0828625644236236
2024-06-19 10:13:25 - INFO - Epoch 251/800, Loss: 1.0860851007756842
2024-06-19 10:13:29 - INFO - Epoch 252/800, Loss: 1.0949325372774827
2024-06-19 10:13:33 - INFO - Epoch 253/800, Loss: 1.0833048096664102
2024-06-19 10:13:37 - INFO - Epoch 254/800, Loss: 1.0786222867179371
2024-06-19 10:13:41 - INFO - Epoch 255/800, Loss: 1.0753727207033439
2024-06-19 10:13:45 - INFO - Epoch 256/800, Loss: 1.0979178616690108
2024-06-19 10:13:49 - INFO - Epoch 257/800, Loss: 1.0825751690883363
2024-06-19 10:13:53 - INFO - Epoch 258/800, Loss: 1.0812687323363288
2024-06-19 10:13:57 - INFO - Epoch 259/800, Loss: 1.0851626070926723
2024-06-19 10:14:01 - INFO - Epoch 260/800, Loss: 1.0696938495882293
2024-06-19 10:14:05 - INFO - Epoch 261/800, Loss: 1.0826236299225742
2024-06-19 10:14:09 - INFO - Epoch 262/800, Loss: 1.0805072968608687
2024-06-19 10:14:13 - INFO - Epoch 263/800, Loss: 1.0851147966407775
2024-06-19 10:14:17 - INFO - Epoch 264/800, Loss: 1.087062877060025
2024-06-19 10:14:21 - INFO - Epoch 265/800, Loss: 1.1037968664903326
2024-06-19 10:14:25 - INFO - Epoch 266/800, Loss: 1.1168226171347708
2024-06-19 10:14:30 - INFO - Epoch 267/800, Loss: 1.0975837630003862
2024-06-19 10:14:34 - INFO - Epoch 268/800, Loss: 1.119399584250398
2024-06-19 10:14:37 - INFO - Epoch 269/800, Loss: 1.096367519757767
2024-06-19 10:14:42 - INFO - Epoch 270/800, Loss: 1.0975105429940835
2024-06-19 10:14:46 - INFO - Epoch 271/800, Loss: 1.0924821876333848
2024-06-19 10:14:50 - INFO - Epoch 272/800, Loss: 1.0850119455651783
2024-06-19 10:14:54 - INFO - Epoch 273/800, Loss: 1.1120698222650283
2024-06-19 10:14:58 - INFO - Epoch 274/800, Loss: 1.0764434322221819
2024-06-19 10:15:02 - INFO - Epoch 275/800, Loss: 1.1146507247312636
2024-06-19 10:15:06 - INFO - Epoch 276/800, Loss: 1.082585907065523
2024-06-19 10:15:10 - INFO - Epoch 277/800, Loss: 1.0870259565991283
2024-06-19 10:15:14 - INFO - Epoch 278/800, Loss: 1.0769365942414832
2024-06-19 10:15:18 - INFO - Epoch 279/800, Loss: 1.0825820340612167
2024-06-19 10:15:22 - INFO - Epoch 280/800, Loss: 1.0810564406278727
2024-06-19 10:15:26 - INFO - Epoch 281/800, Loss: 1.0699423686292306
2024-06-19 10:15:30 - INFO - Epoch 282/800, Loss: 1.084514028453451
2024-06-19 10:15:34 - INFO - Epoch 283/800, Loss: 1.074613766454709
2024-06-19 10:15:38 - INFO - Epoch 284/800, Loss: 1.082050937563002
2024-06-19 10:15:42 - INFO - Epoch 285/800, Loss: 1.0702045813648164
2024-06-19 10:15:47 - INFO - Epoch 286/800, Loss: 1.1277490305386981
2024-06-19 10:15:51 - INFO - Epoch 287/800, Loss: 1.0909614712570361
2024-06-19 10:15:55 - INFO - Epoch 288/800, Loss: 1.0808572477766067
2024-06-19 10:15:59 - INFO - Epoch 289/800, Loss: 1.1029910306086996
2024-06-19 10:16:03 - INFO - Epoch 290/800, Loss: 1.0967131909980248
2024-06-19 10:16:07 - INFO - Epoch 291/800, Loss: 1.0799418561465808
2024-06-19 10:16:11 - INFO - Epoch 292/800, Loss: 1.0801090249047471
2024-06-19 10:16:15 - INFO - Epoch 293/800, Loss: 1.079872548559735
2024-06-19 10:16:19 - INFO - Epoch 294/800, Loss: 1.0848352251090456
2024-06-19 10:16:23 - INFO - Epoch 295/800, Loss: 1.0837851001374292
2024-06-19 10:16:27 - INFO - Epoch 296/800, Loss: 1.085005642305026
2024-06-19 10:16:31 - INFO - Epoch 297/800, Loss: 1.09466987950796
2024-06-19 10:16:35 - INFO - Epoch 298/800, Loss: 1.133499605036771
2024-06-19 10:16:39 - INFO - Epoch 299/800, Loss: 1.0762531705518688
2024-06-19 10:16:43 - INFO - Epoch 300/800, Loss: 1.0975261641382443
2024-06-19 10:16:47 - INFO - Epoch 301/800, Loss: 1.0849574820858146
2024-06-19 10:16:52 - INFO - Epoch 302/800, Loss: 1.0847904159235182
2024-06-19 10:16:55 - INFO - Epoch 303/800, Loss: 1.0916550352426129
2024-06-19 10:17:00 - INFO - Epoch 304/800, Loss: 1.0916411594747577
2024-06-19 10:17:04 - INFO - Epoch 305/800, Loss: 1.0972995253693927
2024-06-19 10:17:08 - INFO - Epoch 306/800, Loss: 1.096992131444592
2024-06-19 10:17:12 - INFO - Epoch 307/800, Loss: 1.0927369478436704
2024-06-19 10:17:16 - INFO - Epoch 308/800, Loss: 1.0823844998749683
2024-06-19 10:17:20 - INFO - Epoch 309/800, Loss: 1.1079680957247084
2024-06-19 10:17:24 - INFO - Epoch 310/800, Loss: 1.0914809000055474
2024-06-19 10:17:28 - INFO - Epoch 311/800, Loss: 1.1024184161428383
2024-06-19 10:17:32 - INFO - Epoch 312/800, Loss: 1.0978682058060907
2024-06-19 10:17:36 - INFO - Epoch 313/800, Loss: 1.0814984309510514
2024-06-19 10:17:40 - INFO - Epoch 314/800, Loss: 1.083479638890085
2024-06-19 10:17:44 - INFO - Epoch 315/800, Loss: 1.090866952986385
2024-06-19 10:17:48 - INFO - Epoch 316/800, Loss: 1.0811428027278076
2024-06-19 10:17:52 - INFO - Epoch 317/800, Loss: 1.1022987718357644
2024-06-19 10:17:56 - INFO - Epoch 318/800, Loss: 1.0829318758147313
2024-06-19 10:18:00 - INFO - Epoch 319/800, Loss: 1.092216416199775
2024-06-19 10:18:04 - INFO - Epoch 320/800, Loss: 1.0940930476345871
2024-06-19 10:18:09 - INFO - Epoch 321/800, Loss: 1.0783909280486368
2024-06-19 10:18:13 - INFO - Epoch 322/800, Loss: 1.079595391848831
2024-06-19 10:18:17 - INFO - Epoch 323/800, Loss: 1.0886567446185713
2024-06-19 10:18:21 - INFO - Epoch 324/800, Loss: 1.0744878560241635
2024-06-19 10:18:25 - INFO - Epoch 325/800, Loss: 1.0961913820076217
2024-06-19 10:18:29 - INFO - Epoch 326/800, Loss: 1.0790252250355656
2024-06-19 10:18:33 - INFO - Epoch 327/800, Loss: 1.0821895545145135
2024-06-19 10:18:37 - INFO - Epoch 328/800, Loss: 1.0933302174662938
2024-06-19 10:18:41 - INFO - Epoch 329/800, Loss: 1.0831322930491412
2024-06-19 10:18:45 - INFO - Epoch 330/800, Loss: 1.0846401816960383
2024-06-19 10:18:49 - INFO - Epoch 331/800, Loss: 1.078375302688114
2024-06-19 10:18:53 - INFO - Epoch 332/800, Loss: 1.0837742020134162
2024-06-19 10:18:57 - INFO - Epoch 333/800, Loss: 1.0882028008786537
2024-06-19 10:19:01 - INFO - Epoch 334/800, Loss: 1.1414615657491538
2024-06-19 10:19:05 - INFO - Epoch 335/800, Loss: 1.1136437868174196
2024-06-19 10:19:09 - INFO - Epoch 336/800, Loss: 1.0839460475479805
2024-06-19 10:19:13 - INFO - Epoch 337/800, Loss: 1.109875610178385
2024-06-19 10:19:17 - INFO - Epoch 338/800, Loss: 1.0786245085669819
2024-06-19 10:19:22 - INFO - Epoch 339/800, Loss: 1.106447593156736
2024-06-19 10:19:26 - INFO - Epoch 340/800, Loss: 1.0783781979698555
2024-06-19 10:19:30 - INFO - Epoch 341/800, Loss: 1.127083368869749
2024-06-19 10:19:34 - INFO - Epoch 342/800, Loss: 1.0821760881560836
2024-06-19 10:19:38 - INFO - Epoch 343/800, Loss: 1.1008403947214271
2024-06-19 10:19:42 - INFO - Epoch 344/800, Loss: 1.0977925072465036
2024-06-19 10:19:46 - INFO - Epoch 345/800, Loss: 1.0954308658659468
2024-06-19 10:19:50 - INFO - Epoch 346/800, Loss: 1.0717036098209451
2024-06-19 10:19:54 - INFO - Epoch 347/800, Loss: 1.0841451523801366
2024-06-19 10:19:58 - INFO - Epoch 348/800, Loss: 1.1007132105817523
2024-06-19 10:20:02 - INFO - Epoch 349/800, Loss: 1.1078461300106799
2024-06-19 10:20:06 - INFO - Epoch 350/800, Loss: 1.0761344170312896
2024-06-19 10:20:10 - INFO - Epoch 351/800, Loss: 1.091470326500534
2024-06-19 10:20:14 - INFO - Epoch 352/800, Loss: 1.0945540843681025
2024-06-19 10:20:18 - INFO - Epoch 353/800, Loss: 1.0838395732926285
2024-06-19 10:20:22 - INFO - Epoch 354/800, Loss: 1.1559270396041064
2024-06-19 10:20:27 - INFO - Epoch 355/800, Loss: 1.088552455276525
2024-06-19 10:20:31 - INFO - Epoch 356/800, Loss: 1.118883554979458
2024-06-19 10:20:35 - INFO - Epoch 357/800, Loss: 1.0842698185684054
2024-06-19 10:20:39 - INFO - Epoch 358/800, Loss: 1.1725914916354079
2024-06-19 10:20:43 - INFO - Epoch 359/800, Loss: 1.0878249866118752
2024-06-19 10:20:47 - INFO - Epoch 360/800, Loss: 1.0863780954396218
2024-06-19 10:20:51 - INFO - Epoch 361/800, Loss: 1.0754161174927674
2024-06-19 10:20:55 - INFO - Epoch 362/800, Loss: 1.0800033977498846
2024-06-19 10:20:59 - INFO - Epoch 363/800, Loss: 1.0897355210705488
2024-06-19 10:21:03 - INFO - Epoch 364/800, Loss: 1.1630007673941927
2024-06-19 10:21:07 - INFO - Epoch 365/800, Loss: 1.0780907087677254
2024-06-19 10:21:11 - INFO - Epoch 366/800, Loss: 1.0867162466178615
2024-06-19 10:21:15 - INFO - Epoch 367/800, Loss: 1.1139926006709375
2024-06-19 10:21:19 - INFO - Epoch 368/800, Loss: 1.0747889640719392
2024-06-19 10:21:23 - INFO - Epoch 369/800, Loss: 1.0967338276988376
2024-06-19 10:21:28 - INFO - Epoch 370/800, Loss: 1.098899030534208
2024-06-19 10:21:32 - INFO - Epoch 371/800, Loss: 1.0937930845368298
2024-06-19 10:21:36 - INFO - Epoch 372/800, Loss: 1.0801176301282267
2024-06-19 10:21:40 - INFO - Epoch 373/800, Loss: 1.093300638086598
2024-06-19 10:21:44 - INFO - Epoch 374/800, Loss: 1.0848764135703912
2024-06-19 10:21:48 - INFO - Epoch 375/800, Loss: 1.109700787183891
2024-06-19 10:21:52 - INFO - Epoch 376/800, Loss: 1.0796379568263343
2024-06-19 10:21:56 - INFO - Epoch 377/800, Loss: 1.1189824212694786
2024-06-19 10:22:00 - INFO - Epoch 378/800, Loss: 1.104936414245578
2024-06-19 10:22:04 - INFO - Epoch 379/800, Loss: 1.0763625808119344
2024-06-19 10:22:08 - INFO - Epoch 380/800, Loss: 1.1161145445932819
2024-06-19 10:22:12 - INFO - Epoch 381/800, Loss: 1.089886819115435
2024-06-19 10:22:16 - INFO - Epoch 382/800, Loss: 1.099134111743635
2024-06-19 10:22:20 - INFO - Epoch 383/800, Loss: 1.0936281704560709
2024-06-19 10:22:24 - INFO - Epoch 384/800, Loss: 1.0766650389537873
2024-06-19 10:22:28 - INFO - Epoch 385/800, Loss: 1.0785764374362967
2024-06-19 10:22:32 - INFO - Epoch 386/800, Loss: 1.0885416907853014
2024-06-19 10:22:36 - INFO - Epoch 387/800, Loss: 1.091310779957504
2024-06-19 10:22:40 - INFO - Epoch 388/800, Loss: 1.0854752496149696
2024-06-19 10:22:45 - INFO - Epoch 389/800, Loss: 1.1551358609000353
2024-06-19 10:22:49 - INFO - Epoch 390/800, Loss: 1.086721325045306
2024-06-19 10:22:53 - INFO - Epoch 391/800, Loss: 1.0910594113846723
2024-06-19 10:22:57 - INFO - Epoch 392/800, Loss: 1.08690305250957
2024-06-19 10:23:01 - INFO - Epoch 393/800, Loss: 1.0865860284924418
2024-06-19 10:23:05 - INFO - Epoch 394/800, Loss: 1.0793422788873712
2024-06-19 10:23:09 - INFO - Epoch 395/800, Loss: 1.0855146063327055
2024-06-19 10:23:13 - INFO - Epoch 396/800, Loss: 1.0972159895159355
2024-06-19 10:23:17 - INFO - Epoch 397/800, Loss: 1.081232282173483
2024-06-19 10:23:21 - INFO - Epoch 398/800, Loss: 1.0826095702695708
2024-06-19 10:23:25 - INFO - Epoch 399/800, Loss: 1.077289505632501
2024-06-19 10:23:29 - INFO - Epoch 400/800, Loss: 1.0937695064433512
2024-06-19 10:23:33 - INFO - Epoch 401/800, Loss: 1.0866286899864888
2024-06-19 10:23:37 - INFO - Epoch 402/800, Loss: 1.090216971282911
2024-06-19 10:23:41 - INFO - Epoch 403/800, Loss: 1.0941308457663002
2024-06-19 10:23:46 - INFO - Epoch 404/800, Loss: 1.0803875134955896
2024-06-19 10:23:50 - INFO - Epoch 405/800, Loss: 1.0912919731679886
2024-06-19 10:23:54 - INFO - Epoch 406/800, Loss: 1.102831485567621
2024-06-19 10:23:58 - INFO - Epoch 407/800, Loss: 1.1152482041971499
2024-06-19 10:24:02 - INFO - Epoch 408/800, Loss: 1.0805799548036472
2024-06-19 10:24:06 - INFO - Epoch 409/800, Loss: 1.1092204871051523
2024-06-19 10:24:10 - INFO - Epoch 410/800, Loss: 1.080033345315383
2024-06-19 10:24:14 - INFO - Epoch 411/800, Loss: 1.0795322377629555
2024-06-19 10:24:18 - INFO - Epoch 412/800, Loss: 1.0932616345249349
2024-06-19 10:24:22 - INFO - Epoch 413/800, Loss: 1.0801950526178907
2024-06-19 10:24:26 - INFO - Epoch 414/800, Loss: 1.07986740028645
2024-06-19 10:24:30 - INFO - Epoch 415/800, Loss: 1.0959438076496641
2024-06-19 10:24:34 - INFO - Epoch 416/800, Loss: 1.0841901198052508
2024-06-19 10:24:38 - INFO - Epoch 417/800, Loss: 1.0731441922463265
2024-06-19 10:24:42 - INFO - Epoch 418/800, Loss: 1.0992153311353379
2024-06-19 10:24:46 - INFO - Epoch 419/800, Loss: 1.1122194769096254
2024-06-19 10:24:51 - INFO - Epoch 420/800, Loss: 1.0804363419196175
2024-06-19 10:24:54 - INFO - Epoch 421/800, Loss: 1.0813066190491063
2024-06-19 10:24:59 - INFO - Epoch 422/800, Loss: 1.0799341922548524
2024-06-19 10:25:03 - INFO - Epoch 423/800, Loss: 1.069406238080951
2024-06-19 10:25:07 - INFO - Epoch 424/800, Loss: 1.1127036839824058
2024-06-19 10:25:11 - INFO - Epoch 425/800, Loss: 1.0808435480742173
2024-06-19 10:25:15 - INFO - Epoch 426/800, Loss: 1.0909884188503656
2024-06-19 10:25:19 - INFO - Epoch 427/800, Loss: 1.089623412679423
2024-06-19 10:25:23 - INFO - Epoch 428/800, Loss: 1.0875262249116182
2024-06-19 10:25:27 - INFO - Epoch 429/800, Loss: 1.0707321272537467
2024-06-19 10:25:31 - INFO - Epoch 430/800, Loss: 1.0882558720015532
2024-06-19 10:25:35 - INFO - Epoch 431/800, Loss: 1.1071068862255462
2024-06-19 10:25:39 - INFO - Epoch 432/800, Loss: 1.0787733525495844
2024-06-19 10:25:43 - INFO - Epoch 433/800, Loss: 1.0825604781185747
2024-06-19 10:25:47 - INFO - Epoch 434/800, Loss: 1.085618157651341
2024-06-19 10:25:51 - INFO - Epoch 435/800, Loss: 1.1399247506626482
2024-06-19 10:25:55 - INFO - Epoch 436/800, Loss: 1.1505068913744991
2024-06-19 10:25:59 - INFO - Epoch 437/800, Loss: 1.0819823471834085
2024-06-19 10:26:04 - INFO - Epoch 438/800, Loss: 1.0848876927404512
2024-06-19 10:26:08 - INFO - Epoch 439/800, Loss: 1.0809300432245526
2024-06-19 10:26:12 - INFO - Epoch 440/800, Loss: 1.088983747558753
2024-06-19 10:26:16 - INFO - Epoch 441/800, Loss: 1.081391478257822
2024-06-19 10:26:20 - INFO - Epoch 442/800, Loss: 1.0918332487063764
2024-06-19 10:26:24 - INFO - Epoch 443/800, Loss: 1.0983361911721914
2024-06-19 10:26:28 - INFO - Epoch 444/800, Loss: 1.0865369943419658
2024-06-19 10:26:32 - INFO - Epoch 445/800, Loss: 1.0794546796174658
2024-06-19 10:26:36 - INFO - Epoch 446/800, Loss: 1.0707368637778325
2024-06-19 10:26:40 - INFO - Epoch 447/800, Loss: 1.0977884815404173
2024-06-19 10:26:44 - INFO - Epoch 448/800, Loss: 1.0678426183657568
2024-06-19 10:26:48 - INFO - Epoch 449/800, Loss: 1.1230339540235588
2024-06-19 10:26:52 - INFO - Epoch 450/800, Loss: 1.0777448763486883
2024-06-19 10:26:56 - INFO - Epoch 451/800, Loss: 1.0870402566392547
2024-06-19 10:27:00 - INFO - Epoch 452/800, Loss: 1.1067119733680078
2024-06-19 10:27:04 - INFO - Epoch 453/800, Loss: 1.086012322026303
2024-06-19 10:27:09 - INFO - Epoch 454/800, Loss: 1.076807859577279
2024-06-19 10:27:13 - INFO - Epoch 455/800, Loss: 1.077394994257055
2024-06-19 10:27:17 - INFO - Epoch 456/800, Loss: 1.0959737512916983
2024-06-19 10:27:21 - INFO - Epoch 457/800, Loss: 1.0804721413527303
2024-06-19 10:27:25 - INFO - Epoch 458/800, Loss: 1.1225471242612637
2024-06-19 10:27:29 - INFO - Epoch 459/800, Loss: 1.1016172306495806
2024-06-19 10:27:33 - INFO - Epoch 460/800, Loss: 1.0922293516916721
2024-06-19 10:27:37 - INFO - Epoch 461/800, Loss: 1.093476154372921
2024-06-19 10:27:41 - INFO - Epoch 462/800, Loss: 1.0943400117167268
2024-06-19 10:27:45 - INFO - Epoch 463/800, Loss: 1.0925401459897657
2024-06-19 10:27:49 - INFO - Epoch 464/800, Loss: 1.0792399128670898
2024-06-19 10:27:53 - INFO - Epoch 465/800, Loss: 1.0994138695036955
2024-06-19 10:27:57 - INFO - Epoch 466/800, Loss: 1.0889399825154111
2024-06-19 10:28:01 - INFO - Epoch 467/800, Loss: 1.1115502627003118
2024-06-19 10:28:05 - INFO - Epoch 468/800, Loss: 1.101515199240872
2024-06-19 10:28:09 - INFO - Epoch 469/800, Loss: 1.084788702629708
2024-06-19 10:28:13 - INFO - Epoch 470/800, Loss: 1.0774932405341182
2024-06-19 10:28:17 - INFO - Epoch 471/800, Loss: 1.089916519059923
2024-06-19 10:28:22 - INFO - Epoch 472/800, Loss: 1.0833802124710261
2024-06-19 10:28:26 - INFO - Epoch 473/800, Loss: 1.0829440235349153
2024-06-19 10:28:30 - INFO - Epoch 474/800, Loss: 1.1109158632094693
2024-06-19 10:28:34 - INFO - Epoch 475/800, Loss: 1.0864796073571197
2024-06-19 10:28:38 - INFO - Epoch 476/800, Loss: 1.0803326056566342
2024-06-19 10:28:42 - INFO - Epoch 477/800, Loss: 1.0877699663888236
2024-06-19 10:28:46 - INFO - Epoch 478/800, Loss: 1.1061623768665867
2024-06-19 10:28:50 - INFO - Epoch 479/800, Loss: 1.1087249613688281
2024-06-19 10:28:54 - INFO - Epoch 480/800, Loss: 1.0715322074096725
2024-06-19 10:28:58 - INFO - Epoch 481/800, Loss: 1.1357830891806182
2024-06-19 10:29:02 - INFO - Epoch 482/800, Loss: 1.0865082536981512
2024-06-19 10:29:06 - INFO - Epoch 483/800, Loss: 1.083522923162587
2024-06-19 10:29:10 - INFO - Epoch 484/800, Loss: 1.0793222688714488
2024-06-19 10:29:14 - INFO - Epoch 485/800, Loss: 1.0873368753922898
2024-06-19 10:29:18 - INFO - Epoch 486/800, Loss: 1.1279651393591217
2024-06-19 10:29:22 - INFO - Epoch 487/800, Loss: 1.0839084367072007
2024-06-19 10:29:27 - INFO - Epoch 488/800, Loss: 1.075110120838979
2024-06-19 10:29:31 - INFO - Epoch 489/800, Loss: 1.0837346397190868
2024-06-19 10:29:35 - INFO - Epoch 490/800, Loss: 1.0869233417794348
2024-06-19 10:29:39 - INFO - Epoch 491/800, Loss: 1.1119643301086748
2024-06-19 10:29:43 - INFO - Epoch 492/800, Loss: 1.0968566888823155
2024-06-19 10:29:47 - INFO - Epoch 493/800, Loss: 1.0937036488691156
2024-06-19 10:29:51 - INFO - Epoch 494/800, Loss: 1.078333942530925
2024-06-19 10:29:55 - INFO - Epoch 495/800, Loss: 1.0902860334522895
2024-06-19 10:29:59 - INFO - Epoch 496/800, Loss: 1.0992282068625183
2024-06-19 10:30:03 - INFO - Epoch 497/800, Loss: 1.1031366616860436
2024-06-19 10:30:07 - INFO - Epoch 498/800, Loss: 1.1255437019831602
2024-06-19 10:30:11 - INFO - Epoch 499/800, Loss: 1.087503223540163
2024-06-19 10:30:15 - INFO - Epoch 500/800, Loss: 1.0790819714637587
2024-06-19 10:30:19 - INFO - Epoch 501/800, Loss: 1.083675106044061
2024-06-19 10:30:23 - INFO - Epoch 502/800, Loss: 1.0780304570748707
2024-06-19 10:30:27 - INFO - Epoch 503/800, Loss: 1.077953204142217
2024-06-19 10:30:31 - INFO - Epoch 504/800, Loss: 1.0919091346488532
2024-06-19 10:30:35 - INFO - Epoch 505/800, Loss: 1.0795674142847878
2024-06-19 10:30:39 - INFO - Epoch 506/800, Loss: 1.0861452259981157
2024-06-19 10:30:44 - INFO - Epoch 507/800, Loss: 1.0789614130201275
2024-06-19 10:30:48 - INFO - Epoch 508/800, Loss: 1.1166736183694537
2024-06-19 10:30:52 - INFO - Epoch 509/800, Loss: 1.0900640349055446
2024-06-19 10:30:56 - INFO - Epoch 510/800, Loss: 1.0922335599444333
2024-06-19 10:31:00 - INFO - Epoch 511/800, Loss: 1.07951781007741
2024-06-19 10:31:04 - INFO - Epoch 512/800, Loss: 1.0915862424367768
2024-06-19 10:31:08 - INFO - Epoch 513/800, Loss: 1.0910992786159692
2024-06-19 10:31:12 - INFO - Epoch 514/800, Loss: 1.094034867908987
2024-06-19 10:31:16 - INFO - Epoch 515/800, Loss: 1.0918484433406652
2024-06-19 10:31:20 - INFO - Epoch 516/800, Loss: 1.0955257160473835
2024-06-19 10:31:24 - INFO - Epoch 517/800, Loss: 1.094356083691471
2024-06-19 10:31:28 - INFO - Epoch 518/800, Loss: 1.0939673066588784
2024-06-19 10:31:32 - INFO - Epoch 519/800, Loss: 1.085107535997409
2024-06-19 10:31:36 - INFO - Epoch 520/800, Loss: 1.0789442583326816
2024-06-19 10:31:40 - INFO - Epoch 521/800, Loss: 1.09698771554452
2024-06-19 10:31:45 - INFO - Epoch 522/800, Loss: 1.0808435530466636
2024-06-19 10:31:49 - INFO - Epoch 523/800, Loss: 1.0795707882257823
2024-06-19 10:31:53 - INFO - Epoch 524/800, Loss: 1.0954256538159302
2024-06-19 10:31:57 - INFO - Epoch 525/800, Loss: 1.0818002666379989
2024-06-19 10:32:01 - INFO - Epoch 526/800, Loss: 1.0967967540534875
2024-06-19 10:32:05 - INFO - Epoch 527/800, Loss: 1.1001556743574745
2024-06-19 10:32:09 - INFO - Epoch 528/800, Loss: 1.1113674570905039
2024-06-19 10:32:13 - INFO - Epoch 529/800, Loss: 1.0856570073668803
2024-06-19 10:32:17 - INFO - Epoch 530/800, Loss: 1.0891225445196293
2024-06-19 10:32:21 - INFO - Epoch 531/800, Loss: 1.0900756820774944
2024-06-19 10:32:25 - INFO - Epoch 532/800, Loss: 1.0754493752804275
2024-06-19 10:32:29 - INFO - Epoch 533/800, Loss: 1.1011745433631361
2024-06-19 10:32:33 - INFO - Epoch 534/800, Loss: 1.082997924157207
2024-06-19 10:32:37 - INFO - Epoch 535/800, Loss: 1.107541416156061
2024-06-19 10:32:41 - INFO - Epoch 536/800, Loss: 1.077625399820805
2024-06-19 10:32:45 - INFO - Epoch 537/800, Loss: 1.0858416960659139
2024-06-19 10:32:50 - INFO - Epoch 538/800, Loss: 1.0913437573979645
2024-06-19 10:32:53 - INFO - Epoch 539/800, Loss: 1.0893221883547388
2024-06-19 10:32:57 - INFO - Epoch 540/800, Loss: 1.079613043835392
2024-06-19 10:33:02 - INFO - Epoch 541/800, Loss: 1.0834363461235552
2024-06-19 10:33:06 - INFO - Epoch 542/800, Loss: 1.0919793186497806
2024-06-19 10:33:10 - INFO - Epoch 543/800, Loss: 1.0870591553951847
2024-06-19 10:33:14 - INFO - Epoch 544/800, Loss: 1.0764685898642903
2024-06-19 10:33:18 - INFO - Epoch 545/800, Loss: 1.0795139117034107
2024-06-19 10:33:22 - INFO - Epoch 546/800, Loss: 1.080654935873302
2024-06-19 10:33:26 - INFO - Epoch 547/800, Loss: 1.0991599345968748
2024-06-19 10:33:30 - INFO - Epoch 548/800, Loss: 1.1018519837967593
2024-06-19 10:33:34 - INFO - Epoch 549/800, Loss: 1.0914022330181727
2024-06-19 10:33:38 - INFO - Epoch 550/800, Loss: 1.083907362345484
2024-06-19 10:33:42 - INFO - Epoch 551/800, Loss: 1.0762937945383944
2024-06-19 10:33:46 - INFO - Epoch 552/800, Loss: 1.0901148494982895
2024-06-19 10:33:50 - INFO - Epoch 553/800, Loss: 1.1073845844733075
2024-06-19 10:33:54 - INFO - Epoch 554/800, Loss: 1.1393689437700227
2024-06-19 10:33:58 - INFO - Epoch 555/800, Loss: 1.0832533761096896
2024-06-19 10:34:03 - INFO - Epoch 556/800, Loss: 1.0944716655542548
2024-06-19 10:34:07 - INFO - Epoch 557/800, Loss: 1.08903167473712
2024-06-19 10:34:11 - INFO - Epoch 558/800, Loss: 1.101970990305866
2024-06-19 10:34:15 - INFO - Epoch 559/800, Loss: 1.1360366675630447
2024-06-19 10:34:19 - INFO - Epoch 560/800, Loss: 1.0743886492578079
2024-06-19 10:34:23 - INFO - Epoch 561/800, Loss: 1.0790095934356445
2024-06-19 10:34:27 - INFO - Epoch 562/800, Loss: 1.0924173497477978
2024-06-19 10:34:31 - INFO - Epoch 563/800, Loss: 1.0874912837159123
2024-06-19 10:34:35 - INFO - Epoch 564/800, Loss: 1.1076816833534893
2024-06-19 10:34:39 - INFO - Epoch 565/800, Loss: 1.0876882230409262
2024-06-19 10:34:43 - INFO - Epoch 566/800, Loss: 1.082659753634108
2024-06-19 10:34:47 - INFO - Epoch 567/800, Loss: 1.0825331597169885
2024-06-19 10:34:51 - INFO - Epoch 568/800, Loss: 1.1026783695419027
2024-06-19 10:34:55 - INFO - Epoch 569/800, Loss: 1.0858172712567997
2024-06-19 10:34:59 - INFO - Epoch 570/800, Loss: 1.0869973514885312
2024-06-19 10:35:04 - INFO - Epoch 571/800, Loss: 1.1518076381392632
2024-06-19 10:35:08 - INFO - Epoch 572/800, Loss: 1.0899881364774597
2024-06-19 10:35:12 - INFO - Epoch 573/800, Loss: 1.0821441352030228
2024-06-19 10:35:16 - INFO - Epoch 574/800, Loss: 1.0758961598148795
2024-06-19 10:35:20 - INFO - Epoch 575/800, Loss: 1.0902122313632576
2024-06-19 10:35:24 - INFO - Epoch 576/800, Loss: 1.0772080447127375
2024-06-19 10:35:28 - INFO - Epoch 577/800, Loss: 1.0947604096689862
2024-06-19 10:35:32 - INFO - Epoch 578/800, Loss: 1.0878504673948723
2024-06-19 10:35:36 - INFO - Epoch 579/800, Loss: 1.1030472630221846
2024-06-19 10:35:40 - INFO - Epoch 580/800, Loss: 1.1027299844634908
2024-06-19 10:35:44 - INFO - Epoch 581/800, Loss: 1.0754418063113351
2024-06-19 10:35:48 - INFO - Epoch 582/800, Loss: 1.0789399418747225
2024-06-19 10:35:52 - INFO - Epoch 583/800, Loss: 1.098653940505746
2024-06-19 10:35:56 - INFO - Epoch 584/800, Loss: 1.10654357422911
2024-06-19 10:36:00 - INFO - Epoch 585/800, Loss: 1.0717173474705919
2024-06-19 10:36:04 - INFO - Epoch 586/800, Loss: 1.0862728645240134
2024-06-19 10:36:09 - INFO - Epoch 587/800, Loss: 1.1084360252563683
2024-06-19 10:36:13 - INFO - Epoch 588/800, Loss: 1.0795156987699317
2024-06-19 10:36:17 - INFO - Epoch 589/800, Loss: 1.082051056990262
2024-06-19 10:36:21 - INFO - Epoch 590/800, Loss: 1.0901900447032757
2024-06-19 10:36:25 - INFO - Epoch 591/800, Loss: 1.0919854414816563
2024-06-19 10:36:29 - INFO - Epoch 592/800, Loss: 1.0870487106901516
2024-06-19 10:36:33 - INFO - Epoch 593/800, Loss: 1.1032601265585509
2024-06-19 10:36:37 - INFO - Epoch 594/800, Loss: 1.101562458023699
2024-06-19 10:36:41 - INFO - Epoch 595/800, Loss: 1.0904305473776328
2024-06-19 10:36:45 - INFO - Epoch 596/800, Loss: 1.0918778947582042
2024-06-19 10:36:49 - INFO - Epoch 597/800, Loss: 1.0831818139850735
2024-06-19 10:36:53 - INFO - Epoch 598/800, Loss: 1.0842081177991416
2024-06-19 10:36:57 - INFO - Epoch 599/800, Loss: 1.11482672896101
2024-06-19 10:37:01 - INFO - Epoch 600/800, Loss: 1.08726263763523
2024-06-19 10:37:05 - INFO - Epoch 601/800, Loss: 1.09719382804514
2024-06-19 10:37:10 - INFO - Epoch 602/800, Loss: 1.0964327186770075
2024-06-19 10:37:13 - INFO - Epoch 603/800, Loss: 1.1490438998300656
2024-06-19 10:37:18 - INFO - Epoch 604/800, Loss: 1.0791697928404291
2024-06-19 10:37:22 - INFO - Epoch 605/800, Loss: 1.0719419897954727
2024-06-19 10:37:26 - INFO - Epoch 606/800, Loss: 1.0959913010774602
2024-06-19 10:37:30 - INFO - Epoch 607/800, Loss: 1.1054348185446445
2024-06-19 10:37:34 - INFO - Epoch 608/800, Loss: 1.0792630915505281
2024-06-19 10:37:38 - INFO - Epoch 609/800, Loss: 1.0833083838573503
2024-06-19 10:37:42 - INFO - Epoch 610/800, Loss: 1.0989639122522488
2024-06-19 10:37:46 - INFO - Epoch 611/800, Loss: 1.0806980796026766
2024-06-19 10:37:50 - INFO - Epoch 612/800, Loss: 1.084358505811441
2024-06-19 10:37:54 - INFO - Epoch 613/800, Loss: 1.0862908247818055
2024-06-19 10:37:58 - INFO - Epoch 614/800, Loss: 1.0794898050695507
2024-06-19 10:38:02 - INFO - Epoch 615/800, Loss: 1.1279966707781623
2024-06-19 10:38:06 - INFO - Epoch 616/800, Loss: 1.077956015869833
2024-06-19 10:38:10 - INFO - Epoch 617/800, Loss: 1.1572561038745404
2024-06-19 10:38:14 - INFO - Epoch 618/800, Loss: 1.0933826195703944
2024-06-19 10:38:18 - INFO - Epoch 619/800, Loss: 1.0847491446130446
2024-06-19 10:38:23 - INFO - Epoch 620/800, Loss: 1.0915568722472124
2024-06-19 10:38:27 - INFO - Epoch 621/800, Loss: 1.0798974990040962
2024-06-19 10:38:31 - INFO - Epoch 622/800, Loss: 1.0891842624268038
2024-06-19 10:38:35 - INFO - Epoch 623/800, Loss: 1.0827864534915785
2024-06-19 10:38:39 - INFO - Epoch 624/800, Loss: 1.0899931564377918
2024-06-19 10:38:43 - INFO - Epoch 625/800, Loss: 1.0790237037394839
2024-06-19 10:38:47 - INFO - Epoch 626/800, Loss: 1.087456111519427
2024-06-19 10:38:51 - INFO - Epoch 627/800, Loss: 1.0740941843368839
2024-06-19 10:38:55 - INFO - Epoch 628/800, Loss: 1.0865591796157932
2024-06-19 10:38:59 - INFO - Epoch 629/800, Loss: 1.0873114479098291
2024-06-19 10:39:03 - INFO - Epoch 630/800, Loss: 1.0932297937380002
2024-06-19 10:39:07 - INFO - Epoch 631/800, Loss: 1.077199194473673
2024-06-19 10:39:11 - INFO - Epoch 632/800, Loss: 1.0856226569999594
2024-06-19 10:39:15 - INFO - Epoch 633/800, Loss: 1.1053841348600608
2024-06-19 10:39:19 - INFO - Epoch 634/800, Loss: 1.0855598914256117
2024-06-19 10:39:23 - INFO - Epoch 635/800, Loss: 1.07781386274616
2024-06-19 10:39:28 - INFO - Epoch 636/800, Loss: 1.1016885172870525
2024-06-19 10:39:32 - INFO - Epoch 637/800, Loss: 1.0917201816446473
2024-06-19 10:39:35 - INFO - Epoch 638/800, Loss: 1.0850985126422885
2024-06-19 10:39:40 - INFO - Epoch 639/800, Loss: 1.1118077703914835
2024-06-19 10:39:44 - INFO - Epoch 640/800, Loss: 1.0959852684512084
2024-06-19 10:39:48 - INFO - Epoch 641/800, Loss: 1.0802286983483125
2024-06-19 10:39:52 - INFO - Epoch 642/800, Loss: 1.081210613829716
2024-06-19 10:39:56 - INFO - Epoch 643/800, Loss: 1.0976187813166898
2024-06-19 10:40:00 - INFO - Epoch 644/800, Loss: 1.0815887513633973
2024-06-19 10:40:04 - INFO - Epoch 645/800, Loss: 1.0819072223351305
2024-06-19 10:40:08 - INFO - Epoch 646/800, Loss: 1.0762097017811774
2024-06-19 10:40:12 - INFO - Epoch 647/800, Loss: 1.0932235431925896
2024-06-19 10:40:16 - INFO - Epoch 648/800, Loss: 1.091589340897439
2024-06-19 10:40:20 - INFO - Epoch 649/800, Loss: 1.121501188279288
2024-06-19 10:40:24 - INFO - Epoch 650/800, Loss: 1.106391026070374
2024-06-19 10:40:28 - INFO - Epoch 651/800, Loss: 1.1328448470773222
2024-06-19 10:40:32 - INFO - Epoch 652/800, Loss: 1.0919711267012921
2024-06-19 10:40:36 - INFO - Epoch 653/800, Loss: 1.0793554724219812
2024-06-19 10:40:41 - INFO - Epoch 654/800, Loss: 1.0917182430206902
2024-06-19 10:40:45 - INFO - Epoch 655/800, Loss: 1.0956885066688227
2024-06-19 10:40:49 - INFO - Epoch 656/800, Loss: 1.0837875064880695
2024-06-19 10:40:53 - INFO - Epoch 657/800, Loss: 1.0762452696822082
2024-06-19 10:40:57 - INFO - Epoch 658/800, Loss: 1.0910626128907681
2024-06-19 10:41:01 - INFO - Epoch 659/800, Loss: 1.0867823561963528
2024-06-19 10:41:05 - INFO - Epoch 660/800, Loss: 1.0909556174992112
2024-06-19 10:41:09 - INFO - Epoch 661/800, Loss: 1.0781372539534322
2024-06-19 10:41:13 - INFO - Epoch 662/800, Loss: 1.1157065858691633
2024-06-19 10:41:17 - INFO - Epoch 663/800, Loss: 1.088019303363171
2024-06-19 10:41:21 - INFO - Epoch 664/800, Loss: 1.1119689566361197
2024-06-19 10:41:25 - INFO - Epoch 665/800, Loss: 1.08258153488892
2024-06-19 10:41:29 - INFO - Epoch 666/800, Loss: 1.1160471407892119
2024-06-19 10:41:33 - INFO - Epoch 667/800, Loss: 1.0895640740605206
2024-06-19 10:41:37 - INFO - Epoch 668/800, Loss: 1.0851335882779551
2024-06-19 10:41:41 - INFO - Epoch 669/800, Loss: 1.0741017594023314
2024-06-19 10:41:46 - INFO - Epoch 670/800, Loss: 1.090141249414131
2024-06-19 10:41:50 - INFO - Epoch 671/800, Loss: 1.1037678058866323
2024-06-19 10:41:54 - INFO - Epoch 672/800, Loss: 1.0801473862749802
2024-06-19 10:41:58 - INFO - Epoch 673/800, Loss: 1.0813677711668277
2024-06-19 10:42:02 - INFO - Epoch 674/800, Loss: 1.0911142315757485
2024-06-19 10:42:06 - INFO - Epoch 675/800, Loss: 1.1012238011238378
2024-06-19 10:42:10 - INFO - Epoch 676/800, Loss: 1.0795078133352893
2024-06-19 10:42:14 - INFO - Epoch 677/800, Loss: 1.0757122371790853
2024-06-19 10:42:18 - INFO - Epoch 678/800, Loss: 1.0875567717658718
2024-06-19 10:42:22 - INFO - Epoch 679/800, Loss: 1.0874944598012282
2024-06-19 10:42:26 - INFO - Epoch 680/800, Loss: 1.113544981569285
2024-06-19 10:42:30 - INFO - Epoch 681/800, Loss: 1.1137918518663208
2024-06-19 10:42:34 - INFO - Epoch 682/800, Loss: 1.0734035384824607
2024-06-19 10:42:38 - INFO - Epoch 683/800, Loss: 1.0760436752552127
2024-06-19 10:42:42 - INFO - Epoch 684/800, Loss: 1.1179331333444742
2024-06-19 10:42:47 - INFO - Epoch 685/800, Loss: 1.086008110759422
2024-06-19 10:42:51 - INFO - Epoch 686/800, Loss: 1.08606986286749
2024-06-19 10:42:55 - INFO - Epoch 687/800, Loss: 1.0877719496898697
2024-06-19 10:42:59 - INFO - Epoch 688/800, Loss: 1.0850972913822496
2024-06-19 10:43:03 - INFO - Epoch 689/800, Loss: 1.0737262438191093
2024-06-19 10:43:07 - INFO - Epoch 690/800, Loss: 1.097690989859315
2024-06-19 10:43:11 - INFO - Epoch 691/800, Loss: 1.1021918090545997
2024-06-19 10:43:15 - INFO - Epoch 692/800, Loss: 1.0756843889463248
2024-06-19 10:43:19 - INFO - Epoch 693/800, Loss: 1.0921130384229183
2024-06-19 10:43:23 - INFO - Epoch 694/800, Loss: 1.074842225653152
2024-06-19 10:43:27 - INFO - Epoch 695/800, Loss: 1.0961681015457019
2024-06-19 10:43:31 - INFO - Epoch 696/800, Loss: 1.1059835911696247
2024-06-19 10:43:35 - INFO - Epoch 697/800, Loss: 1.0811081747144748
2024-06-19 10:43:39 - INFO - Epoch 698/800, Loss: 1.0960084631963292
2024-06-19 10:43:43 - INFO - Epoch 699/800, Loss: 1.0728816441226487
2024-06-19 10:43:48 - INFO - Epoch 700/800, Loss: 1.0908966068131374
2024-06-19 10:43:52 - INFO - Epoch 701/800, Loss: 1.1002618227677443
2024-06-19 10:43:55 - INFO - Epoch 702/800, Loss: 1.0972883167024898
2024-06-19 10:44:00 - INFO - Epoch 703/800, Loss: 1.078643028701784
2024-06-19 10:44:04 - INFO - Epoch 704/800, Loss: 1.0920383923258496
2024-06-19 10:44:08 - INFO - Epoch 705/800, Loss: 1.0794844858905641
2024-06-19 10:44:12 - INFO - Epoch 706/800, Loss: 1.0683471090173349
2024-06-19 10:44:16 - INFO - Epoch 707/800, Loss: 1.0858328129508061
2024-06-19 10:44:20 - INFO - Epoch 708/800, Loss: 1.0914619538002195
2024-06-19 10:44:24 - INFO - Epoch 709/800, Loss: 1.0771272540003918
2024-06-19 10:44:28 - INFO - Epoch 710/800, Loss: 1.0938319090018782
2024-06-19 10:44:32 - INFO - Epoch 711/800, Loss: 1.0823705125369996
2024-06-19 10:44:36 - INFO - Epoch 712/800, Loss: 1.0754367478690374
2024-06-19 10:44:40 - INFO - Epoch 713/800, Loss: 1.226742057260544
2024-06-19 10:44:44 - INFO - Epoch 714/800, Loss: 1.0777644843866088
2024-06-19 10:44:48 - INFO - Epoch 715/800, Loss: 1.071547000546175
2024-06-19 10:44:52 - INFO - Epoch 716/800, Loss: 1.093704374870105
2024-06-19 10:44:56 - INFO - Epoch 717/800, Loss: 1.0884400992814176
2024-06-19 10:45:00 - INFO - Epoch 718/800, Loss: 1.0761176166817241
2024-06-19 10:45:05 - INFO - Epoch 719/800, Loss: 1.0843294482593244
2024-06-19 10:45:09 - INFO - Epoch 720/800, Loss: 1.0968893535967779
2024-06-19 10:45:13 - INFO - Epoch 721/800, Loss: 1.0869942744740977
2024-06-19 10:45:17 - INFO - Epoch 722/800, Loss: 1.090265635640054
2024-06-19 10:45:21 - INFO - Epoch 723/800, Loss: 1.0834231037091175
2024-06-19 10:45:25 - INFO - Epoch 724/800, Loss: 1.080538614743996
2024-06-19 10:45:29 - INFO - Epoch 725/800, Loss: 1.0842846605506775
2024-06-19 10:45:33 - INFO - Epoch 726/800, Loss: 1.0946306643108117
2024-06-19 10:45:37 - INFO - Epoch 727/800, Loss: 1.087915501835128
2024-06-19 10:45:41 - INFO - Epoch 728/800, Loss: 1.077198454887007
2024-06-19 10:45:45 - INFO - Epoch 729/800, Loss: 1.0702610050540033
2024-06-19 10:45:49 - INFO - Epoch 730/800, Loss: 1.0854185034592392
2024-06-19 10:45:53 - INFO - Epoch 731/800, Loss: 1.0930077836660785
2024-06-19 10:45:57 - INFO - Epoch 732/800, Loss: 1.075605649190946
2024-06-19 10:46:02 - INFO - Epoch 733/800, Loss: 1.0863713829267108
2024-06-19 10:46:06 - INFO - Epoch 734/800, Loss: 1.0942973786712027
2024-06-19 10:46:10 - INFO - Epoch 735/800, Loss: 1.0877845908401966
2024-06-19 10:46:14 - INFO - Epoch 736/800, Loss: 1.08231170066363
2024-06-19 10:46:18 - INFO - Epoch 737/800, Loss: 1.0816019069303153
2024-06-19 10:46:22 - INFO - Epoch 738/800, Loss: 1.2138485639178815
2024-06-19 10:46:26 - INFO - Epoch 739/800, Loss: 1.1058787149358809
2024-06-19 10:46:30 - INFO - Epoch 740/800, Loss: 1.0819298097606551
2024-06-19 10:46:34 - INFO - Epoch 741/800, Loss: 1.082814926256773
2024-06-19 10:46:38 - INFO - Epoch 742/800, Loss: 1.0907495683291648
2024-06-19 10:46:42 - INFO - Epoch 743/800, Loss: 1.1190929845853312
2024-06-19 10:46:46 - INFO - Epoch 744/800, Loss: 1.084561712870863
2024-06-19 10:46:50 - INFO - Epoch 745/800, Loss: 1.105702912219626
2024-06-19 10:46:54 - INFO - Epoch 746/800, Loss: 1.0993101703637695
2024-06-19 10:46:58 - INFO - Epoch 747/800, Loss: 1.0869203469908706
2024-06-19 10:47:02 - INFO - Epoch 748/800, Loss: 1.0878534500452186
2024-06-19 10:47:07 - INFO - Epoch 749/800, Loss: 1.0783976363043166
2024-06-19 10:47:11 - INFO - Epoch 750/800, Loss: 1.0845779700658231
2024-06-19 10:47:15 - INFO - Epoch 751/800, Loss: 1.0842694998209792
2024-06-19 10:47:19 - INFO - Epoch 752/800, Loss: 1.0851331320934776
2024-06-19 10:47:23 - INFO - Epoch 753/800, Loss: 1.075622676924347
2024-06-19 10:47:27 - INFO - Epoch 754/800, Loss: 1.073868449034265
2024-06-19 10:47:31 - INFO - Epoch 755/800, Loss: 1.118998248702042
2024-06-19 10:47:35 - INFO - Epoch 756/800, Loss: 1.0884748221015899
2024-06-19 10:47:39 - INFO - Epoch 757/800, Loss: 1.0916639540026674
2024-06-19 10:47:43 - INFO - Epoch 758/800, Loss: 1.072053293876393
2024-06-19 10:47:47 - INFO - Epoch 759/800, Loss: 1.0867193685069192
2024-06-19 10:47:51 - INFO - Epoch 760/800, Loss: 1.080528466648786
2024-06-19 10:47:55 - INFO - Epoch 761/800, Loss: 1.0881115457792432
2024-06-19 10:47:58 - INFO - Epoch 762/800, Loss: 1.0792557449860134
2024-06-19 10:48:02 - INFO - Epoch 763/800, Loss: 1.085312265217982
2024-06-19 10:48:05 - INFO - Epoch 764/800, Loss: 1.0856490865597541
2024-06-19 10:48:08 - INFO - Epoch 765/800, Loss: 1.0955069989560298
2024-06-19 10:48:11 - INFO - Epoch 766/800, Loss: 1.0761868385756113
2024-06-19 10:48:14 - INFO - Epoch 767/800, Loss: 1.0967356585433201
2024-06-19 10:48:16 - INFO - Epoch 768/800, Loss: 1.091034305006441
2024-06-19 10:48:19 - INFO - Epoch 769/800, Loss: 1.0902443144513665
2024-06-19 10:48:22 - INFO - Epoch 770/800, Loss: 1.0813259313320556
2024-06-19 10:48:24 - INFO - Epoch 771/800, Loss: 1.08855004931755
2024-06-19 10:48:27 - INFO - Epoch 772/800, Loss: 1.0851996783617326
2024-06-19 10:48:30 - INFO - Epoch 773/800, Loss: 1.0746195867915649
2024-06-19 10:48:33 - INFO - Epoch 774/800, Loss: 1.081809937160401
2024-06-19 10:48:35 - INFO - Epoch 775/800, Loss: 1.0780714684898844
2024-06-19 10:48:38 - INFO - Epoch 776/800, Loss: 1.0801133016955273
2024-06-19 10:48:40 - INFO - Epoch 777/800, Loss: 1.082109608423246
2024-06-19 10:48:43 - INFO - Epoch 778/800, Loss: 1.0740475552224151
2024-06-19 10:48:46 - INFO - Epoch 779/800, Loss: 1.0750223941158876
2024-06-19 10:48:48 - INFO - Epoch 780/800, Loss: 1.080888087889391
2024-06-19 10:48:51 - INFO - Epoch 781/800, Loss: 1.0958927737175481
2024-06-19 10:48:54 - INFO - Epoch 782/800, Loss: 1.094649666800144
2024-06-19 10:48:57 - INFO - Epoch 783/800, Loss: 1.0831022007139361
2024-06-19 10:48:59 - INFO - Epoch 784/800, Loss: 1.105239895573821
2024-06-19 10:49:02 - INFO - Epoch 785/800, Loss: 1.0918862051190283
2024-06-19 10:49:04 - INFO - Epoch 786/800, Loss: 1.0732098435730288
2024-06-19 10:49:07 - INFO - Epoch 787/800, Loss: 1.0740540638207559
2024-06-19 10:49:10 - INFO - Epoch 788/800, Loss: 1.0755828638075693
2024-06-19 10:49:13 - INFO - Epoch 789/800, Loss: 1.0724954379946088
2024-06-19 10:49:15 - INFO - Epoch 790/800, Loss: 1.0790061194599305
2024-06-19 10:49:18 - INFO - Epoch 791/800, Loss: 1.1121275684273753
2024-06-19 10:49:20 - INFO - Epoch 792/800, Loss: 1.0936843470623614
2024-06-19 10:49:23 - INFO - Epoch 793/800, Loss: 1.0779772523838917
2024-06-19 10:49:26 - INFO - Epoch 794/800, Loss: 1.1015422429250217
2024-06-19 10:49:28 - INFO - Epoch 795/800, Loss: 1.0910000747411253
2024-06-19 10:49:31 - INFO - Epoch 796/800, Loss: 1.1024983411012095
2024-06-19 10:49:34 - INFO - Epoch 797/800, Loss: 1.108768573836404
2024-06-19 10:49:37 - INFO - Epoch 798/800, Loss: 1.0806178262755364
2024-06-19 10:49:39 - INFO - Epoch 799/800, Loss: 1.0745979709820328
2024-06-19 10:49:42 - INFO - Epoch 800/800, Loss: 1.0936635077752344
2024-06-19 10:49:42 - INFO - Finished training model.
2024-06-19 10:49:42 - INFO - 
Generated Code:
2024-06-19 10:49:42 - INFO - ( FLOAT_LITERAL ) ; float c = FLOAT_LITERAL ; float fun2 ( float k ) { object c = object ( ) ; float c = FLOAT_LITERAL ; float c = FLOAT_LITERAL / FLOAT_LITERAL ; float i = FLOAT_LITERAL / FLOAT_LITERAL / FLOAT_LITERAL ; ! return c ; } else { object c = object ( ) ; float c = FLOAT_LITERAL ; float c = FLOAT_LITERAL / FLOAT_LITERAL ; float i = FLOAT_LITERAL / FLOAT_LITERAL / FLOAT_LITERAL ; ! return c ; } else { object c = object ( ) ; float c = FLOAT_LITERAL ; float c
2024-06-19 10:49:42 - INFO - Finished training LSTM model.
