2024-06-18 21:56:38 - INFO - This log entry will go into a uniquely named file for this run.
2024-06-18 21:56:38 - INFO - Starting LSTM model training...
2024-06-18 21:56:38 - INFO - epochs=100
2024-06-18 21:56:38 - INFO - batch_size=16
2024-06-18 21:56:40 - INFO - Starting LSTM model training...
2024-06-18 21:56:40 - INFO - Epoch 1/100, Loss: 3.1735174587056956
2024-06-18 21:56:40 - INFO - Epoch 2/100, Loss: 3.172932783762614
2024-06-18 21:56:40 - INFO - Epoch 3/100, Loss: 3.1703600843317097
2024-06-18 21:56:40 - INFO - Epoch 4/100, Loss: 3.0010876319899027
2024-06-18 21:56:41 - INFO - Epoch 5/100, Loss: 2.5411360427360674
2024-06-18 21:56:41 - INFO - Epoch 6/100, Loss: 2.1330092033611163
2024-06-18 21:56:41 - INFO - Epoch 7/100, Loss: 1.9710483037464313
2024-06-18 21:56:41 - INFO - Epoch 8/100, Loss: 1.7932176196905105
2024-06-18 21:56:41 - INFO - Epoch 9/100, Loss: 1.7832032168098018
2024-06-18 21:56:41 - INFO - Epoch 10/100, Loss: 1.6344959160624573
2024-06-18 21:56:41 - INFO - Epoch 11/100, Loss: 1.4858666116149848
2024-06-18 21:56:41 - INFO - Epoch 12/100, Loss: 1.461647604920517
2024-06-18 21:56:41 - INFO - Epoch 13/100, Loss: 1.459092406589632
2024-06-18 21:56:41 - INFO - Epoch 14/100, Loss: 2.173165311595306
2024-06-18 21:56:42 - INFO - Epoch 15/100, Loss: 1.4910215532449753
2024-06-18 21:56:42 - INFO - Epoch 16/100, Loss: 1.3184886938398066
2024-06-18 21:56:42 - INFO - Epoch 17/100, Loss: 1.2464554804757184
2024-06-18 21:56:42 - INFO - Epoch 18/100, Loss: 1.3246037833814013
2024-06-18 21:56:42 - INFO - Epoch 19/100, Loss: 1.1947237316308326
2024-06-18 21:56:42 - INFO - Epoch 20/100, Loss: 1.1921585880031655
2024-06-18 21:56:42 - INFO - Epoch 21/100, Loss: 1.2075278875199467
2024-06-18 21:56:42 - INFO - Epoch 22/100, Loss: 1.118845987406018
2024-06-18 21:56:42 - INFO - Epoch 23/100, Loss: 1.1046135389704423
2024-06-18 21:56:43 - INFO - Epoch 24/100, Loss: 1.1231614497594455
2024-06-18 21:56:43 - INFO - Epoch 25/100, Loss: 1.0344471891290732
2024-06-18 21:56:43 - INFO - Epoch 26/100, Loss: 1.0080893702455376
2024-06-18 21:56:43 - INFO - Epoch 27/100, Loss: 0.9710024784618336
2024-06-18 21:56:43 - INFO - Epoch 28/100, Loss: 0.9434620165652747
2024-06-18 21:56:43 - INFO - Epoch 29/100, Loss: 0.9422748019979319
2024-06-18 21:56:43 - INFO - Epoch 30/100, Loss: 0.8680084839768071
2024-06-18 21:56:43 - INFO - Epoch 31/100, Loss: 0.8942589468617445
2024-06-18 21:56:43 - INFO - Epoch 32/100, Loss: 0.8931899313175004
2024-06-18 21:56:43 - INFO - Epoch 33/100, Loss: 1.0007258977126845
2024-06-18 21:56:44 - INFO - Epoch 34/100, Loss: 0.8675539569590783
2024-06-18 21:56:44 - INFO - Epoch 35/100, Loss: 1.0060982079425587
2024-06-18 21:56:44 - INFO - Epoch 36/100, Loss: 0.7883525370260438
2024-06-18 21:56:44 - INFO - Epoch 37/100, Loss: 0.8317973630236087
2024-06-18 21:56:44 - INFO - Epoch 38/100, Loss: 0.7448786395981855
2024-06-18 21:56:44 - INFO - Epoch 39/100, Loss: 0.691075978798413
2024-06-18 21:56:44 - INFO - Epoch 40/100, Loss: 0.6585434786751239
2024-06-18 21:56:44 - INFO - Epoch 41/100, Loss: 0.7722303530943236
2024-06-18 21:56:44 - INFO - Epoch 42/100, Loss: 0.6327997241639919
2024-06-18 21:56:44 - INFO - Epoch 43/100, Loss: 0.6138622068433555
2024-06-18 21:56:45 - INFO - Epoch 44/100, Loss: 0.7025033463639904
2024-06-18 21:56:45 - INFO - Epoch 45/100, Loss: 0.7544421073044824
2024-06-18 21:56:45 - INFO - Epoch 46/100, Loss: 0.6808744627000622
2024-06-18 21:56:45 - INFO - Epoch 47/100, Loss: 0.5874897001308942
2024-06-18 21:56:45 - INFO - Epoch 48/100, Loss: 0.5632790940332929
2024-06-18 21:56:45 - INFO - Epoch 49/100, Loss: 0.47810286229698234
2024-06-18 21:56:45 - INFO - Epoch 50/100, Loss: 0.6005322497817727
2024-06-18 21:56:45 - INFO - Epoch 51/100, Loss: 0.7312538639589624
2024-06-18 21:56:45 - INFO - Epoch 52/100, Loss: 0.5726421233692468
2024-06-18 21:56:46 - INFO - Epoch 53/100, Loss: 0.46255155511998386
2024-06-18 21:56:46 - INFO - Epoch 54/100, Loss: 0.5392270474083874
2024-06-18 21:56:46 - INFO - Epoch 55/100, Loss: 0.5377537822967259
2024-06-18 21:56:46 - INFO - Epoch 56/100, Loss: 0.46725764508425255
2024-06-18 21:56:46 - INFO - Epoch 57/100, Loss: 0.4911404505605158
2024-06-18 21:56:46 - INFO - Epoch 58/100, Loss: 0.3780718704351593
2024-06-18 21:56:46 - INFO - Epoch 59/100, Loss: 0.32443808684423653
2024-06-18 21:56:46 - INFO - Epoch 60/100, Loss: 0.3611114347884801
2024-06-18 21:56:46 - INFO - Epoch 61/100, Loss: 0.39038537376337246
2024-06-18 21:56:47 - INFO - Epoch 62/100, Loss: 0.4324326407608142
2024-06-18 21:56:47 - INFO - Epoch 63/100, Loss: 0.3709373786668915
2024-06-18 21:56:47 - INFO - Epoch 64/100, Loss: 0.5396598328250123
2024-06-18 21:56:47 - INFO - Epoch 65/100, Loss: 0.4278296252127589
2024-06-18 21:56:47 - INFO - Epoch 66/100, Loss: 1.037111062435467
2024-06-18 21:56:47 - INFO - Epoch 67/100, Loss: 0.6844509834273484
2024-06-18 21:56:47 - INFO - Epoch 68/100, Loss: 0.4651556168509161
2024-06-18 21:56:47 - INFO - Epoch 69/100, Loss: 0.4172570759208624
2024-06-18 21:56:47 - INFO - Epoch 70/100, Loss: 0.3451151534753586
2024-06-18 21:56:48 - INFO - Epoch 71/100, Loss: 0.397239779056051
2024-06-18 21:56:48 - INFO - Epoch 72/100, Loss: 0.35898767807997234
2024-06-18 21:56:48 - INFO - Epoch 73/100, Loss: 0.2962057327248703
2024-06-18 21:56:48 - INFO - Epoch 74/100, Loss: 0.2864456393371564
2024-06-18 21:56:48 - INFO - Epoch 75/100, Loss: 0.2799227948151484
2024-06-18 21:56:48 - INFO - Epoch 76/100, Loss: 0.3384237722297581
2024-06-18 21:56:48 - INFO - Epoch 77/100, Loss: 2.9900296698408435
2024-06-18 21:56:48 - INFO - Epoch 78/100, Loss: 2.262412372192034
2024-06-18 21:56:49 - INFO - Epoch 79/100, Loss: 2.0057588251919523
2024-06-18 21:56:49 - INFO - Epoch 80/100, Loss: 1.811415936542332
2024-06-18 21:56:49 - INFO - Epoch 81/100, Loss: 1.6573999374208324
2024-06-18 21:56:49 - INFO - Epoch 82/100, Loss: 1.7013401401315498
2024-06-18 21:56:49 - INFO - Epoch 83/100, Loss: 1.4224383711958333
2024-06-18 21:56:49 - INFO - Epoch 84/100, Loss: 1.3475127676333762
2024-06-18 21:56:49 - INFO - Epoch 85/100, Loss: 1.364440919403278
2024-06-18 21:56:49 - INFO - Epoch 86/100, Loss: 1.250743843803337
2024-06-18 21:56:49 - INFO - Epoch 87/100, Loss: 1.128299053395268
2024-06-18 21:56:50 - INFO - Epoch 88/100, Loss: 1.0938337085192529
2024-06-18 21:56:50 - INFO - Epoch 89/100, Loss: 1.0288524368035952
2024-06-18 21:56:50 - INFO - Epoch 90/100, Loss: 0.9544290726652501
2024-06-18 21:56:50 - INFO - Epoch 91/100, Loss: 0.8974247641511772
2024-06-18 21:56:50 - INFO - Epoch 92/100, Loss: 0.856153709363421
2024-06-18 21:56:50 - INFO - Epoch 93/100, Loss: 0.7644335041551097
2024-06-18 21:56:50 - INFO - Epoch 94/100, Loss: 0.7481668166878995
2024-06-18 21:56:50 - INFO - Epoch 95/100, Loss: 0.7137749061687758
2024-06-18 21:56:51 - INFO - Epoch 96/100, Loss: 0.6465096069874172
2024-06-18 21:56:51 - INFO - Epoch 97/100, Loss: 0.6386187821088715
2024-06-18 21:56:51 - INFO - Epoch 98/100, Loss: 0.5713634901241849
2024-06-18 21:56:51 - INFO - Epoch 99/100, Loss: 0.5516931469116256
2024-06-18 21:56:51 - INFO - Epoch 100/100, Loss: 0.605570540244542
2024-06-18 21:56:51 - INFO - Finished training model.
2024-06-18 21:56:53 - INFO - 
Generated Code:
2024-06-18 21:56:53 - INFO - = FLOAT_LITERAL ; fun1 c = fun1 ( ) ; float d = FLOAT_LITERAL ; fun1 / a + FLOAT_LITERAL + c ; float c = FLOAT_LITERAL - a - FLOAT_LITERAL ; FLOAT_LITERAL + g ; b = FLOAT_LITERAL + g + FLOAT_LITERAL + g ; a ; FLOAT_LITERAL + FLOAT_LITERAL ; float b = FLOAT_LITERAL - a - FLOAT_LITERAL ; fun1 g = FLOAT_LITERAL + FLOAT_LITERAL + g * fun4 ; float b b FLOAT_LITERAL FLOAT_LITERAL + g + FLOAT_LITERAL + g - a ; FLOAT_LITERAL + FLOAT_LITERAL ; float b = FLOAT_LITERAL - a - FLOAT_LITERAL ; fun1
2024-06-18 21:56:53 - INFO - Finished training LSTM model.
