2024-06-19 08:16:11 - INFO - This log entry will go into a uniquely named file for this run.
2024-06-19 08:16:11 - INFO - Starting LSTM model training...
2024-06-19 08:16:11 - INFO - Optimizer=Adam
2024-06-19 08:16:11 - INFO - epochs=800
2024-06-19 08:16:11 - INFO - batch_size=16
2024-06-19 08:16:11 - INFO - File=codeExamples.txt
2024-06-19 08:16:11 - INFO - Learning Rate=0.001
2024-06-19 08:16:14 - INFO - Starting LSTM model training...
2024-06-19 08:16:20 - INFO - Epoch 1/800, Loss: 1.5165594763011716
2024-06-19 08:16:30 - INFO - Epoch 2/800, Loss: 1.473210874464047
2024-06-19 08:16:43 - INFO - Epoch 3/800, Loss: 1.3764496496496952
2024-06-19 08:16:56 - INFO - Epoch 4/800, Loss: 1.5169679881172888
2024-06-19 08:17:09 - INFO - Epoch 5/800, Loss: 1.4005150682661416
2024-06-19 08:17:22 - INFO - Epoch 6/800, Loss: 1.338787882346763
2024-06-19 08:17:36 - INFO - Epoch 7/800, Loss: 1.3677250269701895
2024-06-19 08:17:49 - INFO - Epoch 8/800, Loss: 1.335221352550833
2024-06-19 08:18:02 - INFO - Epoch 9/800, Loss: 1.3485614361747706
2024-06-19 08:18:16 - INFO - Epoch 10/800, Loss: 1.4480728954166813
2024-06-19 08:18:29 - INFO - Epoch 11/800, Loss: 1.3789139447316174
2024-06-19 08:18:42 - INFO - Epoch 12/800, Loss: 1.3240961184235889
2024-06-19 08:18:55 - INFO - Epoch 13/800, Loss: 1.3195592307791753
2024-06-19 08:19:08 - INFO - Epoch 14/800, Loss: 1.3413531812603923
2024-06-19 08:19:22 - INFO - Epoch 15/800, Loss: 1.3997567352936955
2024-06-19 08:19:35 - INFO - Epoch 16/800, Loss: 1.3887278524972524
2024-06-19 08:19:48 - INFO - Epoch 17/800, Loss: 1.3829544846806427
2024-06-19 08:20:01 - INFO - Epoch 18/800, Loss: 1.3168046740243686
2024-06-19 08:20:15 - INFO - Epoch 19/800, Loss: 1.3245980919490759
2024-06-19 08:20:28 - INFO - Epoch 20/800, Loss: 1.3449483504273405
2024-06-19 08:20:41 - INFO - Epoch 21/800, Loss: 1.3922420561421684
2024-06-19 08:20:54 - INFO - Epoch 22/800, Loss: 1.334023693363376
2024-06-19 08:21:08 - INFO - Epoch 23/800, Loss: 1.3008285131239135
2024-06-19 08:21:21 - INFO - Epoch 24/800, Loss: 1.334379141264113
2024-06-19 08:21:34 - INFO - Epoch 25/800, Loss: 1.3296115721546002
2024-06-19 08:21:47 - INFO - Epoch 26/800, Loss: 1.3527721268625454
2024-06-19 08:22:01 - INFO - Epoch 27/800, Loss: 1.3348946565864244
2024-06-19 08:22:14 - INFO - Epoch 28/800, Loss: 1.3391176432957128
2024-06-19 08:22:28 - INFO - Epoch 29/800, Loss: 1.3492092488561553
2024-06-19 08:22:41 - INFO - Epoch 30/800, Loss: 1.336378825257769
2024-06-19 08:22:54 - INFO - Epoch 31/800, Loss: 1.2981998421449528
2024-06-19 08:23:08 - INFO - Epoch 32/800, Loss: 1.3252262471582537
2024-06-19 08:23:21 - INFO - Epoch 33/800, Loss: 1.3226646908499986
2024-06-19 08:23:34 - INFO - Epoch 34/800, Loss: 1.3106951666350413
2024-06-19 08:23:47 - INFO - Epoch 35/800, Loss: 1.3225363104855317
2024-06-19 08:24:01 - INFO - Epoch 36/800, Loss: 1.3832376841215865
2024-06-19 08:24:14 - INFO - Epoch 37/800, Loss: 1.2983571840940658
2024-06-19 08:24:27 - INFO - Epoch 38/800, Loss: 1.5115611903898964
2024-06-19 08:24:40 - INFO - Epoch 39/800, Loss: 1.3031433000783124
2024-06-19 08:24:54 - INFO - Epoch 40/800, Loss: 1.3397088672073794
2024-06-19 08:25:07 - INFO - Epoch 41/800, Loss: 1.3258296852358291
2024-06-19 08:25:20 - INFO - Epoch 42/800, Loss: 1.3062601530673263
2024-06-19 08:25:34 - INFO - Epoch 43/800, Loss: 1.3324352603507708
2024-06-19 08:25:47 - INFO - Epoch 44/800, Loss: 1.3062128742879469
2024-06-19 08:26:00 - INFO - Epoch 45/800, Loss: 1.3037035057236945
2024-06-19 08:26:13 - INFO - Epoch 46/800, Loss: 1.3227681881745412
2024-06-19 08:26:26 - INFO - Epoch 47/800, Loss: 1.329253201775486
2024-06-19 08:26:40 - INFO - Epoch 48/800, Loss: 1.3105764525131618
2024-06-19 08:26:53 - INFO - Epoch 49/800, Loss: 1.310556924753717
2024-06-19 08:27:06 - INFO - Epoch 50/800, Loss: 1.3242029364524746
2024-06-19 08:27:19 - INFO - Epoch 51/800, Loss: 1.3124923054290794
2024-06-19 08:27:32 - INFO - Epoch 52/800, Loss: 1.3268957044746577
2024-06-19 08:27:45 - INFO - Epoch 53/800, Loss: 1.3310565125053966
2024-06-19 08:27:58 - INFO - Epoch 54/800, Loss: 1.3499054427160875
2024-06-19 08:28:11 - INFO - Epoch 55/800, Loss: 1.3267814983956092
2024-06-19 08:28:25 - INFO - Epoch 56/800, Loss: 1.341910233082246
2024-06-19 08:28:38 - INFO - Epoch 57/800, Loss: 1.3120032776650516
2024-06-19 08:28:51 - INFO - Epoch 58/800, Loss: 1.3293432916096772
2024-06-19 08:29:04 - INFO - Epoch 59/800, Loss: 1.339075679443917
2024-06-19 08:29:17 - INFO - Epoch 60/800, Loss: 1.3248552657130128
2024-06-19 08:29:30 - INFO - Epoch 61/800, Loss: 1.3292673177279803
2024-06-19 08:29:44 - INFO - Epoch 62/800, Loss: 1.3217174140877157
2024-06-19 08:29:57 - INFO - Epoch 63/800, Loss: 1.3094098355732098
2024-06-19 08:30:10 - INFO - Epoch 64/800, Loss: 1.2991675193664536
2024-06-19 08:30:23 - INFO - Epoch 65/800, Loss: 1.320997861158353
2024-06-19 08:30:36 - INFO - Epoch 66/800, Loss: 1.3428737992733442
2024-06-19 08:30:50 - INFO - Epoch 67/800, Loss: 1.353779626224838
2024-06-19 08:31:03 - INFO - Epoch 68/800, Loss: 1.3545658019321243
2024-06-19 08:31:16 - INFO - Epoch 69/800, Loss: 1.3102042938367053
2024-06-19 08:31:29 - INFO - Epoch 70/800, Loss: 1.3551732668266887
2024-06-19 08:31:42 - INFO - Epoch 71/800, Loss: 1.343915253676769
2024-06-19 08:31:55 - INFO - Epoch 72/800, Loss: 1.3446410095509373
2024-06-19 08:32:09 - INFO - Epoch 73/800, Loss: 1.3266295308277252
2024-06-19 08:32:22 - INFO - Epoch 74/800, Loss: 1.4489290628485094
2024-06-19 08:32:35 - INFO - Epoch 75/800, Loss: 1.300331280409129
2024-06-19 08:32:48 - INFO - Epoch 76/800, Loss: 1.3154874296811028
2024-06-19 08:33:01 - INFO - Epoch 77/800, Loss: 1.3385446628411324
2024-06-19 08:33:15 - INFO - Epoch 78/800, Loss: 1.3721362192948947
2024-06-19 08:33:28 - INFO - Epoch 79/800, Loss: 1.3482507962257477
2024-06-19 08:33:41 - INFO - Epoch 80/800, Loss: 1.3150615261083467
2024-06-19 08:33:54 - INFO - Epoch 81/800, Loss: 1.3073934196223387
2024-06-19 08:34:07 - INFO - Epoch 82/800, Loss: 1.3347650314426895
2024-06-19 08:34:20 - INFO - Epoch 83/800, Loss: 1.3540833773752838
2024-06-19 08:34:33 - INFO - Epoch 84/800, Loss: 1.309180953119421
2024-06-19 08:34:47 - INFO - Epoch 85/800, Loss: 1.345073331883555
2024-06-19 08:35:00 - INFO - Epoch 86/800, Loss: 1.318641115070028
2024-06-19 08:35:13 - INFO - Epoch 87/800, Loss: 1.3352027807154594
2024-06-19 08:35:26 - INFO - Epoch 88/800, Loss: 1.3145745317678719
2024-06-19 08:35:39 - INFO - Epoch 89/800, Loss: 1.3280192292796924
2024-06-19 08:35:52 - INFO - Epoch 90/800, Loss: 1.3091352470071946
2024-06-19 08:36:06 - INFO - Epoch 91/800, Loss: 1.2968277260387524
2024-06-19 08:36:19 - INFO - Epoch 92/800, Loss: 1.4265745516541068
2024-06-19 08:36:32 - INFO - Epoch 93/800, Loss: 1.2843983738080942
2024-06-19 08:36:45 - INFO - Epoch 94/800, Loss: 1.2867133873961811
2024-06-19 08:36:58 - INFO - Epoch 95/800, Loss: 1.30925540113274
2024-06-19 08:37:11 - INFO - Epoch 96/800, Loss: 1.3425314990190684
2024-06-19 08:37:25 - INFO - Epoch 97/800, Loss: 1.317080823357665
2024-06-19 08:37:38 - INFO - Epoch 98/800, Loss: 1.3096789281992092
2024-06-19 08:37:51 - INFO - Epoch 99/800, Loss: 1.3261334767821156
2024-06-19 08:38:04 - INFO - Epoch 100/800, Loss: 1.3141960984730838
2024-06-19 08:38:17 - INFO - Epoch 101/800, Loss: 1.3328745904640635
2024-06-19 08:38:30 - INFO - Epoch 102/800, Loss: 1.319038228249193
2024-06-19 08:38:44 - INFO - Epoch 103/800, Loss: 1.3500877082782858
2024-06-19 08:38:57 - INFO - Epoch 104/800, Loss: 1.316348350744741
2024-06-19 08:39:10 - INFO - Epoch 105/800, Loss: 1.3234671748000886
2024-06-19 08:39:23 - INFO - Epoch 106/800, Loss: 1.4023270008703967
2024-06-19 08:39:36 - INFO - Epoch 107/800, Loss: 1.301547207111085
2024-06-19 08:39:49 - INFO - Epoch 108/800, Loss: 1.3287214240934517
2024-06-19 08:40:02 - INFO - Epoch 109/800, Loss: 1.3752243076968669
2024-06-19 08:40:16 - INFO - Epoch 110/800, Loss: 1.3085757283681674
2024-06-19 08:40:29 - INFO - Epoch 111/800, Loss: 1.3153037327422994
2024-06-19 08:40:42 - INFO - Epoch 112/800, Loss: 1.7215906951969728
2024-06-19 08:40:55 - INFO - Epoch 113/800, Loss: 1.3479384011605657
2024-06-19 08:41:08 - INFO - Epoch 114/800, Loss: 1.3093503823324886
2024-06-19 08:41:22 - INFO - Epoch 115/800, Loss: 1.2970497864135964
2024-06-19 08:41:35 - INFO - Epoch 116/800, Loss: 1.349748554452717
2024-06-19 08:41:48 - INFO - Epoch 117/800, Loss: 1.3851952006481838
2024-06-19 08:42:01 - INFO - Epoch 118/800, Loss: 1.3503382465737759
2024-06-19 08:42:14 - INFO - Epoch 119/800, Loss: 1.3684028694803998
2024-06-19 08:42:27 - INFO - Epoch 120/800, Loss: 1.3014539348895162
2024-06-19 08:42:41 - INFO - Epoch 121/800, Loss: 1.3554980124477694
2024-06-19 08:42:54 - INFO - Epoch 122/800, Loss: 1.3165575592846894
2024-06-19 08:43:07 - INFO - Epoch 123/800, Loss: 1.3074096138092317
2024-06-19 08:43:20 - INFO - Epoch 124/800, Loss: 1.3495645794704225
2024-06-19 08:43:33 - INFO - Epoch 125/800, Loss: 1.3093104665262654
2024-06-19 08:43:46 - INFO - Epoch 126/800, Loss: 1.309767355509052
2024-06-19 08:44:00 - INFO - Epoch 127/800, Loss: 1.300737186106147
2024-06-19 08:44:13 - INFO - Epoch 128/800, Loss: 1.3025245033580324
2024-06-19 08:44:26 - INFO - Epoch 129/800, Loss: 1.353177624866342
2024-06-19 08:44:39 - INFO - Epoch 130/800, Loss: 1.3311566854683596
2024-06-19 08:44:52 - INFO - Epoch 131/800, Loss: 1.3167860441414465
2024-06-19 08:45:05 - INFO - Epoch 132/800, Loss: 1.3154409768463584
2024-06-19 08:45:19 - INFO - Epoch 133/800, Loss: 1.344384813820729
2024-06-19 08:45:32 - INFO - Epoch 134/800, Loss: 1.2951117041486357
2024-06-19 08:45:45 - INFO - Epoch 135/800, Loss: 1.311414274168398
2024-06-19 08:45:58 - INFO - Epoch 136/800, Loss: 1.3067252960286202
2024-06-19 08:46:11 - INFO - Epoch 137/800, Loss: 1.3539325167905811
2024-06-19 08:46:25 - INFO - Epoch 138/800, Loss: 1.3517609722127877
2024-06-19 08:46:38 - INFO - Epoch 139/800, Loss: 1.3605818177557323
2024-06-19 08:46:51 - INFO - Epoch 140/800, Loss: 1.2989825586951693
2024-06-19 08:47:04 - INFO - Epoch 141/800, Loss: 1.2995907120118828
2024-06-19 08:47:17 - INFO - Epoch 142/800, Loss: 1.316738968818018
2024-06-19 08:47:30 - INFO - Epoch 143/800, Loss: 1.3043521209856526
2024-06-19 08:47:43 - INFO - Epoch 144/800, Loss: 1.303425639187592
2024-06-19 08:47:57 - INFO - Epoch 145/800, Loss: 1.3490740366518008
2024-06-19 08:48:10 - INFO - Epoch 146/800, Loss: 1.3045160774544504
2024-06-19 08:48:23 - INFO - Epoch 147/800, Loss: 1.3353040195467836
2024-06-19 08:48:36 - INFO - Epoch 148/800, Loss: 1.318492177678347
2024-06-19 08:48:49 - INFO - Epoch 149/800, Loss: 1.3077741018682822
2024-06-19 08:49:02 - INFO - Epoch 150/800, Loss: 1.3164875478540146
2024-06-19 08:49:16 - INFO - Epoch 151/800, Loss: 1.3181787659020812
2024-06-19 08:49:29 - INFO - Epoch 152/800, Loss: 1.3120684152294921
2024-06-19 08:49:42 - INFO - Epoch 153/800, Loss: 1.590004512119209
2024-06-19 08:49:55 - INFO - Epoch 154/800, Loss: 1.312776676925695
2024-06-19 08:50:08 - INFO - Epoch 155/800, Loss: 1.3736102664309422
2024-06-19 08:50:21 - INFO - Epoch 156/800, Loss: 1.360920836802435
2024-06-19 08:50:34 - INFO - Epoch 157/800, Loss: 1.3164905972301901
2024-06-19 08:50:48 - INFO - Epoch 158/800, Loss: 1.3633295331479827
2024-06-19 08:51:01 - INFO - Epoch 159/800, Loss: 1.3046520498182044
2024-06-19 08:51:14 - INFO - Epoch 160/800, Loss: 1.3382907088972205
2024-06-19 08:51:27 - INFO - Epoch 161/800, Loss: 2.235031183375611
2024-06-19 08:51:40 - INFO - Epoch 162/800, Loss: 1.32988355509746
2024-06-19 08:51:53 - INFO - Epoch 163/800, Loss: 1.3029548020695996
2024-06-19 08:52:07 - INFO - Epoch 164/800, Loss: 1.3320836484202259
2024-06-19 08:52:20 - INFO - Epoch 165/800, Loss: 1.333080125504478
2024-06-19 08:52:33 - INFO - Epoch 166/800, Loss: 1.3510266441195733
2024-06-19 08:52:46 - INFO - Epoch 167/800, Loss: 1.3250397567494014
2024-06-19 08:52:59 - INFO - Epoch 168/800, Loss: 1.2947842035644674
2024-06-19 08:53:12 - INFO - Epoch 169/800, Loss: 1.3276013511774214
2024-06-19 08:53:26 - INFO - Epoch 170/800, Loss: 1.3351131480386145
2024-06-19 08:53:39 - INFO - Epoch 171/800, Loss: 1.3126055468399367
2024-06-19 08:53:52 - INFO - Epoch 172/800, Loss: 1.3208307405648103
2024-06-19 08:54:05 - INFO - Epoch 173/800, Loss: 1.3150237847066062
2024-06-19 08:54:18 - INFO - Epoch 174/800, Loss: 1.3142124325645157
2024-06-19 08:54:31 - INFO - Epoch 175/800, Loss: 1.3749483488141667
2024-06-19 08:54:45 - INFO - Epoch 176/800, Loss: 1.359860364980613
2024-06-19 08:54:58 - INFO - Epoch 177/800, Loss: 1.318076274338385
2024-06-19 08:55:11 - INFO - Epoch 178/800, Loss: 1.333122419362309
2024-06-19 08:55:24 - INFO - Epoch 179/800, Loss: 1.3448070562412808
2024-06-19 08:55:37 - INFO - Epoch 180/800, Loss: 1.3520821071771578
2024-06-19 08:55:50 - INFO - Epoch 181/800, Loss: 1.342626942647294
2024-06-19 08:56:04 - INFO - Epoch 182/800, Loss: 1.3480024755026003
2024-06-19 08:56:17 - INFO - Epoch 183/800, Loss: 1.3126206191764274
2024-06-19 08:56:30 - INFO - Epoch 184/800, Loss: 1.3657349733595003
2024-06-19 08:56:43 - INFO - Epoch 185/800, Loss: 1.2993187986479495
2024-06-19 08:56:56 - INFO - Epoch 186/800, Loss: 1.2978813208597024
2024-06-19 08:57:09 - INFO - Epoch 187/800, Loss: 1.3120838233806518
2024-06-19 08:57:23 - INFO - Epoch 188/800, Loss: 1.3195330091574056
2024-06-19 08:57:36 - INFO - Epoch 189/800, Loss: 1.2982636968699293
2024-06-19 08:57:49 - INFO - Epoch 190/800, Loss: 1.3306897831573783
2024-06-19 08:58:02 - INFO - Epoch 191/800, Loss: 1.367455131094509
2024-06-19 08:58:15 - INFO - Epoch 192/800, Loss: 1.3299929261988899
2024-06-19 08:58:28 - INFO - Epoch 193/800, Loss: 1.3107002530532175
2024-06-19 08:58:42 - INFO - Epoch 194/800, Loss: 1.317783332248393
2024-06-19 08:58:55 - INFO - Epoch 195/800, Loss: 1.3109570636895778
2024-06-19 08:59:08 - INFO - Epoch 196/800, Loss: 1.3445071098969381
2024-06-19 08:59:21 - INFO - Epoch 197/800, Loss: 1.29975765339252
2024-06-19 08:59:34 - INFO - Epoch 198/800, Loss: 1.332504744105928
2024-06-19 08:59:47 - INFO - Epoch 199/800, Loss: 1.3051186617279753
2024-06-19 09:00:01 - INFO - Epoch 200/800, Loss: 1.3309607996048136
2024-06-19 09:00:14 - INFO - Epoch 201/800, Loss: 1.3685354700216172
2024-06-19 09:00:27 - INFO - Epoch 202/800, Loss: 1.3284976084722289
2024-06-19 09:00:40 - INFO - Epoch 203/800, Loss: 1.3198937533296635
2024-06-19 09:00:53 - INFO - Epoch 204/800, Loss: 1.290546539061096
2024-06-19 09:01:06 - INFO - Epoch 205/800, Loss: 1.361869725055377
2024-06-19 09:01:19 - INFO - Epoch 206/800, Loss: 1.3065591743607703
2024-06-19 09:01:33 - INFO - Epoch 207/800, Loss: 1.3421382646955236
2024-06-19 09:01:46 - INFO - Epoch 208/800, Loss: 1.397751023190538
2024-06-19 09:01:59 - INFO - Epoch 209/800, Loss: 1.2992264351485492
2024-06-19 09:02:12 - INFO - Epoch 210/800, Loss: 1.3205072703468126
2024-06-19 09:02:25 - INFO - Epoch 211/800, Loss: 1.3256507949982483
2024-06-19 09:02:38 - INFO - Epoch 212/800, Loss: 1.3012507076305098
2024-06-19 09:02:52 - INFO - Epoch 213/800, Loss: 1.3550840581053
2024-06-19 09:03:05 - INFO - Epoch 214/800, Loss: 1.3199668852115827
2024-06-19 09:03:18 - INFO - Epoch 215/800, Loss: 1.3352122219493354
2024-06-19 09:03:31 - INFO - Epoch 216/800, Loss: 1.3043551889638636
2024-06-19 09:03:44 - INFO - Epoch 217/800, Loss: 1.2955078690510253
2024-06-19 09:03:57 - INFO - Epoch 218/800, Loss: 1.402414613203851
2024-06-19 09:04:11 - INFO - Epoch 219/800, Loss: 1.328328747795986
2024-06-19 09:04:24 - INFO - Epoch 220/800, Loss: 1.3283882478687303
2024-06-19 09:04:37 - INFO - Epoch 221/800, Loss: 1.4275013829509966
2024-06-19 09:04:50 - INFO - Epoch 222/800, Loss: 1.3185151993219852
2024-06-19 09:05:03 - INFO - Epoch 223/800, Loss: 1.321651082097506
2024-06-19 09:05:16 - INFO - Epoch 224/800, Loss: 1.3091651788539413
2024-06-19 09:05:29 - INFO - Epoch 225/800, Loss: 1.3046397455388163
2024-06-19 09:05:43 - INFO - Epoch 226/800, Loss: 1.319402492578872
2024-06-19 09:05:56 - INFO - Epoch 227/800, Loss: 1.3148860001848848
2024-06-19 09:06:09 - INFO - Epoch 228/800, Loss: 1.3227162100372967
2024-06-19 09:06:22 - INFO - Epoch 229/800, Loss: 1.3923607909440585
2024-06-19 09:06:35 - INFO - Epoch 230/800, Loss: 1.3856317694785731
2024-06-19 09:06:49 - INFO - Epoch 231/800, Loss: 1.304483468654581
2024-06-19 09:07:02 - INFO - Epoch 232/800, Loss: 1.332172929606156
2024-06-19 09:07:15 - INFO - Epoch 233/800, Loss: 1.315502527118843
2024-06-19 09:07:28 - INFO - Epoch 234/800, Loss: 1.3211226500111888
2024-06-19 09:07:41 - INFO - Epoch 235/800, Loss: 1.3631576296010122
2024-06-19 09:07:55 - INFO - Epoch 236/800, Loss: 1.3035740181197628
2024-06-19 09:08:08 - INFO - Epoch 237/800, Loss: 1.321228289433239
2024-06-19 09:08:21 - INFO - Epoch 238/800, Loss: 1.2970001547870647
2024-06-19 09:08:34 - INFO - Epoch 239/800, Loss: 1.4192696796414221
2024-06-19 09:08:47 - INFO - Epoch 240/800, Loss: 1.3060997301346475
2024-06-19 09:09:00 - INFO - Epoch 241/800, Loss: 1.3738562439362751
2024-06-19 09:09:14 - INFO - Epoch 242/800, Loss: 1.295947968652268
2024-06-19 09:09:27 - INFO - Epoch 243/800, Loss: 1.3129728323040284
2024-06-19 09:09:40 - INFO - Epoch 244/800, Loss: 1.3291452235104522
2024-06-19 09:09:53 - INFO - Epoch 245/800, Loss: 1.3556492785853786
2024-06-19 09:10:06 - INFO - Epoch 246/800, Loss: 1.3135899428082705
2024-06-19 09:10:19 - INFO - Epoch 247/800, Loss: 1.3600683079566915
2024-06-19 09:10:32 - INFO - Epoch 248/800, Loss: 1.3279696695476442
2024-06-19 09:10:45 - INFO - Epoch 249/800, Loss: 1.2980962714540274
2024-06-19 09:10:59 - INFO - Epoch 250/800, Loss: 1.3261853633152803
2024-06-19 09:11:12 - INFO - Epoch 251/800, Loss: 1.3191432461093362
2024-06-19 09:11:25 - INFO - Epoch 252/800, Loss: 1.2918808220187883
2024-06-19 09:11:38 - INFO - Epoch 253/800, Loss: 1.3100607419996997
2024-06-19 09:11:51 - INFO - Epoch 254/800, Loss: 1.3165882052567548
2024-06-19 09:12:04 - INFO - Epoch 255/800, Loss: 1.3151161471254593
2024-06-19 09:12:17 - INFO - Epoch 256/800, Loss: 1.3557133642980943
2024-06-19 09:12:31 - INFO - Epoch 257/800, Loss: 1.6376275281130794
2024-06-19 09:12:44 - INFO - Epoch 258/800, Loss: 1.3199881736866375
2024-06-19 09:12:57 - INFO - Epoch 259/800, Loss: 1.3361731543787208
2024-06-19 09:13:10 - INFO - Epoch 260/800, Loss: 1.3417827545479961
2024-06-19 09:13:23 - INFO - Epoch 261/800, Loss: 1.3215333893005083
2024-06-19 09:13:37 - INFO - Epoch 262/800, Loss: 1.332753948053101
2024-06-19 09:13:50 - INFO - Epoch 263/800, Loss: 1.3510826659968378
2024-06-19 09:14:03 - INFO - Epoch 264/800, Loss: 1.3741525306266338
2024-06-19 09:14:16 - INFO - Epoch 265/800, Loss: 1.316793286439648
2024-06-19 09:14:29 - INFO - Epoch 266/800, Loss: 1.4063828369122982
2024-06-19 09:14:42 - INFO - Epoch 267/800, Loss: 1.2962164918853167
2024-06-19 09:14:56 - INFO - Epoch 268/800, Loss: 1.3031127731576102
2024-06-19 09:15:09 - INFO - Epoch 269/800, Loss: 1.3766468788342556
2024-06-19 09:15:22 - INFO - Epoch 270/800, Loss: 1.3325513952453227
2024-06-19 09:15:35 - INFO - Epoch 271/800, Loss: 1.313873983402551
2024-06-19 09:15:48 - INFO - Epoch 272/800, Loss: 1.302141562713072
2024-06-19 09:16:01 - INFO - Epoch 273/800, Loss: 1.2944257105044594
2024-06-19 09:16:15 - INFO - Epoch 274/800, Loss: 1.3241713536875643
2024-06-19 09:16:28 - INFO - Epoch 275/800, Loss: 1.29468638591175
2024-06-19 09:16:41 - INFO - Epoch 276/800, Loss: 1.3290547903670276
2024-06-19 09:16:54 - INFO - Epoch 277/800, Loss: 1.3319615394407607
2024-06-19 09:17:07 - INFO - Epoch 278/800, Loss: 1.297633114164413
2024-06-19 09:17:21 - INFO - Epoch 279/800, Loss: 1.2972457802556678
2024-06-19 09:17:34 - INFO - Epoch 280/800, Loss: 1.2912314557432933
2024-06-19 09:17:47 - INFO - Epoch 281/800, Loss: 1.3316697391656653
2024-06-19 09:18:00 - INFO - Epoch 282/800, Loss: 1.2901550883701123
2024-06-19 09:18:13 - INFO - Epoch 283/800, Loss: 1.3360283817866132
2024-06-19 09:18:26 - INFO - Epoch 284/800, Loss: 1.343003085144659
2024-06-19 09:18:40 - INFO - Epoch 285/800, Loss: 1.3329185639465946
2024-06-19 09:18:53 - INFO - Epoch 286/800, Loss: 1.3351653813041304
2024-06-19 09:19:06 - INFO - Epoch 287/800, Loss: 1.3336302142027325
2024-06-19 09:19:19 - INFO - Epoch 288/800, Loss: 1.3070902936889588
2024-06-19 09:19:32 - INFO - Epoch 289/800, Loss: 1.3209157019530813
2024-06-19 09:19:46 - INFO - Epoch 290/800, Loss: 1.3103211248557682
2024-06-19 09:19:59 - INFO - Epoch 291/800, Loss: 1.3265325637318757
2024-06-19 09:20:12 - INFO - Epoch 292/800, Loss: 1.307232426049924
2024-06-19 09:20:25 - INFO - Epoch 293/800, Loss: 1.402123380440446
2024-06-19 09:20:38 - INFO - Epoch 294/800, Loss: 1.3252031052843471
2024-06-19 09:20:51 - INFO - Epoch 295/800, Loss: 1.3324973709340686
2024-06-19 09:21:05 - INFO - Epoch 296/800, Loss: 1.3022862887294402
2024-06-19 09:21:18 - INFO - Epoch 297/800, Loss: 1.2978653315414375
2024-06-19 09:21:31 - INFO - Epoch 298/800, Loss: 1.335563409058601
2024-06-19 09:21:44 - INFO - Epoch 299/800, Loss: 1.3057171852399183
2024-06-19 09:21:57 - INFO - Epoch 300/800, Loss: 1.3184846746967531
2024-06-19 09:22:10 - INFO - Epoch 301/800, Loss: 1.3557999653806914
2024-06-19 09:22:24 - INFO - Epoch 302/800, Loss: 1.332487413220806
2024-06-19 09:22:37 - INFO - Epoch 303/800, Loss: 1.31009872575709
2024-06-19 09:22:50 - INFO - Epoch 304/800, Loss: 1.3085456535151574
2024-06-19 09:23:03 - INFO - Epoch 305/800, Loss: 1.3496578397304726
2024-06-19 09:23:16 - INFO - Epoch 306/800, Loss: 1.3021036305587361
2024-06-19 09:23:30 - INFO - Epoch 307/800, Loss: 1.3176901402546817
2024-06-19 09:23:43 - INFO - Epoch 308/800, Loss: 1.3017152908960712
2024-06-19 09:23:56 - INFO - Epoch 309/800, Loss: 1.3488101961251078
2024-06-19 09:24:09 - INFO - Epoch 310/800, Loss: 1.331284728358548
2024-06-19 09:24:22 - INFO - Epoch 311/800, Loss: 1.3001538074726406
2024-06-19 09:24:35 - INFO - Epoch 312/800, Loss: 1.301442154809886
2024-06-19 09:24:48 - INFO - Epoch 313/800, Loss: 1.361753129174463
2024-06-19 09:25:02 - INFO - Epoch 314/800, Loss: 1.3280349768660467
2024-06-19 09:25:15 - INFO - Epoch 315/800, Loss: 1.3042943738097899
2024-06-19 09:25:28 - INFO - Epoch 316/800, Loss: 1.3290907531493223
2024-06-19 09:25:41 - INFO - Epoch 317/800, Loss: 1.3259455504701354
2024-06-19 09:25:54 - INFO - Epoch 318/800, Loss: 1.290330307084314
2024-06-19 09:26:07 - INFO - Epoch 319/800, Loss: 1.2987808650858659
2024-06-19 09:26:21 - INFO - Epoch 320/800, Loss: 1.293902028384404
2024-06-19 09:26:34 - INFO - Epoch 321/800, Loss: 1.332233503917346
2024-06-19 09:26:47 - INFO - Epoch 322/800, Loss: 1.3150139425350067
2024-06-19 09:27:00 - INFO - Epoch 323/800, Loss: 1.2885313385761872
2024-06-19 09:27:13 - INFO - Epoch 324/800, Loss: 1.297070668791315
2024-06-19 09:27:27 - INFO - Epoch 325/800, Loss: 1.3429129230855859
2024-06-19 09:27:40 - INFO - Epoch 326/800, Loss: 1.3038211279083194
2024-06-19 09:27:53 - INFO - Epoch 327/800, Loss: 1.3446052325285556
2024-06-19 09:28:06 - INFO - Epoch 328/800, Loss: 1.3218091438212598
2024-06-19 09:28:20 - INFO - Epoch 329/800, Loss: 1.3358118956554375
2024-06-19 09:28:33 - INFO - Epoch 330/800, Loss: 1.3165048943710522
2024-06-19 09:28:46 - INFO - Epoch 331/800, Loss: 1.3129623722443824
2024-06-19 09:28:59 - INFO - Epoch 332/800, Loss: 1.3223808573713303
2024-06-19 09:29:12 - INFO - Epoch 333/800, Loss: 1.3215378251406227
2024-06-19 09:29:25 - INFO - Epoch 334/800, Loss: 1.312518885515449
2024-06-19 09:29:39 - INFO - Epoch 335/800, Loss: 1.2971492984751158
2024-06-19 09:29:52 - INFO - Epoch 336/800, Loss: 1.3217998947252962
2024-06-19 09:30:05 - INFO - Epoch 337/800, Loss: 1.319037192739359
2024-06-19 09:30:18 - INFO - Epoch 338/800, Loss: 1.3064194517571608
2024-06-19 09:30:31 - INFO - Epoch 339/800, Loss: 1.3257822351287678
2024-06-19 09:30:44 - INFO - Epoch 340/800, Loss: 1.353384788568419
2024-06-19 09:30:57 - INFO - Epoch 341/800, Loss: 1.2976750389488871
2024-06-19 09:31:11 - INFO - Epoch 342/800, Loss: 1.3059260826392503
2024-06-19 09:31:24 - INFO - Epoch 343/800, Loss: 1.3067701454026948
2024-06-19 09:31:37 - INFO - Epoch 344/800, Loss: 1.3028960246155519
2024-06-19 09:31:50 - INFO - Epoch 345/800, Loss: 1.365898324650534
2024-06-19 09:32:03 - INFO - Epoch 346/800, Loss: 1.2976751553653778
2024-06-19 09:32:16 - INFO - Epoch 347/800, Loss: 1.4101312053628599
2024-06-19 09:32:29 - INFO - Epoch 348/800, Loss: 1.3133243032841204
2024-06-19 09:32:43 - INFO - Epoch 349/800, Loss: 1.3399164573210793
2024-06-19 09:32:56 - INFO - Epoch 350/800, Loss: 1.3315428633772557
2024-06-19 09:33:09 - INFO - Epoch 351/800, Loss: 1.3286952992776269
2024-06-19 09:33:22 - INFO - Epoch 352/800, Loss: 1.3173733821824212
2024-06-19 09:33:35 - INFO - Epoch 353/800, Loss: 1.3302488624315374
2024-06-19 09:33:48 - INFO - Epoch 354/800, Loss: 1.313146928394821
2024-06-19 09:34:01 - INFO - Epoch 355/800, Loss: 1.3426073738367539
2024-06-19 09:34:15 - INFO - Epoch 356/800, Loss: 1.3103906014682314
2024-06-19 09:34:28 - INFO - Epoch 357/800, Loss: 1.3070621959352873
2024-06-19 09:34:41 - INFO - Epoch 358/800, Loss: 1.3110789440446544
2024-06-19 09:34:54 - INFO - Epoch 359/800, Loss: 1.3120099330432733
2024-06-19 09:35:07 - INFO - Epoch 360/800, Loss: 1.365842884357009
2024-06-19 09:35:20 - INFO - Epoch 361/800, Loss: 1.297379571723344
2024-06-19 09:35:33 - INFO - Epoch 362/800, Loss: 1.3283283875748042
2024-06-19 09:35:47 - INFO - Epoch 363/800, Loss: 1.3468874235596056
2024-06-19 09:36:00 - INFO - Epoch 364/800, Loss: 1.3191708323569087
2024-06-19 09:36:13 - INFO - Epoch 365/800, Loss: 1.319571092682548
2024-06-19 09:36:26 - INFO - Epoch 366/800, Loss: 1.3360797043531136
2024-06-19 09:36:39 - INFO - Epoch 367/800, Loss: 1.3193298414407046
2024-06-19 09:36:52 - INFO - Epoch 368/800, Loss: 1.3316318556969067
2024-06-19 09:37:06 - INFO - Epoch 369/800, Loss: 1.3100229281458857
2024-06-19 09:37:19 - INFO - Epoch 370/800, Loss: 1.3488016420509428
2024-06-19 09:37:32 - INFO - Epoch 371/800, Loss: 1.3137989847257658
2024-06-19 09:37:45 - INFO - Epoch 372/800, Loss: 1.307478257914121
2024-06-19 09:37:58 - INFO - Epoch 373/800, Loss: 1.3111292712471116
2024-06-19 09:38:12 - INFO - Epoch 374/800, Loss: 1.2847137772177506
2024-06-19 09:38:25 - INFO - Epoch 375/800, Loss: 1.3088116447657259
2024-06-19 09:38:38 - INFO - Epoch 376/800, Loss: 1.2933662394424896
2024-06-19 09:38:51 - INFO - Epoch 377/800, Loss: 1.3111728934271312
2024-06-19 09:39:04 - INFO - Epoch 378/800, Loss: 1.3189692512602729
2024-06-19 09:39:17 - INFO - Epoch 379/800, Loss: 1.3200062873423009
2024-06-19 09:39:31 - INFO - Epoch 380/800, Loss: 1.302338191800518
2024-06-19 09:39:44 - INFO - Epoch 381/800, Loss: 1.3005401701744987
2024-06-19 09:39:57 - INFO - Epoch 382/800, Loss: 1.312387232234531
2024-06-19 09:40:10 - INFO - Epoch 383/800, Loss: 1.2967235279364193
2024-06-19 09:40:23 - INFO - Epoch 384/800, Loss: 1.3124853019096394
2024-06-19 09:40:36 - INFO - Epoch 385/800, Loss: 1.335315998805892
2024-06-19 09:40:50 - INFO - Epoch 386/800, Loss: 1.291005144504159
2024-06-19 09:41:03 - INFO - Epoch 387/800, Loss: 1.300251611576959
2024-06-19 09:41:16 - INFO - Epoch 388/800, Loss: 1.3208495568504328
2024-06-19 09:41:29 - INFO - Epoch 389/800, Loss: 1.3131498195511835
2024-06-19 09:41:42 - INFO - Epoch 390/800, Loss: 1.3056633775993265
2024-06-19 09:41:55 - INFO - Epoch 391/800, Loss: 1.3237900550531796
2024-06-19 09:42:09 - INFO - Epoch 392/800, Loss: 1.400489959292114
2024-06-19 09:42:22 - INFO - Epoch 393/800, Loss: 1.336383962217847
2024-06-19 09:42:35 - INFO - Epoch 394/800, Loss: 1.5167768112492575
2024-06-19 09:42:48 - INFO - Epoch 395/800, Loss: 1.3166881667483232
2024-06-19 09:43:01 - INFO - Epoch 396/800, Loss: 1.338021168592213
2024-06-19 09:43:15 - INFO - Epoch 397/800, Loss: 1.3379369622515218
2024-06-19 09:43:28 - INFO - Epoch 398/800, Loss: 1.3172714000731693
2024-06-19 09:43:41 - INFO - Epoch 399/800, Loss: 1.3276982605498866
2024-06-19 09:43:54 - INFO - Epoch 400/800, Loss: 1.3208890231614974
2024-06-19 09:44:07 - INFO - Epoch 401/800, Loss: 1.3233507876116235
2024-06-19 09:44:20 - INFO - Epoch 402/800, Loss: 1.3112328875177337
2024-06-19 09:44:34 - INFO - Epoch 403/800, Loss: 1.3947633193448314
2024-06-19 09:44:47 - INFO - Epoch 404/800, Loss: 1.3140417100528414
2024-06-19 09:44:59 - INFO - Epoch 405/800, Loss: 1.2945477430920098
2024-06-19 09:45:08 - INFO - Epoch 406/800, Loss: 1.4096305625783245
2024-06-19 09:45:15 - INFO - Epoch 407/800, Loss: 1.4999363529728151
2024-06-19 09:45:22 - INFO - Epoch 408/800, Loss: 1.318302486030725
2024-06-19 09:45:29 - INFO - Epoch 409/800, Loss: 1.3136551214584395
2024-06-19 09:45:36 - INFO - Epoch 410/800, Loss: 1.3072250798418728
2024-06-19 09:45:44 - INFO - Epoch 411/800, Loss: 1.3301288068144912
2024-06-19 09:45:51 - INFO - Epoch 412/800, Loss: 1.336974327940935
2024-06-19 09:45:58 - INFO - Epoch 413/800, Loss: 1.3197732239951927
2024-06-19 09:46:05 - INFO - Epoch 414/800, Loss: 1.333481134810009
2024-06-19 09:46:12 - INFO - Epoch 415/800, Loss: 1.31495419214866
2024-06-19 09:46:20 - INFO - Epoch 416/800, Loss: 1.315006509228619
2024-06-19 09:46:27 - INFO - Epoch 417/800, Loss: 1.317775632105728
2024-06-19 09:46:34 - INFO - Epoch 418/800, Loss: 1.337009690160649
2024-06-19 09:46:41 - INFO - Epoch 419/800, Loss: 1.3519215039316317
2024-06-19 09:46:48 - INFO - Epoch 420/800, Loss: 1.3400069541336685
2024-06-19 09:46:56 - INFO - Epoch 421/800, Loss: 1.3814789080002792
2024-06-19 09:47:03 - INFO - Epoch 422/800, Loss: 1.3474188623460261
2024-06-19 09:47:10 - INFO - Epoch 423/800, Loss: 1.3278525237707293
2024-06-19 09:47:17 - INFO - Epoch 424/800, Loss: 1.287391749553998
2024-06-19 09:47:25 - INFO - Epoch 425/800, Loss: 1.3389201390218497
2024-06-19 09:47:32 - INFO - Epoch 426/800, Loss: 1.283983381854265
2024-06-19 09:47:39 - INFO - Epoch 427/800, Loss: 1.303672949931603
2024-06-19 09:47:46 - INFO - Epoch 428/800, Loss: 1.2923983422437484
2024-06-19 09:47:54 - INFO - Epoch 429/800, Loss: 1.3201730619030774
2024-06-19 09:48:01 - INFO - Epoch 430/800, Loss: 1.3107049684946115
2024-06-19 09:48:08 - INFO - Epoch 431/800, Loss: 1.3292071046374785
2024-06-19 09:48:16 - INFO - Epoch 432/800, Loss: 1.365883966129051
2024-06-19 09:48:23 - INFO - Epoch 433/800, Loss: 1.3216790211603564
2024-06-19 09:48:30 - INFO - Epoch 434/800, Loss: 1.2993516863481285
2024-06-19 09:48:37 - INFO - Epoch 435/800, Loss: 1.468996949468603
2024-06-19 09:48:45 - INFO - Epoch 436/800, Loss: 1.3093886670970754
2024-06-19 09:48:52 - INFO - Epoch 437/800, Loss: 1.349063824300669
2024-06-19 09:48:59 - INFO - Epoch 438/800, Loss: 1.34506377703707
2024-06-19 09:49:07 - INFO - Epoch 439/800, Loss: 1.7166260471793058
2024-06-19 09:49:14 - INFO - Epoch 440/800, Loss: 1.3077445693945433
2024-06-19 09:49:21 - INFO - Epoch 441/800, Loss: 1.3004696178863233
2024-06-19 09:49:28 - INFO - Epoch 442/800, Loss: 1.332343505071983
2024-06-19 09:49:36 - INFO - Epoch 443/800, Loss: 1.3428884689674792
2024-06-19 09:49:43 - INFO - Epoch 444/800, Loss: 1.3375127961300564
2024-06-19 09:49:50 - INFO - Epoch 445/800, Loss: 1.3031850765036588
2024-06-19 09:49:57 - INFO - Epoch 446/800, Loss: 1.2963179358183488
2024-06-19 09:50:05 - INFO - Epoch 447/800, Loss: 1.3553264918688843
2024-06-19 09:50:12 - INFO - Epoch 448/800, Loss: 1.3038025362892351
2024-06-19 09:50:19 - INFO - Epoch 449/800, Loss: 1.3271216076775316
2024-06-19 09:50:27 - INFO - Epoch 450/800, Loss: 1.3090021187738357
2024-06-19 09:50:34 - INFO - Epoch 451/800, Loss: 1.3555344647456429
2024-06-19 09:50:41 - INFO - Epoch 452/800, Loss: 1.3176117665829843
2024-06-19 09:50:48 - INFO - Epoch 453/800, Loss: 1.3030136500819924
2024-06-19 09:50:56 - INFO - Epoch 454/800, Loss: 1.2983264561521066
2024-06-19 09:51:03 - INFO - Epoch 455/800, Loss: 1.348466781627205
2024-06-19 09:51:10 - INFO - Epoch 456/800, Loss: 1.3296605279265779
2024-06-19 09:51:18 - INFO - Epoch 457/800, Loss: 1.3262556407074049
2024-06-19 09:51:25 - INFO - Epoch 458/800, Loss: 1.3218199831779014
2024-06-19 09:51:33 - INFO - Epoch 459/800, Loss: 1.35494456032754
2024-06-19 09:51:40 - INFO - Epoch 460/800, Loss: 1.3013726687246256
2024-06-19 09:51:47 - INFO - Epoch 461/800, Loss: 1.3201149225024418
2024-06-19 09:51:55 - INFO - Epoch 462/800, Loss: 1.2794600362608812
2024-06-19 09:52:02 - INFO - Epoch 463/800, Loss: 1.3058220910149372
2024-06-19 09:52:09 - INFO - Epoch 464/800, Loss: 1.3203654892357168
2024-06-19 09:52:17 - INFO - Epoch 465/800, Loss: 1.3065377894496506
2024-06-19 09:52:24 - INFO - Epoch 466/800, Loss: 1.3004717995685684
2024-06-19 09:52:32 - INFO - Epoch 467/800, Loss: 1.3326178512518716
2024-06-19 09:52:39 - INFO - Epoch 468/800, Loss: 1.3084298946177761
2024-06-19 09:52:47 - INFO - Epoch 469/800, Loss: 1.310246025297436
2024-06-19 09:52:55 - INFO - Epoch 470/800, Loss: 1.3285170089238214
2024-06-19 09:53:02 - INFO - Epoch 471/800, Loss: 1.3011357781001893
2024-06-19 09:53:09 - INFO - Epoch 472/800, Loss: 1.3171448870770897
2024-06-19 09:53:19 - INFO - Epoch 473/800, Loss: 1.3803344916051685
2024-06-19 09:53:30 - INFO - Epoch 474/800, Loss: 1.3126703614565316
2024-06-19 09:53:44 - INFO - Epoch 475/800, Loss: 1.32546260756096
2024-06-19 09:53:57 - INFO - Epoch 476/800, Loss: 1.3084552997614733
2024-06-19 09:54:10 - INFO - Epoch 477/800, Loss: 1.3374807777411657
2024-06-19 09:54:24 - INFO - Epoch 478/800, Loss: 1.296174988167913
2024-06-19 09:54:37 - INFO - Epoch 479/800, Loss: 1.2999614702576359
2024-06-19 09:54:50 - INFO - Epoch 480/800, Loss: 1.3099033035383294
2024-06-19 09:55:04 - INFO - Epoch 481/800, Loss: 1.4876830761377124
2024-06-19 09:55:17 - INFO - Epoch 482/800, Loss: 1.461001366289602
2024-06-19 09:55:30 - INFO - Epoch 483/800, Loss: 1.2968558124300549
2024-06-19 09:55:44 - INFO - Epoch 484/800, Loss: 1.2865849835062628
2024-06-19 09:55:57 - INFO - Epoch 485/800, Loss: 1.4428680131654052
2024-06-19 09:56:10 - INFO - Epoch 486/800, Loss: 1.3214138848276333
2024-06-19 09:56:23 - INFO - Epoch 487/800, Loss: 1.3224543939406794
2024-06-19 09:56:39 - INFO - Epoch 488/800, Loss: 1.2924283492494781
2024-06-19 09:56:59 - INFO - Epoch 489/800, Loss: 1.3233265286375664
2024-06-19 09:57:19 - INFO - Epoch 490/800, Loss: 1.3364593749298344
2024-06-19 09:57:39 - INFO - Epoch 491/800, Loss: 1.351825414749888
2024-06-19 09:57:58 - INFO - Epoch 492/800, Loss: 1.303246698834787
2024-06-19 09:58:18 - INFO - Epoch 493/800, Loss: 1.3059724035862847
2024-06-19 09:58:38 - INFO - Epoch 494/800, Loss: 1.4982655540434924
2024-06-19 09:58:58 - INFO - Epoch 495/800, Loss: 1.343577124387246
2024-06-19 09:59:18 - INFO - Epoch 496/800, Loss: 1.335838539848732
2024-06-19 09:59:38 - INFO - Epoch 497/800, Loss: 1.3087136419737173
2024-06-19 09:59:58 - INFO - Epoch 498/800, Loss: 1.3084251311502157
2024-06-19 10:00:18 - INFO - Epoch 499/800, Loss: 1.3158374400516326
2024-06-19 10:00:38 - INFO - Epoch 500/800, Loss: 1.301623924780506
2024-06-19 10:00:58 - INFO - Epoch 501/800, Loss: 1.3561107889866733
2024-06-19 10:01:18 - INFO - Epoch 502/800, Loss: 1.284448708868069
2024-06-19 10:01:38 - INFO - Epoch 503/800, Loss: 1.2998184064982499
2024-06-19 10:01:58 - INFO - Epoch 504/800, Loss: 1.3328211769057812
2024-06-19 10:02:18 - INFO - Epoch 505/800, Loss: 1.2800822908097118
2024-06-19 10:02:38 - INFO - Epoch 506/800, Loss: 1.3234409205180877
2024-06-19 10:02:58 - INFO - Epoch 507/800, Loss: 1.299593995240633
2024-06-19 10:03:18 - INFO - Epoch 508/800, Loss: 1.2931220399470629
2024-06-19 10:03:38 - INFO - Epoch 509/800, Loss: 1.3127621445912716
2024-06-19 10:03:58 - INFO - Epoch 510/800, Loss: 1.298349404597678
2024-06-19 10:04:18 - INFO - Epoch 511/800, Loss: 1.307689252250149
2024-06-19 10:04:38 - INFO - Epoch 512/800, Loss: 1.3069096381254333
2024-06-19 10:04:58 - INFO - Epoch 513/800, Loss: 1.3131908600574058
2024-06-19 10:05:18 - INFO - Epoch 514/800, Loss: 1.3109008371428246
2024-06-19 10:05:38 - INFO - Epoch 515/800, Loss: 1.3666323713803454
2024-06-19 10:05:58 - INFO - Epoch 516/800, Loss: 1.3330626468226672
2024-06-19 10:06:18 - INFO - Epoch 517/800, Loss: 1.3106389996486025
2024-06-19 10:06:38 - INFO - Epoch 518/800, Loss: 1.3098426933682115
2024-06-19 10:06:58 - INFO - Epoch 519/800, Loss: 1.319785430231548
2024-06-19 10:07:18 - INFO - Epoch 520/800, Loss: 1.288259196424398
2024-06-19 10:07:38 - INFO - Epoch 521/800, Loss: 1.3068958480825918
2024-06-19 10:07:58 - INFO - Epoch 522/800, Loss: 1.3098278074718246
2024-06-19 10:08:18 - INFO - Epoch 523/800, Loss: 1.309492197649829
2024-06-19 10:08:38 - INFO - Epoch 524/800, Loss: 1.3211755653596438
2024-06-19 10:08:58 - INFO - Epoch 525/800, Loss: 1.3108179803917066
2024-06-19 10:09:18 - INFO - Epoch 526/800, Loss: 1.331713502881694
2024-06-19 10:09:38 - INFO - Epoch 527/800, Loss: 1.3417482968460137
2024-06-19 10:09:58 - INFO - Epoch 528/800, Loss: 1.36247276190362
2024-06-19 10:10:18 - INFO - Epoch 529/800, Loss: 1.3125981709694798
2024-06-19 10:10:38 - INFO - Epoch 530/800, Loss: 1.2954419192044644
2024-06-19 10:10:58 - INFO - Epoch 531/800, Loss: 1.318109121093445
2024-06-19 10:11:18 - INFO - Epoch 532/800, Loss: 1.3082306536808677
2024-06-19 10:11:38 - INFO - Epoch 533/800, Loss: 1.3180858841424694
2024-06-19 10:11:58 - INFO - Epoch 534/800, Loss: 1.3775013148776325
2024-06-19 10:12:17 - INFO - Epoch 535/800, Loss: 1.3286988627476732
2024-06-19 10:12:37 - INFO - Epoch 536/800, Loss: 1.422392338260815
2024-06-19 10:12:57 - INFO - Epoch 537/800, Loss: 1.2859148342495366
2024-06-19 10:13:17 - INFO - Epoch 538/800, Loss: 1.3106066637049048
2024-06-19 10:13:37 - INFO - Epoch 539/800, Loss: 1.3284723212328526
2024-06-19 10:13:57 - INFO - Epoch 540/800, Loss: 1.2983464649967837
2024-06-19 10:14:17 - INFO - Epoch 541/800, Loss: 1.3527317953144098
2024-06-19 10:14:37 - INFO - Epoch 542/800, Loss: 1.3105606716923626
2024-06-19 10:14:57 - INFO - Epoch 543/800, Loss: 1.308206200112039
2024-06-19 10:15:17 - INFO - Epoch 544/800, Loss: 1.3017618724094389
2024-06-19 10:15:37 - INFO - Epoch 545/800, Loss: 1.3936546733232742
2024-06-19 10:15:57 - INFO - Epoch 546/800, Loss: 1.304602348271958
2024-06-19 10:16:17 - INFO - Epoch 547/800, Loss: 1.310234345457951
2024-06-19 10:16:37 - INFO - Epoch 548/800, Loss: 1.317339846076357
2024-06-19 10:16:57 - INFO - Epoch 549/800, Loss: 1.317933955802604
2024-06-19 10:17:17 - INFO - Epoch 550/800, Loss: 1.3109182708572489
2024-06-19 10:17:37 - INFO - Epoch 551/800, Loss: 1.3069279400955343
2024-06-19 10:17:57 - INFO - Epoch 552/800, Loss: 1.3246576355817246
2024-06-19 10:18:17 - INFO - Epoch 553/800, Loss: 1.3270920147896035
2024-06-19 10:18:37 - INFO - Epoch 554/800, Loss: 1.3309762123566107
2024-06-19 10:18:57 - INFO - Epoch 555/800, Loss: 1.3002135944805324
2024-06-19 10:19:17 - INFO - Epoch 556/800, Loss: 1.3116405340704587
2024-06-19 10:19:37 - INFO - Epoch 557/800, Loss: 1.296558046010683
2024-06-19 10:19:57 - INFO - Epoch 558/800, Loss: 1.3359396951897775
2024-06-19 10:20:17 - INFO - Epoch 559/800, Loss: 1.3156260529339343
2024-06-19 10:20:37 - INFO - Epoch 560/800, Loss: 1.3393950528171568
2024-06-19 10:20:57 - INFO - Epoch 561/800, Loss: 1.497483031218761
2024-06-19 10:21:17 - INFO - Epoch 562/800, Loss: 1.3284855536523958
2024-06-19 10:21:37 - INFO - Epoch 563/800, Loss: 1.315571817910439
2024-06-19 10:21:57 - INFO - Epoch 564/800, Loss: 1.326802037698213
2024-06-19 10:22:16 - INFO - Epoch 565/800, Loss: 1.3531848366155355
2024-06-19 10:22:36 - INFO - Epoch 566/800, Loss: 1.346146346385335
2024-06-19 10:22:56 - INFO - Epoch 567/800, Loss: 1.3311146632434656
2024-06-19 10:23:16 - INFO - Epoch 568/800, Loss: 1.334247671964361
2024-06-19 10:23:36 - INFO - Epoch 569/800, Loss: 1.3070081173888766
2024-06-19 10:23:56 - INFO - Epoch 570/800, Loss: 1.2965957776237742
2024-06-19 10:24:16 - INFO - Epoch 571/800, Loss: 1.2985959765147848
2024-06-19 10:24:36 - INFO - Epoch 572/800, Loss: 1.3017814017703098
2024-06-19 10:24:56 - INFO - Epoch 573/800, Loss: 1.3483943153124764
2024-06-19 10:25:16 - INFO - Epoch 574/800, Loss: 1.2995491241835786
2024-06-19 10:25:36 - INFO - Epoch 575/800, Loss: 1.3225008653407482
2024-06-19 10:25:56 - INFO - Epoch 576/800, Loss: 1.3493592223490276
2024-06-19 10:26:16 - INFO - Epoch 577/800, Loss: 1.3126206513601095
2024-06-19 10:26:36 - INFO - Epoch 578/800, Loss: 1.3057225167055884
2024-06-19 10:26:56 - INFO - Epoch 579/800, Loss: 1.2830081672506348
2024-06-19 10:27:16 - INFO - Epoch 580/800, Loss: 1.3342484154916456
2024-06-19 10:27:36 - INFO - Epoch 581/800, Loss: 1.4021668184259604
2024-06-19 10:27:56 - INFO - Epoch 582/800, Loss: 1.303272538566248
2024-06-19 10:28:16 - INFO - Epoch 583/800, Loss: 1.301915011811344
2024-06-19 10:28:36 - INFO - Epoch 584/800, Loss: 1.3031621326386378
2024-06-19 10:28:56 - INFO - Epoch 585/800, Loss: 1.312663792865643
2024-06-19 10:29:16 - INFO - Epoch 586/800, Loss: 1.3702053541652397
2024-06-19 10:29:36 - INFO - Epoch 587/800, Loss: 1.290545482889953
2024-06-19 10:29:56 - INFO - Epoch 588/800, Loss: 1.3018584420772652
2024-06-19 10:30:16 - INFO - Epoch 589/800, Loss: 1.3231032847366266
2024-06-19 10:30:36 - INFO - Epoch 590/800, Loss: 1.3036418125834783
2024-06-19 10:30:56 - INFO - Epoch 591/800, Loss: 1.3024650285063675
2024-06-19 10:31:16 - INFO - Epoch 592/800, Loss: 1.2970802576888896
2024-06-19 10:31:36 - INFO - Epoch 593/800, Loss: 1.2998474894699035
2024-06-19 10:31:56 - INFO - Epoch 594/800, Loss: 1.3127170142915543
2024-06-19 10:32:16 - INFO - Epoch 595/800, Loss: 1.3070122182669845
2024-06-19 10:32:36 - INFO - Epoch 596/800, Loss: 1.3021188383625957
2024-06-19 10:32:56 - INFO - Epoch 597/800, Loss: 1.3389824949170634
2024-06-19 10:33:16 - INFO - Epoch 598/800, Loss: 1.3746913711307538
2024-06-19 10:33:36 - INFO - Epoch 599/800, Loss: 1.4124657771513451
2024-06-19 10:33:56 - INFO - Epoch 600/800, Loss: 1.3246172637236378
2024-06-19 10:34:16 - INFO - Epoch 601/800, Loss: 1.2923124523579101
2024-06-19 10:34:36 - INFO - Epoch 602/800, Loss: 1.3339406141913186
2024-06-19 10:34:56 - INFO - Epoch 603/800, Loss: 1.3374524842726936
2024-06-19 10:35:16 - INFO - Epoch 604/800, Loss: 1.3224997738800426
2024-06-19 10:35:36 - INFO - Epoch 605/800, Loss: 1.3281561421288532
2024-06-19 10:35:56 - INFO - Epoch 606/800, Loss: 1.3218799552856029
2024-06-19 10:36:16 - INFO - Epoch 607/800, Loss: 1.3360616608000264
2024-06-19 10:36:36 - INFO - Epoch 608/800, Loss: 1.2842765113984127
2024-06-19 10:36:56 - INFO - Epoch 609/800, Loss: 1.3405238432913695
2024-06-19 10:37:16 - INFO - Epoch 610/800, Loss: 1.3463082380254459
2024-06-19 10:37:35 - INFO - Epoch 611/800, Loss: 1.3339577844738821
2024-06-19 10:37:55 - INFO - Epoch 612/800, Loss: 1.3145907870403135
2024-06-19 10:38:15 - INFO - Epoch 613/800, Loss: 1.328524212244747
2024-06-19 10:38:35 - INFO - Epoch 614/800, Loss: 1.307799380826234
2024-06-19 10:38:55 - INFO - Epoch 615/800, Loss: 1.300228299757917
2024-06-19 10:39:15 - INFO - Epoch 616/800, Loss: 1.2934670162540054
2024-06-19 10:39:35 - INFO - Epoch 617/800, Loss: 1.3711931649618876
2024-06-19 10:39:55 - INFO - Epoch 618/800, Loss: 1.304215476751516
2024-06-19 10:40:15 - INFO - Epoch 619/800, Loss: 1.347260130148289
2024-06-19 10:40:35 - INFO - Epoch 620/800, Loss: 1.2915962115785586
2024-06-19 10:40:55 - INFO - Epoch 621/800, Loss: 1.3090730688924688
2024-06-19 10:41:15 - INFO - Epoch 622/800, Loss: 1.350420253787619
2024-06-19 10:41:35 - INFO - Epoch 623/800, Loss: 1.2834809642536718
2024-06-19 10:41:55 - INFO - Epoch 624/800, Loss: 1.3101724797598915
2024-06-19 10:42:15 - INFO - Epoch 625/800, Loss: 1.2901855250956018
2024-06-19 10:42:35 - INFO - Epoch 626/800, Loss: 1.3386602747951797
2024-06-19 10:42:55 - INFO - Epoch 627/800, Loss: 1.3571213478767872
2024-06-19 10:43:15 - INFO - Epoch 628/800, Loss: 1.3542980709451848
2024-06-19 10:43:35 - INFO - Epoch 629/800, Loss: 1.2817737508844156
2024-06-19 10:43:55 - INFO - Epoch 630/800, Loss: 1.300500865813906
2024-06-19 10:44:15 - INFO - Epoch 631/800, Loss: 1.319160002883118
2024-06-19 10:44:35 - INFO - Epoch 632/800, Loss: 1.3073353771273908
2024-06-19 10:44:55 - INFO - Epoch 633/800, Loss: 1.3523178782051024
2024-06-19 10:45:15 - INFO - Epoch 634/800, Loss: 1.3291007478893349
2024-06-19 10:45:35 - INFO - Epoch 635/800, Loss: 1.290074430227734
2024-06-19 10:45:55 - INFO - Epoch 636/800, Loss: 1.3428774647082555
2024-06-19 10:46:15 - INFO - Epoch 637/800, Loss: 1.3388825914093192
2024-06-19 10:46:35 - INFO - Epoch 638/800, Loss: 1.2997012902396674
2024-06-19 10:46:55 - INFO - Epoch 639/800, Loss: 1.292706436976359
2024-06-19 10:47:15 - INFO - Epoch 640/800, Loss: 1.3000811924524556
2024-06-19 10:47:35 - INFO - Epoch 641/800, Loss: 1.3445391237489162
2024-06-19 10:47:55 - INFO - Epoch 642/800, Loss: 1.3161940921750999
2024-06-19 10:48:10 - INFO - Epoch 643/800, Loss: 1.356754964150096
2024-06-19 10:48:23 - INFO - Epoch 644/800, Loss: 1.3073180325664204
2024-06-19 10:48:37 - INFO - Epoch 645/800, Loss: 1.3131985046959642
2024-06-19 10:48:50 - INFO - Epoch 646/800, Loss: 1.2972288821296911
2024-06-19 10:49:03 - INFO - Epoch 647/800, Loss: 1.3140713532300239
2024-06-19 10:49:16 - INFO - Epoch 648/800, Loss: 1.290701979183449
2024-06-19 10:49:29 - INFO - Epoch 649/800, Loss: 1.3517879957668022
2024-06-19 10:49:42 - INFO - Epoch 650/800, Loss: 1.3952161469220372
2024-06-19 10:49:52 - INFO - Epoch 651/800, Loss: 1.46641444792249
2024-06-19 10:50:02 - INFO - Epoch 652/800, Loss: 1.3382177017436934
2024-06-19 10:50:11 - INFO - Epoch 653/800, Loss: 1.3098046202828173
2024-06-19 10:50:21 - INFO - Epoch 654/800, Loss: 1.298159852545669
2024-06-19 10:50:31 - INFO - Epoch 655/800, Loss: 1.2889445080909194
2024-06-19 10:50:41 - INFO - Epoch 656/800, Loss: 1.304082407017319
2024-06-19 10:50:51 - INFO - Epoch 657/800, Loss: 1.3196105559888602
2024-06-19 10:51:01 - INFO - Epoch 658/800, Loss: 1.3317030847549842
2024-06-19 10:51:10 - INFO - Epoch 659/800, Loss: 1.3171132514207804
2024-06-19 10:51:20 - INFO - Epoch 660/800, Loss: 1.431782703765825
2024-06-19 10:51:30 - INFO - Epoch 661/800, Loss: 1.3171259418600236
2024-06-19 10:51:40 - INFO - Epoch 662/800, Loss: 1.298472315653461
2024-06-19 10:51:50 - INFO - Epoch 663/800, Loss: 1.3662831397549724
2024-06-19 10:52:00 - INFO - Epoch 664/800, Loss: 1.3268002058867547
2024-06-19 10:52:09 - INFO - Epoch 665/800, Loss: 1.3395366948424359
2024-06-19 10:52:19 - INFO - Epoch 666/800, Loss: 1.3663578610514873
2024-06-19 10:52:29 - INFO - Epoch 667/800, Loss: 1.3584319654604007
2024-06-19 10:52:39 - INFO - Epoch 668/800, Loss: 1.3157684057376067
2024-06-19 10:52:49 - INFO - Epoch 669/800, Loss: 1.2995525533665464
2024-06-19 10:52:58 - INFO - Epoch 670/800, Loss: 1.3222168316398046
2024-06-19 10:53:08 - INFO - Epoch 671/800, Loss: 1.3098107355994026
2024-06-19 10:53:18 - INFO - Epoch 672/800, Loss: 1.2918516958806603
2024-06-19 10:53:28 - INFO - Epoch 673/800, Loss: 1.3346665370238795
2024-06-19 10:53:38 - INFO - Epoch 674/800, Loss: 1.3085036661226712
2024-06-19 10:53:48 - INFO - Epoch 675/800, Loss: 1.3567505859211555
2024-06-19 10:53:58 - INFO - Epoch 676/800, Loss: 1.306587385753372
2024-06-19 10:54:07 - INFO - Epoch 677/800, Loss: 1.312398259974443
2024-06-19 10:54:17 - INFO - Epoch 678/800, Loss: 1.385895997500567
2024-06-19 10:54:27 - INFO - Epoch 679/800, Loss: 1.3113462283112252
2024-06-19 10:54:37 - INFO - Epoch 680/800, Loss: 1.2923433166032765
2024-06-19 10:54:47 - INFO - Epoch 681/800, Loss: 1.3747621506420697
2024-06-19 10:54:56 - INFO - Epoch 682/800, Loss: 1.3038708881365895
2024-06-19 10:55:06 - INFO - Epoch 683/800, Loss: 1.348923486584495
2024-06-19 10:55:16 - INFO - Epoch 684/800, Loss: 1.3046458702741714
2024-06-19 10:55:26 - INFO - Epoch 685/800, Loss: 1.3283974112856145
2024-06-19 10:55:36 - INFO - Epoch 686/800, Loss: 1.3334274381262008
2024-06-19 10:55:46 - INFO - Epoch 687/800, Loss: 1.3142172138278567
2024-06-19 10:55:55 - INFO - Epoch 688/800, Loss: 1.2847250609092453
2024-06-19 10:56:05 - INFO - Epoch 689/800, Loss: 1.2927811281100225
2024-06-19 10:56:15 - INFO - Epoch 690/800, Loss: 1.3142876489244566
2024-06-19 10:56:25 - INFO - Epoch 691/800, Loss: 1.373783142270888
2024-06-19 10:56:35 - INFO - Epoch 692/800, Loss: 1.3283674611111251
2024-06-19 10:56:44 - INFO - Epoch 693/800, Loss: 1.3713386630887838
2024-06-19 10:56:54 - INFO - Epoch 694/800, Loss: 1.3030612920983025
2024-06-19 10:57:04 - INFO - Epoch 695/800, Loss: 1.3293470824531712
2024-06-19 10:57:14 - INFO - Epoch 696/800, Loss: 1.3228993710350891
2024-06-19 10:57:24 - INFO - Epoch 697/800, Loss: 1.3178112882758342
2024-06-19 10:57:34 - INFO - Epoch 698/800, Loss: 1.3737112790635677
2024-06-19 10:57:43 - INFO - Epoch 699/800, Loss: 1.317170600525833
2024-06-19 10:57:53 - INFO - Epoch 700/800, Loss: 1.3887861624414806
2024-06-19 10:58:03 - INFO - Epoch 701/800, Loss: 1.389449423423279
2024-06-19 10:58:13 - INFO - Epoch 702/800, Loss: 1.324026155875206
2024-06-19 10:58:23 - INFO - Epoch 703/800, Loss: 1.3125907497492892
2024-06-19 10:58:32 - INFO - Epoch 704/800, Loss: 1.3207035345307057
2024-06-19 10:58:42 - INFO - Epoch 705/800, Loss: 1.3129535957880667
2024-06-19 10:58:52 - INFO - Epoch 706/800, Loss: 1.3518024952553618
2024-06-19 10:59:02 - INFO - Epoch 707/800, Loss: 1.3234160150138647
2024-06-19 10:59:12 - INFO - Epoch 708/800, Loss: 1.3430345456304176
2024-06-19 10:59:22 - INFO - Epoch 709/800, Loss: 1.2891398630885629
2024-06-19 10:59:31 - INFO - Epoch 710/800, Loss: 1.3094006249890557
2024-06-19 10:59:41 - INFO - Epoch 711/800, Loss: 1.3935671024994554
2024-06-19 10:59:51 - INFO - Epoch 712/800, Loss: 1.3243697718286627
2024-06-19 11:00:01 - INFO - Epoch 713/800, Loss: 1.350945090440473
2024-06-19 11:00:11 - INFO - Epoch 714/800, Loss: 1.3158987688119457
2024-06-19 11:00:21 - INFO - Epoch 715/800, Loss: 1.3096655132350732
2024-06-19 11:00:30 - INFO - Epoch 716/800, Loss: 1.3499263539471864
2024-06-19 11:00:40 - INFO - Epoch 717/800, Loss: 1.304357516872541
2024-06-19 11:00:50 - INFO - Epoch 718/800, Loss: 1.312749729825242
2024-06-19 11:01:00 - INFO - Epoch 719/800, Loss: 1.3466561926805962
2024-06-19 11:01:10 - INFO - Epoch 720/800, Loss: 1.342631411503666
2024-06-19 11:01:20 - INFO - Epoch 721/800, Loss: 1.4140472400749777
2024-06-19 11:01:30 - INFO - Epoch 722/800, Loss: 1.288633147609487
2024-06-19 11:01:39 - INFO - Epoch 723/800, Loss: 1.33918313720366
2024-06-19 11:01:49 - INFO - Epoch 724/800, Loss: 1.3006186280596104
2024-06-19 11:01:59 - INFO - Epoch 725/800, Loss: 1.3116409074715456
2024-06-19 11:02:09 - INFO - Epoch 726/800, Loss: 1.3913513385606202
2024-06-19 11:02:19 - INFO - Epoch 727/800, Loss: 1.3082088261686187
2024-06-19 11:02:28 - INFO - Epoch 728/800, Loss: 1.3011731877517807
2024-06-19 11:02:38 - INFO - Epoch 729/800, Loss: 1.330279908790663
2024-06-19 11:02:48 - INFO - Epoch 730/800, Loss: 1.321179885686494
2024-06-19 11:02:58 - INFO - Epoch 731/800, Loss: 1.3310608375035353
2024-06-19 11:03:08 - INFO - Epoch 732/800, Loss: 1.3173336363601225
2024-06-19 11:03:18 - INFO - Epoch 733/800, Loss: 1.3172641226267074
2024-06-19 11:03:28 - INFO - Epoch 734/800, Loss: 1.3007743579930289
2024-06-19 11:03:37 - INFO - Epoch 735/800, Loss: 1.3287354608169024
2024-06-19 11:03:47 - INFO - Epoch 736/800, Loss: 1.3253163798707734
2024-06-19 11:03:57 - INFO - Epoch 737/800, Loss: 1.2991725831817995
2024-06-19 11:04:07 - INFO - Epoch 738/800, Loss: 1.3158247411010022
2024-06-19 11:04:17 - INFO - Epoch 739/800, Loss: 1.3588487338594206
2024-06-19 11:04:27 - INFO - Epoch 740/800, Loss: 1.4387333845319772
2024-06-19 11:04:36 - INFO - Epoch 741/800, Loss: 1.2983803765486626
2024-06-19 11:04:46 - INFO - Epoch 742/800, Loss: 1.3216469703966098
2024-06-19 11:04:56 - INFO - Epoch 743/800, Loss: 1.3094363598382353
2024-06-19 11:05:06 - INFO - Epoch 744/800, Loss: 1.2911251648344133
2024-06-19 11:05:16 - INFO - Epoch 745/800, Loss: 1.3361174016408228
2024-06-19 11:05:26 - INFO - Epoch 746/800, Loss: 1.3233419654370795
2024-06-19 11:05:35 - INFO - Epoch 747/800, Loss: 1.3010555271024469
2024-06-19 11:05:45 - INFO - Epoch 748/800, Loss: 1.3294621668660767
2024-06-19 11:05:55 - INFO - Epoch 749/800, Loss: 1.3268826775086928
2024-06-19 11:06:05 - INFO - Epoch 750/800, Loss: 1.323196716323666
2024-06-19 11:06:15 - INFO - Epoch 751/800, Loss: 1.3088648799727698
2024-06-19 11:06:25 - INFO - Epoch 752/800, Loss: 1.312227923623057
2024-06-19 11:06:35 - INFO - Epoch 753/800, Loss: 1.61159588523375
2024-06-19 11:06:44 - INFO - Epoch 754/800, Loss: 1.3717166710635782
2024-06-19 11:06:54 - INFO - Epoch 755/800, Loss: 1.3118472658275238
2024-06-19 11:07:04 - INFO - Epoch 756/800, Loss: 1.3202438976111586
2024-06-19 11:07:14 - INFO - Epoch 757/800, Loss: 1.307405738569462
2024-06-19 11:07:24 - INFO - Epoch 758/800, Loss: 1.327973480219179
2024-06-19 11:07:34 - INFO - Epoch 759/800, Loss: 1.2857949326118487
2024-06-19 11:07:43 - INFO - Epoch 760/800, Loss: 1.3138508870390753
2024-06-19 11:07:53 - INFO - Epoch 761/800, Loss: 1.3010406514504784
2024-06-19 11:08:03 - INFO - Epoch 762/800, Loss: 1.3179404203201754
2024-06-19 11:08:13 - INFO - Epoch 763/800, Loss: 1.315591279612433
2024-06-19 11:08:23 - INFO - Epoch 764/800, Loss: 1.3213190428965629
2024-06-19 11:08:33 - INFO - Epoch 765/800, Loss: 1.288002643276889
2024-06-19 11:08:42 - INFO - Epoch 766/800, Loss: 1.3291567750363449
2024-06-19 11:08:52 - INFO - Epoch 767/800, Loss: 1.3048223074480052
2024-06-19 11:09:02 - INFO - Epoch 768/800, Loss: 1.3236514245405948
2024-06-19 11:09:12 - INFO - Epoch 769/800, Loss: 1.323316746244469
2024-06-19 11:09:22 - INFO - Epoch 770/800, Loss: 1.3303888703203819
2024-06-19 11:09:32 - INFO - Epoch 771/800, Loss: 1.320584932974136
2024-06-19 11:09:41 - INFO - Epoch 772/800, Loss: 1.3805969336080466
2024-06-19 11:09:51 - INFO - Epoch 773/800, Loss: 1.3024977905638453
2024-06-19 11:10:01 - INFO - Epoch 774/800, Loss: 1.3146303273840982
2024-06-19 11:10:11 - INFO - Epoch 775/800, Loss: 1.322152937823956
2024-06-19 11:10:21 - INFO - Epoch 776/800, Loss: 1.3493622556998575
2024-06-19 11:10:31 - INFO - Epoch 777/800, Loss: 1.3463834621459323
2024-06-19 11:10:40 - INFO - Epoch 778/800, Loss: 1.3205936363549853
2024-06-19 11:10:50 - INFO - Epoch 779/800, Loss: 1.2827890868056842
2024-06-19 11:11:00 - INFO - Epoch 780/800, Loss: 1.2939344750052244
2024-06-19 11:11:10 - INFO - Epoch 781/800, Loss: 1.3215020742674826
2024-06-19 11:11:20 - INFO - Epoch 782/800, Loss: 1.2975173226982315
2024-06-19 11:11:29 - INFO - Epoch 783/800, Loss: 1.2889466164684282
2024-06-19 11:11:39 - INFO - Epoch 784/800, Loss: 1.3009147770882583
2024-06-19 11:11:49 - INFO - Epoch 785/800, Loss: 1.2993034731309427
2024-06-19 11:11:59 - INFO - Epoch 786/800, Loss: 1.3201866812305472
2024-06-19 11:12:09 - INFO - Epoch 787/800, Loss: 1.347162577384786
2024-06-19 11:12:19 - INFO - Epoch 788/800, Loss: 1.2832409342156
2024-06-19 11:12:28 - INFO - Epoch 789/800, Loss: 1.2918725430436233
2024-06-19 11:12:38 - INFO - Epoch 790/800, Loss: 1.358089038020524
2024-06-19 11:12:48 - INFO - Epoch 791/800, Loss: 1.33131672034884
2024-06-19 11:12:58 - INFO - Epoch 792/800, Loss: 1.2945567858339393
2024-06-19 11:13:08 - INFO - Epoch 793/800, Loss: 1.3854617549635757
2024-06-19 11:13:18 - INFO - Epoch 794/800, Loss: 1.354389623186387
2024-06-19 11:13:27 - INFO - Epoch 795/800, Loss: 1.3401897352221555
2024-06-19 11:13:37 - INFO - Epoch 796/800, Loss: 1.3217772191906165
2024-06-19 11:13:47 - INFO - Epoch 797/800, Loss: 1.312593073502016
2024-06-19 11:13:57 - INFO - Epoch 798/800, Loss: 1.7830170507749763
2024-06-19 11:14:07 - INFO - Epoch 799/800, Loss: 1.31203979039876
2024-06-19 11:14:16 - INFO - Epoch 800/800, Loss: 1.3687721145140301
2024-06-19 11:14:16 - INFO - Finished training model.
2024-06-19 11:14:17 - INFO - 
Generated Code:
2024-06-19 11:14:17 - INFO - g , { float c = FLOAT_LITERAL / FLOAT_LITERAL / FLOAT_LITERAL ; float g = FLOAT_LITERAL / FLOAT_LITERAL / FLOAT_LITERAL ; float g = FLOAT_LITERAL / FLOAT_LITERAL / FLOAT_LITERAL ; float g = FLOAT_LITERAL / FLOAT_LITERAL / FLOAT_LITERAL ; return f ; } if fun5 ( FLOAT_LITERAL , FLOAT_LITERAL ) : { float c = FLOAT_LITERAL / FLOAT_LITERAL / FLOAT_LITERAL ; float g = FLOAT_LITERAL / FLOAT_LITERAL / FLOAT_LITERAL ; float g = FLOAT_LITERAL / FLOAT_LITERAL / FLOAT_LITERAL ; float g = FLOAT_LITERAL / FLOAT_LITERAL / FLOAT_LITERAL ; return f ; } if fun5 ( FLOAT_LITERAL , FLOAT_LITERAL ) :
2024-06-19 11:14:17 - INFO - Finished training LSTM model.
