2024-07-24 17:35:33 - INFO - This log entry will go into a uniquely named file for this run.
2024-07-24 17:35:33 - INFO - without hidden
2024-07-24 17:35:33 - INFO - Params:
2024-07-24 17:35:33 - INFO - embedding_dim=32
2024-07-24 17:35:33 - INFO - hidden_dim:32
2024-07-24 17:35:33 - INFO - num_layers:2
2024-07-24 17:35:33 - INFO - epochs:100
2024-07-24 17:35:33 - INFO - batch_size:64
2024-07-24 17:35:33 - INFO - lr:0.001
2024-07-24 17:35:36 - INFO - Starting LSTM model training...
2024-07-24 17:35:38 - INFO - Epoch: 1/100, Training Loss: 0.6936363372309454
2024-07-24 17:35:38 - INFO - Epoch: 1/100, Validation Loss: 0.6932914827404351, Accuracy: 49.00242653006201%
2024-07-24 17:35:38 - INFO - Model saved with validation accuracy: 49.00242653006201%
2024-07-24 17:35:39 - INFO - Epoch: 2/100, Training Loss: 0.693401764564473
2024-07-24 17:35:40 - INFO - Epoch: 2/100, Validation Loss: 0.6935322284698486, Accuracy: 49.97303855486654%
2024-07-24 17:35:40 - INFO - Model saved with validation accuracy: 49.97303855486654%
2024-07-24 17:35:41 - INFO - Epoch: 3/100, Training Loss: 0.6932716584154244
2024-07-24 17:35:41 - INFO - Epoch: 3/100, Validation Loss: 0.6935017329865488, Accuracy: 48.503639795093015%
2024-07-24 17:35:43 - INFO - Epoch: 4/100, Training Loss: 0.6932822852556048
2024-07-24 17:35:43 - INFO - Epoch: 4/100, Validation Loss: 0.6935883539504019, Accuracy: 49.94607710973308%
2024-07-24 17:35:44 - INFO - Epoch: 5/100, Training Loss: 0.693188980478665
2024-07-24 17:35:44 - INFO - Epoch: 5/100, Validation Loss: 0.6935982329064402, Accuracy: 47.80264222162308%
2024-07-24 17:35:46 - INFO - Epoch: 6/100, Training Loss: 0.6932857736688236
2024-07-24 17:35:46 - INFO - Epoch: 6/100, Validation Loss: 0.693495863984371, Accuracy: 47.38473982205446%
2024-07-24 17:35:47 - INFO - Epoch: 7/100, Training Loss: 0.69323991380375
2024-07-24 17:35:47 - INFO - Epoch: 7/100, Validation Loss: 0.6936662433476284, Accuracy: 47.18252898355352%
2024-07-24 17:35:49 - INFO - Epoch: 8/100, Training Loss: 0.6931840452397692
2024-07-24 17:35:49 - INFO - Epoch: 8/100, Validation Loss: 0.6940202327637837, Accuracy: 47.357778376921004%
2024-07-24 17:35:50 - INFO - Epoch: 9/100, Training Loss: 0.6931666517309074
2024-07-24 17:35:50 - INFO - Epoch: 9/100, Validation Loss: 0.693889611240091, Accuracy: 49.75734699379887%
2024-07-24 17:35:52 - INFO - Epoch: 10/100, Training Loss: 0.6932180227133734
2024-07-24 17:35:52 - INFO - Epoch: 10/100, Validation Loss: 0.6937980379523903, Accuracy: 48.65192774332704%
2024-07-24 17:35:53 - INFO - Epoch: 11/100, Training Loss: 0.6931504012438757
2024-07-24 17:35:53 - INFO - Epoch: 11/100, Validation Loss: 0.6940212234340865, Accuracy: 47.15556753842006%
2024-07-24 17:35:55 - INFO - Epoch: 12/100, Training Loss: 0.6932044364511967
2024-07-24 17:35:55 - INFO - Epoch: 12/100, Validation Loss: 0.6937539279460907, Accuracy: 47.43866271232138%
2024-07-24 17:35:56 - INFO - Epoch: 13/100, Training Loss: 0.6931211220036293
2024-07-24 17:35:56 - INFO - Epoch: 13/100, Validation Loss: 0.694209290989514, Accuracy: 46.37368562954974%
2024-07-24 17:35:58 - INFO - Epoch: 14/100, Training Loss: 0.6931573372205784
2024-07-24 17:35:58 - INFO - Epoch: 14/100, Validation Loss: 0.6940402373157698, Accuracy: 46.15799406848207%
2024-07-24 17:35:59 - INFO - Epoch: 15/100, Training Loss: 0.6931624854433125
2024-07-24 17:35:59 - INFO - Epoch: 15/100, Validation Loss: 0.6941067278385162, Accuracy: 45.53788083041251%
2024-07-24 17:36:01 - INFO - Epoch: 16/100, Training Loss: 0.6931592933833599
2024-07-24 17:36:01 - INFO - Epoch: 16/100, Validation Loss: 0.6942669338193433, Accuracy: 45.969263952547855%
2024-07-24 17:36:02 - INFO - Epoch: 17/100, Training Loss: 0.6931438434483677
2024-07-24 17:36:02 - INFO - Epoch: 17/100, Validation Loss: 0.6942855520495053, Accuracy: 46.79158802911836%
2024-07-24 17:36:04 - INFO - Epoch: 18/100, Training Loss: 0.6930706307035068
2024-07-24 17:36:04 - INFO - Epoch: 18/100, Validation Loss: 0.6947042361415666, Accuracy: 48.51712051765975%
2024-07-24 17:36:05 - INFO - Epoch: 19/100, Training Loss: 0.6931258621143883
2024-07-24 17:36:05 - INFO - Epoch: 19/100, Validation Loss: 0.6945008126826122, Accuracy: 45.38959288217848%
2024-07-24 17:36:07 - INFO - Epoch: 20/100, Training Loss: 0.6930445662603296
2024-07-24 17:36:07 - INFO - Epoch: 20/100, Validation Loss: 0.6949559290861261, Accuracy: 48.01833378269075%
2024-07-24 17:36:08 - INFO - Epoch: 21/100, Training Loss: 0.6930627111217071
2024-07-24 17:36:09 - INFO - Epoch: 21/100, Validation Loss: 0.6950947071971565, Accuracy: 45.74009166891345%
2024-07-24 17:36:10 - INFO - Epoch: 22/100, Training Loss: 0.6930348753672222
2024-07-24 17:36:10 - INFO - Epoch: 22/100, Validation Loss: 0.6959256673681324, Accuracy: 47.209490428686976%
2024-07-24 17:36:12 - INFO - Epoch: 23/100, Training Loss: 0.6930211254491888
2024-07-24 17:36:12 - INFO - Epoch: 23/100, Validation Loss: 0.6954611781342276, Accuracy: 44.35157724454031%
2024-07-24 17:36:13 - INFO - Epoch: 24/100, Training Loss: 0.692997565171842
2024-07-24 17:36:13 - INFO - Epoch: 24/100, Validation Loss: 0.6958145232036196, Accuracy: 44.91776759234295%
2024-07-24 17:36:15 - INFO - Epoch: 25/100, Training Loss: 0.6929928494681572
2024-07-24 17:36:15 - INFO - Epoch: 25/100, Validation Loss: 0.695702321056662, Accuracy: 44.6211916958749%
2024-07-24 17:36:16 - INFO - Epoch: 26/100, Training Loss: 0.692878297947604
2024-07-24 17:36:16 - INFO - Epoch: 26/100, Validation Loss: 0.6974374980762087, Accuracy: 44.796441089242386%
2024-07-24 17:36:18 - INFO - Epoch: 27/100, Training Loss: 0.6929348914016937
2024-07-24 17:36:18 - INFO - Epoch: 27/100, Validation Loss: 0.6949720233678818, Accuracy: 43.852790509571314%
2024-07-24 17:36:19 - INFO - Epoch: 28/100, Training Loss: 0.6928455183475182
2024-07-24 17:36:19 - INFO - Epoch: 28/100, Validation Loss: 0.6970122076314071, Accuracy: 44.338096521973576%
2024-07-24 17:36:21 - INFO - Epoch: 29/100, Training Loss: 0.6929027551207049
2024-07-24 17:36:21 - INFO - Epoch: 29/100, Validation Loss: 0.6959097539556438, Accuracy: 44.63467241844163%
2024-07-24 17:36:22 - INFO - Epoch: 30/100, Training Loss: 0.6928242288272957
2024-07-24 17:36:22 - INFO - Epoch: 30/100, Validation Loss: 0.6972557152139729, Accuracy: 43.87975195470477%
2024-07-24 17:36:24 - INFO - Epoch: 31/100, Training Loss: 0.6928442823218888
2024-07-24 17:36:24 - INFO - Epoch: 31/100, Validation Loss: 0.6968724558065678, Accuracy: 44.40550013480723%
2024-07-24 17:36:25 - INFO - Epoch: 32/100, Training Loss: 0.6928021436364487
2024-07-24 17:36:25 - INFO - Epoch: 32/100, Validation Loss: 0.6971312915456707, Accuracy: 43.825829064437855%
2024-07-24 17:36:27 - INFO - Epoch: 33/100, Training Loss: 0.6927200329714808
2024-07-24 17:36:27 - INFO - Epoch: 33/100, Validation Loss: 0.6982045964948063, Accuracy: 43.61013750337018%
2024-07-24 17:36:28 - INFO - Epoch: 34/100, Training Loss: 0.6926880142298238
2024-07-24 17:36:28 - INFO - Epoch: 34/100, Validation Loss: 0.6983308314249433, Accuracy: 44.24373146400647%
2024-07-24 17:36:30 - INFO - Epoch: 35/100, Training Loss: 0.6927345010997921
2024-07-24 17:36:30 - INFO - Epoch: 35/100, Validation Loss: 0.6971707174490238, Accuracy: 44.2572121865732%
2024-07-24 17:36:31 - INFO - Epoch: 36/100, Training Loss: 0.6926069993140369
2024-07-24 17:36:32 - INFO - Epoch: 36/100, Validation Loss: 0.6991827796245443, Accuracy: 42.558641143165275%
2024-07-24 17:36:33 - INFO - Epoch: 37/100, Training Loss: 0.6925194120869554
2024-07-24 17:36:33 - INFO - Epoch: 37/100, Validation Loss: 0.6995271218234095, Accuracy: 43.65057967107037%
2024-07-24 17:36:34 - INFO - Epoch: 38/100, Training Loss: 0.6925595170208092
2024-07-24 17:36:35 - INFO - Epoch: 38/100, Validation Loss: 0.7008813177717144, Accuracy: 42.08681585332974%
2024-07-24 17:36:36 - INFO - Epoch: 39/100, Training Loss: 0.6924458024059904
2024-07-24 17:36:36 - INFO - Epoch: 39/100, Validation Loss: 0.7013845937005405, Accuracy: 42.167700188730116%
2024-07-24 17:36:38 - INFO - Epoch: 40/100, Training Loss: 0.6923375990370224
2024-07-24 17:36:38 - INFO - Epoch: 40/100, Validation Loss: 0.7018924689498441, Accuracy: 42.20814235643031%
2024-07-24 17:36:39 - INFO - Epoch: 41/100, Training Loss: 0.6923314981676382
2024-07-24 17:36:39 - INFO - Epoch: 41/100, Validation Loss: 0.699679857184147, Accuracy: 42.72040981396603%
2024-07-24 17:36:41 - INFO - Epoch: 42/100, Training Loss: 0.6922724047868416
2024-07-24 17:36:41 - INFO - Epoch: 42/100, Validation Loss: 0.7043390217526205, Accuracy: 41.439741170126716%
2024-07-24 17:36:42 - INFO - Epoch: 43/100, Training Loss: 0.6920377636521027
2024-07-24 17:36:42 - INFO - Epoch: 43/100, Validation Loss: 0.7031689019038759, Accuracy: 42.949582097600434%
2024-07-24 17:36:43 - INFO - Epoch: 44/100, Training Loss: 0.6921125487263861
2024-07-24 17:36:44 - INFO - Epoch: 44/100, Validation Loss: 0.7055404324983728, Accuracy: 41.06228093825829%
2024-07-24 17:36:45 - INFO - Epoch: 45/100, Training Loss: 0.6921639288293904
2024-07-24 17:36:45 - INFO - Epoch: 45/100, Validation Loss: 0.7038587948371624, Accuracy: 40.87355082232408%
2024-07-24 17:36:46 - INFO - Epoch: 46/100, Training Loss: 0.6920513472166555
2024-07-24 17:36:47 - INFO - Epoch: 46/100, Validation Loss: 0.7051110678705675, Accuracy: 40.25343758425451%
2024-07-24 17:36:48 - INFO - Epoch: 47/100, Training Loss: 0.6919006209435135
2024-07-24 17:36:48 - INFO - Epoch: 47/100, Validation Loss: 0.7053309036739941, Accuracy: 40.44216770018873%
2024-07-24 17:36:50 - INFO - Epoch: 48/100, Training Loss: 0.6916560946867384
2024-07-24 17:36:50 - INFO - Epoch: 48/100, Validation Loss: 0.7073574883156809, Accuracy: 40.415206255055274%
2024-07-24 17:36:51 - INFO - Epoch: 49/100, Training Loss: 0.6917671446913275
2024-07-24 17:36:51 - INFO - Epoch: 49/100, Validation Loss: 0.7059240860157999, Accuracy: 39.86249662981936%
2024-07-24 17:36:53 - INFO - Epoch: 50/100, Training Loss: 0.6915707065370577
2024-07-24 17:36:53 - INFO - Epoch: 50/100, Validation Loss: 0.71212146405516, Accuracy: 39.8355351846859%
2024-07-24 17:36:54 - INFO - Epoch: 51/100, Training Loss: 0.6914954276691223
2024-07-24 17:36:55 - INFO - Epoch: 51/100, Validation Loss: 0.7088267222560686, Accuracy: 39.71420868158533%
2024-07-24 17:36:56 - INFO - Epoch: 52/100, Training Loss: 0.69149709480076
2024-07-24 17:36:56 - INFO - Epoch: 52/100, Validation Loss: 0.7093144239022814, Accuracy: 39.538959288217846%
2024-07-24 17:36:58 - INFO - Epoch: 53/100, Training Loss: 0.6912538607058853
2024-07-24 17:36:58 - INFO - Epoch: 53/100, Validation Loss: 0.7158460976748631, Accuracy: 39.72768940415206%
2024-07-24 17:36:59 - INFO - Epoch: 54/100, Training Loss: 0.6913200592429474
2024-07-24 17:36:59 - INFO - Epoch: 54/100, Validation Loss: 0.7127985337684895, Accuracy: 39.28282555944999%
2024-07-24 17:37:01 - INFO - Epoch: 55/100, Training Loss: 0.6911005188935789
2024-07-24 17:37:01 - INFO - Epoch: 55/100, Validation Loss: 0.7157840420459879, Accuracy: 38.86492315988137%
2024-07-24 17:37:02 - INFO - Epoch: 56/100, Training Loss: 0.6911226107642569
2024-07-24 17:37:02 - INFO - Epoch: 56/100, Validation Loss: 0.7172496329093802, Accuracy: 38.730115934214076%
2024-07-24 17:37:04 - INFO - Epoch: 57/100, Training Loss: 0.6908991434450807
2024-07-24 17:37:04 - INFO - Epoch: 57/100, Validation Loss: 0.7177734842588162, Accuracy: 38.19088703154489%
2024-07-24 17:37:05 - INFO - Epoch: 58/100, Training Loss: 0.6909462029820886
2024-07-24 17:37:06 - INFO - Epoch: 58/100, Validation Loss: 0.7191570534788329, Accuracy: 38.393097870045835%
2024-07-24 17:37:07 - INFO - Epoch: 59/100, Training Loss: 0.6908936472288494
2024-07-24 17:37:07 - INFO - Epoch: 59/100, Validation Loss: 0.7165437315044731, Accuracy: 38.04259908331087%
2024-07-24 17:37:09 - INFO - Epoch: 60/100, Training Loss: 0.6906733159618131
2024-07-24 17:37:09 - INFO - Epoch: 60/100, Validation Loss: 0.7206412815842135, Accuracy: 38.420059315179294%
2024-07-24 17:37:10 - INFO - Epoch: 61/100, Training Loss: 0.690258054897703
2024-07-24 17:37:10 - INFO - Epoch: 61/100, Validation Loss: 0.7205926318620813, Accuracy: 37.61121596117552%
2024-07-24 17:37:12 - INFO - Epoch: 62/100, Training Loss: 0.690507041996923
2024-07-24 17:37:12 - INFO - Epoch: 62/100, Validation Loss: 0.7254295909199221, Accuracy: 37.53033162577514%
2024-07-24 17:37:13 - INFO - Epoch: 63/100, Training Loss: 0.6901101955565913
2024-07-24 17:37:13 - INFO - Epoch: 63/100, Validation Loss: 0.7285594092360859, Accuracy: 37.4629280129415%
2024-07-24 17:37:15 - INFO - Epoch: 64/100, Training Loss: 0.6900378608241163
2024-07-24 17:37:15 - INFO - Epoch: 64/100, Validation Loss: 0.7291290374665425, Accuracy: 37.08546778107306%
2024-07-24 17:37:16 - INFO - Epoch: 65/100, Training Loss: 0.6898745384452671
2024-07-24 17:37:16 - INFO - Epoch: 65/100, Validation Loss: 0.7271819875158113, Accuracy: 36.519277433270425%
2024-07-24 17:37:18 - INFO - Epoch: 66/100, Training Loss: 0.6899173218628456
2024-07-24 17:37:18 - INFO - Epoch: 66/100, Validation Loss: 0.7270424288922342, Accuracy: 37.16635211647344%
2024-07-24 17:37:19 - INFO - Epoch: 67/100, Training Loss: 0.6893880825875134
2024-07-24 17:37:19 - INFO - Epoch: 67/100, Validation Loss: 0.7350605906083666, Accuracy: 36.492315988136966%
2024-07-24 17:37:21 - INFO - Epoch: 68/100, Training Loss: 0.6893744148827833
2024-07-24 17:37:21 - INFO - Epoch: 68/100, Validation Loss: 0.729343014030621, Accuracy: 36.30358587220275%
2024-07-24 17:37:22 - INFO - Epoch: 69/100, Training Loss: 0.6894431838701511
2024-07-24 17:37:23 - INFO - Epoch: 69/100, Validation Loss: 0.7336323035174402, Accuracy: 36.546238878403884%
2024-07-24 17:37:24 - INFO - Epoch: 70/100, Training Loss: 0.6892708741642278
2024-07-24 17:37:24 - INFO - Epoch: 70/100, Validation Loss: 0.7367667889800565, Accuracy: 35.80479913723376%
2024-07-24 17:37:25 - INFO - Epoch: 71/100, Training Loss: 0.6885798721220987
2024-07-24 17:37:25 - INFO - Epoch: 71/100, Validation Loss: 0.7432922988102354, Accuracy: 35.99352925316797%
2024-07-24 17:37:27 - INFO - Epoch: 72/100, Training Loss: 0.6889736088442391
2024-07-24 17:37:27 - INFO - Epoch: 72/100, Validation Loss: 0.7449918610268625, Accuracy: 35.818279859800484%
