2024-07-24 17:37:44 - INFO - This log entry will go into a uniquely named file for this run.
2024-07-24 17:37:44 - INFO - without hidden
2024-07-24 17:37:44 - INFO - Params:
2024-07-24 17:37:44 - INFO - embedding_dim=32
2024-07-24 17:37:44 - INFO - hidden_dim:32
2024-07-24 17:37:44 - INFO - num_layers:2
2024-07-24 17:37:44 - INFO - epochs:100
2024-07-24 17:37:44 - INFO - batch_size:512
2024-07-24 17:37:44 - INFO - lr:0.001
2024-07-24 17:37:47 - INFO - Starting LSTM model training...
2024-07-24 17:37:48 - INFO - Epoch: 1/100, Training Loss: 0.6935872260866494
2024-07-24 17:37:48 - INFO - Epoch: 1/100, Validation Loss: 0.6937585473060608, Accuracy: 49.78430843893233%
2024-07-24 17:37:48 - INFO - Model saved with validation accuracy: 49.78430843893233%
2024-07-24 17:37:48 - INFO - Epoch: 2/100, Training Loss: 0.6932550401523195
2024-07-24 17:37:48 - INFO - Epoch: 2/100, Validation Loss: 0.6934093832969666, Accuracy: 50.134807225667295%
2024-07-24 17:37:48 - INFO - Model saved with validation accuracy: 50.134807225667295%
2024-07-24 17:37:49 - INFO - Epoch: 3/100, Training Loss: 0.6932748638350388
2024-07-24 17:37:49 - INFO - Epoch: 3/100, Validation Loss: 0.6934112906455994, Accuracy: 47.937449447290376%
2024-07-24 17:37:49 - INFO - Epoch: 4/100, Training Loss: 0.693222196965382
2024-07-24 17:37:50 - INFO - Epoch: 4/100, Validation Loss: 0.6934909462928772, Accuracy: 49.770827716365595%
2024-07-24 17:37:50 - INFO - Epoch: 5/100, Training Loss: 0.6932668305676559
2024-07-24 17:37:50 - INFO - Epoch: 5/100, Validation Loss: 0.6936703602472941, Accuracy: 49.06983014289566%
2024-07-24 17:37:51 - INFO - Epoch: 6/100, Training Loss: 0.6932700594951366
2024-07-24 17:37:51 - INFO - Epoch: 6/100, Validation Loss: 0.6935749689737956, Accuracy: 48.82717713669453%
2024-07-24 17:37:51 - INFO - Epoch: 7/100, Training Loss: 0.6932634146049105
2024-07-24 17:37:51 - INFO - Epoch: 7/100, Validation Loss: 0.6938677867253621, Accuracy: 49.622539768131574%
2024-07-24 17:37:52 - INFO - Epoch: 8/100, Training Loss: 0.6932733007546129
2024-07-24 17:37:52 - INFO - Epoch: 8/100, Validation Loss: 0.693780509630839, Accuracy: 47.18252898355352%
2024-07-24 17:37:52 - INFO - Epoch: 9/100, Training Loss: 0.6931371616906133
2024-07-24 17:37:53 - INFO - Epoch: 9/100, Validation Loss: 0.6937832872072855, Accuracy: 46.71070369371798%
2024-07-24 17:37:53 - INFO - Epoch: 10/100, Training Loss: 0.6932651780802628
2024-07-24 17:37:53 - INFO - Epoch: 10/100, Validation Loss: 0.6938975731531779, Accuracy: 48.18010245349151%
2024-07-24 17:37:54 - INFO - Epoch: 11/100, Training Loss: 0.6931533854583214
2024-07-24 17:37:54 - INFO - Epoch: 11/100, Validation Loss: 0.6938697338104248, Accuracy: 46.5354543003505%
2024-07-24 17:37:54 - INFO - Epoch: 12/100, Training Loss: 0.6931657657541078
2024-07-24 17:37:55 - INFO - Epoch: 12/100, Validation Loss: 0.6939594904581706, Accuracy: 47.51954704772176%
2024-07-24 17:37:55 - INFO - Epoch: 13/100, Training Loss: 0.6931959349533607
2024-07-24 17:37:55 - INFO - Epoch: 13/100, Validation Loss: 0.693986984093984, Accuracy: 47.14208681585333%
2024-07-24 17:37:56 - INFO - Epoch: 14/100, Training Loss: 0.6931622984080479
2024-07-24 17:37:56 - INFO - Epoch: 14/100, Validation Loss: 0.694002878665924, Accuracy: 47.18252898355352%
2024-07-24 17:37:56 - INFO - Epoch: 15/100, Training Loss: 0.6931045774755806
2024-07-24 17:37:57 - INFO - Epoch: 15/100, Validation Loss: 0.6941950599352519, Accuracy: 47.9509301698571%
2024-07-24 17:37:57 - INFO - Epoch: 16/100, Training Loss: 0.693113905602488
2024-07-24 17:37:57 - INFO - Epoch: 16/100, Validation Loss: 0.6941182096799214, Accuracy: 46.79158802911836%
2024-07-24 17:37:58 - INFO - Epoch: 17/100, Training Loss: 0.6931330705511158
2024-07-24 17:37:58 - INFO - Epoch: 17/100, Validation Loss: 0.6941987236340841, Accuracy: 48.54408196279321%
2024-07-24 17:37:58 - INFO - Epoch: 18/100, Training Loss: 0.6930943059510198
2024-07-24 17:37:59 - INFO - Epoch: 18/100, Validation Loss: 0.6943810065587361, Accuracy: 46.92639525478565%
2024-07-24 17:37:59 - INFO - Epoch: 19/100, Training Loss: 0.6931523166853806
2024-07-24 17:37:59 - INFO - Epoch: 19/100, Validation Loss: 0.6943896929423015, Accuracy: 46.88595308708547%
2024-07-24 17:38:00 - INFO - Epoch: 20/100, Training Loss: 0.6930365356905707
2024-07-24 17:38:00 - INFO - Epoch: 20/100, Validation Loss: 0.6945824265480042, Accuracy: 47.263413318953894%
2024-07-24 17:38:00 - INFO - Epoch: 21/100, Training Loss: 0.6930989129789944
2024-07-24 17:38:00 - INFO - Epoch: 21/100, Validation Loss: 0.6946121215820312, Accuracy: 46.22539768131572%
2024-07-24 17:38:01 - INFO - Epoch: 22/100, Training Loss: 0.6930341391727842
2024-07-24 17:38:01 - INFO - Epoch: 22/100, Validation Loss: 0.6948933482170105, Accuracy: 47.37125909948773%
2024-07-24 17:38:02 - INFO - Epoch: 23/100, Training Loss: 0.6931023053054152
2024-07-24 17:38:02 - INFO - Epoch: 23/100, Validation Loss: 0.6948463360468546, Accuracy: 47.34429765435427%
2024-07-24 17:38:02 - INFO - Epoch: 24/100, Training Loss: 0.6930741945217396
2024-07-24 17:38:03 - INFO - Epoch: 24/100, Validation Loss: 0.6948129455248515, Accuracy: 45.87489889458075%
2024-07-24 17:38:03 - INFO - Epoch: 25/100, Training Loss: 0.6929860937184301
2024-07-24 17:38:03 - INFO - Epoch: 25/100, Validation Loss: 0.6951055765151978, Accuracy: 45.996225397681314%
2024-07-24 17:38:04 - INFO - Epoch: 26/100, Training Loss: 0.6930499539293092
2024-07-24 17:38:04 - INFO - Epoch: 26/100, Validation Loss: 0.6950252811113994, Accuracy: 45.78053383661364%
2024-07-24 17:38:04 - INFO - Epoch: 27/100, Training Loss: 0.6929998757510349
2024-07-24 17:38:05 - INFO - Epoch: 27/100, Validation Loss: 0.6951866308848064, Accuracy: 45.335669991911566%
2024-07-24 17:38:05 - INFO - Epoch: 28/100, Training Loss: 0.6929864873146189
2024-07-24 17:38:05 - INFO - Epoch: 28/100, Validation Loss: 0.6953023076057434, Accuracy: 45.74009166891345%
2024-07-24 17:38:06 - INFO - Epoch: 29/100, Training Loss: 0.6930077230108196
2024-07-24 17:38:06 - INFO - Epoch: 29/100, Validation Loss: 0.6955041289329529, Accuracy: 45.76705311404691%
2024-07-24 17:38:06 - INFO - Epoch: 30/100, Training Loss: 0.6930128500379366
2024-07-24 17:38:07 - INFO - Epoch: 30/100, Validation Loss: 0.6955733140309651, Accuracy: 45.16042059854408%
2024-07-24 17:38:07 - INFO - Epoch: 31/100, Training Loss: 0.6929524653944475
2024-07-24 17:38:07 - INFO - Epoch: 31/100, Validation Loss: 0.6956924438476563, Accuracy: 44.87732542464276%
2024-07-24 17:38:08 - INFO - Epoch: 32/100, Training Loss: 0.6929133739964716
2024-07-24 17:38:08 - INFO - Epoch: 32/100, Validation Loss: 0.695951243241628, Accuracy: 44.459423025074145%
2024-07-24 17:38:08 - INFO - Epoch: 33/100, Training Loss: 0.6928253574617977
2024-07-24 17:38:09 - INFO - Epoch: 33/100, Validation Loss: 0.6964027444521587, Accuracy: 44.6211916958749%
2024-07-24 17:38:09 - INFO - Epoch: 34/100, Training Loss: 0.6929617544700359
2024-07-24 17:38:09 - INFO - Epoch: 34/100, Validation Loss: 0.6963124394416809, Accuracy: 44.68859530870855%
2024-07-24 17:38:10 - INFO - Epoch: 35/100, Training Loss: 0.6928637726553555
2024-07-24 17:38:10 - INFO - Epoch: 35/100, Validation Loss: 0.6966277758280436, Accuracy: 44.05500134807226%
2024-07-24 17:38:10 - INFO - Epoch: 36/100, Training Loss: 0.6928662955760956
2024-07-24 17:38:11 - INFO - Epoch: 36/100, Validation Loss: 0.6969543655713399, Accuracy: 44.86384470207603%
2024-07-24 17:38:11 - INFO - Epoch: 37/100, Training Loss: 0.6928752444941422
2024-07-24 17:38:11 - INFO - Epoch: 37/100, Validation Loss: 0.6967404206593831, Accuracy: 43.74494472903748%
2024-07-24 17:38:12 - INFO - Epoch: 38/100, Training Loss: 0.6928262052864864
2024-07-24 17:38:12 - INFO - Epoch: 38/100, Validation Loss: 0.6972655177116394, Accuracy: 44.216770018873014%
2024-07-24 17:38:12 - INFO - Epoch: 39/100, Training Loss: 0.6927415636079065
2024-07-24 17:38:12 - INFO - Epoch: 39/100, Validation Loss: 0.6977991461753845, Accuracy: 43.3000808843354%
2024-07-24 17:38:13 - INFO - Epoch: 40/100, Training Loss: 0.6928339847202959
2024-07-24 17:38:13 - INFO - Epoch: 40/100, Validation Loss: 0.6977424263954163, Accuracy: 43.62361822593691%
2024-07-24 17:38:14 - INFO - Epoch: 41/100, Training Loss: 0.6927249945443252
2024-07-24 17:38:14 - INFO - Epoch: 41/100, Validation Loss: 0.6979006131490072, Accuracy: 42.81477487193314%
