2024-06-27 00:13:12 - INFO - This log entry will go into a uniquely named file for this run.
2024-06-27 00:13:13 - INFO - Params:
2024-06-27 00:13:13 - INFO - embedding_dim=128
2024-06-27 00:13:13 - INFO - hidden_dim:256
2024-06-27 00:13:13 - INFO - num_layers:2
2024-06-27 00:13:13 - INFO - epochs:200
2024-06-27 00:13:13 - INFO - batch_size:64
2024-06-27 00:13:13 - INFO - lr:0.0001
2024-06-27 00:13:16 - INFO - Starting LSTM model training...
2024-06-27 00:13:20 - INFO - Epoch: 1/200, Validation Loss: 0.6933508398486119, Accuracy: 51.0573092246399%
2024-06-27 00:13:25 - INFO - Epoch: 2/200, Validation Loss: 0.6934330311476016, Accuracy: 51.0573092246399%
2024-06-27 00:13:29 - INFO - Epoch: 3/200, Validation Loss: 0.6937947039510689, Accuracy: 51.0573092246399%
2024-06-27 00:13:33 - INFO - Epoch: 4/200, Validation Loss: 0.6934883699697607, Accuracy: 50.72019613852283%
2024-06-27 00:13:38 - INFO - Epoch: 5/200, Validation Loss: 0.6930754114599789, Accuracy: 51.21054244560221%
2024-06-27 00:13:41 - INFO - Epoch: 6/200, Validation Loss: 0.6913635204820072, Accuracy: 52.83481458780263%
2024-06-27 00:13:47 - INFO - Epoch: 7/200, Validation Loss: 0.6932644025952208, Accuracy: 51.0573092246399%
2024-06-27 00:13:55 - INFO - Epoch: 8/200, Validation Loss: 0.6955886623438667, Accuracy: 51.0573092246399%
2024-06-27 00:14:03 - INFO - Epoch: 9/200, Validation Loss: 0.6932945391711067, Accuracy: 51.0573092246399%
2024-06-27 00:14:08 - INFO - Epoch: 10/200, Validation Loss: 0.6936882535616556, Accuracy: 51.0573092246399%
2024-06-27 00:14:14 - INFO - Epoch: 11/200, Validation Loss: 0.6931917328460544, Accuracy: 51.0573092246399%
2024-06-27 00:14:21 - INFO - Epoch: 12/200, Validation Loss: 0.6958799268685135, Accuracy: 51.0573092246399%
2024-06-27 00:14:28 - INFO - Epoch: 13/200, Validation Loss: 0.6935820439282585, Accuracy: 51.0573092246399%
2024-06-27 00:14:37 - INFO - Epoch: 14/200, Validation Loss: 0.6933427943902857, Accuracy: 51.0573092246399%
2024-06-27 00:14:46 - INFO - Epoch: 15/200, Validation Loss: 0.6937098082374124, Accuracy: 51.0573092246399%
2024-06-27 00:14:57 - INFO - Epoch: 16/200, Validation Loss: 0.6936391533589831, Accuracy: 51.02666258044744%
2024-06-27 00:15:08 - INFO - Epoch: 17/200, Validation Loss: 0.6938675116090214, Accuracy: 51.0573092246399%
2024-06-27 00:15:18 - INFO - Epoch: 18/200, Validation Loss: 0.6959989503318188, Accuracy: 51.0573092246399%
2024-06-27 00:15:29 - INFO - Epoch: 19/200, Validation Loss: 0.6930523035573024, Accuracy: 51.0573092246399%
2024-06-27 00:15:39 - INFO - Epoch: 20/200, Validation Loss: 0.6927540933384615, Accuracy: 50.781489426907754%
2024-06-27 00:15:50 - INFO - Epoch: 21/200, Validation Loss: 0.6625588325893178, Accuracy: 61.17070180815201%
2024-06-27 00:16:01 - INFO - Epoch: 22/200, Validation Loss: 0.6492781031365488, Accuracy: 62.51915415262029%
2024-06-27 00:16:11 - INFO - Epoch: 23/200, Validation Loss: 0.6646588947258744, Accuracy: 61.99816120134845%
2024-06-27 00:16:21 - INFO - Epoch: 24/200, Validation Loss: 0.6733311052415886, Accuracy: 60.527122280110326%
2024-06-27 00:16:32 - INFO - Epoch: 25/200, Validation Loss: 0.6442246343575272, Accuracy: 59.94483604045357%
2024-06-27 00:16:41 - INFO - Epoch: 26/200, Validation Loss: 0.6238406148611331, Accuracy: 62.58044744100521%
2024-06-27 00:16:51 - INFO - Epoch: 27/200, Validation Loss: 0.6098702094134163, Accuracy: 64.05148636224334%
2024-06-27 00:17:01 - INFO - Epoch: 28/200, Validation Loss: 0.5981245461632224, Accuracy: 65.00153233220962%
2024-06-27 00:17:11 - INFO - Epoch: 29/200, Validation Loss: 0.5886134984446507, Accuracy: 65.491878639289%
2024-06-27 00:17:21 - INFO - Epoch: 30/200, Validation Loss: 0.5823895224169189, Accuracy: 65.52252528348146%
2024-06-27 00:17:31 - INFO - Epoch: 31/200, Validation Loss: 0.5773660657452602, Accuracy: 65.82899172540607%
2024-06-27 00:17:41 - INFO - Epoch: 32/200, Validation Loss: 0.5810998537961174, Accuracy: 65.85963836959853%
2024-06-27 00:17:51 - INFO - Epoch: 33/200, Validation Loss: 0.5658261407824123, Accuracy: 66.62580447441005%
2024-06-27 00:18:00 - INFO - Epoch: 34/200, Validation Loss: 0.5611147857179829, Accuracy: 67.42261722341404%
2024-06-27 00:18:10 - INFO - Epoch: 35/200, Validation Loss: 0.5450922589676053, Accuracy: 68.52589641434263%
2024-06-27 00:18:20 - INFO - Epoch: 36/200, Validation Loss: 0.5417404975376877, Accuracy: 69.29206251915416%
2024-06-27 00:18:30 - INFO - Epoch: 37/200, Validation Loss: 0.542659148866055, Accuracy: 68.46460312595771%
2024-06-27 00:18:40 - INFO - Epoch: 38/200, Validation Loss: 0.5382365783055624, Accuracy: 68.67912963530493%
2024-06-27 00:18:50 - INFO - Epoch: 39/200, Validation Loss: 0.5364288898075328, Accuracy: 68.8630095004597%
2024-06-27 00:19:00 - INFO - Epoch: 40/200, Validation Loss: 0.527268554650101, Accuracy: 69.78240882623352%
2024-06-27 00:19:10 - INFO - Epoch: 41/200, Validation Loss: 0.519531755470762, Accuracy: 69.9662886913883%
2024-06-27 00:19:20 - INFO - Epoch: 42/200, Validation Loss: 0.5292337192039863, Accuracy: 70.60986821942997%
2024-06-27 00:19:30 - INFO - Epoch: 43/200, Validation Loss: 0.5218172049989888, Accuracy: 69.87434875881091%
2024-06-27 00:19:40 - INFO - Epoch: 44/200, Validation Loss: 0.5111934414096907, Accuracy: 69.9662886913883%
2024-06-27 00:19:50 - INFO - Epoch: 45/200, Validation Loss: 0.4957503331642525, Accuracy: 72.11155378486056%
2024-06-27 00:20:00 - INFO - Epoch: 46/200, Validation Loss: 0.49443550437104467, Accuracy: 71.71314741035856%
2024-06-27 00:20:10 - INFO - Epoch: 47/200, Validation Loss: 0.4765246948775123, Accuracy: 73.58259270609868%
2024-06-27 00:20:20 - INFO - Epoch: 48/200, Validation Loss: 0.45391669518807354, Accuracy: 74.41005209929513%
2024-06-27 00:20:29 - INFO - Epoch: 49/200, Validation Loss: 0.4747518014674093, Accuracy: 73.7971192154459%
2024-06-27 00:20:39 - INFO - Epoch: 50/200, Validation Loss: 0.4496350709129782, Accuracy: 74.65522525283481%
2024-06-27 00:20:49 - INFO - Epoch: 51/200, Validation Loss: 0.4428505833242454, Accuracy: 74.5019920318725%
2024-06-27 00:20:59 - INFO - Epoch: 52/200, Validation Loss: 0.4402430057525635, Accuracy: 74.9003984063745%
2024-06-27 00:21:09 - INFO - Epoch: 53/200, Validation Loss: 0.4321470710576749, Accuracy: 74.7471651854122%
2024-06-27 00:21:19 - INFO - Epoch: 54/200, Validation Loss: 0.4253090222676595, Accuracy: 74.7471651854122%
2024-06-27 00:21:29 - INFO - Epoch: 55/200, Validation Loss: 0.4137238421860863, Accuracy: 74.9003984063745%
2024-06-27 00:21:38 - INFO - Epoch: 56/200, Validation Loss: 0.40172912794000964, Accuracy: 75.51333129022372%
2024-06-27 00:21:48 - INFO - Epoch: 57/200, Validation Loss: 0.40853925370702554, Accuracy: 75.63591786699357%
2024-06-27 00:21:58 - INFO - Epoch: 58/200, Validation Loss: 0.4048660409216787, Accuracy: 75.78915108795587%
2024-06-27 00:22:08 - INFO - Epoch: 59/200, Validation Loss: 0.37806979406113717, Accuracy: 77.10695678823168%
2024-06-27 00:22:18 - INFO - Epoch: 60/200, Validation Loss: 0.36276344166082497, Accuracy: 77.93441618142813%
2024-06-27 00:22:28 - INFO - Epoch: 61/200, Validation Loss: 0.3574866985573488, Accuracy: 78.2715292675452%
2024-06-27 00:22:37 - INFO - Epoch: 62/200, Validation Loss: 0.347629318634669, Accuracy: 78.45540913269997%
2024-06-27 00:22:47 - INFO - Epoch: 63/200, Validation Loss: 0.34543875239643396, Accuracy: 78.60864235366228%
2024-06-27 00:22:57 - INFO - Epoch: 64/200, Validation Loss: 0.35125984134627325, Accuracy: 78.70058228623965%
2024-06-27 00:23:07 - INFO - Epoch: 65/200, Validation Loss: 0.3783961642606586, Accuracy: 78.39411584431505%
2024-06-27 00:23:17 - INFO - Epoch: 66/200, Validation Loss: 0.3530690839477614, Accuracy: 78.54734906527736%
2024-06-27 00:23:27 - INFO - Epoch: 67/200, Validation Loss: 0.32450682655269025, Accuracy: 79.19092859331903%
2024-06-27 00:23:37 - INFO - Epoch: 68/200, Validation Loss: 0.3206440625237484, Accuracy: 79.28286852589642%
2024-06-27 00:23:46 - INFO - Epoch: 69/200, Validation Loss: 0.3261646865045323, Accuracy: 79.25222188170396%
2024-06-27 00:23:56 - INFO - Epoch: 70/200, Validation Loss: 0.3214804062656328, Accuracy: 79.16028194912657%
2024-06-27 00:24:06 - INFO - Epoch: 71/200, Validation Loss: 0.3153478213969399, Accuracy: 78.76187557462458%
2024-06-27 00:24:16 - INFO - Epoch: 72/200, Validation Loss: 0.33894527104555394, Accuracy: 78.30217591173766%
2024-06-27 00:24:26 - INFO - Epoch: 73/200, Validation Loss: 0.31555069749261816, Accuracy: 78.79252221881704%
2024-06-27 00:24:35 - INFO - Epoch: 74/200, Validation Loss: 0.3092920555203569, Accuracy: 78.48605577689243%
2024-06-27 00:24:45 - INFO - Epoch: 75/200, Validation Loss: 0.3197430868943532, Accuracy: 78.91510879558689%
2024-06-27 00:24:55 - INFO - Epoch: 76/200, Validation Loss: 0.3177781186851801, Accuracy: 78.9764020839718%
2024-06-27 00:25:05 - INFO - Epoch: 77/200, Validation Loss: 0.30798786352662477, Accuracy: 78.70058228623965%
2024-06-27 00:25:15 - INFO - Epoch: 78/200, Validation Loss: 0.30638967220689733, Accuracy: 78.63928899785473%
2024-06-27 00:25:25 - INFO - Epoch: 79/200, Validation Loss: 0.30954598737697975, Accuracy: 78.45540913269997%
2024-06-27 00:25:35 - INFO - Epoch: 80/200, Validation Loss: 0.3028541107972463, Accuracy: 77.93441618142813%
2024-06-27 00:25:44 - INFO - Epoch: 81/200, Validation Loss: 0.29470046653467064, Accuracy: 78.42476248850751%
2024-06-27 00:25:54 - INFO - Epoch: 82/200, Validation Loss: 0.29089244703451794, Accuracy: 77.81182960465829%
2024-06-27 00:26:04 - INFO - Epoch: 83/200, Validation Loss: 0.3090770107273962, Accuracy: 79.25222188170396%
2024-06-27 00:26:14 - INFO - Epoch: 84/200, Validation Loss: 0.2930372886213602, Accuracy: 78.36346920012258%
2024-06-27 00:26:24 - INFO - Epoch: 85/200, Validation Loss: 0.2998485039262211, Accuracy: 78.24088262335275%
2024-06-27 00:26:34 - INFO - Epoch: 86/200, Validation Loss: 0.28813870105088923, Accuracy: 77.99570946981305%
2024-06-27 00:26:44 - INFO - Epoch: 87/200, Validation Loss: 0.2906448069740744, Accuracy: 77.13760343242414%
2024-06-27 00:26:53 - INFO - Epoch: 88/200, Validation Loss: 0.3019939710696538, Accuracy: 77.81182960465829%
2024-06-27 00:27:03 - INFO - Epoch: 89/200, Validation Loss: 0.2923979142717287, Accuracy: 77.44406987434876%
2024-06-27 00:27:13 - INFO - Epoch: 90/200, Validation Loss: 0.2898743836318745, Accuracy: 76.92307692307692%
2024-06-27 00:27:23 - INFO - Epoch: 91/200, Validation Loss: 0.2852093364093818, Accuracy: 76.49402390438247%
2024-06-27 00:27:33 - INFO - Epoch: 92/200, Validation Loss: 0.2924167692076926, Accuracy: 76.76984370211461%
2024-06-27 00:27:43 - INFO - Epoch: 93/200, Validation Loss: 0.3013925169612847, Accuracy: 77.10695678823168%
2024-06-27 00:27:52 - INFO - Epoch: 94/200, Validation Loss: 0.2887255695520663, Accuracy: 77.07631014403923%
2024-06-27 00:28:02 - INFO - Epoch: 95/200, Validation Loss: 0.29081311120706443, Accuracy: 77.29083665338645%
2024-06-27 00:28:12 - INFO - Epoch: 96/200, Validation Loss: 0.2995678572093739, Accuracy: 76.98437021146185%
2024-06-27 00:28:22 - INFO - Epoch: 97/200, Validation Loss: 0.2863642307473164, Accuracy: 76.40208397180508%
2024-06-27 00:28:32 - INFO - Epoch: 98/200, Validation Loss: 0.28901610801032945, Accuracy: 76.27949739503525%
2024-06-27 00:28:42 - INFO - Epoch: 99/200, Validation Loss: 0.2888822237066194, Accuracy: 76.03432424149555%
2024-06-27 00:28:52 - INFO - Epoch: 100/200, Validation Loss: 0.292427741429385, Accuracy: 77.99570946981305%
2024-06-27 00:29:01 - INFO - Epoch: 101/200, Validation Loss: 0.2809608327407463, Accuracy: 77.16825007661662%
2024-06-27 00:29:11 - INFO - Epoch: 102/200, Validation Loss: 0.28329120021240384, Accuracy: 76.21820410665032%
2024-06-27 00:29:21 - INFO - Epoch: 103/200, Validation Loss: 0.3698372326645197, Accuracy: 77.4134232301563%
2024-06-27 00:29:31 - INFO - Epoch: 104/200, Validation Loss: 0.2868208873505686, Accuracy: 75.26815813668404%
2024-06-27 00:29:41 - INFO - Epoch: 105/200, Validation Loss: 0.2833440505406436, Accuracy: 75.17621820410665%
2024-06-27 00:29:51 - INFO - Epoch: 106/200, Validation Loss: 0.28506595597547646, Accuracy: 74.9003984063745%
2024-06-27 00:30:00 - INFO - Epoch: 107/200, Validation Loss: 0.28675181462484245, Accuracy: 76.18755746245786%
2024-06-27 00:30:10 - INFO - Epoch: 108/200, Validation Loss: 0.29289701990052763, Accuracy: 76.27949739503525%
2024-06-27 00:30:20 - INFO - Epoch: 109/200, Validation Loss: 0.2892664749832714, Accuracy: 75.02298498314434%
2024-06-27 00:30:30 - INFO - Epoch: 110/200, Validation Loss: 0.2860823776207718, Accuracy: 77.19889672080907%
2024-06-27 00:30:40 - INFO - Epoch: 111/200, Validation Loss: 0.2953051118289723, Accuracy: 76.7085504137297%
2024-06-27 00:30:50 - INFO - Epoch: 112/200, Validation Loss: 0.2866377734086093, Accuracy: 74.62457860864235%
2024-06-27 00:30:59 - INFO - Epoch: 113/200, Validation Loss: 0.2879430561089048, Accuracy: 74.71651854121974%
2024-06-27 00:31:09 - INFO - Epoch: 114/200, Validation Loss: 0.28797537731189354, Accuracy: 74.5939319644499%
2024-06-27 00:31:19 - INFO - Epoch: 115/200, Validation Loss: 0.28598517793066364, Accuracy: 74.10358565737052%
2024-06-27 00:31:29 - INFO - Epoch: 116/200, Validation Loss: 0.28829307532777976, Accuracy: 73.7971192154459%
2024-06-27 00:31:39 - INFO - Epoch: 117/200, Validation Loss: 0.283458868078157, Accuracy: 74.44069874348759%
2024-06-27 00:31:49 - INFO - Epoch: 118/200, Validation Loss: 0.28501309220697363, Accuracy: 75.26815813668404%
2024-06-27 00:31:59 - INFO - Epoch: 119/200, Validation Loss: 0.2849918089660944, Accuracy: 74.22617223414036%
2024-06-27 00:32:08 - INFO - Epoch: 120/200, Validation Loss: 0.2832462463308783, Accuracy: 74.53263867606498%
2024-06-27 00:32:18 - INFO - Epoch: 121/200, Validation Loss: 0.2858896533063814, Accuracy: 73.337419552559%
2024-06-27 00:32:28 - INFO - Epoch: 122/200, Validation Loss: 0.28490448056482803, Accuracy: 73.30677290836654%
2024-06-27 00:32:38 - INFO - Epoch: 123/200, Validation Loss: 0.2853047850669599, Accuracy: 73.24547961998161%
2024-06-27 00:32:48 - INFO - Epoch: 124/200, Validation Loss: 0.2858741262964174, Accuracy: 73.64388599448361%
2024-06-27 00:32:58 - INFO - Epoch: 125/200, Validation Loss: 0.29093420447087753, Accuracy: 73.55194606190622%
2024-06-27 00:33:07 - INFO - Epoch: 126/200, Validation Loss: 0.28976231316725415, Accuracy: 73.98099908060067%
2024-06-27 00:33:15 - INFO - Epoch: 127/200, Validation Loss: 0.29116495421119765, Accuracy: 72.69384002451731%
2024-06-27 00:33:24 - INFO - Epoch: 128/200, Validation Loss: 0.3050726248937495, Accuracy: 74.22617223414036%
2024-06-27 00:33:32 - INFO - Epoch: 129/200, Validation Loss: 0.28964559149508384, Accuracy: 72.29543365001533%
2024-06-27 00:33:41 - INFO - Epoch: 130/200, Validation Loss: 0.2913055533871931, Accuracy: 73.55194606190622%
2024-06-27 00:33:49 - INFO - Epoch: 131/200, Validation Loss: 0.2859024978151508, Accuracy: 71.98896720809071%
2024-06-27 00:33:57 - INFO - Epoch: 132/200, Validation Loss: 0.28718676491110934, Accuracy: 72.47931351517009%
2024-06-27 00:34:06 - INFO - Epoch: 133/200, Validation Loss: 0.28621264181885064, Accuracy: 73.52129941771376%
2024-06-27 00:34:14 - INFO - Epoch: 134/200, Validation Loss: 0.2991237000507467, Accuracy: 73.7971192154459%
2024-06-27 00:34:23 - INFO - Epoch: 135/200, Validation Loss: 0.29582181748221903, Accuracy: 73.21483297578915%
2024-06-27 00:34:30 - INFO - Epoch: 136/200, Validation Loss: 0.2900032626063216, Accuracy: 73.06159975482684%
2024-06-27 00:34:37 - INFO - Epoch: 137/200, Validation Loss: 0.292250177731701, Accuracy: 74.5019920318725%
2024-06-27 00:34:43 - INFO - Epoch: 138/200, Validation Loss: 0.288689518383905, Accuracy: 72.29543365001533%
2024-06-27 00:34:49 - INFO - Epoch: 139/200, Validation Loss: 0.29195170893388633, Accuracy: 73.21483297578915%
2024-06-27 00:34:56 - INFO - Epoch: 140/200, Validation Loss: 0.2930061411039502, Accuracy: 72.32608029420778%
2024-06-27 00:35:02 - INFO - Epoch: 141/200, Validation Loss: 0.2945915641737919, Accuracy: 72.87771988967208%
2024-06-27 00:35:09 - INFO - Epoch: 142/200, Validation Loss: 0.2918258852818433, Accuracy: 72.3873735825927%
2024-06-27 00:35:16 - INFO - Epoch: 143/200, Validation Loss: 0.2943655509574741, Accuracy: 72.90836653386454%
2024-06-27 00:35:22 - INFO - Epoch: 144/200, Validation Loss: 0.2947349337970509, Accuracy: 72.29543365001533%
2024-06-27 00:35:29 - INFO - Epoch: 145/200, Validation Loss: 0.30851666074173123, Accuracy: 72.7857799570947%
2024-06-27 00:35:35 - INFO - Epoch: 146/200, Validation Loss: 0.2978934905692643, Accuracy: 72.41802022678517%
2024-06-27 00:35:41 - INFO - Epoch: 147/200, Validation Loss: 0.2945985887564865, Accuracy: 72.96965982224947%
2024-06-27 00:35:48 - INFO - Epoch: 148/200, Validation Loss: 0.29444947254424003, Accuracy: 71.86638063132087%
2024-06-27 00:35:54 - INFO - Epoch: 149/200, Validation Loss: 0.29948442823746624, Accuracy: 72.939013178057%
2024-06-27 00:36:01 - INFO - Epoch: 150/200, Validation Loss: 0.2935411690496931, Accuracy: 72.20349371743794%
2024-06-27 00:36:07 - INFO - Epoch: 151/200, Validation Loss: 0.29580551765713037, Accuracy: 72.75513331290223%
2024-06-27 00:36:14 - INFO - Epoch: 152/200, Validation Loss: 0.29842963639427633, Accuracy: 71.80508734293595%
2024-06-27 00:36:20 - INFO - Epoch: 153/200, Validation Loss: 0.297045480094704, Accuracy: 72.3873735825927%
2024-06-27 00:36:27 - INFO - Epoch: 154/200, Validation Loss: 0.2948767887611015, Accuracy: 72.81642660128716%
2024-06-27 00:36:33 - INFO - Epoch: 155/200, Validation Loss: 0.2920605338671628, Accuracy: 71.10021452650935%
2024-06-27 00:36:40 - INFO - Epoch: 156/200, Validation Loss: 0.29736440438850253, Accuracy: 73.58259270609868%
2024-06-27 00:36:46 - INFO - Epoch: 157/200, Validation Loss: 0.29442646485917706, Accuracy: 71.6825007661661%
2024-06-27 00:36:53 - INFO - Epoch: 158/200, Validation Loss: 0.29570285128612145, Accuracy: 71.77444069874349%
2024-06-27 00:36:59 - INFO - Epoch: 159/200, Validation Loss: 0.3064266755884769, Accuracy: 72.0809071406681%
2024-06-27 00:37:05 - INFO - Epoch: 160/200, Validation Loss: 0.2960008642837113, Accuracy: 71.19215445908674%
2024-06-27 00:37:12 - INFO - Epoch: 161/200, Validation Loss: 0.2960883828939176, Accuracy: 70.64051486362243%
2024-06-27 00:37:19 - INFO - Epoch: 162/200, Validation Loss: 0.30554809669653576, Accuracy: 70.88568801716212%
2024-06-27 00:37:25 - INFO - Epoch: 163/200, Validation Loss: 0.30059951660679834, Accuracy: 71.03892123812443%
2024-06-27 00:37:31 - INFO - Epoch: 164/200, Validation Loss: 0.3097260740457797, Accuracy: 72.44866687097763%
2024-06-27 00:37:38 - INFO - Epoch: 165/200, Validation Loss: 0.30218254818635826, Accuracy: 70.70180815200736%
2024-06-27 00:37:44 - INFO - Epoch: 166/200, Validation Loss: 0.3047529055791743, Accuracy: 71.89702727551334%
2024-06-27 00:37:51 - INFO - Epoch: 167/200, Validation Loss: 0.3035902956537172, Accuracy: 70.70180815200736%
2024-06-27 00:37:57 - INFO - Epoch: 168/200, Validation Loss: 0.3020588402070251, Accuracy: 70.36469506589029%
2024-06-27 00:38:04 - INFO - Epoch: 169/200, Validation Loss: 0.29968421979277743, Accuracy: 70.85504137296967%
2024-06-27 00:38:10 - INFO - Epoch: 170/200, Validation Loss: 0.30435577560873595, Accuracy: 70.36469506589029%
2024-06-27 00:38:17 - INFO - Epoch: 171/200, Validation Loss: 0.3058517922957738, Accuracy: 70.79374808458473%
2024-06-27 00:38:23 - INFO - Epoch: 172/200, Validation Loss: 0.30891255917502386, Accuracy: 70.39534171008275%
2024-06-27 00:38:30 - INFO - Epoch: 173/200, Validation Loss: 0.3043716222632165, Accuracy: 70.57922157523751%
2024-06-27 00:38:36 - INFO - Epoch: 174/200, Validation Loss: 0.3088682594836927, Accuracy: 70.57922157523751%
2024-06-27 00:38:43 - INFO - Epoch: 175/200, Validation Loss: 0.30506618817647296, Accuracy: 70.70180815200736%
2024-06-27 00:38:49 - INFO - Epoch: 176/200, Validation Loss: 0.30057335864095125, Accuracy: 70.73245479619982%
2024-06-27 00:38:56 - INFO - Epoch: 177/200, Validation Loss: 0.3069447807821573, Accuracy: 71.95832056389825%
2024-06-27 00:39:02 - INFO - Epoch: 178/200, Validation Loss: 0.3159320369070652, Accuracy: 72.2341403616304%
2024-06-27 00:39:09 - INFO - Epoch: 179/200, Validation Loss: 0.3156423007740694, Accuracy: 70.02758197977322%
2024-06-27 00:39:15 - INFO - Epoch: 180/200, Validation Loss: 0.31623926086753024, Accuracy: 69.99693533558076%
2024-06-27 00:39:21 - INFO - Epoch: 181/200, Validation Loss: 0.31844692691868426, Accuracy: 70.91633466135458%
2024-06-27 00:39:28 - INFO - Epoch: 182/200, Validation Loss: 0.3214579096027449, Accuracy: 70.05822862396568%
2024-06-27 00:39:34 - INFO - Epoch: 183/200, Validation Loss: 0.31642937835525065, Accuracy: 69.93564204719583%
2024-06-27 00:39:41 - INFO - Epoch: 184/200, Validation Loss: 0.3152404892093995, Accuracy: 70.2727551333129%
2024-06-27 00:39:47 - INFO - Epoch: 185/200, Validation Loss: 0.3262450283064562, Accuracy: 70.39534171008275%
2024-06-27 00:39:54 - INFO - Epoch: 186/200, Validation Loss: 0.3156006736498253, Accuracy: 69.44529574011646%
2024-06-27 00:40:00 - INFO - Epoch: 187/200, Validation Loss: 0.3190603469516717, Accuracy: 70.4259883542752%
2024-06-27 00:40:07 - INFO - Epoch: 188/200, Validation Loss: 0.32459990972397373, Accuracy: 69.13882929819185%
2024-06-27 00:40:13 - INFO - Epoch: 189/200, Validation Loss: 0.3197338920013577, Accuracy: 69.35335580753907%
2024-06-27 00:40:20 - INFO - Epoch: 190/200, Validation Loss: 0.3233008349643034, Accuracy: 71.00827459393196%
2024-06-27 00:40:26 - INFO - Epoch: 191/200, Validation Loss: 0.31089504180001276, Accuracy: 69.78240882623352%
2024-06-27 00:40:33 - INFO - Epoch: 192/200, Validation Loss: 0.3241619406377568, Accuracy: 69.26141587496168%
2024-06-27 00:40:39 - INFO - Epoch: 193/200, Validation Loss: 0.31812840963111205, Accuracy: 69.26141587496168%
2024-06-27 00:40:46 - INFO - Epoch: 194/200, Validation Loss: 0.3334020896285188, Accuracy: 71.1308611707018%
2024-06-27 00:40:52 - INFO - Epoch: 195/200, Validation Loss: 0.3285273725495619, Accuracy: 69.29206251915416%
2024-06-27 00:40:58 - INFO - Epoch: 196/200, Validation Loss: 0.32557840002518074, Accuracy: 69.26141587496168%
2024-06-27 00:41:05 - INFO - Epoch: 197/200, Validation Loss: 0.3284963424883637, Accuracy: 68.70977627949739%
2024-06-27 00:41:11 - INFO - Epoch: 198/200, Validation Loss: 0.3356393087728351, Accuracy: 69.29206251915416%
2024-06-27 00:41:18 - INFO - Epoch: 199/200, Validation Loss: 0.33785052948138294, Accuracy: 68.55654305853508%
2024-06-27 00:41:24 - INFO - Epoch: 200/200, Validation Loss: 0.3307988406980739, Accuracy: 68.64848299111247%
2024-06-27 00:41:24 - INFO - Finished training model.
2024-06-27 00:41:24 - INFO - Model saved to lstm_classifier.pth and vocabulary saved to vocab.pkl
