2024-07-24 14:32:55 - INFO - This log entry will go into a uniquely named file for this run.
2024-07-24 14:32:55 - INFO - without hidden
2024-07-24 14:32:55 - INFO - Params:
2024-07-24 14:32:55 - INFO - embedding_dim=32
2024-07-24 14:32:55 - INFO - hidden_dim:32
2024-07-24 14:32:55 - INFO - num_layers:2
2024-07-24 14:32:55 - INFO - epochs:100
2024-07-24 14:32:55 - INFO - batch_size:64
2024-07-24 14:32:55 - INFO - lr:0.001
2024-07-24 14:32:59 - INFO - Starting LSTM model training...
2024-07-24 14:33:01 - INFO - Epoch: 1/100, Training Loss: 0.6937994697484476
2024-07-24 14:33:01 - INFO - Epoch: 1/100, Validation Loss: 0.6932710809954281, Accuracy: 50.35049878673497%
2024-07-24 14:33:01 - INFO - Model saved with validation accuracy: 50.35049878673497%
2024-07-24 14:33:02 - INFO - Epoch: 2/100, Training Loss: 0.6933844131899292
2024-07-24 14:33:02 - INFO - Epoch: 2/100, Validation Loss: 0.6933283697942207, Accuracy: 50.229172283634405%
2024-07-24 14:33:04 - INFO - Epoch: 3/100, Training Loss: 0.6933247945432005
2024-07-24 14:33:04 - INFO - Epoch: 3/100, Validation Loss: 0.6935251935802657, Accuracy: 47.34429765435427%
2024-07-24 14:33:05 - INFO - Epoch: 4/100, Training Loss: 0.693327669568103
2024-07-24 14:33:05 - INFO - Epoch: 4/100, Validation Loss: 0.6935496284016247, Accuracy: 46.966837422485845%
2024-07-24 14:33:07 - INFO - Epoch: 5/100, Training Loss: 0.6932199516429983
2024-07-24 14:33:07 - INFO - Epoch: 5/100, Validation Loss: 0.6935568940022896, Accuracy: 49.55513615529792%
2024-07-24 14:33:08 - INFO - Epoch: 6/100, Training Loss: 0.6933510935512083
2024-07-24 14:33:08 - INFO - Epoch: 6/100, Validation Loss: 0.6934706676622917, Accuracy: 46.602857913184145%
2024-07-24 14:33:10 - INFO - Epoch: 7/100, Training Loss: 0.6932228058576584
2024-07-24 14:33:10 - INFO - Epoch: 7/100, Validation Loss: 0.6937152471007972, Accuracy: 47.70827716365597%
2024-07-24 14:33:11 - INFO - Epoch: 8/100, Training Loss: 0.693231975210124
2024-07-24 14:33:11 - INFO - Epoch: 8/100, Validation Loss: 0.6937222984330408, Accuracy: 47.81612294418981%
2024-07-24 14:33:12 - INFO - Epoch: 9/100, Training Loss: 0.6931803415304628
2024-07-24 14:33:13 - INFO - Epoch: 9/100, Validation Loss: 0.6937393905787632, Accuracy: 50.48530601240226%
2024-07-24 14:33:13 - INFO - Model saved with validation accuracy: 50.48530601240226%
2024-07-24 14:33:14 - INFO - Epoch: 10/100, Training Loss: 0.6932532398094391
2024-07-24 14:33:14 - INFO - Epoch: 10/100, Validation Loss: 0.6940293471361029, Accuracy: 48.773254246427605%
2024-07-24 14:33:15 - INFO - Epoch: 11/100, Training Loss: 0.6931679355430191
2024-07-24 14:33:15 - INFO - Epoch: 11/100, Validation Loss: 0.6938946288207481, Accuracy: 47.64087355082233%
2024-07-24 14:33:17 - INFO - Epoch: 12/100, Training Loss: 0.6931492774907885
2024-07-24 14:33:17 - INFO - Epoch: 12/100, Validation Loss: 0.6936593194460047, Accuracy: 49.43380965219736%
2024-07-24 14:33:18 - INFO - Epoch: 13/100, Training Loss: 0.693275603240934
2024-07-24 14:33:18 - INFO - Epoch: 13/100, Validation Loss: 0.6937999858938414, Accuracy: 49.568616877864656%
2024-07-24 14:33:20 - INFO - Epoch: 14/100, Training Loss: 0.6931523838690643
2024-07-24 14:33:20 - INFO - Epoch: 14/100, Validation Loss: 0.6944027085756433, Accuracy: 47.9509301698571%
2024-07-24 14:33:21 - INFO - Epoch: 15/100, Training Loss: 0.6931340055989808
2024-07-24 14:33:21 - INFO - Epoch: 15/100, Validation Loss: 0.6943143349269341, Accuracy: 46.5354543003505%
2024-07-24 14:33:22 - INFO - Epoch: 16/100, Training Loss: 0.6931357620091274
2024-07-24 14:33:23 - INFO - Epoch: 16/100, Validation Loss: 0.6941366483425272, Accuracy: 46.46805068751685%
2024-07-24 14:33:24 - INFO - Epoch: 17/100, Training Loss: 0.693126697350165
2024-07-24 14:33:24 - INFO - Epoch: 17/100, Validation Loss: 0.6944429165330427, Accuracy: 46.40064707468321%
2024-07-24 14:33:25 - INFO - Epoch: 18/100, Training Loss: 0.6931452778135908
2024-07-24 14:33:25 - INFO - Epoch: 18/100, Validation Loss: 0.6941872095239574, Accuracy: 46.38716635211647%
2024-07-24 14:33:27 - INFO - Epoch: 19/100, Training Loss: 0.6930748681569922
2024-07-24 14:33:27 - INFO - Epoch: 19/100, Validation Loss: 0.6948678349626476, Accuracy: 46.00970612024805%
2024-07-24 14:33:28 - INFO - Epoch: 20/100, Training Loss: 0.693138502923579
2024-07-24 14:33:28 - INFO - Epoch: 20/100, Validation Loss: 0.694746160815502, Accuracy: 46.29280129414936%
2024-07-24 14:33:30 - INFO - Epoch: 21/100, Training Loss: 0.6930897143380396
2024-07-24 14:33:30 - INFO - Epoch: 21/100, Validation Loss: 0.6946183756507677, Accuracy: 46.27932057158264%
2024-07-24 14:33:31 - INFO - Epoch: 22/100, Training Loss: 0.6930162579078099
2024-07-24 14:33:32 - INFO - Epoch: 22/100, Validation Loss: 0.6953736815986962, Accuracy: 48.01833378269075%
2024-07-24 14:33:33 - INFO - Epoch: 23/100, Training Loss: 0.6931054788673746
2024-07-24 14:33:33 - INFO - Epoch: 23/100, Validation Loss: 0.6948616627989144, Accuracy: 46.063629010514966%
2024-07-24 14:33:34 - INFO - Epoch: 24/100, Training Loss: 0.6930571818916962
2024-07-24 14:33:35 - INFO - Epoch: 24/100, Validation Loss: 0.69568989246056, Accuracy: 46.5354543003505%
2024-07-24 14:33:36 - INFO - Epoch: 25/100, Training Loss: 0.6930785171430687
2024-07-24 14:33:36 - INFO - Epoch: 25/100, Validation Loss: 0.6953212187207979, Accuracy: 46.27932057158264%
2024-07-24 14:33:37 - INFO - Epoch: 26/100, Training Loss: 0.6930350305448318
2024-07-24 14:33:38 - INFO - Epoch: 26/100, Validation Loss: 0.6955650417969145, Accuracy: 46.427608519816665%
2024-07-24 14:33:39 - INFO - Epoch: 27/100, Training Loss: 0.693032908157028
2024-07-24 14:33:39 - INFO - Epoch: 27/100, Validation Loss: 0.6953111624923246, Accuracy: 45.16042059854408%
2024-07-24 14:33:40 - INFO - Epoch: 28/100, Training Loss: 0.6930767030551516
2024-07-24 14:33:40 - INFO - Epoch: 28/100, Validation Loss: 0.6956230252981186, Accuracy: 45.22782421137773%
2024-07-24 14:33:42 - INFO - Epoch: 29/100, Training Loss: 0.692969683686207
2024-07-24 14:33:42 - INFO - Epoch: 29/100, Validation Loss: 0.6960465651133965, Accuracy: 45.483957940145594%
2024-07-24 14:33:43 - INFO - Epoch: 30/100, Training Loss: 0.6929231428637587
2024-07-24 14:33:43 - INFO - Epoch: 30/100, Validation Loss: 0.6963597083913868, Accuracy: 44.89080614720949%
2024-07-24 14:33:45 - INFO - Epoch: 31/100, Training Loss: 0.6929059230304998
2024-07-24 14:33:45 - INFO - Epoch: 31/100, Validation Loss: 0.6954805039126297, Accuracy: 47.236451873820435%
2024-07-24 14:33:46 - INFO - Epoch: 32/100, Training Loss: 0.6928846890042568
2024-07-24 14:33:46 - INFO - Epoch: 32/100, Validation Loss: 0.696342391186747, Accuracy: 44.35157724454031%
2024-07-24 14:33:47 - INFO - Epoch: 33/100, Training Loss: 0.6929154659396616
2024-07-24 14:33:48 - INFO - Epoch: 33/100, Validation Loss: 0.6957132980741304, Accuracy: 44.20328929630628%
2024-07-24 14:33:49 - INFO - Epoch: 34/100, Training Loss: 0.6927749122782
2024-07-24 14:33:49 - INFO - Epoch: 34/100, Validation Loss: 0.6980885205597713, Accuracy: 44.122404960905904%
2024-07-24 14:33:50 - INFO - Epoch: 35/100, Training Loss: 0.6928359574541963
2024-07-24 14:33:50 - INFO - Epoch: 35/100, Validation Loss: 0.6985122253154886, Accuracy: 44.122404960905904%
2024-07-24 14:33:52 - INFO - Epoch: 36/100, Training Loss: 0.692781674707758
2024-07-24 14:33:52 - INFO - Epoch: 36/100, Validation Loss: 0.6992950583326405, Accuracy: 43.529253167969806%
2024-07-24 14:33:53 - INFO - Epoch: 37/100, Training Loss: 0.6928042960834915
2024-07-24 14:33:53 - INFO - Epoch: 37/100, Validation Loss: 0.6981320848752712, Accuracy: 43.67754111620383%
2024-07-24 14:33:55 - INFO - Epoch: 38/100, Training Loss: 0.6926797341940731
2024-07-24 14:33:55 - INFO - Epoch: 38/100, Validation Loss: 0.699240640319627, Accuracy: 43.51577244540307%
2024-07-24 14:33:56 - INFO - Epoch: 39/100, Training Loss: 0.6927014383776434
2024-07-24 14:33:56 - INFO - Epoch: 39/100, Validation Loss: 0.6994766428552824, Accuracy: 42.77433270423295%
2024-07-24 14:33:57 - INFO - Epoch: 40/100, Training Loss: 0.6925020700898664
2024-07-24 14:33:58 - INFO - Epoch: 40/100, Validation Loss: 0.7004880658511458, Accuracy: 43.13831221353465%
2024-07-24 14:33:59 - INFO - Epoch: 41/100, Training Loss: 0.692292605623089
2024-07-24 14:33:59 - INFO - Epoch: 41/100, Validation Loss: 0.7025625710857326, Accuracy: 44.365057967107035%
2024-07-24 14:34:00 - INFO - Epoch: 42/100, Training Loss: 0.692453370911294
2024-07-24 14:34:00 - INFO - Epoch: 42/100, Validation Loss: 0.7007427518737728, Accuracy: 43.50229172283635%
2024-07-24 14:34:02 - INFO - Epoch: 43/100, Training Loss: 0.692430059714564
2024-07-24 14:34:02 - INFO - Epoch: 43/100, Validation Loss: 0.7017069957379637, Accuracy: 41.81720140199515%
2024-07-24 14:34:03 - INFO - Epoch: 44/100, Training Loss: 0.6923002563416958
2024-07-24 14:34:03 - INFO - Epoch: 44/100, Validation Loss: 0.7024054085386211, Accuracy: 42.315988136964144%
2024-07-24 14:34:04 - INFO - Epoch: 45/100, Training Loss: 0.6922613735599764
2024-07-24 14:34:05 - INFO - Epoch: 45/100, Validation Loss: 0.7037424887048787, Accuracy: 42.54516042059854%
2024-07-24 14:34:06 - INFO - Epoch: 46/100, Training Loss: 0.6923380372082365
2024-07-24 14:34:06 - INFO - Epoch: 46/100, Validation Loss: 0.7012386311744822, Accuracy: 42.194661633863575%
2024-07-24 14:34:07 - INFO - Epoch: 47/100, Training Loss: 0.6920879697748299
2024-07-24 14:34:08 - INFO - Epoch: 47/100, Validation Loss: 0.7047920298987421, Accuracy: 41.6149905634942%
2024-07-24 14:34:09 - INFO - Epoch: 48/100, Training Loss: 0.6921021552949116
2024-07-24 14:34:09 - INFO - Epoch: 48/100, Validation Loss: 0.7049073751630455, Accuracy: 41.48018333782691%
2024-07-24 14:34:10 - INFO - Epoch: 49/100, Training Loss: 0.6920404253077919
2024-07-24 14:34:11 - INFO - Epoch: 49/100, Validation Loss: 0.705750954048387, Accuracy: 41.42626044755999%
2024-07-24 14:34:12 - INFO - Epoch: 50/100, Training Loss: 0.6920946178765133
2024-07-24 14:34:12 - INFO - Epoch: 50/100, Validation Loss: 0.707318286957412, Accuracy: 41.12968455109194%
2024-07-24 14:34:13 - INFO - Epoch: 51/100, Training Loss: 0.6920410397237745
2024-07-24 14:34:13 - INFO - Epoch: 51/100, Validation Loss: 0.7053709795762753, Accuracy: 40.84658937719062%
2024-07-24 14:34:15 - INFO - Epoch: 52/100, Training Loss: 0.6917702400221907
2024-07-24 14:34:15 - INFO - Epoch: 52/100, Validation Loss: 0.7084631914722508, Accuracy: 40.73874359665678%
2024-07-24 14:34:16 - INFO - Epoch: 53/100, Training Loss: 0.6918190636768423
2024-07-24 14:34:16 - INFO - Epoch: 53/100, Validation Loss: 0.7081736161791045, Accuracy: 40.71178215152332%
2024-07-24 14:34:17 - INFO - Epoch: 54/100, Training Loss: 0.6916590925177624
2024-07-24 14:34:18 - INFO - Epoch: 54/100, Validation Loss: 0.7099718852289791, Accuracy: 40.03774602318684%
2024-07-24 14:34:19 - INFO - Epoch: 55/100, Training Loss: 0.6916565116623352
2024-07-24 14:34:19 - INFO - Epoch: 55/100, Validation Loss: 0.7101377187104061, Accuracy: 40.13211108115395%
2024-07-24 14:34:20 - INFO - Epoch: 56/100, Training Loss: 0.6916495187786119
2024-07-24 14:34:20 - INFO - Epoch: 56/100, Validation Loss: 0.7091878811860907, Accuracy: 39.88945807495282%
2024-07-24 14:34:22 - INFO - Epoch: 57/100, Training Loss: 0.6914979233567057
2024-07-24 14:34:22 - INFO - Epoch: 57/100, Validation Loss: 0.7154887986594233, Accuracy: 39.64680506875168%
2024-07-24 14:34:23 - INFO - Epoch: 58/100, Training Loss: 0.6915798198817105
2024-07-24 14:34:23 - INFO - Epoch: 58/100, Validation Loss: 0.7118398994207382, Accuracy: 39.37719061741709%
2024-07-24 14:34:25 - INFO - Epoch: 59/100, Training Loss: 0.6912299318817156
2024-07-24 14:34:25 - INFO - Epoch: 59/100, Validation Loss: 0.7160291805349547, Accuracy: 39.1075761660825%
2024-07-24 14:34:26 - INFO - Epoch: 60/100, Training Loss: 0.6910423117464987
2024-07-24 14:34:26 - INFO - Epoch: 60/100, Validation Loss: 0.7163743140368626, Accuracy: 39.01321110811539%
2024-07-24 14:34:27 - INFO - Epoch: 61/100, Training Loss: 0.6910923646184904
2024-07-24 14:34:28 - INFO - Epoch: 61/100, Validation Loss: 0.7168169586822905, Accuracy: 38.81100026961445%
2024-07-24 14:34:29 - INFO - Epoch: 62/100, Training Loss: 0.6911806067259147
2024-07-24 14:34:29 - INFO - Epoch: 62/100, Validation Loss: 0.7170032216557141, Accuracy: 38.67619304394716%
2024-07-24 14:34:30 - INFO - Epoch: 63/100, Training Loss: 0.6910603472898746
2024-07-24 14:34:30 - INFO - Epoch: 63/100, Validation Loss: 0.7165354233363579, Accuracy: 38.730115934214076%
2024-07-24 14:34:32 - INFO - Epoch: 64/100, Training Loss: 0.6908833527102552
2024-07-24 14:34:32 - INFO - Epoch: 64/100, Validation Loss: 0.7150164210590823, Accuracy: 38.420059315179294%
2024-07-24 14:34:33 - INFO - Epoch: 65/100, Training Loss: 0.6909015375221598
2024-07-24 14:34:33 - INFO - Epoch: 65/100, Validation Loss: 0.7176832865024435, Accuracy: 38.56834726341332%
2024-07-24 14:34:35 - INFO - Epoch: 66/100, Training Loss: 0.6907375268638134
2024-07-24 14:34:35 - INFO - Epoch: 66/100, Validation Loss: 0.7210768430397428, Accuracy: 38.3796171474791%
2024-07-24 14:34:36 - INFO - Epoch: 67/100, Training Loss: 0.6905812341077574
2024-07-24 14:34:36 - INFO - Epoch: 67/100, Validation Loss: 0.7242509255121494, Accuracy: 38.25829064437854%
2024-07-24 14:34:37 - INFO - Epoch: 68/100, Training Loss: 0.6906094396936482
2024-07-24 14:34:38 - INFO - Epoch: 68/100, Validation Loss: 0.7220676823936659, Accuracy: 38.21784847667835%
2024-07-24 14:34:39 - INFO - Epoch: 69/100, Training Loss: 0.690211389470717
2024-07-24 14:34:39 - INFO - Epoch: 69/100, Validation Loss: 0.7253530996626821, Accuracy: 37.84038824480992%
2024-07-24 14:34:40 - INFO - Epoch: 70/100, Training Loss: 0.6902680384187863
2024-07-24 14:34:40 - INFO - Epoch: 70/100, Validation Loss: 0.7311040753948277, Accuracy: 37.65165812887571%
2024-07-24 14:34:42 - INFO - Epoch: 71/100, Training Loss: 0.6900322529776343
2024-07-24 14:34:42 - INFO - Epoch: 71/100, Validation Loss: 0.7290205292660614, Accuracy: 37.77298463197627%
2024-07-24 14:34:43 - INFO - Epoch: 72/100, Training Loss: 0.6900558976520752
2024-07-24 14:34:43 - INFO - Epoch: 72/100, Validation Loss: 0.7278565795257174, Accuracy: 37.63817740630898%
2024-07-24 14:34:44 - INFO - Epoch: 73/100, Training Loss: 0.6897953268269013
2024-07-24 14:34:45 - INFO - Epoch: 73/100, Validation Loss: 0.7267908680027929, Accuracy: 37.59773523860879%
2024-07-24 14:34:46 - INFO - Epoch: 74/100, Training Loss: 0.689808070017346
2024-07-24 14:34:46 - INFO - Epoch: 74/100, Validation Loss: 0.7338671571221845, Accuracy: 37.20679428417363%
2024-07-24 14:34:47 - INFO - Epoch: 75/100, Training Loss: 0.6895918217969352
2024-07-24 14:34:48 - INFO - Epoch: 75/100, Validation Loss: 0.7347984098154923, Accuracy: 37.20679428417363%
2024-07-24 14:34:49 - INFO - Epoch: 76/100, Training Loss: 0.6895117253578943
2024-07-24 14:34:49 - INFO - Epoch: 76/100, Validation Loss: 0.7342196929043737, Accuracy: 37.0989485036398%
2024-07-24 14:34:50 - INFO - Epoch: 77/100, Training Loss: 0.6892979825878965
2024-07-24 14:34:50 - INFO - Epoch: 77/100, Validation Loss: 0.7434259457834835, Accuracy: 37.058506335939605%
2024-07-24 14:34:52 - INFO - Epoch: 78/100, Training Loss: 0.6889716525529993
2024-07-24 14:34:52 - INFO - Epoch: 78/100, Validation Loss: 0.7368548157913931, Accuracy: 37.53033162577514%
2024-07-24 14:34:53 - INFO - Epoch: 79/100, Training Loss: 0.6893593060045407
2024-07-24 14:34:53 - INFO - Epoch: 79/100, Validation Loss: 0.7368328504521271, Accuracy: 36.93717983283904%
2024-07-24 14:34:54 - INFO - Epoch: 80/100, Training Loss: 0.6892079346138855
2024-07-24 14:34:55 - INFO - Epoch: 80/100, Validation Loss: 0.7370306489796474, Accuracy: 36.7349689943381%
2024-07-24 14:34:56 - INFO - Epoch: 81/100, Training Loss: 0.6889888091847814
2024-07-24 14:34:56 - INFO - Epoch: 81/100, Validation Loss: 0.7338407430155524, Accuracy: 36.89673766513885%
2024-07-24 14:34:57 - INFO - Epoch: 82/100, Training Loss: 0.6889647476632019
2024-07-24 14:34:57 - INFO - Epoch: 82/100, Validation Loss: 0.7429712589444786, Accuracy: 36.6001617686708%
2024-07-24 14:34:59 - INFO - Epoch: 83/100, Training Loss: 0.6884859472770115
2024-07-24 14:34:59 - INFO - Epoch: 83/100, Validation Loss: 0.7436648864170601, Accuracy: 36.46535454300351%
2024-07-24 14:35:00 - INFO - Epoch: 84/100, Training Loss: 0.6888110109701239
2024-07-24 14:35:00 - INFO - Epoch: 84/100, Validation Loss: 0.7489113103726814, Accuracy: 36.492315988136966%
2024-07-24 14:35:01 - INFO - Epoch: 85/100, Training Loss: 0.6886269366689797
2024-07-24 14:35:02 - INFO - Epoch: 85/100, Validation Loss: 0.7520090644729549, Accuracy: 36.060932866001615%
2024-07-24 14:35:03 - INFO - Epoch: 86/100, Training Loss: 0.6883387560474461
2024-07-24 14:35:03 - INFO - Epoch: 86/100, Validation Loss: 0.7635903481779427, Accuracy: 36.80237260717175%
2024-07-24 14:35:04 - INFO - Epoch: 87/100, Training Loss: 0.6882187011169976
2024-07-24 14:35:04 - INFO - Epoch: 87/100, Validation Loss: 0.7521113984543701, Accuracy: 35.93960636290105%
2024-07-24 14:35:06 - INFO - Epoch: 88/100, Training Loss: 0.6878638963761001
2024-07-24 14:35:06 - INFO - Epoch: 88/100, Validation Loss: 0.7643352875421787, Accuracy: 35.5082232407657%
2024-07-24 14:35:07 - INFO - Epoch: 89/100, Training Loss: 0.687381464859535
2024-07-24 14:35:07 - INFO - Epoch: 89/100, Validation Loss: 0.7636512476822426, Accuracy: 35.35993529253168%
2024-07-24 14:35:09 - INFO - Epoch: 90/100, Training Loss: 0.6877921646268204
2024-07-24 14:35:09 - INFO - Epoch: 90/100, Validation Loss: 0.7671349444266023, Accuracy: 35.53518468589916%
2024-07-24 14:35:10 - INFO - Epoch: 91/100, Training Loss: 0.6876078575592617
2024-07-24 14:35:10 - INFO - Epoch: 91/100, Validation Loss: 0.7622845825450174, Accuracy: 35.454300350498784%
2024-07-24 14:35:12 - INFO - Epoch: 92/100, Training Loss: 0.6873685036753786
2024-07-24 14:35:12 - INFO - Epoch: 92/100, Validation Loss: 0.7778694871170767, Accuracy: 35.37341601509841%
2024-07-24 14:35:13 - INFO - Epoch: 93/100, Training Loss: 0.6874571442604065
2024-07-24 14:35:13 - INFO - Epoch: 93/100, Validation Loss: 0.7632726518244579, Accuracy: 36.46535454300351%
2024-07-24 14:35:15 - INFO - Epoch: 94/100, Training Loss: 0.6871834207197716
2024-07-24 14:35:15 - INFO - Epoch: 94/100, Validation Loss: 0.7741480058637159, Accuracy: 35.14424373146401%
2024-07-24 14:35:16 - INFO - Epoch: 95/100, Training Loss: 0.6869681643257881
2024-07-24 14:35:16 - INFO - Epoch: 95/100, Validation Loss: 0.7709593515971611, Accuracy: 35.10380156376382%
2024-07-24 14:35:17 - INFO - Epoch: 96/100, Training Loss: 0.686208128415305
2024-07-24 14:35:17 - INFO - Epoch: 96/100, Validation Loss: 0.7776135714917347, Accuracy: 34.72634133189539%
2024-07-24 14:35:19 - INFO - Epoch: 97/100, Training Loss: 0.6866550604844915
2024-07-24 14:35:19 - INFO - Epoch: 97/100, Validation Loss: 0.7757248231049242, Accuracy: 34.63197627392828%
2024-07-24 14:35:20 - INFO - Epoch: 98/100, Training Loss: 0.6863568698794678
2024-07-24 14:35:20 - INFO - Epoch: 98/100, Validation Loss: 0.7836662551452374, Accuracy: 34.29495820976004%
2024-07-24 14:35:21 - INFO - Epoch: 99/100, Training Loss: 0.6861891032292925
2024-07-24 14:35:22 - INFO - Epoch: 99/100, Validation Loss: 0.792221682338879, Accuracy: 34.05230520355891%
2024-07-24 14:35:23 - INFO - Epoch: 100/100, Training Loss: 0.685986105738015
2024-07-24 14:35:23 - INFO - Epoch: 100/100, Validation Loss: 0.8012155397184964, Accuracy: 34.011863035858724%
2024-07-24 14:35:23 - INFO - Finished training model.
2024-07-24 14:35:24 - INFO - Model saved to lstm_classifier_dc2.pth and vocabulary saved to vocab_dc2.pkl
