2024-06-18 21:58:49 - INFO - This log entry will go into a uniquely named file for this run.
2024-06-18 21:58:49 - INFO - Starting LSTM model training...
2024-06-18 21:58:49 - INFO - epochs=1200
2024-06-18 21:58:49 - INFO - batch_size=16
2024-06-18 21:58:52 - INFO - Starting LSTM model training...
2024-06-18 21:58:59 - INFO - Epoch 1/1200, Loss: 1.9663505037198954
2024-06-18 21:59:06 - INFO - Epoch 2/1200, Loss: 1.488387736910441
2024-06-18 21:59:13 - INFO - Epoch 3/1200, Loss: 1.492017355622626
2024-06-18 21:59:20 - INFO - Epoch 4/1200, Loss: 1.3867681487409085
2024-06-18 21:59:27 - INFO - Epoch 5/1200, Loss: 1.386975577215833
2024-06-18 21:59:34 - INFO - Epoch 6/1200, Loss: 1.3936336498150117
2024-06-18 21:59:41 - INFO - Epoch 7/1200, Loss: 1.394217437579698
2024-06-18 21:59:49 - INFO - Epoch 8/1200, Loss: 1.426973966637211
2024-06-18 21:59:56 - INFO - Epoch 9/1200, Loss: 1.3719705808047984
2024-06-18 22:00:03 - INFO - Epoch 10/1200, Loss: 1.3872418895025098
2024-06-18 22:00:10 - INFO - Epoch 11/1200, Loss: 1.4132064831271829
2024-06-18 22:00:17 - INFO - Epoch 12/1200, Loss: 1.377171300242526
2024-06-18 22:00:24 - INFO - Epoch 13/1200, Loss: 1.303908818703352
2024-06-18 22:00:31 - INFO - Epoch 14/1200, Loss: 1.7541880574800677
2024-06-18 22:00:38 - INFO - Epoch 15/1200, Loss: 1.370450700775093
2024-06-18 22:00:45 - INFO - Epoch 16/1200, Loss: 1.323872517570815
2024-06-18 22:00:52 - INFO - Epoch 17/1200, Loss: 1.347467992038999
2024-06-18 22:00:59 - INFO - Epoch 18/1200, Loss: 1.4635386881245145
2024-06-18 22:01:06 - INFO - Epoch 19/1200, Loss: 1.3471115663206428
2024-06-18 22:01:13 - INFO - Epoch 20/1200, Loss: 1.3323951819970041
2024-06-18 22:01:20 - INFO - Epoch 21/1200, Loss: 2.7336330904774666
2024-06-18 22:01:27 - INFO - Epoch 22/1200, Loss: 1.521713733490234
2024-06-18 22:01:34 - INFO - Epoch 23/1200, Loss: 1.3536926641383553
2024-06-18 22:01:41 - INFO - Epoch 24/1200, Loss: 1.3250981957068066
2024-06-18 22:01:48 - INFO - Epoch 25/1200, Loss: 1.4090423406220511
2024-06-18 22:01:55 - INFO - Epoch 26/1200, Loss: 1.3772426947375718
2024-06-18 22:02:02 - INFO - Epoch 27/1200, Loss: 1.4004297439857978
2024-06-18 22:02:09 - INFO - Epoch 28/1200, Loss: 1.4042762277271825
2024-06-18 22:02:16 - INFO - Epoch 29/1200, Loss: 1.542809920891034
2024-06-18 22:02:23 - INFO - Epoch 30/1200, Loss: 1.3518422999009867
2024-06-18 22:02:30 - INFO - Epoch 31/1200, Loss: 1.3595950135580472
2024-06-18 22:02:37 - INFO - Epoch 32/1200, Loss: 1.4477329903032825
2024-06-18 22:02:44 - INFO - Epoch 33/1200, Loss: 1.3447201169197105
2024-06-18 22:02:51 - INFO - Epoch 34/1200, Loss: 1.7568677052324222
2024-06-18 22:02:58 - INFO - Epoch 35/1200, Loss: 1.3229704278896184
2024-06-18 22:03:05 - INFO - Epoch 36/1200, Loss: 1.3827291180530819
2024-06-18 22:03:12 - INFO - Epoch 37/1200, Loss: 1.5224322206897671
2024-06-18 22:03:19 - INFO - Epoch 38/1200, Loss: 1.6621857945575367
2024-06-18 22:03:26 - INFO - Epoch 39/1200, Loss: 1.4073267739526076
2024-06-18 22:03:33 - INFO - Epoch 40/1200, Loss: 1.8961424528790536
2024-06-18 22:03:40 - INFO - Epoch 41/1200, Loss: 1.6826434283832157
2024-06-18 22:03:47 - INFO - Epoch 42/1200, Loss: 1.590689542528997
2024-06-18 22:03:54 - INFO - Epoch 43/1200, Loss: 1.3518262967582981
2024-06-18 22:04:01 - INFO - Epoch 44/1200, Loss: 1.3378831930186676
2024-06-18 22:04:08 - INFO - Epoch 45/1200, Loss: 1.3746019199200323
2024-06-18 22:04:16 - INFO - Epoch 46/1200, Loss: 1.4327161509926525
2024-06-18 22:04:23 - INFO - Epoch 47/1200, Loss: 1.3338388125888585
2024-06-18 22:04:30 - INFO - Epoch 48/1200, Loss: 1.7683901638076578
2024-06-18 22:04:37 - INFO - Epoch 49/1200, Loss: 1.390648501945474
2024-06-18 22:04:44 - INFO - Epoch 50/1200, Loss: 1.3415401247385206
2024-06-18 22:04:51 - INFO - Epoch 51/1200, Loss: 1.5163382163291828
2024-06-18 22:04:58 - INFO - Epoch 52/1200, Loss: 1.323206617427339
2024-06-18 22:05:05 - INFO - Epoch 53/1200, Loss: 1.4504159169095567
2024-06-18 22:05:12 - INFO - Epoch 54/1200, Loss: 1.6196445282081988
2024-06-18 22:05:19 - INFO - Epoch 55/1200, Loss: 1.357814500794353
2024-06-18 22:05:26 - INFO - Epoch 56/1200, Loss: 1.6043427620828221
2024-06-18 22:05:33 - INFO - Epoch 57/1200, Loss: 1.3556777284298072
2024-06-18 22:05:40 - INFO - Epoch 58/1200, Loss: 1.3344362154447156
2024-06-18 22:05:47 - INFO - Epoch 59/1200, Loss: 1.3946885220349396
2024-06-18 22:05:54 - INFO - Epoch 60/1200, Loss: 1.758390051602752
2024-06-18 22:06:01 - INFO - Epoch 61/1200, Loss: 1.4454731425109482
2024-06-18 22:06:08 - INFO - Epoch 62/1200, Loss: 1.3670512131942465
2024-06-18 22:06:14 - INFO - Epoch 63/1200, Loss: 1.405332955800744
2024-06-18 22:06:21 - INFO - Epoch 64/1200, Loss: 1.9115494966939177
2024-06-18 22:06:28 - INFO - Epoch 65/1200, Loss: 1.3787522857305434
2024-06-18 22:06:35 - INFO - Epoch 66/1200, Loss: 1.3469108162479067
2024-06-18 22:06:42 - INFO - Epoch 67/1200, Loss: 1.4260489247818624
2024-06-18 22:06:49 - INFO - Epoch 68/1200, Loss: 1.3245195058224086
2024-06-18 22:06:56 - INFO - Epoch 69/1200, Loss: 1.340213612627297
2024-06-18 22:07:03 - INFO - Epoch 70/1200, Loss: 1.3574910760119787
2024-06-18 22:07:10 - INFO - Epoch 71/1200, Loss: 1.414013831728379
2024-06-18 22:07:17 - INFO - Epoch 72/1200, Loss: 1.4039281459886015
2024-06-18 22:07:24 - INFO - Epoch 73/1200, Loss: 1.3271487128331185
2024-06-18 22:07:32 - INFO - Epoch 74/1200, Loss: 1.5452121741623304
2024-06-18 22:07:39 - INFO - Epoch 75/1200, Loss: 1.3449655784277472
2024-06-18 22:07:46 - INFO - Epoch 76/1200, Loss: 1.3285202574531543
2024-06-18 22:07:53 - INFO - Epoch 77/1200, Loss: 1.6745845906192973
2024-06-18 22:08:00 - INFO - Epoch 78/1200, Loss: 1.4594379211085249
2024-06-18 22:08:07 - INFO - Epoch 79/1200, Loss: 2.8364764341155237
2024-06-18 22:08:14 - INFO - Epoch 80/1200, Loss: 1.4307516476646192
2024-06-18 22:08:21 - INFO - Epoch 81/1200, Loss: 1.3721336677434282
2024-06-18 22:08:28 - INFO - Epoch 82/1200, Loss: 1.4244373054820911
2024-06-18 22:08:35 - INFO - Epoch 83/1200, Loss: 1.3815502816483836
2024-06-18 22:08:42 - INFO - Epoch 84/1200, Loss: 1.3810841633796647
2024-06-18 22:08:49 - INFO - Epoch 85/1200, Loss: 2.5444895195583084
2024-06-18 22:08:56 - INFO - Epoch 86/1200, Loss: 1.3222581135652025
2024-06-18 22:09:03 - INFO - Epoch 87/1200, Loss: 1.3150956688779272
2024-06-18 22:09:10 - INFO - Epoch 88/1200, Loss: 1.3732358822830661
2024-06-18 22:09:17 - INFO - Epoch 89/1200, Loss: 2.350459812924613
2024-06-18 22:09:24 - INFO - Epoch 90/1200, Loss: 1.3270693068869945
2024-06-18 22:09:31 - INFO - Epoch 91/1200, Loss: 1.3781886373288583
2024-06-18 22:09:38 - INFO - Epoch 92/1200, Loss: 1.4655877713605638
2024-06-18 22:09:45 - INFO - Epoch 93/1200, Loss: 1.3647726997875111
2024-06-18 22:09:52 - INFO - Epoch 94/1200, Loss: 1.34868830828932
2024-06-18 22:09:59 - INFO - Epoch 95/1200, Loss: 1.496461847827773
2024-06-18 22:10:06 - INFO - Epoch 96/1200, Loss: 1.3834245431674206
2024-06-18 22:10:13 - INFO - Epoch 97/1200, Loss: 1.3266201754779556
2024-06-18 22:10:19 - INFO - Epoch 98/1200, Loss: 1.3673008520907506
2024-06-18 22:10:26 - INFO - Epoch 99/1200, Loss: 2.462926552495503
2024-06-18 22:10:33 - INFO - Epoch 100/1200, Loss: 1.4135704321054015
2024-06-18 22:10:40 - INFO - Epoch 101/1200, Loss: 1.3348605009500205
2024-06-18 22:10:47 - INFO - Epoch 102/1200, Loss: 1.3211081407921632
2024-06-18 22:10:54 - INFO - Epoch 103/1200, Loss: 1.4303894712021399
2024-06-18 22:11:01 - INFO - Epoch 104/1200, Loss: 1.3259331833489636
2024-06-18 22:11:08 - INFO - Epoch 105/1200, Loss: 1.3805760436713466
2024-06-18 22:11:15 - INFO - Epoch 106/1200, Loss: 1.3875841449528665
2024-06-18 22:11:22 - INFO - Epoch 107/1200, Loss: 1.3408376029892812
2024-06-18 22:11:30 - INFO - Epoch 108/1200, Loss: 1.3312897923345908
2024-06-18 22:11:37 - INFO - Epoch 109/1200, Loss: 1.6992582089564172
2024-06-18 22:11:44 - INFO - Epoch 110/1200, Loss: 1.3402115476018952
2024-06-18 22:11:51 - INFO - Epoch 111/1200, Loss: 1.5958934887479672
2024-06-18 22:11:58 - INFO - Epoch 112/1200, Loss: 1.843668280884278
2024-06-18 22:12:05 - INFO - Epoch 113/1200, Loss: 1.423722788694984
2024-06-18 22:12:12 - INFO - Epoch 114/1200, Loss: 1.4986816586152794
2024-06-18 22:12:19 - INFO - Epoch 115/1200, Loss: 1.71324059912025
2024-06-18 22:12:26 - INFO - Epoch 116/1200, Loss: 1.6357708602959444
2024-06-18 22:12:33 - INFO - Epoch 117/1200, Loss: 1.3641464207545653
2024-06-18 22:12:40 - INFO - Epoch 118/1200, Loss: 1.3880579473028865
2024-06-18 22:12:47 - INFO - Epoch 119/1200, Loss: 1.3596541771816475
2024-06-18 22:12:54 - INFO - Epoch 120/1200, Loss: 1.4430825196863557
2024-06-18 22:13:01 - INFO - Epoch 121/1200, Loss: 1.3323693044269977
2024-06-18 22:13:08 - INFO - Epoch 122/1200, Loss: 1.3276487677016306
2024-06-18 22:13:15 - INFO - Epoch 123/1200, Loss: 1.3120385391888512
2024-06-18 22:13:22 - INFO - Epoch 124/1200, Loss: 1.3270422112840337
2024-06-18 22:13:29 - INFO - Epoch 125/1200, Loss: 1.3183534001836394
2024-06-18 22:13:36 - INFO - Epoch 126/1200, Loss: 1.3294495493554561
2024-06-18 22:13:43 - INFO - Epoch 127/1200, Loss: 1.3519192710446108
2024-06-18 22:13:50 - INFO - Epoch 128/1200, Loss: 1.3441895589648734
2024-06-18 22:13:57 - INFO - Epoch 129/1200, Loss: 1.3902766808374973
2024-06-18 22:14:04 - INFO - Epoch 130/1200, Loss: 1.3110493758297397
2024-06-18 22:14:11 - INFO - Epoch 131/1200, Loss: 1.3903167329921509
2024-06-18 22:14:17 - INFO - Epoch 132/1200, Loss: 1.407171538418356
2024-06-18 22:14:24 - INFO - Epoch 133/1200, Loss: 1.4323457963132618
2024-06-18 22:14:31 - INFO - Epoch 134/1200, Loss: 1.325714040653413
2024-06-18 22:14:38 - INFO - Epoch 135/1200, Loss: 3.6331742423706594
2024-06-18 22:14:45 - INFO - Epoch 136/1200, Loss: 2.312025965504116
2024-06-18 22:14:52 - INFO - Epoch 137/1200, Loss: 1.3387064261163943
2024-06-18 22:14:59 - INFO - Epoch 138/1200, Loss: 1.438258581977617
2024-06-18 22:15:07 - INFO - Epoch 139/1200, Loss: 1.4391575181345138
2024-06-18 22:15:13 - INFO - Epoch 140/1200, Loss: 1.88939393581287
2024-06-18 22:15:20 - INFO - Epoch 141/1200, Loss: 1.3358730012190334
2024-06-18 22:15:27 - INFO - Epoch 142/1200, Loss: 1.3587080656897543
2024-06-18 22:15:34 - INFO - Epoch 143/1200, Loss: 1.607141450171479
2024-06-18 22:15:42 - INFO - Epoch 144/1200, Loss: 1.3499618534595972
2024-06-18 22:15:48 - INFO - Epoch 145/1200, Loss: 1.30266431052
2024-06-18 22:15:55 - INFO - Epoch 146/1200, Loss: 1.3879247212164132
2024-06-18 22:16:03 - INFO - Epoch 147/1200, Loss: 1.2945744792869698
2024-06-18 22:16:10 - INFO - Epoch 148/1200, Loss: 1.6604793164285996
2024-06-18 22:16:17 - INFO - Epoch 149/1200, Loss: 1.385084792751692
2024-06-18 22:16:24 - INFO - Epoch 150/1200, Loss: 2.245943933776614
2024-06-18 22:16:31 - INFO - Epoch 151/1200, Loss: 1.3762077723305046
2024-06-18 22:16:38 - INFO - Epoch 152/1200, Loss: 1.3477758235004453
2024-06-18 22:16:45 - INFO - Epoch 153/1200, Loss: 1.387873904434523
2024-06-18 22:16:52 - INFO - Epoch 154/1200, Loss: 1.3840404208075057
2024-06-18 22:16:59 - INFO - Epoch 155/1200, Loss: 1.3382184563064123
2024-06-18 22:17:06 - INFO - Epoch 156/1200, Loss: 1.3319272736023977
2024-06-18 22:17:12 - INFO - Epoch 157/1200, Loss: 1.3665543029659968
2024-06-18 22:17:19 - INFO - Epoch 158/1200, Loss: 1.360501235861196
2024-06-18 22:17:26 - INFO - Epoch 159/1200, Loss: 1.3197436928721378
2024-06-18 22:17:33 - INFO - Epoch 160/1200, Loss: 1.3328027323034526
2024-06-18 22:17:40 - INFO - Epoch 161/1200, Loss: 1.5474272822256518
2024-06-18 22:17:47 - INFO - Epoch 162/1200, Loss: 1.352816019220919
2024-06-18 22:17:54 - INFO - Epoch 163/1200, Loss: 1.301562501472315
2024-06-18 22:18:01 - INFO - Epoch 164/1200, Loss: 1.4798320459420726
2024-06-18 22:18:08 - INFO - Epoch 165/1200, Loss: 1.3670985277397376
2024-06-18 22:18:15 - INFO - Epoch 166/1200, Loss: 1.3518548942380264
2024-06-18 22:18:22 - INFO - Epoch 167/1200, Loss: 1.336097113087504
2024-06-18 22:18:29 - INFO - Epoch 168/1200, Loss: 1.3411491379680003
2024-06-18 22:18:36 - INFO - Epoch 169/1200, Loss: 1.3993807035925907
2024-06-18 22:18:43 - INFO - Epoch 170/1200, Loss: 2.108426556950505
2024-06-18 22:18:50 - INFO - Epoch 171/1200, Loss: 1.359181413279026
2024-06-18 22:18:57 - INFO - Epoch 172/1200, Loss: 1.500062406863793
2024-06-18 22:19:04 - INFO - Epoch 173/1200, Loss: 1.3672684315041908
2024-06-18 22:19:11 - INFO - Epoch 174/1200, Loss: 1.4093354720509224
2024-06-18 22:19:18 - INFO - Epoch 175/1200, Loss: 1.3049091161702104
2024-06-18 22:19:25 - INFO - Epoch 176/1200, Loss: 1.433120364198147
2024-06-18 22:19:32 - INFO - Epoch 177/1200, Loss: 1.361888881048409
2024-06-18 22:19:39 - INFO - Epoch 178/1200, Loss: 1.7884017065114093
2024-06-18 22:19:46 - INFO - Epoch 179/1200, Loss: 1.395914252233911
2024-06-18 22:19:53 - INFO - Epoch 180/1200, Loss: 1.3395904735591695
2024-06-18 22:20:01 - INFO - Epoch 181/1200, Loss: 1.6244538964040718
2024-06-18 22:20:07 - INFO - Epoch 182/1200, Loss: 1.3689194911528026
2024-06-18 22:20:15 - INFO - Epoch 183/1200, Loss: 1.5168874716263339
2024-06-18 22:20:22 - INFO - Epoch 184/1200, Loss: 1.3085506376138276
2024-06-18 22:20:29 - INFO - Epoch 185/1200, Loss: 1.3210163771543733
2024-06-18 22:20:36 - INFO - Epoch 186/1200, Loss: 1.8622778152669206
2024-06-18 22:20:43 - INFO - Epoch 187/1200, Loss: 1.3320076327185826
2024-06-18 22:20:50 - INFO - Epoch 188/1200, Loss: 1.2896036301974454
2024-06-18 22:20:57 - INFO - Epoch 189/1200, Loss: 1.3011667289777331
2024-06-18 22:21:04 - INFO - Epoch 190/1200, Loss: 1.3544478190248328
2024-06-18 22:21:10 - INFO - Epoch 191/1200, Loss: 1.4058472334199863
2024-06-18 22:21:18 - INFO - Epoch 192/1200, Loss: 1.3423773012530635
2024-06-18 22:21:25 - INFO - Epoch 193/1200, Loss: 1.3113580043914455
2024-06-18 22:21:31 - INFO - Epoch 194/1200, Loss: 1.7185372003854882
2024-06-18 22:21:38 - INFO - Epoch 195/1200, Loss: 1.3602700573007571
2024-06-18 22:21:45 - INFO - Epoch 196/1200, Loss: 1.3395773185035142
2024-06-18 22:21:52 - INFO - Epoch 197/1200, Loss: 1.436091548134325
2024-06-18 22:21:59 - INFO - Epoch 198/1200, Loss: 1.5730008636453863
2024-06-18 22:22:06 - INFO - Epoch 199/1200, Loss: 1.503241130465971
2024-06-18 22:22:13 - INFO - Epoch 200/1200, Loss: 2.0928033641351846
2024-06-18 22:22:20 - INFO - Epoch 201/1200, Loss: 1.3081730288264088
2024-06-18 22:22:27 - INFO - Epoch 202/1200, Loss: 2.0904621963570134
2024-06-18 22:22:34 - INFO - Epoch 203/1200, Loss: 1.3217664265551727
2024-06-18 22:22:41 - INFO - Epoch 204/1200, Loss: 1.3405042802783804
2024-06-18 22:22:48 - INFO - Epoch 205/1200, Loss: 1.483853334877795
2024-06-18 22:22:55 - INFO - Epoch 206/1200, Loss: 1.354565585606579
2024-06-18 22:23:02 - INFO - Epoch 207/1200, Loss: 1.343871962795285
2024-06-18 22:23:09 - INFO - Epoch 208/1200, Loss: 1.3309807366713737
2024-06-18 22:23:17 - INFO - Epoch 209/1200, Loss: 1.3247106455196171
2024-06-18 22:23:24 - INFO - Epoch 210/1200, Loss: 1.3396161046175756
2024-06-18 22:23:31 - INFO - Epoch 211/1200, Loss: 1.3469392411995758
2024-06-18 22:23:38 - INFO - Epoch 212/1200, Loss: 1.777308970289417
2024-06-18 22:23:46 - INFO - Epoch 213/1200, Loss: 1.3607431178385148
2024-06-18 22:23:53 - INFO - Epoch 214/1200, Loss: 1.370537649730157
2024-06-18 22:24:00 - INFO - Epoch 215/1200, Loss: 1.9658445615912061
2024-06-18 22:24:07 - INFO - Epoch 216/1200, Loss: 1.3251797162809893
2024-06-18 22:24:14 - INFO - Epoch 217/1200, Loss: 1.4505987737970427
2024-06-18 22:24:21 - INFO - Epoch 218/1200, Loss: 1.4003180185687796
2024-06-18 22:24:28 - INFO - Epoch 219/1200, Loss: 1.2957724119041198
2024-06-18 22:24:35 - INFO - Epoch 220/1200, Loss: 1.3679434552837912
2024-06-18 22:24:42 - INFO - Epoch 221/1200, Loss: 1.3281467584521236
2024-06-18 22:24:49 - INFO - Epoch 222/1200, Loss: 1.3064591537064734
2024-06-18 22:24:56 - INFO - Epoch 223/1200, Loss: 1.3665977536133076
2024-06-18 22:25:03 - INFO - Epoch 224/1200, Loss: 1.439686025424144
2024-06-18 22:25:10 - INFO - Epoch 225/1200, Loss: 1.3954632644877631
2024-06-18 22:25:17 - INFO - Epoch 226/1200, Loss: 2.107747748246869
2024-06-18 22:25:24 - INFO - Epoch 227/1200, Loss: 1.3612542664584149
2024-06-18 22:25:31 - INFO - Epoch 228/1200, Loss: 1.3359058770553585
2024-06-18 22:25:38 - INFO - Epoch 229/1200, Loss: 1.340113039595897
2024-06-18 22:25:45 - INFO - Epoch 230/1200, Loss: 1.3902709034814367
2024-06-18 22:25:52 - INFO - Epoch 231/1200, Loss: 1.3704598281626554
2024-06-18 22:25:59 - INFO - Epoch 232/1200, Loss: 1.5314919071506048
2024-06-18 22:26:06 - INFO - Epoch 233/1200, Loss: 1.4905714943713404
2024-06-18 22:26:13 - INFO - Epoch 234/1200, Loss: 2.651935101333968
2024-06-18 22:26:20 - INFO - Epoch 235/1200, Loss: 1.377686793626959
2024-06-18 22:26:27 - INFO - Epoch 236/1200, Loss: 1.321003281576433
2024-06-18 22:26:34 - INFO - Epoch 237/1200, Loss: 1.4761910786840897
2024-06-18 22:26:41 - INFO - Epoch 238/1200, Loss: 1.531871210374532
2024-06-18 22:26:48 - INFO - Epoch 239/1200, Loss: 1.4642196824038283
2024-06-18 22:26:55 - INFO - Epoch 240/1200, Loss: 1.3409057650205143
2024-06-18 22:27:02 - INFO - Epoch 241/1200, Loss: 1.357067123236242
2024-06-18 22:27:10 - INFO - Epoch 242/1200, Loss: 1.3357010632220025
2024-06-18 22:27:17 - INFO - Epoch 243/1200, Loss: 1.3351542716998688
2024-06-18 22:27:24 - INFO - Epoch 244/1200, Loss: 1.3773731596659502
2024-06-18 22:27:31 - INFO - Epoch 245/1200, Loss: 1.33209722080883
2024-06-18 22:27:38 - INFO - Epoch 246/1200, Loss: 2.8071350135802335
2024-06-18 22:27:45 - INFO - Epoch 247/1200, Loss: 1.3166720316742873
2024-06-18 22:27:52 - INFO - Epoch 248/1200, Loss: 1.3240490637469235
2024-06-18 22:27:59 - INFO - Epoch 249/1200, Loss: 1.3337411689541083
2024-06-18 22:28:06 - INFO - Epoch 250/1200, Loss: 1.3649199209369298
2024-06-18 22:28:13 - INFO - Epoch 251/1200, Loss: 1.7428283757291922
2024-06-18 22:28:20 - INFO - Epoch 252/1200, Loss: 1.4034153122713071
2024-06-18 22:28:27 - INFO - Epoch 253/1200, Loss: 1.4373962877102933
2024-06-18 22:28:34 - INFO - Epoch 254/1200, Loss: 1.3515710494998485
2024-06-18 22:28:41 - INFO - Epoch 255/1200, Loss: 1.3088232349253364
2024-06-18 22:28:48 - INFO - Epoch 256/1200, Loss: 1.3575647049566828
2024-06-18 22:28:55 - INFO - Epoch 257/1200, Loss: 1.316847771115257
2024-06-18 22:29:02 - INFO - Epoch 258/1200, Loss: 1.30911674143984
2024-06-18 22:29:09 - INFO - Epoch 259/1200, Loss: 1.439080389696468
2024-06-18 22:29:16 - INFO - Epoch 260/1200, Loss: 1.3832187095358022
2024-06-18 22:29:23 - INFO - Epoch 261/1200, Loss: 1.3486093317069296
2024-06-18 22:29:30 - INFO - Epoch 262/1200, Loss: 1.3714995633850413
2024-06-18 22:29:37 - INFO - Epoch 263/1200, Loss: 1.337319623918063
2024-06-18 22:29:44 - INFO - Epoch 264/1200, Loss: 1.314896994406102
2024-06-18 22:29:51 - INFO - Epoch 265/1200, Loss: 1.3571693192287253
2024-06-18 22:29:58 - INFO - Epoch 266/1200, Loss: 1.7545006456487278
2024-06-18 22:30:05 - INFO - Epoch 267/1200, Loss: 1.3338575498698584
2024-06-18 22:30:12 - INFO - Epoch 268/1200, Loss: 1.3695653098422946
2024-06-18 22:30:19 - INFO - Epoch 269/1200, Loss: 1.503018600197177
2024-06-18 22:30:26 - INFO - Epoch 270/1200, Loss: 1.3607795008338324
2024-06-18 22:30:33 - INFO - Epoch 271/1200, Loss: 1.7008424049329653
2024-06-18 22:30:40 - INFO - Epoch 272/1200, Loss: 1.3746844607932693
2024-06-18 22:30:47 - INFO - Epoch 273/1200, Loss: 1.3334549678251377
2024-06-18 22:30:54 - INFO - Epoch 274/1200, Loss: 1.3238127448652814
2024-06-18 22:31:01 - INFO - Epoch 275/1200, Loss: 1.3985296243161263
2024-06-18 22:31:08 - INFO - Epoch 276/1200, Loss: 1.3002632391456668
2024-06-18 22:31:15 - INFO - Epoch 277/1200, Loss: 1.4375562201424334
2024-06-18 22:31:22 - INFO - Epoch 278/1200, Loss: 1.3402834526000704
2024-06-18 22:31:29 - INFO - Epoch 279/1200, Loss: 1.3588686878642504
2024-06-18 22:31:36 - INFO - Epoch 280/1200, Loss: 1.3816647554316104
2024-06-18 22:31:44 - INFO - Epoch 281/1200, Loss: 1.3526829631016166
2024-06-18 22:31:51 - INFO - Epoch 282/1200, Loss: 1.3390695787853695
2024-06-18 22:31:58 - INFO - Epoch 283/1200, Loss: 1.352008994046888
2024-06-18 22:32:05 - INFO - Epoch 284/1200, Loss: 1.367822186648638
2024-06-18 22:32:12 - INFO - Epoch 285/1200, Loss: 1.384302509704882
2024-06-18 22:32:19 - INFO - Epoch 286/1200, Loss: 1.3099464716977063
2024-06-18 22:32:26 - INFO - Epoch 287/1200, Loss: 1.3325910360107294
2024-06-18 22:32:33 - INFO - Epoch 288/1200, Loss: 1.3309181150308198
2024-06-18 22:32:40 - INFO - Epoch 289/1200, Loss: 1.3918312217757796
2024-06-18 22:32:47 - INFO - Epoch 290/1200, Loss: 1.4690475990065957
2024-06-18 22:32:54 - INFO - Epoch 291/1200, Loss: 1.3741371946754202
2024-06-18 22:33:01 - INFO - Epoch 292/1200, Loss: 1.3961112657753678
2024-06-18 22:33:08 - INFO - Epoch 293/1200, Loss: 1.3094325842263004
2024-06-18 22:33:15 - INFO - Epoch 294/1200, Loss: 1.3381867880757614
2024-06-18 22:33:22 - INFO - Epoch 295/1200, Loss: 1.3501320745036984
2024-06-18 22:33:29 - INFO - Epoch 296/1200, Loss: 1.3420384876322327
2024-06-18 22:33:36 - INFO - Epoch 297/1200, Loss: 1.3969837642625325
2024-06-18 22:33:43 - INFO - Epoch 298/1200, Loss: 1.3699382427363462
2024-06-18 22:33:50 - INFO - Epoch 299/1200, Loss: 1.3317499392197643
2024-06-18 22:33:57 - INFO - Epoch 300/1200, Loss: 1.3679915391788742
2024-06-18 22:34:04 - INFO - Epoch 301/1200, Loss: 1.3297259880786814
2024-06-18 22:34:11 - INFO - Epoch 302/1200, Loss: 5.091126973451788
2024-06-18 22:34:17 - INFO - Epoch 303/1200, Loss: 1.320845211576796
2024-06-18 22:34:25 - INFO - Epoch 304/1200, Loss: 1.3992114679027523
2024-06-18 22:34:31 - INFO - Epoch 305/1200, Loss: 1.3784367738616565
2024-06-18 22:34:38 - INFO - Epoch 306/1200, Loss: 1.2945508562038452
2024-06-18 22:34:46 - INFO - Epoch 307/1200, Loss: 1.3423891386903546
2024-06-18 22:34:53 - INFO - Epoch 308/1200, Loss: 1.3480670280615688
2024-06-18 22:35:00 - INFO - Epoch 309/1200, Loss: 1.339098533973661
2024-06-18 22:35:07 - INFO - Epoch 310/1200, Loss: 1.3585197272363003
2024-06-18 22:35:14 - INFO - Epoch 311/1200, Loss: 1.3373315943693265
2024-06-18 22:35:21 - INFO - Epoch 312/1200, Loss: 1.4681201354012032
2024-06-18 22:35:28 - INFO - Epoch 313/1200, Loss: 1.3993814621588756
2024-06-18 22:35:35 - INFO - Epoch 314/1200, Loss: 1.4424900944327252
2024-06-18 22:35:42 - INFO - Epoch 315/1200, Loss: 1.3243760652235792
2024-06-18 22:35:49 - INFO - Epoch 316/1200, Loss: 1.3305104667436782
2024-06-18 22:35:56 - INFO - Epoch 317/1200, Loss: 1.3221688538821612
2024-06-18 22:36:03 - INFO - Epoch 318/1200, Loss: 1.3437924916921664
2024-06-18 22:36:10 - INFO - Epoch 319/1200, Loss: 1.335838834760534
2024-06-18 22:36:17 - INFO - Epoch 320/1200, Loss: 1.3281738292454444
2024-06-18 22:36:24 - INFO - Epoch 321/1200, Loss: 1.3624314581816461
2024-06-18 22:36:31 - INFO - Epoch 322/1200, Loss: 1.3190119757687968
2024-06-18 22:36:38 - INFO - Epoch 323/1200, Loss: 1.5074249213029887
2024-06-18 22:36:45 - INFO - Epoch 324/1200, Loss: 1.3476357414140276
2024-06-18 22:36:52 - INFO - Epoch 325/1200, Loss: 1.4128314611918755
2024-06-18 22:36:59 - INFO - Epoch 326/1200, Loss: 1.3290429134856085
2024-06-18 22:37:06 - INFO - Epoch 327/1200, Loss: 1.516726420480149
2024-06-18 22:37:13 - INFO - Epoch 328/1200, Loss: 1.3467346149381276
2024-06-18 22:37:20 - INFO - Epoch 329/1200, Loss: 1.3374427867302563
2024-06-18 22:37:27 - INFO - Epoch 330/1200, Loss: 2.028987208220858
2024-06-18 22:37:34 - INFO - Epoch 331/1200, Loss: 1.4567869737303107
2024-06-18 22:37:41 - INFO - Epoch 332/1200, Loss: 1.309767249723137
2024-06-18 22:37:48 - INFO - Epoch 333/1200, Loss: 1.3479594710152978
2024-06-18 22:37:55 - INFO - Epoch 334/1200, Loss: 2.4261012136844755
2024-06-18 22:38:02 - INFO - Epoch 335/1200, Loss: 1.3101630176437487
2024-06-18 22:38:09 - INFO - Epoch 336/1200, Loss: 1.499080123343029
2024-06-18 22:38:16 - INFO - Epoch 337/1200, Loss: 1.3527687648092637
2024-06-18 22:38:23 - INFO - Epoch 338/1200, Loss: 1.342466680506962
2024-06-18 22:38:30 - INFO - Epoch 339/1200, Loss: 1.804978281684829
2024-06-18 22:38:37 - INFO - Epoch 340/1200, Loss: 1.3820523210013589
2024-06-18 22:38:44 - INFO - Epoch 341/1200, Loss: 1.3139888988137218
2024-06-18 22:38:51 - INFO - Epoch 342/1200, Loss: 1.3334639776602497
2024-06-18 22:38:58 - INFO - Epoch 343/1200, Loss: 1.3613345234355312
2024-06-18 22:39:06 - INFO - Epoch 344/1200, Loss: 1.3629068708960628
2024-06-18 22:39:13 - INFO - Epoch 345/1200, Loss: 1.340818468947981
2024-06-18 22:39:20 - INFO - Epoch 346/1200, Loss: 1.3253122881156698
2024-06-18 22:39:27 - INFO - Epoch 347/1200, Loss: 1.3987219751127782
2024-06-18 22:39:34 - INFO - Epoch 348/1200, Loss: 1.3344791736368056
2024-06-18 22:39:41 - INFO - Epoch 349/1200, Loss: 1.3481013397179027
2024-06-18 22:39:48 - INFO - Epoch 350/1200, Loss: 1.436919242502428
2024-06-18 22:39:55 - INFO - Epoch 351/1200, Loss: 1.3827742533343987
2024-06-18 22:40:02 - INFO - Epoch 352/1200, Loss: 1.3899860531389534
2024-06-18 22:40:09 - INFO - Epoch 353/1200, Loss: 1.4346130200676568
2024-06-18 22:40:16 - INFO - Epoch 354/1200, Loss: 1.6435666402801612
2024-06-18 22:40:23 - INFO - Epoch 355/1200, Loss: 1.3331097612452796
2024-06-18 22:40:30 - INFO - Epoch 356/1200, Loss: 1.9391230922768108
2024-06-18 22:40:37 - INFO - Epoch 357/1200, Loss: 1.3151597876609278
2024-06-18 22:40:44 - INFO - Epoch 358/1200, Loss: 2.303897503556852
2024-06-18 22:40:51 - INFO - Epoch 359/1200, Loss: 1.361259561510857
2024-06-18 22:40:58 - INFO - Epoch 360/1200, Loss: 1.4705980650989523
2024-06-18 22:41:05 - INFO - Epoch 361/1200, Loss: 1.5760919632386592
2024-06-18 22:41:12 - INFO - Epoch 362/1200, Loss: 1.3967600987500928
2024-06-18 22:41:19 - INFO - Epoch 363/1200, Loss: 1.3690562343207306
2024-06-18 22:41:26 - INFO - Epoch 364/1200, Loss: 1.445740291864277
2024-06-18 22:41:33 - INFO - Epoch 365/1200, Loss: 1.3097095411702557
2024-06-18 22:41:40 - INFO - Epoch 366/1200, Loss: 1.7314879176108313
2024-06-18 22:41:47 - INFO - Epoch 367/1200, Loss: 2.021250670443728
2024-06-18 22:41:54 - INFO - Epoch 368/1200, Loss: 2.0935067048616083
2024-06-18 22:42:01 - INFO - Epoch 369/1200, Loss: 1.6576407364110415
2024-06-18 22:42:08 - INFO - Epoch 370/1200, Loss: 1.3403243758863181
2024-06-18 22:42:15 - INFO - Epoch 371/1200, Loss: 1.4190415349021281
2024-06-18 22:42:22 - INFO - Epoch 372/1200, Loss: 1.3167594113631633
2024-06-18 22:42:29 - INFO - Epoch 373/1200, Loss: 1.3276881144169024
2024-06-18 22:42:36 - INFO - Epoch 374/1200, Loss: 1.336569120643118
2024-06-18 22:42:43 - INFO - Epoch 375/1200, Loss: 1.416042391399717
2024-06-18 22:42:50 - INFO - Epoch 376/1200, Loss: 1.3052874201650606
2024-06-18 22:42:57 - INFO - Epoch 377/1200, Loss: 1.8247557891748283
2024-06-18 22:43:04 - INFO - Epoch 378/1200, Loss: 1.3283001831018604
2024-06-18 22:43:11 - INFO - Epoch 379/1200, Loss: 1.3601124556123454
2024-06-18 22:43:18 - INFO - Epoch 380/1200, Loss: 1.4147326726602698
2024-06-18 22:43:26 - INFO - Epoch 381/1200, Loss: 1.3545316212214846
2024-06-18 22:43:33 - INFO - Epoch 382/1200, Loss: 1.5410484305896759
2024-06-18 22:43:40 - INFO - Epoch 383/1200, Loss: 1.326914162482698
2024-06-18 22:43:47 - INFO - Epoch 384/1200, Loss: 1.7815139690259176
2024-06-18 22:43:54 - INFO - Epoch 385/1200, Loss: 1.3075965512844356
2024-06-18 22:44:01 - INFO - Epoch 386/1200, Loss: 1.4278918555639215
2024-06-18 22:44:08 - INFO - Epoch 387/1200, Loss: 1.326782277993775
2024-06-18 22:44:15 - INFO - Epoch 388/1200, Loss: 1.5721473818526177
2024-06-18 22:44:22 - INFO - Epoch 389/1200, Loss: 1.343066427391044
2024-06-18 22:44:29 - INFO - Epoch 390/1200, Loss: 1.3799836361850981
2024-06-18 22:44:36 - INFO - Epoch 391/1200, Loss: 1.8937292478243377
2024-06-18 22:44:43 - INFO - Epoch 392/1200, Loss: 1.5309770517129144
2024-06-18 22:44:50 - INFO - Epoch 393/1200, Loss: 1.434389660178116
2024-06-18 22:44:57 - INFO - Epoch 394/1200, Loss: 1.372770909390201
2024-06-18 22:45:04 - INFO - Epoch 395/1200, Loss: 1.4048105926519878
2024-06-18 22:45:11 - INFO - Epoch 396/1200, Loss: 1.4571051489097195
2024-06-18 22:45:18 - INFO - Epoch 397/1200, Loss: 1.46261589827356
2024-06-18 22:45:25 - INFO - Epoch 398/1200, Loss: 1.3304265960347939
2024-06-18 22:45:32 - INFO - Epoch 399/1200, Loss: 1.357083084382356
2024-06-18 22:45:39 - INFO - Epoch 400/1200, Loss: 1.37857833647503
2024-06-18 22:45:46 - INFO - Epoch 401/1200, Loss: 1.382175146533218
2024-06-18 22:45:53 - INFO - Epoch 402/1200, Loss: 1.4379334854834727
2024-06-18 22:46:00 - INFO - Epoch 403/1200, Loss: 1.3645580167335507
2024-06-18 22:46:06 - INFO - Epoch 404/1200, Loss: 1.8840649263776674
2024-06-18 22:46:14 - INFO - Epoch 405/1200, Loss: 1.3560431111403624
2024-06-18 22:46:20 - INFO - Epoch 406/1200, Loss: 1.333261378364007
2024-06-18 22:46:27 - INFO - Epoch 407/1200, Loss: 1.3578977567356167
2024-06-18 22:46:35 - INFO - Epoch 408/1200, Loss: 1.5115941212205315
2024-06-18 22:46:42 - INFO - Epoch 409/1200, Loss: 1.5850932608143709
2024-06-18 22:46:49 - INFO - Epoch 410/1200, Loss: 1.4431797567174363
2024-06-18 22:46:56 - INFO - Epoch 411/1200, Loss: 1.4911367107688902
2024-06-18 22:47:03 - INFO - Epoch 412/1200, Loss: 1.4431589461836374
2024-06-18 22:47:11 - INFO - Epoch 413/1200, Loss: 1.3420542572652125
2024-06-18 22:47:18 - INFO - Epoch 414/1200, Loss: 5.029897727854596
2024-06-18 22:47:25 - INFO - Epoch 415/1200, Loss: 1.3452054687730606
2024-06-18 22:47:31 - INFO - Epoch 416/1200, Loss: 1.4290794136578173
