2024-06-18 21:58:09 - INFO - This log entry will go into a uniquely named file for this run.
2024-06-18 21:58:09 - INFO - Starting LSTM model training...
2024-06-18 21:58:09 - INFO - epochs=1200
2024-06-18 21:58:09 - INFO - batch_size=16
2024-06-18 21:58:11 - INFO - Starting LSTM model training...
2024-06-18 21:58:17 - INFO - Epoch 1/1200, Loss: 1.5548258268178736
2024-06-18 21:58:22 - INFO - Epoch 2/1200, Loss: 1.4269070485776059
2024-06-18 21:58:28 - INFO - Epoch 3/1200, Loss: 1.4011280469990162
2024-06-18 21:58:34 - INFO - Epoch 4/1200, Loss: 1.4104224953247873
2024-06-18 21:58:39 - INFO - Epoch 5/1200, Loss: 1.3823573107123845
2024-06-18 21:58:45 - INFO - Epoch 6/1200, Loss: 1.3696700911339492
2024-06-18 21:58:51 - INFO - Epoch 7/1200, Loss: 1.372888558691019
2024-06-18 21:58:58 - INFO - Epoch 8/1200, Loss: 1.435308349141958
2024-06-18 21:59:05 - INFO - Epoch 9/1200, Loss: 1.3745788009007378
2024-06-18 21:59:12 - INFO - Epoch 10/1200, Loss: 1.33824841438552
2024-06-18 21:59:20 - INFO - Epoch 11/1200, Loss: 1.3661978020858871
2024-06-18 21:59:27 - INFO - Epoch 12/1200, Loss: 1.3407463375753448
2024-06-18 21:59:34 - INFO - Epoch 13/1200, Loss: 1.3302657624387744
2024-06-18 21:59:42 - INFO - Epoch 14/1200, Loss: 1.352559791107543
2024-06-18 21:59:49 - INFO - Epoch 15/1200, Loss: 1.3313763755659942
2024-06-18 21:59:56 - INFO - Epoch 16/1200, Loss: 1.384645219181769
2024-06-18 22:00:03 - INFO - Epoch 17/1200, Loss: 1.3825261895972327
2024-06-18 22:00:11 - INFO - Epoch 18/1200, Loss: 1.322739946450426
2024-06-18 22:00:18 - INFO - Epoch 19/1200, Loss: 1.3284098148146462
2024-06-18 22:00:25 - INFO - Epoch 20/1200, Loss: 1.3173876620622347
2024-06-18 22:00:32 - INFO - Epoch 21/1200, Loss: 1.3089983070411482
2024-06-18 22:00:40 - INFO - Epoch 22/1200, Loss: 1.3204283912560988
2024-06-18 22:00:47 - INFO - Epoch 23/1200, Loss: 1.3295256313694486
2024-06-18 22:00:54 - INFO - Epoch 24/1200, Loss: 1.3449395248282932
2024-06-18 22:01:01 - INFO - Epoch 25/1200, Loss: 1.2876346237458418
2024-06-18 22:01:08 - INFO - Epoch 26/1200, Loss: 1.4291122629002138
2024-06-18 22:01:16 - INFO - Epoch 27/1200, Loss: 1.3570625814706418
2024-06-18 22:01:23 - INFO - Epoch 28/1200, Loss: 1.404179282528691
2024-06-18 22:01:30 - INFO - Epoch 29/1200, Loss: 1.3212604539661357
2024-06-18 22:01:37 - INFO - Epoch 30/1200, Loss: 1.311050655912423
2024-06-18 22:01:44 - INFO - Epoch 31/1200, Loss: 1.3141672234499642
2024-06-18 22:01:51 - INFO - Epoch 32/1200, Loss: 1.350625212717335
2024-06-18 22:01:59 - INFO - Epoch 33/1200, Loss: 1.350981764041335
2024-06-18 22:02:06 - INFO - Epoch 34/1200, Loss: 1.3637934572323176
2024-06-18 22:02:13 - INFO - Epoch 35/1200, Loss: 1.3901434491292783
2024-06-18 22:02:20 - INFO - Epoch 36/1200, Loss: 1.3013687873714523
2024-06-18 22:02:28 - INFO - Epoch 37/1200, Loss: 1.3219106101271598
2024-06-18 22:02:35 - INFO - Epoch 38/1200, Loss: 1.331839002137935
2024-06-18 22:02:42 - INFO - Epoch 39/1200, Loss: 1.32872779819416
2024-06-18 22:02:49 - INFO - Epoch 40/1200, Loss: 1.3494219549950244
2024-06-18 22:02:56 - INFO - Epoch 41/1200, Loss: 1.292907479201346
2024-06-18 22:03:04 - INFO - Epoch 42/1200, Loss: 1.2975291159923996
2024-06-18 22:03:11 - INFO - Epoch 43/1200, Loss: 1.3173351727735325
2024-06-18 22:03:18 - INFO - Epoch 44/1200, Loss: 1.2934943652078763
2024-06-18 22:03:25 - INFO - Epoch 45/1200, Loss: 1.3227585263926742
2024-06-18 22:03:32 - INFO - Epoch 46/1200, Loss: 1.3489446038787116
2024-06-18 22:03:40 - INFO - Epoch 47/1200, Loss: 1.3407742770120576
2024-06-18 22:03:47 - INFO - Epoch 48/1200, Loss: 1.3990164027632748
2024-06-18 22:03:54 - INFO - Epoch 49/1200, Loss: 1.418619537810116
2024-06-18 22:04:01 - INFO - Epoch 50/1200, Loss: 1.3574162734489652
2024-06-18 22:04:09 - INFO - Epoch 51/1200, Loss: 1.2891323352045125
2024-06-18 22:04:16 - INFO - Epoch 52/1200, Loss: 1.3447961074792374
2024-06-18 22:04:23 - INFO - Epoch 53/1200, Loss: 1.3430655911694354
2024-06-18 22:04:31 - INFO - Epoch 54/1200, Loss: 1.3014418186253376
2024-06-18 22:04:38 - INFO - Epoch 55/1200, Loss: 1.459995095192214
2024-06-18 22:04:45 - INFO - Epoch 56/1200, Loss: 1.309082844286945
2024-06-18 22:04:52 - INFO - Epoch 57/1200, Loss: 1.298410576638476
2024-06-18 22:05:00 - INFO - Epoch 58/1200, Loss: 1.3405927507436155
2024-06-18 22:05:07 - INFO - Epoch 59/1200, Loss: 1.2981996709807384
2024-06-18 22:05:14 - INFO - Epoch 60/1200, Loss: 1.318878452853113
2024-06-18 22:05:21 - INFO - Epoch 61/1200, Loss: 1.3355546136040493
2024-06-18 22:05:28 - INFO - Epoch 62/1200, Loss: 1.292367947634663
2024-06-18 22:05:36 - INFO - Epoch 63/1200, Loss: 1.3589487589869058
2024-06-18 22:05:43 - INFO - Epoch 64/1200, Loss: 1.335481322615714
2024-06-18 22:05:50 - INFO - Epoch 65/1200, Loss: 1.3453968389814592
2024-06-18 22:05:57 - INFO - Epoch 66/1200, Loss: 1.3046224309893515
2024-06-18 22:06:04 - INFO - Epoch 67/1200, Loss: 1.3508586363663198
2024-06-18 22:06:12 - INFO - Epoch 68/1200, Loss: 1.3396371629270767
2024-06-18 22:06:19 - INFO - Epoch 69/1200, Loss: 1.3297676099636164
2024-06-18 22:06:26 - INFO - Epoch 70/1200, Loss: 1.3089073227549377
2024-06-18 22:06:33 - INFO - Epoch 71/1200, Loss: 1.3403189616384397
2024-06-18 22:06:41 - INFO - Epoch 72/1200, Loss: 1.3401862388374648
2024-06-18 22:06:48 - INFO - Epoch 73/1200, Loss: 1.3192265494755386
2024-06-18 22:06:55 - INFO - Epoch 74/1200, Loss: 1.3121045726294165
2024-06-18 22:07:02 - INFO - Epoch 75/1200, Loss: 1.3063578064270012
2024-06-18 22:07:09 - INFO - Epoch 76/1200, Loss: 1.3063856065231725
2024-06-18 22:07:17 - INFO - Epoch 77/1200, Loss: 1.2873254234645455
2024-06-18 22:07:24 - INFO - Epoch 78/1200, Loss: 1.2976421755859555
2024-06-18 22:07:31 - INFO - Epoch 79/1200, Loss: 1.4267623954496862
2024-06-18 22:07:38 - INFO - Epoch 80/1200, Loss: 1.3093745958820047
2024-06-18 22:07:46 - INFO - Epoch 81/1200, Loss: 1.3101314240041007
2024-06-18 22:07:53 - INFO - Epoch 82/1200, Loss: 1.3339126296928447
2024-06-18 22:08:00 - INFO - Epoch 83/1200, Loss: 1.31173297272053
2024-06-18 22:08:07 - INFO - Epoch 84/1200, Loss: 1.3249433360350036
2024-06-18 22:08:15 - INFO - Epoch 85/1200, Loss: 1.3670715837804908
2024-06-18 22:08:22 - INFO - Epoch 86/1200, Loss: 1.3112775250436073
2024-06-18 22:08:29 - INFO - Epoch 87/1200, Loss: 1.3985408851803693
2024-06-18 22:08:36 - INFO - Epoch 88/1200, Loss: 1.3393688298710242
2024-06-18 22:08:44 - INFO - Epoch 89/1200, Loss: 1.3306911534337158
2024-06-18 22:08:51 - INFO - Epoch 90/1200, Loss: 1.293222589320021
2024-06-18 22:08:58 - INFO - Epoch 91/1200, Loss: 1.3404553341177314
2024-06-18 22:09:05 - INFO - Epoch 92/1200, Loss: 1.3686967985248686
2024-06-18 22:09:12 - INFO - Epoch 93/1200, Loss: 1.3259879376207475
2024-06-18 22:09:20 - INFO - Epoch 94/1200, Loss: 1.364363455602837
2024-06-18 22:09:27 - INFO - Epoch 95/1200, Loss: 1.3928585792581933
2024-06-18 22:09:34 - INFO - Epoch 96/1200, Loss: 1.3450096641874423
2024-06-18 22:09:41 - INFO - Epoch 97/1200, Loss: 1.3229393096048396
2024-06-18 22:09:48 - INFO - Epoch 98/1200, Loss: 1.3094370721003026
2024-06-18 22:09:56 - INFO - Epoch 99/1200, Loss: 1.3084224675016767
2024-06-18 22:10:03 - INFO - Epoch 100/1200, Loss: 1.3213854691243396
2024-06-18 22:10:10 - INFO - Epoch 101/1200, Loss: 1.3059180842357794
2024-06-18 22:10:17 - INFO - Epoch 102/1200, Loss: 1.3436584735894166
2024-06-18 22:10:24 - INFO - Epoch 103/1200, Loss: 1.3453172275124914
2024-06-18 22:10:31 - INFO - Epoch 104/1200, Loss: 1.358071342012969
2024-06-18 22:10:39 - INFO - Epoch 105/1200, Loss: 1.3439955378002089
2024-06-18 22:10:46 - INFO - Epoch 106/1200, Loss: 1.350718679221633
2024-06-18 22:10:53 - INFO - Epoch 107/1200, Loss: 1.3297461842743084
2024-06-18 22:11:00 - INFO - Epoch 108/1200, Loss: 1.4694125294458171
2024-06-18 22:11:07 - INFO - Epoch 109/1200, Loss: 1.3750342557781916
2024-06-18 22:11:15 - INFO - Epoch 110/1200, Loss: 1.306876643955339
2024-06-18 22:11:22 - INFO - Epoch 111/1200, Loss: 1.3361658387529254
2024-06-18 22:11:29 - INFO - Epoch 112/1200, Loss: 1.4552564102059677
2024-06-18 22:11:36 - INFO - Epoch 113/1200, Loss: 1.3118425924761263
2024-06-18 22:11:44 - INFO - Epoch 114/1200, Loss: 1.38380763060333
2024-06-18 22:11:51 - INFO - Epoch 115/1200, Loss: 1.2981816570055522
2024-06-18 22:11:58 - INFO - Epoch 116/1200, Loss: 1.329012236327289
2024-06-18 22:12:05 - INFO - Epoch 117/1200, Loss: 1.554540693912303
2024-06-18 22:12:13 - INFO - Epoch 118/1200, Loss: 1.3332958229387266
2024-06-18 22:12:20 - INFO - Epoch 119/1200, Loss: 1.3574131781578462
2024-06-18 22:12:27 - INFO - Epoch 120/1200, Loss: 1.3455955034762321
2024-06-18 22:12:34 - INFO - Epoch 121/1200, Loss: 1.3255041534584924
2024-06-18 22:12:41 - INFO - Epoch 122/1200, Loss: 1.372341768493248
2024-06-18 22:12:49 - INFO - Epoch 123/1200, Loss: 1.3337366249096618
2024-06-18 22:12:56 - INFO - Epoch 124/1200, Loss: 1.316670971496808
2024-06-18 22:13:03 - INFO - Epoch 125/1200, Loss: 1.3043511951007931
2024-06-18 22:13:10 - INFO - Epoch 126/1200, Loss: 1.309302512996672
2024-06-18 22:13:18 - INFO - Epoch 127/1200, Loss: 1.3083400441718855
2024-06-18 22:13:25 - INFO - Epoch 128/1200, Loss: 1.448828969039783
2024-06-18 22:13:32 - INFO - Epoch 129/1200, Loss: 1.3053629934851474
2024-06-18 22:13:39 - INFO - Epoch 130/1200, Loss: 1.344903966891008
2024-06-18 22:13:46 - INFO - Epoch 131/1200, Loss: 1.3530777123872857
2024-06-18 22:13:54 - INFO - Epoch 132/1200, Loss: 1.3140708352544952
2024-06-18 22:14:01 - INFO - Epoch 133/1200, Loss: 1.3187419594024086
2024-06-18 22:14:08 - INFO - Epoch 134/1200, Loss: 1.2882519940731942
2024-06-18 22:14:15 - INFO - Epoch 135/1200, Loss: 1.3770996597816947
2024-06-18 22:14:22 - INFO - Epoch 136/1200, Loss: 1.4181420906359297
2024-06-18 22:14:30 - INFO - Epoch 137/1200, Loss: 1.3197339434939128
2024-06-18 22:14:37 - INFO - Epoch 138/1200, Loss: 1.359582438011446
2024-06-18 22:14:44 - INFO - Epoch 139/1200, Loss: 1.3082161706394826
2024-06-18 22:14:51 - INFO - Epoch 140/1200, Loss: 1.32680783538657
2024-06-18 22:14:59 - INFO - Epoch 141/1200, Loss: 1.3039331831582082
2024-06-18 22:15:06 - INFO - Epoch 142/1200, Loss: 1.3358548581004503
2024-06-18 22:15:13 - INFO - Epoch 143/1200, Loss: 1.2914013838636955
2024-06-18 22:15:20 - INFO - Epoch 144/1200, Loss: 1.304875448204143
2024-06-18 22:15:27 - INFO - Epoch 145/1200, Loss: 1.3027670130660742
2024-06-18 22:15:34 - INFO - Epoch 146/1200, Loss: 1.3095946080381111
2024-06-18 22:15:41 - INFO - Epoch 147/1200, Loss: 1.3196651518430769
2024-06-18 22:15:49 - INFO - Epoch 148/1200, Loss: 1.321478788246418
2024-06-18 22:15:56 - INFO - Epoch 149/1200, Loss: 1.3313566564998274
2024-06-18 22:16:03 - INFO - Epoch 150/1200, Loss: 1.3356732325823644
2024-06-18 22:16:10 - INFO - Epoch 151/1200, Loss: 1.3878069725605378
2024-06-18 22:16:17 - INFO - Epoch 152/1200, Loss: 1.2934389478330337
2024-06-18 22:16:24 - INFO - Epoch 153/1200, Loss: 1.3245178220950924
2024-06-18 22:16:32 - INFO - Epoch 154/1200, Loss: 1.301133847528104
2024-06-18 22:16:39 - INFO - Epoch 155/1200, Loss: 1.3141258884433789
2024-06-18 22:16:46 - INFO - Epoch 156/1200, Loss: 1.3368559916947158
2024-06-18 22:16:53 - INFO - Epoch 157/1200, Loss: 1.3479663696004462
2024-06-18 22:17:01 - INFO - Epoch 158/1200, Loss: 1.3170612886383881
2024-06-18 22:17:08 - INFO - Epoch 159/1200, Loss: 1.3376980130988196
2024-06-18 22:17:15 - INFO - Epoch 160/1200, Loss: 1.3487478566310072
2024-06-18 22:17:22 - INFO - Epoch 161/1200, Loss: 1.3165721198435592
2024-06-18 22:17:30 - INFO - Epoch 162/1200, Loss: 1.3577903195171794
2024-06-18 22:17:37 - INFO - Epoch 163/1200, Loss: 1.3282296104432925
2024-06-18 22:17:44 - INFO - Epoch 164/1200, Loss: 1.311259501616404
2024-06-18 22:17:51 - INFO - Epoch 165/1200, Loss: 1.3028546266795613
2024-06-18 22:17:58 - INFO - Epoch 166/1200, Loss: 1.3272080916172124
2024-06-18 22:18:06 - INFO - Epoch 167/1200, Loss: 1.3117479683215474
2024-06-18 22:18:13 - INFO - Epoch 168/1200, Loss: 1.3450255824981727
2024-06-18 22:18:20 - INFO - Epoch 169/1200, Loss: 1.2912215237276594
2024-06-18 22:18:27 - INFO - Epoch 170/1200, Loss: 1.3146277093291088
2024-06-18 22:18:34 - INFO - Epoch 171/1200, Loss: 1.3876555930818413
2024-06-18 22:18:42 - INFO - Epoch 172/1200, Loss: 1.324985431016741
2024-06-18 22:18:49 - INFO - Epoch 173/1200, Loss: 1.321861641790358
2024-06-18 22:18:56 - INFO - Epoch 174/1200, Loss: 1.3060882592231156
2024-06-18 22:19:03 - INFO - Epoch 175/1200, Loss: 1.3740326231733857
2024-06-18 22:19:10 - INFO - Epoch 176/1200, Loss: 1.7393477548602811
2024-06-18 22:19:18 - INFO - Epoch 177/1200, Loss: 1.3689736761829818
2024-06-18 22:19:25 - INFO - Epoch 178/1200, Loss: 1.3484227045783825
2024-06-18 22:19:32 - INFO - Epoch 179/1200, Loss: 1.415973184403862
2024-06-18 22:19:39 - INFO - Epoch 180/1200, Loss: 1.3593081461913925
2024-06-18 22:19:47 - INFO - Epoch 181/1200, Loss: 1.3030301612584831
2024-06-18 22:19:54 - INFO - Epoch 182/1200, Loss: 1.3350683543431965
2024-06-18 22:20:01 - INFO - Epoch 183/1200, Loss: 1.298378591800575
2024-06-18 22:20:09 - INFO - Epoch 184/1200, Loss: 1.3076344714117965
2024-06-18 22:20:16 - INFO - Epoch 185/1200, Loss: 1.3088582996066875
2024-06-18 22:20:23 - INFO - Epoch 186/1200, Loss: 1.3770975883727525
2024-06-18 22:20:30 - INFO - Epoch 187/1200, Loss: 1.3074394200049655
2024-06-18 22:20:37 - INFO - Epoch 188/1200, Loss: 1.2971787632788951
2024-06-18 22:20:45 - INFO - Epoch 189/1200, Loss: 1.387918278933048
2024-06-18 22:20:52 - INFO - Epoch 190/1200, Loss: 1.3313080663753178
2024-06-18 22:20:59 - INFO - Epoch 191/1200, Loss: 1.3031879516816895
2024-06-18 22:21:06 - INFO - Epoch 192/1200, Loss: 1.3183524277299672
2024-06-18 22:21:13 - INFO - Epoch 193/1200, Loss: 1.3290394626889264
2024-06-18 22:21:21 - INFO - Epoch 194/1200, Loss: 1.2850208058187897
2024-06-18 22:21:28 - INFO - Epoch 195/1200, Loss: 1.3322814401606786
2024-06-18 22:21:35 - INFO - Epoch 196/1200, Loss: 1.4435934634829966
2024-06-18 22:21:42 - INFO - Epoch 197/1200, Loss: 1.316073097732949
2024-06-18 22:21:49 - INFO - Epoch 198/1200, Loss: 1.2965247926173202
2024-06-18 22:21:56 - INFO - Epoch 199/1200, Loss: 1.3045944946001626
2024-06-18 22:22:04 - INFO - Epoch 200/1200, Loss: 1.2886339885688796
2024-06-18 22:22:11 - INFO - Epoch 201/1200, Loss: 1.299531760981784
2024-06-18 22:22:18 - INFO - Epoch 202/1200, Loss: 1.3523538481356325
2024-06-18 22:22:25 - INFO - Epoch 203/1200, Loss: 1.4483982270184972
2024-06-18 22:22:33 - INFO - Epoch 204/1200, Loss: 1.3460414606158506
2024-06-18 22:22:40 - INFO - Epoch 205/1200, Loss: 1.3060444980487107
2024-06-18 22:22:47 - INFO - Epoch 206/1200, Loss: 1.3052622004765067
2024-06-18 22:22:54 - INFO - Epoch 207/1200, Loss: 1.3367964458594133
2024-06-18 22:23:02 - INFO - Epoch 208/1200, Loss: 1.3415555333191285
2024-06-18 22:23:09 - INFO - Epoch 209/1200, Loss: 1.3551513904259138
2024-06-18 22:23:17 - INFO - Epoch 210/1200, Loss: 1.3324040965389374
2024-06-18 22:23:24 - INFO - Epoch 211/1200, Loss: 1.3943571825658727
2024-06-18 22:23:31 - INFO - Epoch 212/1200, Loss: 1.3601409833018863
2024-06-18 22:23:39 - INFO - Epoch 213/1200, Loss: 1.3243429804870077
2024-06-18 22:23:46 - INFO - Epoch 214/1200, Loss: 1.414662128835688
2024-06-18 22:23:53 - INFO - Epoch 215/1200, Loss: 1.299249029863841
2024-06-18 22:24:01 - INFO - Epoch 216/1200, Loss: 1.2968107023227167
2024-06-18 22:24:08 - INFO - Epoch 217/1200, Loss: 1.3143657878943802
2024-06-18 22:24:15 - INFO - Epoch 218/1200, Loss: 1.311796127262017
2024-06-18 22:24:23 - INFO - Epoch 219/1200, Loss: 1.3497425911788168
2024-06-18 22:24:30 - INFO - Epoch 220/1200, Loss: 1.3089585621774886
2024-06-18 22:24:37 - INFO - Epoch 221/1200, Loss: 1.298176617717242
2024-06-18 22:24:44 - INFO - Epoch 222/1200, Loss: 1.2963123465218271
2024-06-18 22:24:52 - INFO - Epoch 223/1200, Loss: 1.3015620053487749
2024-06-18 22:24:59 - INFO - Epoch 224/1200, Loss: 1.2991076175047087
2024-06-18 22:25:06 - INFO - Epoch 225/1200, Loss: 1.349177162312444
2024-06-18 22:25:13 - INFO - Epoch 226/1200, Loss: 1.3647225280467012
2024-06-18 22:25:20 - INFO - Epoch 227/1200, Loss: 1.3181962895325767
2024-06-18 22:25:28 - INFO - Epoch 228/1200, Loss: 1.3252195281274912
2024-06-18 22:25:35 - INFO - Epoch 229/1200, Loss: 1.351373392587008
2024-06-18 22:25:42 - INFO - Epoch 230/1200, Loss: 1.3216205224639306
2024-06-18 22:25:50 - INFO - Epoch 231/1200, Loss: 1.3301096534272403
2024-06-18 22:25:57 - INFO - Epoch 232/1200, Loss: 1.323297252056794
2024-06-18 22:26:04 - INFO - Epoch 233/1200, Loss: 1.3159554072549717
2024-06-18 22:26:11 - INFO - Epoch 234/1200, Loss: 1.3151472650278908
2024-06-18 22:26:18 - INFO - Epoch 235/1200, Loss: 1.3359295917578013
2024-06-18 22:26:26 - INFO - Epoch 236/1200, Loss: 1.3289582881669046
2024-06-18 22:26:33 - INFO - Epoch 237/1200, Loss: 1.309666500615535
2024-06-18 22:26:41 - INFO - Epoch 238/1200, Loss: 1.3354464077270338
2024-06-18 22:26:48 - INFO - Epoch 239/1200, Loss: 1.3279737345605904
2024-06-18 22:26:55 - INFO - Epoch 240/1200, Loss: 1.294770235635854
2024-06-18 22:27:02 - INFO - Epoch 241/1200, Loss: 1.3150478952550402
2024-06-18 22:27:10 - INFO - Epoch 242/1200, Loss: 1.6458673725698703
2024-06-18 22:27:17 - INFO - Epoch 243/1200, Loss: 1.3020900877063002
2024-06-18 22:27:24 - INFO - Epoch 244/1200, Loss: 1.3129804914468548
2024-06-18 22:27:31 - INFO - Epoch 245/1200, Loss: 1.3151858970997352
2024-06-18 22:27:39 - INFO - Epoch 246/1200, Loss: 1.2856277857942573
2024-06-18 22:27:46 - INFO - Epoch 247/1200, Loss: 1.3218268948951615
2024-06-18 22:27:53 - INFO - Epoch 248/1200, Loss: 1.3138437354361856
2024-06-18 22:28:00 - INFO - Epoch 249/1200, Loss: 1.3319928177407234
2024-06-18 22:28:08 - INFO - Epoch 250/1200, Loss: 1.330968390832479
2024-06-18 22:28:15 - INFO - Epoch 251/1200, Loss: 1.3262594252103033
2024-06-18 22:28:22 - INFO - Epoch 252/1200, Loss: 1.2938748658553985
2024-06-18 22:28:29 - INFO - Epoch 253/1200, Loss: 1.3340968218214846
2024-06-18 22:28:36 - INFO - Epoch 254/1200, Loss: 1.3365502397047562
2024-06-18 22:28:43 - INFO - Epoch 255/1200, Loss: 1.311398644419177
2024-06-18 22:28:51 - INFO - Epoch 256/1200, Loss: 1.341945848687503
2024-06-18 22:28:58 - INFO - Epoch 257/1200, Loss: 1.326764587577359
2024-06-18 22:29:05 - INFO - Epoch 258/1200, Loss: 1.3319086671424134
2024-06-18 22:29:12 - INFO - Epoch 259/1200, Loss: 1.3059358190793082
2024-06-18 22:29:19 - INFO - Epoch 260/1200, Loss: 1.2935666814096656
2024-06-18 22:29:27 - INFO - Epoch 261/1200, Loss: 1.3619457340714811
2024-06-18 22:29:34 - INFO - Epoch 262/1200, Loss: 1.3000909624130264
2024-06-18 22:29:41 - INFO - Epoch 263/1200, Loss: 1.357474631679799
2024-06-18 22:29:48 - INFO - Epoch 264/1200, Loss: 1.3478525752264967
2024-06-18 22:29:55 - INFO - Epoch 265/1200, Loss: 1.33183776217957
2024-06-18 22:30:03 - INFO - Epoch 266/1200, Loss: 1.3247081277158554
2024-06-18 22:30:10 - INFO - Epoch 267/1200, Loss: 1.320860919493908
2024-06-18 22:30:17 - INFO - Epoch 268/1200, Loss: 1.3215396666811616
2024-06-18 22:30:24 - INFO - Epoch 269/1200, Loss: 1.3153868655094967
2024-06-18 22:30:31 - INFO - Epoch 270/1200, Loss: 1.3308298815018749
2024-06-18 22:30:39 - INFO - Epoch 271/1200, Loss: 1.3169451728168793
2024-06-18 22:30:46 - INFO - Epoch 272/1200, Loss: 1.3473349938131285
2024-06-18 22:30:53 - INFO - Epoch 273/1200, Loss: 1.4080494018698848
2024-06-18 22:31:00 - INFO - Epoch 274/1200, Loss: 1.3071698470632773
2024-06-18 22:31:07 - INFO - Epoch 275/1200, Loss: 1.3063669256103707
2024-06-18 22:31:15 - INFO - Epoch 276/1200, Loss: 1.3314624105222177
2024-06-18 22:31:22 - INFO - Epoch 277/1200, Loss: 1.3665465019944267
2024-06-18 22:31:29 - INFO - Epoch 278/1200, Loss: 1.3015948173940273
2024-06-18 22:31:37 - INFO - Epoch 279/1200, Loss: 1.4560937664127358
2024-06-18 22:31:44 - INFO - Epoch 280/1200, Loss: 1.3072526268849771
2024-06-18 22:31:51 - INFO - Epoch 281/1200, Loss: 1.335797526583381
2024-06-18 22:31:58 - INFO - Epoch 282/1200, Loss: 1.344738319933855
2024-06-18 22:32:06 - INFO - Epoch 283/1200, Loss: 1.298618044599088
2024-06-18 22:32:13 - INFO - Epoch 284/1200, Loss: 1.3238438659813017
2024-06-18 22:32:20 - INFO - Epoch 285/1200, Loss: 1.3439437314090117
2024-06-18 22:32:28 - INFO - Epoch 286/1200, Loss: 1.288208497566353
2024-06-18 22:32:35 - INFO - Epoch 287/1200, Loss: 1.306196435139623
2024-06-18 22:32:42 - INFO - Epoch 288/1200, Loss: 1.318835722897523
2024-06-18 22:32:49 - INFO - Epoch 289/1200, Loss: 1.288020766286212
2024-06-18 22:32:57 - INFO - Epoch 290/1200, Loss: 1.3492015650422204
2024-06-18 22:33:04 - INFO - Epoch 291/1200, Loss: 1.3140616988125016
2024-06-18 22:33:11 - INFO - Epoch 292/1200, Loss: 1.2949717234341673
2024-06-18 22:33:18 - INFO - Epoch 293/1200, Loss: 1.3546604365200443
2024-06-18 22:33:26 - INFO - Epoch 294/1200, Loss: 1.335348980599565
2024-06-18 22:33:33 - INFO - Epoch 295/1200, Loss: 1.332152395907159
2024-06-18 22:33:40 - INFO - Epoch 296/1200, Loss: 1.3257875827401329
2024-06-18 22:33:47 - INFO - Epoch 297/1200, Loss: 1.350871467350118
2024-06-18 22:33:54 - INFO - Epoch 298/1200, Loss: 1.352704572693128
2024-06-18 22:34:02 - INFO - Epoch 299/1200, Loss: 1.2906841101664377
2024-06-18 22:34:09 - INFO - Epoch 300/1200, Loss: 1.315797214649248
2024-06-18 22:34:16 - INFO - Epoch 301/1200, Loss: 1.3319133597080697
2024-06-18 22:34:23 - INFO - Epoch 302/1200, Loss: 1.311245388495497
2024-06-18 22:34:30 - INFO - Epoch 303/1200, Loss: 1.3175995383685766
2024-06-18 22:34:37 - INFO - Epoch 304/1200, Loss: 1.3616792833002154
2024-06-18 22:34:45 - INFO - Epoch 305/1200, Loss: 1.3113854022026727
2024-06-18 22:34:52 - INFO - Epoch 306/1200, Loss: 1.3153928639926111
2024-06-18 22:34:59 - INFO - Epoch 307/1200, Loss: 1.2968918034617318
2024-06-18 22:35:06 - INFO - Epoch 308/1200, Loss: 1.3040990201974632
2024-06-18 22:35:14 - INFO - Epoch 309/1200, Loss: 1.2976276127579367
2024-06-18 22:35:21 - INFO - Epoch 310/1200, Loss: 1.3814868952270134
2024-06-18 22:35:28 - INFO - Epoch 311/1200, Loss: 1.6573853491019024
2024-06-18 22:35:35 - INFO - Epoch 312/1200, Loss: 1.2955583108827413
2024-06-18 22:35:43 - INFO - Epoch 313/1200, Loss: 1.3120530782617157
2024-06-18 22:35:50 - INFO - Epoch 314/1200, Loss: 1.302818984354312
2024-06-18 22:35:57 - INFO - Epoch 315/1200, Loss: 1.2864496531981013
2024-06-18 22:36:04 - INFO - Epoch 316/1200, Loss: 1.353636021580938
2024-06-18 22:36:12 - INFO - Epoch 317/1200, Loss: 1.4098305045015138
2024-06-18 22:36:19 - INFO - Epoch 318/1200, Loss: 1.3797081555996802
2024-06-18 22:36:26 - INFO - Epoch 319/1200, Loss: 1.2905222056428796
2024-06-18 22:36:33 - INFO - Epoch 320/1200, Loss: 1.29619014494501
2024-06-18 22:36:40 - INFO - Epoch 321/1200, Loss: 1.3077762815245013
2024-06-18 22:36:48 - INFO - Epoch 322/1200, Loss: 1.3010396944915756
2024-06-18 22:36:55 - INFO - Epoch 323/1200, Loss: 1.3306072945985559
2024-06-18 22:37:02 - INFO - Epoch 324/1200, Loss: 1.3689514701848404
2024-06-18 22:37:09 - INFO - Epoch 325/1200, Loss: 1.3176695925390483
2024-06-18 22:37:17 - INFO - Epoch 326/1200, Loss: 1.3108335123836166
2024-06-18 22:37:24 - INFO - Epoch 327/1200, Loss: 1.3634828106050283
2024-06-18 22:37:31 - INFO - Epoch 328/1200, Loss: 1.306380747684856
2024-06-18 22:37:38 - INFO - Epoch 329/1200, Loss: 1.4305553497676542
2024-06-18 22:37:45 - INFO - Epoch 330/1200, Loss: 1.3247426788346048
2024-06-18 22:37:53 - INFO - Epoch 331/1200, Loss: 1.305028100850021
2024-06-18 22:38:00 - INFO - Epoch 332/1200, Loss: 1.3161282086175106
2024-06-18 22:38:07 - INFO - Epoch 333/1200, Loss: 1.3336008511518649
2024-06-18 22:38:14 - INFO - Epoch 334/1200, Loss: 1.2780561672451494
2024-06-18 22:38:21 - INFO - Epoch 335/1200, Loss: 1.3062897386042436
2024-06-18 22:38:29 - INFO - Epoch 336/1200, Loss: 1.3073923625812167
2024-06-18 22:38:36 - INFO - Epoch 337/1200, Loss: 1.348364866512571
2024-06-18 22:38:43 - INFO - Epoch 338/1200, Loss: 1.3268192717510692
2024-06-18 22:38:51 - INFO - Epoch 339/1200, Loss: 1.3050257892548354
2024-06-18 22:38:58 - INFO - Epoch 340/1200, Loss: 1.3901069241078092
2024-06-18 22:39:05 - INFO - Epoch 341/1200, Loss: 1.285928884851092
2024-06-18 22:39:12 - INFO - Epoch 342/1200, Loss: 1.309153075215541
2024-06-18 22:39:20 - INFO - Epoch 343/1200, Loss: 1.2903719942924816
2024-06-18 22:39:27 - INFO - Epoch 344/1200, Loss: 1.2882427175285616
2024-06-18 22:39:34 - INFO - Epoch 345/1200, Loss: 1.2944910144371473
2024-06-18 22:39:41 - INFO - Epoch 346/1200, Loss: 1.3306356124375225
2024-06-18 22:39:49 - INFO - Epoch 347/1200, Loss: 1.3325136525303019
2024-06-18 22:39:56 - INFO - Epoch 348/1200, Loss: 1.3464123562046912
2024-06-18 22:40:03 - INFO - Epoch 349/1200, Loss: 1.3541686794372225
2024-06-18 22:40:10 - INFO - Epoch 350/1200, Loss: 1.3464948280538214
2024-06-18 22:40:17 - INFO - Epoch 351/1200, Loss: 1.2888190076402755
2024-06-18 22:40:25 - INFO - Epoch 352/1200, Loss: 1.3071059990155283
2024-06-18 22:40:32 - INFO - Epoch 353/1200, Loss: 1.3132169060015986
2024-06-18 22:40:39 - INFO - Epoch 354/1200, Loss: 1.3653929606145858
2024-06-18 22:40:46 - INFO - Epoch 355/1200, Loss: 1.3192669333914238
2024-06-18 22:40:54 - INFO - Epoch 356/1200, Loss: 1.415185723362156
2024-06-18 22:41:01 - INFO - Epoch 357/1200, Loss: 1.3847570037822956
2024-06-18 22:41:08 - INFO - Epoch 358/1200, Loss: 1.3366048674046376
2024-06-18 22:41:15 - INFO - Epoch 359/1200, Loss: 1.303021173729744
2024-06-18 22:41:23 - INFO - Epoch 360/1200, Loss: 1.3135797857174296
2024-06-18 22:41:30 - INFO - Epoch 361/1200, Loss: 1.2975039096112
2024-06-18 22:41:37 - INFO - Epoch 362/1200, Loss: 1.3093493575914155
2024-06-18 22:41:44 - INFO - Epoch 363/1200, Loss: 1.3485218094232296
2024-06-18 22:41:51 - INFO - Epoch 364/1200, Loss: 1.283266133957149
2024-06-18 22:41:59 - INFO - Epoch 365/1200, Loss: 1.4569870061146932
2024-06-18 22:42:06 - INFO - Epoch 366/1200, Loss: 1.3297890923276239
2024-06-18 22:42:13 - INFO - Epoch 367/1200, Loss: 1.313326576190176
2024-06-18 22:42:20 - INFO - Epoch 368/1200, Loss: 1.3648554764105143
2024-06-18 22:42:28 - INFO - Epoch 369/1200, Loss: 1.2984490871709278
2024-06-18 22:42:35 - INFO - Epoch 370/1200, Loss: 1.3319643756138952
2024-06-18 22:42:42 - INFO - Epoch 371/1200, Loss: 1.3148228359905096
2024-06-18 22:42:49 - INFO - Epoch 372/1200, Loss: 1.3468252350439205
2024-06-18 22:42:57 - INFO - Epoch 373/1200, Loss: 1.3122791027095158
2024-06-18 22:43:04 - INFO - Epoch 374/1200, Loss: 1.4028528244758227
2024-06-18 22:43:11 - INFO - Epoch 375/1200, Loss: 1.361462660294189
2024-06-18 22:43:18 - INFO - Epoch 376/1200, Loss: 1.344131268246073
2024-06-18 22:43:25 - INFO - Epoch 377/1200, Loss: 1.299381586972603
2024-06-18 22:43:33 - INFO - Epoch 378/1200, Loss: 1.3159703557496734
2024-06-18 22:43:40 - INFO - Epoch 379/1200, Loss: 1.2970439466434682
2024-06-18 22:43:47 - INFO - Epoch 380/1200, Loss: 1.3405190015312396
2024-06-18 22:43:55 - INFO - Epoch 381/1200, Loss: 1.3277494903389437
2024-06-18 22:44:02 - INFO - Epoch 382/1200, Loss: 1.4174684163489302
2024-06-18 22:44:09 - INFO - Epoch 383/1200, Loss: 1.294311928275583
2024-06-18 22:44:16 - INFO - Epoch 384/1200, Loss: 1.3334971179923591
2024-06-18 22:44:24 - INFO - Epoch 385/1200, Loss: 1.3378739181114796
2024-06-18 22:44:31 - INFO - Epoch 386/1200, Loss: 1.3420200613022337
2024-06-18 22:44:38 - INFO - Epoch 387/1200, Loss: 1.2964826427798044
2024-06-18 22:44:45 - INFO - Epoch 388/1200, Loss: 1.3064087950074512
2024-06-18 22:44:53 - INFO - Epoch 389/1200, Loss: 1.316738510787922
2024-06-18 22:45:00 - INFO - Epoch 390/1200, Loss: 1.307478706259813
2024-06-18 22:45:07 - INFO - Epoch 391/1200, Loss: 1.3185430271147973
2024-06-18 22:45:14 - INFO - Epoch 392/1200, Loss: 1.2830863443039586
2024-06-18 22:45:22 - INFO - Epoch 393/1200, Loss: 1.288960583593558
2024-06-18 22:45:29 - INFO - Epoch 394/1200, Loss: 1.3160233288159715
2024-06-18 22:45:36 - INFO - Epoch 395/1200, Loss: 1.3454116125605082
2024-06-18 22:45:43 - INFO - Epoch 396/1200, Loss: 1.3183153664800338
2024-06-18 22:45:50 - INFO - Epoch 397/1200, Loss: 1.4047233294571804
2024-06-18 22:45:58 - INFO - Epoch 398/1200, Loss: 1.2977431948777993
2024-06-18 22:46:05 - INFO - Epoch 399/1200, Loss: 1.3179941953699752
2024-06-18 22:46:12 - INFO - Epoch 400/1200, Loss: 1.3032030091648992
2024-06-18 22:46:19 - INFO - Epoch 401/1200, Loss: 1.363065997723483
2024-06-18 22:46:26 - INFO - Epoch 402/1200, Loss: 1.2992546784824026
2024-06-18 22:46:33 - INFO - Epoch 403/1200, Loss: 1.5309805785607233
2024-06-18 22:46:41 - INFO - Epoch 404/1200, Loss: 1.2940468756146153
2024-06-18 22:46:48 - INFO - Epoch 405/1200, Loss: 1.3259948710944094
2024-06-18 22:46:55 - INFO - Epoch 406/1200, Loss: 1.3337409459457943
2024-06-18 22:47:03 - INFO - Epoch 407/1200, Loss: 1.3094245083399776
2024-06-18 22:47:10 - INFO - Epoch 408/1200, Loss: 1.3020240487355499
2024-06-18 22:47:18 - INFO - Epoch 409/1200, Loss: 1.3476560602226677
2024-06-18 22:47:25 - INFO - Epoch 410/1200, Loss: 1.2912291421698752
