2024-07-10 23:29:30 - INFO - This log entry will go into a uniquely named file for this run.
2024-07-10 23:29:30 - INFO - without hidden
2024-07-10 23:29:30 - INFO - Params:
2024-07-10 23:29:30 - INFO - embedding_dim=32
2024-07-10 23:29:30 - INFO - hidden_dim:32
2024-07-10 23:29:30 - INFO - num_layers:2
2024-07-10 23:29:30 - INFO - epochs:300
2024-07-10 23:29:30 - INFO - batch_size:64
2024-07-10 23:29:30 - INFO - lr:0.001
2024-07-10 23:29:33 - INFO - Starting LSTM model training...
2024-07-10 23:29:36 - INFO - Epoch: 1/300, Training Loss: 0.6928961386569407
2024-07-10 23:29:36 - INFO - Epoch: 1/300, Validation Loss: 0.6930121150824542, Accuracy: 51.28337196325865%
2024-07-10 23:29:36 - INFO - Model saved with validation accuracy: 51.28337196325865%
2024-07-10 23:29:38 - INFO - Epoch: 2/300, Training Loss: 0.692741156196725
2024-07-10 23:29:38 - INFO - Epoch: 2/300, Validation Loss: 0.6930181338487427, Accuracy: 51.28337196325865%
2024-07-10 23:29:40 - INFO - Epoch: 3/300, Training Loss: 0.6924670030387178
2024-07-10 23:29:41 - INFO - Epoch: 3/300, Validation Loss: 0.6927810633768801, Accuracy: 51.28337196325865%
2024-07-10 23:29:43 - INFO - Epoch: 4/300, Training Loss: 0.6918050100610417
2024-07-10 23:29:43 - INFO - Epoch: 4/300, Validation Loss: 0.6919269431484202, Accuracy: 51.28337196325865%
2024-07-10 23:29:45 - INFO - Epoch: 5/300, Training Loss: 0.6923920882582174
2024-07-10 23:29:45 - INFO - Epoch: 5/300, Validation Loss: 0.6932449138881079, Accuracy: 51.28337196325865%
2024-07-10 23:29:47 - INFO - Epoch: 6/300, Training Loss: 0.6899997383478738
2024-07-10 23:29:48 - INFO - Epoch: 6/300, Validation Loss: 0.6913058539557326, Accuracy: 52.74272469739892%
2024-07-10 23:29:48 - INFO - Model saved with validation accuracy: 52.74272469739892%
2024-07-10 23:29:50 - INFO - Epoch: 7/300, Training Loss: 0.6821091101493364
2024-07-10 23:29:50 - INFO - Epoch: 7/300, Validation Loss: 0.6652455401550876, Accuracy: 57.38690016310413%
2024-07-10 23:29:50 - INFO - Model saved with validation accuracy: 57.38690016310413%
2024-07-10 23:29:52 - INFO - Epoch: 8/300, Training Loss: 0.6699535385571389
2024-07-10 23:29:52 - INFO - Epoch: 8/300, Validation Loss: 0.6618333211362036, Accuracy: 57.798952699802555%
2024-07-10 23:29:52 - INFO - Model saved with validation accuracy: 57.798952699802555%
2024-07-10 23:29:55 - INFO - Epoch: 9/300, Training Loss: 0.6573451584912785
2024-07-10 23:29:55 - INFO - Epoch: 9/300, Validation Loss: 0.6470143466047902, Accuracy: 57.97922568460812%
2024-07-10 23:29:55 - INFO - Model saved with validation accuracy: 57.97922568460812%
2024-07-10 23:29:57 - INFO - Epoch: 10/300, Training Loss: 0.6454998380689791
2024-07-10 23:29:57 - INFO - Epoch: 10/300, Validation Loss: 0.6429338572455234, Accuracy: 58.116576530174264%
2024-07-10 23:29:57 - INFO - Model saved with validation accuracy: 58.116576530174264%
2024-07-10 23:29:59 - INFO - Epoch: 11/300, Training Loss: 0.6402293128077713
2024-07-10 23:30:00 - INFO - Epoch: 11/300, Validation Loss: 0.6426900517745097, Accuracy: 58.193836380805216%
2024-07-10 23:30:00 - INFO - Model saved with validation accuracy: 58.193836380805216%
2024-07-10 23:30:02 - INFO - Epoch: 12/300, Training Loss: 0.6631033572640439
2024-07-10 23:30:02 - INFO - Epoch: 12/300, Validation Loss: 0.6803584597149833, Accuracy: 56.631470512490345%
2024-07-10 23:30:04 - INFO - Epoch: 13/300, Training Loss: 0.6424011823571758
2024-07-10 23:30:04 - INFO - Epoch: 13/300, Validation Loss: 0.6335909132097588, Accuracy: 59.138123444072455%
2024-07-10 23:30:04 - INFO - Model saved with validation accuracy: 59.138123444072455%
2024-07-10 23:30:07 - INFO - Epoch: 14/300, Training Loss: 0.6339479146016805
2024-07-10 23:30:07 - INFO - Epoch: 14/300, Validation Loss: 0.6607653120827806, Accuracy: 61.33573697313074%
2024-07-10 23:30:07 - INFO - Model saved with validation accuracy: 61.33573697313074%
2024-07-10 23:30:09 - INFO - Epoch: 15/300, Training Loss: 0.6149040027655692
2024-07-10 23:30:09 - INFO - Epoch: 15/300, Validation Loss: 0.6067454518516207, Accuracy: 63.541934930036916%
2024-07-10 23:30:09 - INFO - Model saved with validation accuracy: 63.541934930036916%
2024-07-10 23:30:12 - INFO - Epoch: 16/300, Training Loss: 0.5826725245585004
2024-07-10 23:30:12 - INFO - Epoch: 16/300, Validation Loss: 0.5702891515903785, Accuracy: 67.19890119323547%
2024-07-10 23:30:12 - INFO - Model saved with validation accuracy: 67.19890119323547%
2024-07-10 23:30:14 - INFO - Epoch: 17/300, Training Loss: 0.5646628953710668
2024-07-10 23:30:14 - INFO - Epoch: 17/300, Validation Loss: 0.5612839672083412, Accuracy: 67.53369387930294%
2024-07-10 23:30:14 - INFO - Model saved with validation accuracy: 67.53369387930294%
2024-07-10 23:30:16 - INFO - Epoch: 18/300, Training Loss: 0.5547690393993393
2024-07-10 23:30:17 - INFO - Epoch: 18/300, Validation Loss: 0.5610972471901627, Accuracy: 67.79122671473947%
2024-07-10 23:30:17 - INFO - Model saved with validation accuracy: 67.79122671473947%
2024-07-10 23:30:19 - INFO - Epoch: 19/300, Training Loss: 0.5456373032555495
2024-07-10 23:30:19 - INFO - Epoch: 19/300, Validation Loss: 0.5532398762924423, Accuracy: 68.22044810713366%
2024-07-10 23:30:19 - INFO - Model saved with validation accuracy: 68.22044810713366%
2024-07-10 23:30:21 - INFO - Epoch: 20/300, Training Loss: 0.5425147780910932
2024-07-10 23:30:21 - INFO - Epoch: 20/300, Validation Loss: 0.5428955101413153, Accuracy: 68.63250064383209%
2024-07-10 23:30:21 - INFO - Model saved with validation accuracy: 68.63250064383209%
2024-07-10 23:30:24 - INFO - Epoch: 21/300, Training Loss: 0.5366980808752554
2024-07-10 23:30:24 - INFO - Epoch: 21/300, Validation Loss: 0.5430533909334297, Accuracy: 68.66683835522362%
2024-07-10 23:30:24 - INFO - Model saved with validation accuracy: 68.66683835522362%
2024-07-10 23:30:26 - INFO - Epoch: 22/300, Training Loss: 0.5339160390269773
2024-07-10 23:30:26 - INFO - Epoch: 22/300, Validation Loss: 0.5383861861646537, Accuracy: 68.97587775774744%
2024-07-10 23:30:26 - INFO - Model saved with validation accuracy: 68.97587775774744%
2024-07-10 23:30:28 - INFO - Epoch: 23/300, Training Loss: 0.5263194117608221
2024-07-10 23:30:29 - INFO - Epoch: 23/300, Validation Loss: 0.525838677547942, Accuracy: 68.99304661344321%
2024-07-10 23:30:29 - INFO - Model saved with validation accuracy: 68.99304661344321%
2024-07-10 23:30:31 - INFO - Epoch: 24/300, Training Loss: 0.5235190922586025
2024-07-10 23:30:31 - INFO - Epoch: 24/300, Validation Loss: 0.5298922714731806, Accuracy: 68.52090308180959%
2024-07-10 23:30:33 - INFO - Epoch: 25/300, Training Loss: 0.5184091929300332
2024-07-10 23:30:34 - INFO - Epoch: 25/300, Validation Loss: 0.5181759330953752, Accuracy: 69.49952785646836%
2024-07-10 23:30:34 - INFO - Model saved with validation accuracy: 69.49952785646836%
2024-07-10 23:30:36 - INFO - Epoch: 26/300, Training Loss: 0.514465234529825
2024-07-10 23:30:36 - INFO - Epoch: 26/300, Validation Loss: 0.5182196936771131, Accuracy: 69.34500815520646%
2024-07-10 23:30:38 - INFO - Epoch: 27/300, Training Loss: 0.5112328645869048
2024-07-10 23:30:39 - INFO - Epoch: 27/300, Validation Loss: 0.5137334479953549, Accuracy: 69.3192548716628%
2024-07-10 23:30:41 - INFO - Epoch: 28/300, Training Loss: 0.5049304122869206
2024-07-10 23:30:41 - INFO - Epoch: 28/300, Validation Loss: 0.5145323688884474, Accuracy: 69.31067044381491%
2024-07-10 23:30:43 - INFO - Epoch: 29/300, Training Loss: 0.5027507101639145
2024-07-10 23:30:43 - INFO - Epoch: 29/300, Validation Loss: 0.5089861381254439, Accuracy: 69.36217701090223%
2024-07-10 23:30:45 - INFO - Epoch: 30/300, Training Loss: 0.49891547505093536
2024-07-10 23:30:46 - INFO - Epoch: 30/300, Validation Loss: 0.5061125926555089, Accuracy: 69.55103442355566%
2024-07-10 23:30:46 - INFO - Model saved with validation accuracy: 69.55103442355566%
2024-07-10 23:30:48 - INFO - Epoch: 31/300, Training Loss: 0.4969998531871372
2024-07-10 23:30:48 - INFO - Epoch: 31/300, Validation Loss: 0.5012265398609833, Accuracy: 69.13898188685724%
2024-07-10 23:30:50 - INFO - Epoch: 32/300, Training Loss: 0.4951327345417033
2024-07-10 23:30:51 - INFO - Epoch: 32/300, Validation Loss: 0.49931892973772896, Accuracy: 69.08747531976994%
2024-07-10 23:30:53 - INFO - Epoch: 33/300, Training Loss: 0.492048881753809
2024-07-10 23:30:53 - INFO - Epoch: 33/300, Validation Loss: 0.49548576298170427, Accuracy: 69.09605974761782%
2024-07-10 23:30:55 - INFO - Epoch: 34/300, Training Loss: 0.48997104846564504
2024-07-10 23:30:55 - INFO - Epoch: 34/300, Validation Loss: 0.49736878168489274, Accuracy: 69.46519014507683%
2024-07-10 23:30:57 - INFO - Epoch: 35/300, Training Loss: 0.48609509675754603
2024-07-10 23:30:58 - INFO - Epoch: 35/300, Validation Loss: 0.4905170068727511, Accuracy: 68.71834492231093%
2024-07-10 23:31:00 - INFO - Epoch: 36/300, Training Loss: 0.4838909228397495
2024-07-10 23:31:00 - INFO - Epoch: 36/300, Validation Loss: 0.48746842965661785, Accuracy: 69.17331959824878%
2024-07-10 23:31:02 - INFO - Epoch: 37/300, Training Loss: 0.4813194471131627
2024-07-10 23:31:02 - INFO - Epoch: 37/300, Validation Loss: 0.48835337495360054, Accuracy: 69.30208601596703%
2024-07-10 23:31:05 - INFO - Epoch: 38/300, Training Loss: 0.47867693609988576
2024-07-10 23:31:05 - INFO - Epoch: 38/300, Validation Loss: 0.4855033492916289, Accuracy: 69.748476264057%
2024-07-10 23:31:05 - INFO - Model saved with validation accuracy: 69.748476264057%
2024-07-10 23:31:07 - INFO - Epoch: 39/300, Training Loss: 0.47585753534392894
2024-07-10 23:31:07 - INFO - Epoch: 39/300, Validation Loss: 0.4777156696174564, Accuracy: 68.38355223624346%
2024-07-10 23:31:10 - INFO - Epoch: 40/300, Training Loss: 0.46975198498478643
2024-07-10 23:31:10 - INFO - Epoch: 40/300, Validation Loss: 0.4801985921714801, Accuracy: 67.91999313245772%
2024-07-10 23:31:12 - INFO - Epoch: 41/300, Training Loss: 0.4663629435380954
2024-07-10 23:31:12 - INFO - Epoch: 41/300, Validation Loss: 0.4726257579675634, Accuracy: 68.90720233496438%
2024-07-10 23:31:14 - INFO - Epoch: 42/300, Training Loss: 0.4646985552111444
2024-07-10 23:31:15 - INFO - Epoch: 42/300, Validation Loss: 0.46897122075830844, Accuracy: 69.51669671216413%
2024-07-10 23:31:17 - INFO - Epoch: 43/300, Training Loss: 0.4601815761934419
2024-07-10 23:31:17 - INFO - Epoch: 43/300, Validation Loss: 0.47278707612816706, Accuracy: 68.66683835522362%
2024-07-10 23:31:19 - INFO - Epoch: 44/300, Training Loss: 0.45604399083736663
2024-07-10 23:31:19 - INFO - Epoch: 44/300, Validation Loss: 0.46216671808655063, Accuracy: 69.55103442355566%
2024-07-10 23:31:21 - INFO - Epoch: 45/300, Training Loss: 0.4514661621409679
2024-07-10 23:31:22 - INFO - Epoch: 45/300, Validation Loss: 0.4612496583808412, Accuracy: 69.31067044381491%
2024-07-10 23:31:24 - INFO - Epoch: 46/300, Training Loss: 0.4489256148475678
2024-07-10 23:31:24 - INFO - Epoch: 46/300, Validation Loss: 0.4543118805088907, Accuracy: 69.28491716027126%
2024-07-10 23:31:26 - INFO - Epoch: 47/300, Training Loss: 0.446734562536653
2024-07-10 23:31:27 - INFO - Epoch: 47/300, Validation Loss: 0.45817715381866936, Accuracy: 69.18190402609666%
2024-07-10 23:31:29 - INFO - Epoch: 48/300, Training Loss: 0.4431699981046802
2024-07-10 23:31:29 - INFO - Epoch: 48/300, Validation Loss: 0.4504676557687058, Accuracy: 69.27633273242338%
2024-07-10 23:31:31 - INFO - Epoch: 49/300, Training Loss: 0.44242031656624686
2024-07-10 23:31:31 - INFO - Epoch: 49/300, Validation Loss: 0.45814883124022526, Accuracy: 67.91140870460984%
2024-07-10 23:31:33 - INFO - Epoch: 50/300, Training Loss: 0.43676541747706743
2024-07-10 23:31:34 - INFO - Epoch: 50/300, Validation Loss: 0.4490303620842382, Accuracy: 67.92857756030561%
2024-07-10 23:31:36 - INFO - Epoch: 51/300, Training Loss: 0.43588766431121667
2024-07-10 23:31:36 - INFO - Epoch: 51/300, Validation Loss: 0.4438222128770039, Accuracy: 68.58099407674479%
2024-07-10 23:31:38 - INFO - Epoch: 52/300, Training Loss: 0.43237733955409463
2024-07-10 23:31:38 - INFO - Epoch: 52/300, Validation Loss: 0.4475657502469184, Accuracy: 68.22903253498154%
2024-07-10 23:31:40 - INFO - Epoch: 53/300, Training Loss: 0.43157188085371573
2024-07-10 23:31:41 - INFO - Epoch: 53/300, Validation Loss: 0.4503385125910049, Accuracy: 67.90282427676195%
2024-07-10 23:31:43 - INFO - Epoch: 54/300, Training Loss: 0.4289514610878561
2024-07-10 23:31:43 - INFO - Epoch: 54/300, Validation Loss: 0.44065465410418114, Accuracy: 69.11322860331359%
2024-07-10 23:31:45 - INFO - Epoch: 55/300, Training Loss: 0.4305778283150598
2024-07-10 23:31:45 - INFO - Epoch: 55/300, Validation Loss: 0.44709579477626116, Accuracy: 68.37496780839557%
2024-07-10 23:31:48 - INFO - Epoch: 56/300, Training Loss: 0.4284906973972896
2024-07-10 23:31:48 - INFO - Epoch: 56/300, Validation Loss: 0.4442955352400323, Accuracy: 68.95012447420379%
2024-07-10 23:31:50 - INFO - Epoch: 57/300, Training Loss: 0.425353217312992
2024-07-10 23:31:50 - INFO - Epoch: 57/300, Validation Loss: 0.4378097771898025, Accuracy: 69.10464417546571%
2024-07-10 23:31:52 - INFO - Epoch: 58/300, Training Loss: 0.4227599751393327
2024-07-10 23:31:53 - INFO - Epoch: 58/300, Validation Loss: 0.43533978995711536, Accuracy: 69.27633273242338%
2024-07-10 23:31:55 - INFO - Epoch: 59/300, Training Loss: 0.4233721145958894
2024-07-10 23:31:55 - INFO - Epoch: 59/300, Validation Loss: 0.4322575595000214, Accuracy: 69.04455318053051%
2024-07-10 23:31:57 - INFO - Epoch: 60/300, Training Loss: 0.42138233322992574
2024-07-10 23:31:57 - INFO - Epoch: 60/300, Validation Loss: 0.4339535219596904, Accuracy: 68.76985148939823%
2024-07-10 23:31:59 - INFO - Epoch: 61/300, Training Loss: 0.4211765324137338
2024-07-10 23:32:00 - INFO - Epoch: 61/300, Validation Loss: 0.4467191494952969, Accuracy: 69.11322860331359%
2024-07-10 23:32:02 - INFO - Epoch: 62/300, Training Loss: 0.4203523786224946
2024-07-10 23:32:02 - INFO - Epoch: 62/300, Validation Loss: 0.4300547915594646, Accuracy: 69.42226800583741%
2024-07-10 23:32:04 - INFO - Epoch: 63/300, Training Loss: 0.41676770120000645
2024-07-10 23:32:04 - INFO - Epoch: 63/300, Validation Loss: 0.4282948421013778, Accuracy: 68.76126706155034%
2024-07-10 23:32:06 - INFO - Epoch: 64/300, Training Loss: 0.41720191388300254
2024-07-10 23:32:07 - INFO - Epoch: 64/300, Validation Loss: 0.4337454549848965, Accuracy: 69.21624173748819%
2024-07-10 23:32:09 - INFO - Epoch: 65/300, Training Loss: 0.4174581348323691
2024-07-10 23:32:09 - INFO - Epoch: 65/300, Validation Loss: 0.43135557675858527, Accuracy: 69.35359258305434%
2024-07-10 23:32:11 - INFO - Epoch: 66/300, Training Loss: 0.4176670092123526
2024-07-10 23:32:11 - INFO - Epoch: 66/300, Validation Loss: 0.43265774905048004, Accuracy: 69.0531376083784%
2024-07-10 23:32:13 - INFO - Epoch: 67/300, Training Loss: 0.4154122643918821
2024-07-10 23:32:14 - INFO - Epoch: 67/300, Validation Loss: 0.43060237384570477, Accuracy: 68.85569576787707%
2024-07-10 23:32:16 - INFO - Epoch: 68/300, Training Loss: 0.41470062663198665
2024-07-10 23:32:16 - INFO - Epoch: 68/300, Validation Loss: 0.42711146344361406, Accuracy: 69.08747531976994%
2024-07-10 23:32:18 - INFO - Epoch: 69/300, Training Loss: 0.41091521540132897
2024-07-10 23:32:19 - INFO - Epoch: 69/300, Validation Loss: 0.4301809500584021, Accuracy: 69.04455318053051%
2024-07-10 23:32:21 - INFO - Epoch: 70/300, Training Loss: 0.4123536029879121
2024-07-10 23:32:21 - INFO - Epoch: 70/300, Validation Loss: 0.4280483549731291, Accuracy: 69.36217701090223%
2024-07-10 23:32:23 - INFO - Epoch: 71/300, Training Loss: 0.41148234174084763
2024-07-10 23:32:23 - INFO - Epoch: 71/300, Validation Loss: 0.42593909463195684, Accuracy: 69.22482616533608%
2024-07-10 23:32:26 - INFO - Epoch: 72/300, Training Loss: 0.40942883528309104
2024-07-10 23:32:26 - INFO - Epoch: 72/300, Validation Loss: 0.42562934868654767, Accuracy: 69.10464417546571%
2024-07-10 23:32:28 - INFO - Epoch: 73/300, Training Loss: 0.4078115298424238
2024-07-10 23:32:28 - INFO - Epoch: 73/300, Validation Loss: 0.43130852550357157, Accuracy: 69.55103442355566%
2024-07-10 23:32:30 - INFO - Epoch: 74/300, Training Loss: 0.4097378085097822
2024-07-10 23:32:31 - INFO - Epoch: 74/300, Validation Loss: 0.4251316888299211, Accuracy: 68.72692935015881%
2024-07-10 23:32:33 - INFO - Epoch: 75/300, Training Loss: 0.4109907136777792
2024-07-10 23:32:33 - INFO - Epoch: 75/300, Validation Loss: 0.4262311981083705, Accuracy: 69.29350158811916%
2024-07-10 23:32:35 - INFO - Epoch: 76/300, Training Loss: 0.41025000996632177
2024-07-10 23:32:35 - INFO - Epoch: 76/300, Validation Loss: 0.42672156924555205, Accuracy: 68.96729332989956%
2024-07-10 23:32:37 - INFO - Epoch: 77/300, Training Loss: 0.4068120915049225
2024-07-10 23:32:37 - INFO - Epoch: 77/300, Validation Loss: 0.42613535450965556, Accuracy: 68.91578676281226%
2024-07-10 23:32:39 - INFO - Epoch: 78/300, Training Loss: 0.406503156338536
2024-07-10 23:32:40 - INFO - Epoch: 78/300, Validation Loss: 0.4265897228366465, Accuracy: 68.86428019572496%
2024-07-10 23:32:42 - INFO - Epoch: 79/300, Training Loss: 0.4068366557727625
2024-07-10 23:32:42 - INFO - Epoch: 79/300, Validation Loss: 0.4254890846385451, Accuracy: 69.27633273242338%
2024-07-10 23:32:44 - INFO - Epoch: 80/300, Training Loss: 0.40416765932520066
2024-07-10 23:32:44 - INFO - Epoch: 80/300, Validation Loss: 0.4263748275761082, Accuracy: 69.39651472229376%
2024-07-10 23:32:46 - INFO - Epoch: 81/300, Training Loss: 0.4063162042852619
2024-07-10 23:32:47 - INFO - Epoch: 81/300, Validation Loss: 0.4216873903044229, Accuracy: 68.5724096488969%
2024-07-10 23:32:49 - INFO - Epoch: 82/300, Training Loss: 0.40318727290924683
2024-07-10 23:32:49 - INFO - Epoch: 82/300, Validation Loss: 0.4296800586966864, Accuracy: 68.79560477294189%
2024-07-10 23:32:51 - INFO - Epoch: 83/300, Training Loss: 0.4065704401301422
2024-07-10 23:32:52 - INFO - Epoch: 83/300, Validation Loss: 0.42083136842885804, Accuracy: 68.51231865396171%
2024-07-10 23:32:54 - INFO - Epoch: 84/300, Training Loss: 0.40264967917905425
2024-07-10 23:32:54 - INFO - Epoch: 84/300, Validation Loss: 0.42253879200989153, Accuracy: 68.61533178813632%
2024-07-10 23:32:56 - INFO - Epoch: 85/300, Training Loss: 0.4023630045896041
2024-07-10 23:32:56 - INFO - Epoch: 85/300, Validation Loss: 0.421549269731984, Accuracy: 68.64108507167997%
2024-07-10 23:32:58 - INFO - Epoch: 86/300, Training Loss: 0.4020947637381377
2024-07-10 23:32:59 - INFO - Epoch: 86/300, Validation Loss: 0.4252795010297383, Accuracy: 68.23761696282942%
2024-07-10 23:33:01 - INFO - Epoch: 87/300, Training Loss: 0.40404922138025734
2024-07-10 23:33:01 - INFO - Epoch: 87/300, Validation Loss: 0.42330863566461174, Accuracy: 68.93295561850803%
2024-07-10 23:33:03 - INFO - Epoch: 88/300, Training Loss: 0.40192412911046843
2024-07-10 23:33:03 - INFO - Epoch: 88/300, Validation Loss: 0.4250660911554102, Accuracy: 68.38355223624346%
2024-07-10 23:33:05 - INFO - Epoch: 89/300, Training Loss: 0.4012514596041011
2024-07-10 23:33:06 - INFO - Epoch: 89/300, Validation Loss: 0.43763473792675484, Accuracy: 68.68400721091939%
2024-07-10 23:33:08 - INFO - Epoch: 90/300, Training Loss: 0.40292856743142763
2024-07-10 23:33:08 - INFO - Epoch: 90/300, Validation Loss: 0.4187595003905634, Accuracy: 69.44802128938106%
2024-07-10 23:33:10 - INFO - Epoch: 91/300, Training Loss: 0.4021845331571393
2024-07-10 23:33:11 - INFO - Epoch: 91/300, Validation Loss: 0.42618185297496247, Accuracy: 68.54665636535324%
2024-07-10 23:33:13 - INFO - Epoch: 92/300, Training Loss: 0.4004841176243639
2024-07-10 23:33:13 - INFO - Epoch: 92/300, Validation Loss: 0.4206822550018802, Accuracy: 69.49952785646836%
2024-07-10 23:33:15 - INFO - Epoch: 93/300, Training Loss: 0.4030518022420802
2024-07-10 23:33:15 - INFO - Epoch: 93/300, Validation Loss: 0.42336604975742353, Accuracy: 68.44364323117864%
2024-07-10 23:33:18 - INFO - Epoch: 94/300, Training Loss: 0.39967219394584413
2024-07-10 23:33:18 - INFO - Epoch: 94/300, Validation Loss: 0.42532492921581466, Accuracy: 68.99304661344321%
2024-07-10 23:33:20 - INFO - Epoch: 95/300, Training Loss: 0.4001254229225085
2024-07-10 23:33:20 - INFO - Epoch: 95/300, Validation Loss: 0.42241305585045413, Accuracy: 68.88144905142072%
2024-07-10 23:33:22 - INFO - Epoch: 96/300, Training Loss: 0.3999812903881727
2024-07-10 23:33:22 - INFO - Epoch: 96/300, Validation Loss: 0.4214591374141894, Accuracy: 68.31487681346039%
2024-07-10 23:33:25 - INFO - Epoch: 97/300, Training Loss: 0.3993505200240838
2024-07-10 23:33:25 - INFO - Epoch: 97/300, Validation Loss: 0.4181875602763518, Accuracy: 69.24199502103185%
2024-07-10 23:33:27 - INFO - Epoch: 98/300, Training Loss: 0.39952360892819117
2024-07-10 23:33:27 - INFO - Epoch: 98/300, Validation Loss: 0.42453574433846153, Accuracy: 68.13460382865482%
2024-07-10 23:33:29 - INFO - Epoch: 99/300, Training Loss: 0.39898775368724504
2024-07-10 23:33:30 - INFO - Epoch: 99/300, Validation Loss: 0.4178197562995806, Accuracy: 68.99304661344321%
2024-07-10 23:33:32 - INFO - Epoch: 100/300, Training Loss: 0.39919012970966894
2024-07-10 23:33:32 - INFO - Epoch: 100/300, Validation Loss: 0.41722263908672713, Accuracy: 68.58957850459267%
2024-07-10 23:33:34 - INFO - Epoch: 101/300, Training Loss: 0.39921314948952574
2024-07-10 23:33:34 - INFO - Epoch: 101/300, Validation Loss: 0.4159933945844148, Accuracy: 68.68400721091939%
2024-07-10 23:33:36 - INFO - Epoch: 102/300, Training Loss: 0.40067280245375075
2024-07-10 23:33:37 - INFO - Epoch: 102/300, Validation Loss: 0.42420254327804346, Accuracy: 68.85569576787707%
2024-07-10 23:33:39 - INFO - Epoch: 103/300, Training Loss: 0.39895620073392396
2024-07-10 23:33:39 - INFO - Epoch: 103/300, Validation Loss: 0.42194851572864533, Accuracy: 68.46081208687441%
2024-07-10 23:33:41 - INFO - Epoch: 104/300, Training Loss: 0.3973992309943148
2024-07-10 23:33:41 - INFO - Epoch: 104/300, Validation Loss: 0.4232760262278785, Accuracy: 68.29770795776462%
2024-07-10 23:33:43 - INFO - Epoch: 105/300, Training Loss: 0.3972604642270851
2024-07-10 23:33:44 - INFO - Epoch: 105/300, Validation Loss: 0.42287961576737154, Accuracy: 68.50373422611383%
2024-07-10 23:33:46 - INFO - Epoch: 106/300, Training Loss: 0.3975537304034449
2024-07-10 23:33:46 - INFO - Epoch: 106/300, Validation Loss: 0.41803913396483827, Accuracy: 68.55524079320114%
2024-07-10 23:33:48 - INFO - Epoch: 107/300, Training Loss: 0.3976153537569713
2024-07-10 23:33:48 - INFO - Epoch: 107/300, Validation Loss: 0.4186207125828725, Accuracy: 68.70117606661516%
2024-07-10 23:33:50 - INFO - Epoch: 108/300, Training Loss: 0.3946581748818828
2024-07-10 23:33:51 - INFO - Epoch: 108/300, Validation Loss: 0.41553073665426743, Accuracy: 68.28053910206884%
2024-07-10 23:33:53 - INFO - Epoch: 109/300, Training Loss: 0.39604415353106537
2024-07-10 23:33:53 - INFO - Epoch: 109/300, Validation Loss: 0.4204515500466778, Accuracy: 68.63250064383209%
2024-07-10 23:33:55 - INFO - Epoch: 110/300, Training Loss: 0.3994964004605395
2024-07-10 23:33:55 - INFO - Epoch: 110/300, Validation Loss: 0.4231281541052325, Accuracy: 69.49094342862048%
2024-07-10 23:33:57 - INFO - Epoch: 111/300, Training Loss: 0.3959852480757547
2024-07-10 23:33:58 - INFO - Epoch: 111/300, Validation Loss: 0.4291562105766791, Accuracy: 68.75268263370246%
2024-07-10 23:34:00 - INFO - Epoch: 112/300, Training Loss: 0.39397549204047977
2024-07-10 23:34:00 - INFO - Epoch: 112/300, Validation Loss: 0.4167075491009821, Accuracy: 68.25478581852519%
2024-07-10 23:34:02 - INFO - Epoch: 113/300, Training Loss: 0.39600906855284923
2024-07-10 23:34:02 - INFO - Epoch: 113/300, Validation Loss: 0.4309525880654823, Accuracy: 68.60674736028844%
2024-07-10 23:34:04 - INFO - Epoch: 114/300, Training Loss: 0.39763503915161424
2024-07-10 23:34:04 - INFO - Epoch: 114/300, Validation Loss: 0.4156435907207644, Accuracy: 68.84711134002919%
2024-07-10 23:34:06 - INFO - Epoch: 115/300, Training Loss: 0.3936608786731754
2024-07-10 23:34:07 - INFO - Epoch: 115/300, Validation Loss: 0.42490223831768054, Accuracy: 68.46939651472229%
2024-07-10 23:34:09 - INFO - Epoch: 116/300, Training Loss: 0.3968900008783746
2024-07-10 23:34:09 - INFO - Epoch: 116/300, Validation Loss: 0.4183306526927859, Accuracy: 68.67542278307151%
2024-07-10 23:34:11 - INFO - Epoch: 117/300, Training Loss: 0.39438729427642455
2024-07-10 23:34:12 - INFO - Epoch: 117/300, Validation Loss: 0.41274718133765836, Accuracy: 68.24620139067731%
2024-07-10 23:34:14 - INFO - Epoch: 118/300, Training Loss: 0.3939925035249713
2024-07-10 23:34:14 - INFO - Epoch: 118/300, Validation Loss: 0.4132427635045108, Accuracy: 68.82994248433342%
2024-07-10 23:34:16 - INFO - Epoch: 119/300, Training Loss: 0.39630190077632543
2024-07-10 23:34:16 - INFO - Epoch: 119/300, Validation Loss: 0.4186887519586253, Accuracy: 68.23761696282942%
2024-07-10 23:34:18 - INFO - Epoch: 120/300, Training Loss: 0.3942513827883494
2024-07-10 23:34:18 - INFO - Epoch: 120/300, Validation Loss: 0.4149859742992604, Accuracy: 68.03159069448022%
2024-07-10 23:34:20 - INFO - Epoch: 121/300, Training Loss: 0.39474581968964206
2024-07-10 23:34:21 - INFO - Epoch: 121/300, Validation Loss: 0.4190804378351876, Accuracy: 68.25478581852519%
2024-07-10 23:34:23 - INFO - Epoch: 122/300, Training Loss: 0.39287992935775895
2024-07-10 23:34:23 - INFO - Epoch: 122/300, Validation Loss: 0.41610072512092383, Accuracy: 68.20327925143789%
2024-07-10 23:34:25 - INFO - Epoch: 123/300, Training Loss: 0.39422700847454356
2024-07-10 23:34:25 - INFO - Epoch: 123/300, Validation Loss: 0.4207398816477786, Accuracy: 68.42647437548287%
2024-07-10 23:34:28 - INFO - Epoch: 124/300, Training Loss: 0.39233877645762044
2024-07-10 23:34:28 - INFO - Epoch: 124/300, Validation Loss: 0.4177316327873956, Accuracy: 69.00163104129109%
2024-07-10 23:34:30 - INFO - Epoch: 125/300, Training Loss: 0.39264325815954326
2024-07-10 23:34:30 - INFO - Epoch: 125/300, Validation Loss: 0.41879806003482095, Accuracy: 68.10885054511117%
2024-07-10 23:34:32 - INFO - Epoch: 126/300, Training Loss: 0.39148969278863754
2024-07-10 23:34:33 - INFO - Epoch: 126/300, Validation Loss: 0.4125088298569608, Accuracy: 68.48656537041806%
2024-07-10 23:34:35 - INFO - Epoch: 127/300, Training Loss: 0.39292138150608263
2024-07-10 23:34:35 - INFO - Epoch: 127/300, Validation Loss: 0.42234991075467226, Accuracy: 68.34921452485192%
2024-07-10 23:34:37 - INFO - Epoch: 128/300, Training Loss: 0.3916623899393775
2024-07-10 23:34:38 - INFO - Epoch: 128/300, Validation Loss: 0.417266360559497, Accuracy: 68.16035711219847%
2024-07-10 23:34:40 - INFO - Epoch: 129/300, Training Loss: 0.39264250388279537
2024-07-10 23:34:40 - INFO - Epoch: 129/300, Validation Loss: 0.4176321624070654, Accuracy: 67.99725298308867%
2024-07-10 23:34:42 - INFO - Epoch: 130/300, Training Loss: 0.3930304917533702
2024-07-10 23:34:42 - INFO - Epoch: 130/300, Validation Loss: 0.4147370358301994, Accuracy: 68.58099407674479%
2024-07-10 23:34:44 - INFO - Epoch: 131/300, Training Loss: 0.38998404021575456
2024-07-10 23:34:45 - INFO - Epoch: 131/300, Validation Loss: 0.4132210345212707, Accuracy: 68.10026611726329%
2024-07-10 23:34:47 - INFO - Epoch: 132/300, Training Loss: 0.39191710029119325
2024-07-10 23:34:47 - INFO - Epoch: 132/300, Validation Loss: 0.4121524675186966, Accuracy: 68.19469482359001%
2024-07-10 23:34:49 - INFO - Epoch: 133/300, Training Loss: 0.3912579078324374
2024-07-10 23:34:49 - INFO - Epoch: 133/300, Validation Loss: 0.4189766563996158, Accuracy: 67.7740578590437%
2024-07-10 23:34:51 - INFO - Epoch: 134/300, Training Loss: 0.3906951140515271
2024-07-10 23:34:52 - INFO - Epoch: 134/300, Validation Loss: 0.41527581963997423, Accuracy: 68.61533178813632%
2024-07-10 23:34:54 - INFO - Epoch: 135/300, Training Loss: 0.3899544860314276
2024-07-10 23:34:54 - INFO - Epoch: 135/300, Validation Loss: 0.411578266834212, Accuracy: 67.92857756030561%
2024-07-10 23:34:56 - INFO - Epoch: 136/300, Training Loss: 0.3911407499565182
2024-07-10 23:34:56 - INFO - Epoch: 136/300, Validation Loss: 0.41986061852427764, Accuracy: 68.18611039574212%
2024-07-10 23:34:59 - INFO - Epoch: 137/300, Training Loss: 0.3923625704437617
2024-07-10 23:34:59 - INFO - Epoch: 137/300, Validation Loss: 0.41431545966577665, Accuracy: 68.08309726156752%
2024-07-10 23:35:01 - INFO - Epoch: 138/300, Training Loss: 0.3902003239375247
2024-07-10 23:35:01 - INFO - Epoch: 138/300, Validation Loss: 0.4178904961006625, Accuracy: 68.43505880333076%
2024-07-10 23:35:03 - INFO - Epoch: 139/300, Training Loss: 0.3898963435605393
2024-07-10 23:35:03 - INFO - Epoch: 139/300, Validation Loss: 0.4169333718758527, Accuracy: 68.20327925143789%
2024-07-10 23:35:06 - INFO - Epoch: 140/300, Training Loss: 0.38783419704568073
2024-07-10 23:35:06 - INFO - Epoch: 140/300, Validation Loss: 0.41974247772133344, Accuracy: 68.11743497295905%
2024-07-10 23:35:08 - INFO - Epoch: 141/300, Training Loss: 0.3893061797805284
2024-07-10 23:35:08 - INFO - Epoch: 141/300, Validation Loss: 0.42070306177945976, Accuracy: 68.33204566915614%
2024-07-10 23:35:10 - INFO - Epoch: 142/300, Training Loss: 0.38784556362691075
2024-07-10 23:35:11 - INFO - Epoch: 142/300, Validation Loss: 0.4243092659062959, Accuracy: 68.56382522104902%
2024-07-10 23:35:13 - INFO - Epoch: 143/300, Training Loss: 0.38934671380065267
2024-07-10 23:35:13 - INFO - Epoch: 143/300, Validation Loss: 0.41525081418868703, Accuracy: 68.10026611726329%
2024-07-10 23:35:15 - INFO - Epoch: 144/300, Training Loss: 0.3900869152673478
2024-07-10 23:35:15 - INFO - Epoch: 144/300, Validation Loss: 0.41422598088020046, Accuracy: 68.32346124130827%
2024-07-10 23:35:17 - INFO - Epoch: 145/300, Training Loss: 0.38657613402163543
2024-07-10 23:35:18 - INFO - Epoch: 145/300, Validation Loss: 0.42000610906442454, Accuracy: 68.48656537041806%
2024-07-10 23:35:20 - INFO - Epoch: 146/300, Training Loss: 0.38893445228598245
2024-07-10 23:35:20 - INFO - Epoch: 146/300, Validation Loss: 0.41539295156000233, Accuracy: 68.11743497295905%
2024-07-10 23:35:22 - INFO - Epoch: 147/300, Training Loss: 0.3895061114401811
2024-07-10 23:35:22 - INFO - Epoch: 147/300, Validation Loss: 0.41244511395603206, Accuracy: 67.84273328182677%
2024-07-10 23:35:24 - INFO - Epoch: 148/300, Training Loss: 0.3860018390686914
2024-07-10 23:35:24 - INFO - Epoch: 148/300, Validation Loss: 0.4159254750914845, Accuracy: 67.75688900334792%
2024-07-10 23:35:26 - INFO - Epoch: 149/300, Training Loss: 0.38877039056255985
2024-07-10 23:35:27 - INFO - Epoch: 149/300, Validation Loss: 0.41153897304316733, Accuracy: 67.4478496008241%
2024-07-10 23:35:29 - INFO - Epoch: 150/300, Training Loss: 0.386992211449784
2024-07-10 23:35:29 - INFO - Epoch: 150/300, Validation Loss: 0.4182319530366994, Accuracy: 67.85131770967465%
2024-07-10 23:35:31 - INFO - Epoch: 151/300, Training Loss: 0.39123451891668215
2024-07-10 23:35:31 - INFO - Epoch: 151/300, Validation Loss: 0.4182473588557936, Accuracy: 67.94574641600137%
2024-07-10 23:35:34 - INFO - Epoch: 152/300, Training Loss: 0.39220921554192595
2024-07-10 23:35:34 - INFO - Epoch: 152/300, Validation Loss: 0.41730117298029057, Accuracy: 67.96291527169714%
2024-07-10 23:35:36 - INFO - Epoch: 153/300, Training Loss: 0.38848008470934275
2024-07-10 23:35:36 - INFO - Epoch: 153/300, Validation Loss: 0.42006741682909776, Accuracy: 68.41788994763499%
2024-07-10 23:35:38 - INFO - Epoch: 154/300, Training Loss: 0.3892027587311749
2024-07-10 23:35:38 - INFO - Epoch: 154/300, Validation Loss: 0.417224227882296, Accuracy: 67.96291527169714%
2024-07-10 23:35:41 - INFO - Epoch: 155/300, Training Loss: 0.38795275074546065
2024-07-10 23:35:41 - INFO - Epoch: 155/300, Validation Loss: 0.4151939930451108, Accuracy: 68.25478581852519%
2024-07-10 23:35:43 - INFO - Epoch: 156/300, Training Loss: 0.3855591612383825
2024-07-10 23:35:43 - INFO - Epoch: 156/300, Validation Loss: 0.41461310897759546, Accuracy: 67.96291527169714%
2024-07-10 23:35:45 - INFO - Epoch: 157/300, Training Loss: 0.3869465818048668
2024-07-10 23:35:46 - INFO - Epoch: 157/300, Validation Loss: 0.41370117582532334, Accuracy: 67.79122671473947%
2024-07-10 23:35:48 - INFO - Epoch: 158/300, Training Loss: 0.3858889253255598
2024-07-10 23:35:48 - INFO - Epoch: 158/300, Validation Loss: 0.42461407607767343, Accuracy: 67.85990213752254%
2024-07-10 23:35:50 - INFO - Epoch: 159/300, Training Loss: 0.38459518494592937
2024-07-10 23:35:50 - INFO - Epoch: 159/300, Validation Loss: 0.4188242859180733, Accuracy: 67.63670701347755%
2024-07-10 23:35:52 - INFO - Epoch: 160/300, Training Loss: 0.38781075886819916
2024-07-10 23:35:53 - INFO - Epoch: 160/300, Validation Loss: 0.42081340984413507, Accuracy: 68.45222765902652%
2024-07-10 23:35:55 - INFO - Epoch: 161/300, Training Loss: 0.38582483522685956
2024-07-10 23:35:55 - INFO - Epoch: 161/300, Validation Loss: 0.4254611681713878, Accuracy: 67.49077174006352%
2024-07-10 23:35:57 - INFO - Epoch: 162/300, Training Loss: 0.38713269681760476
2024-07-10 23:35:57 - INFO - Epoch: 162/300, Validation Loss: 0.421178961386292, Accuracy: 67.94574641600137%
2024-07-10 23:35:59 - INFO - Epoch: 163/300, Training Loss: 0.38501539139590635
2024-07-10 23:36:00 - INFO - Epoch: 163/300, Validation Loss: 0.42100810353202406, Accuracy: 68.47798094257018%
2024-07-10 23:36:02 - INFO - Epoch: 164/300, Training Loss: 0.3844252580518749
2024-07-10 23:36:02 - INFO - Epoch: 164/300, Validation Loss: 0.42569983542915274, Accuracy: 68.34921452485192%
2024-07-10 23:36:04 - INFO - Epoch: 165/300, Training Loss: 0.38629211464945346
2024-07-10 23:36:04 - INFO - Epoch: 165/300, Validation Loss: 0.41846765504449085, Accuracy: 68.70976049446304%
2024-07-10 23:36:06 - INFO - Epoch: 166/300, Training Loss: 0.3847071230002719
2024-07-10 23:36:07 - INFO - Epoch: 166/300, Validation Loss: 0.4173280608131746, Accuracy: 68.11743497295905%
2024-07-10 23:36:09 - INFO - Epoch: 167/300, Training Loss: 0.38646801341381254
2024-07-10 23:36:09 - INFO - Epoch: 167/300, Validation Loss: 0.4289340601587549, Accuracy: 68.47798094257018%
2024-07-10 23:36:11 - INFO - Epoch: 168/300, Training Loss: 0.3860322502333114
2024-07-10 23:36:11 - INFO - Epoch: 168/300, Validation Loss: 0.4182925629807978, Accuracy: 68.10885054511117%
2024-07-10 23:36:13 - INFO - Epoch: 169/300, Training Loss: 0.3849331960593068
2024-07-10 23:36:14 - INFO - Epoch: 169/300, Validation Loss: 0.4176782470578841, Accuracy: 67.79122671473947%
2024-07-10 23:36:16 - INFO - Epoch: 170/300, Training Loss: 0.38454113502070736
2024-07-10 23:36:16 - INFO - Epoch: 170/300, Validation Loss: 0.4191374352066817, Accuracy: 67.68821358056485%
2024-07-10 23:36:18 - INFO - Epoch: 171/300, Training Loss: 0.3843351902008384
2024-07-10 23:36:18 - INFO - Epoch: 171/300, Validation Loss: 0.4176195219886106, Accuracy: 68.44364323117864%
2024-07-10 23:36:20 - INFO - Epoch: 172/300, Training Loss: 0.3828007369129746
2024-07-10 23:36:20 - INFO - Epoch: 172/300, Validation Loss: 0.4103055500265844, Accuracy: 67.63670701347755%
2024-07-10 23:36:22 - INFO - Epoch: 173/300, Training Loss: 0.3897747052386301
2024-07-10 23:36:23 - INFO - Epoch: 173/300, Validation Loss: 0.4177428166373427, Accuracy: 67.65387586917332%
2024-07-10 23:36:25 - INFO - Epoch: 174/300, Training Loss: 0.3874403779357876
2024-07-10 23:36:25 - INFO - Epoch: 174/300, Validation Loss: 0.4146059204316413, Accuracy: 67.75688900334792%
2024-07-10 23:36:27 - INFO - Epoch: 175/300, Training Loss: 0.38346187796939385
2024-07-10 23:36:28 - INFO - Epoch: 175/300, Validation Loss: 0.4113851766115966, Accuracy: 68.46081208687441%
2024-07-10 23:36:30 - INFO - Epoch: 176/300, Training Loss: 0.3817059732718069
2024-07-10 23:36:30 - INFO - Epoch: 176/300, Validation Loss: 0.41163956548948566, Accuracy: 67.60236930208602%
2024-07-10 23:36:32 - INFO - Epoch: 177/300, Training Loss: 0.3830030293131071
2024-07-10 23:36:32 - INFO - Epoch: 177/300, Validation Loss: 0.41109624472457773, Accuracy: 67.49935616791142%
2024-07-10 23:36:34 - INFO - Epoch: 178/300, Training Loss: 0.38343618532185364
2024-07-10 23:36:35 - INFO - Epoch: 178/300, Validation Loss: 0.4139313160393081, Accuracy: 68.00583741093656%
2024-07-10 23:36:37 - INFO - Epoch: 179/300, Training Loss: 0.3820463438992311
2024-07-10 23:36:37 - INFO - Epoch: 179/300, Validation Loss: 0.4159173499690161, Accuracy: 68.02300626663232%
2024-07-10 23:36:39 - INFO - Epoch: 180/300, Training Loss: 0.3830894245708614
2024-07-10 23:36:39 - INFO - Epoch: 180/300, Validation Loss: 0.4240360888621541, Accuracy: 67.94574641600137%
2024-07-10 23:36:42 - INFO - Epoch: 181/300, Training Loss: 0.3840521448106596
2024-07-10 23:36:42 - INFO - Epoch: 181/300, Validation Loss: 0.42080509108897485, Accuracy: 67.43068074512834%
2024-07-10 23:36:44 - INFO - Epoch: 182/300, Training Loss: 0.3828087494247408
2024-07-10 23:36:44 - INFO - Epoch: 182/300, Validation Loss: 0.4192738627474523, Accuracy: 69.03596875268263%
2024-07-10 23:36:46 - INFO - Epoch: 183/300, Training Loss: 0.3836794466556999
2024-07-10 23:36:47 - INFO - Epoch: 183/300, Validation Loss: 0.4234326818923712, Accuracy: 68.08309726156752%
2024-07-10 23:36:49 - INFO - Epoch: 184/300, Training Loss: 0.38534267318265103
2024-07-10 23:36:49 - INFO - Epoch: 184/300, Validation Loss: 0.4295035415001959, Accuracy: 67.51652502360717%
2024-07-10 23:36:51 - INFO - Epoch: 185/300, Training Loss: 0.3811512117277938
2024-07-10 23:36:51 - INFO - Epoch: 185/300, Validation Loss: 0.41758127290615915, Accuracy: 67.45643402867199%
2024-07-10 23:36:53 - INFO - Epoch: 186/300, Training Loss: 0.38434072934469243
2024-07-10 23:36:54 - INFO - Epoch: 186/300, Validation Loss: 0.4140277309484663, Accuracy: 67.47360288436775%
2024-07-10 23:36:56 - INFO - Epoch: 187/300, Training Loss: 0.3803469379252367
2024-07-10 23:36:56 - INFO - Epoch: 187/300, Validation Loss: 0.4154698503466857, Accuracy: 67.37917417804104%
2024-07-10 23:36:58 - INFO - Epoch: 188/300, Training Loss: 0.38373786946873606
2024-07-10 23:36:58 - INFO - Epoch: 188/300, Validation Loss: 0.44200448162345074, Accuracy: 67.69679800841274%
2024-07-10 23:37:00 - INFO - Epoch: 189/300, Training Loss: 0.3856593638822048
2024-07-10 23:37:01 - INFO - Epoch: 189/300, Validation Loss: 0.4166353750406018, Accuracy: 67.67962915271697%
2024-07-10 23:37:03 - INFO - Epoch: 190/300, Training Loss: 0.38280534378376846
2024-07-10 23:37:03 - INFO - Epoch: 190/300, Validation Loss: 0.4132722614560576, Accuracy: 67.72255129195639%
2024-07-10 23:37:05 - INFO - Epoch: 191/300, Training Loss: 0.3833812001801322
2024-07-10 23:37:05 - INFO - Epoch: 191/300, Validation Loss: 0.4240998111128518, Accuracy: 67.85990213752254%
2024-07-10 23:37:07 - INFO - Epoch: 192/300, Training Loss: 0.3826335944511272
2024-07-10 23:37:08 - INFO - Epoch: 192/300, Validation Loss: 0.4126152948270739, Accuracy: 67.37917417804104%
2024-07-10 23:37:10 - INFO - Epoch: 193/300, Training Loss: 0.3823242211722052
2024-07-10 23:37:10 - INFO - Epoch: 193/300, Validation Loss: 0.41825916125426027, Accuracy: 68.15177268435059%
2024-07-10 23:37:12 - INFO - Epoch: 194/300, Training Loss: 0.384131276292729
2024-07-10 23:37:12 - INFO - Epoch: 194/300, Validation Loss: 0.4189118037777673, Accuracy: 67.28474547171432%
2024-07-10 23:37:14 - INFO - Epoch: 195/300, Training Loss: 0.3818881504329634
2024-07-10 23:37:15 - INFO - Epoch: 195/300, Validation Loss: 0.42280877890400126, Accuracy: 67.7740578590437%
2024-07-10 23:37:17 - INFO - Epoch: 196/300, Training Loss: 0.38104977324829836
2024-07-10 23:37:17 - INFO - Epoch: 196/300, Validation Loss: 0.4117192331216513, Accuracy: 67.59378487423814%
2024-07-10 23:37:19 - INFO - Epoch: 197/300, Training Loss: 0.3806441327753708
2024-07-10 23:37:19 - INFO - Epoch: 197/300, Validation Loss: 0.4110265528886815, Accuracy: 67.30191432741007%
2024-07-10 23:37:21 - INFO - Epoch: 198/300, Training Loss: 0.3830541339594314
2024-07-10 23:37:22 - INFO - Epoch: 198/300, Validation Loss: 0.41555016027669295, Accuracy: 67.43926517297622%
2024-07-10 23:37:24 - INFO - Epoch: 199/300, Training Loss: 0.38283331222086125
2024-07-10 23:37:24 - INFO - Epoch: 199/300, Validation Loss: 0.41244150331691404, Accuracy: 67.26757661601854%
2024-07-10 23:37:26 - INFO - Epoch: 200/300, Training Loss: 0.3819539201521252
2024-07-10 23:37:26 - INFO - Epoch: 200/300, Validation Loss: 0.41513137625016033, Accuracy: 69.07889089192206%
2024-07-10 23:37:28 - INFO - Epoch: 201/300, Training Loss: 0.3795884714368603
2024-07-10 23:37:28 - INFO - Epoch: 201/300, Validation Loss: 0.41552522876157977, Accuracy: 67.43926517297622%
2024-07-10 23:37:31 - INFO - Epoch: 202/300, Training Loss: 0.3797169260690896
2024-07-10 23:37:31 - INFO - Epoch: 202/300, Validation Loss: 0.4127613122018871, Accuracy: 67.7740578590437%
2024-07-10 23:37:33 - INFO - Epoch: 203/300, Training Loss: 0.3792968463709652
2024-07-10 23:37:33 - INFO - Epoch: 203/300, Validation Loss: 0.426927790452757, Accuracy: 67.41351188943257%
2024-07-10 23:37:35 - INFO - Epoch: 204/300, Training Loss: 0.3812527849513971
2024-07-10 23:37:36 - INFO - Epoch: 204/300, Validation Loss: 0.42283423334519, Accuracy: 67.51652502360717%
2024-07-10 23:37:38 - INFO - Epoch: 205/300, Training Loss: 0.3803920004470849
2024-07-10 23:37:38 - INFO - Epoch: 205/300, Validation Loss: 0.4127432624171108, Accuracy: 67.49077174006352%
2024-07-10 23:37:40 - INFO - Epoch: 206/300, Training Loss: 0.3811549106089012
2024-07-10 23:37:40 - INFO - Epoch: 206/300, Validation Loss: 0.418454127884516, Accuracy: 67.37058975019315%
2024-07-10 23:37:42 - INFO - Epoch: 207/300, Training Loss: 0.38269285283297994
2024-07-10 23:37:42 - INFO - Epoch: 207/300, Validation Loss: 0.41673223486977706, Accuracy: 67.95433084384926%
2024-07-10 23:37:44 - INFO - Epoch: 208/300, Training Loss: 0.3800782692530518
2024-07-10 23:37:45 - INFO - Epoch: 208/300, Validation Loss: 0.41353853055023615, Accuracy: 67.52510945145507%
2024-07-10 23:37:47 - INFO - Epoch: 209/300, Training Loss: 0.3814136149216091
2024-07-10 23:37:47 - INFO - Epoch: 209/300, Validation Loss: 0.41989044332104725, Accuracy: 67.94574641600137%
2024-07-10 23:37:49 - INFO - Epoch: 210/300, Training Loss: 0.3814437024918767
2024-07-10 23:37:49 - INFO - Epoch: 210/300, Validation Loss: 0.4154010289676577, Accuracy: 67.65387586917332%
2024-07-10 23:37:52 - INFO - Epoch: 211/300, Training Loss: 0.3796301441796032
2024-07-10 23:37:52 - INFO - Epoch: 211/300, Validation Loss: 0.41627573755264524, Accuracy: 66.9671216413426%
2024-07-10 23:37:54 - INFO - Epoch: 212/300, Training Loss: 0.3788662150972338
2024-07-10 23:37:54 - INFO - Epoch: 212/300, Validation Loss: 0.42098068914114156, Accuracy: 67.68821358056485%
2024-07-10 23:37:56 - INFO - Epoch: 213/300, Training Loss: 0.3802390515150193
2024-07-10 23:37:57 - INFO - Epoch: 213/300, Validation Loss: 0.4117840267919965, Accuracy: 67.81697999828312%
2024-07-10 23:37:59 - INFO - Epoch: 214/300, Training Loss: 0.3794224384676445
2024-07-10 23:37:59 - INFO - Epoch: 214/300, Validation Loss: 0.4176073430989029, Accuracy: 67.54227830715082%
2024-07-10 23:38:01 - INFO - Epoch: 215/300, Training Loss: 0.3801552585450056
2024-07-10 23:38:01 - INFO - Epoch: 215/300, Validation Loss: 0.4140691356578678, Accuracy: 67.74830457550004%
2024-07-10 23:38:03 - INFO - Epoch: 216/300, Training Loss: 0.38197452676149063
2024-07-10 23:38:03 - INFO - Epoch: 216/300, Validation Loss: 0.4068790613952663, Accuracy: 67.60236930208602%
2024-07-10 23:38:06 - INFO - Epoch: 217/300, Training Loss: 0.38472685146315433
2024-07-10 23:38:06 - INFO - Epoch: 217/300, Validation Loss: 0.41756660495295483, Accuracy: 67.46501845651987%
2024-07-10 23:38:08 - INFO - Epoch: 218/300, Training Loss: 0.38339748659742223
2024-07-10 23:38:08 - INFO - Epoch: 218/300, Validation Loss: 0.4201533851401308, Accuracy: 67.45643402867199%
2024-07-10 23:38:10 - INFO - Epoch: 219/300, Training Loss: 0.3826989442396229
2024-07-10 23:38:10 - INFO - Epoch: 219/300, Validation Loss: 0.4156059034858614, Accuracy: 67.73113571980427%
2024-07-10 23:38:13 - INFO - Epoch: 220/300, Training Loss: 0.38134832893829124
2024-07-10 23:38:13 - INFO - Epoch: 220/300, Validation Loss: 0.4190630137590049, Accuracy: 67.84273328182677%
2024-07-10 23:38:15 - INFO - Epoch: 221/300, Training Loss: 0.3794175508663324
2024-07-10 23:38:16 - INFO - Epoch: 221/300, Validation Loss: 0.41658434076314815, Accuracy: 67.3448364666495%
2024-07-10 23:38:18 - INFO - Epoch: 222/300, Training Loss: 0.38074507320041684
2024-07-10 23:38:18 - INFO - Epoch: 222/300, Validation Loss: 0.41875572869008226, Accuracy: 68.03159069448022%
2024-07-10 23:38:21 - INFO - Epoch: 223/300, Training Loss: 0.3797704125505416
2024-07-10 23:38:21 - INFO - Epoch: 223/300, Validation Loss: 0.42096860877526787, Accuracy: 67.14739462614817%
2024-07-10 23:38:23 - INFO - Epoch: 224/300, Training Loss: 0.37833170089947343
2024-07-10 23:38:23 - INFO - Epoch: 224/300, Validation Loss: 0.4150781636349091, Accuracy: 67.38775860588892%
2024-07-10 23:38:25 - INFO - Epoch: 225/300, Training Loss: 0.3784331952021119
2024-07-10 23:38:26 - INFO - Epoch: 225/300, Validation Loss: 0.42435091945587317, Accuracy: 67.56803159069447%
2024-07-10 23:38:28 - INFO - Epoch: 226/300, Training Loss: 0.3804860743189381
2024-07-10 23:38:28 - INFO - Epoch: 226/300, Validation Loss: 0.4162391302032895, Accuracy: 67.47360288436775%
2024-07-10 23:38:30 - INFO - Epoch: 227/300, Training Loss: 0.380926886949029
2024-07-10 23:38:31 - INFO - Epoch: 227/300, Validation Loss: 0.41411064882696275, Accuracy: 68.04875955017599%
2024-07-10 23:38:33 - INFO - Epoch: 228/300, Training Loss: 0.3776190378211326
2024-07-10 23:38:33 - INFO - Epoch: 228/300, Validation Loss: 0.4195226483001176, Accuracy: 67.1817323375397%
2024-07-10 23:38:35 - INFO - Epoch: 229/300, Training Loss: 0.37824643471767544
2024-07-10 23:38:36 - INFO - Epoch: 229/300, Validation Loss: 0.41194102363452595, Accuracy: 67.65387586917332%
2024-07-10 23:38:38 - INFO - Epoch: 230/300, Training Loss: 0.3778374285241704
2024-07-10 23:38:38 - INFO - Epoch: 230/300, Validation Loss: 0.417773114853044, Accuracy: 67.69679800841274%
2024-07-10 23:38:41 - INFO - Epoch: 231/300, Training Loss: 0.38105108479577
2024-07-10 23:38:41 - INFO - Epoch: 231/300, Validation Loss: 0.41861353920335875, Accuracy: 67.32766761095372%
2024-07-10 23:38:43 - INFO - Epoch: 232/300, Training Loss: 0.38131908160750594
2024-07-10 23:38:43 - INFO - Epoch: 232/300, Validation Loss: 0.4227309235128183, Accuracy: 67.54227830715082%
2024-07-10 23:38:46 - INFO - Epoch: 233/300, Training Loss: 0.37803800947790445
2024-07-10 23:38:46 - INFO - Epoch: 233/300, Validation Loss: 0.41657258659755864, Accuracy: 67.96291527169714%
2024-07-10 23:38:48 - INFO - Epoch: 234/300, Training Loss: 0.37819950609622505
2024-07-10 23:38:48 - INFO - Epoch: 234/300, Validation Loss: 0.4183910984157229, Accuracy: 67.08730363121298%
2024-07-10 23:38:51 - INFO - Epoch: 235/300, Training Loss: 0.38012994335266787
2024-07-10 23:38:51 - INFO - Epoch: 235/300, Validation Loss: 0.41835250864255985, Accuracy: 66.85552407932012%
2024-07-10 23:38:53 - INFO - Epoch: 236/300, Training Loss: 0.37737535423661783
2024-07-10 23:38:53 - INFO - Epoch: 236/300, Validation Loss: 0.416875885646747, Accuracy: 66.95853721349472%
2024-07-10 23:38:56 - INFO - Epoch: 237/300, Training Loss: 0.3782625516828032
2024-07-10 23:38:56 - INFO - Epoch: 237/300, Validation Loss: 0.42614394980046943, Accuracy: 66.84693965147223%
2024-07-10 23:38:58 - INFO - Epoch: 238/300, Training Loss: 0.38030164869724475
2024-07-10 23:38:58 - INFO - Epoch: 238/300, Validation Loss: 0.4163569697265044, Accuracy: 67.43068074512834%
2024-07-10 23:39:01 - INFO - Epoch: 239/300, Training Loss: 0.38058021497006933
2024-07-10 23:39:01 - INFO - Epoch: 239/300, Validation Loss: 0.42809831118953157, Accuracy: 66.9757060691905%
2024-07-10 23:39:03 - INFO - Epoch: 240/300, Training Loss: 0.38188792153968076
2024-07-10 23:39:04 - INFO - Epoch: 240/300, Validation Loss: 0.4135172117927051, Accuracy: 67.8770709932183%
2024-07-10 23:39:06 - INFO - Epoch: 241/300, Training Loss: 0.37954042424717394
2024-07-10 23:39:06 - INFO - Epoch: 241/300, Validation Loss: 0.41598556895046807, Accuracy: 66.94136835779895%
2024-07-10 23:39:08 - INFO - Epoch: 242/300, Training Loss: 0.37662323675692
2024-07-10 23:39:09 - INFO - Epoch: 242/300, Validation Loss: 0.4205742103805363, Accuracy: 67.5594471628466%
2024-07-10 23:39:11 - INFO - Epoch: 243/300, Training Loss: 0.38282614255474756
2024-07-10 23:39:11 - INFO - Epoch: 243/300, Validation Loss: 0.41995128385782354, Accuracy: 67.73972014765216%
2024-07-10 23:39:14 - INFO - Epoch: 244/300, Training Loss: 0.38027786991887297
2024-07-10 23:39:14 - INFO - Epoch: 244/300, Validation Loss: 0.4325836188468972, Accuracy: 67.233238904627%
2024-07-10 23:39:16 - INFO - Epoch: 245/300, Training Loss: 0.3781466923132845
2024-07-10 23:39:16 - INFO - Epoch: 245/300, Validation Loss: 0.4220634663035098, Accuracy: 67.1817323375397%
2024-07-10 23:39:19 - INFO - Epoch: 246/300, Training Loss: 0.37831924998792926
2024-07-10 23:39:19 - INFO - Epoch: 246/300, Validation Loss: 0.4265012281838797, Accuracy: 66.94995278564684%
2024-07-10 23:39:21 - INFO - Epoch: 247/300, Training Loss: 0.3762014473294034
2024-07-10 23:39:21 - INFO - Epoch: 247/300, Validation Loss: 0.41766331267483675, Accuracy: 67.67962915271697%
2024-07-10 23:39:24 - INFO - Epoch: 248/300, Training Loss: 0.37663319798899286
2024-07-10 23:39:24 - INFO - Epoch: 248/300, Validation Loss: 0.4302104604048211, Accuracy: 67.79981114258734%
2024-07-10 23:39:26 - INFO - Epoch: 249/300, Training Loss: 0.37754684230836494
2024-07-10 23:39:26 - INFO - Epoch: 249/300, Validation Loss: 0.4172887238648072, Accuracy: 67.70538243626062%
2024-07-10 23:39:28 - INFO - Epoch: 250/300, Training Loss: 0.3798180451036644
2024-07-10 23:39:29 - INFO - Epoch: 250/300, Validation Loss: 0.4238696082036549, Accuracy: 67.17314790969182%
2024-07-10 23:39:31 - INFO - Epoch: 251/300, Training Loss: 0.37811950807790534
2024-07-10 23:39:31 - INFO - Epoch: 251/300, Validation Loss: 0.42248078692125485, Accuracy: 67.11305691475663%
2024-07-10 23:39:34 - INFO - Epoch: 252/300, Training Loss: 0.37632562677964915
2024-07-10 23:39:34 - INFO - Epoch: 252/300, Validation Loss: 0.4206436033780081, Accuracy: 66.88127736286377%
2024-07-10 23:39:36 - INFO - Epoch: 253/300, Training Loss: 0.380119624329202
2024-07-10 23:39:37 - INFO - Epoch: 253/300, Validation Loss: 0.42774893286438725, Accuracy: 66.90703064640742%
2024-07-10 23:39:39 - INFO - Epoch: 254/300, Training Loss: 0.3779865430338393
2024-07-10 23:39:39 - INFO - Epoch: 254/300, Validation Loss: 0.4378525880188608, Accuracy: 66.7610953729934%
2024-07-10 23:39:41 - INFO - Epoch: 255/300, Training Loss: 0.378623203710437
2024-07-10 23:39:41 - INFO - Epoch: 255/300, Validation Loss: 0.424368938298616, Accuracy: 67.0787192033651%
2024-07-10 23:39:43 - INFO - Epoch: 256/300, Training Loss: 0.37785220024557925
2024-07-10 23:39:44 - INFO - Epoch: 256/300, Validation Loss: 0.4169730824198437, Accuracy: 67.17314790969182%
2024-07-10 23:39:46 - INFO - Epoch: 257/300, Training Loss: 0.37795821613081526
2024-07-10 23:39:46 - INFO - Epoch: 257/300, Validation Loss: 0.41787493831452094, Accuracy: 67.0787192033651%
2024-07-10 23:39:48 - INFO - Epoch: 258/300, Training Loss: 0.3764071377870641
2024-07-10 23:39:48 - INFO - Epoch: 258/300, Validation Loss: 0.41669544300725525, Accuracy: 67.4478496008241%
2024-07-10 23:39:50 - INFO - Epoch: 259/300, Training Loss: 0.37934138798582867
2024-07-10 23:39:51 - INFO - Epoch: 259/300, Validation Loss: 0.4276575250697717, Accuracy: 67.11305691475663%
2024-07-10 23:39:53 - INFO - Epoch: 260/300, Training Loss: 0.3782844480091325
2024-07-10 23:39:53 - INFO - Epoch: 260/300, Validation Loss: 0.4193563925434562, Accuracy: 67.08730363121298%
2024-07-10 23:39:55 - INFO - Epoch: 261/300, Training Loss: 0.3807571199818403
2024-07-10 23:39:55 - INFO - Epoch: 261/300, Validation Loss: 0.4163833884257522, Accuracy: 67.25899218817065%
2024-07-10 23:39:57 - INFO - Epoch: 262/300, Training Loss: 0.3757432715760337
2024-07-10 23:39:58 - INFO - Epoch: 262/300, Validation Loss: 0.432654580457028, Accuracy: 67.71396686410851%
2024-07-10 23:40:00 - INFO - Epoch: 263/300, Training Loss: 0.37869195458166227
2024-07-10 23:40:00 - INFO - Epoch: 263/300, Validation Loss: 0.42280764039050717, Accuracy: 66.94136835779895%
2024-07-10 23:40:02 - INFO - Epoch: 264/300, Training Loss: 0.37995631631019183
2024-07-10 23:40:02 - INFO - Epoch: 264/300, Validation Loss: 0.4195472555725022, Accuracy: 67.74830457550004%
2024-07-10 23:40:04 - INFO - Epoch: 265/300, Training Loss: 0.37887376820763113
2024-07-10 23:40:05 - INFO - Epoch: 265/300, Validation Loss: 0.4261376427811591, Accuracy: 67.98008412739291%
2024-07-10 23:40:07 - INFO - Epoch: 266/300, Training Loss: 0.3775972580059402
2024-07-10 23:40:07 - INFO - Epoch: 266/300, Validation Loss: 0.42014543654994035, Accuracy: 67.1817323375397%
2024-07-10 23:40:09 - INFO - Epoch: 267/300, Training Loss: 0.3753210008962001
2024-07-10 23:40:09 - INFO - Epoch: 267/300, Validation Loss: 0.41748936417223903, Accuracy: 67.57661601854237%
2024-07-10 23:40:11 - INFO - Epoch: 268/300, Training Loss: 0.37775324869630106
2024-07-10 23:40:12 - INFO - Epoch: 268/300, Validation Loss: 0.42309094778138784, Accuracy: 67.56803159069447%
2024-07-10 23:40:14 - INFO - Epoch: 269/300, Training Loss: 0.3776060749964459
2024-07-10 23:40:14 - INFO - Epoch: 269/300, Validation Loss: 0.4235206661641279, Accuracy: 66.76967980084127%
2024-07-10 23:40:16 - INFO - Epoch: 270/300, Training Loss: 0.37656463795074546
2024-07-10 23:40:16 - INFO - Epoch: 270/300, Validation Loss: 0.41945594663138763, Accuracy: 66.93278392995107%
2024-07-10 23:40:18 - INFO - Epoch: 271/300, Training Loss: 0.37587310418752323
2024-07-10 23:40:19 - INFO - Epoch: 271/300, Validation Loss: 0.42257260038509303, Accuracy: 67.19890119323547%
2024-07-10 23:40:21 - INFO - Epoch: 272/300, Training Loss: 0.3774224579416021
2024-07-10 23:40:21 - INFO - Epoch: 272/300, Validation Loss: 0.4270858147428158, Accuracy: 67.06155034766932%
2024-07-10 23:40:23 - INFO - Epoch: 273/300, Training Loss: 0.37739305367849163
2024-07-10 23:40:23 - INFO - Epoch: 273/300, Validation Loss: 0.4187975975330089, Accuracy: 66.5464846767963%
2024-07-10 23:40:25 - INFO - Epoch: 274/300, Training Loss: 0.37766983937497656
2024-07-10 23:40:26 - INFO - Epoch: 274/300, Validation Loss: 0.41394697268123176, Accuracy: 66.84693965147223%
2024-07-10 23:40:28 - INFO - Epoch: 275/300, Training Loss: 0.3757924846333895
2024-07-10 23:40:28 - INFO - Epoch: 275/300, Validation Loss: 0.4209768871462492, Accuracy: 66.77826422868915%
2024-07-10 23:40:30 - INFO - Epoch: 276/300, Training Loss: 0.3772949635655465
2024-07-10 23:40:30 - INFO - Epoch: 276/300, Validation Loss: 0.44031225380959005, Accuracy: 66.88986179071165%
2024-07-10 23:40:33 - INFO - Epoch: 277/300, Training Loss: 0.3772859703161752
2024-07-10 23:40:33 - INFO - Epoch: 277/300, Validation Loss: 0.424329920707435, Accuracy: 66.78684865653705%
2024-07-10 23:40:35 - INFO - Epoch: 278/300, Training Loss: 0.3789895297486759
2024-07-10 23:40:35 - INFO - Epoch: 278/300, Validation Loss: 0.42241286987120247, Accuracy: 66.57223796033995%
2024-07-10 23:40:37 - INFO - Epoch: 279/300, Training Loss: 0.3766954377886363
2024-07-10 23:40:38 - INFO - Epoch: 279/300, Validation Loss: 0.42526587469301425, Accuracy: 66.46922482616533%
2024-07-10 23:40:40 - INFO - Epoch: 280/300, Training Loss: 0.37522405490217875
2024-07-10 23:40:40 - INFO - Epoch: 280/300, Validation Loss: 0.4257678878109681, Accuracy: 66.70958880590608%
2024-07-10 23:40:42 - INFO - Epoch: 281/300, Training Loss: 0.37559150494584004
2024-07-10 23:40:42 - INFO - Epoch: 281/300, Validation Loss: 0.42692477764924913, Accuracy: 66.28036741351188%
2024-07-10 23:40:44 - INFO - Epoch: 282/300, Training Loss: 0.376306972774295
2024-07-10 23:40:45 - INFO - Epoch: 282/300, Validation Loss: 0.4175362152152191, Accuracy: 67.31049875525797%
2024-07-10 23:40:47 - INFO - Epoch: 283/300, Training Loss: 0.3756898507700699
2024-07-10 23:40:47 - INFO - Epoch: 283/300, Validation Loss: 0.4278176151661891, Accuracy: 66.5894068160357%
2024-07-10 23:40:49 - INFO - Epoch: 284/300, Training Loss: 0.3768780190390324
2024-07-10 23:40:49 - INFO - Epoch: 284/300, Validation Loss: 0.4257644693381581, Accuracy: 66.8126019400807%
2024-07-10 23:40:51 - INFO - Epoch: 285/300, Training Loss: 0.37553283797043013
2024-07-10 23:40:52 - INFO - Epoch: 285/300, Validation Loss: 0.4371464084728846, Accuracy: 66.88127736286377%
2024-07-10 23:40:54 - INFO - Epoch: 286/300, Training Loss: 0.37678411645899096
2024-07-10 23:40:54 - INFO - Epoch: 286/300, Validation Loss: 0.4257083631276101, Accuracy: 67.71396686410851%
2024-07-10 23:40:56 - INFO - Epoch: 287/300, Training Loss: 0.3769893169362195
2024-07-10 23:40:56 - INFO - Epoch: 287/300, Validation Loss: 0.4283301732578495, Accuracy: 67.03579706412567%
2024-07-10 23:40:58 - INFO - Epoch: 288/300, Training Loss: 0.3764633161050302
2024-07-10 23:40:58 - INFO - Epoch: 288/300, Validation Loss: 0.4393750217440471, Accuracy: 66.40054940338227%
2024-07-10 23:41:00 - INFO - Epoch: 289/300, Training Loss: 0.37816276892876594
2024-07-10 23:41:01 - INFO - Epoch: 289/300, Validation Loss: 0.4210381936174569, Accuracy: 66.74392651729762%
2024-07-10 23:41:03 - INFO - Epoch: 290/300, Training Loss: 0.3751144812369543
2024-07-10 23:41:03 - INFO - Epoch: 290/300, Validation Loss: 0.4269007341782958, Accuracy: 66.65808223881878%
2024-07-10 23:41:05 - INFO - Epoch: 291/300, Training Loss: 0.37738378940786355
2024-07-10 23:41:05 - INFO - Epoch: 291/300, Validation Loss: 0.4595492097845427, Accuracy: 66.25461412996823%
2024-07-10 23:41:07 - INFO - Epoch: 292/300, Training Loss: 0.37623880922140246
2024-07-10 23:41:08 - INFO - Epoch: 292/300, Validation Loss: 0.42617142412094977, Accuracy: 66.9671216413426%
2024-07-10 23:41:10 - INFO - Epoch: 293/300, Training Loss: 0.37446230496643995
2024-07-10 23:41:10 - INFO - Epoch: 293/300, Validation Loss: 0.4280653716430835, Accuracy: 66.83835522362435%
2024-07-10 23:41:12 - INFO - Epoch: 294/300, Training Loss: 0.3787618924356455
2024-07-10 23:41:12 - INFO - Epoch: 294/300, Validation Loss: 0.42669160606992146, Accuracy: 66.52931582110052%
2024-07-10 23:41:14 - INFO - Epoch: 295/300, Training Loss: 0.37676968553265755
2024-07-10 23:41:15 - INFO - Epoch: 295/300, Validation Loss: 0.426875085777273, Accuracy: 66.46922482616533%
2024-07-10 23:41:17 - INFO - Epoch: 296/300, Training Loss: 0.37726942082900244
2024-07-10 23:41:17 - INFO - Epoch: 296/300, Validation Loss: 0.42478950557722517, Accuracy: 67.19890119323547%
2024-07-10 23:41:19 - INFO - Epoch: 297/300, Training Loss: 0.37605199614343005
2024-07-10 23:41:19 - INFO - Epoch: 297/300, Validation Loss: 0.42761990981505266, Accuracy: 67.80839557043522%
2024-07-10 23:41:21 - INFO - Epoch: 298/300, Training Loss: 0.37481943032460285
2024-07-10 23:41:22 - INFO - Epoch: 298/300, Validation Loss: 0.4285410885274255, Accuracy: 66.66666666666667%
2024-07-10 23:41:24 - INFO - Epoch: 299/300, Training Loss: 0.37573547315859174
2024-07-10 23:41:24 - INFO - Epoch: 299/300, Validation Loss: 0.4270508170450148, Accuracy: 66.52073139325265%
2024-07-10 23:41:26 - INFO - Epoch: 300/300, Training Loss: 0.37768008440365025
2024-07-10 23:41:26 - INFO - Epoch: 300/300, Validation Loss: 0.42433736216790735, Accuracy: 66.55506910464418%
2024-07-10 23:41:26 - INFO - Finished training model.
2024-07-10 23:41:26 - INFO - Model saved to lstm_classifier_dc.pth and vocabulary saved to vocab_dc.pkl
