2024-07-24 17:32:44 - INFO - This log entry will go into a uniquely named file for this run.
2024-07-24 17:32:44 - INFO - without hidden
2024-07-24 17:32:44 - INFO - Params:
2024-07-24 17:32:44 - INFO - embedding_dim=32
2024-07-24 17:32:44 - INFO - hidden_dim:32
2024-07-24 17:32:44 - INFO - num_layers:2
2024-07-24 17:32:44 - INFO - epochs:100
2024-07-24 17:32:44 - INFO - batch_size:64
2024-07-24 17:32:44 - INFO - lr:0.001
2024-07-24 17:32:47 - INFO - Starting LSTM model training...
2024-07-24 17:32:49 - INFO - Epoch: 1/100, Training Loss: 0.6935713059943298
2024-07-24 17:32:49 - INFO - Epoch: 1/100, Validation Loss: 0.6932581632301725, Accuracy: 50.21569156106767%
2024-07-24 17:32:49 - INFO - Model saved with validation accuracy: 50.21569156106767%
2024-07-24 17:32:50 - INFO - Epoch: 2/100, Training Loss: 0.6933433014000284
2024-07-24 17:32:50 - INFO - Epoch: 2/100, Validation Loss: 0.6934672249802227, Accuracy: 49.46077109733082%
2024-07-24 17:32:52 - INFO - Epoch: 3/100, Training Loss: 0.6933238898114912
2024-07-24 17:32:52 - INFO - Epoch: 3/100, Validation Loss: 0.6933837666593748, Accuracy: 48.71933135616069%
2024-07-24 17:32:53 - INFO - Epoch: 4/100, Training Loss: 0.6932338065114515
2024-07-24 17:32:53 - INFO - Epoch: 4/100, Validation Loss: 0.6933630925828013, Accuracy: 49.110272310595846%
2024-07-24 17:32:54 - INFO - Epoch: 5/100, Training Loss: 0.6932330044179127
2024-07-24 17:32:55 - INFO - Epoch: 5/100, Validation Loss: 0.6934445130413976, Accuracy: 49.474251819897546%
2024-07-24 17:32:56 - INFO - Epoch: 6/100, Training Loss: 0.6932169855411711
2024-07-24 17:32:56 - INFO - Epoch: 6/100, Validation Loss: 0.6934104556667393, Accuracy: 48.65192774332704%
2024-07-24 17:32:57 - INFO - Epoch: 7/100, Training Loss: 0.6932023842016171
2024-07-24 17:32:58 - INFO - Epoch: 7/100, Validation Loss: 0.6932741120971483, Accuracy: 50.229172283634405%
2024-07-24 17:32:58 - INFO - Model saved with validation accuracy: 50.229172283634405%
2024-07-24 17:32:59 - INFO - Epoch: 8/100, Training Loss: 0.6932314798749727
2024-07-24 17:32:59 - INFO - Epoch: 8/100, Validation Loss: 0.6933644218691464, Accuracy: 48.05877595039094%
2024-07-24 17:33:00 - INFO - Epoch: 9/100, Training Loss: 0.6931838299436816
2024-07-24 17:33:01 - INFO - Epoch: 9/100, Validation Loss: 0.6934111909619693, Accuracy: 48.97546508492855%
2024-07-24 17:33:02 - INFO - Epoch: 10/100, Training Loss: 0.69316715747118
2024-07-24 17:33:02 - INFO - Epoch: 10/100, Validation Loss: 0.6936302344346869, Accuracy: 48.571043407926666%
2024-07-24 17:33:03 - INFO - Epoch: 11/100, Training Loss: 0.6931748480118555
2024-07-24 17:33:03 - INFO - Epoch: 11/100, Validation Loss: 0.6936887204647064, Accuracy: 49.258560258829874%
2024-07-24 17:33:05 - INFO - Epoch: 12/100, Training Loss: 0.6931603233618983
2024-07-24 17:33:05 - INFO - Epoch: 12/100, Validation Loss: 0.6938142632615978, Accuracy: 49.44729037476409%
2024-07-24 17:33:06 - INFO - Epoch: 13/100, Training Loss: 0.6931572804420159
2024-07-24 17:33:06 - INFO - Epoch: 13/100, Validation Loss: 0.6935350889789647, Accuracy: 46.81854947425182%
2024-07-24 17:33:08 - INFO - Epoch: 14/100, Training Loss: 0.6931625202555081
2024-07-24 17:33:08 - INFO - Epoch: 14/100, Validation Loss: 0.6935289563803837, Accuracy: 47.18252898355352%
2024-07-24 17:33:09 - INFO - Epoch: 15/100, Training Loss: 0.6931563976766735
2024-07-24 17:33:09 - INFO - Epoch: 15/100, Validation Loss: 0.693581347835475, Accuracy: 47.18252898355352%
2024-07-24 17:33:10 - INFO - Epoch: 16/100, Training Loss: 0.6931587257261934
2024-07-24 17:33:11 - INFO - Epoch: 16/100, Validation Loss: 0.693540323911042, Accuracy: 47.357778376921004%
2024-07-24 17:33:12 - INFO - Epoch: 17/100, Training Loss: 0.6931343844224667
2024-07-24 17:33:12 - INFO - Epoch: 17/100, Validation Loss: 0.6939223686168934, Accuracy: 47.357778376921004%
2024-07-24 17:33:13 - INFO - Epoch: 18/100, Training Loss: 0.6931584417049227
2024-07-24 17:33:14 - INFO - Epoch: 18/100, Validation Loss: 0.6936568068019275, Accuracy: 46.993798867619304%
2024-07-24 17:33:15 - INFO - Epoch: 19/100, Training Loss: 0.6931239134021874
2024-07-24 17:33:15 - INFO - Epoch: 19/100, Validation Loss: 0.6939085331456415, Accuracy: 47.061202480452955%
2024-07-24 17:33:16 - INFO - Epoch: 20/100, Training Loss: 0.6931596350824011
2024-07-24 17:33:17 - INFO - Epoch: 20/100, Validation Loss: 0.6938283864794106, Accuracy: 46.71070369371798%
2024-07-24 17:33:18 - INFO - Epoch: 21/100, Training Loss: 0.6931179217223463
2024-07-24 17:33:18 - INFO - Epoch: 21/100, Validation Loss: 0.6933581202194609, Accuracy: 49.110272310595846%
2024-07-24 17:33:20 - INFO - Epoch: 22/100, Training Loss: 0.6931070176691845
2024-07-24 17:33:20 - INFO - Epoch: 22/100, Validation Loss: 0.6940744503818709, Accuracy: 46.68374224858452%
2024-07-24 17:33:21 - INFO - Epoch: 23/100, Training Loss: 0.6930942486586242
2024-07-24 17:33:21 - INFO - Epoch: 23/100, Validation Loss: 0.6937146489990169, Accuracy: 46.40064707468321%
2024-07-24 17:33:23 - INFO - Epoch: 24/100, Training Loss: 0.6931107974257963
2024-07-24 17:33:23 - INFO - Epoch: 24/100, Validation Loss: 0.6940554215990263, Accuracy: 46.54893502291723%
2024-07-24 17:33:24 - INFO - Epoch: 25/100, Training Loss: 0.6930660817386776
2024-07-24 17:33:24 - INFO - Epoch: 25/100, Validation Loss: 0.6943658384783514, Accuracy: 46.427608519816665%
2024-07-24 17:33:26 - INFO - Epoch: 26/100, Training Loss: 0.6930797458465757
2024-07-24 17:33:26 - INFO - Epoch: 26/100, Validation Loss: 0.6940458077808906, Accuracy: 46.360204906983014%
2024-07-24 17:33:27 - INFO - Epoch: 27/100, Training Loss: 0.6930446420507185
2024-07-24 17:33:27 - INFO - Epoch: 27/100, Validation Loss: 0.6944292660417228, Accuracy: 45.8074952817471%
2024-07-24 17:33:29 - INFO - Epoch: 28/100, Training Loss: 0.6930526660691048
2024-07-24 17:33:29 - INFO - Epoch: 28/100, Validation Loss: 0.6945673324938478, Accuracy: 46.27932057158264%
2024-07-24 17:33:30 - INFO - Epoch: 29/100, Training Loss: 0.6930237043777416
2024-07-24 17:33:30 - INFO - Epoch: 29/100, Validation Loss: 0.6953664442588543, Accuracy: 45.9423025074144%
2024-07-24 17:33:32 - INFO - Epoch: 30/100, Training Loss: 0.6928868810164517
2024-07-24 17:33:32 - INFO - Epoch: 30/100, Validation Loss: 0.696358667879269, Accuracy: 45.76705311404691%
2024-07-24 17:33:33 - INFO - Epoch: 31/100, Training Loss: 0.6929761262546326
2024-07-24 17:33:33 - INFO - Epoch: 31/100, Validation Loss: 0.6956384891066058, Accuracy: 45.483957940145594%
2024-07-24 17:33:35 - INFO - Epoch: 32/100, Training Loss: 0.692965568910385
2024-07-24 17:33:35 - INFO - Epoch: 32/100, Validation Loss: 0.6957126126207155, Accuracy: 45.76705311404691%
2024-07-24 17:33:36 - INFO - Epoch: 33/100, Training Loss: 0.692938527285025
2024-07-24 17:33:36 - INFO - Epoch: 33/100, Validation Loss: 0.6964619832819906, Accuracy: 45.456996495012135%
2024-07-24 17:33:38 - INFO - Epoch: 34/100, Training Loss: 0.6929086974725641
2024-07-24 17:33:38 - INFO - Epoch: 34/100, Validation Loss: 0.696110256273171, Accuracy: 45.17390132111081%
2024-07-24 17:33:39 - INFO - Epoch: 35/100, Training Loss: 0.6928816396614601
2024-07-24 17:33:39 - INFO - Epoch: 35/100, Validation Loss: 0.6959674163111325, Accuracy: 45.25478565651119%
2024-07-24 17:33:41 - INFO - Epoch: 36/100, Training Loss: 0.6928464992549913
2024-07-24 17:33:41 - INFO - Epoch: 36/100, Validation Loss: 0.6972754674738851, Accuracy: 44.94472903747641%
2024-07-24 17:33:42 - INFO - Epoch: 37/100, Training Loss: 0.6928560394665291
2024-07-24 17:33:42 - INFO - Epoch: 37/100, Validation Loss: 0.6973275249374324, Accuracy: 44.44594230250741%
2024-07-24 17:33:44 - INFO - Epoch: 38/100, Training Loss: 0.692749215611096
2024-07-24 17:33:44 - INFO - Epoch: 38/100, Validation Loss: 0.6978340554853966, Accuracy: 44.27069290913993%
2024-07-24 17:33:45 - INFO - Epoch: 39/100, Training Loss: 0.6927338020297987
2024-07-24 17:33:45 - INFO - Epoch: 39/100, Validation Loss: 0.6983387670640288, Accuracy: 43.96063629010515%
2024-07-24 17:33:47 - INFO - Epoch: 40/100, Training Loss: 0.6926263563078026
2024-07-24 17:33:47 - INFO - Epoch: 40/100, Validation Loss: 0.6977435653579647, Accuracy: 43.83930978700458%
2024-07-24 17:33:48 - INFO - Epoch: 41/100, Training Loss: 0.6926825542388291
2024-07-24 17:33:48 - INFO - Epoch: 41/100, Validation Loss: 0.6995213442835314, Accuracy: 43.69102183877056%
2024-07-24 17:33:50 - INFO - Epoch: 42/100, Training Loss: 0.6925320074219128
2024-07-24 17:33:50 - INFO - Epoch: 42/100, Validation Loss: 0.6993443724410288, Accuracy: 43.434888110002696%
2024-07-24 17:33:51 - INFO - Epoch: 43/100, Training Loss: 0.6925406737317299
2024-07-24 17:33:51 - INFO - Epoch: 43/100, Validation Loss: 0.7009273978142903, Accuracy: 43.3000808843354%
2024-07-24 17:33:52 - INFO - Epoch: 44/100, Training Loss: 0.6924751655294977
2024-07-24 17:33:53 - INFO - Epoch: 44/100, Validation Loss: 0.7022649548177061, Accuracy: 42.8417363170666%
2024-07-24 17:33:54 - INFO - Epoch: 45/100, Training Loss: 0.6925604073651905
2024-07-24 17:33:54 - INFO - Epoch: 45/100, Validation Loss: 0.6992189262447686, Accuracy: 43.219196548935024%
2024-07-24 17:33:55 - INFO - Epoch: 46/100, Training Loss: 0.6923438191156963
2024-07-24 17:33:55 - INFO - Epoch: 46/100, Validation Loss: 0.7021601400498686, Accuracy: 42.572121865732%
2024-07-24 17:33:57 - INFO - Epoch: 47/100, Training Loss: 0.692437333921934
2024-07-24 17:33:57 - INFO - Epoch: 47/100, Validation Loss: 0.7029985564536062, Accuracy: 42.63952547856565%
2024-07-24 17:33:58 - INFO - Epoch: 48/100, Training Loss: 0.692298351690687
2024-07-24 17:33:59 - INFO - Epoch: 48/100, Validation Loss: 0.7023385115738573, Accuracy: 42.35643030466433%
2024-07-24 17:34:00 - INFO - Epoch: 49/100, Training Loss: 0.6922638426566946
2024-07-24 17:34:00 - INFO - Epoch: 49/100, Validation Loss: 0.7033005680503517, Accuracy: 42.59908331086546%
2024-07-24 17:34:01 - INFO - Epoch: 50/100, Training Loss: 0.6920835423315393
2024-07-24 17:34:01 - INFO - Epoch: 50/100, Validation Loss: 0.7033003743352562, Accuracy: 42.24858452413049%
2024-07-24 17:34:03 - INFO - Epoch: 51/100, Training Loss: 0.6921221098766245
2024-07-24 17:34:03 - INFO - Epoch: 51/100, Validation Loss: 0.7042131079681988, Accuracy: 42.00593151792936%
2024-07-24 17:34:04 - INFO - Epoch: 52/100, Training Loss: 0.6920737341560167
2024-07-24 17:34:04 - INFO - Epoch: 52/100, Validation Loss: 0.7040946427090414, Accuracy: 41.857643569695334%
2024-07-24 17:34:06 - INFO - Epoch: 53/100, Training Loss: 0.6920150346283255
2024-07-24 17:34:06 - INFO - Epoch: 53/100, Validation Loss: 0.7064265392977616, Accuracy: 41.048800215691564%
2024-07-24 17:34:07 - INFO - Epoch: 54/100, Training Loss: 0.6918388555019066
2024-07-24 17:34:07 - INFO - Epoch: 54/100, Validation Loss: 0.7110904295896662, Accuracy: 41.23753033162578%
2024-07-24 17:34:09 - INFO - Epoch: 55/100, Training Loss: 0.6916975015453224
2024-07-24 17:34:09 - INFO - Epoch: 55/100, Validation Loss: 0.707948287499362, Accuracy: 41.34537611215961%
2024-07-24 17:34:10 - INFO - Epoch: 56/100, Training Loss: 0.6916680812578777
2024-07-24 17:34:10 - INFO - Epoch: 56/100, Validation Loss: 0.7093840477795437, Accuracy: 40.49609059045565%
2024-07-24 17:34:12 - INFO - Epoch: 57/100, Training Loss: 0.6916659881585631
2024-07-24 17:34:12 - INFO - Epoch: 57/100, Validation Loss: 0.7067907185390078, Accuracy: 40.87355082232408%
2024-07-24 17:34:13 - INFO - Epoch: 58/100, Training Loss: 0.6913886110073534
2024-07-24 17:34:13 - INFO - Epoch: 58/100, Validation Loss: 0.7119614533309279, Accuracy: 40.75222431922351%
2024-07-24 17:34:15 - INFO - Epoch: 59/100, Training Loss: 0.6914365908195232
2024-07-24 17:34:15 - INFO - Epoch: 59/100, Validation Loss: 0.7163479153452248, Accuracy: 40.36128336478835%
2024-07-24 17:34:16 - INFO - Epoch: 60/100, Training Loss: 0.6914611041288952
2024-07-24 17:34:16 - INFO - Epoch: 60/100, Validation Loss: 0.7112310754841772, Accuracy: 40.10514963602049%
2024-07-24 17:34:17 - INFO - Epoch: 61/100, Training Loss: 0.6911392873474236
2024-07-24 17:34:18 - INFO - Epoch: 61/100, Validation Loss: 0.7150732828625317, Accuracy: 40.34780264222162%
2024-07-24 17:34:19 - INFO - Epoch: 62/100, Training Loss: 0.691143164346958
2024-07-24 17:34:19 - INFO - Epoch: 62/100, Validation Loss: 0.7080236365055216, Accuracy: 40.172553248854136%
2024-07-24 17:34:21 - INFO - Epoch: 63/100, Training Loss: 0.6910772471335428
2024-07-24 17:34:21 - INFO - Epoch: 63/100, Validation Loss: 0.7134233404850138, Accuracy: 39.71420868158533%
2024-07-24 17:34:22 - INFO - Epoch: 64/100, Training Loss: 0.6908772513270378
2024-07-24 17:34:22 - INFO - Epoch: 64/100, Validation Loss: 0.7173092134039978, Accuracy: 39.323267727150174%
2024-07-24 17:34:23 - INFO - Epoch: 65/100, Training Loss: 0.6908230591436912
2024-07-24 17:34:24 - INFO - Epoch: 65/100, Validation Loss: 0.7214240991863711, Accuracy: 39.20194122404961%
2024-07-24 17:34:25 - INFO - Epoch: 66/100, Training Loss: 0.6905409452216379
2024-07-24 17:34:25 - INFO - Epoch: 66/100, Validation Loss: 0.7204498931251723, Accuracy: 39.87597735238609%
2024-07-24 17:34:27 - INFO - Epoch: 67/100, Training Loss: 0.6906267739832401
2024-07-24 17:34:27 - INFO - Epoch: 67/100, Validation Loss: 0.7232826624451012, Accuracy: 39.01321110811539%
2024-07-24 17:34:28 - INFO - Epoch: 68/100, Training Loss: 0.6905131528860536
2024-07-24 17:34:28 - INFO - Epoch: 68/100, Validation Loss: 0.7219892560408033, Accuracy: 39.4715556753842%
