2024-07-24 17:39:05 - INFO - This log entry will go into a uniquely named file for this run.
2024-07-24 17:39:06 - INFO - without hidden
2024-07-24 17:39:06 - INFO - Params:
2024-07-24 17:39:06 - INFO - embedding_dim=32
2024-07-24 17:39:06 - INFO - hidden_dim:32
2024-07-24 17:39:06 - INFO - num_layers:4
2024-07-24 17:39:06 - INFO - epochs:100
2024-07-24 17:39:06 - INFO - batch_size:512
2024-07-24 17:39:06 - INFO - lr:0.001
2024-07-24 17:39:09 - INFO - Starting LSTM model training...
2024-07-24 17:39:10 - INFO - Epoch: 1/100, Training Loss: 0.6931043339186701
2024-07-24 17:39:10 - INFO - Epoch: 1/100, Validation Loss: 0.693477737903595, Accuracy: 48.97546508492855%
2024-07-24 17:39:10 - INFO - Model saved with validation accuracy: 48.97546508492855%
2024-07-24 17:39:10 - INFO - Epoch: 2/100, Training Loss: 0.6932509192104997
2024-07-24 17:39:10 - INFO - Epoch: 2/100, Validation Loss: 0.6931504050890605, Accuracy: 49.51469398759774%
2024-07-24 17:39:10 - INFO - Model saved with validation accuracy: 49.51469398759774%
2024-07-24 17:39:11 - INFO - Epoch: 3/100, Training Loss: 0.693232007067779
2024-07-24 17:39:11 - INFO - Epoch: 3/100, Validation Loss: 0.6933052221934001, Accuracy: 48.97546508492855%
2024-07-24 17:39:12 - INFO - Epoch: 4/100, Training Loss: 0.6931706728606388
2024-07-24 17:39:12 - INFO - Epoch: 4/100, Validation Loss: 0.6931473612785339, Accuracy: 50.471825289835536%
2024-07-24 17:39:12 - INFO - Model saved with validation accuracy: 50.471825289835536%
2024-07-24 17:39:12 - INFO - Epoch: 5/100, Training Loss: 0.6932495421376722
2024-07-24 17:39:12 - INFO - Epoch: 5/100, Validation Loss: 0.6934083143870036, Accuracy: 48.97546508492855%
2024-07-24 17:39:13 - INFO - Epoch: 6/100, Training Loss: 0.6931619582505062
2024-07-24 17:39:13 - INFO - Epoch: 6/100, Validation Loss: 0.6931673487027487, Accuracy: 48.260986788891884%
2024-07-24 17:39:14 - INFO - Epoch: 7/100, Training Loss: 0.6931950491050194
2024-07-24 17:39:14 - INFO - Epoch: 7/100, Validation Loss: 0.69328400293986, Accuracy: 48.97546508492855%
2024-07-24 17:39:14 - INFO - Epoch: 8/100, Training Loss: 0.6931691436932005
2024-07-24 17:39:14 - INFO - Epoch: 8/100, Validation Loss: 0.6935916384061177, Accuracy: 48.97546508492855%
2024-07-24 17:39:15 - INFO - Epoch: 9/100, Training Loss: 0.6932248144314207
2024-07-24 17:39:15 - INFO - Epoch: 9/100, Validation Loss: 0.6934564312299093, Accuracy: 48.97546508492855%
2024-07-24 17:39:16 - INFO - Epoch: 10/100, Training Loss: 0.6932424296592844
2024-07-24 17:39:16 - INFO - Epoch: 10/100, Validation Loss: 0.6931627949078878, Accuracy: 49.90563494203289%
2024-07-24 17:39:16 - INFO - Epoch: 11/100, Training Loss: 0.6931717971275593
2024-07-24 17:39:16 - INFO - Epoch: 11/100, Validation Loss: 0.6931975801785787, Accuracy: 49.08331086546239%
2024-07-24 17:39:17 - INFO - Epoch: 12/100, Training Loss: 0.6931826071492557
2024-07-24 17:39:17 - INFO - Epoch: 12/100, Validation Loss: 0.6935893297195435, Accuracy: 48.97546508492855%
2024-07-24 17:39:18 - INFO - Epoch: 13/100, Training Loss: 0.6931604444980621
2024-07-24 17:39:18 - INFO - Epoch: 13/100, Validation Loss: 0.6933753331502278, Accuracy: 48.598004853060125%
2024-07-24 17:39:18 - INFO - Epoch: 14/100, Training Loss: 0.6931639621997702
2024-07-24 17:39:18 - INFO - Epoch: 14/100, Validation Loss: 0.6932138721148173, Accuracy: 49.204637368562956%
2024-07-24 17:39:19 - INFO - Epoch: 15/100, Training Loss: 0.6931328269942053
2024-07-24 17:39:19 - INFO - Epoch: 15/100, Validation Loss: 0.6939779162406922, Accuracy: 48.97546508492855%
2024-07-24 17:39:20 - INFO - Epoch: 16/100, Training Loss: 0.693094093224098
2024-07-24 17:39:20 - INFO - Epoch: 16/100, Validation Loss: 0.6932745854059855, Accuracy: 49.474251819897546%
2024-07-24 17:39:20 - INFO - Epoch: 17/100, Training Loss: 0.6931576841864092
2024-07-24 17:39:20 - INFO - Epoch: 17/100, Validation Loss: 0.6938986420631409, Accuracy: 47.70827716365597%
2024-07-24 17:39:21 - INFO - Epoch: 18/100, Training Loss: 0.6931792446251573
2024-07-24 17:39:21 - INFO - Epoch: 18/100, Validation Loss: 0.6938842535018921, Accuracy: 48.54408196279321%
2024-07-24 17:39:22 - INFO - Epoch: 19/100, Training Loss: 0.693156976124336
2024-07-24 17:39:22 - INFO - Epoch: 19/100, Validation Loss: 0.6936951398849487, Accuracy: 47.19600970612025%
