2024-07-24 17:39:33 - INFO - This log entry will go into a uniquely named file for this run.
2024-07-24 17:39:33 - INFO - without hidden
2024-07-24 17:39:33 - INFO - Params:
2024-07-24 17:39:33 - INFO - embedding_dim=32
2024-07-24 17:39:33 - INFO - hidden_dim:32
2024-07-24 17:39:33 - INFO - num_layers:2
2024-07-24 17:39:33 - INFO - epochs:100
2024-07-24 17:39:33 - INFO - batch_size:64
2024-07-24 17:39:33 - INFO - lr:0.001
2024-07-24 17:39:36 - INFO - Starting LSTM model training...
2024-07-24 17:39:37 - INFO - Epoch: 1/100, Training Loss: 0.6936925234465764
2024-07-24 17:39:37 - INFO - Epoch: 1/100, Validation Loss: 0.6936415129694445, Accuracy: 49.900253410255026%
2024-07-24 17:39:37 - INFO - Model saved with validation accuracy: 49.900253410255026%
2024-07-24 17:39:38 - INFO - Epoch: 2/100, Training Loss: 0.6934110596262175
2024-07-24 17:39:38 - INFO - Epoch: 2/100, Validation Loss: 0.693382138219373, Accuracy: 49.80320267428694%
2024-07-24 17:39:39 - INFO - Epoch: 3/100, Training Loss: 0.6933905757706741
2024-07-24 17:39:39 - INFO - Epoch: 3/100, Validation Loss: 0.6934377717560736, Accuracy: 49.40960802286084%
2024-07-24 17:39:40 - INFO - Epoch: 4/100, Training Loss: 0.693201383434493
2024-07-24 17:39:41 - INFO - Epoch: 4/100, Validation Loss: 0.6935193974396278, Accuracy: 49.490483636167575%
2024-07-24 17:39:41 - INFO - Epoch: 5/100, Training Loss: 0.6931482643916689
2024-07-24 17:39:42 - INFO - Epoch: 5/100, Validation Loss: 0.6936577490691481, Accuracy: 48.72486116353049%
2024-07-24 17:39:43 - INFO - Epoch: 6/100, Training Loss: 0.6932137113192985
2024-07-24 17:39:43 - INFO - Epoch: 6/100, Validation Loss: 0.693887879519627, Accuracy: 48.692510918207795%
2024-07-24 17:39:44 - INFO - Epoch: 7/100, Training Loss: 0.6931139968592545
2024-07-24 17:39:44 - INFO - Epoch: 7/100, Validation Loss: 0.693872383545185, Accuracy: 48.42831724807247%
2024-07-24 17:39:45 - INFO - Epoch: 8/100, Training Loss: 0.6930271557692824
2024-07-24 17:39:46 - INFO - Epoch: 8/100, Validation Loss: 0.6942251082124381, Accuracy: 48.63320213511619%
2024-07-24 17:39:46 - INFO - Epoch: 9/100, Training Loss: 0.6928558183127436
2024-07-24 17:39:47 - INFO - Epoch: 9/100, Validation Loss: 0.6947372218658184, Accuracy: 48.32048309699682%
2024-07-24 17:39:48 - INFO - Epoch: 10/100, Training Loss: 0.692765122035454
2024-07-24 17:39:48 - INFO - Epoch: 10/100, Validation Loss: 0.6948089877079273, Accuracy: 48.34744163476573%
2024-07-24 17:39:49 - INFO - Epoch: 11/100, Training Loss: 0.6926937802084561
2024-07-24 17:39:50 - INFO - Epoch: 11/100, Validation Loss: 0.6952886540314247, Accuracy: 48.04550601175392%
2024-07-24 17:39:50 - INFO - Epoch: 12/100, Training Loss: 0.6925111230077414
2024-07-24 17:39:51 - INFO - Epoch: 12/100, Validation Loss: 0.6959006802789096, Accuracy: 47.8406211247102%
2024-07-24 17:39:52 - INFO - Epoch: 13/100, Training Loss: 0.6923765270874418
2024-07-24 17:39:52 - INFO - Epoch: 13/100, Validation Loss: 0.6966827684435352, Accuracy: 47.34997573731601%
2024-07-24 17:39:53 - INFO - Epoch: 14/100, Training Loss: 0.691910051888433
2024-07-24 17:39:53 - INFO - Epoch: 14/100, Validation Loss: 0.6977130600090684, Accuracy: 47.6573030678816%
2024-07-24 17:39:54 - INFO - Epoch: 15/100, Training Loss: 0.6919992827135941
2024-07-24 17:39:54 - INFO - Epoch: 15/100, Validation Loss: 0.6970773002197003, Accuracy: 46.88089718013695%
2024-07-24 17:39:55 - INFO - Epoch: 16/100, Training Loss: 0.69166757094449
2024-07-24 17:39:56 - INFO - Epoch: 16/100, Validation Loss: 0.6983275590271786, Accuracy: 46.92942254812099%
2024-07-24 17:39:57 - INFO - Epoch: 17/100, Training Loss: 0.691451640170196
2024-07-24 17:39:57 - INFO - Epoch: 17/100, Validation Loss: 0.6991530903454485, Accuracy: 46.352509839866286%
2024-07-24 17:39:58 - INFO - Epoch: 18/100, Training Loss: 0.6910883475994242
2024-07-24 17:39:58 - INFO - Epoch: 18/100, Validation Loss: 0.701451777384199, Accuracy: 46.08831616973095%
2024-07-24 17:39:59 - INFO - Epoch: 19/100, Training Loss: 0.690302914997627
2024-07-24 17:39:59 - INFO - Epoch: 19/100, Validation Loss: 0.7015527770437043, Accuracy: 45.88882299024101%
2024-07-24 17:40:00 - INFO - Epoch: 20/100, Training Loss: 0.6898737664880423
2024-07-24 17:40:01 - INFO - Epoch: 20/100, Validation Loss: 0.7023797092766597, Accuracy: 45.824122499595624%
2024-07-24 17:40:01 - INFO - Epoch: 21/100, Training Loss: 0.6890630234932077
2024-07-24 17:40:02 - INFO - Epoch: 21/100, Validation Loss: 0.7087752175742182, Accuracy: 45.20946783846444%
2024-07-24 17:40:03 - INFO - Epoch: 22/100, Training Loss: 0.6889468645227367
2024-07-24 17:40:03 - INFO - Epoch: 22/100, Validation Loss: 0.7072356616628581, Accuracy: 45.04771661185097%
2024-07-24 17:40:04 - INFO - Epoch: 23/100, Training Loss: 0.687899104685619
2024-07-24 17:40:04 - INFO - Epoch: 23/100, Validation Loss: 0.7093190104796969, Accuracy: 45.11241710249636%
2024-07-24 17:40:05 - INFO - Epoch: 24/100, Training Loss: 0.6874805037317605
2024-07-24 17:40:06 - INFO - Epoch: 24/100, Validation Loss: 0.7096234989577326, Accuracy: 44.62177171510217%
2024-07-24 17:40:06 - INFO - Epoch: 25/100, Training Loss: 0.6867255989847512
2024-07-24 17:40:07 - INFO - Epoch: 25/100, Validation Loss: 0.7141635450823554, Accuracy: 44.11495120504664%
