2024-06-19 01:54:34 - INFO - This log entry will go into a uniquely named file for this run.
2024-06-19 01:54:35 - INFO - Starting LSTM model training...
2024-06-19 01:54:35 - INFO - Optimizer=RMSprop
2024-06-19 01:54:35 - INFO - epochs=1000
2024-06-19 01:54:35 - INFO - batch_size=16
2024-06-19 01:54:35 - INFO - File=codeExamples.txt
2024-06-19 01:54:35 - INFO - Learning Rate=0.01
2024-06-19 01:54:37 - INFO - Starting LSTM model training...
2024-06-19 01:54:48 - INFO - Epoch 1/1000, Loss: 1.9902610805683743
2024-06-19 01:55:00 - INFO - Epoch 2/1000, Loss: 1.488809952480781
2024-06-19 01:55:14 - INFO - Epoch 3/1000, Loss: 1.434106321130477
2024-06-19 01:55:30 - INFO - Epoch 4/1000, Loss: 1.3814775555867373
2024-06-19 01:55:46 - INFO - Epoch 5/1000, Loss: 1.5816994798109743
2024-06-19 01:56:02 - INFO - Epoch 6/1000, Loss: 1.3845754524687093
2024-06-19 01:56:19 - INFO - Epoch 7/1000, Loss: 1.349150771393867
2024-06-19 01:56:35 - INFO - Epoch 8/1000, Loss: 2.0788037336693312
2024-06-19 01:56:51 - INFO - Epoch 9/1000, Loss: 1.5485966142371062
2024-06-19 01:57:07 - INFO - Epoch 10/1000, Loss: 1.3821120722348268
2024-06-19 01:57:23 - INFO - Epoch 11/1000, Loss: 2.4643985225580476
2024-06-19 01:57:40 - INFO - Epoch 12/1000, Loss: 1.3529377029191798
2024-06-19 01:57:56 - INFO - Epoch 13/1000, Loss: 1.347761382635726
2024-06-19 01:58:12 - INFO - Epoch 14/1000, Loss: 1.397709494331018
2024-06-19 01:58:28 - INFO - Epoch 15/1000, Loss: 1.4146167414405493
2024-06-19 01:58:44 - INFO - Epoch 16/1000, Loss: 2.0147840696437775
2024-06-19 01:59:00 - INFO - Epoch 17/1000, Loss: 1.4724210872259154
2024-06-19 01:59:17 - INFO - Epoch 18/1000, Loss: 1.3726868755131516
2024-06-19 01:59:33 - INFO - Epoch 19/1000, Loss: 1.346746426925762
2024-06-19 01:59:49 - INFO - Epoch 20/1000, Loss: 1.3636357022457772
2024-06-19 02:00:05 - INFO - Epoch 21/1000, Loss: 1.384196472102582
2024-06-19 02:00:21 - INFO - Epoch 22/1000, Loss: 1.4212994353240245
2024-06-19 02:00:37 - INFO - Epoch 23/1000, Loss: 1.884296307397322
2024-06-19 02:00:53 - INFO - Epoch 24/1000, Loss: 1.3769213445669923
2024-06-19 02:01:09 - INFO - Epoch 25/1000, Loss: 1.3946382108772226
2024-06-19 02:01:26 - INFO - Epoch 26/1000, Loss: 1.3394407708181728
2024-06-19 02:01:42 - INFO - Epoch 27/1000, Loss: 1.3456238780466965
2024-06-19 02:01:58 - INFO - Epoch 28/1000, Loss: 1.7327389379860505
2024-06-19 02:02:14 - INFO - Epoch 29/1000, Loss: 1.5833528771679952
2024-06-19 02:02:31 - INFO - Epoch 30/1000, Loss: 1.342728148492838
2024-06-19 02:02:47 - INFO - Epoch 31/1000, Loss: 1.3354667737516894
2024-06-19 02:03:04 - INFO - Epoch 32/1000, Loss: 1.3750707887292146
2024-06-19 02:03:20 - INFO - Epoch 33/1000, Loss: 1.3613118319333428
2024-06-19 02:03:36 - INFO - Epoch 34/1000, Loss: 1.470338734101016
2024-06-19 02:03:52 - INFO - Epoch 35/1000, Loss: 1.5066583629338937
2024-06-19 02:04:08 - INFO - Epoch 36/1000, Loss: 1.321799938916905
2024-06-19 02:04:24 - INFO - Epoch 37/1000, Loss: 1.3223075960457467
2024-06-19 02:04:40 - INFO - Epoch 38/1000, Loss: 1.3540274307595155
2024-06-19 02:04:56 - INFO - Epoch 39/1000, Loss: 2.723545808071306
2024-06-19 02:05:13 - INFO - Epoch 40/1000, Loss: 1.4867423166430977
2024-06-19 02:05:29 - INFO - Epoch 41/1000, Loss: 1.3526416520014448
2024-06-19 02:05:45 - INFO - Epoch 42/1000, Loss: 1.4845275394599462
2024-06-19 02:06:01 - INFO - Epoch 43/1000, Loss: 1.341083094359209
2024-06-19 02:06:17 - INFO - Epoch 44/1000, Loss: 1.3818637205290671
2024-06-19 02:06:34 - INFO - Epoch 45/1000, Loss: 2.028770857739913
2024-06-19 02:06:50 - INFO - Epoch 46/1000, Loss: 1.3322886317831222
2024-06-19 02:07:06 - INFO - Epoch 47/1000, Loss: 1.3371494337919838
2024-06-19 02:07:22 - INFO - Epoch 48/1000, Loss: 1.3673254392879397
2024-06-19 02:07:38 - INFO - Epoch 49/1000, Loss: 1.328557317223569
2024-06-19 02:07:55 - INFO - Epoch 50/1000, Loss: 1.349465634189146
2024-06-19 02:08:11 - INFO - Epoch 51/1000, Loss: 1.3621727320122008
2024-06-19 02:08:27 - INFO - Epoch 52/1000, Loss: 1.3898383573868924
2024-06-19 02:08:44 - INFO - Epoch 53/1000, Loss: 2.278596055949299
2024-06-19 02:09:00 - INFO - Epoch 54/1000, Loss: 1.3205582260869402
2024-06-19 02:09:16 - INFO - Epoch 55/1000, Loss: 1.4272080624125156
2024-06-19 02:09:32 - INFO - Epoch 56/1000, Loss: 2.2596643773636016
2024-06-19 02:09:49 - INFO - Epoch 57/1000, Loss: 1.3680468666189436
2024-06-19 02:10:05 - INFO - Epoch 58/1000, Loss: 1.4175431032047352
2024-06-19 02:10:21 - INFO - Epoch 59/1000, Loss: 1.357300545798792
2024-06-19 02:10:37 - INFO - Epoch 60/1000, Loss: 1.6103231521994423
2024-06-19 02:10:53 - INFO - Epoch 61/1000, Loss: 1.3335822339293537
2024-06-19 02:11:10 - INFO - Epoch 62/1000, Loss: 1.424909025504101
2024-06-19 02:11:26 - INFO - Epoch 63/1000, Loss: 1.3414189497563307
2024-06-19 02:11:42 - INFO - Epoch 64/1000, Loss: 1.4417251182700757
2024-06-19 02:11:58 - INFO - Epoch 65/1000, Loss: 1.4757272629194145
2024-06-19 02:12:15 - INFO - Epoch 66/1000, Loss: 1.3796313699299014
2024-06-19 02:12:31 - INFO - Epoch 67/1000, Loss: 1.4166964434936822
2024-06-19 02:12:47 - INFO - Epoch 68/1000, Loss: 1.4974804119945642
2024-06-19 02:13:03 - INFO - Epoch 69/1000, Loss: 1.400737459404789
2024-06-19 02:13:19 - INFO - Epoch 70/1000, Loss: 1.3502065702411845
2024-06-19 02:13:35 - INFO - Epoch 71/1000, Loss: 1.391282840281114
2024-06-19 02:13:52 - INFO - Epoch 72/1000, Loss: 1.3970884178182723
2024-06-19 02:14:08 - INFO - Epoch 73/1000, Loss: 1.7868134498662687
2024-06-19 02:14:24 - INFO - Epoch 74/1000, Loss: 1.3862609338495504
2024-06-19 02:14:40 - INFO - Epoch 75/1000, Loss: 1.3211764876925507
2024-06-19 02:14:57 - INFO - Epoch 76/1000, Loss: 1.60636313769606
2024-06-19 02:15:13 - INFO - Epoch 77/1000, Loss: 3.699317797575847
2024-06-19 02:15:29 - INFO - Epoch 78/1000, Loss: 1.4108906306355136
2024-06-19 02:15:45 - INFO - Epoch 79/1000, Loss: 1.351983691665998
2024-06-19 02:16:02 - INFO - Epoch 80/1000, Loss: 1.3410400566693237
2024-06-19 02:16:18 - INFO - Epoch 81/1000, Loss: 1.4577247580019925
2024-06-19 02:16:34 - INFO - Epoch 82/1000, Loss: 1.3745242666179696
2024-06-19 02:16:50 - INFO - Epoch 83/1000, Loss: 1.4546729472814697
2024-06-19 02:17:07 - INFO - Epoch 84/1000, Loss: 1.350759498999773
2024-06-19 02:17:23 - INFO - Epoch 85/1000, Loss: 1.3683548963303203
2024-06-19 02:17:39 - INFO - Epoch 86/1000, Loss: 1.6647206832523298
2024-06-19 02:17:55 - INFO - Epoch 87/1000, Loss: 1.411956278631579
2024-06-19 02:18:12 - INFO - Epoch 88/1000, Loss: 1.4309919665937327
2024-06-19 02:18:28 - INFO - Epoch 89/1000, Loss: 1.350808605424963
2024-06-19 02:18:44 - INFO - Epoch 90/1000, Loss: 1.36252512515065
2024-06-19 02:19:01 - INFO - Epoch 91/1000, Loss: 1.331968066405647
2024-06-19 02:19:17 - INFO - Epoch 92/1000, Loss: 1.3991181857138284
2024-06-19 02:19:33 - INFO - Epoch 93/1000, Loss: 1.3221844494417612
2024-06-19 02:19:50 - INFO - Epoch 94/1000, Loss: 1.3211248399201383
2024-06-19 02:20:06 - INFO - Epoch 95/1000, Loss: 1.337997282465116
2024-06-19 02:20:22 - INFO - Epoch 96/1000, Loss: 1.3349954997213715
2024-06-19 02:20:38 - INFO - Epoch 97/1000, Loss: 1.371475816659613
2024-06-19 02:20:55 - INFO - Epoch 98/1000, Loss: 1.3587939173366903
2024-06-19 02:21:11 - INFO - Epoch 99/1000, Loss: 1.3572818631103603
2024-06-19 02:21:27 - INFO - Epoch 100/1000, Loss: 1.3341279019594847
2024-06-19 02:21:43 - INFO - Epoch 101/1000, Loss: 1.3800284896874169
2024-06-19 02:22:00 - INFO - Epoch 102/1000, Loss: 1.3245816789056635
2024-06-19 02:22:16 - INFO - Epoch 103/1000, Loss: 1.4485399373842296
2024-06-19 02:22:32 - INFO - Epoch 104/1000, Loss: 1.3289284526731038
2024-06-19 02:22:49 - INFO - Epoch 105/1000, Loss: 1.4317998327105323
2024-06-19 02:23:05 - INFO - Epoch 106/1000, Loss: 1.8140349202046793
2024-06-19 02:23:21 - INFO - Epoch 107/1000, Loss: 1.4663765061291194
2024-06-19 02:23:37 - INFO - Epoch 108/1000, Loss: 1.4942249109991834
2024-06-19 02:23:54 - INFO - Epoch 109/1000, Loss: 1.3812624061364924
2024-06-19 02:24:10 - INFO - Epoch 110/1000, Loss: 1.352319362380983
2024-06-19 02:24:26 - INFO - Epoch 111/1000, Loss: 1.3649740764099878
2024-06-19 02:24:43 - INFO - Epoch 112/1000, Loss: 1.3488515258993512
2024-06-19 02:24:59 - INFO - Epoch 113/1000, Loss: 1.3959132245809016
2024-06-19 02:25:15 - INFO - Epoch 114/1000, Loss: 1.4681133107095508
2024-06-19 02:25:31 - INFO - Epoch 115/1000, Loss: 1.4729638142282757
2024-06-19 02:25:48 - INFO - Epoch 116/1000, Loss: 1.3146670911399987
2024-06-19 02:26:04 - INFO - Epoch 117/1000, Loss: 1.3562053020477118
2024-06-19 02:26:20 - INFO - Epoch 118/1000, Loss: 1.7525310574429906
2024-06-19 02:26:36 - INFO - Epoch 119/1000, Loss: 1.3973285766102936
2024-06-19 02:26:53 - INFO - Epoch 120/1000, Loss: 1.302716239733393
2024-06-19 02:27:09 - INFO - Epoch 121/1000, Loss: 1.3139531948086232
2024-06-19 02:27:25 - INFO - Epoch 122/1000, Loss: 1.4324782897542445
2024-06-19 02:27:41 - INFO - Epoch 123/1000, Loss: 1.4413730931161244
2024-06-19 02:27:58 - INFO - Epoch 124/1000, Loss: 1.7756780264561896
2024-06-19 02:28:14 - INFO - Epoch 125/1000, Loss: 1.320982595692063
2024-06-19 02:28:30 - INFO - Epoch 126/1000, Loss: 1.4187079869913422
2024-06-19 02:28:47 - INFO - Epoch 127/1000, Loss: 1.3520383118408381
2024-06-19 02:29:03 - INFO - Epoch 128/1000, Loss: 1.3777363378566185
2024-06-19 02:29:19 - INFO - Epoch 129/1000, Loss: 1.3652140450146233
2024-06-19 02:29:35 - INFO - Epoch 130/1000, Loss: 1.3228380395932355
2024-06-19 02:29:51 - INFO - Epoch 131/1000, Loss: 1.4055419874904445
2024-06-19 02:30:08 - INFO - Epoch 132/1000, Loss: 1.3377636358234022
2024-06-19 02:30:24 - INFO - Epoch 133/1000, Loss: 1.343218183027608
2024-06-19 02:30:40 - INFO - Epoch 134/1000, Loss: 1.456625155082547
2024-06-19 02:30:57 - INFO - Epoch 135/1000, Loss: 1.537235369793359
2024-06-19 02:31:13 - INFO - Epoch 136/1000, Loss: 1.4721219887017472
2024-06-19 02:31:29 - INFO - Epoch 137/1000, Loss: 1.329481039193309
2024-06-19 02:31:46 - INFO - Epoch 138/1000, Loss: 1.322611626233648
2024-06-19 02:32:02 - INFO - Epoch 139/1000, Loss: 1.3217317892163778
2024-06-19 02:32:18 - INFO - Epoch 140/1000, Loss: 1.4043096937472943
2024-06-19 02:32:34 - INFO - Epoch 141/1000, Loss: 1.3599700439881177
2024-06-19 02:32:51 - INFO - Epoch 142/1000, Loss: 1.3681419802065016
2024-06-19 02:33:07 - INFO - Epoch 143/1000, Loss: 1.3545992903722046
2024-06-19 02:33:23 - INFO - Epoch 144/1000, Loss: 1.3683547521880972
2024-06-19 02:33:39 - INFO - Epoch 145/1000, Loss: 1.3796692914789437
2024-06-19 02:33:56 - INFO - Epoch 146/1000, Loss: 1.3308628071181774
2024-06-19 02:34:12 - INFO - Epoch 147/1000, Loss: 1.9835759209427315
2024-06-19 02:34:28 - INFO - Epoch 148/1000, Loss: 1.3502469134592296
2024-06-19 02:34:44 - INFO - Epoch 149/1000, Loss: 1.5456471710708668
2024-06-19 02:35:01 - INFO - Epoch 150/1000, Loss: 1.8579426647224493
2024-06-19 02:35:17 - INFO - Epoch 151/1000, Loss: 1.4092820577972112
2024-06-19 02:35:33 - INFO - Epoch 152/1000, Loss: 1.4166923029310938
2024-06-19 02:35:50 - INFO - Epoch 153/1000, Loss: 1.3829594666071363
2024-06-19 02:36:06 - INFO - Epoch 154/1000, Loss: 1.509356290399848
2024-06-19 02:36:22 - INFO - Epoch 155/1000, Loss: 1.367114290113657
2024-06-19 02:36:38 - INFO - Epoch 156/1000, Loss: 1.3744533998206065
2024-06-19 02:36:54 - INFO - Epoch 157/1000, Loss: 1.3364706159674218
2024-06-19 02:37:11 - INFO - Epoch 158/1000, Loss: 1.3283904375975886
2024-06-19 02:37:27 - INFO - Epoch 159/1000, Loss: 1.3521200593742584
2024-06-19 02:37:43 - INFO - Epoch 160/1000, Loss: 1.3411130632742654
2024-06-19 02:37:59 - INFO - Epoch 161/1000, Loss: 1.3990970273865253
2024-06-19 02:38:15 - INFO - Epoch 162/1000, Loss: 1.3341082802104445
2024-06-19 02:38:31 - INFO - Epoch 163/1000, Loss: 1.3002629479492847
2024-06-19 02:38:48 - INFO - Epoch 164/1000, Loss: 6.236605593512393
2024-06-19 02:39:04 - INFO - Epoch 165/1000, Loss: 1.4303037930813836
2024-06-19 02:39:20 - INFO - Epoch 166/1000, Loss: 1.3328317657458713
2024-06-19 02:39:36 - INFO - Epoch 167/1000, Loss: 1.428219455137294
2024-06-19 02:39:53 - INFO - Epoch 168/1000, Loss: 1.316379165465721
2024-06-19 02:40:09 - INFO - Epoch 169/1000, Loss: 1.487233518939404
2024-06-19 02:40:25 - INFO - Epoch 170/1000, Loss: 1.519253474368392
2024-06-19 02:40:42 - INFO - Epoch 171/1000, Loss: 1.3366973757472314
2024-06-19 02:40:58 - INFO - Epoch 172/1000, Loss: 1.34454801027143
2024-06-19 02:41:14 - INFO - Epoch 173/1000, Loss: 1.3792096198322727
2024-06-19 02:41:31 - INFO - Epoch 174/1000, Loss: 1.3711259125532789
2024-06-19 02:41:47 - INFO - Epoch 175/1000, Loss: 1.4559736542415127
2024-06-19 02:42:03 - INFO - Epoch 176/1000, Loss: 1.610287833724919
2024-06-19 02:42:19 - INFO - Epoch 177/1000, Loss: 1.382762184243204
2024-06-19 02:42:36 - INFO - Epoch 178/1000, Loss: 1.3542136359385453
2024-06-19 02:42:52 - INFO - Epoch 179/1000, Loss: 1.3143777318542287
2024-06-19 02:43:08 - INFO - Epoch 180/1000, Loss: 1.3550922067041362
2024-06-19 02:43:24 - INFO - Epoch 181/1000, Loss: 1.479739877677114
2024-06-19 02:43:41 - INFO - Epoch 182/1000, Loss: 1.637126908443942
2024-06-19 02:43:57 - INFO - Epoch 183/1000, Loss: 1.4235712783647947
2024-06-19 02:44:13 - INFO - Epoch 184/1000, Loss: 1.3359951485108228
2024-06-19 02:44:29 - INFO - Epoch 185/1000, Loss: 1.3084138699701207
2024-06-19 02:44:46 - INFO - Epoch 186/1000, Loss: 1.5017726510404372
2024-06-19 02:45:02 - INFO - Epoch 187/1000, Loss: 1.6599105853296992
2024-06-19 02:45:18 - INFO - Epoch 188/1000, Loss: 1.3814214882045834
2024-06-19 02:45:35 - INFO - Epoch 189/1000, Loss: 1.5632517141361137
2024-06-19 02:45:51 - INFO - Epoch 190/1000, Loss: 1.976780229369971
2024-06-19 02:46:07 - INFO - Epoch 191/1000, Loss: 1.5311323869002833
2024-06-19 02:46:23 - INFO - Epoch 192/1000, Loss: 1.3726306852617007
2024-06-19 02:46:39 - INFO - Epoch 193/1000, Loss: 1.4017789754728247
2024-06-19 02:46:56 - INFO - Epoch 194/1000, Loss: 1.3484395878177438
2024-06-19 02:47:12 - INFO - Epoch 195/1000, Loss: 1.3853827202629856
2024-06-19 02:47:28 - INFO - Epoch 196/1000, Loss: 1.3620391833213108
2024-06-19 02:47:44 - INFO - Epoch 197/1000, Loss: 1.3228344441191653
2024-06-19 02:48:00 - INFO - Epoch 198/1000, Loss: 1.4383007128889334
2024-06-19 02:48:16 - INFO - Epoch 199/1000, Loss: 1.349585889185156
2024-06-19 02:48:33 - INFO - Epoch 200/1000, Loss: 1.5123016559522986
2024-06-19 02:48:49 - INFO - Epoch 201/1000, Loss: 1.3482553017376047
2024-06-19 02:49:05 - INFO - Epoch 202/1000, Loss: 1.6711048689069417
2024-06-19 02:49:21 - INFO - Epoch 203/1000, Loss: 1.7449952774118669
2024-06-19 02:49:38 - INFO - Epoch 204/1000, Loss: 1.8317044552181665
2024-06-19 02:49:54 - INFO - Epoch 205/1000, Loss: 1.4075403753386677
2024-06-19 02:50:11 - INFO - Epoch 206/1000, Loss: 1.3524607938851947
2024-06-19 02:50:27 - INFO - Epoch 207/1000, Loss: 1.3456143311186826
2024-06-19 02:50:43 - INFO - Epoch 208/1000, Loss: 1.3961413197452452
2024-06-19 02:50:59 - INFO - Epoch 209/1000, Loss: 1.3176107651761888
2024-06-19 02:51:16 - INFO - Epoch 210/1000, Loss: 1.389319912260648
2024-06-19 02:51:32 - INFO - Epoch 211/1000, Loss: 1.3108073349129354
2024-06-19 02:51:48 - INFO - Epoch 212/1000, Loss: 1.2943175127331927
2024-06-19 02:52:04 - INFO - Epoch 213/1000, Loss: 2.50709516798852
2024-06-19 02:52:21 - INFO - Epoch 214/1000, Loss: 1.3818466096599746
2024-06-19 02:52:37 - INFO - Epoch 215/1000, Loss: 1.352263367154445
2024-06-19 02:52:53 - INFO - Epoch 216/1000, Loss: 1.5896391022245804
2024-06-19 02:53:10 - INFO - Epoch 217/1000, Loss: 1.3491937521749342
2024-06-19 02:53:26 - INFO - Epoch 218/1000, Loss: 1.3739635081701917
2024-06-19 02:53:42 - INFO - Epoch 219/1000, Loss: 1.4194108279563833
2024-06-19 02:53:59 - INFO - Epoch 220/1000, Loss: 2.9056649886984953
2024-06-19 02:54:15 - INFO - Epoch 221/1000, Loss: 1.3763323552739064
2024-06-19 02:54:31 - INFO - Epoch 222/1000, Loss: 1.7185895271405003
2024-06-19 02:54:47 - INFO - Epoch 223/1000, Loss: 1.585424904432533
2024-06-19 02:55:04 - INFO - Epoch 224/1000, Loss: 1.3191270968551965
2024-06-19 02:55:20 - INFO - Epoch 225/1000, Loss: 1.3297247850057643
2024-06-19 02:55:36 - INFO - Epoch 226/1000, Loss: 1.3590404172491806
2024-06-19 02:55:52 - INFO - Epoch 227/1000, Loss: 1.5704209318316389
2024-06-19 02:56:09 - INFO - Epoch 228/1000, Loss: 1.4010424811388
2024-06-19 02:56:25 - INFO - Epoch 229/1000, Loss: 1.342246743861709
2024-06-19 02:56:41 - INFO - Epoch 230/1000, Loss: 1.349562041719483
2024-06-19 02:56:58 - INFO - Epoch 231/1000, Loss: 1.4231014338097345
2024-06-19 02:57:14 - INFO - Epoch 232/1000, Loss: 1.3668480885276533
2024-06-19 02:57:30 - INFO - Epoch 233/1000, Loss: 1.3810148710870778
2024-06-19 02:57:47 - INFO - Epoch 234/1000, Loss: 1.32427746632971
2024-06-19 02:58:03 - INFO - Epoch 235/1000, Loss: 1.320847545844078
2024-06-19 02:58:19 - INFO - Epoch 236/1000, Loss: 1.3485374433948967
2024-06-19 02:58:36 - INFO - Epoch 237/1000, Loss: 1.3796739920697407
2024-06-19 02:58:52 - INFO - Epoch 238/1000, Loss: 1.4785935841876527
2024-06-19 02:59:08 - INFO - Epoch 239/1000, Loss: 1.3508393164965329
2024-06-19 02:59:24 - INFO - Epoch 240/1000, Loss: 3.4815002453242396
2024-06-19 02:59:41 - INFO - Epoch 241/1000, Loss: 1.3319230639041841
2024-06-19 02:59:57 - INFO - Epoch 242/1000, Loss: 1.3739599213575555
2024-06-19 03:00:13 - INFO - Epoch 243/1000, Loss: 1.4967161433402671
2024-06-19 03:00:29 - INFO - Epoch 244/1000, Loss: 1.3253179734589824
2024-06-19 03:00:46 - INFO - Epoch 245/1000, Loss: 1.3860412633181316
2024-06-19 03:01:02 - INFO - Epoch 246/1000, Loss: 1.4161431582598087
2024-06-19 03:01:18 - INFO - Epoch 247/1000, Loss: 1.4270472736578188
2024-06-19 03:01:35 - INFO - Epoch 248/1000, Loss: 1.3676969044674852
2024-06-19 03:01:51 - INFO - Epoch 249/1000, Loss: 1.3804777051221597
2024-06-19 03:02:07 - INFO - Epoch 250/1000, Loss: 1.3404329051168173
2024-06-19 03:02:23 - INFO - Epoch 251/1000, Loss: 1.4764994817238242
2024-06-19 03:02:40 - INFO - Epoch 252/1000, Loss: 1.655878794263642
2024-06-19 03:02:56 - INFO - Epoch 253/1000, Loss: 1.5582581141811476
2024-06-19 03:03:12 - INFO - Epoch 254/1000, Loss: 1.4277805281181437
2024-06-19 03:03:28 - INFO - Epoch 255/1000, Loss: 1.3938510672185442
2024-06-19 03:03:45 - INFO - Epoch 256/1000, Loss: 1.4098850027989438
2024-06-19 03:04:01 - INFO - Epoch 257/1000, Loss: 1.4538263377465945
2024-06-19 03:04:17 - INFO - Epoch 258/1000, Loss: 1.7209038053996082
2024-06-19 03:04:33 - INFO - Epoch 259/1000, Loss: 1.3552688241741933
2024-06-19 03:04:50 - INFO - Epoch 260/1000, Loss: 1.3572636685411075
2024-06-19 03:05:06 - INFO - Epoch 261/1000, Loss: 1.5829720954784638
2024-06-19 03:05:22 - INFO - Epoch 262/1000, Loss: 1.566259402452539
2024-06-19 03:05:39 - INFO - Epoch 263/1000, Loss: 1.3599816372411406
2024-06-19 03:05:55 - INFO - Epoch 264/1000, Loss: 1.8659453913877684
2024-06-19 03:06:11 - INFO - Epoch 265/1000, Loss: 1.3802818201528357
2024-06-19 03:06:28 - INFO - Epoch 266/1000, Loss: 1.6848970203836753
2024-06-19 03:06:44 - INFO - Epoch 267/1000, Loss: 1.3474564617389317
2024-06-19 03:07:00 - INFO - Epoch 268/1000, Loss: 1.36526877205835
2024-06-19 03:07:16 - INFO - Epoch 269/1000, Loss: 1.4090334892948984
2024-06-19 03:07:33 - INFO - Epoch 270/1000, Loss: 1.499015727308246
2024-06-19 03:07:49 - INFO - Epoch 271/1000, Loss: 1.9370798094027801
2024-06-19 03:08:05 - INFO - Epoch 272/1000, Loss: 1.3753623544701594
2024-06-19 03:08:21 - INFO - Epoch 273/1000, Loss: 1.3248274727013523
2024-06-19 03:08:38 - INFO - Epoch 274/1000, Loss: 1.6610822030698753
2024-06-19 03:08:54 - INFO - Epoch 275/1000, Loss: 1.368341401168804
2024-06-19 03:09:10 - INFO - Epoch 276/1000, Loss: 1.3572225878717776
2024-06-19 03:09:26 - INFO - Epoch 277/1000, Loss: 1.3286925336392872
2024-06-19 03:09:42 - INFO - Epoch 278/1000, Loss: 1.3403938378836882
2024-06-19 03:09:58 - INFO - Epoch 279/1000, Loss: 2.4671827711084258
2024-06-19 03:10:15 - INFO - Epoch 280/1000, Loss: 1.3257354420664276
2024-06-19 03:10:31 - INFO - Epoch 281/1000, Loss: 1.3649342354053358
2024-06-19 03:10:47 - INFO - Epoch 282/1000, Loss: 1.3494121583220804
2024-06-19 03:11:03 - INFO - Epoch 283/1000, Loss: 1.3281757447452818
2024-06-19 03:11:20 - INFO - Epoch 284/1000, Loss: 1.4126105817428876
2024-06-19 03:11:36 - INFO - Epoch 285/1000, Loss: 1.7410901728209682
2024-06-19 03:11:52 - INFO - Epoch 286/1000, Loss: 1.3991377924114003
2024-06-19 03:12:08 - INFO - Epoch 287/1000, Loss: 1.4005666076707546
2024-06-19 03:12:25 - INFO - Epoch 288/1000, Loss: 1.344803017319393
2024-06-19 03:12:41 - INFO - Epoch 289/1000, Loss: 1.32572470598239
2024-06-19 03:12:57 - INFO - Epoch 290/1000, Loss: 1.3403716812693236
2024-06-19 03:13:13 - INFO - Epoch 291/1000, Loss: 1.3426720618603203
2024-06-19 03:13:30 - INFO - Epoch 292/1000, Loss: 1.4652643972087516
2024-06-19 03:13:46 - INFO - Epoch 293/1000, Loss: 1.3307154236359393
2024-06-19 03:14:02 - INFO - Epoch 294/1000, Loss: 1.37988061135336
2024-06-19 03:14:18 - INFO - Epoch 295/1000, Loss: 1.323402451603326
2024-06-19 03:14:35 - INFO - Epoch 296/1000, Loss: 1.3013057549595028
2024-06-19 03:14:51 - INFO - Epoch 297/1000, Loss: 3.349411886450869
2024-06-19 03:15:07 - INFO - Epoch 298/1000, Loss: 1.8520522874108596
2024-06-19 03:15:23 - INFO - Epoch 299/1000, Loss: 1.3275739674271607
2024-06-19 03:15:40 - INFO - Epoch 300/1000, Loss: 1.3276643755036224
2024-06-19 03:15:56 - INFO - Epoch 301/1000, Loss: 1.34663511997696
2024-06-19 03:16:12 - INFO - Epoch 302/1000, Loss: 1.3226406284884273
2024-06-19 03:16:29 - INFO - Epoch 303/1000, Loss: 1.3190165657669752
2024-06-19 03:16:45 - INFO - Epoch 304/1000, Loss: 1.3774400856495679
2024-06-19 03:17:01 - INFO - Epoch 305/1000, Loss: 1.5175324765141858
2024-06-19 03:17:18 - INFO - Epoch 306/1000, Loss: 1.3451987239186927
2024-06-19 03:17:34 - INFO - Epoch 307/1000, Loss: 1.3294606037797752
2024-06-19 03:17:50 - INFO - Epoch 308/1000, Loss: 1.622211417920009
2024-06-19 03:18:06 - INFO - Epoch 309/1000, Loss: 1.3755909820007035
2024-06-19 03:18:23 - INFO - Epoch 310/1000, Loss: 1.3957165340241742
2024-06-19 03:18:39 - INFO - Epoch 311/1000, Loss: 1.9332775568710523
2024-06-19 03:18:55 - INFO - Epoch 312/1000, Loss: 1.3544893879560294
2024-06-19 03:19:11 - INFO - Epoch 313/1000, Loss: 4.210722729157123
2024-06-19 03:19:28 - INFO - Epoch 314/1000, Loss: 1.3112221881248531
2024-06-19 03:19:44 - INFO - Epoch 315/1000, Loss: 1.3138310285920196
2024-06-19 03:20:00 - INFO - Epoch 316/1000, Loss: 1.3314938188369418
2024-06-19 03:20:16 - INFO - Epoch 317/1000, Loss: 1.3149777859351028
2024-06-19 03:20:33 - INFO - Epoch 318/1000, Loss: 1.356542484635218
2024-06-19 03:20:49 - INFO - Epoch 319/1000, Loss: 1.453312760587905
2024-06-19 03:21:05 - INFO - Epoch 320/1000, Loss: 1.379819897950812
2024-06-19 03:21:22 - INFO - Epoch 321/1000, Loss: 1.3473482299470527
2024-06-19 03:21:38 - INFO - Epoch 322/1000, Loss: 1.359804236620619
2024-06-19 03:21:54 - INFO - Epoch 323/1000, Loss: 1.3724714365153112
2024-06-19 03:22:11 - INFO - Epoch 324/1000, Loss: 1.4273965190722897
2024-06-19 03:22:27 - INFO - Epoch 325/1000, Loss: 1.4693846743802714
2024-06-19 03:22:43 - INFO - Epoch 326/1000, Loss: 1.4237955288813213
2024-06-19 03:22:59 - INFO - Epoch 327/1000, Loss: 1.3792542434329407
2024-06-19 03:23:16 - INFO - Epoch 328/1000, Loss: 1.433985978895521
2024-06-19 03:23:32 - INFO - Epoch 329/1000, Loss: 2.035969053247686
2024-06-19 03:23:48 - INFO - Epoch 330/1000, Loss: 4.537098615964032
2024-06-19 03:24:04 - INFO - Epoch 331/1000, Loss: 1.3705665030439755
2024-06-19 03:24:21 - INFO - Epoch 332/1000, Loss: 2.052958135247336
2024-06-19 03:24:37 - INFO - Epoch 333/1000, Loss: 1.3485113987030302
2024-06-19 03:24:53 - INFO - Epoch 334/1000, Loss: 1.379764011413467
2024-06-19 03:25:09 - INFO - Epoch 335/1000, Loss: 1.3199044337405856
2024-06-19 03:25:26 - INFO - Epoch 336/1000, Loss: 1.399610230653726
2024-06-19 03:25:42 - INFO - Epoch 337/1000, Loss: 1.316651544605057
2024-06-19 03:25:59 - INFO - Epoch 338/1000, Loss: 1.402432118372921
2024-06-19 03:26:15 - INFO - Epoch 339/1000, Loss: 1.4195250563279513
2024-06-19 03:26:31 - INFO - Epoch 340/1000, Loss: 1.3301812857424082
2024-06-19 03:26:47 - INFO - Epoch 341/1000, Loss: 1.4934950481314253
2024-06-19 03:27:04 - INFO - Epoch 342/1000, Loss: 1.3502902440965379
2024-06-19 03:27:20 - INFO - Epoch 343/1000, Loss: 1.443361652577344
2024-06-19 03:27:36 - INFO - Epoch 344/1000, Loss: 1.3581572953657155
2024-06-19 03:27:53 - INFO - Epoch 345/1000, Loss: 1.3512603054899763
2024-06-19 03:28:09 - INFO - Epoch 346/1000, Loss: 1.4522881410284887
2024-06-19 03:28:25 - INFO - Epoch 347/1000, Loss: 1.7971015502700234
2024-06-19 03:28:42 - INFO - Epoch 348/1000, Loss: 1.3144962008165768
2024-06-19 03:28:58 - INFO - Epoch 349/1000, Loss: 1.361166651623771
2024-06-19 03:29:14 - INFO - Epoch 350/1000, Loss: 1.3072310084419403
2024-06-19 03:29:30 - INFO - Epoch 351/1000, Loss: 1.4251692712830626
2024-06-19 03:29:47 - INFO - Epoch 352/1000, Loss: 1.3661729989898304
2024-06-19 03:30:03 - INFO - Epoch 353/1000, Loss: 1.5247467407947282
2024-06-19 03:30:19 - INFO - Epoch 354/1000, Loss: 1.3699749194167679
2024-06-19 03:30:35 - INFO - Epoch 355/1000, Loss: 1.6295749826843102
2024-06-19 03:30:52 - INFO - Epoch 356/1000, Loss: 1.4271533073507547
2024-06-19 03:31:08 - INFO - Epoch 357/1000, Loss: 1.538232052547299
2024-06-19 03:31:24 - INFO - Epoch 358/1000, Loss: 1.6029994423262097
2024-06-19 03:31:40 - INFO - Epoch 359/1000, Loss: 1.701497252669144
2024-06-19 03:31:57 - INFO - Epoch 360/1000, Loss: 1.3984610128001245
2024-06-19 03:32:13 - INFO - Epoch 361/1000, Loss: 1.3177528226735902
2024-06-19 03:32:29 - INFO - Epoch 362/1000, Loss: 1.348973074692682
2024-06-19 03:32:46 - INFO - Epoch 363/1000, Loss: 1.6285647655560738
2024-06-19 03:33:02 - INFO - Epoch 364/1000, Loss: 1.407908714239287
2024-06-19 03:33:18 - INFO - Epoch 365/1000, Loss: 1.4570010795490416
2024-06-19 03:33:35 - INFO - Epoch 366/1000, Loss: 1.3262321226922549
2024-06-19 03:33:51 - INFO - Epoch 367/1000, Loss: 1.359022812664229
2024-06-19 03:34:07 - INFO - Epoch 368/1000, Loss: 1.3799185145545725
2024-06-19 03:34:23 - INFO - Epoch 369/1000, Loss: 1.3292610684748014
2024-06-19 03:34:40 - INFO - Epoch 370/1000, Loss: 1.3691024864785128
2024-06-19 03:34:56 - INFO - Epoch 371/1000, Loss: 1.3745222016646041
2024-06-19 03:35:12 - INFO - Epoch 372/1000, Loss: 1.3200345294265985
2024-06-19 03:35:28 - INFO - Epoch 373/1000, Loss: 1.356044638984202
2024-06-19 03:35:45 - INFO - Epoch 374/1000, Loss: 1.6113081371823552
2024-06-19 03:36:01 - INFO - Epoch 375/1000, Loss: 1.347436630426078
2024-06-19 03:36:17 - INFO - Epoch 376/1000, Loss: 1.3156613119032095
2024-06-19 03:36:33 - INFO - Epoch 377/1000, Loss: 1.8667441337936366
2024-06-19 03:36:50 - INFO - Epoch 378/1000, Loss: 1.3822351508530004
2024-06-19 03:37:06 - INFO - Epoch 379/1000, Loss: 1.5458977074934084
2024-06-19 03:37:22 - INFO - Epoch 380/1000, Loss: 1.5011451554692938
2024-06-19 03:37:39 - INFO - Epoch 381/1000, Loss: 1.3583025069204173
2024-06-19 03:37:55 - INFO - Epoch 382/1000, Loss: 1.3713848314119927
2024-06-19 03:38:11 - INFO - Epoch 383/1000, Loss: 1.3252176817217194
2024-06-19 03:38:27 - INFO - Epoch 384/1000, Loss: 1.7527468726153221
2024-06-19 03:38:44 - INFO - Epoch 385/1000, Loss: 1.391661594922321
2024-06-19 03:39:00 - INFO - Epoch 386/1000, Loss: 1.3403541003345019
2024-06-19 03:39:16 - INFO - Epoch 387/1000, Loss: 1.6011118046139006
2024-06-19 03:39:33 - INFO - Epoch 388/1000, Loss: 1.3769908232740549
2024-06-19 03:39:49 - INFO - Epoch 389/1000, Loss: 1.3629771748253177
2024-06-19 03:40:05 - INFO - Epoch 390/1000, Loss: 1.3211500843476813
2024-06-19 03:40:21 - INFO - Epoch 391/1000, Loss: 1.4233950074345298
2024-06-19 03:40:38 - INFO - Epoch 392/1000, Loss: 1.4388038757117463
2024-06-19 03:40:54 - INFO - Epoch 393/1000, Loss: 1.4200677722339234
2024-06-19 03:41:10 - INFO - Epoch 394/1000, Loss: 1.4134659115719461
2024-06-19 03:41:26 - INFO - Epoch 395/1000, Loss: 1.3261676560949704
2024-06-19 03:41:43 - INFO - Epoch 396/1000, Loss: 1.459827747060371
2024-06-19 03:41:59 - INFO - Epoch 397/1000, Loss: 1.4820823985285847
2024-06-19 03:42:15 - INFO - Epoch 398/1000, Loss: 1.4304116686556465
2024-06-19 03:42:32 - INFO - Epoch 399/1000, Loss: 1.3919663488939706
2024-06-19 03:42:48 - INFO - Epoch 400/1000, Loss: 1.3409395501719235
2024-06-19 03:43:04 - INFO - Epoch 401/1000, Loss: 1.3190593706349618
2024-06-19 03:43:21 - INFO - Epoch 402/1000, Loss: 1.362610136723411
2024-06-19 03:43:37 - INFO - Epoch 403/1000, Loss: 1.6756168633986177
2024-06-19 03:43:53 - INFO - Epoch 404/1000, Loss: 1.374898945504483
2024-06-19 03:44:09 - INFO - Epoch 405/1000, Loss: 1.4992323718185467
2024-06-19 03:44:26 - INFO - Epoch 406/1000, Loss: 1.3903323204905917
2024-06-19 03:44:42 - INFO - Epoch 407/1000, Loss: 1.3277252556051617
2024-06-19 03:44:58 - INFO - Epoch 408/1000, Loss: 1.5105787207379544
2024-06-19 03:45:14 - INFO - Epoch 409/1000, Loss: 1.332889831897876
2024-06-19 03:45:31 - INFO - Epoch 410/1000, Loss: 1.3259875060502042
2024-06-19 03:45:47 - INFO - Epoch 411/1000, Loss: 1.4503517069477685
2024-06-19 03:46:03 - INFO - Epoch 412/1000, Loss: 1.6363841022445706
2024-06-19 03:46:20 - INFO - Epoch 413/1000, Loss: 1.470580577584361
2024-06-19 03:46:36 - INFO - Epoch 414/1000, Loss: 1.3557992047946146
2024-06-19 03:46:52 - INFO - Epoch 415/1000, Loss: 1.34390568744852
2024-06-19 03:47:09 - INFO - Epoch 416/1000, Loss: 1.3874424834112429
2024-06-19 03:47:25 - INFO - Epoch 417/1000, Loss: 1.3400788824023968
2024-06-19 03:47:41 - INFO - Epoch 418/1000, Loss: 1.3429355565038612
2024-06-19 03:47:57 - INFO - Epoch 419/1000, Loss: 1.3542667357253213
2024-06-19 03:48:14 - INFO - Epoch 420/1000, Loss: 1.5225082424424745
2024-06-19 03:48:30 - INFO - Epoch 421/1000, Loss: 1.394374132028923
2024-06-19 03:48:46 - INFO - Epoch 422/1000, Loss: 1.4024583178864183
2024-06-19 03:49:02 - INFO - Epoch 423/1000, Loss: 1.3859193562763104
2024-06-19 03:49:19 - INFO - Epoch 424/1000, Loss: 1.3218629030050253
2024-06-19 03:49:35 - INFO - Epoch 425/1000, Loss: 1.3887790503741497
2024-06-19 03:49:51 - INFO - Epoch 426/1000, Loss: 1.3185526637337683
2024-06-19 03:50:07 - INFO - Epoch 427/1000, Loss: 1.3800216742940115
2024-06-19 03:50:24 - INFO - Epoch 428/1000, Loss: 1.412866687013288
2024-06-19 03:50:40 - INFO - Epoch 429/1000, Loss: 1.3233915491870594
2024-06-19 03:50:56 - INFO - Epoch 430/1000, Loss: 1.8947271472854839
2024-06-19 03:51:13 - INFO - Epoch 431/1000, Loss: 1.321542304967319
2024-06-19 03:51:29 - INFO - Epoch 432/1000, Loss: 1.412819139205367
2024-06-19 03:51:45 - INFO - Epoch 433/1000, Loss: 1.341435110102183
2024-06-19 03:52:02 - INFO - Epoch 434/1000, Loss: 2.072314923241709
2024-06-19 03:52:18 - INFO - Epoch 435/1000, Loss: 1.3790095864144438
2024-06-19 03:52:34 - INFO - Epoch 436/1000, Loss: 1.372029397908001
2024-06-19 03:52:50 - INFO - Epoch 437/1000, Loss: 1.3451868515325403
2024-06-19 03:53:07 - INFO - Epoch 438/1000, Loss: 1.372024821970789
2024-06-19 03:53:23 - INFO - Epoch 439/1000, Loss: 1.3598899299428036
2024-06-19 03:53:39 - INFO - Epoch 440/1000, Loss: 1.3459223529531474
2024-06-19 03:53:55 - INFO - Epoch 441/1000, Loss: 1.2983658735441683
2024-06-19 03:54:12 - INFO - Epoch 442/1000, Loss: 1.3897136162997832
2024-06-19 03:54:28 - INFO - Epoch 443/1000, Loss: 1.3763514221703685
2024-06-19 03:54:44 - INFO - Epoch 444/1000, Loss: 1.3952189626063352
2024-06-19 03:55:00 - INFO - Epoch 445/1000, Loss: 1.356800054781264
2024-06-19 03:55:17 - INFO - Epoch 446/1000, Loss: 1.362321810515551
2024-06-19 03:55:33 - INFO - Epoch 447/1000, Loss: 1.3398545469493208
2024-06-19 03:55:49 - INFO - Epoch 448/1000, Loss: 1.344716549515364
2024-06-19 03:56:06 - INFO - Epoch 449/1000, Loss: 1.7166253245716918
2024-06-19 03:56:22 - INFO - Epoch 450/1000, Loss: 1.3171566787061069
2024-06-19 03:56:38 - INFO - Epoch 451/1000, Loss: 1.3429525348369156
2024-06-19 03:56:55 - INFO - Epoch 452/1000, Loss: 1.3300964530583888
2024-06-19 03:57:11 - INFO - Epoch 453/1000, Loss: 1.3515615153266205
2024-06-19 03:57:27 - INFO - Epoch 454/1000, Loss: 1.3726259062536557
2024-06-19 03:57:43 - INFO - Epoch 455/1000, Loss: 1.3687724673265371
2024-06-19 03:58:00 - INFO - Epoch 456/1000, Loss: 1.7441761210292046
2024-06-19 03:58:16 - INFO - Epoch 457/1000, Loss: 1.4257368350031208
2024-06-19 03:58:32 - INFO - Epoch 458/1000, Loss: 1.3589604554682027
2024-06-19 03:58:49 - INFO - Epoch 459/1000, Loss: 1.4486428366065143
2024-06-19 03:59:05 - INFO - Epoch 460/1000, Loss: 1.398896773667292
2024-06-19 03:59:21 - INFO - Epoch 461/1000, Loss: 1.3655379037779922
2024-06-19 03:59:38 - INFO - Epoch 462/1000, Loss: 1.3586233515777786
2024-06-19 03:59:54 - INFO - Epoch 463/1000, Loss: 1.3700845928497574
2024-06-19 04:00:10 - INFO - Epoch 464/1000, Loss: 1.6025108773965568
2024-06-19 04:00:26 - INFO - Epoch 465/1000, Loss: 1.3459322473678175
2024-06-19 04:00:43 - INFO - Epoch 466/1000, Loss: 2.043713140601544
2024-06-19 04:00:59 - INFO - Epoch 467/1000, Loss: 1.7534117817585035
2024-06-19 04:01:15 - INFO - Epoch 468/1000, Loss: 1.5134578686248572
2024-06-19 04:01:31 - INFO - Epoch 469/1000, Loss: 1.4649769740141692
2024-06-19 04:01:48 - INFO - Epoch 470/1000, Loss: 1.4078883670261093
2024-06-19 04:02:04 - INFO - Epoch 471/1000, Loss: 1.333909643289582
2024-06-19 04:02:21 - INFO - Epoch 472/1000, Loss: 1.4360648896501014
2024-06-19 04:02:37 - INFO - Epoch 473/1000, Loss: 1.4118969291564614
2024-06-19 04:02:53 - INFO - Epoch 474/1000, Loss: 1.3325165874903844
2024-06-19 04:03:09 - INFO - Epoch 475/1000, Loss: 1.3103929879148597
2024-06-19 04:03:26 - INFO - Epoch 476/1000, Loss: 1.3287469785161272
2024-06-19 04:03:42 - INFO - Epoch 477/1000, Loss: 1.337945814057994
2024-06-19 04:03:58 - INFO - Epoch 478/1000, Loss: 1.3325993018530904
2024-06-19 04:04:14 - INFO - Epoch 479/1000, Loss: 1.3672430947009464
2024-06-19 04:04:31 - INFO - Epoch 480/1000, Loss: 1.3904883489999758
2024-06-19 04:04:47 - INFO - Epoch 481/1000, Loss: 1.3616110075006116
2024-06-19 04:05:03 - INFO - Epoch 482/1000, Loss: 1.418741856332615
2024-06-19 04:05:20 - INFO - Epoch 483/1000, Loss: 1.3513505949621858
2024-06-19 04:05:36 - INFO - Epoch 484/1000, Loss: 1.3362777406343804
2024-06-19 04:05:52 - INFO - Epoch 485/1000, Loss: 1.3760898417023022
2024-06-19 04:06:08 - INFO - Epoch 486/1000, Loss: 1.4371977829009992
2024-06-19 04:06:25 - INFO - Epoch 487/1000, Loss: 1.538979988353486
2024-06-19 04:06:41 - INFO - Epoch 488/1000, Loss: 1.3231671993793295
2024-06-19 04:06:57 - INFO - Epoch 489/1000, Loss: 1.3595593216661594
2024-06-19 04:07:14 - INFO - Epoch 490/1000, Loss: 1.3839511240139026
2024-06-19 04:07:30 - INFO - Epoch 491/1000, Loss: 1.378112367361996
2024-06-19 04:07:46 - INFO - Epoch 492/1000, Loss: 1.3521885520792494
2024-06-19 04:08:02 - INFO - Epoch 493/1000, Loss: 1.3392220865769715
2024-06-19 04:08:19 - INFO - Epoch 494/1000, Loss: 1.3437626082456213
2024-06-19 04:08:35 - INFO - Epoch 495/1000, Loss: 1.5006824786962394
2024-06-19 04:08:51 - INFO - Epoch 496/1000, Loss: 1.3782107884019554
2024-06-19 04:09:07 - INFO - Epoch 497/1000, Loss: 1.3528454909291177
2024-06-19 04:09:24 - INFO - Epoch 498/1000, Loss: 1.3323557964014285
2024-06-19 04:09:40 - INFO - Epoch 499/1000, Loss: 1.3315918719325777
2024-06-19 04:09:56 - INFO - Epoch 500/1000, Loss: 1.3032976469335067
2024-06-19 04:10:13 - INFO - Epoch 501/1000, Loss: 1.3347791224177474
2024-06-19 04:10:29 - INFO - Epoch 502/1000, Loss: 1.3693508525465021
2024-06-19 04:10:45 - INFO - Epoch 503/1000, Loss: 1.334548483272954
2024-06-19 04:11:00 - INFO - Epoch 504/1000, Loss: 1.3439558406911933
2024-06-19 04:11:11 - INFO - Epoch 505/1000, Loss: 1.3471360865405306
2024-06-19 04:11:21 - INFO - Epoch 506/1000, Loss: 1.331669274729864
2024-06-19 04:11:31 - INFO - Epoch 507/1000, Loss: 1.3281365897980426
2024-06-19 04:11:41 - INFO - Epoch 508/1000, Loss: 1.3376755961224562
2024-06-19 04:11:50 - INFO - Epoch 509/1000, Loss: 1.3400216836319339
2024-06-19 04:12:00 - INFO - Epoch 510/1000, Loss: 1.3692379114058528
2024-06-19 04:12:10 - INFO - Epoch 511/1000, Loss: 1.3347771488816171
2024-06-19 04:12:20 - INFO - Epoch 512/1000, Loss: 1.904202212683577
2024-06-19 04:12:29 - INFO - Epoch 513/1000, Loss: 1.5710880233947466
2024-06-19 04:12:39 - INFO - Epoch 514/1000, Loss: 1.3540377487493727
2024-06-19 04:12:49 - INFO - Epoch 515/1000, Loss: 1.3323727871510782
2024-06-19 04:12:59 - INFO - Epoch 516/1000, Loss: 1.3710258432064784
2024-06-19 04:13:09 - INFO - Epoch 517/1000, Loss: 1.324231375429092
2024-06-19 04:13:19 - INFO - Epoch 518/1000, Loss: 1.4372984603021743
2024-06-19 04:13:28 - INFO - Epoch 519/1000, Loss: 1.351461912561304
2024-06-19 04:13:38 - INFO - Epoch 520/1000, Loss: 1.3830793439325126
2024-06-19 04:13:48 - INFO - Epoch 521/1000, Loss: 1.6234432128784253
2024-06-19 04:13:58 - INFO - Epoch 522/1000, Loss: 1.3518689282961271
2024-06-19 04:14:07 - INFO - Epoch 523/1000, Loss: 1.3272212731734605
2024-06-19 04:14:17 - INFO - Epoch 524/1000, Loss: 1.3295580111958296
2024-06-19 04:14:27 - INFO - Epoch 525/1000, Loss: 1.3656706668307346
2024-06-19 04:14:37 - INFO - Epoch 526/1000, Loss: 1.5177293930659703
2024-06-19 04:14:47 - INFO - Epoch 527/1000, Loss: 1.3376301566754205
2024-06-19 04:14:56 - INFO - Epoch 528/1000, Loss: 1.3714003638814907
2024-06-19 04:15:06 - INFO - Epoch 529/1000, Loss: 1.3316510022116002
2024-06-19 04:15:16 - INFO - Epoch 530/1000, Loss: 1.4347577271188634
2024-06-19 04:15:26 - INFO - Epoch 531/1000, Loss: 1.711925673295291
2024-06-19 04:15:36 - INFO - Epoch 532/1000, Loss: 1.3705953862958775
2024-06-19 04:15:45 - INFO - Epoch 533/1000, Loss: 1.4387166588419358
2024-06-19 04:15:55 - INFO - Epoch 534/1000, Loss: 1.3066000520382302
2024-06-19 04:16:05 - INFO - Epoch 535/1000, Loss: 1.9145629441439453
2024-06-19 04:16:15 - INFO - Epoch 536/1000, Loss: 1.701333917387525
2024-06-19 04:16:25 - INFO - Epoch 537/1000, Loss: 1.3471741967690416
2024-06-19 04:16:34 - INFO - Epoch 538/1000, Loss: 1.3291201141374533
2024-06-19 04:16:44 - INFO - Epoch 539/1000, Loss: 1.3365869041500589
2024-06-19 04:16:54 - INFO - Epoch 540/1000, Loss: 1.318860838964373
2024-06-19 04:17:04 - INFO - Epoch 541/1000, Loss: 2.1408262026502247
2024-06-19 04:17:14 - INFO - Epoch 542/1000, Loss: 1.312966049207901
2024-06-19 04:17:23 - INFO - Epoch 543/1000, Loss: 1.411489220946225
2024-06-19 04:17:33 - INFO - Epoch 544/1000, Loss: 1.416365028164662
2024-06-19 04:17:43 - INFO - Epoch 545/1000, Loss: 1.3824829236595053
2024-06-19 04:17:53 - INFO - Epoch 546/1000, Loss: 1.327062868741701
2024-06-19 04:18:03 - INFO - Epoch 547/1000, Loss: 3.380075164172172
2024-06-19 04:18:12 - INFO - Epoch 548/1000, Loss: 1.4270503720617447
2024-06-19 04:18:22 - INFO - Epoch 549/1000, Loss: 1.4340029362770423
2024-06-19 04:18:32 - INFO - Epoch 550/1000, Loss: 1.482011032199802
2024-06-19 04:18:42 - INFO - Epoch 551/1000, Loss: 1.4352742869978208
2024-06-19 04:18:52 - INFO - Epoch 552/1000, Loss: 1.3475597100652301
2024-06-19 04:19:01 - INFO - Epoch 553/1000, Loss: 2.3794630387557167
2024-06-19 04:19:11 - INFO - Epoch 554/1000, Loss: 1.3462789347994883
2024-06-19 04:19:21 - INFO - Epoch 555/1000, Loss: 1.3362710609383062
2024-06-19 04:19:31 - INFO - Epoch 556/1000, Loss: 1.337157194935693
2024-06-19 04:19:40 - INFO - Epoch 557/1000, Loss: 1.4443230507613525
2024-06-19 04:19:50 - INFO - Epoch 558/1000, Loss: 1.3479485790283894
2024-06-19 04:20:00 - INFO - Epoch 559/1000, Loss: 1.7799996355002945
2024-06-19 04:20:10 - INFO - Epoch 560/1000, Loss: 1.590954389960808
2024-06-19 04:20:20 - INFO - Epoch 561/1000, Loss: 1.3648819918967865
2024-06-19 04:20:29 - INFO - Epoch 562/1000, Loss: 1.3297660627973764
2024-06-19 04:20:39 - INFO - Epoch 563/1000, Loss: 1.4226438876935663
2024-06-19 04:20:49 - INFO - Epoch 564/1000, Loss: 1.3537676571547357
2024-06-19 04:20:59 - INFO - Epoch 565/1000, Loss: 1.3698957760630028
2024-06-19 04:21:08 - INFO - Epoch 566/1000, Loss: 1.3545881508949693
2024-06-19 04:21:18 - INFO - Epoch 567/1000, Loss: 1.336184902980488
2024-06-19 04:21:28 - INFO - Epoch 568/1000, Loss: 1.4058342135246786
2024-06-19 04:21:38 - INFO - Epoch 569/1000, Loss: 1.3562798943079317
2024-06-19 04:21:48 - INFO - Epoch 570/1000, Loss: 1.3948967346989702
2024-06-19 04:21:57 - INFO - Epoch 571/1000, Loss: 1.4678826156655753
2024-06-19 04:22:07 - INFO - Epoch 572/1000, Loss: 1.4151107298692267
2024-06-19 04:22:17 - INFO - Epoch 573/1000, Loss: 1.7687937411970271
2024-06-19 04:22:27 - INFO - Epoch 574/1000, Loss: 1.3868213090244732
2024-06-19 04:22:36 - INFO - Epoch 575/1000, Loss: 1.6221321096636618
2024-06-19 04:22:46 - INFO - Epoch 576/1000, Loss: 1.4025110494982154
2024-06-19 04:22:56 - INFO - Epoch 577/1000, Loss: 1.3635660712813054
2024-06-19 04:23:06 - INFO - Epoch 578/1000, Loss: 2.3743726273812724
2024-06-19 04:23:15 - INFO - Epoch 579/1000, Loss: 1.3240442279104085
2024-06-19 04:23:25 - INFO - Epoch 580/1000, Loss: 1.3314252768451464
2024-06-19 04:23:35 - INFO - Epoch 581/1000, Loss: 1.3415963385583678
2024-06-19 04:23:45 - INFO - Epoch 582/1000, Loss: 1.3534612278885403
2024-06-19 04:23:54 - INFO - Epoch 583/1000, Loss: 1.3426635800304314
2024-06-19 04:24:04 - INFO - Epoch 584/1000, Loss: 1.4485652591263085
2024-06-19 04:24:14 - INFO - Epoch 585/1000, Loss: 1.4908815871797578
2024-06-19 04:24:24 - INFO - Epoch 586/1000, Loss: 1.3274798594175874
2024-06-19 04:24:34 - INFO - Epoch 587/1000, Loss: 1.3253795557128931
2024-06-19 04:24:43 - INFO - Epoch 588/1000, Loss: 1.4686587745938424
2024-06-19 04:24:53 - INFO - Epoch 589/1000, Loss: 1.3572654048806814
2024-06-19 04:25:03 - INFO - Epoch 590/1000, Loss: 1.3678336009062502
2024-06-19 04:25:13 - INFO - Epoch 591/1000, Loss: 1.3172474883319094
2024-06-19 04:25:22 - INFO - Epoch 592/1000, Loss: 1.675026861889195
2024-06-19 04:25:32 - INFO - Epoch 593/1000, Loss: 1.4704291869621753
2024-06-19 04:25:42 - INFO - Epoch 594/1000, Loss: 1.3877649773659468
2024-06-19 04:25:52 - INFO - Epoch 595/1000, Loss: 1.843417568478697
2024-06-19 04:26:02 - INFO - Epoch 596/1000, Loss: 1.3855101851546348
2024-06-19 04:26:11 - INFO - Epoch 597/1000, Loss: 1.3373161258820747
2024-06-19 04:26:21 - INFO - Epoch 598/1000, Loss: 1.3231440501667935
2024-06-19 04:26:31 - INFO - Epoch 599/1000, Loss: 3.0253050727782287
2024-06-19 04:26:41 - INFO - Epoch 600/1000, Loss: 1.343313593703301
2024-06-19 04:26:51 - INFO - Epoch 601/1000, Loss: 1.3348064568287348
2024-06-19 04:27:00 - INFO - Epoch 602/1000, Loss: 1.3719429011369957
2024-06-19 04:27:10 - INFO - Epoch 603/1000, Loss: 1.5124539236740238
2024-06-19 04:27:20 - INFO - Epoch 604/1000, Loss: 1.4093204597125064
2024-06-19 04:27:30 - INFO - Epoch 605/1000, Loss: 1.3380824049131002
2024-06-19 04:27:39 - INFO - Epoch 606/1000, Loss: 1.44571384936204
2024-06-19 04:27:49 - INFO - Epoch 607/1000, Loss: 1.3209851555900638
2024-06-19 04:27:59 - INFO - Epoch 608/1000, Loss: 1.4480580109956567
2024-06-19 04:28:09 - INFO - Epoch 609/1000, Loss: 1.3291961987336764
2024-06-19 04:28:19 - INFO - Epoch 610/1000, Loss: 1.3072151594047172
2024-06-19 04:28:28 - INFO - Epoch 611/1000, Loss: 1.3907128814894447
2024-06-19 04:28:38 - INFO - Epoch 612/1000, Loss: 1.381529809191476
2024-06-19 04:28:48 - INFO - Epoch 613/1000, Loss: 1.487610066723348
2024-06-19 04:28:58 - INFO - Epoch 614/1000, Loss: 1.3052858170985133
2024-06-19 04:29:08 - INFO - Epoch 615/1000, Loss: 2.1908121388510327
2024-06-19 04:29:17 - INFO - Epoch 616/1000, Loss: 1.3945557802717472
2024-06-19 04:29:27 - INFO - Epoch 617/1000, Loss: 1.3680330456114989
2024-06-19 04:29:37 - INFO - Epoch 618/1000, Loss: 1.3775541929555217
2024-06-19 04:29:47 - INFO - Epoch 619/1000, Loss: 1.408044418682753
2024-06-19 04:29:56 - INFO - Epoch 620/1000, Loss: 1.4006843519073393
2024-06-19 04:30:06 - INFO - Epoch 621/1000, Loss: 1.3296033662715252
2024-06-19 04:30:16 - INFO - Epoch 622/1000, Loss: 1.439444440563359
2024-06-19 04:30:26 - INFO - Epoch 623/1000, Loss: 1.3775086388818247
2024-06-19 04:30:35 - INFO - Epoch 624/1000, Loss: 1.3644922417418615
2024-06-19 04:30:45 - INFO - Epoch 625/1000, Loss: 1.3897917744549604
2024-06-19 04:30:55 - INFO - Epoch 626/1000, Loss: 1.6647865150849568
2024-06-19 04:31:05 - INFO - Epoch 627/1000, Loss: 1.3289596092660507
2024-06-19 04:31:15 - INFO - Epoch 628/1000, Loss: 1.3739745108612367
2024-06-19 04:31:25 - INFO - Epoch 629/1000, Loss: 1.5302452595004619
2024-06-19 04:31:34 - INFO - Epoch 630/1000, Loss: 1.3431065164145215
2024-06-19 04:31:44 - INFO - Epoch 631/1000, Loss: 3.5509187457385614
2024-06-19 04:31:54 - INFO - Epoch 632/1000, Loss: 1.5017162350017268
2024-06-19 04:32:04 - INFO - Epoch 633/1000, Loss: 1.4278292832267958
2024-06-19 04:32:13 - INFO - Epoch 634/1000, Loss: 1.325907169222383
2024-06-19 04:32:23 - INFO - Epoch 635/1000, Loss: 1.3517080334801834
2024-06-19 04:32:33 - INFO - Epoch 636/1000, Loss: 1.5017182515735923
2024-06-19 04:32:43 - INFO - Epoch 637/1000, Loss: 1.334347353782613
2024-06-19 04:32:53 - INFO - Epoch 638/1000, Loss: 1.434889312707657
2024-06-19 04:33:03 - INFO - Epoch 639/1000, Loss: 1.3568645565655975
2024-06-19 04:33:12 - INFO - Epoch 640/1000, Loss: 1.9422595206483086
2024-06-19 04:33:22 - INFO - Epoch 641/1000, Loss: 1.3706922564541772
2024-06-19 04:33:32 - INFO - Epoch 642/1000, Loss: 1.5254427619499735
2024-06-19 04:33:42 - INFO - Epoch 643/1000, Loss: 1.4469725447087165
2024-06-19 04:33:51 - INFO - Epoch 644/1000, Loss: 1.349112027026157
2024-06-19 04:34:01 - INFO - Epoch 645/1000, Loss: 1.353248457241351
2024-06-19 04:34:11 - INFO - Epoch 646/1000, Loss: 3.272788630332906
2024-06-19 04:34:21 - INFO - Epoch 647/1000, Loss: 1.371024303451684
2024-06-19 04:34:30 - INFO - Epoch 648/1000, Loss: 1.337187904208429
2024-06-19 04:34:40 - INFO - Epoch 649/1000, Loss: 1.6170110558497104
2024-06-19 04:34:50 - INFO - Epoch 650/1000, Loss: 1.4022307662026727
2024-06-19 04:35:00 - INFO - Epoch 651/1000, Loss: 1.4066983161154127
2024-06-19 04:35:10 - INFO - Epoch 652/1000, Loss: 1.6318182238961498
2024-06-19 04:35:20 - INFO - Epoch 653/1000, Loss: 1.3319887308304192
2024-06-19 04:35:29 - INFO - Epoch 654/1000, Loss: 1.428792645657173
2024-06-19 04:35:39 - INFO - Epoch 655/1000, Loss: 1.9519150386637725
2024-06-19 04:35:49 - INFO - Epoch 656/1000, Loss: 1.3172244479154955
2024-06-19 04:35:59 - INFO - Epoch 657/1000, Loss: 1.3446835651228364
2024-06-19 04:36:08 - INFO - Epoch 658/1000, Loss: 1.473207890160362
2024-06-19 04:36:18 - INFO - Epoch 659/1000, Loss: 1.6900953304893396
2024-06-19 04:36:28 - INFO - Epoch 660/1000, Loss: 1.4138499942832383
2024-06-19 04:36:38 - INFO - Epoch 661/1000, Loss: 1.3214871589538915
2024-06-19 04:36:48 - INFO - Epoch 662/1000, Loss: 1.3462996733314416
2024-06-19 04:36:57 - INFO - Epoch 663/1000, Loss: 1.3953803273432426
2024-06-19 04:37:07 - INFO - Epoch 664/1000, Loss: 1.5036456728283012
2024-06-19 04:37:17 - INFO - Epoch 665/1000, Loss: 1.9605692168611566
2024-06-19 04:37:27 - INFO - Epoch 666/1000, Loss: 1.353587285337358
2024-06-19 04:37:36 - INFO - Epoch 667/1000, Loss: 1.3247808060948942
2024-06-19 04:37:46 - INFO - Epoch 668/1000, Loss: 1.3276773476231598
2024-06-19 04:37:56 - INFO - Epoch 669/1000, Loss: 1.594760472602837
2024-06-19 04:38:06 - INFO - Epoch 670/1000, Loss: 1.3976059952007147
2024-06-19 04:38:16 - INFO - Epoch 671/1000, Loss: 1.4328819668698065
2024-06-19 04:38:25 - INFO - Epoch 672/1000, Loss: 1.372128511857151
2024-06-19 04:38:35 - INFO - Epoch 673/1000, Loss: 1.317387155086122
2024-06-19 04:38:45 - INFO - Epoch 674/1000, Loss: 1.9753119877368532
2024-06-19 04:38:55 - INFO - Epoch 675/1000, Loss: 1.4597655755120476
2024-06-19 04:39:04 - INFO - Epoch 676/1000, Loss: 1.3289312657765562
2024-06-19 04:39:14 - INFO - Epoch 677/1000, Loss: 1.4039708352577807
2024-06-19 04:39:24 - INFO - Epoch 678/1000, Loss: 1.372226541208455
2024-06-19 04:39:34 - INFO - Epoch 679/1000, Loss: 1.3351560819516404
2024-06-19 04:39:44 - INFO - Epoch 680/1000, Loss: 1.3181286362520472
2024-06-19 04:39:53 - INFO - Epoch 681/1000, Loss: 1.3435196034419443
2024-06-19 04:40:03 - INFO - Epoch 682/1000, Loss: 1.3162027948438964
2024-06-19 04:40:13 - INFO - Epoch 683/1000, Loss: 1.4903814498059271
2024-06-19 04:40:23 - INFO - Epoch 684/1000, Loss: 1.3455274082713007
2024-06-19 04:40:32 - INFO - Epoch 685/1000, Loss: 1.6487470172812837
2024-06-19 04:40:42 - INFO - Epoch 686/1000, Loss: 2.6888553250735314
2024-06-19 04:40:52 - INFO - Epoch 687/1000, Loss: 1.8954354021409918
2024-06-19 04:41:02 - INFO - Epoch 688/1000, Loss: 1.325188122649896
2024-06-19 04:41:11 - INFO - Epoch 689/1000, Loss: 1.3948048451885167
2024-06-19 04:41:21 - INFO - Epoch 690/1000, Loss: 1.3325078545108542
2024-06-19 04:41:31 - INFO - Epoch 691/1000, Loss: 1.3317904158493679
2024-06-19 04:41:41 - INFO - Epoch 692/1000, Loss: 2.3905735023848567
2024-06-19 04:41:51 - INFO - Epoch 693/1000, Loss: 1.3485368659297043
2024-06-19 04:42:00 - INFO - Epoch 694/1000, Loss: 1.4963983947726598
2024-06-19 04:42:10 - INFO - Epoch 695/1000, Loss: 1.332728675223791
2024-06-19 04:42:20 - INFO - Epoch 696/1000, Loss: 1.3102542219529152
2024-06-19 04:42:30 - INFO - Epoch 697/1000, Loss: 1.3653975273394403
2024-06-19 04:42:39 - INFO - Epoch 698/1000, Loss: 1.4036788341529487
2024-06-19 04:42:49 - INFO - Epoch 699/1000, Loss: 2.190661914898407
2024-06-19 04:42:59 - INFO - Epoch 700/1000, Loss: 1.8454411659968624
2024-06-19 04:43:09 - INFO - Epoch 701/1000, Loss: 1.4205157953021705
2024-06-19 04:43:19 - INFO - Epoch 702/1000, Loss: 1.3894069693867965
2024-06-19 04:43:28 - INFO - Epoch 703/1000, Loss: 1.4334409471691467
2024-06-19 04:43:38 - INFO - Epoch 704/1000, Loss: 1.4219877947362038
2024-06-19 04:43:48 - INFO - Epoch 705/1000, Loss: 1.3853390673760317
2024-06-19 04:43:58 - INFO - Epoch 706/1000, Loss: 1.334917495214462
2024-06-19 04:44:07 - INFO - Epoch 707/1000, Loss: 1.392696256003209
2024-06-19 04:44:17 - INFO - Epoch 708/1000, Loss: 1.3298104679889826
2024-06-19 04:44:27 - INFO - Epoch 709/1000, Loss: 1.365475283636351
2024-06-19 04:44:37 - INFO - Epoch 710/1000, Loss: 1.7573516000150022
2024-06-19 04:44:46 - INFO - Epoch 711/1000, Loss: 1.371226382949321
2024-06-19 04:44:56 - INFO - Epoch 712/1000, Loss: 1.3341451647535105
2024-06-19 04:45:06 - INFO - Epoch 713/1000, Loss: 1.784805378377263
2024-06-19 04:45:16 - INFO - Epoch 714/1000, Loss: 1.3365344323523678
2024-06-19 04:45:26 - INFO - Epoch 715/1000, Loss: 1.7817132256162143
2024-06-19 04:45:35 - INFO - Epoch 716/1000, Loss: 1.7633297400722132
2024-06-19 04:45:45 - INFO - Epoch 717/1000, Loss: 1.6762583271172546
2024-06-19 04:45:55 - INFO - Epoch 718/1000, Loss: 1.4737154676847388
2024-06-19 04:46:05 - INFO - Epoch 719/1000, Loss: 1.3385837627677402
2024-06-19 04:46:14 - INFO - Epoch 720/1000, Loss: 1.3366411522675696
2024-06-19 04:46:24 - INFO - Epoch 721/1000, Loss: 2.309909586870304
2024-06-19 04:46:34 - INFO - Epoch 722/1000, Loss: 1.7877456361721158
2024-06-19 04:46:44 - INFO - Epoch 723/1000, Loss: 5.545274530644918
2024-06-19 04:46:53 - INFO - Epoch 724/1000, Loss: 1.3221761034283408
2024-06-19 04:47:03 - INFO - Epoch 725/1000, Loss: 1.3909233585703087
2024-06-19 04:47:13 - INFO - Epoch 726/1000, Loss: 1.386992497415449
2024-06-19 04:47:23 - INFO - Epoch 727/1000, Loss: 2.1775770985763763
2024-06-19 04:47:33 - INFO - Epoch 728/1000, Loss: 1.5507777433196344
2024-06-19 04:47:42 - INFO - Epoch 729/1000, Loss: 1.7034927752705868
2024-06-19 04:47:52 - INFO - Epoch 730/1000, Loss: 1.3338581048610547
2024-06-19 04:48:02 - INFO - Epoch 731/1000, Loss: 1.4059569812500343
2024-06-19 04:48:12 - INFO - Epoch 732/1000, Loss: 1.3387510519460373
2024-06-19 04:48:21 - INFO - Epoch 733/1000, Loss: 1.387931123247751
2024-06-19 04:48:31 - INFO - Epoch 734/1000, Loss: 1.5184214583906355
2024-06-19 04:48:41 - INFO - Epoch 735/1000, Loss: 1.336925075608628
2024-06-19 04:48:51 - INFO - Epoch 736/1000, Loss: 1.3997889045269725
2024-06-19 04:49:00 - INFO - Epoch 737/1000, Loss: 1.4891836584481557
2024-06-19 04:49:10 - INFO - Epoch 738/1000, Loss: 1.331591912173263
2024-06-19 04:49:20 - INFO - Epoch 739/1000, Loss: 1.326474857508751
2024-06-19 04:49:30 - INFO - Epoch 740/1000, Loss: 1.3492152668334492
2024-06-19 04:49:40 - INFO - Epoch 741/1000, Loss: 1.343871444775426
2024-06-19 04:49:49 - INFO - Epoch 742/1000, Loss: 1.3261799444238196
2024-06-19 04:49:59 - INFO - Epoch 743/1000, Loss: 1.5575077522196088
2024-06-19 04:50:09 - INFO - Epoch 744/1000, Loss: 1.4287905337526472
2024-06-19 04:50:19 - INFO - Epoch 745/1000, Loss: 1.4910925086093283
2024-06-19 04:50:29 - INFO - Epoch 746/1000, Loss: 1.3199294932310937
2024-06-19 04:50:38 - INFO - Epoch 747/1000, Loss: 1.325351156029404
2024-06-19 04:50:48 - INFO - Epoch 748/1000, Loss: 1.3536437310661802
2024-06-19 04:50:58 - INFO - Epoch 749/1000, Loss: 1.4192135056729862
2024-06-19 04:51:08 - INFO - Epoch 750/1000, Loss: 1.3575369452951411
2024-06-19 04:51:17 - INFO - Epoch 751/1000, Loss: 1.3161236050127496
2024-06-19 04:51:27 - INFO - Epoch 752/1000, Loss: 1.3562579680270905
2024-06-19 04:51:37 - INFO - Epoch 753/1000, Loss: 1.465881024977156
2024-06-19 04:51:47 - INFO - Epoch 754/1000, Loss: 1.4314971229540545
2024-06-19 04:51:57 - INFO - Epoch 755/1000, Loss: 1.5225874508174733
2024-06-19 04:52:06 - INFO - Epoch 756/1000, Loss: 1.8610168075603637
2024-06-19 04:52:16 - INFO - Epoch 757/1000, Loss: 1.4226640182888968
2024-06-19 04:52:26 - INFO - Epoch 758/1000, Loss: 1.4210181423118633
2024-06-19 04:52:36 - INFO - Epoch 759/1000, Loss: 1.468183906716942
2024-06-19 04:52:46 - INFO - Epoch 760/1000, Loss: 1.3464667628966565
2024-06-19 04:52:55 - INFO - Epoch 761/1000, Loss: 1.384175641560651
2024-06-19 04:53:05 - INFO - Epoch 762/1000, Loss: 1.440201710320326
2024-06-19 04:53:15 - INFO - Epoch 763/1000, Loss: 1.4571556665600025
2024-06-19 04:53:25 - INFO - Epoch 764/1000, Loss: 1.4272667953494047
2024-06-19 04:53:34 - INFO - Epoch 765/1000, Loss: 1.3907891518367497
2024-06-19 04:53:44 - INFO - Epoch 766/1000, Loss: 1.3251166366075686
2024-06-19 04:53:54 - INFO - Epoch 767/1000, Loss: 1.3441869295031845
2024-06-19 04:54:04 - INFO - Epoch 768/1000, Loss: 1.3362482269012086
2024-06-19 04:54:14 - INFO - Epoch 769/1000, Loss: 1.3748517269739207
2024-06-19 04:54:23 - INFO - Epoch 770/1000, Loss: 1.5046542681826711
2024-06-19 04:54:33 - INFO - Epoch 771/1000, Loss: 1.3674997621315579
2024-06-19 04:54:43 - INFO - Epoch 772/1000, Loss: 1.5408591172554744
2024-06-19 04:54:53 - INFO - Epoch 773/1000, Loss: 1.5999519013656995
2024-06-19 04:55:03 - INFO - Epoch 774/1000, Loss: 1.3192466181402773
2024-06-19 04:55:12 - INFO - Epoch 775/1000, Loss: 1.5510137362088507
2024-06-19 04:55:22 - INFO - Epoch 776/1000, Loss: 1.3286561536327908
2024-06-19 04:55:32 - INFO - Epoch 777/1000, Loss: 1.3209888210441965
2024-06-19 04:55:42 - INFO - Epoch 778/1000, Loss: 1.3618820769702717
2024-06-19 04:55:52 - INFO - Epoch 779/1000, Loss: 1.3151247734605245
2024-06-19 04:56:01 - INFO - Epoch 780/1000, Loss: 1.5071124594142755
2024-06-19 04:56:11 - INFO - Epoch 781/1000, Loss: 1.702846692717015
2024-06-19 04:56:21 - INFO - Epoch 782/1000, Loss: 1.3221927267212983
2024-06-19 04:56:31 - INFO - Epoch 783/1000, Loss: 1.4394832318704542
2024-06-19 04:56:40 - INFO - Epoch 784/1000, Loss: 1.415276811727225
2024-06-19 04:56:50 - INFO - Epoch 785/1000, Loss: 1.3933679712803377
2024-06-19 04:57:00 - INFO - Epoch 786/1000, Loss: 1.3799288980145061
2024-06-19 04:57:10 - INFO - Epoch 787/1000, Loss: 1.3908746238201004
2024-06-19 04:57:20 - INFO - Epoch 788/1000, Loss: 1.4236576484014691
2024-06-19 04:57:29 - INFO - Epoch 789/1000, Loss: 1.623480030312585
2024-06-19 04:57:39 - INFO - Epoch 790/1000, Loss: 1.4327124034001373
2024-06-19 04:57:49 - INFO - Epoch 791/1000, Loss: 1.5716440415707102
2024-06-19 04:57:59 - INFO - Epoch 792/1000, Loss: 1.753059030271821
2024-06-19 04:58:08 - INFO - Epoch 793/1000, Loss: 1.5595417494377775
2024-06-19 04:58:18 - INFO - Epoch 794/1000, Loss: 1.3450121515294706
2024-06-19 04:58:28 - INFO - Epoch 795/1000, Loss: 1.3512168045778274
2024-06-19 04:58:38 - INFO - Epoch 796/1000, Loss: 1.9112090861407227
2024-06-19 04:58:47 - INFO - Epoch 797/1000, Loss: 1.3550574134063649
2024-06-19 04:58:57 - INFO - Epoch 798/1000, Loss: 1.4862626608138536
2024-06-19 04:59:07 - INFO - Epoch 799/1000, Loss: 1.3187621879050109
2024-06-19 04:59:17 - INFO - Epoch 800/1000, Loss: 1.3860955562894328
2024-06-19 04:59:26 - INFO - Epoch 801/1000, Loss: 1.3295714732898316
2024-06-19 04:59:36 - INFO - Epoch 802/1000, Loss: 1.3324441022941331
2024-06-19 04:59:46 - INFO - Epoch 803/1000, Loss: 1.363818272272923
2024-06-19 04:59:56 - INFO - Epoch 804/1000, Loss: 1.3273605035725915
2024-06-19 05:00:06 - INFO - Epoch 805/1000, Loss: 1.3095677524897886
2024-06-19 05:00:15 - INFO - Epoch 806/1000, Loss: 2.3856612934824843
2024-06-19 05:00:25 - INFO - Epoch 807/1000, Loss: 1.3222973736593793
2024-06-19 05:00:35 - INFO - Epoch 808/1000, Loss: 1.379264809782411
2024-06-19 05:00:45 - INFO - Epoch 809/1000, Loss: 1.3739342332545703
2024-06-19 05:00:54 - INFO - Epoch 810/1000, Loss: 1.6372159878944845
2024-06-19 05:01:04 - INFO - Epoch 811/1000, Loss: 1.365780173576854
2024-06-19 05:01:14 - INFO - Epoch 812/1000, Loss: 1.3122114387384958
2024-06-19 05:01:24 - INFO - Epoch 813/1000, Loss: 1.4036324346480562
2024-06-19 05:01:33 - INFO - Epoch 814/1000, Loss: 1.368276801184897
2024-06-19 05:01:43 - INFO - Epoch 815/1000, Loss: 1.3507035444212032
2024-06-19 05:01:53 - INFO - Epoch 816/1000, Loss: 1.5540590788626203
2024-06-19 05:02:03 - INFO - Epoch 817/1000, Loss: 1.3699415247072286
2024-06-19 05:02:12 - INFO - Epoch 818/1000, Loss: 1.3650140591325584
2024-06-19 05:02:22 - INFO - Epoch 819/1000, Loss: 1.3767913537439274
2024-06-19 05:02:32 - INFO - Epoch 820/1000, Loss: 1.3378361981461329
2024-06-19 05:02:42 - INFO - Epoch 821/1000, Loss: 1.497573042078807
2024-06-19 05:02:51 - INFO - Epoch 822/1000, Loss: 1.3298591400009594
2024-06-19 05:03:01 - INFO - Epoch 823/1000, Loss: 1.492711389236014
2024-06-19 05:03:11 - INFO - Epoch 824/1000, Loss: 1.3927022164510627
2024-06-19 05:03:21 - INFO - Epoch 825/1000, Loss: 1.3096356250770653
2024-06-19 05:03:30 - INFO - Epoch 826/1000, Loss: 1.326950286342715
2024-06-19 05:03:40 - INFO - Epoch 827/1000, Loss: 1.3082324550312854
2024-06-19 05:03:50 - INFO - Epoch 828/1000, Loss: 1.3460497559266726
2024-06-19 05:04:00 - INFO - Epoch 829/1000, Loss: 1.3722388415867905
2024-06-19 05:04:09 - INFO - Epoch 830/1000, Loss: 1.365031593493026
2024-06-19 05:04:19 - INFO - Epoch 831/1000, Loss: 1.336746821741299
2024-06-19 05:04:29 - INFO - Epoch 832/1000, Loss: 1.353958230866873
2024-06-19 05:04:39 - INFO - Epoch 833/1000, Loss: 1.6360152264519205
2024-06-19 05:04:48 - INFO - Epoch 834/1000, Loss: 1.3574029703560953
2024-06-19 05:04:58 - INFO - Epoch 835/1000, Loss: 1.3755735986397777
2024-06-19 05:05:08 - INFO - Epoch 836/1000, Loss: 1.347028024250486
2024-06-19 05:05:18 - INFO - Epoch 837/1000, Loss: 1.4510685272034463
2024-06-19 05:05:28 - INFO - Epoch 838/1000, Loss: 1.5012730087567001
2024-06-19 05:05:37 - INFO - Epoch 839/1000, Loss: 1.4047946070813515
2024-06-19 05:05:47 - INFO - Epoch 840/1000, Loss: 2.1226732041642618
2024-06-19 05:05:57 - INFO - Epoch 841/1000, Loss: 1.3638057285276566
2024-06-19 05:06:07 - INFO - Epoch 842/1000, Loss: 1.3477504629971997
2024-06-19 05:06:16 - INFO - Epoch 843/1000, Loss: 1.3293139072637181
2024-06-19 05:06:26 - INFO - Epoch 844/1000, Loss: 1.3883619493771668
2024-06-19 05:06:36 - INFO - Epoch 845/1000, Loss: 1.4623858068502527
2024-06-19 05:06:46 - INFO - Epoch 846/1000, Loss: 1.367201337222579
2024-06-19 05:06:55 - INFO - Epoch 847/1000, Loss: 1.3171525012165113
2024-06-19 05:07:05 - INFO - Epoch 848/1000, Loss: 1.73717010700015
2024-06-19 05:07:15 - INFO - Epoch 849/1000, Loss: 1.344488054119116
2024-06-19 05:07:25 - INFO - Epoch 850/1000, Loss: 1.3842707951242985
2024-06-19 05:07:35 - INFO - Epoch 851/1000, Loss: 1.6857395979814305
2024-06-19 05:07:44 - INFO - Epoch 852/1000, Loss: 1.3190429914182173
2024-06-19 05:07:54 - INFO - Epoch 853/1000, Loss: 1.3417935602248134
2024-06-19 05:08:04 - INFO - Epoch 854/1000, Loss: 2.000088156092501
2024-06-19 05:08:14 - INFO - Epoch 855/1000, Loss: 1.614922276341377
2024-06-19 05:08:23 - INFO - Epoch 856/1000, Loss: 1.5158389980798652
2024-06-19 05:08:33 - INFO - Epoch 857/1000, Loss: 1.3743655776199546
2024-06-19 05:08:43 - INFO - Epoch 858/1000, Loss: 1.421034572064968
2024-06-19 05:08:53 - INFO - Epoch 859/1000, Loss: 1.326681910205385
2024-06-19 05:09:02 - INFO - Epoch 860/1000, Loss: 1.3673194807698326
2024-06-19 05:09:12 - INFO - Epoch 861/1000, Loss: 1.2970978561507405
2024-06-19 05:09:22 - INFO - Epoch 862/1000, Loss: 1.3438253762338228
2024-06-19 05:09:32 - INFO - Epoch 863/1000, Loss: 2.114956370885306
2024-06-19 05:09:42 - INFO - Epoch 864/1000, Loss: 1.3606776178162983
2024-06-19 05:09:51 - INFO - Epoch 865/1000, Loss: 1.4346075588726008
2024-06-19 05:10:01 - INFO - Epoch 866/1000, Loss: 1.7287470767761004
2024-06-19 05:10:11 - INFO - Epoch 867/1000, Loss: 1.324100860623764
2024-06-19 05:10:21 - INFO - Epoch 868/1000, Loss: 1.3976625398196907
2024-06-19 05:10:31 - INFO - Epoch 869/1000, Loss: 1.3117566134636744
2024-06-19 05:10:40 - INFO - Epoch 870/1000, Loss: 1.7852403655110036
2024-06-19 05:10:50 - INFO - Epoch 871/1000, Loss: 1.3563220939703613
2024-06-19 05:11:00 - INFO - Epoch 872/1000, Loss: 1.3784916247360899
2024-06-19 05:11:10 - INFO - Epoch 873/1000, Loss: 1.3701796686943564
2024-06-19 05:11:19 - INFO - Epoch 874/1000, Loss: 1.3629114817238661
2024-06-19 05:11:29 - INFO - Epoch 875/1000, Loss: 1.3316514683430294
2024-06-19 05:11:39 - INFO - Epoch 876/1000, Loss: 1.4209354747950336
2024-06-19 05:11:49 - INFO - Epoch 877/1000, Loss: 1.5525594059794716
2024-06-19 05:11:59 - INFO - Epoch 878/1000, Loss: 1.344729377774244
2024-06-19 05:12:08 - INFO - Epoch 879/1000, Loss: 1.661302566129349
2024-06-19 05:12:18 - INFO - Epoch 880/1000, Loss: 1.3669242778586825
2024-06-19 05:12:28 - INFO - Epoch 881/1000, Loss: 1.3825840876202522
2024-06-19 05:12:38 - INFO - Epoch 882/1000, Loss: 1.7203828049676886
2024-06-19 05:12:48 - INFO - Epoch 883/1000, Loss: 1.3497134801719857
2024-06-19 05:12:57 - INFO - Epoch 884/1000, Loss: 1.3912152236782347
2024-06-19 05:13:07 - INFO - Epoch 885/1000, Loss: 1.676280526299637
2024-06-19 05:13:17 - INFO - Epoch 886/1000, Loss: 1.3847237096772402
2024-06-19 05:13:27 - INFO - Epoch 887/1000, Loss: 1.3358962171021096
2024-06-19 05:13:36 - INFO - Epoch 888/1000, Loss: 1.362773449867666
2024-06-19 05:13:46 - INFO - Epoch 889/1000, Loss: 1.3688503837771635
2024-06-19 05:13:56 - INFO - Epoch 890/1000, Loss: 1.385741210663185
2024-06-19 05:14:06 - INFO - Epoch 891/1000, Loss: 2.037915364965157
2024-06-19 05:14:15 - INFO - Epoch 892/1000, Loss: 1.3924177877242354
2024-06-19 05:14:25 - INFO - Epoch 893/1000, Loss: 1.3315027418293082
2024-06-19 05:14:35 - INFO - Epoch 894/1000, Loss: 1.4058527809748318
2024-06-19 05:14:45 - INFO - Epoch 895/1000, Loss: 1.356924897251405
2024-06-19 05:14:55 - INFO - Epoch 896/1000, Loss: 1.3544177861940254
2024-06-19 05:15:04 - INFO - Epoch 897/1000, Loss: 1.3551760913035928
2024-06-19 05:15:14 - INFO - Epoch 898/1000, Loss: 1.3396856925734992
2024-06-19 05:15:24 - INFO - Epoch 899/1000, Loss: 1.3373207299273666
2024-06-19 05:15:34 - INFO - Epoch 900/1000, Loss: 1.3593697624271266
2024-06-19 05:15:43 - INFO - Epoch 901/1000, Loss: 1.8974857056140346
2024-06-19 05:15:53 - INFO - Epoch 902/1000, Loss: 1.3171881554665683
2024-06-19 05:16:03 - INFO - Epoch 903/1000, Loss: 1.443148264097867
2024-06-19 05:16:13 - INFO - Epoch 904/1000, Loss: 1.3538540374316725
2024-06-19 05:16:22 - INFO - Epoch 905/1000, Loss: 1.349532391826284
2024-06-19 05:16:32 - INFO - Epoch 906/1000, Loss: 1.364228830601067
2024-06-19 05:16:42 - INFO - Epoch 907/1000, Loss: 1.3604134204901561
2024-06-19 05:16:52 - INFO - Epoch 908/1000, Loss: 1.3780043457019104
2024-06-19 05:17:02 - INFO - Epoch 909/1000, Loss: 1.3221030310873416
2024-06-19 05:17:11 - INFO - Epoch 910/1000, Loss: 1.4084502949085393
2024-06-19 05:17:21 - INFO - Epoch 911/1000, Loss: 1.384457553806694
2024-06-19 05:17:31 - INFO - Epoch 912/1000, Loss: 1.3335123958489234
2024-06-19 05:17:41 - INFO - Epoch 913/1000, Loss: 1.3558016949072769
2024-06-19 05:17:50 - INFO - Epoch 914/1000, Loss: 1.4110338730952379
2024-06-19 05:18:00 - INFO - Epoch 915/1000, Loss: 1.4463571504264763
2024-06-19 05:18:10 - INFO - Epoch 916/1000, Loss: 1.3449155935786545
2024-06-19 05:18:20 - INFO - Epoch 917/1000, Loss: 1.8910114771068687
2024-06-19 05:18:29 - INFO - Epoch 918/1000, Loss: 1.355430611627391
2024-06-19 05:18:39 - INFO - Epoch 919/1000, Loss: 1.3314839595864632
2024-06-19 05:18:49 - INFO - Epoch 920/1000, Loss: 1.3345310398792338
2024-06-19 05:18:59 - INFO - Epoch 921/1000, Loss: 1.4750370174273728
2024-06-19 05:19:09 - INFO - Epoch 922/1000, Loss: 1.5369091716231824
2024-06-19 05:19:18 - INFO - Epoch 923/1000, Loss: 1.3913633378756538
2024-06-19 05:19:28 - INFO - Epoch 924/1000, Loss: 1.3064897226853964
2024-06-19 05:19:38 - INFO - Epoch 925/1000, Loss: 1.3795513728475857
2024-06-19 05:19:48 - INFO - Epoch 926/1000, Loss: 1.3679460191071309
2024-06-19 05:19:57 - INFO - Epoch 927/1000, Loss: 1.340230665894913
2024-06-19 05:20:07 - INFO - Epoch 928/1000, Loss: 1.3907253623745717
2024-06-19 05:20:17 - INFO - Epoch 929/1000, Loss: 1.3495734281987208
2024-06-19 05:20:27 - INFO - Epoch 930/1000, Loss: 2.1973399445362594
2024-06-19 05:20:36 - INFO - Epoch 931/1000, Loss: 1.4391529193257198
2024-06-19 05:20:46 - INFO - Epoch 932/1000, Loss: 1.639312349912684
2024-06-19 05:20:56 - INFO - Epoch 933/1000, Loss: 1.3319476792620952
2024-06-19 05:21:06 - INFO - Epoch 934/1000, Loss: 2.4734919532230975
2024-06-19 05:21:15 - INFO - Epoch 935/1000, Loss: 2.3596522522090133
2024-06-19 05:21:25 - INFO - Epoch 936/1000, Loss: 1.3335377178237355
2024-06-19 05:21:35 - INFO - Epoch 937/1000, Loss: 1.3312299481408176
2024-06-19 05:21:45 - INFO - Epoch 938/1000, Loss: 1.4153407100349635
2024-06-19 05:21:54 - INFO - Epoch 939/1000, Loss: 1.5426896982144673
2024-06-19 05:22:04 - INFO - Epoch 940/1000, Loss: 1.4036264298368142
2024-06-19 05:22:14 - INFO - Epoch 941/1000, Loss: 1.3125829933987765
2024-06-19 05:22:24 - INFO - Epoch 942/1000, Loss: 1.3751648317147835
2024-06-19 05:22:33 - INFO - Epoch 943/1000, Loss: 1.3651207085628365
2024-06-19 05:22:43 - INFO - Epoch 944/1000, Loss: 1.6715271449657585
2024-06-19 05:22:53 - INFO - Epoch 945/1000, Loss: 1.369509031321222
2024-06-19 05:23:03 - INFO - Epoch 946/1000, Loss: 1.3325341395108719
2024-06-19 05:23:12 - INFO - Epoch 947/1000, Loss: 1.402391444870392
2024-06-19 05:23:22 - INFO - Epoch 948/1000, Loss: 1.4012099069425907
2024-06-19 05:23:32 - INFO - Epoch 949/1000, Loss: 1.381175014412243
2024-06-19 05:23:42 - INFO - Epoch 950/1000, Loss: 1.3242914685643112
2024-06-19 05:23:51 - INFO - Epoch 951/1000, Loss: 1.399374067304036
2024-06-19 05:24:01 - INFO - Epoch 952/1000, Loss: 1.836886449155629
2024-06-19 05:24:11 - INFO - Epoch 953/1000, Loss: 1.3558996784877109
2024-06-19 05:24:21 - INFO - Epoch 954/1000, Loss: 1.3559671675583167
2024-06-19 05:24:30 - INFO - Epoch 955/1000, Loss: 1.487000635709467
2024-06-19 05:24:40 - INFO - Epoch 956/1000, Loss: 1.3094837723630346
2024-06-19 05:24:50 - INFO - Epoch 957/1000, Loss: 1.3750069305080448
2024-06-19 05:25:00 - INFO - Epoch 958/1000, Loss: 1.4454838922237334
2024-06-19 05:25:09 - INFO - Epoch 959/1000, Loss: 1.3947577885142244
2024-06-19 05:25:19 - INFO - Epoch 960/1000, Loss: 4.167708593427134
2024-06-19 05:25:29 - INFO - Epoch 961/1000, Loss: 1.4145838834969773
2024-06-19 05:25:39 - INFO - Epoch 962/1000, Loss: 1.3759941259521224
2024-06-19 05:25:49 - INFO - Epoch 963/1000, Loss: 1.346995275904875
2024-06-19 05:25:58 - INFO - Epoch 964/1000, Loss: 1.3241103531032827
2024-06-19 05:26:08 - INFO - Epoch 965/1000, Loss: 1.347759672262532
2024-06-19 05:26:18 - INFO - Epoch 966/1000, Loss: 1.3643277177239697
2024-06-19 05:26:28 - INFO - Epoch 967/1000, Loss: 1.3395803404924942
2024-06-19 05:26:38 - INFO - Epoch 968/1000, Loss: 1.3707852462719703
2024-06-19 05:26:47 - INFO - Epoch 969/1000, Loss: 1.5777696479521097
2024-06-19 05:26:57 - INFO - Epoch 970/1000, Loss: 1.458115529056507
2024-06-19 05:27:07 - INFO - Epoch 971/1000, Loss: 1.329862190767993
2024-06-19 05:27:17 - INFO - Epoch 972/1000, Loss: 1.4347387488941115
2024-06-19 05:27:26 - INFO - Epoch 973/1000, Loss: 1.3576107474155397
2024-06-19 05:27:36 - INFO - Epoch 974/1000, Loss: 1.672841219961635
2024-06-19 05:27:46 - INFO - Epoch 975/1000, Loss: 1.441084452244614
2024-06-19 05:27:56 - INFO - Epoch 976/1000, Loss: 1.4228017057096012
2024-06-19 05:28:05 - INFO - Epoch 977/1000, Loss: 1.4047170678525158
2024-06-19 05:28:15 - INFO - Epoch 978/1000, Loss: 1.4008819668555546
2024-06-19 05:28:25 - INFO - Epoch 979/1000, Loss: 1.4256553399409342
2024-06-19 05:28:35 - INFO - Epoch 980/1000, Loss: 1.3098911510204074
2024-06-19 05:28:44 - INFO - Epoch 981/1000, Loss: 1.359192911909364
2024-06-19 05:28:54 - INFO - Epoch 982/1000, Loss: 1.3409463853310304
2024-06-19 05:29:04 - INFO - Epoch 983/1000, Loss: 1.334753635709535
2024-06-19 05:29:14 - INFO - Epoch 984/1000, Loss: 1.3110259800882003
2024-06-19 05:29:24 - INFO - Epoch 985/1000, Loss: 1.7165112361434514
2024-06-19 05:29:34 - INFO - Epoch 986/1000, Loss: 1.3242154029524709
2024-06-19 05:29:43 - INFO - Epoch 987/1000, Loss: 1.3827383931043429
2024-06-19 05:29:53 - INFO - Epoch 988/1000, Loss: 1.3162062741476295
2024-06-19 05:30:03 - INFO - Epoch 989/1000, Loss: 1.3394395859233839
2024-06-19 05:30:13 - INFO - Epoch 990/1000, Loss: 1.3740762504292061
2024-06-19 05:30:22 - INFO - Epoch 991/1000, Loss: 1.4529165885817836
2024-06-19 05:30:32 - INFO - Epoch 992/1000, Loss: 1.328520621857993
2024-06-19 05:30:42 - INFO - Epoch 993/1000, Loss: 1.5443679933207075
2024-06-19 05:30:52 - INFO - Epoch 994/1000, Loss: 1.3858189244357155
2024-06-19 05:31:01 - INFO - Epoch 995/1000, Loss: 1.3624737110784273
2024-06-19 05:31:11 - INFO - Epoch 996/1000, Loss: 1.3642856476613126
2024-06-19 05:31:21 - INFO - Epoch 997/1000, Loss: 1.3421719498571834
2024-06-19 05:31:31 - INFO - Epoch 998/1000, Loss: 1.4424604423230194
2024-06-19 05:31:40 - INFO - Epoch 999/1000, Loss: 1.3766430456263858
2024-06-19 05:31:50 - INFO - Epoch 1000/1000, Loss: 1.3522030859181269
2024-06-19 05:31:50 - INFO - Finished training model.
2024-06-19 05:31:51 - INFO - 
Generated Code:
2024-06-19 05:31:51 - INFO - ) ; return f ; } def { float f = FLOAT_LITERAL - FLOAT_LITERAL - FLOAT_LITERAL - FLOAT_LITERAL ; float f = FLOAT_LITERAL - FLOAT_LITERAL - FLOAT_LITERAL - FLOAT_LITERAL ; float f = FLOAT_LITERAL - FLOAT_LITERAL - FLOAT_LITERAL ; float f = FLOAT_LITERAL ; return f ; } def { float f = FLOAT_LITERAL - FLOAT_LITERAL - FLOAT_LITERAL - FLOAT_LITERAL ; float f = FLOAT_LITERAL - FLOAT_LITERAL - FLOAT_LITERAL - FLOAT_LITERAL ; float f = FLOAT_LITERAL - FLOAT_LITERAL - FLOAT_LITERAL ; float f = FLOAT_LITERAL ; return f ; } def { float f = FLOAT_LITERAL - FLOAT_LITERAL - FLOAT_LITERAL
2024-06-19 05:31:51 - INFO - Finished training LSTM model.
