2024-06-19 01:22:56 - INFO - This log entry will go into a uniquely named file for this run.
2024-06-19 01:22:57 - INFO - Starting LSTM model training...
2024-06-19 01:22:57 - INFO - epochs=1200
2024-06-19 01:22:57 - INFO - batch_size=32
2024-06-19 01:22:59 - INFO - Starting LSTM model training...
2024-06-19 01:23:03 - INFO - Epoch 1/1200, Loss: 1.47772981112779
2024-06-19 01:23:07 - INFO - Epoch 2/1200, Loss: 1.4454336393906282
2024-06-19 01:23:11 - INFO - Epoch 3/1200, Loss: 1.388387308589297
2024-06-19 01:23:15 - INFO - Epoch 4/1200, Loss: 1.3221888785991067
2024-06-19 01:23:19 - INFO - Epoch 5/1200, Loss: 1.3414879975522607
2024-06-19 01:23:23 - INFO - Epoch 6/1200, Loss: 1.332150290580118
2024-06-19 01:23:27 - INFO - Epoch 7/1200, Loss: 1.334223158576856
2024-06-19 01:23:31 - INFO - Epoch 8/1200, Loss: 1.3366491249436276
2024-06-19 01:23:35 - INFO - Epoch 9/1200, Loss: 1.308973387451023
2024-06-19 01:23:39 - INFO - Epoch 10/1200, Loss: 1.378474782939869
2024-06-19 01:23:43 - INFO - Epoch 11/1200, Loss: 1.315474044105772
2024-06-19 01:23:47 - INFO - Epoch 12/1200, Loss: 1.2969882756503497
2024-06-19 01:23:51 - INFO - Epoch 13/1200, Loss: 1.3061086182059456
2024-06-19 01:23:55 - INFO - Epoch 14/1200, Loss: 1.2897004603131603
2024-06-19 01:23:58 - INFO - Epoch 15/1200, Loss: 1.2966271850879136
2024-06-19 01:24:02 - INFO - Epoch 16/1200, Loss: 1.319378632689677
2024-06-19 01:24:06 - INFO - Epoch 17/1200, Loss: 1.2842392087376158
2024-06-19 01:24:10 - INFO - Epoch 18/1200, Loss: 1.3102367116734113
2024-06-19 01:24:13 - INFO - Epoch 19/1200, Loss: 1.275467372570101
2024-06-19 01:24:17 - INFO - Epoch 20/1200, Loss: 1.2760980456675446
2024-06-19 01:24:23 - INFO - Epoch 21/1200, Loss: 1.3184297242346588
2024-06-19 01:24:27 - INFO - Epoch 22/1200, Loss: 1.2727910009730683
2024-06-19 01:24:30 - INFO - Epoch 23/1200, Loss: 1.5001763290082906
2024-06-19 01:24:34 - INFO - Epoch 24/1200, Loss: 1.2860664949531042
2024-06-19 01:24:38 - INFO - Epoch 25/1200, Loss: 1.277889204281275
2024-06-19 01:24:42 - INFO - Epoch 26/1200, Loss: 1.284898860104462
2024-06-19 01:24:46 - INFO - Epoch 27/1200, Loss: 1.288928890684872
2024-06-19 01:24:50 - INFO - Epoch 28/1200, Loss: 1.3111391746587224
2024-06-19 01:24:54 - INFO - Epoch 29/1200, Loss: 1.397489762575519
2024-06-19 01:24:57 - INFO - Epoch 30/1200, Loss: 1.3055340064395917
2024-06-19 01:25:01 - INFO - Epoch 31/1200, Loss: 1.3091896727278725
2024-06-19 01:25:05 - INFO - Epoch 32/1200, Loss: 1.3646052271697067
2024-06-19 01:25:09 - INFO - Epoch 33/1200, Loss: 1.286219358532874
2024-06-19 01:25:13 - INFO - Epoch 34/1200, Loss: 1.286217526949993
2024-06-19 01:25:17 - INFO - Epoch 35/1200, Loss: 1.311657422091934
2024-06-19 01:25:21 - INFO - Epoch 36/1200, Loss: 1.3391060695728874
2024-06-19 01:25:24 - INFO - Epoch 37/1200, Loss: 1.3508235220241285
2024-06-19 01:25:28 - INFO - Epoch 38/1200, Loss: 1.2811880644542626
2024-06-19 01:25:32 - INFO - Epoch 39/1200, Loss: 1.2729805939390266
2024-06-19 01:25:36 - INFO - Epoch 40/1200, Loss: 1.2654337433377154
2024-06-19 01:25:39 - INFO - Epoch 41/1200, Loss: 1.2828237791083124
2024-06-19 01:25:43 - INFO - Epoch 42/1200, Loss: 1.2730074037829742
2024-06-19 01:25:47 - INFO - Epoch 43/1200, Loss: 1.4019710723034857
2024-06-19 01:25:51 - INFO - Epoch 44/1200, Loss: 1.2933573380278194
2024-06-19 01:25:55 - INFO - Epoch 45/1200, Loss: 1.3273450540808052
2024-06-19 01:25:58 - INFO - Epoch 46/1200, Loss: 1.2861642286168289
2024-06-19 01:26:02 - INFO - Epoch 47/1200, Loss: 1.290289822789752
2024-06-19 01:26:06 - INFO - Epoch 48/1200, Loss: 1.277406438604002
2024-06-19 01:26:10 - INFO - Epoch 49/1200, Loss: 1.2838699589911373
2024-06-19 01:26:14 - INFO - Epoch 50/1200, Loss: 1.2893416851028896
2024-06-19 01:26:18 - INFO - Epoch 51/1200, Loss: 1.31072341777377
2024-06-19 01:26:21 - INFO - Epoch 52/1200, Loss: 1.3182497078785143
2024-06-19 01:26:25 - INFO - Epoch 53/1200, Loss: 1.2806073978168553
2024-06-19 01:26:29 - INFO - Epoch 54/1200, Loss: 1.2817592314611457
2024-06-19 01:26:33 - INFO - Epoch 55/1200, Loss: 1.2898522992349761
2024-06-19 01:26:38 - INFO - Epoch 56/1200, Loss: 1.270929187764817
2024-06-19 01:26:42 - INFO - Epoch 57/1200, Loss: 1.27828976180726
2024-06-19 01:26:46 - INFO - Epoch 58/1200, Loss: 1.283017542385154
2024-06-19 01:26:50 - INFO - Epoch 59/1200, Loss: 1.276986979348819
2024-06-19 01:26:54 - INFO - Epoch 60/1200, Loss: 1.2772978753057898
2024-06-19 01:26:57 - INFO - Epoch 61/1200, Loss: 1.2725725801886638
2024-06-19 01:27:01 - INFO - Epoch 62/1200, Loss: 1.2775590860466297
2024-06-19 01:27:05 - INFO - Epoch 63/1200, Loss: 1.2816641870549281
2024-06-19 01:27:09 - INFO - Epoch 64/1200, Loss: 1.2755418105509548
2024-06-19 01:27:13 - INFO - Epoch 65/1200, Loss: 1.2803761473550062
2024-06-19 01:27:17 - INFO - Epoch 66/1200, Loss: 1.276038784780845
2024-06-19 01:27:20 - INFO - Epoch 67/1200, Loss: 1.2902735839499393
2024-06-19 01:27:24 - INFO - Epoch 68/1200, Loss: 1.2666493186401877
2024-06-19 01:27:28 - INFO - Epoch 69/1200, Loss: 1.2718369389701876
2024-06-19 01:27:32 - INFO - Epoch 70/1200, Loss: 1.3064341082852438
2024-06-19 01:27:36 - INFO - Epoch 71/1200, Loss: 1.2968158577740045
2024-06-19 01:27:40 - INFO - Epoch 72/1200, Loss: 1.2846831169187376
2024-06-19 01:27:44 - INFO - Epoch 73/1200, Loss: 1.2979445392847315
2024-06-19 01:27:47 - INFO - Epoch 74/1200, Loss: 1.3122772899115318
2024-06-19 01:27:51 - INFO - Epoch 75/1200, Loss: 1.270303401973952
2024-06-19 01:27:55 - INFO - Epoch 76/1200, Loss: 1.2932346640108399
2024-06-19 01:27:59 - INFO - Epoch 77/1200, Loss: 1.2830988047639733
2024-06-19 01:28:03 - INFO - Epoch 78/1200, Loss: 1.2724799822216082
2024-06-19 01:28:07 - INFO - Epoch 79/1200, Loss: 1.2843924518942151
2024-06-19 01:28:10 - INFO - Epoch 80/1200, Loss: 1.307662348171405
2024-06-19 01:28:14 - INFO - Epoch 81/1200, Loss: 1.304687836221952
2024-06-19 01:28:18 - INFO - Epoch 82/1200, Loss: 1.3014604965635175
2024-06-19 01:28:22 - INFO - Epoch 83/1200, Loss: 1.2752866527555777
2024-06-19 01:28:26 - INFO - Epoch 84/1200, Loss: 1.2794565977491894
2024-06-19 01:28:30 - INFO - Epoch 85/1200, Loss: 1.2781730652054955
2024-06-19 01:28:34 - INFO - Epoch 86/1200, Loss: 1.2677813629079373
2024-06-19 01:28:38 - INFO - Epoch 87/1200, Loss: 1.2823543290083852
2024-06-19 01:28:42 - INFO - Epoch 88/1200, Loss: 1.2585480037507102
2024-06-19 01:28:46 - INFO - Epoch 89/1200, Loss: 1.2819192523665492
2024-06-19 01:28:50 - INFO - Epoch 90/1200, Loss: 1.2978285927101585
2024-06-19 01:28:53 - INFO - Epoch 91/1200, Loss: 1.2961147543011209
2024-06-19 01:28:57 - INFO - Epoch 92/1200, Loss: 1.2743181537751767
2024-06-19 01:29:01 - INFO - Epoch 93/1200, Loss: 1.2629525735389016
2024-06-19 01:29:05 - INFO - Epoch 94/1200, Loss: 1.3298150954350476
2024-06-19 01:29:09 - INFO - Epoch 95/1200, Loss: 1.281437279278944
2024-06-19 01:29:13 - INFO - Epoch 96/1200, Loss: 1.2782353603684165
2024-06-19 01:29:17 - INFO - Epoch 97/1200, Loss: 1.2645518881991025
2024-06-19 01:29:20 - INFO - Epoch 98/1200, Loss: 1.2729002729052032
2024-06-19 01:29:24 - INFO - Epoch 99/1200, Loss: 1.301421597369328
2024-06-19 01:29:28 - INFO - Epoch 100/1200, Loss: 1.2863445505627982
2024-06-19 01:29:32 - INFO - Epoch 101/1200, Loss: 1.3231045437929703
2024-06-19 01:29:36 - INFO - Epoch 102/1200, Loss: 1.2800456409905847
2024-06-19 01:29:40 - INFO - Epoch 103/1200, Loss: 1.3352373048295338
2024-06-19 01:29:44 - INFO - Epoch 104/1200, Loss: 1.2734989055262635
2024-06-19 01:29:48 - INFO - Epoch 105/1200, Loss: 1.2770190894096702
2024-06-19 01:29:51 - INFO - Epoch 106/1200, Loss: 1.2725673841088019
2024-06-19 01:29:55 - INFO - Epoch 107/1200, Loss: 1.2783670428961451
2024-06-19 01:29:59 - INFO - Epoch 108/1200, Loss: 1.2932017714897581
2024-06-19 01:30:03 - INFO - Epoch 109/1200, Loss: 1.2735453128360312
2024-06-19 01:30:07 - INFO - Epoch 110/1200, Loss: 1.2681197967621503
2024-06-19 01:30:11 - INFO - Epoch 111/1200, Loss: 1.2749959075489132
2024-06-19 01:30:15 - INFO - Epoch 112/1200, Loss: 1.2737348977117389
2024-06-19 01:30:18 - INFO - Epoch 113/1200, Loss: 1.2713700391887948
2024-06-19 01:30:22 - INFO - Epoch 114/1200, Loss: 1.2829906194633294
2024-06-19 01:30:26 - INFO - Epoch 115/1200, Loss: 1.2874990980179524
2024-06-19 01:30:30 - INFO - Epoch 116/1200, Loss: 1.2742092655120976
2024-06-19 01:30:34 - INFO - Epoch 117/1200, Loss: 1.2815701813233014
2024-06-19 01:30:37 - INFO - Epoch 118/1200, Loss: 1.3193348026871876
2024-06-19 01:30:41 - INFO - Epoch 119/1200, Loss: 1.2597079037378751
2024-06-19 01:30:45 - INFO - Epoch 120/1200, Loss: 1.2800225713443307
2024-06-19 01:30:49 - INFO - Epoch 121/1200, Loss: 1.3003542490297628
2024-06-19 01:30:53 - INFO - Epoch 122/1200, Loss: 1.2723698937698416
2024-06-19 01:30:57 - INFO - Epoch 123/1200, Loss: 1.2771818824810268
2024-06-19 01:31:00 - INFO - Epoch 124/1200, Loss: 1.2790627971506958
2024-06-19 01:31:04 - INFO - Epoch 125/1200, Loss: 1.2707355084935918
2024-06-19 01:31:08 - INFO - Epoch 126/1200, Loss: 1.283989883281527
2024-06-19 01:31:12 - INFO - Epoch 127/1200, Loss: 1.3529904320034662
2024-06-19 01:31:16 - INFO - Epoch 128/1200, Loss: 1.3207566137787732
2024-06-19 01:31:19 - INFO - Epoch 129/1200, Loss: 1.2615323809684584
2024-06-19 01:31:23 - INFO - Epoch 130/1200, Loss: 1.3325057291715252
2024-06-19 01:31:27 - INFO - Epoch 131/1200, Loss: 1.2798458855947745
2024-06-19 01:31:31 - INFO - Epoch 132/1200, Loss: 1.2904493585267016
2024-06-19 01:31:35 - INFO - Epoch 133/1200, Loss: 1.2726329208523062
2024-06-19 01:31:39 - INFO - Epoch 134/1200, Loss: 1.285656548846368
2024-06-19 01:31:42 - INFO - Epoch 135/1200, Loss: 1.2817431143602112
2024-06-19 01:31:46 - INFO - Epoch 136/1200, Loss: 1.2833361231022309
2024-06-19 01:31:50 - INFO - Epoch 137/1200, Loss: 1.2616708138461936
2024-06-19 01:31:54 - INFO - Epoch 138/1200, Loss: 1.2732631679648043
2024-06-19 01:31:58 - INFO - Epoch 139/1200, Loss: 1.2911349490021018
2024-06-19 01:32:02 - INFO - Epoch 140/1200, Loss: 1.2725974622367011
2024-06-19 01:32:06 - INFO - Epoch 141/1200, Loss: 1.2769435207165418
2024-06-19 01:32:10 - INFO - Epoch 142/1200, Loss: 1.2859407851803848
2024-06-19 01:32:13 - INFO - Epoch 143/1200, Loss: 1.2736476764726388
2024-06-19 01:32:18 - INFO - Epoch 144/1200, Loss: 1.2740570044177284
2024-06-19 01:32:21 - INFO - Epoch 145/1200, Loss: 1.4096573667369316
2024-06-19 01:32:25 - INFO - Epoch 146/1200, Loss: 1.2710491658332086
2024-06-19 01:32:29 - INFO - Epoch 147/1200, Loss: 1.2849723401830124
2024-06-19 01:32:33 - INFO - Epoch 148/1200, Loss: 1.3111314884274097
2024-06-19 01:32:37 - INFO - Epoch 149/1200, Loss: 1.2862129537086078
2024-06-19 01:32:41 - INFO - Epoch 150/1200, Loss: 1.2695020461622177
2024-06-19 01:32:45 - INFO - Epoch 151/1200, Loss: 1.3158666453744745
2024-06-19 01:32:48 - INFO - Epoch 152/1200, Loss: 1.2820632299696202
2024-06-19 01:32:52 - INFO - Epoch 153/1200, Loss: 1.2975337527339408
2024-06-19 01:32:56 - INFO - Epoch 154/1200, Loss: 1.2774712306122253
2024-06-19 01:33:00 - INFO - Epoch 155/1200, Loss: 1.2563154983015143
2024-06-19 01:33:04 - INFO - Epoch 156/1200, Loss: 1.2956719281023663
2024-06-19 01:33:08 - INFO - Epoch 157/1200, Loss: 1.3047391173065233
2024-06-19 01:33:11 - INFO - Epoch 158/1200, Loss: 1.2560812101611054
2024-06-19 01:33:15 - INFO - Epoch 159/1200, Loss: 1.2915981824619802
2024-06-19 01:33:19 - INFO - Epoch 160/1200, Loss: 1.2659317038633642
2024-06-19 01:33:23 - INFO - Epoch 161/1200, Loss: 1.324202760378697
2024-06-19 01:33:27 - INFO - Epoch 162/1200, Loss: 1.3848984547806868
2024-06-19 01:33:31 - INFO - Epoch 163/1200, Loss: 1.2822588718940993
2024-06-19 01:33:35 - INFO - Epoch 164/1200, Loss: 1.284443361209603
2024-06-19 01:33:38 - INFO - Epoch 165/1200, Loss: 1.2999764116484323
2024-06-19 01:33:42 - INFO - Epoch 166/1200, Loss: 1.2785074992453167
2024-06-19 01:33:46 - INFO - Epoch 167/1200, Loss: 1.2549670332618401
2024-06-19 01:33:50 - INFO - Epoch 168/1200, Loss: 1.272997862689915
2024-06-19 01:33:54 - INFO - Epoch 169/1200, Loss: 1.2983336415311002
2024-06-19 01:33:58 - INFO - Epoch 170/1200, Loss: 1.2865633110296764
2024-06-19 01:34:02 - INFO - Epoch 171/1200, Loss: 1.3031790145342417
2024-06-19 01:34:06 - INFO - Epoch 172/1200, Loss: 1.2710976888294172
2024-06-19 01:34:10 - INFO - Epoch 173/1200, Loss: 1.2789233489631249
2024-06-19 01:34:13 - INFO - Epoch 174/1200, Loss: 1.256698654773306
2024-06-19 01:34:17 - INFO - Epoch 175/1200, Loss: 1.273240121744259
2024-06-19 01:34:21 - INFO - Epoch 176/1200, Loss: 1.4582450410808052
2024-06-19 01:34:25 - INFO - Epoch 177/1200, Loss: 1.2938940037478797
2024-06-19 01:34:29 - INFO - Epoch 178/1200, Loss: 1.2935637307456307
2024-06-19 01:34:33 - INFO - Epoch 179/1200, Loss: 1.3019442465749405
2024-06-19 01:34:36 - INFO - Epoch 180/1200, Loss: 1.3951023974822265
2024-06-19 01:34:40 - INFO - Epoch 181/1200, Loss: 1.2766023337223182
2024-06-19 01:34:44 - INFO - Epoch 182/1200, Loss: 1.47094770168397
2024-06-19 01:34:48 - INFO - Epoch 183/1200, Loss: 1.3029588308149493
2024-06-19 01:34:52 - INFO - Epoch 184/1200, Loss: 1.3059855293752158
2024-06-19 01:34:56 - INFO - Epoch 185/1200, Loss: 1.3469229355985715
2024-06-19 01:35:00 - INFO - Epoch 186/1200, Loss: 1.2849927582025074
2024-06-19 01:35:04 - INFO - Epoch 187/1200, Loss: 1.2956761426519594
2024-06-19 01:35:08 - INFO - Epoch 188/1200, Loss: 1.2953752582444367
2024-06-19 01:35:12 - INFO - Epoch 189/1200, Loss: 1.2806424490772563
2024-06-19 01:35:15 - INFO - Epoch 190/1200, Loss: 1.2879760873227395
2024-06-19 01:35:19 - INFO - Epoch 191/1200, Loss: 1.314518438480292
2024-06-19 01:35:23 - INFO - Epoch 192/1200, Loss: 1.2791195293242632
2024-06-19 01:35:27 - INFO - Epoch 193/1200, Loss: 1.2745170113194002
2024-06-19 01:35:31 - INFO - Epoch 194/1200, Loss: 1.2954716365418164
2024-06-19 01:35:35 - INFO - Epoch 195/1200, Loss: 1.3146772840357401
2024-06-19 01:35:38 - INFO - Epoch 196/1200, Loss: 1.3596381917855611
2024-06-19 01:35:42 - INFO - Epoch 197/1200, Loss: 1.3182608949164492
2024-06-19 01:35:46 - INFO - Epoch 198/1200, Loss: 1.2623762115188508
2024-06-19 01:35:50 - INFO - Epoch 199/1200, Loss: 1.2777221634071785
2024-06-19 01:35:54 - INFO - Epoch 200/1200, Loss: 1.280898083139041
2024-06-19 01:35:58 - INFO - Epoch 201/1200, Loss: 1.2709404685554582
2024-06-19 01:36:02 - INFO - Epoch 202/1200, Loss: 1.3077691001760872
2024-06-19 01:36:06 - INFO - Epoch 203/1200, Loss: 1.3126537930664532
2024-06-19 01:36:09 - INFO - Epoch 204/1200, Loss: 1.319886651026046
2024-06-19 01:36:13 - INFO - Epoch 205/1200, Loss: 1.2744273157159205
2024-06-19 01:36:17 - INFO - Epoch 206/1200, Loss: 1.2879114374258647
2024-06-19 01:36:21 - INFO - Epoch 207/1200, Loss: 1.306890570457436
2024-06-19 01:36:25 - INFO - Epoch 208/1200, Loss: 1.283651705444959
2024-06-19 01:36:29 - INFO - Epoch 209/1200, Loss: 1.2655834245342636
2024-06-19 01:36:32 - INFO - Epoch 210/1200, Loss: 1.2756403009966761
2024-06-19 01:36:36 - INFO - Epoch 211/1200, Loss: 1.2662744407778377
2024-06-19 01:36:40 - INFO - Epoch 212/1200, Loss: 1.269348227467402
2024-06-19 01:36:44 - INFO - Epoch 213/1200, Loss: 1.2869885931264151
2024-06-19 01:36:48 - INFO - Epoch 214/1200, Loss: 1.2754889962863032
2024-06-19 01:36:52 - INFO - Epoch 215/1200, Loss: 1.2961428017290002
2024-06-19 01:36:56 - INFO - Epoch 216/1200, Loss: 1.3032595347877172
2024-06-19 01:37:00 - INFO - Epoch 217/1200, Loss: 1.274989216745368
2024-06-19 01:37:04 - INFO - Epoch 218/1200, Loss: 1.3011829126431442
2024-06-19 01:37:08 - INFO - Epoch 219/1200, Loss: 1.290712284652812
2024-06-19 01:37:11 - INFO - Epoch 220/1200, Loss: 1.2620958009978824
2024-06-19 01:37:15 - INFO - Epoch 221/1200, Loss: 1.2858750436205482
2024-06-19 01:37:19 - INFO - Epoch 222/1200, Loss: 1.2923116547423128
2024-06-19 01:37:23 - INFO - Epoch 223/1200, Loss: 1.2905964362251705
2024-06-19 01:37:26 - INFO - Epoch 224/1200, Loss: 1.2832579698566169
2024-06-19 01:37:30 - INFO - Epoch 225/1200, Loss: 1.2614690360844298
2024-06-19 01:37:34 - INFO - Epoch 226/1200, Loss: 1.280353689484088
2024-06-19 01:37:38 - INFO - Epoch 227/1200, Loss: 1.272028524431896
2024-06-19 01:37:41 - INFO - Epoch 228/1200, Loss: 1.3956015061169595
2024-06-19 01:37:45 - INFO - Epoch 229/1200, Loss: 1.305309103377853
2024-06-19 01:37:50 - INFO - Epoch 230/1200, Loss: 1.272817790926636
2024-06-19 01:37:53 - INFO - Epoch 231/1200, Loss: 1.272199541345576
2024-06-19 01:37:57 - INFO - Epoch 232/1200, Loss: 1.2736629635166248
2024-06-19 01:38:01 - INFO - Epoch 233/1200, Loss: 1.2877241160360577
2024-06-19 01:38:05 - INFO - Epoch 234/1200, Loss: 1.3514293331273823
2024-06-19 01:38:09 - INFO - Epoch 235/1200, Loss: 1.2954925599969513
2024-06-19 01:38:12 - INFO - Epoch 236/1200, Loss: 1.318488987044178
2024-06-19 01:38:16 - INFO - Epoch 237/1200, Loss: 1.2719254656848296
2024-06-19 01:38:20 - INFO - Epoch 238/1200, Loss: 1.3352178812292959
2024-06-19 01:38:24 - INFO - Epoch 239/1200, Loss: 1.3141592561143027
2024-06-19 01:38:28 - INFO - Epoch 240/1200, Loss: 1.3134872698304
2024-06-19 01:38:32 - INFO - Epoch 241/1200, Loss: 1.3067048549186633
2024-06-19 01:38:36 - INFO - Epoch 242/1200, Loss: 1.2811007840649018
2024-06-19 01:38:40 - INFO - Epoch 243/1200, Loss: 1.2647103751237128
2024-06-19 01:38:43 - INFO - Epoch 244/1200, Loss: 1.3174366393925139
2024-06-19 01:38:47 - INFO - Epoch 245/1200, Loss: 1.2934369238102414
2024-06-19 01:38:51 - INFO - Epoch 246/1200, Loss: 1.3063942696688782
2024-06-19 01:38:55 - INFO - Epoch 247/1200, Loss: 1.2899283698117923
2024-06-19 01:38:58 - INFO - Epoch 248/1200, Loss: 1.294027955463473
2024-06-19 01:39:02 - INFO - Epoch 249/1200, Loss: 1.2645428422737148
2024-06-19 01:39:06 - INFO - Epoch 250/1200, Loss: 1.2650195720005926
2024-06-19 01:39:10 - INFO - Epoch 251/1200, Loss: 1.29101935635106
2024-06-19 01:39:14 - INFO - Epoch 252/1200, Loss: 1.3043904579905394
2024-06-19 01:39:18 - INFO - Epoch 253/1200, Loss: 1.2890618116138692
2024-06-19 01:39:21 - INFO - Epoch 254/1200, Loss: 1.3647983772997487
2024-06-19 01:39:25 - INFO - Epoch 255/1200, Loss: 1.2692561455308902
2024-06-19 01:39:29 - INFO - Epoch 256/1200, Loss: 1.319338485302799
2024-06-19 01:39:33 - INFO - Epoch 257/1200, Loss: 1.2734984665110272
2024-06-19 01:39:36 - INFO - Epoch 258/1200, Loss: 1.2933781343551936
2024-06-19 01:39:40 - INFO - Epoch 259/1200, Loss: 1.3005777061586792
2024-06-19 01:39:44 - INFO - Epoch 260/1200, Loss: 1.3764732363433156
2024-06-19 01:39:48 - INFO - Epoch 261/1200, Loss: 1.3210020487275145
2024-06-19 01:39:52 - INFO - Epoch 262/1200, Loss: 1.3249504614180003
2024-06-19 01:39:56 - INFO - Epoch 263/1200, Loss: 1.2757649443081187
2024-06-19 01:40:00 - INFO - Epoch 264/1200, Loss: 1.2839841008829127
2024-06-19 01:40:04 - INFO - Epoch 265/1200, Loss: 1.2813470284155166
2024-06-19 01:40:07 - INFO - Epoch 266/1200, Loss: 1.316288040737469
2024-06-19 01:40:11 - INFO - Epoch 267/1200, Loss: 1.2602790927214254
2024-06-19 01:40:15 - INFO - Epoch 268/1200, Loss: 1.275373091376521
2024-06-19 01:40:19 - INFO - Epoch 269/1200, Loss: 1.2553981762852666
2024-06-19 01:40:24 - INFO - Epoch 270/1200, Loss: 1.394299813844733
2024-06-19 01:40:29 - INFO - Epoch 271/1200, Loss: 1.3134201291004983
2024-06-19 01:40:33 - INFO - Epoch 272/1200, Loss: 1.2955588523920336
2024-06-19 01:40:37 - INFO - Epoch 273/1200, Loss: 1.2783427825062943
2024-06-19 01:40:43 - INFO - Epoch 274/1200, Loss: 1.3335042719793793
2024-06-19 01:40:49 - INFO - Epoch 275/1200, Loss: 1.2996469602776346
2024-06-19 01:40:54 - INFO - Epoch 276/1200, Loss: 1.2758635315930322
2024-06-19 01:41:00 - INFO - Epoch 277/1200, Loss: 1.2680911564047863
2024-06-19 01:41:06 - INFO - Epoch 278/1200, Loss: 1.259384969185903
2024-06-19 01:41:11 - INFO - Epoch 279/1200, Loss: 1.2848926293923644
2024-06-19 01:41:15 - INFO - Epoch 280/1200, Loss: 1.2940638238890636
2024-06-19 01:41:19 - INFO - Epoch 281/1200, Loss: 1.2703913548931065
2024-06-19 01:41:23 - INFO - Epoch 282/1200, Loss: 1.2871651184895223
