2024-07-24 17:34:56 - INFO - This log entry will go into a uniquely named file for this run.
2024-07-24 17:34:56 - INFO - without hidden
2024-07-24 17:34:56 - INFO - Params:
2024-07-24 17:34:56 - INFO - embedding_dim=32
2024-07-24 17:34:56 - INFO - hidden_dim:32
2024-07-24 17:34:56 - INFO - num_layers:2
2024-07-24 17:34:56 - INFO - epochs:100
2024-07-24 17:34:56 - INFO - batch_size:64
2024-07-24 17:34:56 - INFO - lr:0.001
2024-07-24 17:35:00 - INFO - Starting LSTM model training...
2024-07-24 17:35:01 - INFO - Epoch: 1/100, Training Loss: -10.068625117427317
2024-07-24 17:35:01 - INFO - Epoch: 1/100, Validation Loss: -18.915052677023, Accuracy: 50.39094095443516%
2024-07-24 17:35:01 - INFO - Model saved with validation accuracy: 50.39094095443516%
2024-07-24 17:35:03 - INFO - Epoch: 2/100, Training Loss: -27.067982910008265
2024-07-24 17:35:03 - INFO - Epoch: 2/100, Validation Loss: -34.60864744515255, Accuracy: 50.39094095443516%
2024-07-24 17:35:04 - INFO - Epoch: 3/100, Training Loss: -42.698567484987194
2024-07-24 17:35:04 - INFO - Epoch: 3/100, Validation Loss: -49.92929639487431, Accuracy: 50.39094095443516%
2024-07-24 17:35:06 - INFO - Epoch: 4/100, Training Loss: -58.09388939265547
2024-07-24 17:35:06 - INFO - Epoch: 4/100, Validation Loss: -65.13557088786158, Accuracy: 50.39094095443516%
2024-07-24 17:35:07 - INFO - Epoch: 5/100, Training Loss: -73.41926421790288
2024-07-24 17:35:07 - INFO - Epoch: 5/100, Validation Loss: -80.31213724202124, Accuracy: 50.39094095443516%
2024-07-24 17:35:09 - INFO - Epoch: 6/100, Training Loss: -88.73500814931145
2024-07-24 17:35:09 - INFO - Epoch: 6/100, Validation Loss: -95.44388692132358, Accuracy: 50.39094095443516%
2024-07-24 17:35:10 - INFO - Epoch: 7/100, Training Loss: -103.99802563108247
2024-07-24 17:35:10 - INFO - Epoch: 7/100, Validation Loss: -110.5589494376347, Accuracy: 50.39094095443516%
2024-07-24 17:35:12 - INFO - Epoch: 8/100, Training Loss: -119.23793720376902
2024-07-24 17:35:12 - INFO - Epoch: 8/100, Validation Loss: -125.68335868572366, Accuracy: 50.39094095443516%
2024-07-24 17:35:13 - INFO - Epoch: 9/100, Training Loss: -134.49533316184736
2024-07-24 17:35:14 - INFO - Epoch: 9/100, Validation Loss: -140.75609878013873, Accuracy: 50.39094095443516%
2024-07-24 17:35:15 - INFO - Epoch: 10/100, Training Loss: -149.76402101845576
2024-07-24 17:35:15 - INFO - Epoch: 10/100, Validation Loss: -155.85554668821138, Accuracy: 50.39094095443516%
2024-07-24 17:35:16 - INFO - Epoch: 11/100, Training Loss: -165.01865597428946
2024-07-24 17:35:17 - INFO - Epoch: 11/100, Validation Loss: -170.95173145162647, Accuracy: 50.39094095443516%
2024-07-24 17:35:18 - INFO - Epoch: 12/100, Training Loss: -180.20190916390254
2024-07-24 17:35:18 - INFO - Epoch: 12/100, Validation Loss: -186.02342487203663, Accuracy: 50.39094095443516%
2024-07-24 17:35:19 - INFO - Epoch: 13/100, Training Loss: -195.38926637583765
2024-07-24 17:35:20 - INFO - Epoch: 13/100, Validation Loss: -201.09810283266265, Accuracy: 50.39094095443516%
2024-07-24 17:35:21 - INFO - Epoch: 14/100, Training Loss: -210.67277053306842
2024-07-24 17:35:21 - INFO - Epoch: 14/100, Validation Loss: -216.16191719318257, Accuracy: 50.39094095443516%
2024-07-24 17:35:22 - INFO - Epoch: 15/100, Training Loss: -225.8685975568048
2024-07-24 17:35:22 - INFO - Epoch: 15/100, Validation Loss: -231.2219863102354, Accuracy: 50.39094095443516%
2024-07-24 17:35:24 - INFO - Epoch: 16/100, Training Loss: -241.1183601247853
2024-07-24 17:35:24 - INFO - Epoch: 16/100, Validation Loss: -246.32100506486563, Accuracy: 50.39094095443516%
2024-07-24 17:35:25 - INFO - Epoch: 17/100, Training Loss: -256.3382237533043
2024-07-24 17:35:25 - INFO - Epoch: 17/100, Validation Loss: -261.40457903105636, Accuracy: 50.39094095443516%
