2024-07-10 22:54:07 - INFO - This log entry will go into a uniquely named file for this run.
2024-07-10 22:54:07 - INFO - without hidden
2024-07-10 22:54:07 - INFO - valid:3302
2024-07-10 22:54:07 - INFO - invalid:3304
2024-07-10 22:54:07 - INFO - Params:
2024-07-10 22:54:07 - INFO - embedding_dim=32
2024-07-10 22:54:07 - INFO - hidden_dim:32
2024-07-10 22:54:07 - INFO - num_layers:2
2024-07-10 22:54:07 - INFO - epochs:300
2024-07-10 22:54:07 - INFO - batch_size:64
2024-07-10 22:54:07 - INFO - lr:0.001
2024-07-10 22:54:12 - INFO - Starting LSTM model training...
2024-07-10 22:54:15 - INFO - Epoch: 1/300, Training Loss: 0.6930399750841075
2024-07-10 22:54:15 - INFO - Epoch: 1/300, Validation Loss: 0.6928648834045117, Accuracy: 51.09501638213485%
2024-07-10 22:54:15 - INFO - Model saved with validation accuracy: 51.09501638213485%
2024-07-10 22:54:18 - INFO - Epoch: 2/300, Training Loss: 0.6928002300755731
2024-07-10 22:54:18 - INFO - Epoch: 2/300, Validation Loss: 0.6931385555110134, Accuracy: 51.534747370236246%
2024-07-10 22:54:18 - INFO - Model saved with validation accuracy: 51.534747370236246%
2024-07-10 22:54:21 - INFO - Epoch: 3/300, Training Loss: 0.6925543740700031
2024-07-10 22:54:21 - INFO - Epoch: 3/300, Validation Loss: 0.6926296477789408, Accuracy: 51.48301431281256%
2024-07-10 22:54:24 - INFO - Epoch: 4/300, Training Loss: 0.6920596951451795
2024-07-10 22:54:24 - INFO - Epoch: 4/300, Validation Loss: 0.6928173968425164, Accuracy: 51.457147784100705%
2024-07-10 22:54:26 - INFO - Epoch: 5/300, Training Loss: 0.6837613633583332
2024-07-10 22:54:27 - INFO - Epoch: 5/300, Validation Loss: 0.6925309080998976, Accuracy: 55.406104500775996%
2024-07-10 22:54:27 - INFO - Model saved with validation accuracy: 55.406104500775996%
2024-07-10 22:54:29 - INFO - Epoch: 6/300, Training Loss: 0.6402603433049958
2024-07-10 22:54:30 - INFO - Epoch: 6/300, Validation Loss: 0.6174541888656196, Accuracy: 61.48473874806001%
2024-07-10 22:54:30 - INFO - Model saved with validation accuracy: 61.48473874806001%
2024-07-10 22:54:32 - INFO - Epoch: 7/300, Training Loss: 0.608954560098977
2024-07-10 22:54:32 - INFO - Epoch: 7/300, Validation Loss: 0.5944752984649533, Accuracy: 64.019658561821%
2024-07-10 22:54:32 - INFO - Model saved with validation accuracy: 64.019658561821%
2024-07-10 22:54:35 - INFO - Epoch: 8/300, Training Loss: 0.5867307893161116
2024-07-10 22:54:35 - INFO - Epoch: 8/300, Validation Loss: 0.5800813063160404, Accuracy: 65.22676323504052%
2024-07-10 22:54:35 - INFO - Model saved with validation accuracy: 65.22676323504052%
2024-07-10 22:54:38 - INFO - Epoch: 9/300, Training Loss: 0.5770045087666347
2024-07-10 22:54:38 - INFO - Epoch: 9/300, Validation Loss: 0.5738898481313999, Accuracy: 65.46818416968443%
2024-07-10 22:54:38 - INFO - Model saved with validation accuracy: 65.46818416968443%
2024-07-10 22:54:41 - INFO - Epoch: 10/300, Training Loss: 0.5761506145164884
2024-07-10 22:54:41 - INFO - Epoch: 10/300, Validation Loss: 0.5619153652217362, Accuracy: 66.52871184687015%
2024-07-10 22:54:41 - INFO - Model saved with validation accuracy: 66.52871184687015%
2024-07-10 22:54:44 - INFO - Epoch: 11/300, Training Loss: 0.5560040339930304
2024-07-10 22:54:44 - INFO - Epoch: 11/300, Validation Loss: 0.5521156065739118, Accuracy: 66.3562683221245%
2024-07-10 22:54:47 - INFO - Epoch: 12/300, Training Loss: 0.5494839503025186
2024-07-10 22:54:47 - INFO - Epoch: 12/300, Validation Loss: 0.5469379452886162, Accuracy: 66.9425763062597%
2024-07-10 22:54:47 - INFO - Model saved with validation accuracy: 66.9425763062597%
2024-07-10 22:54:50 - INFO - Epoch: 13/300, Training Loss: 0.5442023563796077
2024-07-10 22:54:50 - INFO - Epoch: 13/300, Validation Loss: 0.5365756450446098, Accuracy: 67.99448180720815%
2024-07-10 22:54:50 - INFO - Model saved with validation accuracy: 67.99448180720815%
2024-07-10 22:54:52 - INFO - Epoch: 14/300, Training Loss: 0.5345366218994404
2024-07-10 22:54:53 - INFO - Epoch: 14/300, Validation Loss: 0.5331451953439922, Accuracy: 68.87394378341094%
2024-07-10 22:54:53 - INFO - Model saved with validation accuracy: 68.87394378341094%
2024-07-10 22:54:55 - INFO - Epoch: 15/300, Training Loss: 0.5253155130353467
2024-07-10 22:54:56 - INFO - Epoch: 15/300, Validation Loss: 0.5190270453036486, Accuracy: 69.21883083290223%
2024-07-10 22:54:56 - INFO - Model saved with validation accuracy: 69.21883083290223%
2024-07-10 22:54:58 - INFO - Epoch: 16/300, Training Loss: 0.511392877841818
2024-07-10 22:54:58 - INFO - Epoch: 16/300, Validation Loss: 0.5056272676357856, Accuracy: 70.53802379720642%
2024-07-10 22:54:58 - INFO - Model saved with validation accuracy: 70.53802379720642%
2024-07-10 22:55:01 - INFO - Epoch: 17/300, Training Loss: 0.5012611800226672
2024-07-10 22:55:01 - INFO - Epoch: 17/300, Validation Loss: 0.5005164909493792, Accuracy: 70.72771167442663%
2024-07-10 22:55:01 - INFO - Model saved with validation accuracy: 70.72771167442663%
2024-07-10 22:55:04 - INFO - Epoch: 18/300, Training Loss: 0.49624490614595085
2024-07-10 22:55:04 - INFO - Epoch: 18/300, Validation Loss: 0.49775363177388576, Accuracy: 70.99499913778237%
2024-07-10 22:55:04 - INFO - Model saved with validation accuracy: 70.99499913778237%
2024-07-10 22:55:07 - INFO - Epoch: 19/300, Training Loss: 0.4897395131505769
2024-07-10 22:55:07 - INFO - Epoch: 19/300, Validation Loss: 0.492297242630969, Accuracy: 71.11570960510433%
2024-07-10 22:55:07 - INFO - Model saved with validation accuracy: 71.11570960510433%
2024-07-10 22:55:10 - INFO - Epoch: 20/300, Training Loss: 0.48413719617087264
2024-07-10 22:55:10 - INFO - Epoch: 20/300, Validation Loss: 0.4928744972407163, Accuracy: 70.16727021900327%
2024-07-10 22:55:13 - INFO - Epoch: 21/300, Training Loss: 0.4785193301480392
2024-07-10 22:55:13 - INFO - Epoch: 21/300, Validation Loss: 0.5064889061581958, Accuracy: 70.33971374374892%
2024-07-10 22:55:15 - INFO - Epoch: 22/300, Training Loss: 0.4743263840675354
2024-07-10 22:55:16 - INFO - Epoch: 22/300, Validation Loss: 0.4762575054889197, Accuracy: 71.3226418347991%
2024-07-10 22:55:16 - INFO - Model saved with validation accuracy: 71.3226418347991%
2024-07-10 22:55:18 - INFO - Epoch: 23/300, Training Loss: 0.4688042578203925
2024-07-10 22:55:19 - INFO - Epoch: 23/300, Validation Loss: 0.48533115871660004, Accuracy: 71.27953095361269%
2024-07-10 22:55:21 - INFO - Epoch: 24/300, Training Loss: 0.4643077877883253
2024-07-10 22:55:21 - INFO - Epoch: 24/300, Validation Loss: 0.4749667506951552, Accuracy: 70.99499913778237%
2024-07-10 22:55:24 - INFO - Epoch: 25/300, Training Loss: 0.45962908366630817
2024-07-10 22:55:24 - INFO - Epoch: 25/300, Validation Loss: 0.46316779806063724, Accuracy: 69.90860493188481%
2024-07-10 22:55:27 - INFO - Epoch: 26/300, Training Loss: 0.45783913238295193
2024-07-10 22:55:27 - INFO - Epoch: 26/300, Validation Loss: 0.46689000119874763, Accuracy: 70.67597861700293%
2024-07-10 22:55:30 - INFO - Epoch: 27/300, Training Loss: 0.4500695463706707
2024-07-10 22:55:30 - INFO - Epoch: 27/300, Validation Loss: 0.4597705596095913, Accuracy: 71.08984307639248%
2024-07-10 22:55:33 - INFO - Epoch: 28/300, Training Loss: 0.44577644870199007
2024-07-10 22:55:33 - INFO - Epoch: 28/300, Validation Loss: 0.4557338971030581, Accuracy: 70.3483359199862%
2024-07-10 22:55:35 - INFO - Epoch: 29/300, Training Loss: 0.443870302315416
2024-07-10 22:55:36 - INFO - Epoch: 29/300, Validation Loss: 0.4508157135038586, Accuracy: 71.1760648387653%
2024-07-10 22:55:38 - INFO - Epoch: 30/300, Training Loss: 0.4426040441003339
2024-07-10 22:55:39 - INFO - Epoch: 30/300, Validation Loss: 0.44981578418186735, Accuracy: 70.70184514571478%
2024-07-10 22:55:41 - INFO - Epoch: 31/300, Training Loss: 0.43765923339745094
2024-07-10 22:55:41 - INFO - Epoch: 31/300, Validation Loss: 0.44570443427169715, Accuracy: 70.82255561303673%
2024-07-10 22:55:44 - INFO - Epoch: 32/300, Training Loss: 0.435388166308403
2024-07-10 22:55:44 - INFO - Epoch: 32/300, Validation Loss: 0.44202940231496163, Accuracy: 71.08984307639248%
2024-07-10 22:55:47 - INFO - Epoch: 33/300, Training Loss: 0.4321953131823704
2024-07-10 22:55:47 - INFO - Epoch: 33/300, Validation Loss: 0.44341745546885897, Accuracy: 70.40869115364718%
2024-07-10 22:55:50 - INFO - Epoch: 34/300, Training Loss: 0.4317983256126272
2024-07-10 22:55:50 - INFO - Epoch: 34/300, Validation Loss: 0.43961447248092067, Accuracy: 70.32246939127435%
2024-07-10 22:55:53 - INFO - Epoch: 35/300, Training Loss: 0.4278826921150602
2024-07-10 22:55:53 - INFO - Epoch: 35/300, Validation Loss: 0.44331380266409653, Accuracy: 71.44335230212106%
2024-07-10 22:55:53 - INFO - Model saved with validation accuracy: 71.44335230212106%
2024-07-10 22:55:55 - INFO - Epoch: 36/300, Training Loss: 0.426084172314611
2024-07-10 22:55:56 - INFO - Epoch: 36/300, Validation Loss: 0.43959359464409586, Accuracy: 70.94326608035868%
2024-07-10 22:55:58 - INFO - Epoch: 37/300, Training Loss: 0.42521036902378345
2024-07-10 22:55:59 - INFO - Epoch: 37/300, Validation Loss: 0.43431058264040684, Accuracy: 70.12415933781686%
2024-07-10 22:56:01 - INFO - Epoch: 38/300, Training Loss: 0.4237014587583213
2024-07-10 22:56:02 - INFO - Epoch: 38/300, Validation Loss: 0.43625666004615826, Accuracy: 69.46025176754613%
2024-07-10 22:56:04 - INFO - Epoch: 39/300, Training Loss: 0.42167148849059793
2024-07-10 22:56:04 - INFO - Epoch: 39/300, Validation Loss: 0.434903023989646, Accuracy: 70.55526814968098%
2024-07-10 22:56:07 - INFO - Epoch: 40/300, Training Loss: 0.4196575743576576
2024-07-10 22:56:07 - INFO - Epoch: 40/300, Validation Loss: 0.4300742339301895, Accuracy: 70.58975685463011%
2024-07-10 22:56:10 - INFO - Epoch: 41/300, Training Loss: 0.4173555637639144
2024-07-10 22:56:10 - INFO - Epoch: 41/300, Validation Loss: 0.4289346234156535, Accuracy: 69.94309363683394%
2024-07-10 22:56:13 - INFO - Epoch: 42/300, Training Loss: 0.41735431436834663
2024-07-10 22:56:13 - INFO - Epoch: 42/300, Validation Loss: 0.43705303639501003, Accuracy: 69.70167270219004%
2024-07-10 22:56:16 - INFO - Epoch: 43/300, Training Loss: 0.4171836336316734
2024-07-10 22:56:16 - INFO - Epoch: 43/300, Validation Loss: 0.4267013878612728, Accuracy: 70.72771167442663%
2024-07-10 22:56:18 - INFO - Epoch: 44/300, Training Loss: 0.41714104060469004
2024-07-10 22:56:19 - INFO - Epoch: 44/300, Validation Loss: 0.4284357202577067, Accuracy: 69.58958441110536%
2024-07-10 22:56:21 - INFO - Epoch: 45/300, Training Loss: 0.4154712051769783
2024-07-10 22:56:22 - INFO - Epoch: 45/300, Validation Loss: 0.4272194707786644, Accuracy: 70.43455768235903%
2024-07-10 22:56:24 - INFO - Epoch: 46/300, Training Loss: 0.4124935836216499
2024-07-10 22:56:25 - INFO - Epoch: 46/300, Validation Loss: 0.42802166365660155, Accuracy: 71.78823935161235%
2024-07-10 22:56:25 - INFO - Model saved with validation accuracy: 71.78823935161235%
2024-07-10 22:56:27 - INFO - Epoch: 47/300, Training Loss: 0.41170592213499135
2024-07-10 22:56:27 - INFO - Epoch: 47/300, Validation Loss: 0.4228138674746503, Accuracy: 71.51232971201931%
2024-07-10 22:56:30 - INFO - Epoch: 48/300, Training Loss: 0.41129241400751576
2024-07-10 22:56:30 - INFO - Epoch: 48/300, Validation Loss: 0.43243999451726345, Accuracy: 70.6932229694775%
2024-07-10 22:56:33 - INFO - Epoch: 49/300, Training Loss: 0.4106886362618413
2024-07-10 22:56:33 - INFO - Epoch: 49/300, Validation Loss: 0.4213605354447941, Accuracy: 70.06380410415589%
2024-07-10 22:56:36 - INFO - Epoch: 50/300, Training Loss: 0.40758022337124267
2024-07-10 22:56:36 - INFO - Epoch: 50/300, Validation Loss: 0.42198967327783393, Accuracy: 70.30522503879979%
2024-07-10 22:56:39 - INFO - Epoch: 51/300, Training Loss: 0.4089219093322754
2024-07-10 22:56:39 - INFO - Epoch: 51/300, Validation Loss: 0.4212550478322165, Accuracy: 71.09846525262977%
2024-07-10 22:56:41 - INFO - Epoch: 52/300, Training Loss: 0.4092509809033624
2024-07-10 22:56:42 - INFO - Epoch: 52/300, Validation Loss: 0.42016702268149825, Accuracy: 70.14140369029143%
2024-07-10 22:56:44 - INFO - Epoch: 53/300, Training Loss: 0.4068745632007204
2024-07-10 22:56:45 - INFO - Epoch: 53/300, Validation Loss: 0.4229724290934238, Accuracy: 70.58975685463011%
2024-07-10 22:56:47 - INFO - Epoch: 54/300, Training Loss: 0.40443594414612344
2024-07-10 22:56:48 - INFO - Epoch: 54/300, Validation Loss: 0.42650159767695833, Accuracy: 69.83100534574926%
2024-07-10 22:56:50 - INFO - Epoch: 55/300, Training Loss: 0.404086610037705
2024-07-10 22:56:50 - INFO - Epoch: 55/300, Validation Loss: 0.41695015869297825, Accuracy: 70.60700120710467%
2024-07-10 22:56:53 - INFO - Epoch: 56/300, Training Loss: 0.4052681857347488
2024-07-10 22:56:53 - INFO - Epoch: 56/300, Validation Loss: 0.41868153820326043, Accuracy: 69.60682876357993%
2024-07-10 22:56:56 - INFO - Epoch: 57/300, Training Loss: 0.40161675646387296
2024-07-10 22:56:56 - INFO - Epoch: 57/300, Validation Loss: 0.4216096360277344, Accuracy: 70.80531126056216%
2024-07-10 22:56:59 - INFO - Epoch: 58/300, Training Loss: 0.4069723361113976
2024-07-10 22:56:59 - INFO - Epoch: 58/300, Validation Loss: 0.42341525557931964, Accuracy: 69.71029487842732%
2024-07-10 22:57:02 - INFO - Epoch: 59/300, Training Loss: 0.4051415733222304
2024-07-10 22:57:02 - INFO - Epoch: 59/300, Validation Loss: 0.41812149738217447, Accuracy: 69.7189170546646%
2024-07-10 22:57:05 - INFO - Epoch: 60/300, Training Loss: 0.4006302133099786
2024-07-10 22:57:05 - INFO - Epoch: 60/300, Validation Loss: 0.4289485894061707, Accuracy: 69.83100534574926%
2024-07-10 22:57:08 - INFO - Epoch: 61/300, Training Loss: 0.4005192181981843
2024-07-10 22:57:08 - INFO - Epoch: 61/300, Validation Loss: 0.4194719452451874, Accuracy: 69.45162959130884%
2024-07-10 22:57:10 - INFO - Epoch: 62/300, Training Loss: 0.4003657877445221
2024-07-10 22:57:11 - INFO - Epoch: 62/300, Validation Loss: 0.41860237553879454, Accuracy: 70.27073633385066%
2024-07-10 22:57:13 - INFO - Epoch: 63/300, Training Loss: 0.3980773276296155
2024-07-10 22:57:14 - INFO - Epoch: 63/300, Validation Loss: 0.41535120498348066, Accuracy: 69.62407311605449%
2024-07-10 22:57:16 - INFO - Epoch: 64/300, Training Loss: 0.39908673364540626
2024-07-10 22:57:16 - INFO - Epoch: 64/300, Validation Loss: 0.41531343168609747, Accuracy: 69.46887394378341%
2024-07-10 22:57:19 - INFO - Epoch: 65/300, Training Loss: 0.3987748196001711
2024-07-10 22:57:19 - INFO - Epoch: 65/300, Validation Loss: 0.41060460727293413, Accuracy: 69.62407311605449%
2024-07-10 22:57:22 - INFO - Epoch: 66/300, Training Loss: 0.39666414466397515
2024-07-10 22:57:22 - INFO - Epoch: 66/300, Validation Loss: 0.4180438118976551, Accuracy: 70.2103811001897%
2024-07-10 22:57:25 - INFO - Epoch: 67/300, Training Loss: 0.3976932600859938
2024-07-10 22:57:25 - INFO - Epoch: 67/300, Validation Loss: 0.41476221218868925, Accuracy: 70.04655975168133%
2024-07-10 22:57:28 - INFO - Epoch: 68/300, Training Loss: 0.3978632628095561
2024-07-10 22:57:28 - INFO - Epoch: 68/300, Validation Loss: 0.416153296992019, Accuracy: 69.96896016554578%
2024-07-10 22:57:31 - INFO - Epoch: 69/300, Training Loss: 0.39600242298224875
2024-07-10 22:57:31 - INFO - Epoch: 69/300, Validation Loss: 0.41244038955850915, Accuracy: 70.5466459734437%
2024-07-10 22:57:33 - INFO - Epoch: 70/300, Training Loss: 0.3947179710865021
2024-07-10 22:57:34 - INFO - Epoch: 70/300, Validation Loss: 0.41978412522719455, Accuracy: 70.14140369029143%
2024-07-10 22:57:36 - INFO - Epoch: 71/300, Training Loss: 0.39568446701970594
2024-07-10 22:57:37 - INFO - Epoch: 71/300, Validation Loss: 0.41505037330009126, Accuracy: 69.97758234178306%
2024-07-10 22:57:39 - INFO - Epoch: 72/300, Training Loss: 0.3965529023367783
2024-07-10 22:57:39 - INFO - Epoch: 72/300, Validation Loss: 0.40885754306237776, Accuracy: 69.88273840317297%
2024-07-10 22:57:42 - INFO - Epoch: 73/300, Training Loss: 0.392836757035091
2024-07-10 22:57:42 - INFO - Epoch: 73/300, Validation Loss: 0.4121287443808147, Accuracy: 70.20175892395241%
2024-07-10 22:57:45 - INFO - Epoch: 74/300, Training Loss: 0.3938294311638536
2024-07-10 22:57:45 - INFO - Epoch: 74/300, Validation Loss: 0.40953764876166543, Accuracy: 69.78789446456285%
2024-07-10 22:57:48 - INFO - Epoch: 75/300, Training Loss: 0.3934247125017232
2024-07-10 22:57:48 - INFO - Epoch: 75/300, Validation Loss: 0.40709526869621904, Accuracy: 69.58958441110536%
2024-07-10 22:57:51 - INFO - Epoch: 76/300, Training Loss: 0.39626497155633467
2024-07-10 22:57:51 - INFO - Epoch: 76/300, Validation Loss: 0.41728676085943706, Accuracy: 69.77927228832557%
2024-07-10 22:57:53 - INFO - Epoch: 77/300, Training Loss: 0.392140549709057
2024-07-10 22:57:54 - INFO - Epoch: 77/300, Validation Loss: 0.4155343648169067, Accuracy: 69.58096223486808%
2024-07-10 22:57:56 - INFO - Epoch: 78/300, Training Loss: 0.39141900459240225
2024-07-10 22:57:57 - INFO - Epoch: 78/300, Validation Loss: 0.40995531177127753, Accuracy: 69.88273840317297%
2024-07-10 22:57:59 - INFO - Epoch: 79/300, Training Loss: 0.391666695516685
2024-07-10 22:58:00 - INFO - Epoch: 79/300, Validation Loss: 0.41332241057694613, Accuracy: 69.79651664080014%
2024-07-10 22:58:02 - INFO - Epoch: 80/300, Training Loss: 0.39107621686211946
2024-07-10 22:58:02 - INFO - Epoch: 80/300, Validation Loss: 0.40839385969953224, Accuracy: 70.33109156751163%
2024-07-10 22:58:05 - INFO - Epoch: 81/300, Training Loss: 0.39103078459871227
2024-07-10 22:58:05 - INFO - Epoch: 81/300, Validation Loss: 0.41245163829772025, Accuracy: 71.47784100707018%
2024-07-10 22:58:08 - INFO - Epoch: 82/300, Training Loss: 0.39214434465457654
2024-07-10 22:58:08 - INFO - Epoch: 82/300, Validation Loss: 0.40806136304860585, Accuracy: 69.89136057941025%
2024-07-10 22:58:11 - INFO - Epoch: 83/300, Training Loss: 0.3912481180963845
2024-07-10 22:58:11 - INFO - Epoch: 83/300, Validation Loss: 0.4062409214266054, Accuracy: 70.09829280910502%
2024-07-10 22:58:14 - INFO - Epoch: 84/300, Training Loss: 0.3908628226970804
2024-07-10 22:58:14 - INFO - Epoch: 84/300, Validation Loss: 0.4088893712876917, Accuracy: 69.87411622693568%
2024-07-10 22:58:16 - INFO - Epoch: 85/300, Training Loss: 0.3912432477597533
2024-07-10 22:58:17 - INFO - Epoch: 85/300, Validation Loss: 0.4068763875044309, Accuracy: 69.5723400586308%
2024-07-10 22:58:19 - INFO - Epoch: 86/300, Training Loss: 0.38928757601770864
2024-07-10 22:58:20 - INFO - Epoch: 86/300, Validation Loss: 0.40585111998594725, Accuracy: 69.40851871012244%
2024-07-10 22:58:22 - INFO - Epoch: 87/300, Training Loss: 0.3877996109271872
2024-07-10 22:58:22 - INFO - Epoch: 87/300, Validation Loss: 0.41863505968025755, Accuracy: 70.02931539920677%
2024-07-10 22:58:25 - INFO - Epoch: 88/300, Training Loss: 0.38907853936326914
2024-07-10 22:58:25 - INFO - Epoch: 88/300, Validation Loss: 0.4130177980923391, Accuracy: 69.65856182100362%
2024-07-10 22:58:28 - INFO - Epoch: 89/300, Training Loss: 0.38813319294617094
2024-07-10 22:58:28 - INFO - Epoch: 89/300, Validation Loss: 0.40420828268423187, Accuracy: 69.59820658734264%
2024-07-10 22:58:31 - INFO - Epoch: 90/300, Training Loss: 0.3876489947171047
2024-07-10 22:58:31 - INFO - Epoch: 90/300, Validation Loss: 0.41266195410555534, Accuracy: 69.76202793585101%
2024-07-10 22:58:34 - INFO - Epoch: 91/300, Training Loss: 0.3863199029708731
2024-07-10 22:58:34 - INFO - Epoch: 91/300, Validation Loss: 0.4098848296063287, Accuracy: 69.6671839972409%
2024-07-10 22:58:37 - INFO - Epoch: 92/300, Training Loss: 0.3866141912032818
2024-07-10 22:58:37 - INFO - Epoch: 92/300, Validation Loss: 0.409758638549637, Accuracy: 69.69305052595276%
2024-07-10 22:58:39 - INFO - Epoch: 93/300, Training Loss: 0.38698516118115395
2024-07-10 22:58:40 - INFO - Epoch: 93/300, Validation Loss: 0.4035144024170362, Accuracy: 69.63269529229177%
2024-07-10 22:58:42 - INFO - Epoch: 94/300, Training Loss: 0.38594607603961023
2024-07-10 22:58:43 - INFO - Epoch: 94/300, Validation Loss: 0.40345467463299467, Accuracy: 69.56371788239352%
2024-07-10 22:58:45 - INFO - Epoch: 95/300, Training Loss: 0.3852439074680723
2024-07-10 22:58:46 - INFO - Epoch: 95/300, Validation Loss: 0.40496419271924994, Accuracy: 70.2534919813761%
2024-07-10 22:58:48 - INFO - Epoch: 96/300, Training Loss: 0.3861977405383669
2024-07-10 22:58:48 - INFO - Epoch: 96/300, Validation Loss: 0.40321000951987046, Accuracy: 70.09829280910502%
2024-07-10 22:58:51 - INFO - Epoch: 97/300, Training Loss: 0.38681755851055016
2024-07-10 22:58:51 - INFO - Epoch: 97/300, Validation Loss: 0.4035869486384339, Accuracy: 70.08104845663046%
2024-07-10 22:58:54 - INFO - Epoch: 98/300, Training Loss: 0.38374201252542695
2024-07-10 22:58:54 - INFO - Epoch: 98/300, Validation Loss: 0.4205202376776999, Accuracy: 70.86566649422315%
2024-07-10 22:58:57 - INFO - Epoch: 99/300, Training Loss: 0.3854846302188676
2024-07-10 22:58:57 - INFO - Epoch: 99/300, Validation Loss: 0.40437046299268914, Accuracy: 70.43455768235903%
2024-07-10 22:59:00 - INFO - Epoch: 100/300, Training Loss: 0.38522098570034424
2024-07-10 22:59:00 - INFO - Epoch: 100/300, Validation Loss: 0.410859404193176, Accuracy: 69.80513881703742%
2024-07-10 22:59:03 - INFO - Epoch: 101/300, Training Loss: 0.3841504227704015
2024-07-10 22:59:03 - INFO - Epoch: 101/300, Validation Loss: 0.4106301878179823, Accuracy: 69.68442834971547%
2024-07-10 22:59:05 - INFO - Epoch: 102/300, Training Loss: 0.3852351421939916
2024-07-10 22:59:06 - INFO - Epoch: 102/300, Validation Loss: 0.40901126786247716, Accuracy: 69.52922917744439%
2024-07-10 22:59:08 - INFO - Epoch: 103/300, Training Loss: 0.3853262523124958
2024-07-10 22:59:09 - INFO - Epoch: 103/300, Validation Loss: 0.40648395166947293, Accuracy: 69.53785135368167%
2024-07-10 22:59:11 - INFO - Epoch: 104/300, Training Loss: 0.38482062939939826
2024-07-10 22:59:12 - INFO - Epoch: 104/300, Validation Loss: 0.4315758187037248, Accuracy: 69.73616140713916%
2024-07-10 22:59:14 - INFO - Epoch: 105/300, Training Loss: 0.3841478879698392
2024-07-10 22:59:14 - INFO - Epoch: 105/300, Validation Loss: 0.39898810003484997, Accuracy: 69.72753923090188%
2024-07-10 22:59:17 - INFO - Epoch: 106/300, Training Loss: 0.38295307097763853
2024-07-10 22:59:17 - INFO - Epoch: 106/300, Validation Loss: 0.4051794907548925, Accuracy: 69.41714088635972%
2024-07-10 22:59:20 - INFO - Epoch: 107/300, Training Loss: 0.38376553181944223
2024-07-10 22:59:20 - INFO - Epoch: 107/300, Validation Loss: 0.4007667573271217, Accuracy: 69.36540782893603%
2024-07-10 22:59:23 - INFO - Epoch: 108/300, Training Loss: 0.3819681552360798
2024-07-10 22:59:23 - INFO - Epoch: 108/300, Validation Loss: 0.40992829432854283, Accuracy: 69.37403000517331%
2024-07-10 22:59:26 - INFO - Epoch: 109/300, Training Loss: 0.38275417490252134
2024-07-10 22:59:26 - INFO - Epoch: 109/300, Validation Loss: 0.40901751013902515, Accuracy: 69.64131746852905%
2024-07-10 22:59:29 - INFO - Epoch: 110/300, Training Loss: 0.38257318874885293
2024-07-10 22:59:29 - INFO - Epoch: 110/300, Validation Loss: 0.4043143915606069, Accuracy: 69.8137609932747%
2024-07-10 22:59:32 - INFO - Epoch: 111/300, Training Loss: 0.38192942376794486
2024-07-10 22:59:32 - INFO - Epoch: 111/300, Validation Loss: 0.4084411939749351, Accuracy: 70.01207104673219%
2024-07-10 22:59:35 - INFO - Epoch: 112/300, Training Loss: 0.3823088449239731
2024-07-10 22:59:35 - INFO - Epoch: 112/300, Validation Loss: 0.42088510456321004, Accuracy: 69.33091912398689%
2024-07-10 22:59:38 - INFO - Epoch: 113/300, Training Loss: 0.3820668242101012
2024-07-10 22:59:38 - INFO - Epoch: 113/300, Validation Loss: 0.40575858606741977, Accuracy: 69.80513881703742%
2024-07-10 22:59:40 - INFO - Epoch: 114/300, Training Loss: 0.38063342534262556
2024-07-10 22:59:41 - INFO - Epoch: 114/300, Validation Loss: 0.41021467876303325, Accuracy: 69.19296430419038%
2024-07-10 22:59:43 - INFO - Epoch: 115/300, Training Loss: 0.3836532951223439
2024-07-10 22:59:44 - INFO - Epoch: 115/300, Validation Loss: 0.40376711988842096, Accuracy: 69.05500948439386%
2024-07-10 22:59:46 - INFO - Epoch: 116/300, Training Loss: 0.382930507844892
2024-07-10 22:59:46 - INFO - Epoch: 116/300, Validation Loss: 0.4087361949649486, Accuracy: 69.24469736161407%
2024-07-10 22:59:49 - INFO - Epoch: 117/300, Training Loss: 0.38698061318233096
2024-07-10 22:59:49 - INFO - Epoch: 117/300, Validation Loss: 0.4013652004055924, Accuracy: 70.24486980513882%
2024-07-10 22:59:52 - INFO - Epoch: 118/300, Training Loss: 0.3819676152591048
2024-07-10 22:59:52 - INFO - Epoch: 118/300, Validation Loss: 0.4108913314866496, Accuracy: 69.82238316951198%
2024-07-10 22:59:55 - INFO - Epoch: 119/300, Training Loss: 0.38485195246236076
2024-07-10 22:59:55 - INFO - Epoch: 119/300, Validation Loss: 0.4126201712495678, Accuracy: 69.77927228832557%
2024-07-10 22:59:57 - INFO - Epoch: 120/300, Training Loss: 0.38390077582721055
2024-07-10 22:59:57 - INFO - Epoch: 120/300, Validation Loss: 0.4036655886160148, Accuracy: 69.93447146059665%
2024-07-10 23:00:00 - INFO - Epoch: 121/300, Training Loss: 0.38061268650252245
2024-07-10 23:00:00 - INFO - Epoch: 121/300, Validation Loss: 0.4111802198074676, Accuracy: 69.40851871012244%
2024-07-10 23:00:02 - INFO - Epoch: 122/300, Training Loss: 0.37856171673741834
2024-07-10 23:00:02 - INFO - Epoch: 122/300, Validation Loss: 0.4035109452657647, Accuracy: 69.7189170546646%
2024-07-10 23:00:04 - INFO - Epoch: 123/300, Training Loss: 0.37939945907428346
2024-07-10 23:00:04 - INFO - Epoch: 123/300, Validation Loss: 0.40148133923719215, Accuracy: 70.33109156751163%
2024-07-10 23:00:06 - INFO - Epoch: 124/300, Training Loss: 0.37853498660284896
2024-07-10 23:00:07 - INFO - Epoch: 124/300, Validation Loss: 0.40653505299117537, Accuracy: 69.06363166063115%
2024-07-10 23:00:09 - INFO - Epoch: 125/300, Training Loss: 0.379337141801571
2024-07-10 23:00:09 - INFO - Epoch: 125/300, Validation Loss: 0.40365212762748803, Accuracy: 69.50336264873253%
2024-07-10 23:00:11 - INFO - Epoch: 126/300, Training Loss: 0.37784378388832357
2024-07-10 23:00:11 - INFO - Epoch: 126/300, Validation Loss: 0.4065476934333424, Accuracy: 70.36558027246078%
2024-07-10 23:00:13 - INFO - Epoch: 127/300, Training Loss: 0.3789616029838036
2024-07-10 23:00:13 - INFO - Epoch: 127/300, Validation Loss: 0.40096841687029533, Accuracy: 69.53785135368167%
2024-07-10 23:00:16 - INFO - Epoch: 128/300, Training Loss: 0.37962575186943187
2024-07-10 23:00:16 - INFO - Epoch: 128/300, Validation Loss: 0.4063171344799, Accuracy: 69.39127435764787%
2024-07-10 23:00:18 - INFO - Epoch: 129/300, Training Loss: 0.37768298860253957
2024-07-10 23:00:18 - INFO - Epoch: 129/300, Validation Loss: 0.4071960799641662, Accuracy: 70.4000689774099%
2024-07-10 23:00:21 - INFO - Epoch: 130/300, Training Loss: 0.379546049031718
2024-07-10 23:00:21 - INFO - Epoch: 130/300, Validation Loss: 0.4120750564795274, Accuracy: 68.99465425073288%
2024-07-10 23:00:23 - INFO - Epoch: 131/300, Training Loss: 0.37880899363550646
2024-07-10 23:00:23 - INFO - Epoch: 131/300, Validation Loss: 0.4016035549588256, Accuracy: 68.94292119330919%
2024-07-10 23:00:26 - INFO - Epoch: 132/300, Training Loss: 0.3793597567492518
2024-07-10 23:00:26 - INFO - Epoch: 132/300, Validation Loss: 0.40771814181909455, Accuracy: 69.21883083290223%
2024-07-10 23:00:28 - INFO - Epoch: 133/300, Training Loss: 0.37846819232250084
2024-07-10 23:00:28 - INFO - Epoch: 133/300, Validation Loss: 0.40061992144846653, Accuracy: 69.01189860320746%
2024-07-10 23:00:30 - INFO - Epoch: 134/300, Training Loss: 0.37674526831199384
2024-07-10 23:00:30 - INFO - Epoch: 134/300, Validation Loss: 0.4021108048957783, Accuracy: 69.51198482496983%
2024-07-10 23:00:32 - INFO - Epoch: 135/300, Training Loss: 0.3769837476261731
2024-07-10 23:00:33 - INFO - Epoch: 135/300, Validation Loss: 0.409297811624768, Accuracy: 69.23607518537679%
2024-07-10 23:00:34 - INFO - Epoch: 136/300, Training Loss: 0.3782384899155847
2024-07-10 23:00:35 - INFO - Epoch: 136/300, Validation Loss: 0.4084395895619969, Accuracy: 69.79651664080014%
2024-07-10 23:00:37 - INFO - Epoch: 137/300, Training Loss: 0.3780330883223435
2024-07-10 23:00:37 - INFO - Epoch: 137/300, Validation Loss: 0.4058402665368803, Accuracy: 71.23642007242628%
2024-07-10 23:00:39 - INFO - Epoch: 138/300, Training Loss: 0.3780235846289273
2024-07-10 23:00:39 - INFO - Epoch: 138/300, Validation Loss: 0.4081241819229755, Accuracy: 70.22762545266426%
2024-07-10 23:00:42 - INFO - Epoch: 139/300, Training Loss: 0.3759651580761219
2024-07-10 23:00:42 - INFO - Epoch: 139/300, Validation Loss: 0.3991068043224104, Accuracy: 69.59820658734264%
2024-07-10 23:00:44 - INFO - Epoch: 140/300, Training Loss: 0.37755098579258756
2024-07-10 23:00:45 - INFO - Epoch: 140/300, Validation Loss: 0.4076894248252387, Accuracy: 69.36540782893603%
2024-07-10 23:00:47 - INFO - Epoch: 141/300, Training Loss: 0.3767644994834374
2024-07-10 23:00:48 - INFO - Epoch: 141/300, Validation Loss: 0.4052847817048922, Accuracy: 69.0377651319193%
2024-07-10 23:00:50 - INFO - Epoch: 142/300, Training Loss: 0.3777610881780756
2024-07-10 23:00:50 - INFO - Epoch: 142/300, Validation Loss: 0.40693335513492207, Accuracy: 70.44317985859631%
2024-07-10 23:00:53 - INFO - Epoch: 143/300, Training Loss: 0.37610850584918054
2024-07-10 23:00:53 - INFO - Epoch: 143/300, Validation Loss: 0.40364557602903345, Accuracy: 69.1326090705294%
2024-07-10 23:00:56 - INFO - Epoch: 144/300, Training Loss: 0.37701797616892846
2024-07-10 23:00:56 - INFO - Epoch: 144/300, Validation Loss: 0.40597992005584005, Accuracy: 69.08949818934299%
2024-07-10 23:00:59 - INFO - Epoch: 145/300, Training Loss: 0.37633552245024976
2024-07-10 23:00:59 - INFO - Epoch: 145/300, Validation Loss: 0.40460644326694717, Accuracy: 68.96878772202103%
2024-07-10 23:01:02 - INFO - Epoch: 146/300, Training Loss: 0.3769526359130596
2024-07-10 23:01:02 - INFO - Epoch: 146/300, Validation Loss: 0.4170823098866494, Accuracy: 69.10674254181755%
2024-07-10 23:01:04 - INFO - Epoch: 147/300, Training Loss: 0.3746628751836974
2024-07-10 23:01:05 - INFO - Epoch: 147/300, Validation Loss: 0.40694369064582575, Accuracy: 69.90860493188481%
2024-07-10 23:01:07 - INFO - Epoch: 148/300, Training Loss: 0.3760641219287083
2024-07-10 23:01:08 - INFO - Epoch: 148/300, Validation Loss: 0.41484657126468616, Accuracy: 69.14985342300396%
2024-07-10 23:01:10 - INFO - Epoch: 149/300, Training Loss: 0.37842578546754246
2024-07-10 23:01:10 - INFO - Epoch: 149/300, Validation Loss: 0.41517244787006585, Accuracy: 71.36575271598551%
2024-07-10 23:01:13 - INFO - Epoch: 150/300, Training Loss: 0.3794379299673541
2024-07-10 23:01:13 - INFO - Epoch: 150/300, Validation Loss: 0.41821838505975495, Accuracy: 70.08104845663046%
2024-07-10 23:01:16 - INFO - Epoch: 151/300, Training Loss: 0.3743936625636857
2024-07-10 23:01:16 - INFO - Epoch: 151/300, Validation Loss: 0.4017190558242274, Accuracy: 69.73616140713916%
2024-07-10 23:01:19 - INFO - Epoch: 152/300, Training Loss: 0.37319381590547235
2024-07-10 23:01:19 - INFO - Epoch: 152/300, Validation Loss: 0.410526536159463, Accuracy: 68.82221072598723%
2024-07-10 23:01:22 - INFO - Epoch: 153/300, Training Loss: 0.37434441430815335
2024-07-10 23:01:22 - INFO - Epoch: 153/300, Validation Loss: 0.41259899326078187, Accuracy: 69.21020865666495%
2024-07-10 23:01:24 - INFO - Epoch: 154/300, Training Loss: 0.3762324168353245
2024-07-10 23:01:25 - INFO - Epoch: 154/300, Validation Loss: 0.40996910287783694, Accuracy: 68.90843248836006%
2024-07-10 23:01:27 - INFO - Epoch: 155/300, Training Loss: 0.37843382956652805
2024-07-10 23:01:28 - INFO - Epoch: 155/300, Validation Loss: 0.40564326237846204, Accuracy: 69.41714088635972%
2024-07-10 23:01:30 - INFO - Epoch: 156/300, Training Loss: 0.37559915896119744
2024-07-10 23:01:30 - INFO - Epoch: 156/300, Validation Loss: 0.4057290804582638, Accuracy: 69.60682876357993%
2024-07-10 23:01:33 - INFO - Epoch: 157/300, Training Loss: 0.3734061186889122
2024-07-10 23:01:33 - INFO - Epoch: 157/300, Validation Loss: 0.4111061924761468, Accuracy: 68.77047766856354%
2024-07-10 23:01:36 - INFO - Epoch: 158/300, Training Loss: 0.3758378533248244
2024-07-10 23:01:36 - INFO - Epoch: 158/300, Validation Loss: 0.40350254682394177, Accuracy: 69.20158648042766%
2024-07-10 23:01:39 - INFO - Epoch: 159/300, Training Loss: 0.37403226367358505
2024-07-10 23:01:39 - INFO - Epoch: 159/300, Validation Loss: 0.407804868050984, Accuracy: 69.69305052595276%
2024-07-10 23:01:42 - INFO - Epoch: 160/300, Training Loss: 0.37566272215596563
2024-07-10 23:01:42 - INFO - Epoch: 160/300, Validation Loss: 0.41827005295308084, Accuracy: 69.11536471805483%
2024-07-10 23:01:44 - INFO - Epoch: 161/300, Training Loss: 0.37386007985164377
2024-07-10 23:01:45 - INFO - Epoch: 161/300, Validation Loss: 0.41288050354182065, Accuracy: 68.81358854974995%
2024-07-10 23:01:47 - INFO - Epoch: 162/300, Training Loss: 0.3730133895010784
2024-07-10 23:01:48 - INFO - Epoch: 162/300, Validation Loss: 0.4077098603759493, Accuracy: 68.96016554578375%
2024-07-10 23:01:50 - INFO - Epoch: 163/300, Training Loss: 0.3756119313322265
2024-07-10 23:01:51 - INFO - Epoch: 163/300, Validation Loss: 0.4163102312729909, Accuracy: 69.33954130022417%
2024-07-10 23:01:53 - INFO - Epoch: 164/300, Training Loss: 0.37442497298635286
2024-07-10 23:01:53 - INFO - Epoch: 164/300, Validation Loss: 0.4051647233766514, Accuracy: 69.04638730815658%
2024-07-10 23:01:56 - INFO - Epoch: 165/300, Training Loss: 0.3726047238810309
2024-07-10 23:01:56 - INFO - Epoch: 165/300, Validation Loss: 0.41004796702783186, Accuracy: 69.24469736161407%
2024-07-10 23:01:59 - INFO - Epoch: 166/300, Training Loss: 0.37631560399614533
2024-07-10 23:01:59 - INFO - Epoch: 166/300, Validation Loss: 0.4035751474100155, Accuracy: 70.02931539920677%
2024-07-10 23:02:02 - INFO - Epoch: 167/300, Training Loss: 0.3757222654490635
2024-07-10 23:02:02 - INFO - Epoch: 167/300, Validation Loss: 0.4065419116190502, Accuracy: 68.96878772202103%
2024-07-10 23:02:04 - INFO - Epoch: 168/300, Training Loss: 0.3722191741137669
2024-07-10 23:02:05 - INFO - Epoch: 168/300, Validation Loss: 0.406227303812137, Accuracy: 69.01189860320746%
2024-07-10 23:02:07 - INFO - Epoch: 169/300, Training Loss: 0.37435867880952767
2024-07-10 23:02:07 - INFO - Epoch: 169/300, Validation Loss: 0.4143303255294705, Accuracy: 68.84807725469909%
2024-07-10 23:02:10 - INFO - Epoch: 170/300, Training Loss: 0.374094905442205
2024-07-10 23:02:10 - INFO - Epoch: 170/300, Validation Loss: 0.39790829590388704, Accuracy: 69.63269529229177%
2024-07-10 23:02:13 - INFO - Epoch: 171/300, Training Loss: 0.37254255331795794
2024-07-10 23:02:13 - INFO - Epoch: 171/300, Validation Loss: 0.4094415353713455, Accuracy: 68.87394378341094%
2024-07-10 23:02:16 - INFO - Epoch: 172/300, Training Loss: 0.37311058636369376
2024-07-10 23:02:16 - INFO - Epoch: 172/300, Validation Loss: 0.4116420187465437, Accuracy: 69.21883083290223%
2024-07-10 23:02:19 - INFO - Epoch: 173/300, Training Loss: 0.37366180707668434
2024-07-10 23:02:19 - INFO - Epoch: 173/300, Validation Loss: 0.4078642455758629, Accuracy: 70.16727021900327%
2024-07-10 23:02:22 - INFO - Epoch: 174/300, Training Loss: 0.37236292298497825
2024-07-10 23:02:22 - INFO - Epoch: 174/300, Validation Loss: 0.4219339747841542, Accuracy: 68.81358854974995%
2024-07-10 23:02:24 - INFO - Epoch: 175/300, Training Loss: 0.37287404845500816
2024-07-10 23:02:25 - INFO - Epoch: 175/300, Validation Loss: 0.41601085859340625, Accuracy: 68.51181238144508%
2024-07-10 23:02:27 - INFO - Epoch: 176/300, Training Loss: 0.3735139410660185
2024-07-10 23:02:28 - INFO - Epoch: 176/300, Validation Loss: 0.4142949071886775, Accuracy: 68.83945507846181%
2024-07-10 23:02:30 - INFO - Epoch: 177/300, Training Loss: 0.3726655497633178
2024-07-10 23:02:30 - INFO - Epoch: 177/300, Validation Loss: 0.4133453226678974, Accuracy: 68.8911881358855%
2024-07-10 23:02:33 - INFO - Epoch: 178/300, Training Loss: 0.374330031769029
2024-07-10 23:02:33 - INFO - Epoch: 178/300, Validation Loss: 0.41088042801225577, Accuracy: 68.7877220210381%
2024-07-10 23:02:36 - INFO - Epoch: 179/300, Training Loss: 0.37232085963775374
2024-07-10 23:02:36 - INFO - Epoch: 179/300, Validation Loss: 0.4128634512915716, Accuracy: 68.65838937747887%
2024-07-10 23:02:39 - INFO - Epoch: 180/300, Training Loss: 0.3739352839157499
2024-07-10 23:02:39 - INFO - Epoch: 180/300, Validation Loss: 0.40576476382685234, Accuracy: 69.53785135368167%
2024-07-10 23:02:42 - INFO - Epoch: 181/300, Training Loss: 0.3727780819761342
2024-07-10 23:02:42 - INFO - Epoch: 181/300, Validation Loss: 0.4104759093005579, Accuracy: 68.53767891015693%
2024-07-10 23:02:44 - INFO - Epoch: 182/300, Training Loss: 0.37216440490607555
2024-07-10 23:02:45 - INFO - Epoch: 182/300, Validation Loss: 0.41873534727882555, Accuracy: 68.91705466459734%
2024-07-10 23:02:47 - INFO - Epoch: 183/300, Training Loss: 0.3720598365726142
2024-07-10 23:02:47 - INFO - Epoch: 183/300, Validation Loss: 0.4170010473046984, Accuracy: 69.7189170546646%
2024-07-10 23:02:50 - INFO - Epoch: 184/300, Training Loss: 0.3740147815490591
2024-07-10 23:02:50 - INFO - Epoch: 184/300, Validation Loss: 0.421766031901915, Accuracy: 68.90843248836006%
2024-07-10 23:02:53 - INFO - Epoch: 185/300, Training Loss: 0.3708597936506929
2024-07-10 23:02:53 - INFO - Epoch: 185/300, Validation Loss: 0.42301289925535956, Accuracy: 68.80496637351267%
2024-07-10 23:02:56 - INFO - Epoch: 186/300, Training Loss: 0.3719481375505184
2024-07-10 23:02:56 - INFO - Epoch: 186/300, Validation Loss: 0.41052545541590385, Accuracy: 69.28780824280048%
2024-07-10 23:02:59 - INFO - Epoch: 187/300, Training Loss: 0.3707283624698376
2024-07-10 23:02:59 - INFO - Epoch: 187/300, Validation Loss: 0.41614303901627825, Accuracy: 69.3222969477496%
2024-07-10 23:03:01 - INFO - Epoch: 188/300, Training Loss: 0.3713450944012609
2024-07-10 23:03:02 - INFO - Epoch: 188/300, Validation Loss: 0.41494682840593566, Accuracy: 68.75323331608898%
2024-07-10 23:03:04 - INFO - Epoch: 189/300, Training Loss: 0.3721304531960652
2024-07-10 23:03:05 - INFO - Epoch: 189/300, Validation Loss: 0.4115669769900186, Accuracy: 68.71874461113985%
2024-07-10 23:03:07 - INFO - Epoch: 190/300, Training Loss: 0.37192096523169815
2024-07-10 23:03:08 - INFO - Epoch: 190/300, Validation Loss: 0.40650385519960425, Accuracy: 68.55492326263149%
2024-07-10 23:03:10 - INFO - Epoch: 191/300, Training Loss: 0.37204589151102924
2024-07-10 23:03:10 - INFO - Epoch: 191/300, Validation Loss: 0.4108367905348212, Accuracy: 68.85669943093637%
2024-07-10 23:03:13 - INFO - Epoch: 192/300, Training Loss: 0.37201154285463794
2024-07-10 23:03:13 - INFO - Epoch: 192/300, Validation Loss: 0.4127036701519411, Accuracy: 68.83945507846181%
2024-07-10 23:03:16 - INFO - Epoch: 193/300, Training Loss: 0.3716675373192491
2024-07-10 23:03:16 - INFO - Epoch: 193/300, Validation Loss: 0.41119898847498737, Accuracy: 69.27056389032592%
2024-07-10 23:03:19 - INFO - Epoch: 194/300, Training Loss: 0.37128145684456004
2024-07-10 23:03:19 - INFO - Epoch: 194/300, Validation Loss: 0.41445082139510375, Accuracy: 68.58078979134334%
2024-07-10 23:03:21 - INFO - Epoch: 195/300, Training Loss: 0.37224926114082335
2024-07-10 23:03:22 - INFO - Epoch: 195/300, Validation Loss: 0.41692045650311876, Accuracy: 68.77909984480083%
2024-07-10 23:03:24 - INFO - Epoch: 196/300, Training Loss: 0.37478303652385186
2024-07-10 23:03:25 - INFO - Epoch: 196/300, Validation Loss: 0.41598058663881743, Accuracy: 69.53785135368167%
2024-07-10 23:03:27 - INFO - Epoch: 197/300, Training Loss: 0.3706809211393883
2024-07-10 23:03:27 - INFO - Epoch: 197/300, Validation Loss: 0.41103301082666105, Accuracy: 68.66701155371616%
2024-07-10 23:03:30 - INFO - Epoch: 198/300, Training Loss: 0.3702576329173713
2024-07-10 23:03:30 - INFO - Epoch: 198/300, Validation Loss: 0.4114908327113141, Accuracy: 68.43421279530953%
2024-07-10 23:03:33 - INFO - Epoch: 199/300, Training Loss: 0.37502172805111983
2024-07-10 23:03:33 - INFO - Epoch: 199/300, Validation Loss: 0.4078214726932756, Accuracy: 69.87411622693568%
2024-07-10 23:03:36 - INFO - Epoch: 200/300, Training Loss: 0.3726896667686002
2024-07-10 23:03:36 - INFO - Epoch: 200/300, Validation Loss: 0.41526304226327726, Accuracy: 70.3483359199862%
2024-07-10 23:03:39 - INFO - Epoch: 201/300, Training Loss: 0.3703189780383275
2024-07-10 23:03:39 - INFO - Epoch: 201/300, Validation Loss: 0.41248718821085417, Accuracy: 69.04638730815658%
2024-07-10 23:03:41 - INFO - Epoch: 202/300, Training Loss: 0.3715427631756355
2024-07-10 23:03:42 - INFO - Epoch: 202/300, Validation Loss: 0.4102217727801302, Accuracy: 69.9603379893085%
2024-07-10 23:03:44 - INFO - Epoch: 203/300, Training Loss: 0.37117464172429054
2024-07-10 23:03:45 - INFO - Epoch: 203/300, Validation Loss: 0.41467094274012595, Accuracy: 70.02069322296948%
2024-07-10 23:03:47 - INFO - Epoch: 204/300, Training Loss: 0.3718537356730165
2024-07-10 23:03:47 - INFO - Epoch: 204/300, Validation Loss: 0.41655142457930594, Accuracy: 68.64976720124159%
2024-07-10 23:03:50 - INFO - Epoch: 205/300, Training Loss: 0.3713887382992383
2024-07-10 23:03:50 - INFO - Epoch: 205/300, Validation Loss: 0.4128432377026631, Accuracy: 68.41696844283497%
2024-07-10 23:03:53 - INFO - Epoch: 206/300, Training Loss: 0.36827939323310194
2024-07-10 23:03:53 - INFO - Epoch: 206/300, Validation Loss: 0.40661106078506826, Accuracy: 68.27901362303845%
2024-07-10 23:03:56 - INFO - Epoch: 207/300, Training Loss: 0.372601762064572
2024-07-10 23:03:56 - INFO - Epoch: 207/300, Validation Loss: 0.4100725301183187, Accuracy: 69.02052077944474%
2024-07-10 23:03:58 - INFO - Epoch: 208/300, Training Loss: 0.37007877438232817
2024-07-10 23:03:59 - INFO - Epoch: 208/300, Validation Loss: 0.40855938081557935, Accuracy: 68.13243662700465%
2024-07-10 23:04:01 - INFO - Epoch: 209/300, Training Loss: 0.37069173944407496
2024-07-10 23:04:02 - INFO - Epoch: 209/300, Validation Loss: 0.4182522603934938, Accuracy: 68.54630108639421%
2024-07-10 23:04:04 - INFO - Epoch: 210/300, Training Loss: 0.3706864652140387
2024-07-10 23:04:05 - INFO - Epoch: 210/300, Validation Loss: 0.4123603389649601, Accuracy: 68.86532160717366%
2024-07-10 23:04:07 - INFO - Epoch: 211/300, Training Loss: 0.3702500125457501
2024-07-10 23:04:07 - INFO - Epoch: 211/300, Validation Loss: 0.42281058054048937, Accuracy: 69.02914295568202%
2024-07-10 23:04:10 - INFO - Epoch: 212/300, Training Loss: 0.3734098026053659
2024-07-10 23:04:10 - INFO - Epoch: 212/300, Validation Loss: 0.4175183388230565, Accuracy: 68.83945507846181%
2024-07-10 23:04:13 - INFO - Epoch: 213/300, Training Loss: 0.3688752316811989
2024-07-10 23:04:13 - INFO - Epoch: 213/300, Validation Loss: 0.4175074155350308, Accuracy: 68.37385756164856%
2024-07-10 23:04:16 - INFO - Epoch: 214/300, Training Loss: 0.36920410271348625
2024-07-10 23:04:16 - INFO - Epoch: 214/300, Validation Loss: 0.4087015015410853, Accuracy: 68.76185549232626%
2024-07-10 23:04:19 - INFO - Epoch: 215/300, Training Loss: 0.3702130061799082
2024-07-10 23:04:19 - INFO - Epoch: 215/300, Validation Loss: 0.4145851154085044, Accuracy: 68.29625797551302%
2024-07-10 23:04:21 - INFO - Epoch: 216/300, Training Loss: 0.36854231534333065
2024-07-10 23:04:22 - INFO - Epoch: 216/300, Validation Loss: 0.42279961451396836, Accuracy: 68.64976720124159%
2024-07-10 23:04:24 - INFO - Epoch: 217/300, Training Loss: 0.37007046674859934
2024-07-10 23:04:25 - INFO - Epoch: 217/300, Validation Loss: 0.4068852541047138, Accuracy: 68.13243662700465%
2024-07-10 23:04:27 - INFO - Epoch: 218/300, Training Loss: 0.3685874528514928
2024-07-10 23:04:27 - INFO - Epoch: 218/300, Validation Loss: 0.4148445719709763, Accuracy: 68.38247973788584%
2024-07-10 23:04:30 - INFO - Epoch: 219/300, Training Loss: 0.36807939319775024
2024-07-10 23:04:30 - INFO - Epoch: 219/300, Validation Loss: 0.4054602270761689, Accuracy: 68.26176927056389%
2024-07-10 23:04:33 - INFO - Epoch: 220/300, Training Loss: 0.37111281164761245
2024-07-10 23:04:33 - INFO - Epoch: 220/300, Validation Loss: 0.4161651843524241, Accuracy: 68.46007932402138%
2024-07-10 23:04:36 - INFO - Epoch: 221/300, Training Loss: 0.37145788242077005
2024-07-10 23:04:36 - INFO - Epoch: 221/300, Validation Loss: 0.4099504128917233, Accuracy: 68.356613209174%
2024-07-10 23:04:39 - INFO - Epoch: 222/300, Training Loss: 0.3714699302254052
2024-07-10 23:04:39 - INFO - Epoch: 222/300, Validation Loss: 0.4093084881430144, Accuracy: 68.83945507846181%
2024-07-10 23:04:41 - INFO - Epoch: 223/300, Training Loss: 0.3708464014324649
2024-07-10 23:04:42 - INFO - Epoch: 223/300, Validation Loss: 0.4127387466666463, Accuracy: 69.39989653388515%
2024-07-10 23:04:44 - INFO - Epoch: 224/300, Training Loss: 0.3704080526787659
2024-07-10 23:04:45 - INFO - Epoch: 224/300, Validation Loss: 0.4285319556410496, Accuracy: 68.84807725469909%
2024-07-10 23:04:47 - INFO - Epoch: 225/300, Training Loss: 0.3696050796837642
2024-07-10 23:04:47 - INFO - Epoch: 225/300, Validation Loss: 0.4113165673155051, Accuracy: 68.46870150025866%
2024-07-10 23:04:50 - INFO - Epoch: 226/300, Training Loss: 0.3700005932717488
2024-07-10 23:04:50 - INFO - Epoch: 226/300, Validation Loss: 0.41238416469359135, Accuracy: 68.24452491808933%
2024-07-10 23:04:53 - INFO - Epoch: 227/300, Training Loss: 0.36875610306345186
2024-07-10 23:04:53 - INFO - Epoch: 227/300, Validation Loss: 0.4176831859481204, Accuracy: 68.1583031557165%
2024-07-10 23:04:56 - INFO - Epoch: 228/300, Training Loss: 0.36884819799456103
2024-07-10 23:04:56 - INFO - Epoch: 228/300, Validation Loss: 0.4112359905144671, Accuracy: 68.64976720124159%
2024-07-10 23:04:59 - INFO - Epoch: 229/300, Training Loss: 0.37131604578988303
2024-07-10 23:04:59 - INFO - Epoch: 229/300, Validation Loss: 0.4033958404273777, Accuracy: 69.07225383686843%
2024-07-10 23:05:01 - INFO - Epoch: 230/300, Training Loss: 0.36934680447496215
2024-07-10 23:05:02 - INFO - Epoch: 230/300, Validation Loss: 0.4073711663157075, Accuracy: 68.28763579927573%
2024-07-10 23:05:04 - INFO - Epoch: 231/300, Training Loss: 0.3693358236345752
2024-07-10 23:05:05 - INFO - Epoch: 231/300, Validation Loss: 0.4087623179286391, Accuracy: 68.6411450250043%
2024-07-10 23:05:07 - INFO - Epoch: 232/300, Training Loss: 0.36861888955379357
2024-07-10 23:05:07 - INFO - Epoch: 232/300, Validation Loss: 0.4059854685277729, Accuracy: 68.43421279530953%
2024-07-10 23:05:10 - INFO - Epoch: 233/300, Training Loss: 0.36937151273776747
2024-07-10 23:05:10 - INFO - Epoch: 233/300, Validation Loss: 0.41387738647696737, Accuracy: 68.31350232798758%
2024-07-10 23:05:13 - INFO - Epoch: 234/300, Training Loss: 0.369902839372898
2024-07-10 23:05:13 - INFO - Epoch: 234/300, Validation Loss: 0.40906256101616134, Accuracy: 69.56371788239352%
2024-07-10 23:05:16 - INFO - Epoch: 235/300, Training Loss: 0.3675234195692786
2024-07-10 23:05:16 - INFO - Epoch: 235/300, Validation Loss: 0.41784186857742267, Accuracy: 68.28763579927573%
2024-07-10 23:05:19 - INFO - Epoch: 236/300, Training Loss: 0.36732784943333985
2024-07-10 23:05:19 - INFO - Epoch: 236/300, Validation Loss: 0.42711973100245654, Accuracy: 68.08932574581824%
2024-07-10 23:05:21 - INFO - Epoch: 237/300, Training Loss: 0.36930404303402736
2024-07-10 23:05:22 - INFO - Epoch: 237/300, Validation Loss: 0.4120877326189817, Accuracy: 68.22728056561476%
2024-07-10 23:05:24 - INFO - Epoch: 238/300, Training Loss: 0.3690209869269667
2024-07-10 23:05:25 - INFO - Epoch: 238/300, Validation Loss: 0.40966038684268574, Accuracy: 68.55492326263149%
2024-07-10 23:05:27 - INFO - Epoch: 239/300, Training Loss: 0.3690953211537723
2024-07-10 23:05:27 - INFO - Epoch: 239/300, Validation Loss: 0.41161030940302124, Accuracy: 68.16692533195379%
2024-07-10 23:05:30 - INFO - Epoch: 240/300, Training Loss: 0.3682909971681134
2024-07-10 23:05:30 - INFO - Epoch: 240/300, Validation Loss: 0.414418871995512, Accuracy: 68.46007932402138%
2024-07-10 23:05:33 - INFO - Epoch: 241/300, Training Loss: 0.3701481286821694
2024-07-10 23:05:33 - INFO - Epoch: 241/300, Validation Loss: 0.4323610132048418, Accuracy: 68.41696844283497%
2024-07-10 23:05:36 - INFO - Epoch: 242/300, Training Loss: 0.37019239154355277
2024-07-10 23:05:36 - INFO - Epoch: 242/300, Validation Loss: 0.42190345794289974, Accuracy: 68.82221072598723%
2024-07-10 23:05:39 - INFO - Epoch: 243/300, Training Loss: 0.36997379216654547
2024-07-10 23:05:39 - INFO - Epoch: 243/300, Validation Loss: 0.41683671042159365, Accuracy: 68.7877220210381%
2024-07-10 23:05:41 - INFO - Epoch: 244/300, Training Loss: 0.3674320614132388
2024-07-10 23:05:42 - INFO - Epoch: 244/300, Validation Loss: 0.4144779948087839, Accuracy: 68.38247973788584%
2024-07-10 23:05:44 - INFO - Epoch: 245/300, Training Loss: 0.3676144880878514
2024-07-10 23:05:45 - INFO - Epoch: 245/300, Validation Loss: 0.4076468273178562, Accuracy: 68.29625797551302%
2024-07-10 23:05:47 - INFO - Epoch: 246/300, Training Loss: 0.36830736026681704
2024-07-10 23:05:47 - INFO - Epoch: 246/300, Validation Loss: 0.4122136647065917, Accuracy: 68.42559061907225%
2024-07-10 23:05:50 - INFO - Epoch: 247/300, Training Loss: 0.3698119729140709
2024-07-10 23:05:50 - INFO - Epoch: 247/300, Validation Loss: 0.4122197815513873, Accuracy: 68.1065700982928%
2024-07-10 23:05:53 - INFO - Epoch: 248/300, Training Loss: 0.36872028305612764
2024-07-10 23:05:53 - INFO - Epoch: 248/300, Validation Loss: 0.4193135230587079, Accuracy: 68.46870150025866%
2024-07-10 23:05:56 - INFO - Epoch: 249/300, Training Loss: 0.36824733195633724
2024-07-10 23:05:56 - INFO - Epoch: 249/300, Validation Loss: 0.42341950126401673, Accuracy: 68.54630108639421%
2024-07-10 23:05:59 - INFO - Epoch: 250/300, Training Loss: 0.37058966102271246
2024-07-10 23:05:59 - INFO - Epoch: 250/300, Validation Loss: 0.4115943269251467, Accuracy: 68.44283497154682%
2024-07-10 23:06:01 - INFO - Epoch: 251/300, Training Loss: 0.3712977674706229
2024-07-10 23:06:02 - INFO - Epoch: 251/300, Validation Loss: 0.41956555384856004, Accuracy: 68.88256595964822%
2024-07-10 23:06:04 - INFO - Epoch: 252/300, Training Loss: 0.36768154908870826
2024-07-10 23:06:05 - INFO - Epoch: 252/300, Validation Loss: 0.41618701086922005, Accuracy: 68.4514571477841%
2024-07-10 23:06:07 - INFO - Epoch: 253/300, Training Loss: 0.36794262666126776
2024-07-10 23:06:07 - INFO - Epoch: 253/300, Validation Loss: 0.4162517697601528, Accuracy: 68.93429901707191%
2024-07-10 23:06:10 - INFO - Epoch: 254/300, Training Loss: 0.36773870873040165
2024-07-10 23:06:10 - INFO - Epoch: 254/300, Validation Loss: 0.41029197509799686, Accuracy: 68.4945680289705%
2024-07-10 23:06:13 - INFO - Epoch: 255/300, Training Loss: 0.3671024965212263
2024-07-10 23:06:13 - INFO - Epoch: 255/300, Validation Loss: 0.4191421588862335, Accuracy: 68.19279186066564%
2024-07-10 23:06:16 - INFO - Epoch: 256/300, Training Loss: 0.36780281391637076
2024-07-10 23:06:16 - INFO - Epoch: 256/300, Validation Loss: 0.4167133189819671, Accuracy: 69.07225383686843%
2024-07-10 23:06:19 - INFO - Epoch: 257/300, Training Loss: 0.3722179663181305
2024-07-10 23:06:19 - INFO - Epoch: 257/300, Validation Loss: 0.41986957364357436, Accuracy: 68.12381445076737%
2024-07-10 23:06:21 - INFO - Epoch: 258/300, Training Loss: 0.36962121597651776
2024-07-10 23:06:22 - INFO - Epoch: 258/300, Validation Loss: 0.42358784205638444, Accuracy: 68.29625797551302%
2024-07-10 23:06:24 - INFO - Epoch: 259/300, Training Loss: 0.36826479774096915
2024-07-10 23:06:25 - INFO - Epoch: 259/300, Validation Loss: 0.4173969081961192, Accuracy: 68.36523538541128%
2024-07-10 23:06:27 - INFO - Epoch: 260/300, Training Loss: 0.36652870056958037
2024-07-10 23:06:27 - INFO - Epoch: 260/300, Validation Loss: 0.41087780319727385, Accuracy: 68.52043455768236%
2024-07-10 23:06:30 - INFO - Epoch: 261/300, Training Loss: 0.36715957970454777
2024-07-10 23:06:30 - INFO - Epoch: 261/300, Validation Loss: 0.4146355265280703, Accuracy: 68.83083290222451%
2024-07-10 23:06:33 - INFO - Epoch: 262/300, Training Loss: 0.3683550994355103
2024-07-10 23:06:33 - INFO - Epoch: 262/300, Validation Loss: 0.41448113739818004, Accuracy: 68.36523538541128%
2024-07-10 23:06:36 - INFO - Epoch: 263/300, Training Loss: 0.36934833625267294
2024-07-10 23:06:36 - INFO - Epoch: 263/300, Validation Loss: 0.4130321912221856, Accuracy: 69.02052077944474%
2024-07-10 23:06:38 - INFO - Epoch: 264/300, Training Loss: 0.36831268581850773
2024-07-10 23:06:39 - INFO - Epoch: 264/300, Validation Loss: 0.41281701632580914, Accuracy: 68.33074668046216%
2024-07-10 23:06:41 - INFO - Epoch: 265/300, Training Loss: 0.36688388834739555
2024-07-10 23:06:42 - INFO - Epoch: 265/300, Validation Loss: 0.4165797660147751, Accuracy: 68.21865838937748%
2024-07-10 23:06:44 - INFO - Epoch: 266/300, Training Loss: 0.36649661968494285
2024-07-10 23:06:44 - INFO - Epoch: 266/300, Validation Loss: 0.41525271420295423, Accuracy: 68.3048801517503%
2024-07-10 23:06:47 - INFO - Epoch: 267/300, Training Loss: 0.3664171260184255
2024-07-10 23:06:47 - INFO - Epoch: 267/300, Validation Loss: 0.41810627347165413, Accuracy: 69.65856182100362%
2024-07-10 23:06:50 - INFO - Epoch: 268/300, Training Loss: 0.3674596193535575
2024-07-10 23:06:50 - INFO - Epoch: 268/300, Validation Loss: 0.42218377334730967, Accuracy: 68.55492326263149%
2024-07-10 23:06:53 - INFO - Epoch: 269/300, Training Loss: 0.36715237681207985
2024-07-10 23:06:53 - INFO - Epoch: 269/300, Validation Loss: 0.416917717391318, Accuracy: 68.62390067252974%
2024-07-10 23:06:56 - INFO - Epoch: 270/300, Training Loss: 0.3665448474884033
2024-07-10 23:06:56 - INFO - Epoch: 270/300, Validation Loss: 0.4166580624469034, Accuracy: 68.51181238144508%
2024-07-10 23:06:58 - INFO - Epoch: 271/300, Training Loss: 0.36856156234083504
2024-07-10 23:06:59 - INFO - Epoch: 271/300, Validation Loss: 0.40847109978670604, Accuracy: 68.62390067252974%
2024-07-10 23:07:01 - INFO - Epoch: 272/300, Training Loss: 0.37012787679146075
2024-07-10 23:07:02 - INFO - Epoch: 272/300, Validation Loss: 0.4085291154109515, Accuracy: 68.55492326263149%
2024-07-10 23:07:04 - INFO - Epoch: 273/300, Training Loss: 0.36635307501102315
2024-07-10 23:07:04 - INFO - Epoch: 273/300, Validation Loss: 0.4178121844818304, Accuracy: 67.83928263493706%
2024-07-10 23:07:07 - INFO - Epoch: 274/300, Training Loss: 0.3664598263543228
2024-07-10 23:07:07 - INFO - Epoch: 274/300, Validation Loss: 0.4081925745685022, Accuracy: 68.71012243490257%
2024-07-10 23:07:10 - INFO - Epoch: 275/300, Training Loss: 0.36681325472634413
2024-07-10 23:07:10 - INFO - Epoch: 275/300, Validation Loss: 0.4178874156959764, Accuracy: 67.83066045869978%
2024-07-10 23:07:13 - INFO - Epoch: 276/300, Training Loss: 0.3685437707654361
2024-07-10 23:07:13 - INFO - Epoch: 276/300, Validation Loss: 0.4172023322719794, Accuracy: 68.56354543886877%
2024-07-10 23:07:16 - INFO - Epoch: 277/300, Training Loss: 0.36860424689177806
2024-07-10 23:07:16 - INFO - Epoch: 277/300, Validation Loss: 0.42425297855675875, Accuracy: 69.27056389032592%
2024-07-10 23:07:18 - INFO - Epoch: 278/300, Training Loss: 0.3673693537506564
2024-07-10 23:07:19 - INFO - Epoch: 278/300, Validation Loss: 0.4180582861651431, Accuracy: 68.63252284876702%
2024-07-10 23:07:21 - INFO - Epoch: 279/300, Training Loss: 0.36579241851280475
2024-07-10 23:07:22 - INFO - Epoch: 279/300, Validation Loss: 0.4260373591230466, Accuracy: 68.26176927056389%
2024-07-10 23:07:24 - INFO - Epoch: 280/300, Training Loss: 0.3669509840628196
2024-07-10 23:07:24 - INFO - Epoch: 280/300, Validation Loss: 0.4246977150112718, Accuracy: 68.09794792205552%
2024-07-10 23:07:27 - INFO - Epoch: 281/300, Training Loss: 0.36698970642583123
2024-07-10 23:07:27 - INFO - Epoch: 281/300, Validation Loss: 0.4200421837823732, Accuracy: 68.37385756164856%
2024-07-10 23:07:30 - INFO - Epoch: 282/300, Training Loss: 0.36810393335490393
2024-07-10 23:07:30 - INFO - Epoch: 282/300, Validation Loss: 0.42428479007967224, Accuracy: 68.0634592171064%
2024-07-10 23:07:33 - INFO - Epoch: 283/300, Training Loss: 0.3652725142446058
2024-07-10 23:07:33 - INFO - Epoch: 283/300, Validation Loss: 0.4180021665089733, Accuracy: 68.4514571477841%
2024-07-10 23:07:36 - INFO - Epoch: 284/300, Training Loss: 0.36783647855807994
2024-07-10 23:07:36 - INFO - Epoch: 284/300, Validation Loss: 0.4193042772975597, Accuracy: 68.05483704086912%
2024-07-10 23:07:39 - INFO - Epoch: 285/300, Training Loss: 0.36692732673266837
2024-07-10 23:07:39 - INFO - Epoch: 285/300, Validation Loss: 0.4278222877573181, Accuracy: 69.83962752198654%
2024-07-10 23:07:41 - INFO - Epoch: 286/300, Training Loss: 0.36855912198280466
2024-07-10 23:07:42 - INFO - Epoch: 286/300, Validation Loss: 0.41542446392250587, Accuracy: 69.65856182100362%
2024-07-10 23:07:44 - INFO - Epoch: 287/300, Training Loss: 0.3667818192572429
2024-07-10 23:07:45 - INFO - Epoch: 287/300, Validation Loss: 0.4406349643409907, Accuracy: 68.62390067252974%
2024-07-10 23:07:47 - INFO - Epoch: 288/300, Training Loss: 0.3674488207184035
2024-07-10 23:07:47 - INFO - Epoch: 288/300, Validation Loss: 0.4369705332504524, Accuracy: 68.64976720124159%
2024-07-10 23:07:50 - INFO - Epoch: 289/300, Training Loss: 0.366091893993575
2024-07-10 23:07:50 - INFO - Epoch: 289/300, Validation Loss: 0.4307144011606227, Accuracy: 68.14105880324193%
2024-07-10 23:07:53 - INFO - Epoch: 290/300, Training Loss: 0.3688313650057234
2024-07-10 23:07:53 - INFO - Epoch: 290/300, Validation Loss: 0.4265202409946002, Accuracy: 68.32212450422486%
2024-07-10 23:07:56 - INFO - Epoch: 291/300, Training Loss: 0.36706317367224855
2024-07-10 23:07:56 - INFO - Epoch: 291/300, Validation Loss: 0.42702110742147154, Accuracy: 67.90826004483532%
2024-07-10 23:07:59 - INFO - Epoch: 292/300, Training Loss: 0.36581059194844345
2024-07-10 23:07:59 - INFO - Epoch: 292/300, Validation Loss: 0.42627531167242555, Accuracy: 68.79634419727539%
2024-07-10 23:08:01 - INFO - Epoch: 293/300, Training Loss: 0.365862113237381
2024-07-10 23:08:02 - INFO - Epoch: 293/300, Validation Loss: 0.42889453577143805, Accuracy: 68.0634592171064%
2024-07-10 23:08:04 - INFO - Epoch: 294/300, Training Loss: 0.3660002363344719
2024-07-10 23:08:05 - INFO - Epoch: 294/300, Validation Loss: 0.42286102031613443, Accuracy: 68.16692533195379%
2024-07-10 23:08:07 - INFO - Epoch: 295/300, Training Loss: 0.3655234443935855
2024-07-10 23:08:07 - INFO - Epoch: 295/300, Validation Loss: 0.41736579637278565, Accuracy: 68.22728056561476%
2024-07-10 23:08:10 - INFO - Epoch: 296/300, Training Loss: 0.36614175882832756
2024-07-10 23:08:10 - INFO - Epoch: 296/300, Validation Loss: 0.4204899558981696, Accuracy: 68.33936885669944%
2024-07-10 23:08:13 - INFO - Epoch: 297/300, Training Loss: 0.3683723709295536
2024-07-10 23:08:13 - INFO - Epoch: 297/300, Validation Loss: 0.4248192113834423, Accuracy: 68.1583031557165%
2024-07-10 23:08:16 - INFO - Epoch: 298/300, Training Loss: 0.36634981646619996
2024-07-10 23:08:16 - INFO - Epoch: 298/300, Validation Loss: 0.41733590906465445, Accuracy: 68.72736678737714%
2024-07-10 23:08:19 - INFO - Epoch: 299/300, Training Loss: 0.36707736329785706
2024-07-10 23:08:19 - INFO - Epoch: 299/300, Validation Loss: 0.41963099090607614, Accuracy: 68.22728056561476%
2024-07-10 23:08:21 - INFO - Epoch: 300/300, Training Loss: 0.3661881737873472
2024-07-10 23:08:22 - INFO - Epoch: 300/300, Validation Loss: 0.42428202059242753, Accuracy: 68.356613209174%
2024-07-10 23:08:22 - INFO - Finished training model.
2024-07-10 23:08:22 - INFO - Model saved to lstm_classifier_py.pth and vocabulary saved to vocab_py.pkl
