2024-06-27 00:44:57 - INFO - This log entry will go into a uniquely named file for this run.
2024-06-27 00:44:57 - INFO - Params:
2024-06-27 00:44:57 - INFO - embedding_dim=32
2024-06-27 00:44:57 - INFO - hidden_dim:64
2024-06-27 00:44:57 - INFO - num_layers:2
2024-06-27 00:44:57 - INFO - epochs:300
2024-06-27 00:44:57 - INFO - batch_size:64
2024-06-27 00:44:57 - INFO - lr:0.001
2024-06-27 00:45:00 - INFO - Starting LSTM model training...
2024-06-27 00:45:02 - INFO - Epoch: 1/300, Training Loss: 0.6929229213034406
2024-06-27 00:45:02 - INFO - Epoch: 1/300, Validation Loss: 0.6920467714468638, Accuracy: 52.85013790989887%
2024-06-27 00:45:03 - INFO - Epoch: 2/300, Training Loss: 0.6924606270942033
2024-06-27 00:45:03 - INFO - Epoch: 2/300, Validation Loss: 0.6924242108475929, Accuracy: 52.8654612319951%
2024-06-27 00:45:05 - INFO - Epoch: 3/300, Training Loss: 0.6924501248434478
2024-06-27 00:45:05 - INFO - Epoch: 3/300, Validation Loss: 0.6917687537623387, Accuracy: 52.85013790989887%
2024-06-27 00:45:06 - INFO - Epoch: 4/300, Training Loss: 0.6923785339675698
2024-06-27 00:45:06 - INFO - Epoch: 4/300, Validation Loss: 0.6920487056760227, Accuracy: 52.85013790989887%
2024-06-27 00:45:08 - INFO - Epoch: 5/300, Training Loss: 0.6923972711551423
2024-06-27 00:45:08 - INFO - Epoch: 5/300, Validation Loss: 0.6922821022716223, Accuracy: 52.85013790989887%
2024-06-27 00:45:10 - INFO - Epoch: 6/300, Training Loss: 0.6923843319801724
2024-06-27 00:45:10 - INFO - Epoch: 6/300, Validation Loss: 0.6919883548044691, Accuracy: 52.85013790989887%
2024-06-27 00:45:12 - INFO - Epoch: 7/300, Training Loss: 0.6923388651773041
2024-06-27 00:45:12 - INFO - Epoch: 7/300, Validation Loss: 0.692255335111244, Accuracy: 52.85013790989887%
2024-06-27 00:45:14 - INFO - Epoch: 8/300, Training Loss: 0.6922579765612004
2024-06-27 00:45:14 - INFO - Epoch: 8/300, Validation Loss: 0.6921990677422168, Accuracy: 52.83481458780263%
2024-06-27 00:45:17 - INFO - Epoch: 9/300, Training Loss: 0.6920683519805179
2024-06-27 00:45:17 - INFO - Epoch: 9/300, Validation Loss: 0.6911345439798692, Accuracy: 52.69690468893656%
2024-06-27 00:45:19 - INFO - Epoch: 10/300, Training Loss: 0.695114542602324
2024-06-27 00:45:19 - INFO - Epoch: 10/300, Validation Loss: 0.697927428226845, Accuracy: 47.73214832975789%
2024-06-27 00:45:23 - INFO - Epoch: 11/300, Training Loss: 0.6486231151456926
2024-06-27 00:45:23 - INFO - Epoch: 11/300, Validation Loss: 0.6129824758744707, Accuracy: 63.22402696904689%
2024-06-27 00:45:27 - INFO - Epoch: 12/300, Training Loss: 0.6024425764586411
2024-06-27 00:45:28 - INFO - Epoch: 12/300, Validation Loss: 0.5981661659829757, Accuracy: 64.41924609255287%
2024-06-27 00:45:33 - INFO - Epoch: 13/300, Training Loss: 0.5900971959618961
2024-06-27 00:45:33 - INFO - Epoch: 13/300, Validation Loss: 0.5922399283039803, Accuracy: 64.89426907753601%
2024-06-27 00:45:38 - INFO - Epoch: 14/300, Training Loss: 0.585528093006681
2024-06-27 00:45:38 - INFO - Epoch: 14/300, Validation Loss: 0.5903973740105536, Accuracy: 65.47655531719276%
2024-06-27 00:45:43 - INFO - Epoch: 15/300, Training Loss: 0.5805753546894765
2024-06-27 00:45:44 - INFO - Epoch: 15/300, Validation Loss: 0.5870260792035683, Accuracy: 65.27735212994178%
2024-06-27 00:45:49 - INFO - Epoch: 16/300, Training Loss: 0.5694660499107604
2024-06-27 00:45:49 - INFO - Epoch: 16/300, Validation Loss: 0.5579131637133804, Accuracy: 68.98559607722954%
2024-06-27 00:45:54 - INFO - Epoch: 17/300, Training Loss: 0.533692993369757
2024-06-27 00:45:55 - INFO - Epoch: 17/300, Validation Loss: 0.5352343934423783, Accuracy: 70.57922157523751%
2024-06-27 00:45:59 - INFO - Epoch: 18/300, Training Loss: 0.531850894073061
2024-06-27 00:46:00 - INFO - Epoch: 18/300, Validation Loss: 0.5288754134785896, Accuracy: 71.5292675452038%
2024-06-27 00:46:05 - INFO - Epoch: 19/300, Training Loss: 0.5246852562561923
2024-06-27 00:46:05 - INFO - Epoch: 19/300, Validation Loss: 0.5152938751613393, Accuracy: 72.24946368372663%
2024-06-27 00:46:10 - INFO - Epoch: 20/300, Training Loss: 0.5087136845378315
2024-06-27 00:46:11 - INFO - Epoch: 20/300, Validation Loss: 0.5005595578866846, Accuracy: 72.57125344774747%
2024-06-27 00:46:15 - INFO - Epoch: 21/300, Training Loss: 0.4928915590486106
2024-06-27 00:46:16 - INFO - Epoch: 21/300, Validation Loss: 0.4868510204787348, Accuracy: 73.88905914802329%
2024-06-27 00:46:21 - INFO - Epoch: 22/300, Training Loss: 0.4934321443239848
2024-06-27 00:46:21 - INFO - Epoch: 22/300, Validation Loss: 0.5221918797960469, Accuracy: 70.24210848912044%
2024-06-27 00:46:26 - INFO - Epoch: 23/300, Training Loss: 0.4871787772166963
2024-06-27 00:46:27 - INFO - Epoch: 23/300, Validation Loss: 0.46417787992486764, Accuracy: 75.36009806926141%
2024-06-27 00:46:31 - INFO - Epoch: 24/300, Training Loss: 0.4486301908013867
2024-06-27 00:46:32 - INFO - Epoch: 24/300, Validation Loss: 0.45083266759619994, Accuracy: 76.31014403922771%
2024-06-27 00:46:37 - INFO - Epoch: 25/300, Training Loss: 0.42772505059838295
2024-06-27 00:46:37 - INFO - Epoch: 25/300, Validation Loss: 0.47398747416103587, Accuracy: 75.0996015936255%
2024-06-27 00:46:42 - INFO - Epoch: 26/300, Training Loss: 0.41785960019949603
2024-06-27 00:46:43 - INFO - Epoch: 26/300, Validation Loss: 0.4265107080048206, Accuracy: 76.1569108182654%
2024-06-27 00:46:48 - INFO - Epoch: 27/300, Training Loss: 0.389221057113187
2024-06-27 00:46:48 - INFO - Epoch: 27/300, Validation Loss: 0.3797556895251368, Accuracy: 76.92307692307692%
2024-06-27 00:46:53 - INFO - Epoch: 28/300, Training Loss: 0.37070727516330926
2024-06-27 00:46:53 - INFO - Epoch: 28/300, Validation Loss: 0.3829961449784391, Accuracy: 77.2142200429053%
2024-06-27 00:46:58 - INFO - Epoch: 29/300, Training Loss: 0.37338629752105357
2024-06-27 00:46:59 - INFO - Epoch: 29/300, Validation Loss: 0.3792872551609488, Accuracy: 77.03034017775053%
2024-06-27 00:47:04 - INFO - Epoch: 30/300, Training Loss: 0.3682490606226173
2024-06-27 00:47:04 - INFO - Epoch: 30/300, Validation Loss: 0.3580254634805754, Accuracy: 78.24088262335275%
2024-06-27 00:47:09 - INFO - Epoch: 31/300, Training Loss: 0.3488744768295802
2024-06-27 00:47:09 - INFO - Epoch: 31/300, Validation Loss: 0.34595737810812743, Accuracy: 78.24088262335275%
2024-06-27 00:47:14 - INFO - Epoch: 32/300, Training Loss: 0.3353243802911511
2024-06-27 00:47:15 - INFO - Epoch: 32/300, Validation Loss: 0.3322789537556031, Accuracy: 77.3674532638676%
2024-06-27 00:47:20 - INFO - Epoch: 33/300, Training Loss: 0.3400201033435616
2024-06-27 00:47:20 - INFO - Epoch: 33/300, Validation Loss: 0.34053217239823996, Accuracy: 77.29083665338645%
2024-06-27 00:47:25 - INFO - Epoch: 34/300, Training Loss: 0.32996966945482237
2024-06-27 00:47:26 - INFO - Epoch: 34/300, Validation Loss: 0.33853669347716314, Accuracy: 77.32148329757892%
2024-06-27 00:47:30 - INFO - Epoch: 35/300, Training Loss: 0.32768840342760086
2024-06-27 00:47:31 - INFO - Epoch: 35/300, Validation Loss: 0.32647986520154804, Accuracy: 77.99570946981305%
2024-06-27 00:47:36 - INFO - Epoch: 36/300, Training Loss: 0.31345987206726683
2024-06-27 00:47:36 - INFO - Epoch: 36/300, Validation Loss: 0.32080447264746126, Accuracy: 78.13361936867913%
2024-06-27 00:47:41 - INFO - Epoch: 37/300, Training Loss: 0.3276104063672178
2024-06-27 00:47:42 - INFO - Epoch: 37/300, Validation Loss: 0.3321279407131906, Accuracy: 77.68924302788845%
2024-06-27 00:47:46 - INFO - Epoch: 38/300, Training Loss: 0.3144335448011464
2024-06-27 00:47:47 - INFO - Epoch: 38/300, Validation Loss: 0.3201974612825057, Accuracy: 77.47471651854121%
2024-06-27 00:47:52 - INFO - Epoch: 39/300, Training Loss: 0.3094871543786105
2024-06-27 00:47:52 - INFO - Epoch: 39/300, Validation Loss: 0.3155616193133242, Accuracy: 77.32148329757892%
2024-06-27 00:47:57 - INFO - Epoch: 40/300, Training Loss: 0.307419943239759
2024-06-27 00:47:58 - INFO - Epoch: 40/300, Validation Loss: 0.3187530397200117, Accuracy: 77.90376953723568%
2024-06-27 00:48:03 - INFO - Epoch: 41/300, Training Loss: 0.30810643356366485
2024-06-27 00:48:03 - INFO - Epoch: 41/300, Validation Loss: 0.3142908415665813, Accuracy: 77.33680661967514%
2024-06-27 00:48:08 - INFO - Epoch: 42/300, Training Loss: 0.3026980956395467
2024-06-27 00:48:09 - INFO - Epoch: 42/300, Validation Loss: 0.31279194135876265, Accuracy: 77.39809990806006%
2024-06-27 00:48:13 - INFO - Epoch: 43/300, Training Loss: 0.29854141241487336
2024-06-27 00:48:14 - INFO - Epoch: 43/300, Validation Loss: 0.3039470916869594, Accuracy: 77.64327306159976%
2024-06-27 00:48:19 - INFO - Epoch: 44/300, Training Loss: 0.3144389099861477
2024-06-27 00:48:19 - INFO - Epoch: 44/300, Validation Loss: 0.3112603994268997, Accuracy: 77.42874655225253%
2024-06-27 00:48:24 - INFO - Epoch: 45/300, Training Loss: 0.2998244219331765
2024-06-27 00:48:25 - INFO - Epoch: 45/300, Validation Loss: 0.3159361433456926, Accuracy: 77.3674532638676%
2024-06-27 00:48:30 - INFO - Epoch: 46/300, Training Loss: 0.29303631591884527
2024-06-27 00:48:30 - INFO - Epoch: 46/300, Validation Loss: 0.30346476768746095, Accuracy: 77.4134232301563%
2024-06-27 00:48:35 - INFO - Epoch: 47/300, Training Loss: 0.29185069531348407
2024-06-27 00:48:35 - INFO - Epoch: 47/300, Validation Loss: 0.3050830156779757, Accuracy: 77.82715292675452%
2024-06-27 00:48:40 - INFO - Epoch: 48/300, Training Loss: 0.29187509439447346
2024-06-27 00:48:41 - INFO - Epoch: 48/300, Validation Loss: 0.30361709816783083, Accuracy: 76.93840024517316%
2024-06-27 00:48:46 - INFO - Epoch: 49/300, Training Loss: 0.2901864779711354
2024-06-27 00:48:46 - INFO - Epoch: 49/300, Validation Loss: 0.3107301803196178, Accuracy: 77.2142200429053%
2024-06-27 00:48:51 - INFO - Epoch: 50/300, Training Loss: 0.2888620573954255
2024-06-27 00:48:52 - INFO - Epoch: 50/300, Validation Loss: 0.2973860492016755, Accuracy: 76.861783634692%
2024-06-27 00:48:57 - INFO - Epoch: 51/300, Training Loss: 0.29174017599400354
2024-06-27 00:48:57 - INFO - Epoch: 51/300, Validation Loss: 0.3034381146232287, Accuracy: 77.060986821943%
2024-06-27 00:49:02 - INFO - Epoch: 52/300, Training Loss: 0.3532920771223657
2024-06-27 00:49:02 - INFO - Epoch: 52/300, Validation Loss: 0.3502524064159861, Accuracy: 75.4980079681275%
2024-06-27 00:49:07 - INFO - Epoch: 53/300, Training Loss: 0.2986616729302149
2024-06-27 00:49:08 - INFO - Epoch: 53/300, Validation Loss: 0.30593834642101736, Accuracy: 76.52467054857493%
2024-06-27 00:49:13 - INFO - Epoch: 54/300, Training Loss: 0.2865032339285986
2024-06-27 00:49:13 - INFO - Epoch: 54/300, Validation Loss: 0.2966066638336462, Accuracy: 76.89243027888446%
2024-06-27 00:49:18 - INFO - Epoch: 55/300, Training Loss: 0.2822171188890934
2024-06-27 00:49:19 - INFO - Epoch: 55/300, Validation Loss: 0.30228711898420374, Accuracy: 78.17958933496782%
2024-06-27 00:49:24 - INFO - Epoch: 56/300, Training Loss: 0.28297350654268966
2024-06-27 00:49:24 - INFO - Epoch: 56/300, Validation Loss: 0.29619196101146583, Accuracy: 76.6166104811523%
2024-06-27 00:49:29 - INFO - Epoch: 57/300, Training Loss: 0.2960720717468682
2024-06-27 00:49:29 - INFO - Epoch: 57/300, Validation Loss: 0.3025097949247734, Accuracy: 76.84646031259577%
2024-06-27 00:49:34 - INFO - Epoch: 58/300, Training Loss: 0.2789956680772936
2024-06-27 00:49:35 - INFO - Epoch: 58/300, Validation Loss: 0.2987666775782903, Accuracy: 76.5093472264787%
2024-06-27 00:49:40 - INFO - Epoch: 59/300, Training Loss: 0.28686032656068894
2024-06-27 00:49:40 - INFO - Epoch: 59/300, Validation Loss: 0.30275142908680674, Accuracy: 76.21820410665032%
2024-06-27 00:49:45 - INFO - Epoch: 60/300, Training Loss: 0.2782254976896094
2024-06-27 00:49:46 - INFO - Epoch: 60/300, Validation Loss: 0.29733730984084744, Accuracy: 76.26417407293901%
2024-06-27 00:49:50 - INFO - Epoch: 61/300, Training Loss: 0.2888055717682137
2024-06-27 00:49:51 - INFO - Epoch: 61/300, Validation Loss: 0.29854246579548893, Accuracy: 77.09163346613546%
2024-06-27 00:49:56 - INFO - Epoch: 62/300, Training Loss: 0.27998226000836085
2024-06-27 00:49:56 - INFO - Epoch: 62/300, Validation Loss: 0.29159317676927526, Accuracy: 76.84646031259577%
2024-06-27 00:50:01 - INFO - Epoch: 63/300, Training Loss: 0.27561583380927057
2024-06-27 00:50:02 - INFO - Epoch: 63/300, Validation Loss: 0.28992573186463, Accuracy: 76.81581366840331%
2024-06-27 00:50:06 - INFO - Epoch: 64/300, Training Loss: 0.27531260438263416
2024-06-27 00:50:07 - INFO - Epoch: 64/300, Validation Loss: 0.3057229328973621, Accuracy: 76.23352742874656%
2024-06-27 00:50:12 - INFO - Epoch: 65/300, Training Loss: 0.274861818325578
2024-06-27 00:50:12 - INFO - Epoch: 65/300, Validation Loss: 0.3004879315986353, Accuracy: 76.53999387067117%
2024-06-27 00:50:17 - INFO - Epoch: 66/300, Training Loss: 0.2721118135560377
2024-06-27 00:50:18 - INFO - Epoch: 66/300, Validation Loss: 0.2913295815096182, Accuracy: 77.03034017775053%
2024-06-27 00:50:22 - INFO - Epoch: 67/300, Training Loss: 0.27189248906192826
2024-06-27 00:50:23 - INFO - Epoch: 67/300, Validation Loss: 0.2885158446197416, Accuracy: 76.55531719276739%
2024-06-27 00:50:28 - INFO - Epoch: 68/300, Training Loss: 0.2662553334718241
2024-06-27 00:50:28 - INFO - Epoch: 68/300, Validation Loss: 0.28791093285761626, Accuracy: 76.43273061599754%
2024-06-27 00:50:33 - INFO - Epoch: 69/300, Training Loss: 0.2708884770160212
2024-06-27 00:50:34 - INFO - Epoch: 69/300, Validation Loss: 0.2921072653695649, Accuracy: 76.67790376953724%
2024-06-27 00:50:38 - INFO - Epoch: 70/300, Training Loss: 0.2662218863546264
2024-06-27 00:50:39 - INFO - Epoch: 70/300, Validation Loss: 0.2857828579989134, Accuracy: 76.08029420778425%
2024-06-27 00:50:44 - INFO - Epoch: 71/300, Training Loss: 0.27026274811257334
2024-06-27 00:50:44 - INFO - Epoch: 71/300, Validation Loss: 0.29742514824166016, Accuracy: 76.57064051486363%
2024-06-27 00:50:49 - INFO - Epoch: 72/300, Training Loss: 0.27104710305438323
2024-06-27 00:50:49 - INFO - Epoch: 72/300, Validation Loss: 0.29208437616334243, Accuracy: 76.23352742874656%
2024-06-27 00:50:54 - INFO - Epoch: 73/300, Training Loss: 0.266983949780172
2024-06-27 00:50:55 - INFO - Epoch: 73/300, Validation Loss: 0.29020261443128775, Accuracy: 76.1569108182654%
2024-06-27 00:51:00 - INFO - Epoch: 74/300, Training Loss: 0.263111770262613
2024-06-27 00:51:00 - INFO - Epoch: 74/300, Validation Loss: 0.2870107513724589, Accuracy: 76.03432424149555%
2024-06-27 00:51:05 - INFO - Epoch: 75/300, Training Loss: 0.26174565905011166
2024-06-27 00:51:06 - INFO - Epoch: 75/300, Validation Loss: 0.29886233689738256, Accuracy: 76.0036775973031%
2024-06-27 00:51:10 - INFO - Epoch: 76/300, Training Loss: 0.26020497589499925
2024-06-27 00:51:11 - INFO - Epoch: 76/300, Validation Loss: 0.2918814981684965, Accuracy: 76.24885075084278%
2024-06-27 00:51:16 - INFO - Epoch: 77/300, Training Loss: 0.26197793997605057
2024-06-27 00:51:16 - INFO - Epoch: 77/300, Validation Loss: 0.29475463181734085, Accuracy: 75.83512105424457%
2024-06-27 00:51:21 - INFO - Epoch: 78/300, Training Loss: 0.2622848031859772
2024-06-27 00:51:22 - INFO - Epoch: 78/300, Validation Loss: 0.30644425925086527, Accuracy: 75.77382776585964%
2024-06-27 00:51:27 - INFO - Epoch: 79/300, Training Loss: 0.2727385368563381
2024-06-27 00:51:27 - INFO - Epoch: 79/300, Validation Loss: 0.2943716694911321, Accuracy: 75.92706098682194%
2024-06-27 00:51:32 - INFO - Epoch: 80/300, Training Loss: 0.26383804358249785
2024-06-27 00:51:32 - INFO - Epoch: 80/300, Validation Loss: 0.29385176154912684, Accuracy: 75.37542139135765%
2024-06-27 00:51:37 - INFO - Epoch: 81/300, Training Loss: 0.25923243230756593
2024-06-27 00:51:38 - INFO - Epoch: 81/300, Validation Loss: 0.29589636682295334, Accuracy: 75.2988047808765%
2024-06-27 00:51:43 - INFO - Epoch: 82/300, Training Loss: 0.2677089494890442
2024-06-27 00:51:43 - INFO - Epoch: 82/300, Validation Loss: 0.2994180757041071, Accuracy: 75.74318112166718%
2024-06-27 00:51:48 - INFO - Epoch: 83/300, Training Loss: 0.2657624769079335
2024-06-27 00:51:49 - INFO - Epoch: 83/300, Validation Loss: 0.29637699515796173, Accuracy: 75.39074471345387%
2024-06-27 00:51:54 - INFO - Epoch: 84/300, Training Loss: 0.2593771038832618
2024-06-27 00:51:54 - INFO - Epoch: 84/300, Validation Loss: 0.293844687295895, Accuracy: 75.05363162733681%
2024-06-27 00:51:59 - INFO - Epoch: 85/300, Training Loss: 0.258286794209305
2024-06-27 00:52:00 - INFO - Epoch: 85/300, Validation Loss: 0.2975187934204644, Accuracy: 74.88507508427827%
2024-06-27 00:52:04 - INFO - Epoch: 86/300, Training Loss: 0.28286320095260936
2024-06-27 00:52:05 - INFO - Epoch: 86/300, Validation Loss: 0.35600477135648917, Accuracy: 74.80845847379712%
2024-06-27 00:52:10 - INFO - Epoch: 87/300, Training Loss: 0.27471416746722715
2024-06-27 00:52:10 - INFO - Epoch: 87/300, Validation Loss: 0.3028196804955894, Accuracy: 74.97701501685566%
2024-06-27 00:52:15 - INFO - Epoch: 88/300, Training Loss: 0.26187302811326935
2024-06-27 00:52:16 - INFO - Epoch: 88/300, Validation Loss: 0.300559925244135, Accuracy: 75.05363162733681%
2024-06-27 00:52:20 - INFO - Epoch: 89/300, Training Loss: 0.25867722234597396
2024-06-27 00:52:21 - INFO - Epoch: 89/300, Validation Loss: 0.2949702400787204, Accuracy: 75.11492491572173%
2024-06-27 00:52:26 - INFO - Epoch: 90/300, Training Loss: 0.25669889236051663
2024-06-27 00:52:26 - INFO - Epoch: 90/300, Validation Loss: 0.3036845193481913, Accuracy: 75.34477474716519%
2024-06-27 00:52:31 - INFO - Epoch: 91/300, Training Loss: 0.2582172881081408
2024-06-27 00:52:32 - INFO - Epoch: 91/300, Validation Loss: 0.2989495081060073, Accuracy: 74.67054857493105%
2024-06-27 00:52:37 - INFO - Epoch: 92/300, Training Loss: 0.26977200181606936
2024-06-27 00:52:37 - INFO - Epoch: 92/300, Validation Loss: 0.2956300651033719, Accuracy: 75.60527122280111%
2024-06-27 00:52:42 - INFO - Epoch: 93/300, Training Loss: 0.25802487021713866
2024-06-27 00:52:43 - INFO - Epoch: 93/300, Validation Loss: 0.29533611793144077, Accuracy: 74.9003984063745%
2024-06-27 00:52:47 - INFO - Epoch: 94/300, Training Loss: 0.25888664216971863
2024-06-27 00:52:48 - INFO - Epoch: 94/300, Validation Loss: 0.29920514877520354, Accuracy: 75.08427827152927%
2024-06-27 00:52:53 - INFO - Epoch: 95/300, Training Loss: 0.25614737248157754
2024-06-27 00:52:53 - INFO - Epoch: 95/300, Validation Loss: 0.3033864005815749, Accuracy: 74.57860864235366%
2024-06-27 00:52:58 - INFO - Epoch: 96/300, Training Loss: 0.26046430443723995
2024-06-27 00:52:59 - INFO - Epoch: 96/300, Validation Loss: 0.2950324617764529, Accuracy: 74.57860864235366%
2024-06-27 00:53:04 - INFO - Epoch: 97/300, Training Loss: 0.2627826808933534
2024-06-27 00:53:04 - INFO - Epoch: 97/300, Validation Loss: 0.30528050938657686, Accuracy: 75.32945142506895%
2024-06-27 00:53:09 - INFO - Epoch: 98/300, Training Loss: 0.25909965755600556
2024-06-27 00:53:10 - INFO - Epoch: 98/300, Validation Loss: 0.29629793953077466, Accuracy: 74.63990193073859%
2024-06-27 00:53:14 - INFO - Epoch: 99/300, Training Loss: 0.2601404015120922
2024-06-27 00:53:15 - INFO - Epoch: 99/300, Validation Loss: 0.30003078281879425, Accuracy: 75.16089488201042%
2024-06-27 00:53:20 - INFO - Epoch: 100/300, Training Loss: 0.25598056614398956
2024-06-27 00:53:20 - INFO - Epoch: 100/300, Validation Loss: 0.2972823228029644, Accuracy: 74.85442844008581%
2024-06-27 00:53:25 - INFO - Epoch: 101/300, Training Loss: 0.25434194121728926
2024-06-27 00:53:26 - INFO - Epoch: 101/300, Validation Loss: 0.2983647517713846, Accuracy: 74.27214220042906%
2024-06-27 00:53:30 - INFO - Epoch: 102/300, Training Loss: 0.25736255136628944
2024-06-27 00:53:31 - INFO - Epoch: 102/300, Validation Loss: 0.3021249033364595, Accuracy: 74.85442844008581%
2024-06-27 00:53:36 - INFO - Epoch: 103/300, Training Loss: 0.25383645387402937
2024-06-27 00:53:36 - INFO - Epoch: 103/300, Validation Loss: 0.29745668917894363, Accuracy: 73.95035243640821%
2024-06-27 00:53:41 - INFO - Epoch: 104/300, Training Loss: 0.2542401301291059
2024-06-27 00:53:42 - INFO - Epoch: 104/300, Validation Loss: 0.30837351653505773, Accuracy: 74.63990193073859%
2024-06-27 00:53:47 - INFO - Epoch: 105/300, Training Loss: 0.25334365976353485
2024-06-27 00:53:47 - INFO - Epoch: 105/300, Validation Loss: 0.3007467993918587, Accuracy: 74.24149555623659%
2024-06-27 00:53:52 - INFO - Epoch: 106/300, Training Loss: 0.25869264895571215
2024-06-27 00:53:52 - INFO - Epoch: 106/300, Validation Loss: 0.3072617252667745, Accuracy: 74.13423230156297%
2024-06-27 00:53:57 - INFO - Epoch: 107/300, Training Loss: 0.2527793290495288
2024-06-27 00:53:58 - INFO - Epoch: 107/300, Validation Loss: 0.30263273607866437, Accuracy: 73.8430891817346%
2024-06-27 00:54:03 - INFO - Epoch: 108/300, Training Loss: 0.251463670283556
2024-06-27 00:54:03 - INFO - Epoch: 108/300, Validation Loss: 0.3050704133861205, Accuracy: 74.05761569108182%
2024-06-27 00:54:08 - INFO - Epoch: 109/300, Training Loss: 0.25084366364514127
2024-06-27 00:54:09 - INFO - Epoch: 109/300, Validation Loss: 0.3113435173735899, Accuracy: 74.21084891204413%
2024-06-27 00:54:13 - INFO - Epoch: 110/300, Training Loss: 0.2506034143049927
2024-06-27 00:54:14 - INFO - Epoch: 110/300, Validation Loss: 0.31526603535109876, Accuracy: 73.90438247011951%
2024-06-27 00:54:19 - INFO - Epoch: 111/300, Training Loss: 0.2520375489896419
2024-06-27 00:54:19 - INFO - Epoch: 111/300, Validation Loss: 0.30453593707552146, Accuracy: 74.0422923689856%
2024-06-27 00:54:24 - INFO - Epoch: 112/300, Training Loss: 0.2525020733146983
2024-06-27 00:54:25 - INFO - Epoch: 112/300, Validation Loss: 0.3076102336247762, Accuracy: 73.67453263867607%
2024-06-27 00:54:29 - INFO - Epoch: 113/300, Training Loss: 0.2501048162287357
2024-06-27 00:54:30 - INFO - Epoch: 113/300, Validation Loss: 0.30905915533795075, Accuracy: 73.36806619675146%
2024-06-27 00:54:35 - INFO - Epoch: 114/300, Training Loss: 0.2529042326644355
2024-06-27 00:54:35 - INFO - Epoch: 114/300, Validation Loss: 0.31371982863136366, Accuracy: 73.44468280723261%
2024-06-27 00:54:40 - INFO - Epoch: 115/300, Training Loss: 0.25665663482219564
2024-06-27 00:54:41 - INFO - Epoch: 115/300, Validation Loss: 0.3090655978988199, Accuracy: 73.67453263867607%
2024-06-27 00:54:46 - INFO - Epoch: 116/300, Training Loss: 0.25086640959203826
2024-06-27 00:54:46 - INFO - Epoch: 116/300, Validation Loss: 0.31166324092476977, Accuracy: 73.41403616304015%
2024-06-27 00:54:51 - INFO - Epoch: 117/300, Training Loss: 0.24974310261142604
2024-06-27 00:54:52 - INFO - Epoch: 117/300, Validation Loss: 0.3132260335134525, Accuracy: 73.26080294207785%
2024-06-27 00:54:56 - INFO - Epoch: 118/300, Training Loss: 0.2566169253093939
2024-06-27 00:54:57 - INFO - Epoch: 118/300, Validation Loss: 0.31162694286482007, Accuracy: 72.96965982224947%
2024-06-27 00:55:02 - INFO - Epoch: 119/300, Training Loss: 0.2533341456277698
2024-06-27 00:55:02 - INFO - Epoch: 119/300, Validation Loss: 0.31488090738946317, Accuracy: 73.73582592706099%
2024-06-27 00:55:07 - INFO - Epoch: 120/300, Training Loss: 0.2524192079390381
2024-06-27 00:55:08 - INFO - Epoch: 120/300, Validation Loss: 0.3184749240092203, Accuracy: 73.78179589334968%
2024-06-27 00:55:13 - INFO - Epoch: 121/300, Training Loss: 0.25049758008589934
2024-06-27 00:55:13 - INFO - Epoch: 121/300, Validation Loss: 0.33187921140708176, Accuracy: 73.00030646644193%
2024-06-27 00:55:18 - INFO - Epoch: 122/300, Training Loss: 0.25388556857611616
2024-06-27 00:55:19 - INFO - Epoch: 122/300, Validation Loss: 0.3236338196724069, Accuracy: 73.44468280723261%
2024-06-27 00:55:23 - INFO - Epoch: 123/300, Training Loss: 0.2540466140079148
2024-06-27 00:55:24 - INFO - Epoch: 123/300, Validation Loss: 0.31503361039886285, Accuracy: 73.138216365308%
2024-06-27 00:55:29 - INFO - Epoch: 124/300, Training Loss: 0.2560419177673027
2024-06-27 00:55:29 - INFO - Epoch: 124/300, Validation Loss: 0.3128717982885884, Accuracy: 73.61323935029114%
2024-06-27 00:55:34 - INFO - Epoch: 125/300, Training Loss: 0.24999414402626308
2024-06-27 00:55:35 - INFO - Epoch: 125/300, Validation Loss: 0.3148478815952937, Accuracy: 73.4906527735213%
2024-06-27 00:55:39 - INFO - Epoch: 126/300, Training Loss: 0.24697442500687697
2024-06-27 00:55:40 - INFO - Epoch: 126/300, Validation Loss: 0.31406203438253966, Accuracy: 73.24547961998161%
2024-06-27 00:55:45 - INFO - Epoch: 127/300, Training Loss: 0.2522884758700635
2024-06-27 00:55:45 - INFO - Epoch: 127/300, Validation Loss: 0.3205111457728872, Accuracy: 73.53662273980999%
2024-06-27 00:55:50 - INFO - Epoch: 128/300, Training Loss: 0.25065879417839004
2024-06-27 00:55:51 - INFO - Epoch: 128/300, Validation Loss: 0.32047614089998544, Accuracy: 73.3833895188477%
2024-06-27 00:55:56 - INFO - Epoch: 129/300, Training Loss: 0.24501624999239163
2024-06-27 00:55:56 - INFO - Epoch: 129/300, Validation Loss: 0.3135763864014663, Accuracy: 73.65920931657983%
2024-06-27 00:56:01 - INFO - Epoch: 130/300, Training Loss: 0.24386958651902044
2024-06-27 00:56:01 - INFO - Epoch: 130/300, Validation Loss: 0.3085472623215002, Accuracy: 73.32209623046276%
2024-06-27 00:56:06 - INFO - Epoch: 131/300, Training Loss: 0.2445661021834787
2024-06-27 00:56:07 - INFO - Epoch: 131/300, Validation Loss: 0.31048646291681364, Accuracy: 73.39871284094392%
2024-06-27 00:56:12 - INFO - Epoch: 132/300, Training Loss: 0.24391383327105465
2024-06-27 00:56:12 - INFO - Epoch: 132/300, Validation Loss: 0.3190063067218837, Accuracy: 73.3833895188477%
2024-06-27 00:56:17 - INFO - Epoch: 133/300, Training Loss: 0.24368943832814693
2024-06-27 00:56:18 - INFO - Epoch: 133/300, Validation Loss: 0.32054737254100685, Accuracy: 73.23015629788539%
2024-06-27 00:56:22 - INFO - Epoch: 134/300, Training Loss: 0.24584192724204532
2024-06-27 00:56:23 - INFO - Epoch: 134/300, Validation Loss: 0.32690630663259357, Accuracy: 72.86239656757586%
2024-06-27 00:56:28 - INFO - Epoch: 135/300, Training Loss: 0.24394333030225016
2024-06-27 00:56:28 - INFO - Epoch: 135/300, Validation Loss: 0.3249356271881683, Accuracy: 72.54060680355501%
2024-06-27 00:56:33 - INFO - Epoch: 136/300, Training Loss: 0.2463086922379101
2024-06-27 00:56:34 - INFO - Epoch: 136/300, Validation Loss: 0.33436630330249373, Accuracy: 73.56726938400246%
2024-06-27 00:56:39 - INFO - Epoch: 137/300, Training Loss: 0.24454224126084761
2024-06-27 00:56:39 - INFO - Epoch: 137/300, Validation Loss: 0.32487956887366726, Accuracy: 72.83174992338338%
2024-06-27 00:56:44 - INFO - Epoch: 138/300, Training Loss: 0.2439640872910911
2024-06-27 00:56:45 - INFO - Epoch: 138/300, Validation Loss: 0.323983520999843, Accuracy: 72.70916334661355%
2024-06-27 00:56:50 - INFO - Epoch: 139/300, Training Loss: 0.24147115678836903
2024-06-27 00:56:50 - INFO - Epoch: 139/300, Validation Loss: 0.3258580689628919, Accuracy: 72.95433650015323%
2024-06-27 00:56:55 - INFO - Epoch: 140/300, Training Loss: 0.2414583076412479
2024-06-27 00:56:56 - INFO - Epoch: 140/300, Validation Loss: 0.32721447696288425, Accuracy: 72.66319338032486%
2024-06-27 00:57:00 - INFO - Epoch: 141/300, Training Loss: 0.24473777418846593
2024-06-27 00:57:01 - INFO - Epoch: 141/300, Validation Loss: 0.3244604458119355, Accuracy: 72.87771988967208%
2024-06-27 00:57:06 - INFO - Epoch: 142/300, Training Loss: 0.24138801008024635
2024-06-27 00:57:06 - INFO - Epoch: 142/300, Validation Loss: 0.32659153932449864, Accuracy: 72.73980999080601%
2024-06-27 00:57:11 - INFO - Epoch: 143/300, Training Loss: 0.248784656563372
2024-06-27 00:57:12 - INFO - Epoch: 143/300, Validation Loss: 0.32639846950769424, Accuracy: 73.19950965369291%
2024-06-27 00:57:16 - INFO - Epoch: 144/300, Training Loss: 0.24526081617702455
2024-06-27 00:57:17 - INFO - Epoch: 144/300, Validation Loss: 0.3240251742741641, Accuracy: 73.26080294207785%
2024-06-27 00:57:22 - INFO - Epoch: 145/300, Training Loss: 0.24397783982110957
2024-06-27 00:57:23 - INFO - Epoch: 145/300, Validation Loss: 0.3407045329610507, Accuracy: 72.86239656757586%
2024-06-27 00:57:27 - INFO - Epoch: 146/300, Training Loss: 0.24703901502139428
2024-06-27 00:57:28 - INFO - Epoch: 146/300, Validation Loss: 0.329633683988861, Accuracy: 73.26080294207785%
2024-06-27 00:57:33 - INFO - Epoch: 147/300, Training Loss: 0.2442322165577435
2024-06-27 00:57:33 - INFO - Epoch: 147/300, Validation Loss: 0.3319513752472167, Accuracy: 73.138216365308%
2024-06-27 00:57:38 - INFO - Epoch: 148/300, Training Loss: 0.24233659838928895
2024-06-27 00:57:39 - INFO - Epoch: 148/300, Validation Loss: 0.32739078268116595, Accuracy: 72.5865767698437%
2024-06-27 00:57:44 - INFO - Epoch: 149/300, Training Loss: 0.2619201685575878
2024-06-27 00:57:44 - INFO - Epoch: 149/300, Validation Loss: 0.32995109859050487, Accuracy: 73.35274287465522%
2024-06-27 00:57:49 - INFO - Epoch: 150/300, Training Loss: 0.24822872018843306
2024-06-27 00:57:50 - INFO - Epoch: 150/300, Validation Loss: 0.3309805686859524, Accuracy: 73.21483297578915%
2024-06-27 00:57:54 - INFO - Epoch: 151/300, Training Loss: 0.24232892390778837
2024-06-27 00:57:55 - INFO - Epoch: 151/300, Validation Loss: 0.3257264706726168, Accuracy: 72.57125344774747%
2024-06-27 00:58:00 - INFO - Epoch: 152/300, Training Loss: 0.2387264593887855
2024-06-27 00:58:00 - INFO - Epoch: 152/300, Validation Loss: 0.3326600641012192, Accuracy: 72.81642660128716%
2024-06-27 00:58:05 - INFO - Epoch: 153/300, Training Loss: 0.24054773400227228
2024-06-27 00:58:06 - INFO - Epoch: 153/300, Validation Loss: 0.32980699822598813, Accuracy: 72.5865767698437%
2024-06-27 00:58:10 - INFO - Epoch: 154/300, Training Loss: 0.24068028373899414
2024-06-27 00:58:11 - INFO - Epoch: 154/300, Validation Loss: 0.335246044485008, Accuracy: 72.939013178057%
2024-06-27 00:58:16 - INFO - Epoch: 155/300, Training Loss: 0.23948089719987384
2024-06-27 00:58:16 - INFO - Epoch: 155/300, Validation Loss: 0.33550578049000573, Accuracy: 72.50996015936255%
2024-06-27 00:58:21 - INFO - Epoch: 156/300, Training Loss: 0.24027199396754012
2024-06-27 00:58:22 - INFO - Epoch: 156/300, Validation Loss: 0.3332367125971645, Accuracy: 73.337419552559%
2024-06-27 00:58:27 - INFO - Epoch: 157/300, Training Loss: 0.23856001329042165
2024-06-27 00:58:27 - INFO - Epoch: 157/300, Validation Loss: 0.337965992297612, Accuracy: 72.32608029420778%
2024-06-27 00:58:32 - INFO - Epoch: 158/300, Training Loss: 0.24128938999538327
2024-06-27 00:58:33 - INFO - Epoch: 158/300, Validation Loss: 0.33258354926810546, Accuracy: 72.83174992338338%
2024-06-27 00:58:37 - INFO - Epoch: 159/300, Training Loss: 0.2494175106140913
2024-06-27 00:58:38 - INFO - Epoch: 159/300, Validation Loss: 0.3430592530206138, Accuracy: 72.35672693840024%
2024-06-27 00:58:43 - INFO - Epoch: 160/300, Training Loss: 0.26828580828127907
2024-06-27 00:58:43 - INFO - Epoch: 160/300, Validation Loss: 0.3429304485519727, Accuracy: 72.09623046276432%
2024-06-27 00:58:48 - INFO - Epoch: 161/300, Training Loss: 0.25121699231585454
2024-06-27 00:58:49 - INFO - Epoch: 161/300, Validation Loss: 0.33768997385221367, Accuracy: 72.96965982224947%
2024-06-27 00:58:54 - INFO - Epoch: 162/300, Training Loss: 0.24334875801030328
2024-06-27 00:58:54 - INFO - Epoch: 162/300, Validation Loss: 0.33494593904298897, Accuracy: 72.35672693840024%
2024-06-27 00:58:59 - INFO - Epoch: 163/300, Training Loss: 0.24107959055725267
2024-06-27 00:58:59 - INFO - Epoch: 163/300, Validation Loss: 0.33719227112391414, Accuracy: 72.31075697211155%
2024-06-27 00:59:04 - INFO - Epoch: 164/300, Training Loss: 0.24274659204278506
2024-06-27 00:59:05 - INFO - Epoch: 164/300, Validation Loss: 0.3325902772884743, Accuracy: 72.35672693840024%
2024-06-27 00:59:10 - INFO - Epoch: 165/300, Training Loss: 0.2414534035704884
2024-06-27 00:59:10 - INFO - Epoch: 165/300, Validation Loss: 0.33522441077466103, Accuracy: 72.26478700582287%
2024-06-27 00:59:15 - INFO - Epoch: 166/300, Training Loss: 0.2442167402957292
2024-06-27 00:59:16 - INFO - Epoch: 166/300, Validation Loss: 0.3473948208140392, Accuracy: 72.14220042905302%
2024-06-27 00:59:21 - INFO - Epoch: 167/300, Training Loss: 0.240522464408594
2024-06-27 00:59:21 - INFO - Epoch: 167/300, Validation Loss: 0.3471909179991367, Accuracy: 72.4333435488814%
2024-06-27 00:59:26 - INFO - Epoch: 168/300, Training Loss: 0.23876108565166884
2024-06-27 00:59:26 - INFO - Epoch: 168/300, Validation Loss: 0.34307409793722865, Accuracy: 71.75911737664725%
2024-06-27 00:59:31 - INFO - Epoch: 169/300, Training Loss: 0.2383829602496881
2024-06-27 00:59:32 - INFO - Epoch: 169/300, Validation Loss: 0.34459955741961795, Accuracy: 72.09623046276432%
2024-06-27 00:59:37 - INFO - Epoch: 170/300, Training Loss: 0.2475873255992637
2024-06-27 00:59:37 - INFO - Epoch: 170/300, Validation Loss: 0.3432634145605798, Accuracy: 72.03493717437941%
2024-06-27 00:59:42 - INFO - Epoch: 171/300, Training Loss: 0.2443726566784522
2024-06-27 00:59:43 - INFO - Epoch: 171/300, Validation Loss: 0.34618819168969694, Accuracy: 72.29543365001533%
2024-06-27 00:59:47 - INFO - Epoch: 172/300, Training Loss: 0.23880863116652357
2024-06-27 00:59:48 - INFO - Epoch: 172/300, Validation Loss: 0.3582163190140444, Accuracy: 71.91235059760956%
2024-06-27 00:59:53 - INFO - Epoch: 173/300, Training Loss: 0.23948399123607897
2024-06-27 00:59:53 - INFO - Epoch: 173/300, Validation Loss: 0.3541937777224709, Accuracy: 71.8357339871284%
2024-06-27 00:59:58 - INFO - Epoch: 174/300, Training Loss: 0.2411224419871966
2024-06-27 00:59:59 - INFO - Epoch: 174/300, Validation Loss: 0.3539990641030611, Accuracy: 71.57523751149249%
2024-06-27 01:00:04 - INFO - Epoch: 175/300, Training Loss: 0.2369328910010118
2024-06-27 01:00:04 - INFO - Epoch: 175/300, Validation Loss: 0.3572352392708554, Accuracy: 71.60588415568495%
2024-06-27 01:00:09 - INFO - Epoch: 176/300, Training Loss: 0.2394659072343333
2024-06-27 01:00:10 - INFO - Epoch: 176/300, Validation Loss: 0.35789242240728114, Accuracy: 72.01961385228317%
2024-06-27 01:00:14 - INFO - Epoch: 177/300, Training Loss: 0.2380993222525599
2024-06-27 01:00:15 - INFO - Epoch: 177/300, Validation Loss: 0.3558284035500358, Accuracy: 71.7284707324548%
2024-06-27 01:00:20 - INFO - Epoch: 178/300, Training Loss: 0.23797563806760544
2024-06-27 01:00:21 - INFO - Epoch: 178/300, Validation Loss: 0.35259634081055136, Accuracy: 71.75911737664725%
2024-06-27 01:00:25 - INFO - Epoch: 179/300, Training Loss: 0.2460440979795713
2024-06-27 01:00:26 - INFO - Epoch: 179/300, Validation Loss: 0.3559477411064447, Accuracy: 71.71314741035856%
2024-06-27 01:00:31 - INFO - Epoch: 180/300, Training Loss: 0.23795181761185327
2024-06-27 01:00:31 - INFO - Epoch: 180/300, Validation Loss: 0.35442858656831816, Accuracy: 71.57523751149249%
2024-06-27 01:00:36 - INFO - Epoch: 181/300, Training Loss: 0.2388060985534799
2024-06-27 01:00:37 - INFO - Epoch: 181/300, Validation Loss: 0.36114368149462867, Accuracy: 71.49862090101134%
2024-06-27 01:00:41 - INFO - Epoch: 182/300, Training Loss: 0.23859979095412234
2024-06-27 01:00:42 - INFO - Epoch: 182/300, Validation Loss: 0.36554329024226057, Accuracy: 71.65185412197364%
2024-06-27 01:00:47 - INFO - Epoch: 183/300, Training Loss: 0.2407831205968179
2024-06-27 01:00:47 - INFO - Epoch: 183/300, Validation Loss: 0.370797381243285, Accuracy: 71.75911737664725%
2024-06-27 01:00:52 - INFO - Epoch: 184/300, Training Loss: 0.2398421129978755
2024-06-27 01:00:53 - INFO - Epoch: 184/300, Validation Loss: 0.3659144471965584, Accuracy: 71.45265093472264%
2024-06-27 01:00:58 - INFO - Epoch: 185/300, Training Loss: 0.2376679915058262
2024-06-27 01:00:58 - INFO - Epoch: 185/300, Validation Loss: 0.3679412257145433, Accuracy: 71.59056083358873%
2024-06-27 01:01:03 - INFO - Epoch: 186/300, Training Loss: 0.24154989319104775
2024-06-27 01:01:04 - INFO - Epoch: 186/300, Validation Loss: 0.3642074997518577, Accuracy: 71.8357339871284%
2024-06-27 01:01:08 - INFO - Epoch: 187/300, Training Loss: 0.23870938470331476
2024-06-27 01:01:09 - INFO - Epoch: 187/300, Validation Loss: 0.36139722592106055, Accuracy: 71.69782408826234%
2024-06-27 01:01:14 - INFO - Epoch: 188/300, Training Loss: 0.23685000201358514
2024-06-27 01:01:14 - INFO - Epoch: 188/300, Validation Loss: 0.3704134721089812, Accuracy: 71.62120747778118%
2024-06-27 01:01:19 - INFO - Epoch: 189/300, Training Loss: 0.2382645466748406
2024-06-27 01:01:20 - INFO - Epoch: 189/300, Validation Loss: 0.37829169616395353, Accuracy: 71.46797425681888%
2024-06-27 01:01:25 - INFO - Epoch: 190/300, Training Loss: 0.23888787481130339
2024-06-27 01:01:25 - INFO - Epoch: 190/300, Validation Loss: 0.3742930506374322, Accuracy: 71.3760343242415%
2024-06-27 01:01:30 - INFO - Epoch: 191/300, Training Loss: 0.23769348297341197
2024-06-27 01:01:31 - INFO - Epoch: 191/300, Validation Loss: 0.36415710256380196, Accuracy: 71.48329757891511%
2024-06-27 01:01:35 - INFO - Epoch: 192/300, Training Loss: 0.23714206935655252
2024-06-27 01:01:36 - INFO - Epoch: 192/300, Validation Loss: 0.36591777322339075, Accuracy: 71.54459086730003%
2024-06-27 01:01:41 - INFO - Epoch: 193/300, Training Loss: 0.23688028435058453
2024-06-27 01:01:41 - INFO - Epoch: 193/300, Validation Loss: 0.3761780044319583, Accuracy: 71.57523751149249%
2024-06-27 01:01:46 - INFO - Epoch: 194/300, Training Loss: 0.2370250534777548
2024-06-27 01:01:47 - INFO - Epoch: 194/300, Validation Loss: 0.3802144043878013, Accuracy: 71.48329757891511%
2024-06-27 01:01:52 - INFO - Epoch: 195/300, Training Loss: 0.2365052954239004
2024-06-27 01:01:52 - INFO - Epoch: 195/300, Validation Loss: 0.37788322348805037, Accuracy: 71.36071100214527%
2024-06-27 01:01:57 - INFO - Epoch: 196/300, Training Loss: 0.2388603205007373
2024-06-27 01:01:58 - INFO - Epoch: 196/300, Validation Loss: 0.3754596917652616, Accuracy: 71.3300643579528%
2024-06-27 01:02:03 - INFO - Epoch: 197/300, Training Loss: 0.2500599804243036
2024-06-27 01:02:03 - INFO - Epoch: 197/300, Validation Loss: 0.36848292908832136, Accuracy: 72.09623046276432%
2024-06-27 01:02:08 - INFO - Epoch: 198/300, Training Loss: 0.27050978591775193
2024-06-27 01:02:09 - INFO - Epoch: 198/300, Validation Loss: 0.3731063703695933, Accuracy: 72.61722341403616%
2024-06-27 01:02:13 - INFO - Epoch: 199/300, Training Loss: 0.2587785627145101
2024-06-27 01:02:14 - INFO - Epoch: 199/300, Validation Loss: 0.3622549469856655, Accuracy: 72.34140361630402%
2024-06-27 01:02:19 - INFO - Epoch: 200/300, Training Loss: 0.26334616392120425
2024-06-27 01:02:19 - INFO - Epoch: 200/300, Validation Loss: 0.36519938137601404, Accuracy: 72.15752375114926%
2024-06-27 01:02:24 - INFO - Epoch: 201/300, Training Loss: 0.26202897731141717
2024-06-27 01:02:25 - INFO - Epoch: 201/300, Validation Loss: 0.35896482829954107, Accuracy: 71.97364388599448%
2024-06-27 01:02:29 - INFO - Epoch: 202/300, Training Loss: 0.2683944107562888
2024-06-27 01:02:30 - INFO - Epoch: 202/300, Validation Loss: 0.3847247484852286, Accuracy: 71.66717744406988%
2024-06-27 01:02:35 - INFO - Epoch: 203/300, Training Loss: 0.26320192367568906
2024-06-27 01:02:35 - INFO - Epoch: 203/300, Validation Loss: 0.3616255010459937, Accuracy: 72.17284707324548%
2024-06-27 01:02:40 - INFO - Epoch: 204/300, Training Loss: 0.24391614262233763
2024-06-27 01:02:41 - INFO - Epoch: 204/300, Validation Loss: 0.35807713121175766, Accuracy: 71.39135764633772%
2024-06-27 01:02:46 - INFO - Epoch: 205/300, Training Loss: 0.2413306239736723
2024-06-27 01:02:46 - INFO - Epoch: 205/300, Validation Loss: 0.3670077481690575, Accuracy: 71.43732761262642%
2024-06-27 01:02:51 - INFO - Epoch: 206/300, Training Loss: 0.24030712546378957
2024-06-27 01:02:51 - INFO - Epoch: 206/300, Validation Loss: 0.3624924269377017, Accuracy: 71.49862090101134%
2024-06-27 01:02:56 - INFO - Epoch: 207/300, Training Loss: 0.23913507912234933
2024-06-27 01:02:57 - INFO - Epoch: 207/300, Validation Loss: 0.36340783244254543, Accuracy: 71.48329757891511%
2024-06-27 01:03:02 - INFO - Epoch: 208/300, Training Loss: 0.23788551522382334
2024-06-27 01:03:02 - INFO - Epoch: 208/300, Validation Loss: 0.37843499507974176, Accuracy: 71.40668096843396%
2024-06-27 01:03:07 - INFO - Epoch: 209/300, Training Loss: 0.23888313401417405
2024-06-27 01:03:08 - INFO - Epoch: 209/300, Validation Loss: 0.3777266850366312, Accuracy: 71.40668096843396%
2024-06-27 01:03:12 - INFO - Epoch: 210/300, Training Loss: 0.23897399413673318
2024-06-27 01:03:13 - INFO - Epoch: 210/300, Validation Loss: 0.377214370989332, Accuracy: 71.1768311369905%
2024-06-27 01:03:18 - INFO - Epoch: 211/300, Training Loss: 0.23677627687506816
2024-06-27 01:03:18 - INFO - Epoch: 211/300, Validation Loss: 0.3799500912427902, Accuracy: 71.1308611707018%
2024-06-27 01:03:23 - INFO - Epoch: 212/300, Training Loss: 0.23609821301172762
2024-06-27 01:03:24 - INFO - Epoch: 212/300, Validation Loss: 0.3844568917856497, Accuracy: 71.62120747778118%
2024-06-27 01:03:29 - INFO - Epoch: 213/300, Training Loss: 0.24237767603321403
2024-06-27 01:03:29 - INFO - Epoch: 213/300, Validation Loss: 0.37997235839857774, Accuracy: 71.25344774747165%
2024-06-27 01:03:34 - INFO - Epoch: 214/300, Training Loss: 0.24469084573873118
2024-06-27 01:03:35 - INFO - Epoch: 214/300, Validation Loss: 0.37454885434286267, Accuracy: 71.1308611707018%
2024-06-27 01:03:39 - INFO - Epoch: 215/300, Training Loss: 0.24162192938520627
2024-06-27 01:03:40 - INFO - Epoch: 215/300, Validation Loss: 0.3843344753863765, Accuracy: 71.25344774747165%
2024-06-27 01:03:45 - INFO - Epoch: 216/300, Training Loss: 0.23903786084231207
2024-06-27 01:03:45 - INFO - Epoch: 216/300, Validation Loss: 0.37684668118462844, Accuracy: 71.31474103585657%
2024-06-27 01:03:50 - INFO - Epoch: 217/300, Training Loss: 0.23758745058348366
2024-06-27 01:03:51 - INFO - Epoch: 217/300, Validation Loss: 0.38846489962409525, Accuracy: 71.28409439166411%
2024-06-27 01:03:55 - INFO - Epoch: 218/300, Training Loss: 0.237209541230079
2024-06-27 01:03:56 - INFO - Epoch: 218/300, Validation Loss: 0.3930500985360613, Accuracy: 70.99295127183574%
2024-06-27 01:04:01 - INFO - Epoch: 219/300, Training Loss: 0.23878270113731132
2024-06-27 01:04:01 - INFO - Epoch: 219/300, Validation Loss: 0.39461900717487525, Accuracy: 71.26877106956788%
2024-06-27 01:04:06 - INFO - Epoch: 220/300, Training Loss: 0.23708618950902247
2024-06-27 01:04:07 - INFO - Epoch: 220/300, Validation Loss: 0.38304855221626805, Accuracy: 71.08489120441311%
2024-06-27 01:04:12 - INFO - Epoch: 221/300, Training Loss: 0.23469733603883022
2024-06-27 01:04:12 - INFO - Epoch: 221/300, Validation Loss: 0.39334962896856607, Accuracy: 70.74777811829604%
2024-06-27 01:04:17 - INFO - Epoch: 222/300, Training Loss: 0.2348539410341604
2024-06-27 01:04:18 - INFO - Epoch: 222/300, Validation Loss: 0.3922017047218248, Accuracy: 70.88568801716212%
2024-06-27 01:04:22 - INFO - Epoch: 223/300, Training Loss: 0.23721146364422405
2024-06-27 01:04:23 - INFO - Epoch: 223/300, Validation Loss: 0.3966304678835121, Accuracy: 71.34538768004903%
2024-06-27 01:04:28 - INFO - Epoch: 224/300, Training Loss: 0.2372348152977579
2024-06-27 01:04:28 - INFO - Epoch: 224/300, Validation Loss: 0.38422519085454004, Accuracy: 71.14618449279804%
2024-06-27 01:04:33 - INFO - Epoch: 225/300, Training Loss: 0.2353015214423923
2024-06-27 01:04:34 - INFO - Epoch: 225/300, Validation Loss: 0.39160934806454417, Accuracy: 71.03892123812443%
2024-06-27 01:04:38 - INFO - Epoch: 226/300, Training Loss: 0.23449659437014192
2024-06-27 01:04:39 - INFO - Epoch: 226/300, Validation Loss: 0.3912726740042369, Accuracy: 70.74777811829604%
2024-06-27 01:04:44 - INFO - Epoch: 227/300, Training Loss: 0.2377314109574346
2024-06-27 01:04:44 - INFO - Epoch: 227/300, Validation Loss: 0.388365551098889, Accuracy: 70.9776279497395%
2024-06-27 01:04:49 - INFO - Epoch: 228/300, Training Loss: 0.2326980059710788
2024-06-27 01:04:50 - INFO - Epoch: 228/300, Validation Loss: 0.40434450305560055, Accuracy: 70.80907140668097%
2024-06-27 01:04:55 - INFO - Epoch: 229/300, Training Loss: 0.23302795759895267
2024-06-27 01:04:55 - INFO - Epoch: 229/300, Validation Loss: 0.3940887321151939, Accuracy: 70.70180815200736%
2024-06-27 01:05:00 - INFO - Epoch: 230/300, Training Loss: 0.23331643290379467
2024-06-27 01:05:00 - INFO - Epoch: 230/300, Validation Loss: 0.40387320284749945, Accuracy: 70.70180815200736%
2024-06-27 01:05:05 - INFO - Epoch: 231/300, Training Loss: 0.23126277630673905
2024-06-27 01:05:06 - INFO - Epoch: 231/300, Validation Loss: 0.4008333120568126, Accuracy: 70.76310144039228%
2024-06-27 01:05:11 - INFO - Epoch: 232/300, Training Loss: 0.23312784510427245
2024-06-27 01:05:11 - INFO - Epoch: 232/300, Validation Loss: 0.3984215317987928, Accuracy: 70.70180815200736%
2024-06-27 01:05:16 - INFO - Epoch: 233/300, Training Loss: 0.23657914813534886
2024-06-27 01:05:17 - INFO - Epoch: 233/300, Validation Loss: 0.40265771337583955, Accuracy: 70.6251915415262%
2024-06-27 01:05:22 - INFO - Epoch: 234/300, Training Loss: 0.23645677589172243
2024-06-27 01:05:22 - INFO - Epoch: 234/300, Validation Loss: 0.4006226108062501, Accuracy: 70.76310144039228%
2024-06-27 01:05:27 - INFO - Epoch: 235/300, Training Loss: 0.23374196282569684
2024-06-27 01:05:28 - INFO - Epoch: 235/300, Validation Loss: 0.40829644439851537, Accuracy: 70.80907140668097%
2024-06-27 01:05:32 - INFO - Epoch: 236/300, Training Loss: 0.24032824880936565
2024-06-27 01:05:33 - INFO - Epoch: 236/300, Validation Loss: 0.42015420046507146, Accuracy: 70.39534171008275%
2024-06-27 01:05:38 - INFO - Epoch: 237/300, Training Loss: 0.23830272631683186
2024-06-27 01:05:38 - INFO - Epoch: 237/300, Validation Loss: 0.4132950101412979, Accuracy: 70.48728164266012%
2024-06-27 01:05:43 - INFO - Epoch: 238/300, Training Loss: 0.24348619720880307
2024-06-27 01:05:44 - INFO - Epoch: 238/300, Validation Loss: 0.4077708163097793, Accuracy: 70.76310144039228%
2024-06-27 01:05:48 - INFO - Epoch: 239/300, Training Loss: 0.23431016667289475
2024-06-27 01:05:49 - INFO - Epoch: 239/300, Validation Loss: 0.414157382997812, Accuracy: 70.45663499846766%
2024-06-27 01:05:54 - INFO - Epoch: 240/300, Training Loss: 0.23445946661134562
2024-06-27 01:05:54 - INFO - Epoch: 240/300, Validation Loss: 0.4054463092310756, Accuracy: 70.77842476248851%
2024-06-27 01:05:59 - INFO - Epoch: 241/300, Training Loss: 0.23466819183280072
2024-06-27 01:06:00 - INFO - Epoch: 241/300, Validation Loss: 0.4064386536677678, Accuracy: 70.71713147410358%
2024-06-27 01:06:04 - INFO - Epoch: 242/300, Training Loss: 0.23196752798542672
2024-06-27 01:06:05 - INFO - Epoch: 242/300, Validation Loss: 0.4205170453471296, Accuracy: 70.79374808458473%
2024-06-27 01:06:10 - INFO - Epoch: 243/300, Training Loss: 0.2318409180962572
2024-06-27 01:06:10 - INFO - Epoch: 243/300, Validation Loss: 0.42561393012018767, Accuracy: 70.57922157523751%
2024-06-27 01:06:15 - INFO - Epoch: 244/300, Training Loss: 0.23286758943953934
2024-06-27 01:06:16 - INFO - Epoch: 244/300, Validation Loss: 0.4218577482536727, Accuracy: 70.64051486362243%
2024-06-27 01:06:20 - INFO - Epoch: 245/300, Training Loss: 0.23231168982445025
2024-06-27 01:06:21 - INFO - Epoch: 245/300, Validation Loss: 0.43061449612472574, Accuracy: 70.48728164266012%
2024-06-27 01:06:26 - INFO - Epoch: 246/300, Training Loss: 0.23245698646368348
2024-06-27 01:06:26 - INFO - Epoch: 246/300, Validation Loss: 0.42265095474088893, Accuracy: 70.77842476248851%
2024-06-27 01:06:31 - INFO - Epoch: 247/300, Training Loss: 0.2344780550429634
2024-06-27 01:06:32 - INFO - Epoch: 247/300, Validation Loss: 0.42306191342718463, Accuracy: 70.53325160894882%
2024-06-27 01:06:37 - INFO - Epoch: 248/300, Training Loss: 0.23149503367569516
2024-06-27 01:06:37 - INFO - Epoch: 248/300, Validation Loss: 0.4256654729445775, Accuracy: 70.60986821942997%
2024-06-27 01:06:42 - INFO - Epoch: 249/300, Training Loss: 0.23188182068806068
2024-06-27 01:06:43 - INFO - Epoch: 249/300, Validation Loss: 0.4268762282296723, Accuracy: 70.33404842169783%
2024-06-27 01:06:47 - INFO - Epoch: 250/300, Training Loss: 0.23306826573303518
2024-06-27 01:06:48 - INFO - Epoch: 250/300, Validation Loss: 0.4187561773201999, Accuracy: 70.54857493104505%
2024-06-27 01:06:53 - INFO - Epoch: 251/300, Training Loss: 0.23130510195943654
2024-06-27 01:06:53 - INFO - Epoch: 251/300, Validation Loss: 0.42907430962020277, Accuracy: 70.30340177750536%
2024-06-27 01:06:58 - INFO - Epoch: 252/300, Training Loss: 0.2310782490553809
2024-06-27 01:06:59 - INFO - Epoch: 252/300, Validation Loss: 0.43338044426020456, Accuracy: 70.30340177750536%
2024-06-27 01:07:03 - INFO - Epoch: 253/300, Training Loss: 0.22991382860231632
2024-06-27 01:07:04 - INFO - Epoch: 253/300, Validation Loss: 0.4344329369418761, Accuracy: 70.25743181121668%
2024-06-27 01:07:09 - INFO - Epoch: 254/300, Training Loss: 0.23144935111643053
2024-06-27 01:07:09 - INFO - Epoch: 254/300, Validation Loss: 0.435531649081146, Accuracy: 70.28807845540913%
2024-06-27 01:07:14 - INFO - Epoch: 255/300, Training Loss: 0.2300699677902694
2024-06-27 01:07:15 - INFO - Epoch: 255/300, Validation Loss: 0.44057907485494424, Accuracy: 70.4259883542752%
2024-06-27 01:07:20 - INFO - Epoch: 256/300, Training Loss: 0.23234094898490346
2024-06-27 01:07:20 - INFO - Epoch: 256/300, Validation Loss: 0.43093317703289147, Accuracy: 70.19613852283175%
2024-06-27 01:07:25 - INFO - Epoch: 257/300, Training Loss: 0.2313602698017277
2024-06-27 01:07:26 - INFO - Epoch: 257/300, Validation Loss: 0.4316270285669495, Accuracy: 70.2727551333129%
2024-06-27 01:07:30 - INFO - Epoch: 258/300, Training Loss: 0.2328073708523138
2024-06-27 01:07:31 - INFO - Epoch: 258/300, Validation Loss: 0.4396521831844367, Accuracy: 70.41066503217898%
2024-06-27 01:07:36 - INFO - Epoch: 259/300, Training Loss: 0.231486915318551
2024-06-27 01:07:36 - INFO - Epoch: 259/300, Validation Loss: 0.4393888922298656, Accuracy: 70.39534171008275%
2024-06-27 01:07:41 - INFO - Epoch: 260/300, Training Loss: 0.23084736874728812
2024-06-27 01:07:42 - INFO - Epoch: 260/300, Validation Loss: 0.44093353199023827, Accuracy: 70.34937174379405%
2024-06-27 01:07:46 - INFO - Epoch: 261/300, Training Loss: 0.2310861797053732
2024-06-27 01:07:47 - INFO - Epoch: 261/300, Validation Loss: 0.4510905622851615, Accuracy: 70.5179282868526%
2024-06-27 01:07:52 - INFO - Epoch: 262/300, Training Loss: 0.23082775681042203
2024-06-27 01:07:52 - INFO - Epoch: 262/300, Validation Loss: 0.4543606748475748, Accuracy: 70.36469506589029%
2024-06-27 01:07:57 - INFO - Epoch: 263/300, Training Loss: 0.2301390672869542
2024-06-27 01:07:58 - INFO - Epoch: 263/300, Validation Loss: 0.44639604640941993, Accuracy: 70.28807845540913%
2024-06-27 01:08:03 - INFO - Epoch: 264/300, Training Loss: 0.22878843368779794
2024-06-27 01:08:03 - INFO - Epoch: 264/300, Validation Loss: 0.44246863909796175, Accuracy: 70.11952191235059%
2024-06-27 01:08:08 - INFO - Epoch: 265/300, Training Loss: 0.22777964110833174
2024-06-27 01:08:08 - INFO - Epoch: 265/300, Validation Loss: 0.4507264028869423, Accuracy: 70.25743181121668%
2024-06-27 01:08:13 - INFO - Epoch: 266/300, Training Loss: 0.2291986237042675
2024-06-27 01:08:14 - INFO - Epoch: 266/300, Validation Loss: 0.4375435704109715, Accuracy: 70.34937174379405%
2024-06-27 01:08:19 - INFO - Epoch: 267/300, Training Loss: 0.2312068634611719
2024-06-27 01:08:19 - INFO - Epoch: 267/300, Validation Loss: 0.4421516494715915, Accuracy: 70.18081520073552%
2024-06-27 01:08:24 - INFO - Epoch: 268/300, Training Loss: 0.2296120238983456
2024-06-27 01:08:25 - INFO - Epoch: 268/300, Validation Loss: 0.4481260894852526, Accuracy: 70.19613852283175%
2024-06-27 01:08:29 - INFO - Epoch: 269/300, Training Loss: 0.22884665893427297
2024-06-27 01:08:30 - INFO - Epoch: 269/300, Validation Loss: 0.4554220433620846, Accuracy: 70.15016855654306%
2024-06-27 01:08:35 - INFO - Epoch: 270/300, Training Loss: 0.23000160414798587
2024-06-27 01:08:35 - INFO - Epoch: 270/300, Validation Loss: 0.46059856855986164, Accuracy: 70.13484523444683%
2024-06-27 01:08:40 - INFO - Epoch: 271/300, Training Loss: 0.23064348569103316
2024-06-27 01:08:41 - INFO - Epoch: 271/300, Validation Loss: 0.4508336751776583, Accuracy: 70.2727551333129%
2024-06-27 01:08:46 - INFO - Epoch: 272/300, Training Loss: 0.23005163927069483
2024-06-27 01:08:46 - INFO - Epoch: 272/300, Validation Loss: 0.46464673283637736, Accuracy: 70.18081520073552%
2024-06-27 01:08:51 - INFO - Epoch: 273/300, Training Loss: 0.22753241835344656
2024-06-27 01:08:52 - INFO - Epoch: 273/300, Validation Loss: 0.46932558934478197, Accuracy: 70.33404842169783%
2024-06-27 01:08:56 - INFO - Epoch: 274/300, Training Loss: 0.22789639285674282
2024-06-27 01:08:57 - INFO - Epoch: 274/300, Validation Loss: 0.4677359492463224, Accuracy: 70.05822862396568%
2024-06-27 01:09:02 - INFO - Epoch: 275/300, Training Loss: 0.2274715433846794
2024-06-27 01:09:02 - INFO - Epoch: 275/300, Validation Loss: 0.4678829031832078, Accuracy: 69.99693533558076%
2024-06-27 01:09:07 - INFO - Epoch: 276/300, Training Loss: 0.22664147281252287
2024-06-27 01:09:08 - INFO - Epoch: 276/300, Validation Loss: 0.4611808233985714, Accuracy: 70.01225865767698%
2024-06-27 01:09:13 - INFO - Epoch: 277/300, Training Loss: 0.22982172198666662
2024-06-27 01:09:13 - INFO - Epoch: 277/300, Validation Loss: 0.4681746864727899, Accuracy: 69.98161201348452%
2024-06-27 01:09:18 - INFO - Epoch: 278/300, Training Loss: 0.2295069434479171
2024-06-27 01:09:19 - INFO - Epoch: 278/300, Validation Loss: 0.47018177120708954, Accuracy: 70.16549187863929%
2024-06-27 01:09:23 - INFO - Epoch: 279/300, Training Loss: 0.2352185711155043
2024-06-27 01:09:24 - INFO - Epoch: 279/300, Validation Loss: 0.44997142065389484, Accuracy: 70.13484523444683%
2024-06-27 01:09:29 - INFO - Epoch: 280/300, Training Loss: 0.2285073049110817
2024-06-27 01:09:29 - INFO - Epoch: 280/300, Validation Loss: 0.4562206060863009, Accuracy: 69.95096536929206%
2024-06-27 01:09:34 - INFO - Epoch: 281/300, Training Loss: 0.2278192930434849
2024-06-27 01:09:35 - INFO - Epoch: 281/300, Validation Loss: 0.46158309689923827, Accuracy: 70.02758197977322%
2024-06-27 01:09:40 - INFO - Epoch: 282/300, Training Loss: 0.22566520731311804
2024-06-27 01:09:40 - INFO - Epoch: 282/300, Validation Loss: 0.47658376600228103, Accuracy: 69.75176218204106%
2024-06-27 01:09:45 - INFO - Epoch: 283/300, Training Loss: 0.22795233513940782
2024-06-27 01:09:46 - INFO - Epoch: 283/300, Validation Loss: 0.48541145464953256, Accuracy: 70.16549187863929%
2024-06-27 01:09:50 - INFO - Epoch: 284/300, Training Loss: 0.23198810621511703
2024-06-27 01:09:51 - INFO - Epoch: 284/300, Validation Loss: 0.4639032110571861, Accuracy: 70.08887526815813%
2024-06-27 01:09:56 - INFO - Epoch: 285/300, Training Loss: 0.2322751331855269
2024-06-27 01:09:56 - INFO - Epoch: 285/300, Validation Loss: 0.4618050136110362, Accuracy: 70.2267851670242%
2024-06-27 01:10:01 - INFO - Epoch: 286/300, Training Loss: 0.22680380768781783
2024-06-27 01:10:02 - INFO - Epoch: 286/300, Validation Loss: 0.4777069242269385, Accuracy: 70.18081520073552%
2024-06-27 01:10:07 - INFO - Epoch: 287/300, Training Loss: 0.22779136786566062
2024-06-27 01:10:07 - INFO - Epoch: 287/300, Validation Loss: 0.5065020775678111, Accuracy: 69.73643885994484%
2024-06-27 01:10:12 - INFO - Epoch: 288/300, Training Loss: 0.2346271642246375
2024-06-27 01:10:13 - INFO - Epoch: 288/300, Validation Loss: 0.4416395045962988, Accuracy: 70.10419859025437%
2024-06-27 01:10:17 - INFO - Epoch: 289/300, Training Loss: 0.22766449799140295
2024-06-27 01:10:18 - INFO - Epoch: 289/300, Validation Loss: 0.4789905736551565, Accuracy: 69.813055470426%
2024-06-27 01:10:23 - INFO - Epoch: 290/300, Training Loss: 0.22747611232540188
2024-06-27 01:10:23 - INFO - Epoch: 290/300, Validation Loss: 0.48314691641751456, Accuracy: 69.9662886913883%
2024-06-27 01:10:28 - INFO - Epoch: 291/300, Training Loss: 0.22741510677060076
2024-06-27 01:10:29 - INFO - Epoch: 291/300, Validation Loss: 0.48333793294196037, Accuracy: 69.90499540300337%
2024-06-27 01:10:33 - INFO - Epoch: 292/300, Training Loss: 0.2276599546894431
2024-06-27 01:10:34 - INFO - Epoch: 292/300, Validation Loss: 0.49458111676515315, Accuracy: 70.11952191235059%
2024-06-27 01:10:39 - INFO - Epoch: 293/300, Training Loss: 0.22794637756020414
2024-06-27 01:10:39 - INFO - Epoch: 293/300, Validation Loss: 0.4803432921568553, Accuracy: 69.93564204719583%
2024-06-27 01:10:44 - INFO - Epoch: 294/300, Training Loss: 0.22740237807453262
2024-06-27 01:10:45 - INFO - Epoch: 294/300, Validation Loss: 0.4835308711318409, Accuracy: 70.16549187863929%
2024-06-27 01:10:50 - INFO - Epoch: 295/300, Training Loss: 0.22763717050353685
2024-06-27 01:10:50 - INFO - Epoch: 295/300, Validation Loss: 0.4886438411240484, Accuracy: 69.98161201348452%
2024-06-27 01:10:55 - INFO - Epoch: 296/300, Training Loss: 0.22729062382131815
2024-06-27 01:10:56 - INFO - Epoch: 296/300, Validation Loss: 0.49299223195104036, Accuracy: 69.78240882623352%
2024-06-27 01:11:01 - INFO - Epoch: 297/300, Training Loss: 0.2288023710214332
2024-06-27 01:11:01 - INFO - Epoch: 297/300, Validation Loss: 0.48934198390035066, Accuracy: 70.02758197977322%
2024-06-27 01:11:06 - INFO - Epoch: 298/300, Training Loss: 0.22740559100958646
2024-06-27 01:11:06 - INFO - Epoch: 298/300, Validation Loss: 0.4906187446094027, Accuracy: 69.90499540300337%
2024-06-27 01:11:11 - INFO - Epoch: 299/300, Training Loss: 0.22743987869106086
2024-06-27 01:11:12 - INFO - Epoch: 299/300, Validation Loss: 0.4870765983474021, Accuracy: 69.85902543671467%
2024-06-27 01:11:17 - INFO - Epoch: 300/300, Training Loss: 0.23384295606656985
2024-06-27 01:11:17 - INFO - Epoch: 300/300, Validation Loss: 0.48869840245620877, Accuracy: 69.84370211461845%
2024-06-27 01:11:17 - INFO - Finished training model.
2024-06-27 01:11:17 - INFO - Model saved to lstm_classifier.pth and vocabulary saved to vocab.pkl
