2024-07-10 22:45:43 - INFO - This log entry will go into a uniquely named file for this run.
2024-07-10 22:45:43 - INFO - without hidden
2024-07-10 22:45:43 - INFO - valid:3302
2024-07-10 22:45:43 - INFO - invalid:3304
2024-07-10 22:45:43 - INFO - Params:
2024-07-10 22:45:43 - INFO - embedding_dim=32
2024-07-10 22:45:43 - INFO - hidden_dim:32
2024-07-10 22:45:43 - INFO - num_layers:2
2024-07-10 22:45:43 - INFO - epochs:300
2024-07-10 22:45:43 - INFO - batch_size:64
2024-07-10 22:45:43 - INFO - lr:0.001
2024-07-10 22:45:46 - INFO - Starting LSTM model training...
2024-07-10 22:45:49 - INFO - Epoch: 1/300, Training Loss: 0.6932770226741659
2024-07-10 22:45:50 - INFO - Epoch: 1/300, Validation Loss: 2.7595819719545136, Accuracy: 51.37523710984652%
2024-07-10 22:45:50 - INFO - Model saved with validation accuracy: 51.37523710984652%
2024-07-10 22:45:53 - INFO - Epoch: 2/300, Training Loss: 0.6928731612501473
2024-07-10 22:45:54 - INFO - Epoch: 2/300, Validation Loss: 2.760707195316042, Accuracy: 51.379548197965164%
2024-07-10 22:45:54 - INFO - Model saved with validation accuracy: 51.379548197965164%
2024-07-10 22:45:57 - INFO - Epoch: 3/300, Training Loss: 0.6929879067684042
2024-07-10 22:45:58 - INFO - Epoch: 3/300, Validation Loss: 2.7593460459630568, Accuracy: 51.379548197965164%
2024-07-10 22:46:00 - INFO - Epoch: 4/300, Training Loss: 0.6928473365717921
2024-07-10 22:46:02 - INFO - Epoch: 4/300, Validation Loss: 2.7578028040927847, Accuracy: 52.1059665459562%
2024-07-10 22:46:02 - INFO - Model saved with validation accuracy: 52.1059665459562%
2024-07-10 22:46:04 - INFO - Epoch: 5/300, Training Loss: 0.6903443598747253
2024-07-10 22:46:05 - INFO - Epoch: 5/300, Validation Loss: 2.7147886209435517, Accuracy: 56.192878082428%
2024-07-10 22:46:05 - INFO - Model saved with validation accuracy: 56.192878082428%
2024-07-10 22:46:08 - INFO - Epoch: 6/300, Training Loss: 0.684093761772945
2024-07-10 22:46:09 - INFO - Epoch: 6/300, Validation Loss: 2.7650509224488187, Accuracy: 51.379548197965164%
2024-07-10 22:46:12 - INFO - Epoch: 7/300, Training Loss: 0.6893498765189072
2024-07-10 22:46:13 - INFO - Epoch: 7/300, Validation Loss: 2.7261267068621877, Accuracy: 56.33298844628384%
2024-07-10 22:46:13 - INFO - Model saved with validation accuracy: 56.33298844628384%
2024-07-10 22:46:15 - INFO - Epoch: 8/300, Training Loss: 0.6771547510706145
2024-07-10 22:46:17 - INFO - Epoch: 8/300, Validation Loss: 2.6831233900981943, Accuracy: 58.63079841351957%
2024-07-10 22:46:17 - INFO - Model saved with validation accuracy: 58.63079841351957%
2024-07-10 22:46:19 - INFO - Epoch: 9/300, Training Loss: 0.6566007044397552
2024-07-10 22:46:20 - INFO - Epoch: 9/300, Validation Loss: 2.4822180719821008, Accuracy: 61.01914123124676%
2024-07-10 22:46:20 - INFO - Model saved with validation accuracy: 61.01914123124676%
2024-07-10 22:46:23 - INFO - Epoch: 10/300, Training Loss: 0.608627588378972
2024-07-10 22:46:24 - INFO - Epoch: 10/300, Validation Loss: 2.4065523199982697, Accuracy: 62.75650974305915%
2024-07-10 22:46:24 - INFO - Model saved with validation accuracy: 62.75650974305915%
2024-07-10 22:46:27 - INFO - Epoch: 11/300, Training Loss: 0.6025437620590472
2024-07-10 22:46:28 - INFO - Epoch: 11/300, Validation Loss: 2.390364039893989, Accuracy: 63.1703742024487%
2024-07-10 22:46:28 - INFO - Model saved with validation accuracy: 63.1703742024487%
2024-07-10 22:46:30 - INFO - Epoch: 12/300, Training Loss: 0.5996532372359572
2024-07-10 22:46:32 - INFO - Epoch: 12/300, Validation Loss: 2.3843687099742366, Accuracy: 63.211329539575786%
2024-07-10 22:46:32 - INFO - Model saved with validation accuracy: 63.211329539575786%
2024-07-10 22:46:34 - INFO - Epoch: 13/300, Training Loss: 0.5990224102036706
2024-07-10 22:46:35 - INFO - Epoch: 13/300, Validation Loss: 2.383151242202455, Accuracy: 63.118641145025%
2024-07-10 22:46:38 - INFO - Epoch: 14/300, Training Loss: 0.5983415039654436
2024-07-10 22:46:39 - INFO - Epoch: 14/300, Validation Loss: 2.377634204023487, Accuracy: 63.21779617175375%
2024-07-10 22:46:39 - INFO - Model saved with validation accuracy: 63.21779617175375%
2024-07-10 22:46:42 - INFO - Epoch: 15/300, Training Loss: 0.5979459586636774
2024-07-10 22:46:43 - INFO - Epoch: 15/300, Validation Loss: 2.373638549512559, Accuracy: 63.23935161234696%
2024-07-10 22:46:43 - INFO - Model saved with validation accuracy: 63.23935161234696%
2024-07-10 22:46:45 - INFO - Epoch: 16/300, Training Loss: 0.5964084686081985
2024-07-10 22:46:47 - INFO - Epoch: 16/300, Validation Loss: 2.3821479972902235, Accuracy: 63.0970857044318%
2024-07-10 22:46:49 - INFO - Epoch: 17/300, Training Loss: 0.5951207473360259
2024-07-10 22:46:50 - INFO - Epoch: 17/300, Validation Loss: 2.370760361571888, Accuracy: 63.36652871184687%
2024-07-10 22:46:50 - INFO - Model saved with validation accuracy: 63.36652871184687%
2024-07-10 22:46:53 - INFO - Epoch: 18/300, Training Loss: 0.5947711582430478
2024-07-10 22:46:54 - INFO - Epoch: 18/300, Validation Loss: 2.372039035453901, Accuracy: 63.37730643214347%
2024-07-10 22:46:54 - INFO - Model saved with validation accuracy: 63.37730643214347%
2024-07-10 22:46:57 - INFO - Epoch: 19/300, Training Loss: 0.5956683123111725
2024-07-10 22:46:58 - INFO - Epoch: 19/300, Validation Loss: 2.3577406167329014, Accuracy: 63.29970684600793%
2024-07-10 22:47:00 - INFO - Epoch: 20/300, Training Loss: 0.5980106279767793
2024-07-10 22:47:02 - INFO - Epoch: 20/300, Validation Loss: 2.3761310498793047, Accuracy: 63.37730643214347%
2024-07-10 22:47:04 - INFO - Epoch: 21/300, Training Loss: 0.5969866458300886
2024-07-10 22:47:05 - INFO - Epoch: 21/300, Validation Loss: 2.373645109134716, Accuracy: 63.37515088808415%
2024-07-10 22:47:08 - INFO - Epoch: 22/300, Training Loss: 0.5943092839471225
2024-07-10 22:47:09 - INFO - Epoch: 22/300, Validation Loss: 2.352249411927475, Accuracy: 63.401017416796%
2024-07-10 22:47:09 - INFO - Model saved with validation accuracy: 63.401017416796%
2024-07-10 22:47:12 - INFO - Epoch: 23/300, Training Loss: 0.5881165217531138
2024-07-10 22:47:13 - INFO - Epoch: 23/300, Validation Loss: 2.3181317004856172, Accuracy: 63.38161752026211%
2024-07-10 22:47:16 - INFO - Epoch: 24/300, Training Loss: 0.5775060129987782
2024-07-10 22:47:17 - INFO - Epoch: 24/300, Validation Loss: 2.256965097326499, Accuracy: 64.40334540438006%
2024-07-10 22:47:17 - INFO - Model saved with validation accuracy: 64.40334540438006%
2024-07-10 22:47:19 - INFO - Epoch: 25/300, Training Loss: 0.5681898239152184
2024-07-10 22:47:21 - INFO - Epoch: 25/300, Validation Loss: 2.230873622900837, Accuracy: 66.21831350232799%
2024-07-10 22:47:21 - INFO - Model saved with validation accuracy: 66.21831350232799%
2024-07-10 22:47:23 - INFO - Epoch: 26/300, Training Loss: 0.5578176675993821
2024-07-10 22:47:24 - INFO - Epoch: 26/300, Validation Loss: 2.177375051673952, Accuracy: 68.19063631660632%
2024-07-10 22:47:24 - INFO - Model saved with validation accuracy: 68.19063631660632%
2024-07-10 22:47:27 - INFO - Epoch: 27/300, Training Loss: 0.5413569107548943
2024-07-10 22:47:28 - INFO - Epoch: 27/300, Validation Loss: 2.1385460325649808, Accuracy: 67.7077944473185%
2024-07-10 22:47:31 - INFO - Epoch: 28/300, Training Loss: 0.5211634448067896
2024-07-10 22:47:32 - INFO - Epoch: 28/300, Validation Loss: 2.025353193119332, Accuracy: 70.08751508880842%
2024-07-10 22:47:32 - INFO - Model saved with validation accuracy: 70.08751508880842%
2024-07-10 22:47:34 - INFO - Epoch: 29/300, Training Loss: 0.5109687329982889
2024-07-10 22:47:36 - INFO - Epoch: 29/300, Validation Loss: 2.003682111318295, Accuracy: 70.20607001207105%
2024-07-10 22:47:36 - INFO - Model saved with validation accuracy: 70.20607001207105%
2024-07-10 22:47:38 - INFO - Epoch: 30/300, Training Loss: 0.5054565665228613
2024-07-10 22:47:39 - INFO - Epoch: 30/300, Validation Loss: 1.98288873394767, Accuracy: 70.44533540265563%
2024-07-10 22:47:39 - INFO - Model saved with validation accuracy: 70.44533540265563%
2024-07-10 22:47:42 - INFO - Epoch: 31/300, Training Loss: 0.5002791797703711
2024-07-10 22:47:43 - INFO - Epoch: 31/300, Validation Loss: 1.9654539674520493, Accuracy: 70.72771167442663%
2024-07-10 22:47:43 - INFO - Model saved with validation accuracy: 70.72771167442663%
2024-07-10 22:47:46 - INFO - Epoch: 32/300, Training Loss: 0.4990261714622892
2024-07-10 22:47:47 - INFO - Epoch: 32/300, Validation Loss: 1.9552501546485084, Accuracy: 70.60053457492671%
2024-07-10 22:47:50 - INFO - Epoch: 33/300, Training Loss: 0.4928716615561781
2024-07-10 22:47:51 - INFO - Epoch: 33/300, Validation Loss: 1.922994770682775, Accuracy: 71.17390929470598%
2024-07-10 22:47:51 - INFO - Model saved with validation accuracy: 71.17390929470598%
2024-07-10 22:47:53 - INFO - Epoch: 34/300, Training Loss: 0.48535566790350554
2024-07-10 22:47:54 - INFO - Epoch: 34/300, Validation Loss: 1.897453560278966, Accuracy: 71.33988618727366%
2024-07-10 22:47:54 - INFO - Model saved with validation accuracy: 71.33988618727366%
2024-07-10 22:47:57 - INFO - Epoch: 35/300, Training Loss: 0.48273799624936337
2024-07-10 22:47:58 - INFO - Epoch: 35/300, Validation Loss: 1.8816376189281652, Accuracy: 71.4368856699431%
2024-07-10 22:47:58 - INFO - Model saved with validation accuracy: 71.4368856699431%
2024-07-10 22:48:01 - INFO - Epoch: 36/300, Training Loss: 0.48403974068575895
2024-07-10 22:48:02 - INFO - Epoch: 36/300, Validation Loss: 1.8948675811618239, Accuracy: 71.47352991895154%
2024-07-10 22:48:02 - INFO - Model saved with validation accuracy: 71.47352991895154%
2024-07-10 22:48:05 - INFO - Epoch: 37/300, Training Loss: 0.4760100520068202
2024-07-10 22:48:06 - INFO - Epoch: 37/300, Validation Loss: 1.8527220738130612, Accuracy: 71.70417313329884%
2024-07-10 22:48:06 - INFO - Model saved with validation accuracy: 71.70417313329884%
2024-07-10 22:48:08 - INFO - Epoch: 38/300, Training Loss: 0.4688564200647946
2024-07-10 22:48:09 - INFO - Epoch: 38/300, Validation Loss: 1.8431241807046828, Accuracy: 71.6265735471633%
2024-07-10 22:48:12 - INFO - Epoch: 39/300, Training Loss: 0.4687058878767079
2024-07-10 22:48:13 - INFO - Epoch: 39/300, Validation Loss: 1.8362353019989455, Accuracy: 71.70417313329884%
2024-07-10 22:48:16 - INFO - Epoch: 40/300, Training Loss: 0.4673182264278675
2024-07-10 22:48:17 - INFO - Epoch: 40/300, Validation Loss: 1.8213024216366338, Accuracy: 71.6157958268667%
2024-07-10 22:48:20 - INFO - Epoch: 41/300, Training Loss: 0.4603533414314533
2024-07-10 22:48:21 - INFO - Epoch: 41/300, Validation Loss: 1.8055179456433097, Accuracy: 71.77530608725642%
2024-07-10 22:48:21 - INFO - Model saved with validation accuracy: 71.77530608725642%
2024-07-10 22:48:23 - INFO - Epoch: 42/300, Training Loss: 0.45681583864935515
2024-07-10 22:48:25 - INFO - Epoch: 42/300, Validation Loss: 1.7631949073338247, Accuracy: 71.97361614071392%
2024-07-10 22:48:25 - INFO - Model saved with validation accuracy: 71.97361614071392%
2024-07-10 22:48:27 - INFO - Epoch: 43/300, Training Loss: 0.4536117450533242
2024-07-10 22:48:28 - INFO - Epoch: 43/300, Validation Loss: 1.750462185550522, Accuracy: 72.09432660803587%
2024-07-10 22:48:28 - INFO - Model saved with validation accuracy: 72.09432660803587%
2024-07-10 22:48:31 - INFO - Epoch: 44/300, Training Loss: 0.4487549434859177
2024-07-10 22:48:32 - INFO - Epoch: 44/300, Validation Loss: 1.7521904749529702, Accuracy: 72.13743748922228%
2024-07-10 22:48:32 - INFO - Model saved with validation accuracy: 72.13743748922228%
2024-07-10 22:48:35 - INFO - Epoch: 45/300, Training Loss: 0.4489426466925391
2024-07-10 22:48:36 - INFO - Epoch: 45/300, Validation Loss: 1.720974583547194, Accuracy: 72.34652526297637%
2024-07-10 22:48:36 - INFO - Model saved with validation accuracy: 72.34652526297637%
2024-07-10 22:48:39 - INFO - Epoch: 46/300, Training Loss: 0.44260271902742054
2024-07-10 22:48:40 - INFO - Epoch: 46/300, Validation Loss: 1.7260971583507874, Accuracy: 72.25599241248491%
2024-07-10 22:48:43 - INFO - Epoch: 47/300, Training Loss: 0.43961001383847204
2024-07-10 22:48:44 - INFO - Epoch: 47/300, Validation Loss: 1.7186487471009348, Accuracy: 72.0447490946715%
2024-07-10 22:48:47 - INFO - Epoch: 48/300, Training Loss: 0.43735053563940113
2024-07-10 22:48:48 - INFO - Epoch: 48/300, Validation Loss: 1.7039497157374581, Accuracy: 72.46076909812037%
2024-07-10 22:48:48 - INFO - Model saved with validation accuracy: 72.46076909812037%
2024-07-10 22:48:50 - INFO - Epoch: 49/300, Training Loss: 0.4343645508947044
2024-07-10 22:48:51 - INFO - Epoch: 49/300, Validation Loss: 1.6773486443600811, Accuracy: 72.5491464045525%
2024-07-10 22:48:51 - INFO - Model saved with validation accuracy: 72.5491464045525%
2024-07-10 22:48:54 - INFO - Epoch: 50/300, Training Loss: 0.43652987792574127
2024-07-10 22:48:55 - INFO - Epoch: 50/300, Validation Loss: 1.7031605271520196, Accuracy: 72.71081220900155%
2024-07-10 22:48:55 - INFO - Model saved with validation accuracy: 72.71081220900155%
2024-07-10 22:48:58 - INFO - Epoch: 51/300, Training Loss: 0.42989713130326107
2024-07-10 22:48:59 - INFO - Epoch: 51/300, Validation Loss: 1.6911921974394348, Accuracy: 72.66554578375582%
2024-07-10 22:49:02 - INFO - Epoch: 52/300, Training Loss: 0.4294002041734498
2024-07-10 22:49:03 - INFO - Epoch: 52/300, Validation Loss: 1.7579618659648266, Accuracy: 72.63105707880669%
2024-07-10 22:49:05 - INFO - Epoch: 53/300, Training Loss: 0.4300307204805571
2024-07-10 22:49:07 - INFO - Epoch: 53/300, Validation Loss: 1.674515730895839, Accuracy: 72.78625625107777%
2024-07-10 22:49:07 - INFO - Model saved with validation accuracy: 72.78625625107777%
2024-07-10 22:49:09 - INFO - Epoch: 54/300, Training Loss: 0.42662506646123427
2024-07-10 22:49:10 - INFO - Epoch: 54/300, Validation Loss: 1.6597176379227376, Accuracy: 72.71296775306087%
2024-07-10 22:49:13 - INFO - Epoch: 55/300, Training Loss: 0.4283679833083317
2024-07-10 22:49:14 - INFO - Epoch: 55/300, Validation Loss: 1.6511998183124668, Accuracy: 72.80565614761166%
2024-07-10 22:49:14 - INFO - Model saved with validation accuracy: 72.80565614761166%
2024-07-10 22:49:17 - INFO - Epoch: 56/300, Training Loss: 0.4200143832995974
2024-07-10 22:49:18 - INFO - Epoch: 56/300, Validation Loss: 1.6447704128184162, Accuracy: 72.90050008622177%
2024-07-10 22:49:18 - INFO - Model saved with validation accuracy: 72.90050008622177%
2024-07-10 22:49:21 - INFO - Epoch: 57/300, Training Loss: 0.42075723627517964
2024-07-10 22:49:22 - INFO - Epoch: 57/300, Validation Loss: 1.631318007851695, Accuracy: 72.95438868770478%
2024-07-10 22:49:22 - INFO - Model saved with validation accuracy: 72.95438868770478%
2024-07-10 22:49:25 - INFO - Epoch: 58/300, Training Loss: 0.42061710374108674
2024-07-10 22:49:26 - INFO - Epoch: 58/300, Validation Loss: 1.6373552935464042, Accuracy: 72.97594412829798%
2024-07-10 22:49:26 - INFO - Model saved with validation accuracy: 72.97594412829798%
2024-07-10 22:49:28 - INFO - Epoch: 59/300, Training Loss: 0.41958164753585026
2024-07-10 22:49:29 - INFO - Epoch: 59/300, Validation Loss: 1.6383556117723277, Accuracy: 73.00827728918779%
2024-07-10 22:49:29 - INFO - Model saved with validation accuracy: 73.00827728918779%
2024-07-10 22:49:32 - INFO - Epoch: 60/300, Training Loss: 0.4160033367420065
2024-07-10 22:49:33 - INFO - Epoch: 60/300, Validation Loss: 1.6304804792443475, Accuracy: 73.06001034661149%
2024-07-10 22:49:33 - INFO - Model saved with validation accuracy: 73.06001034661149%
2024-07-10 22:49:36 - INFO - Epoch: 61/300, Training Loss: 0.4171948087420957
2024-07-10 22:49:38 - INFO - Epoch: 61/300, Validation Loss: 1.6328793890201128, Accuracy: 72.88756682186583%
2024-07-10 22:49:42 - INFO - Epoch: 62/300, Training Loss: 0.41284160155674504
2024-07-10 22:49:44 - INFO - Epoch: 62/300, Validation Loss: 1.6183163597361072, Accuracy: 72.98672184859458%
2024-07-10 22:49:47 - INFO - Epoch: 63/300, Training Loss: 0.41239895269788546
2024-07-10 22:49:49 - INFO - Epoch: 63/300, Validation Loss: 1.6104909003108412, Accuracy: 73.18934299017072%
2024-07-10 22:49:49 - INFO - Model saved with validation accuracy: 73.18934299017072%
2024-07-10 22:49:53 - INFO - Epoch: 64/300, Training Loss: 0.4160384991251189
2024-07-10 22:49:55 - INFO - Epoch: 64/300, Validation Loss: 1.613432431941504, Accuracy: 73.14623210898431%
2024-07-10 22:49:58 - INFO - Epoch: 65/300, Training Loss: 0.40971841898457756
2024-07-10 22:50:00 - INFO - Epoch: 65/300, Validation Loss: 1.6094422599116525, Accuracy: 73.2195206070012%
2024-07-10 22:50:00 - INFO - Model saved with validation accuracy: 73.2195206070012%
2024-07-10 22:50:04 - INFO - Epoch: 66/300, Training Loss: 0.4099337579053024
2024-07-10 22:50:06 - INFO - Epoch: 66/300, Validation Loss: 1.6078478296051968, Accuracy: 72.99318848077255%
2024-07-10 22:50:10 - INFO - Epoch: 67/300, Training Loss: 0.4105328076461266
2024-07-10 22:50:12 - INFO - Epoch: 67/300, Validation Loss: 1.598866342515736, Accuracy: 73.41351957234006%
2024-07-10 22:50:12 - INFO - Model saved with validation accuracy: 73.41351957234006%
2024-07-10 22:50:15 - INFO - Epoch: 68/300, Training Loss: 0.4096143551530509
2024-07-10 22:50:17 - INFO - Epoch: 68/300, Validation Loss: 1.6069743015936442, Accuracy: 73.13976547680635%
2024-07-10 22:50:21 - INFO - Epoch: 69/300, Training Loss: 0.4096802813225779
2024-07-10 22:50:23 - INFO - Epoch: 69/300, Validation Loss: 1.679020548587317, Accuracy: 73.1354543886877%
2024-07-10 22:50:27 - INFO - Epoch: 70/300, Training Loss: 0.40680897404407634
2024-07-10 22:50:29 - INFO - Epoch: 70/300, Validation Loss: 1.6052316484542994, Accuracy: 73.34669770650112%
2024-07-10 22:50:32 - INFO - Epoch: 71/300, Training Loss: 0.4056716956146832
2024-07-10 22:50:34 - INFO - Epoch: 71/300, Validation Loss: 1.5765593353208605, Accuracy: 73.56225211243317%
2024-07-10 22:50:34 - INFO - Model saved with validation accuracy: 73.56225211243317%
2024-07-10 22:50:38 - INFO - Epoch: 72/300, Training Loss: 0.4065010652459901
2024-07-10 22:50:40 - INFO - Epoch: 72/300, Validation Loss: 1.5809418788323035, Accuracy: 73.51914123124676%
2024-07-10 22:50:44 - INFO - Epoch: 73/300, Training Loss: 0.403723175443452
2024-07-10 22:50:46 - INFO - Epoch: 73/300, Validation Loss: 1.5706133090860241, Accuracy: 73.51914123124676%
2024-07-10 22:50:49 - INFO - Epoch: 74/300, Training Loss: 0.4037334560525828
2024-07-10 22:50:51 - INFO - Epoch: 74/300, Validation Loss: 1.584201119512647, Accuracy: 73.42429729263667%
2024-07-10 22:50:55 - INFO - Epoch: 75/300, Training Loss: 0.40311697057608903
2024-07-10 22:50:57 - INFO - Epoch: 75/300, Validation Loss: 1.5644576074657859, Accuracy: 73.76271770995%
2024-07-10 22:50:57 - INFO - Model saved with validation accuracy: 73.76271770995%
2024-07-10 22:51:01 - INFO - Epoch: 76/300, Training Loss: 0.4003712116438767
2024-07-10 22:51:03 - INFO - Epoch: 76/300, Validation Loss: 1.578037671335451, Accuracy: 73.56871874461115%
2024-07-10 22:51:06 - INFO - Epoch: 77/300, Training Loss: 0.4017552345374535
2024-07-10 22:51:08 - INFO - Epoch: 77/300, Validation Loss: 1.5844364750843782, Accuracy: 73.57518537678911%
2024-07-10 22:51:12 - INFO - Epoch: 78/300, Training Loss: 0.40222695502741584
2024-07-10 22:51:14 - INFO - Epoch: 78/300, Validation Loss: 1.562797826888797, Accuracy: 73.62045180203484%
2024-07-10 22:51:18 - INFO - Epoch: 79/300, Training Loss: 0.40124903937865947
2024-07-10 22:51:19 - INFO - Epoch: 79/300, Validation Loss: 1.5652705047811781, Accuracy: 73.69589584411105%
2024-07-10 22:51:23 - INFO - Epoch: 80/300, Training Loss: 0.3994554296033136
2024-07-10 22:51:25 - INFO - Epoch: 80/300, Validation Loss: 1.575195685684026, Accuracy: 73.69805138817037%
2024-07-10 22:51:29 - INFO - Epoch: 81/300, Training Loss: 0.3999630101590321
2024-07-10 22:51:31 - INFO - Epoch: 81/300, Validation Loss: 1.5763737529843718, Accuracy: 73.66356268322124%
2024-07-10 22:51:34 - INFO - Epoch: 82/300, Training Loss: 0.39868239164352415
2024-07-10 22:51:36 - INFO - Epoch: 82/300, Validation Loss: 1.5525320701219223, Accuracy: 73.85540610450077%
2024-07-10 22:51:36 - INFO - Model saved with validation accuracy: 73.85540610450077%
2024-07-10 22:51:40 - INFO - Epoch: 83/300, Training Loss: 0.3986031233031174
2024-07-10 22:51:42 - INFO - Epoch: 83/300, Validation Loss: 1.580714075447439, Accuracy: 73.75840662183136%
2024-07-10 22:51:46 - INFO - Epoch: 84/300, Training Loss: 0.39648166245427624
2024-07-10 22:51:48 - INFO - Epoch: 84/300, Validation Loss: 1.5411468673865873, Accuracy: 73.90713916192448%
2024-07-10 22:51:48 - INFO - Model saved with validation accuracy: 73.90713916192448%
2024-07-10 22:51:51 - INFO - Epoch: 85/300, Training Loss: 0.395427792442256
2024-07-10 22:51:53 - INFO - Epoch: 85/300, Validation Loss: 1.5646204985268823, Accuracy: 73.73469563717883%
2024-07-10 22:51:57 - INFO - Epoch: 86/300, Training Loss: 0.39636838880078545
2024-07-10 22:51:59 - INFO - Epoch: 86/300, Validation Loss: 1.5529244846695072, Accuracy: 73.89420589756854%
2024-07-10 22:52:02 - INFO - Epoch: 87/300, Training Loss: 0.39655246405765926
2024-07-10 22:52:04 - INFO - Epoch: 87/300, Validation Loss: 1.5435829198622442, Accuracy: 74.01707190894982%
2024-07-10 22:52:04 - INFO - Model saved with validation accuracy: 74.01707190894982%
2024-07-10 22:52:08 - INFO - Epoch: 88/300, Training Loss: 0.39746910983118516
2024-07-10 22:52:10 - INFO - Epoch: 88/300, Validation Loss: 1.569321008337723, Accuracy: 73.74331781341611%
2024-07-10 22:52:14 - INFO - Epoch: 89/300, Training Loss: 0.3964684395954527
2024-07-10 22:52:16 - INFO - Epoch: 89/300, Validation Loss: 1.5440939181781077, Accuracy: 73.98042765994137%
2024-07-10 22:52:19 - INFO - Epoch: 90/300, Training Loss: 0.3963343567683779
2024-07-10 22:52:21 - INFO - Epoch: 90/300, Validation Loss: 1.539794639981055, Accuracy: 74.11622693567857%
2024-07-10 22:52:21 - INFO - Model saved with validation accuracy: 74.11622693567857%
2024-07-10 22:52:25 - INFO - Epoch: 91/300, Training Loss: 0.39443223852535775
2024-07-10 22:52:27 - INFO - Epoch: 91/300, Validation Loss: 1.5340119551171314, Accuracy: 74.01276082083118%
2024-07-10 22:52:31 - INFO - Epoch: 92/300, Training Loss: 0.3951766822255891
2024-07-10 22:52:32 - INFO - Epoch: 92/300, Validation Loss: 1.5429555716422887, Accuracy: 73.93947232281428%
2024-07-10 22:52:36 - INFO - Epoch: 93/300, Training Loss: 0.3944665450063245
2024-07-10 22:52:38 - INFO - Epoch: 93/300, Validation Loss: 1.5362699806362718, Accuracy: 74.08173823072944%
2024-07-10 22:52:42 - INFO - Epoch: 94/300, Training Loss: 0.391810772049016
2024-07-10 22:52:44 - INFO - Epoch: 94/300, Validation Loss: 1.5303760708033383, Accuracy: 74.16364890498362%
2024-07-10 22:52:44 - INFO - Model saved with validation accuracy: 74.16364890498362%
2024-07-10 22:52:48 - INFO - Epoch: 95/300, Training Loss: 0.3910728206305668
2024-07-10 22:52:50 - INFO - Epoch: 95/300, Validation Loss: 1.536504762349548, Accuracy: 74.02784962924642%
2024-07-10 22:52:53 - INFO - Epoch: 96/300, Training Loss: 0.39135309605762875
2024-07-10 22:52:55 - INFO - Epoch: 96/300, Validation Loss: 1.5277724755661828, Accuracy: 74.26927056389033%
2024-07-10 22:52:55 - INFO - Model saved with validation accuracy: 74.26927056389033%
2024-07-10 22:52:57 - INFO - Epoch: 97/300, Training Loss: 0.3913568185937816
2024-07-10 22:52:58 - INFO - Epoch: 97/300, Validation Loss: 1.5333957069522732, Accuracy: 74.20675978617002%
2024-07-10 22:53:01 - INFO - Epoch: 98/300, Training Loss: 0.3903566282782061
2024-07-10 22:53:02 - INFO - Epoch: 98/300, Validation Loss: 1.53382637908498, Accuracy: 74.14856009656837%
2024-07-10 22:53:05 - INFO - Epoch: 99/300, Training Loss: 0.391065393398548
2024-07-10 22:53:06 - INFO - Epoch: 99/300, Validation Loss: 1.5234085585881065, Accuracy: 74.46326952922918%
2024-07-10 22:53:06 - INFO - Model saved with validation accuracy: 74.46326952922918%
2024-07-10 22:53:09 - INFO - Epoch: 100/300, Training Loss: 0.3901534306180888
2024-07-10 22:53:10 - INFO - Epoch: 100/300, Validation Loss: 1.5302658556745603, Accuracy: 74.3404035178479%
2024-07-10 22:53:13 - INFO - Epoch: 101/300, Training Loss: 0.3906682562005931
2024-07-10 22:53:14 - INFO - Epoch: 101/300, Validation Loss: 1.5248855351582988, Accuracy: 74.24771512329713%
2024-07-10 22:53:17 - INFO - Epoch: 102/300, Training Loss: 0.38995673335831743
2024-07-10 22:53:18 - INFO - Epoch: 102/300, Validation Loss: 1.5136008970030062, Accuracy: 74.2455595792378%
2024-07-10 22:53:20 - INFO - Epoch: 103/300, Training Loss: 0.3878238431133073
2024-07-10 22:53:22 - INFO - Epoch: 103/300, Validation Loss: 1.5133770244134652, Accuracy: 74.38351439903431%
2024-07-10 22:53:24 - INFO - Epoch: 104/300, Training Loss: 0.38702552170589055
2024-07-10 22:53:25 - INFO - Epoch: 104/300, Validation Loss: 1.5397312336570614, Accuracy: 74.35333678220383%
2024-07-10 22:53:28 - INFO - Epoch: 105/300, Training Loss: 0.3873702635230689
2024-07-10 22:53:29 - INFO - Epoch: 105/300, Validation Loss: 1.5134100717502637, Accuracy: 74.45249180893258%
2024-07-10 22:53:32 - INFO - Epoch: 106/300, Training Loss: 0.38726182703314155
2024-07-10 22:53:33 - INFO - Epoch: 106/300, Validation Loss: 1.5138905266975309, Accuracy: 74.45033626487326%
2024-07-10 22:53:36 - INFO - Epoch: 107/300, Training Loss: 0.3906832580114233
2024-07-10 22:53:37 - INFO - Epoch: 107/300, Validation Loss: 1.5159577897616796, Accuracy: 74.49991377823763%
2024-07-10 22:53:37 - INFO - Model saved with validation accuracy: 74.49991377823763%
2024-07-10 22:53:39 - INFO - Epoch: 108/300, Training Loss: 0.38865741783174973
2024-07-10 22:53:41 - INFO - Epoch: 108/300, Validation Loss: 1.5343119271181442, Accuracy: 74.43955854457666%
2024-07-10 22:53:43 - INFO - Epoch: 109/300, Training Loss: 0.38635750281399694
2024-07-10 22:53:45 - INFO - Epoch: 109/300, Validation Loss: 1.5122707075961344, Accuracy: 74.60984652526298%
2024-07-10 22:53:45 - INFO - Model saved with validation accuracy: 74.60984652526298%
2024-07-10 22:53:47 - INFO - Epoch: 110/300, Training Loss: 0.3863857150899953
2024-07-10 22:53:48 - INFO - Epoch: 110/300, Validation Loss: 1.5205586058916627, Accuracy: 74.47189170546646%
2024-07-10 22:53:51 - INFO - Epoch: 111/300, Training Loss: 0.3879308626158484
2024-07-10 22:53:52 - INFO - Epoch: 111/300, Validation Loss: 1.5135963311889669, Accuracy: 74.48482496982238%
