2024-06-27 16:26:10 - INFO - This log entry will go into a uniquely named file for this run.
2024-06-27 16:26:10 - INFO - Params:
2024-06-27 16:26:10 - INFO - embedding_dim=128
2024-06-27 16:26:10 - INFO - hidden_dim:256
2024-06-27 16:26:10 - INFO - num_layers:2
2024-06-27 16:26:10 - INFO - epochs:350
2024-06-27 16:26:10 - INFO - batch_size:64
2024-06-27 16:26:10 - INFO - lr:0.001
2024-06-27 16:26:13 - INFO - Starting LSTM model training...
2024-06-27 16:26:17 - INFO - Epoch: 1/350, Training Loss: 0.6930823209238988
2024-06-27 16:26:18 - INFO - Epoch: 1/350, Validation Loss: 0.6925770213790968, Accuracy: 51.68556543058535%
2024-06-27 16:26:21 - INFO - Epoch: 2/350, Training Loss: 0.69241577445292
2024-06-27 16:26:22 - INFO - Epoch: 2/350, Validation Loss: 0.6945458831740361, Accuracy: 51.79282868525896%
2024-06-27 16:26:25 - INFO - Epoch: 3/350, Training Loss: 0.6923342651011897
2024-06-27 16:26:26 - INFO - Epoch: 3/350, Validation Loss: 0.6926500633651135, Accuracy: 51.57830217591174%
2024-06-27 16:26:29 - INFO - Epoch: 4/350, Training Loss: 0.6935857733090719
2024-06-27 16:26:30 - INFO - Epoch: 4/350, Validation Loss: 0.6926546394824982, Accuracy: 51.68556543058535%
2024-06-27 16:26:33 - INFO - Epoch: 5/350, Training Loss: 0.6920389439545426
2024-06-27 16:26:34 - INFO - Epoch: 5/350, Validation Loss: 0.6929504322070702, Accuracy: 51.68556543058535%
2024-06-27 16:26:37 - INFO - Epoch: 6/350, Training Loss: 0.6605355082189336
2024-06-27 16:26:38 - INFO - Epoch: 6/350, Validation Loss: 0.6048340844173058, Accuracy: 63.040147103892124%
2024-06-27 16:26:41 - INFO - Epoch: 7/350, Training Loss: 0.5997119358211171
2024-06-27 16:26:42 - INFO - Epoch: 7/350, Validation Loss: 0.590183837741029, Accuracy: 64.14342629482071%
2024-06-27 16:26:45 - INFO - Epoch: 8/350, Training Loss: 0.5640021818233472
2024-06-27 16:26:46 - INFO - Epoch: 8/350, Validation Loss: 0.518844356139501, Accuracy: 72.73980999080601%
2024-06-27 16:26:49 - INFO - Epoch: 9/350, Training Loss: 0.4958476744884369
2024-06-27 16:26:49 - INFO - Epoch: 9/350, Validation Loss: 0.47186966328059926, Accuracy: 74.42537542139135%
2024-06-27 16:26:53 - INFO - Epoch: 10/350, Training Loss: 0.45160746450225514
2024-06-27 16:26:54 - INFO - Epoch: 10/350, Validation Loss: 0.42731227126776006, Accuracy: 75.52865461231995%
2024-06-27 16:27:00 - INFO - Epoch: 11/350, Training Loss: 0.4187081250197747
2024-06-27 16:27:01 - INFO - Epoch: 11/350, Validation Loss: 0.4038461627913456, Accuracy: 75.75850444376341%
2024-06-27 16:27:08 - INFO - Epoch: 12/350, Training Loss: 0.39171323439508093
2024-06-27 16:27:08 - INFO - Epoch: 12/350, Validation Loss: 0.3782000217367621, Accuracy: 75.77382776585964%
2024-06-27 16:27:15 - INFO - Epoch: 13/350, Training Loss: 0.37079525622082693
2024-06-27 16:27:16 - INFO - Epoch: 13/350, Validation Loss: 0.3660893695903759, Accuracy: 75.74318112166718%
2024-06-27 16:27:22 - INFO - Epoch: 14/350, Training Loss: 0.367107882109635
2024-06-27 16:27:23 - INFO - Epoch: 14/350, Validation Loss: 0.37221940300043893, Accuracy: 75.55930125651241%
2024-06-27 16:27:30 - INFO - Epoch: 15/350, Training Loss: 0.3517034982933718
2024-06-27 16:27:31 - INFO - Epoch: 15/350, Validation Loss: 0.3528548543359719, Accuracy: 75.37542139135765%
2024-06-27 16:27:37 - INFO - Epoch: 16/350, Training Loss: 0.34250303869153936
2024-06-27 16:27:38 - INFO - Epoch: 16/350, Validation Loss: 0.3496534841902116, Accuracy: 74.5939319644499%
2024-06-27 16:27:44 - INFO - Epoch: 17/350, Training Loss: 0.3364354853390479
2024-06-27 16:27:45 - INFO - Epoch: 17/350, Validation Loss: 0.3592795422848533, Accuracy: 74.97701501685566%
2024-06-27 16:27:51 - INFO - Epoch: 18/350, Training Loss: 0.3315397344310494
2024-06-27 16:27:52 - INFO - Epoch: 18/350, Validation Loss: 0.3363262768469605, Accuracy: 75.46736132393502%
2024-06-27 16:27:59 - INFO - Epoch: 19/350, Training Loss: 0.3180696103064453
2024-06-27 16:28:00 - INFO - Epoch: 19/350, Validation Loss: 0.33123496613081765, Accuracy: 76.03432424149555%
2024-06-27 16:28:06 - INFO - Epoch: 20/350, Training Loss: 0.31381307703022865
2024-06-27 16:28:07 - INFO - Epoch: 20/350, Validation Loss: 0.324422973335958, Accuracy: 75.81979773214833%
2024-06-27 16:28:11 - INFO - Epoch: 21/350, Training Loss: 0.3015732408008155
2024-06-27 16:28:12 - INFO - Epoch: 21/350, Validation Loss: 0.3132850428422292, Accuracy: 76.24885075084278%
2024-06-27 16:28:15 - INFO - Epoch: 22/350, Training Loss: 0.2978287104005907
2024-06-27 16:28:16 - INFO - Epoch: 22/350, Validation Loss: 0.31195883467501284, Accuracy: 76.2028807845541%
2024-06-27 16:28:19 - INFO - Epoch: 23/350, Training Loss: 0.2962680050701487
2024-06-27 16:28:20 - INFO - Epoch: 23/350, Validation Loss: 0.3096371335433979, Accuracy: 76.37143732761263%
2024-06-27 16:28:26 - INFO - Epoch: 24/350, Training Loss: 0.2870019859469989
2024-06-27 16:28:26 - INFO - Epoch: 24/350, Validation Loss: 0.31442003112797645, Accuracy: 75.83512105424457%
2024-06-27 16:28:33 - INFO - Epoch: 25/350, Training Loss: 0.2958316325630043
2024-06-27 16:28:34 - INFO - Epoch: 25/350, Validation Loss: 0.30796828398517534, Accuracy: 77.060986821943%
2024-06-27 16:28:40 - INFO - Epoch: 26/350, Training Loss: 0.28313220303286524
2024-06-27 16:28:41 - INFO - Epoch: 26/350, Validation Loss: 0.299267949719055, Accuracy: 77.16825007661662%
2024-06-27 16:28:47 - INFO - Epoch: 27/350, Training Loss: 0.2819370203742794
2024-06-27 16:28:48 - INFO - Epoch: 27/350, Validation Loss: 0.304705856477513, Accuracy: 76.72387373582593%
2024-06-27 16:28:54 - INFO - Epoch: 28/350, Training Loss: 0.27946439465763523
2024-06-27 16:28:55 - INFO - Epoch: 28/350, Validation Loss: 0.30293794356140435, Accuracy: 75.77382776585964%
2024-06-27 16:29:02 - INFO - Epoch: 29/350, Training Loss: 0.276554957945265
2024-06-27 16:29:03 - INFO - Epoch: 29/350, Validation Loss: 0.31015147721650554, Accuracy: 76.81581366840331%
2024-06-27 16:29:09 - INFO - Epoch: 30/350, Training Loss: 0.28112368205306576
2024-06-27 16:29:10 - INFO - Epoch: 30/350, Validation Loss: 0.3033544317472215, Accuracy: 75.52865461231995%
2024-06-27 16:29:13 - INFO - Epoch: 31/350, Training Loss: 0.27307260036468506
2024-06-27 16:29:14 - INFO - Epoch: 31/350, Validation Loss: 0.3046734702645564, Accuracy: 75.4060680355501%
2024-06-27 16:29:17 - INFO - Epoch: 32/350, Training Loss: 0.2682170716716963
2024-06-27 16:29:17 - INFO - Epoch: 32/350, Validation Loss: 0.310568713089999, Accuracy: 75.23751149249158%
2024-06-27 16:29:21 - INFO - Epoch: 33/350, Training Loss: 0.2704875921720968
2024-06-27 16:29:21 - INFO - Epoch: 33/350, Validation Loss: 0.3150920558209513, Accuracy: 75.19154152620288%
2024-06-27 16:29:25 - INFO - Epoch: 34/350, Training Loss: 0.2684535028814685
2024-06-27 16:29:25 - INFO - Epoch: 34/350, Validation Loss: 0.3066488800972116, Accuracy: 75.8044744100521%
2024-06-27 16:29:29 - INFO - Epoch: 35/350, Training Loss: 0.27183423498097586
2024-06-27 16:29:29 - INFO - Epoch: 35/350, Validation Loss: 0.3129267058536118, Accuracy: 75.4060680355501%
2024-06-27 16:29:33 - INFO - Epoch: 36/350, Training Loss: 0.26683708302238407
2024-06-27 16:29:33 - INFO - Epoch: 36/350, Validation Loss: 0.3072580208673197, Accuracy: 75.05363162733681%
2024-06-27 16:29:36 - INFO - Epoch: 37/350, Training Loss: 0.2657722763571085
2024-06-27 16:29:37 - INFO - Epoch: 37/350, Validation Loss: 0.30736495437575323, Accuracy: 74.91572172847073%
2024-06-27 16:29:40 - INFO - Epoch: 38/350, Training Loss: 0.26266294403695595
2024-06-27 16:29:40 - INFO - Epoch: 38/350, Validation Loss: 0.30766883930739236, Accuracy: 74.62457860864235%
2024-06-27 16:29:44 - INFO - Epoch: 39/350, Training Loss: 0.26475674750319883
2024-06-27 16:29:44 - INFO - Epoch: 39/350, Validation Loss: 0.32356851606392395, Accuracy: 75.26815813668404%
2024-06-27 16:29:47 - INFO - Epoch: 40/350, Training Loss: 0.2629175101790358
2024-06-27 16:29:48 - INFO - Epoch: 40/350, Validation Loss: 0.307936652618296, Accuracy: 74.51731535396874%
2024-06-27 16:29:51 - INFO - Epoch: 41/350, Training Loss: 0.26048584961715865
2024-06-27 16:29:52 - INFO - Epoch: 41/350, Validation Loss: 0.31207630403485953, Accuracy: 74.62457860864235%
2024-06-27 16:29:55 - INFO - Epoch: 42/350, Training Loss: 0.2577983125971228
2024-06-27 16:29:56 - INFO - Epoch: 42/350, Validation Loss: 0.3158625324859339, Accuracy: 74.47134538768005%
2024-06-27 16:29:59 - INFO - Epoch: 43/350, Training Loss: 0.2599607104910355
2024-06-27 16:30:00 - INFO - Epoch: 43/350, Validation Loss: 0.3224586236710642, Accuracy: 73.7971192154459%
2024-06-27 16:30:03 - INFO - Epoch: 44/350, Training Loss: 0.26072422491715236
2024-06-27 16:30:03 - INFO - Epoch: 44/350, Validation Loss: 0.3181612222802405, Accuracy: 73.8430891817346%
2024-06-27 16:30:07 - INFO - Epoch: 45/350, Training Loss: 0.26722470659981756
2024-06-27 16:30:07 - INFO - Epoch: 45/350, Validation Loss: 0.3218735755950797, Accuracy: 74.47134538768005%
2024-06-27 16:30:10 - INFO - Epoch: 46/350, Training Loss: 0.26184276275921103
2024-06-27 16:30:11 - INFO - Epoch: 46/350, Validation Loss: 0.31887998548792856, Accuracy: 73.90438247011951%
2024-06-27 16:30:14 - INFO - Epoch: 47/350, Training Loss: 0.2548874858766794
2024-06-27 16:30:14 - INFO - Epoch: 47/350, Validation Loss: 0.3169175479926315, Accuracy: 73.87373582592706%
2024-06-27 16:30:18 - INFO - Epoch: 48/350, Training Loss: 0.2562921247901578
2024-06-27 16:30:18 - INFO - Epoch: 48/350, Validation Loss: 0.31628607140452253, Accuracy: 73.03095311063439%
2024-06-27 16:30:22 - INFO - Epoch: 49/350, Training Loss: 0.2585285824230489
2024-06-27 16:30:22 - INFO - Epoch: 49/350, Validation Loss: 0.3194057256275532, Accuracy: 73.42935948513637%
2024-06-27 16:30:26 - INFO - Epoch: 50/350, Training Loss: 0.2543727342112392
2024-06-27 16:30:26 - INFO - Epoch: 50/350, Validation Loss: 0.3321644365787506, Accuracy: 73.58259270609868%
2024-06-27 16:30:30 - INFO - Epoch: 51/350, Training Loss: 0.2565453508320977
2024-06-27 16:30:30 - INFO - Epoch: 51/350, Validation Loss: 0.3339797760926041, Accuracy: 73.56726938400246%
2024-06-27 16:30:34 - INFO - Epoch: 52/350, Training Loss: 0.25461953969708845
2024-06-27 16:30:34 - INFO - Epoch: 52/350, Validation Loss: 0.33619163521364626, Accuracy: 72.89304321176832%
2024-06-27 16:30:37 - INFO - Epoch: 53/350, Training Loss: 0.25222253952832785
2024-06-27 16:30:38 - INFO - Epoch: 53/350, Validation Loss: 0.3476492105161442, Accuracy: 72.67851670242108%
2024-06-27 16:30:41 - INFO - Epoch: 54/350, Training Loss: 0.25272460617855486
2024-06-27 16:30:41 - INFO - Epoch: 54/350, Validation Loss: 0.34736381602637906, Accuracy: 72.60190009193994%
2024-06-27 16:30:45 - INFO - Epoch: 55/350, Training Loss: 0.25259213755820314
2024-06-27 16:30:45 - INFO - Epoch: 55/350, Validation Loss: 0.3343645331321978, Accuracy: 73.42935948513637%
2024-06-27 16:30:49 - INFO - Epoch: 56/350, Training Loss: 0.25338399258679617
2024-06-27 16:30:49 - INFO - Epoch: 56/350, Validation Loss: 0.3317675178541857, Accuracy: 72.95433650015323%
2024-06-27 16:30:53 - INFO - Epoch: 57/350, Training Loss: 0.2524875530826987
2024-06-27 16:30:53 - INFO - Epoch: 57/350, Validation Loss: 0.33738278393067567, Accuracy: 72.90836653386454%
2024-06-27 16:30:57 - INFO - Epoch: 58/350, Training Loss: 0.2515179403856689
2024-06-27 16:30:57 - INFO - Epoch: 58/350, Validation Loss: 0.35020271425738053, Accuracy: 72.47931351517009%
2024-06-27 16:31:00 - INFO - Epoch: 59/350, Training Loss: 0.2490278910845518
2024-06-27 16:31:01 - INFO - Epoch: 59/350, Validation Loss: 0.3546811047137952, Accuracy: 72.20349371743794%
2024-06-27 16:31:04 - INFO - Epoch: 60/350, Training Loss: 0.24627150894672262
2024-06-27 16:31:05 - INFO - Epoch: 60/350, Validation Loss: 0.35152239323246715, Accuracy: 72.3873735825927%
2024-06-27 16:31:08 - INFO - Epoch: 61/350, Training Loss: 0.24845004761043718
2024-06-27 16:31:08 - INFO - Epoch: 61/350, Validation Loss: 0.35480041524358824, Accuracy: 72.70916334661355%
2024-06-27 16:31:12 - INFO - Epoch: 62/350, Training Loss: 0.2573917641067037
2024-06-27 16:31:12 - INFO - Epoch: 62/350, Validation Loss: 0.361056890557794, Accuracy: 72.7857799570947%
2024-06-27 16:31:16 - INFO - Epoch: 63/350, Training Loss: 0.2521398182702707
2024-06-27 16:31:16 - INFO - Epoch: 63/350, Validation Loss: 0.34756152390265, Accuracy: 72.67851670242108%
2024-06-27 16:31:20 - INFO - Epoch: 64/350, Training Loss: 0.24809795117699632
2024-06-27 16:31:20 - INFO - Epoch: 64/350, Validation Loss: 0.3591657276539242, Accuracy: 72.0809071406681%
2024-06-27 16:31:24 - INFO - Epoch: 65/350, Training Loss: 0.24414196164876806
2024-06-27 16:31:24 - INFO - Epoch: 65/350, Validation Loss: 0.36227265394785824, Accuracy: 72.05026049647563%
2024-06-27 16:31:27 - INFO - Epoch: 66/350, Training Loss: 0.24443062557382325
2024-06-27 16:31:28 - INFO - Epoch: 66/350, Validation Loss: 0.36493366489223406, Accuracy: 71.97364388599448%
2024-06-27 16:31:31 - INFO - Epoch: 67/350, Training Loss: 0.24893337981227567
2024-06-27 16:31:31 - INFO - Epoch: 67/350, Validation Loss: 0.36950985079302506, Accuracy: 73.16886300950046%
2024-06-27 16:31:35 - INFO - Epoch: 68/350, Training Loss: 0.2459112891890839
2024-06-27 16:31:35 - INFO - Epoch: 68/350, Validation Loss: 0.3701067229404169, Accuracy: 72.03493717437941%
2024-06-27 16:31:39 - INFO - Epoch: 69/350, Training Loss: 0.24249078676688904
2024-06-27 16:31:39 - INFO - Epoch: 69/350, Validation Loss: 0.38655758780591626, Accuracy: 71.8817039534171%
2024-06-27 16:31:42 - INFO - Epoch: 70/350, Training Loss: 0.24540053501579107
2024-06-27 16:31:43 - INFO - Epoch: 70/350, Validation Loss: 0.38760359468413336, Accuracy: 71.89702727551334%
2024-06-27 16:31:46 - INFO - Epoch: 71/350, Training Loss: 0.242475501462525
2024-06-27 16:31:47 - INFO - Epoch: 71/350, Validation Loss: 0.3923800163993649, Accuracy: 71.48329757891511%
2024-06-27 16:31:51 - INFO - Epoch: 72/350, Training Loss: 0.2415837978432868
2024-06-27 16:31:51 - INFO - Epoch: 72/350, Validation Loss: 0.3792262286239979, Accuracy: 71.3760343242415%
2024-06-27 16:31:55 - INFO - Epoch: 73/350, Training Loss: 0.2464418018273279
2024-06-27 16:31:55 - INFO - Epoch: 73/350, Validation Loss: 0.3834470310339741, Accuracy: 71.74379405455103%
2024-06-27 16:31:59 - INFO - Epoch: 74/350, Training Loss: 0.245216389643211
2024-06-27 16:31:59 - INFO - Epoch: 74/350, Validation Loss: 0.39953965664494273, Accuracy: 71.2228011032792%
2024-06-27 16:32:02 - INFO - Epoch: 75/350, Training Loss: 0.2446709912379875
2024-06-27 16:32:03 - INFO - Epoch: 75/350, Validation Loss: 0.3876872987431638, Accuracy: 71.45265093472264%
2024-06-27 16:32:06 - INFO - Epoch: 76/350, Training Loss: 0.24103858800349282
2024-06-27 16:32:07 - INFO - Epoch: 76/350, Validation Loss: 0.4073693720149059, Accuracy: 71.65185412197364%
2024-06-27 16:32:10 - INFO - Epoch: 77/350, Training Loss: 0.23995422221281948
2024-06-27 16:32:11 - INFO - Epoch: 77/350, Validation Loss: 0.41501810036453546, Accuracy: 71.0235979160282%
2024-06-27 16:32:14 - INFO - Epoch: 78/350, Training Loss: 0.2403502056703848
2024-06-27 16:32:14 - INFO - Epoch: 78/350, Validation Loss: 0.4054763490955035, Accuracy: 71.25344774747165%
2024-06-27 16:32:18 - INFO - Epoch: 79/350, Training Loss: 0.24371003651735829
2024-06-27 16:32:18 - INFO - Epoch: 79/350, Validation Loss: 0.4083691990258647, Accuracy: 71.6825007661661%
2024-06-27 16:32:21 - INFO - Epoch: 80/350, Training Loss: 0.24094732810615324
2024-06-27 16:32:22 - INFO - Epoch: 80/350, Validation Loss: 0.40739235121245476, Accuracy: 71.16150781489426%
2024-06-27 16:32:25 - INFO - Epoch: 81/350, Training Loss: 0.23916957967494631
2024-06-27 16:32:26 - INFO - Epoch: 81/350, Validation Loss: 0.42156778597364236, Accuracy: 71.20747778118296%
2024-06-27 16:32:31 - INFO - Epoch: 82/350, Training Loss: 0.2389674091200326
2024-06-27 16:32:31 - INFO - Epoch: 82/350, Validation Loss: 0.4193603757257555, Accuracy: 71.34538768004903%
2024-06-27 16:32:38 - INFO - Epoch: 83/350, Training Loss: 0.23677501349034263
2024-06-27 16:32:39 - INFO - Epoch: 83/350, Validation Loss: 0.43043595976104926, Accuracy: 71.29941771376035%
2024-06-27 16:32:45 - INFO - Epoch: 84/350, Training Loss: 0.24139678441718512
2024-06-27 16:32:46 - INFO - Epoch: 84/350, Validation Loss: 0.4209563068899454, Accuracy: 71.46797425681888%
2024-06-27 16:32:53 - INFO - Epoch: 85/350, Training Loss: 0.2361772609874606
2024-06-27 16:32:54 - INFO - Epoch: 85/350, Validation Loss: 0.425539756668549, Accuracy: 71.34538768004903%
2024-06-27 16:33:00 - INFO - Epoch: 86/350, Training Loss: 0.24251939246759696
2024-06-27 16:33:01 - INFO - Epoch: 86/350, Validation Loss: 0.4467626143904293, Accuracy: 71.1768311369905%
2024-06-27 16:33:08 - INFO - Epoch: 87/350, Training Loss: 0.23834934764925172
2024-06-27 16:33:08 - INFO - Epoch: 87/350, Validation Loss: 0.4479464545261626, Accuracy: 71.28409439166411%
2024-06-27 16:33:15 - INFO - Epoch: 88/350, Training Loss: 0.23775257086198703
2024-06-27 16:33:16 - INFO - Epoch: 88/350, Validation Loss: 0.44152366852059083, Accuracy: 70.76310144039228%
2024-06-27 16:33:22 - INFO - Epoch: 89/350, Training Loss: 0.2359297240481657
2024-06-27 16:33:23 - INFO - Epoch: 89/350, Validation Loss: 0.46246982570372375, Accuracy: 71.08489120441311%
2024-06-27 16:33:30 - INFO - Epoch: 90/350, Training Loss: 0.2363464714886219
2024-06-27 16:33:30 - INFO - Epoch: 90/350, Validation Loss: 0.44656357402895014, Accuracy: 70.64051486362243%
2024-06-27 16:33:37 - INFO - Epoch: 91/350, Training Loss: 0.24064888343141944
2024-06-27 16:33:38 - INFO - Epoch: 91/350, Validation Loss: 0.473472674249434, Accuracy: 70.77842476248851%
2024-06-27 16:33:44 - INFO - Epoch: 92/350, Training Loss: 0.23569825631292426
2024-06-27 16:33:45 - INFO - Epoch: 92/350, Validation Loss: 0.4651605700160943, Accuracy: 70.80907140668097%
2024-06-27 16:33:52 - INFO - Epoch: 93/350, Training Loss: 0.2339256345385722
2024-06-27 16:33:53 - INFO - Epoch: 93/350, Validation Loss: 0.4764607469825184, Accuracy: 71.16150781489426%
2024-06-27 16:33:59 - INFO - Epoch: 94/350, Training Loss: 0.23368322915014098
2024-06-27 16:34:00 - INFO - Epoch: 94/350, Validation Loss: 0.47257666392069236, Accuracy: 70.33404842169783%
2024-06-27 16:34:06 - INFO - Epoch: 95/350, Training Loss: 0.23751617111630885
2024-06-27 16:34:07 - INFO - Epoch: 95/350, Validation Loss: 0.45464793358947714, Accuracy: 71.1308611707018%
2024-06-27 16:34:14 - INFO - Epoch: 96/350, Training Loss: 0.23842299134269648
2024-06-27 16:34:15 - INFO - Epoch: 96/350, Validation Loss: 0.4623120021001965, Accuracy: 70.87036469506589%
2024-06-27 16:34:21 - INFO - Epoch: 97/350, Training Loss: 0.2344624111611469
2024-06-27 16:34:22 - INFO - Epoch: 97/350, Validation Loss: 0.4757312302495919, Accuracy: 70.6711615078149%
2024-06-27 16:34:29 - INFO - Epoch: 98/350, Training Loss: 0.2314963055153688
2024-06-27 16:34:29 - INFO - Epoch: 98/350, Validation Loss: 0.4911104066699159, Accuracy: 70.65583818571866%
2024-06-27 16:34:36 - INFO - Epoch: 99/350, Training Loss: 0.2334560854908298
2024-06-27 16:34:37 - INFO - Epoch: 99/350, Validation Loss: 0.46807382679453086, Accuracy: 70.96230462764328%
2024-06-27 16:34:44 - INFO - Epoch: 100/350, Training Loss: 0.23463274297468803
2024-06-27 16:34:44 - INFO - Epoch: 100/350, Validation Loss: 0.4917142329847111, Accuracy: 70.56389825314128%
2024-06-27 16:34:51 - INFO - Epoch: 101/350, Training Loss: 0.23371879088089748
2024-06-27 16:34:52 - INFO - Epoch: 101/350, Validation Loss: 0.504211612776214, Accuracy: 70.65583818571866%
2024-06-27 16:34:58 - INFO - Epoch: 102/350, Training Loss: 0.2363224588699785
2024-06-27 16:34:59 - INFO - Epoch: 102/350, Validation Loss: 0.49861573939229925, Accuracy: 70.59454489733375%
2024-06-27 16:35:06 - INFO - Epoch: 103/350, Training Loss: 0.23501722786721646
2024-06-27 16:35:07 - INFO - Epoch: 103/350, Validation Loss: 0.49587276899347116, Accuracy: 70.48728164266012%
2024-06-27 16:35:13 - INFO - Epoch: 104/350, Training Loss: 0.23600864901627397
2024-06-27 16:35:14 - INFO - Epoch: 104/350, Validation Loss: 0.5030870294454051, Accuracy: 70.57922157523751%
2024-06-27 16:35:21 - INFO - Epoch: 105/350, Training Loss: 0.23166134800104535
2024-06-27 16:35:22 - INFO - Epoch: 105/350, Validation Loss: 0.52719619753314, Accuracy: 70.50260496475636%
2024-06-27 16:35:28 - INFO - Epoch: 106/350, Training Loss: 0.23180200506513024
2024-06-27 16:35:29 - INFO - Epoch: 106/350, Validation Loss: 0.4996757367077996, Accuracy: 70.33404842169783%
2024-06-27 16:35:36 - INFO - Epoch: 107/350, Training Loss: 0.23203646188930555
2024-06-27 16:35:37 - INFO - Epoch: 107/350, Validation Loss: 0.5361048853864857, Accuracy: 70.57922157523751%
2024-06-27 16:35:43 - INFO - Epoch: 108/350, Training Loss: 0.23273873153854818
2024-06-27 16:35:44 - INFO - Epoch: 108/350, Validation Loss: 0.509662052287775, Accuracy: 70.44131167637144%
2024-06-27 16:35:51 - INFO - Epoch: 109/350, Training Loss: 0.23843256062736698
2024-06-27 16:35:52 - INFO - Epoch: 109/350, Validation Loss: 0.5040520368253484, Accuracy: 71.62120747778118%
2024-06-27 16:35:59 - INFO - Epoch: 110/350, Training Loss: 0.25276818431402537
2024-06-27 16:35:59 - INFO - Epoch: 110/350, Validation Loss: 0.46959036018918543, Accuracy: 72.03493717437941%
2024-06-27 16:36:06 - INFO - Epoch: 111/350, Training Loss: 0.24695655031531466
2024-06-27 16:36:07 - INFO - Epoch: 111/350, Validation Loss: 0.46870547021720926, Accuracy: 71.46797425681888%
2024-06-27 16:36:14 - INFO - Epoch: 112/350, Training Loss: 0.23970172525036568
2024-06-27 16:36:14 - INFO - Epoch: 112/350, Validation Loss: 0.48255083783000124, Accuracy: 71.31474103585657%
2024-06-27 16:36:21 - INFO - Epoch: 113/350, Training Loss: 0.23812353983521461
2024-06-27 16:36:22 - INFO - Epoch: 113/350, Validation Loss: 0.4815375818049206, Accuracy: 71.00827459393196%
2024-06-27 16:36:29 - INFO - Epoch: 114/350, Training Loss: 0.2465006736308044
2024-06-27 16:36:29 - INFO - Epoch: 114/350, Validation Loss: 0.4608769708988713, Accuracy: 72.00429053018695%
2024-06-27 16:36:36 - INFO - Epoch: 115/350, Training Loss: 0.23921371293345503
2024-06-27 16:36:37 - INFO - Epoch: 115/350, Validation Loss: 0.4585718965413524, Accuracy: 71.46797425681888%
2024-06-27 16:36:44 - INFO - Epoch: 116/350, Training Loss: 0.23669564594313794
2024-06-27 16:36:44 - INFO - Epoch: 116/350, Validation Loss: 0.47559474846896005, Accuracy: 70.87036469506589%
2024-06-27 16:36:51 - INFO - Epoch: 117/350, Training Loss: 0.23318878667173432
2024-06-27 16:36:52 - INFO - Epoch: 117/350, Validation Loss: 0.49036543684847217, Accuracy: 71.26877106956788%
2024-06-27 16:36:59 - INFO - Epoch: 118/350, Training Loss: 0.2379116550014884
2024-06-27 16:36:59 - INFO - Epoch: 118/350, Validation Loss: 0.46995984456118417, Accuracy: 71.60588415568495%
2024-06-27 16:37:06 - INFO - Epoch: 119/350, Training Loss: 0.23431844090787218
2024-06-27 16:37:07 - INFO - Epoch: 119/350, Validation Loss: 0.48186634159555625, Accuracy: 70.83971805087343%
2024-06-27 16:37:14 - INFO - Epoch: 120/350, Training Loss: 0.23408160501104944
2024-06-27 16:37:15 - INFO - Epoch: 120/350, Validation Loss: 0.5042230279422274, Accuracy: 70.93165798345082%
2024-06-27 16:37:21 - INFO - Epoch: 121/350, Training Loss: 0.23446149253012502
2024-06-27 16:37:22 - INFO - Epoch: 121/350, Validation Loss: 0.5046143698341706, Accuracy: 70.70180815200736%
2024-06-27 16:37:29 - INFO - Epoch: 122/350, Training Loss: 0.2352374774568221
2024-06-27 16:37:29 - INFO - Epoch: 122/350, Validation Loss: 0.5006468637901194, Accuracy: 70.71713147410358%
2024-06-27 16:37:36 - INFO - Epoch: 123/350, Training Loss: 0.2344416124636636
2024-06-27 16:37:37 - INFO - Epoch: 123/350, Validation Loss: 0.5268258069660149, Accuracy: 70.71713147410358%
2024-06-27 16:37:43 - INFO - Epoch: 124/350, Training Loss: 0.2443146660704823
2024-06-27 16:37:44 - INFO - Epoch: 124/350, Validation Loss: 0.44597620502406476, Accuracy: 71.95832056389825%
2024-06-27 16:37:50 - INFO - Epoch: 125/350, Training Loss: 0.24480967756872082
2024-06-27 16:37:51 - INFO - Epoch: 125/350, Validation Loss: 0.4205422797331623, Accuracy: 73.27612626417407%
2024-06-27 16:37:57 - INFO - Epoch: 126/350, Training Loss: 0.25054472257547517
2024-06-27 16:37:58 - INFO - Epoch: 126/350, Validation Loss: 0.41694797809217493, Accuracy: 73.56726938400246%
2024-06-27 16:38:05 - INFO - Epoch: 127/350, Training Loss: 0.24564896129509983
2024-06-27 16:38:05 - INFO - Epoch: 127/350, Validation Loss: 0.4185643850588331, Accuracy: 71.98896720809071%
2024-06-27 16:38:12 - INFO - Epoch: 128/350, Training Loss: 0.24028146909732445
2024-06-27 16:38:13 - INFO - Epoch: 128/350, Validation Loss: 0.42632847892887454, Accuracy: 71.89702727551334%
2024-06-27 16:38:19 - INFO - Epoch: 129/350, Training Loss: 0.23724068931358702
2024-06-27 16:38:20 - INFO - Epoch: 129/350, Validation Loss: 0.43623923641793866, Accuracy: 71.91235059760956%
2024-06-27 16:38:26 - INFO - Epoch: 130/350, Training Loss: 0.2431389502085307
2024-06-27 16:38:27 - INFO - Epoch: 130/350, Validation Loss: 0.43148187241133523, Accuracy: 72.47931351517009%
2024-06-27 16:38:34 - INFO - Epoch: 131/350, Training Loss: 0.24234861683319597
2024-06-27 16:38:34 - INFO - Epoch: 131/350, Validation Loss: 0.4417342178377451, Accuracy: 72.49463683726631%
2024-06-27 16:38:41 - INFO - Epoch: 132/350, Training Loss: 0.23933592940881557
2024-06-27 16:38:42 - INFO - Epoch: 132/350, Validation Loss: 0.4286980739995545, Accuracy: 72.17284707324548%
2024-06-27 16:38:48 - INFO - Epoch: 133/350, Training Loss: 0.237598097974471
2024-06-27 16:38:49 - INFO - Epoch: 133/350, Validation Loss: 0.44329281969397677, Accuracy: 73.2914495862703%
2024-06-27 16:38:56 - INFO - Epoch: 134/350, Training Loss: 0.23799027970024184
2024-06-27 16:38:56 - INFO - Epoch: 134/350, Validation Loss: 0.4595773997260075, Accuracy: 72.05026049647563%
2024-06-27 16:39:03 - INFO - Epoch: 135/350, Training Loss: 0.23579685147121257
2024-06-27 16:39:04 - INFO - Epoch: 135/350, Validation Loss: 0.477857059415649, Accuracy: 72.57125344774747%
2024-06-27 16:39:10 - INFO - Epoch: 136/350, Training Loss: 0.23572197123704589
2024-06-27 16:39:11 - INFO - Epoch: 136/350, Validation Loss: 0.44569335541888777, Accuracy: 72.32608029420778%
2024-06-27 16:39:17 - INFO - Epoch: 137/350, Training Loss: 0.2359247765522085
2024-06-27 16:39:18 - INFO - Epoch: 137/350, Validation Loss: 0.43328039143599717, Accuracy: 72.34140361630402%
2024-06-27 16:39:25 - INFO - Epoch: 138/350, Training Loss: 0.23708616894688092
2024-06-27 16:39:25 - INFO - Epoch: 138/350, Validation Loss: 0.46248575197715386, Accuracy: 72.17284707324548%
2024-06-27 16:39:32 - INFO - Epoch: 139/350, Training Loss: 0.23688563470746957
2024-06-27 16:39:33 - INFO - Epoch: 139/350, Validation Loss: 0.42146419777589683, Accuracy: 71.77444069874349%
2024-06-27 16:39:39 - INFO - Epoch: 140/350, Training Loss: 0.24042088467189493
2024-06-27 16:39:40 - INFO - Epoch: 140/350, Validation Loss: 0.4299301081428341, Accuracy: 72.17284707324548%
2024-06-27 16:39:47 - INFO - Epoch: 141/350, Training Loss: 0.2359362724145838
2024-06-27 16:39:47 - INFO - Epoch: 141/350, Validation Loss: 0.4644766078860152, Accuracy: 71.63653079987742%
2024-06-27 16:39:54 - INFO - Epoch: 142/350, Training Loss: 0.23671609638076202
2024-06-27 16:39:55 - INFO - Epoch: 142/350, Validation Loss: 0.46873288849989575, Accuracy: 72.28011032791909%
2024-06-27 16:40:01 - INFO - Epoch: 143/350, Training Loss: 0.2379043562082099
2024-06-27 16:40:02 - INFO - Epoch: 143/350, Validation Loss: 0.4505830535701677, Accuracy: 72.06558381857187%
2024-06-27 16:40:08 - INFO - Epoch: 144/350, Training Loss: 0.2371710985533747
2024-06-27 16:40:09 - INFO - Epoch: 144/350, Validation Loss: 0.4453083852342531, Accuracy: 71.77444069874349%
2024-06-27 16:40:15 - INFO - Epoch: 145/350, Training Loss: 0.23295048732018353
2024-06-27 16:40:16 - INFO - Epoch: 145/350, Validation Loss: 0.4763428694477268, Accuracy: 71.85105730922464%
2024-06-27 16:40:22 - INFO - Epoch: 146/350, Training Loss: 0.2308649011321512
2024-06-27 16:40:23 - INFO - Epoch: 146/350, Validation Loss: 0.4674818311251846, Accuracy: 71.66717744406988%
2024-06-27 16:40:30 - INFO - Epoch: 147/350, Training Loss: 0.23181681115837657
2024-06-27 16:40:30 - INFO - Epoch: 147/350, Validation Loss: 0.4867271927057528, Accuracy: 71.43732761262642%
2024-06-27 16:40:37 - INFO - Epoch: 148/350, Training Loss: 0.23236193871308192
2024-06-27 16:40:38 - INFO - Epoch: 148/350, Validation Loss: 0.4562671643261816, Accuracy: 72.21881703953417%
2024-06-27 16:40:44 - INFO - Epoch: 149/350, Training Loss: 0.23026971175682312
2024-06-27 16:40:45 - INFO - Epoch: 149/350, Validation Loss: 0.49001241519170646, Accuracy: 72.81642660128716%
2024-06-27 16:40:52 - INFO - Epoch: 150/350, Training Loss: 0.23170696399813773
2024-06-27 16:40:52 - INFO - Epoch: 150/350, Validation Loss: 0.48690566771170674, Accuracy: 72.26478700582287%
2024-06-27 16:40:59 - INFO - Epoch: 151/350, Training Loss: 0.2398357433358244
2024-06-27 16:41:00 - INFO - Epoch: 151/350, Validation Loss: 0.4578951082977594, Accuracy: 72.87771988967208%
2024-06-27 16:41:06 - INFO - Epoch: 152/350, Training Loss: 0.23644247404573596
2024-06-27 16:41:07 - INFO - Epoch: 152/350, Validation Loss: 0.46465543467624515, Accuracy: 71.7284707324548%
2024-06-27 16:41:14 - INFO - Epoch: 153/350, Training Loss: 0.24019758856179668
2024-06-27 16:41:15 - INFO - Epoch: 153/350, Validation Loss: 0.45118895582124297, Accuracy: 72.01961385228317%
2024-06-27 16:41:21 - INFO - Epoch: 154/350, Training Loss: 0.23733639245962396
2024-06-27 16:41:22 - INFO - Epoch: 154/350, Validation Loss: 0.4681069026975071, Accuracy: 71.82041066503218%
2024-06-27 16:41:29 - INFO - Epoch: 155/350, Training Loss: 0.2352728627110813
2024-06-27 16:41:29 - INFO - Epoch: 155/350, Validation Loss: 0.4728425893129087, Accuracy: 72.03493717437941%
2024-06-27 16:41:36 - INFO - Epoch: 156/350, Training Loss: 0.23784485879335918
2024-06-27 16:41:37 - INFO - Epoch: 156/350, Validation Loss: 0.46140774032648874, Accuracy: 72.18817039534171%
2024-06-27 16:41:43 - INFO - Epoch: 157/350, Training Loss: 0.23891082924662851
2024-06-27 16:41:44 - INFO - Epoch: 157/350, Validation Loss: 0.45955999926024793, Accuracy: 71.75911737664725%
2024-06-27 16:41:51 - INFO - Epoch: 158/350, Training Loss: 0.23328590424110493
2024-06-27 16:41:52 - INFO - Epoch: 158/350, Validation Loss: 0.45765358428744707, Accuracy: 71.86638063132087%
2024-06-27 16:41:58 - INFO - Epoch: 159/350, Training Loss: 0.231880923477458
2024-06-27 16:41:59 - INFO - Epoch: 159/350, Validation Loss: 0.4829911227319755, Accuracy: 71.82041066503218%
2024-06-27 16:42:06 - INFO - Epoch: 160/350, Training Loss: 0.23035120808829865
2024-06-27 16:42:07 - INFO - Epoch: 160/350, Validation Loss: 0.4877191475209068, Accuracy: 71.39135764633772%
2024-06-27 16:42:13 - INFO - Epoch: 161/350, Training Loss: 0.22854296715163133
2024-06-27 16:42:14 - INFO - Epoch: 161/350, Validation Loss: 0.4989291794744192, Accuracy: 71.1308611707018%
2024-06-27 16:42:21 - INFO - Epoch: 162/350, Training Loss: 0.22567642942144006
2024-06-27 16:42:21 - INFO - Epoch: 162/350, Validation Loss: 0.5185194707968656, Accuracy: 71.03892123812443%
2024-06-27 16:42:28 - INFO - Epoch: 163/350, Training Loss: 0.22750974682104938
2024-06-27 16:42:29 - INFO - Epoch: 163/350, Validation Loss: 0.5073693403426338, Accuracy: 71.20747778118296%
2024-06-27 16:42:35 - INFO - Epoch: 164/350, Training Loss: 0.22816823117946292
2024-06-27 16:42:36 - INFO - Epoch: 164/350, Validation Loss: 0.5297684064682793, Accuracy: 71.05424456022065%
2024-06-27 16:42:42 - INFO - Epoch: 165/350, Training Loss: 0.22614574845076776
2024-06-27 16:42:43 - INFO - Epoch: 165/350, Validation Loss: 0.5303648356713501, Accuracy: 70.93165798345082%
2024-06-27 16:42:50 - INFO - Epoch: 166/350, Training Loss: 0.22428978612536893
2024-06-27 16:42:51 - INFO - Epoch: 166/350, Validation Loss: 0.5567411017768523, Accuracy: 70.80907140668097%
2024-06-27 16:42:57 - INFO - Epoch: 167/350, Training Loss: 0.2239841014402462
2024-06-27 16:42:58 - INFO - Epoch: 167/350, Validation Loss: 0.5581346069480858, Accuracy: 71.34538768004903%
2024-06-27 16:43:04 - INFO - Epoch: 168/350, Training Loss: 0.22389912457369707
2024-06-27 16:43:05 - INFO - Epoch: 168/350, Validation Loss: 0.5656306834197512, Accuracy: 70.99295127183574%
2024-06-27 16:43:12 - INFO - Epoch: 169/350, Training Loss: 0.22602343131952427
2024-06-27 16:43:13 - INFO - Epoch: 169/350, Validation Loss: 0.5663374057587456, Accuracy: 70.87036469506589%
2024-06-27 16:43:19 - INFO - Epoch: 170/350, Training Loss: 0.22445592832039385
2024-06-27 16:43:20 - INFO - Epoch: 170/350, Validation Loss: 0.542173342961891, Accuracy: 70.94698130554704%
2024-06-27 16:43:26 - INFO - Epoch: 171/350, Training Loss: 0.22661103090892235
2024-06-27 16:43:27 - INFO - Epoch: 171/350, Validation Loss: 0.57106919966492, Accuracy: 70.83971805087343%
2024-06-27 16:43:33 - INFO - Epoch: 172/350, Training Loss: 0.22581534619059632
2024-06-27 16:43:34 - INFO - Epoch: 172/350, Validation Loss: 0.5635005495711869, Accuracy: 70.91633466135458%
2024-06-27 16:43:40 - INFO - Epoch: 173/350, Training Loss: 0.22634826828816942
2024-06-27 16:43:41 - INFO - Epoch: 173/350, Validation Loss: 0.5576761338640662, Accuracy: 70.8243947287772%
2024-06-27 16:43:48 - INFO - Epoch: 174/350, Training Loss: 0.222344527386275
2024-06-27 16:43:48 - INFO - Epoch: 174/350, Validation Loss: 0.5831494658601051, Accuracy: 70.85504137296967%
2024-06-27 16:43:55 - INFO - Epoch: 175/350, Training Loss: 0.22295779802416468
2024-06-27 16:43:56 - INFO - Epoch: 175/350, Validation Loss: 0.5717725520040474, Accuracy: 70.64051486362243%
2024-06-27 16:44:02 - INFO - Epoch: 176/350, Training Loss: 0.2234748541468791
2024-06-27 16:44:03 - INFO - Epoch: 176/350, Validation Loss: 0.5907400782201805, Accuracy: 70.85504137296967%
2024-06-27 16:44:09 - INFO - Epoch: 177/350, Training Loss: 0.22649695662160715
2024-06-27 16:44:10 - INFO - Epoch: 177/350, Validation Loss: 0.5860080239819545, Accuracy: 70.85504137296967%
2024-06-27 16:44:16 - INFO - Epoch: 178/350, Training Loss: 0.22313671464137003
2024-06-27 16:44:17 - INFO - Epoch: 178/350, Validation Loss: 0.5658114052870694, Accuracy: 70.59454489733375%
2024-06-27 16:44:24 - INFO - Epoch: 179/350, Training Loss: 0.22125657224187664
2024-06-27 16:44:24 - INFO - Epoch: 179/350, Validation Loss: 0.6113755758486542, Accuracy: 70.68648482991112%
2024-06-27 16:44:31 - INFO - Epoch: 180/350, Training Loss: 0.220425960388692
2024-06-27 16:44:31 - INFO - Epoch: 180/350, Validation Loss: 0.636174100579, Accuracy: 70.74777811829604%
2024-06-27 16:44:38 - INFO - Epoch: 181/350, Training Loss: 0.2210405018618878
2024-06-27 16:44:39 - INFO - Epoch: 181/350, Validation Loss: 0.6227780054597294, Accuracy: 70.59454489733375%
2024-06-27 16:44:45 - INFO - Epoch: 182/350, Training Loss: 0.22264965462918376
2024-06-27 16:44:46 - INFO - Epoch: 182/350, Validation Loss: 0.6182294321410796, Accuracy: 70.76310144039228%
2024-06-27 16:44:53 - INFO - Epoch: 183/350, Training Loss: 0.21991893795191073
2024-06-27 16:44:53 - INFO - Epoch: 183/350, Validation Loss: 0.6188675448590634, Accuracy: 70.33404842169783%
2024-06-27 16:45:00 - INFO - Epoch: 184/350, Training Loss: 0.22010020349247783
2024-06-27 16:45:01 - INFO - Epoch: 184/350, Validation Loss: 0.6538376664998484, Accuracy: 70.44131167637144%
2024-06-27 16:45:07 - INFO - Epoch: 185/350, Training Loss: 0.2196836478314271
2024-06-27 16:45:08 - INFO - Epoch: 185/350, Validation Loss: 0.6250441609060063, Accuracy: 70.33404842169783%
2024-06-27 16:45:15 - INFO - Epoch: 186/350, Training Loss: 0.22110836596830802
2024-06-27 16:45:15 - INFO - Epoch: 186/350, Validation Loss: 0.6471475342325136, Accuracy: 70.88568801716212%
2024-06-27 16:45:22 - INFO - Epoch: 187/350, Training Loss: 0.2204281014262461
2024-06-27 16:45:23 - INFO - Epoch: 187/350, Validation Loss: 0.6564053098360697, Accuracy: 70.53325160894882%
2024-06-27 16:45:28 - INFO - Epoch: 188/350, Training Loss: 0.2189803313025657
2024-06-27 16:45:28 - INFO - Epoch: 188/350, Validation Loss: 0.6656671575471467, Accuracy: 70.6251915415262%
2024-06-27 16:45:32 - INFO - Epoch: 189/350, Training Loss: 0.2189776469935097
2024-06-27 16:45:32 - INFO - Epoch: 189/350, Validation Loss: 0.683738510982663, Accuracy: 70.48728164266012%
2024-06-27 16:45:35 - INFO - Epoch: 190/350, Training Loss: 0.21762700472027063
2024-06-27 16:45:36 - INFO - Epoch: 190/350, Validation Loss: 0.6770017176282173, Accuracy: 70.33404842169783%
2024-06-27 16:45:39 - INFO - Epoch: 191/350, Training Loss: 0.2194283095681492
2024-06-27 16:45:40 - INFO - Epoch: 191/350, Validation Loss: 0.6999860741928512, Accuracy: 70.6711615078149%
2024-06-27 16:45:43 - INFO - Epoch: 192/350, Training Loss: 0.21869990306303783
2024-06-27 16:45:43 - INFO - Epoch: 192/350, Validation Loss: 0.7093736248857835, Accuracy: 70.28807845540913%
2024-06-27 16:45:47 - INFO - Epoch: 193/350, Training Loss: 0.2213974608491887
2024-06-27 16:45:47 - INFO - Epoch: 193/350, Validation Loss: 0.6614376963937983, Accuracy: 70.13484523444683%
2024-06-27 16:45:51 - INFO - Epoch: 194/350, Training Loss: 0.218640111952874
2024-06-27 16:45:51 - INFO - Epoch: 194/350, Validation Loss: 0.7154918727921504, Accuracy: 70.41066503217898%
2024-06-27 16:45:55 - INFO - Epoch: 195/350, Training Loss: 0.21773168159758344
2024-06-27 16:45:55 - INFO - Epoch: 195/350, Validation Loss: 0.687677388682085, Accuracy: 70.34937174379405%
2024-06-27 16:45:59 - INFO - Epoch: 196/350, Training Loss: 0.22704529840791343
2024-06-27 16:45:59 - INFO - Epoch: 196/350, Validation Loss: 0.6619705283174327, Accuracy: 70.19613852283175%
2024-06-27 16:46:03 - INFO - Epoch: 197/350, Training Loss: 0.22276239480604143
2024-06-27 16:46:03 - INFO - Epoch: 197/350, Validation Loss: 0.6798483977715174, Accuracy: 70.16549187863929%
2024-06-27 16:46:06 - INFO - Epoch: 198/350, Training Loss: 0.21871710736669747
2024-06-27 16:46:07 - INFO - Epoch: 198/350, Validation Loss: 0.7291892790326885, Accuracy: 70.11952191235059%
2024-06-27 16:46:10 - INFO - Epoch: 199/350, Training Loss: 0.21716961783229136
2024-06-27 16:46:10 - INFO - Epoch: 199/350, Validation Loss: 0.7475944278286952, Accuracy: 70.16549187863929%
2024-06-27 16:46:14 - INFO - Epoch: 200/350, Training Loss: 0.216396926135263
2024-06-27 16:46:14 - INFO - Epoch: 200/350, Validation Loss: 0.7342397304726582, Accuracy: 70.04290530186944%
2024-06-27 16:46:18 - INFO - Epoch: 201/350, Training Loss: 0.2224605548761639
2024-06-27 16:46:18 - INFO - Epoch: 201/350, Validation Loss: 0.7048361485495287, Accuracy: 70.30340177750536%
2024-06-27 16:46:22 - INFO - Epoch: 202/350, Training Loss: 0.22105727304576658
2024-06-27 16:46:22 - INFO - Epoch: 202/350, Validation Loss: 0.7167188644993538, Accuracy: 70.25743181121668%
2024-06-27 16:46:26 - INFO - Epoch: 203/350, Training Loss: 0.2212510548860711
2024-06-27 16:46:26 - INFO - Epoch: 203/350, Validation Loss: 0.7238528924245461, Accuracy: 70.07355194606191%
2024-06-27 16:46:29 - INFO - Epoch: 204/350, Training Loss: 0.21704606761169784
2024-06-27 16:46:30 - INFO - Epoch: 204/350, Validation Loss: 0.7546259772543814, Accuracy: 70.3187250996016%
2024-06-27 16:46:33 - INFO - Epoch: 205/350, Training Loss: 0.219802471553432
2024-06-27 16:46:34 - INFO - Epoch: 205/350, Validation Loss: 0.7313004989250034, Accuracy: 70.44131167637144%
2024-06-27 16:46:37 - INFO - Epoch: 206/350, Training Loss: 0.2164319157783015
2024-06-27 16:46:37 - INFO - Epoch: 206/350, Validation Loss: 0.7748365270740846, Accuracy: 70.36469506589029%
2024-06-27 16:46:41 - INFO - Epoch: 207/350, Training Loss: 0.21540164980379975
2024-06-27 16:46:41 - INFO - Epoch: 207/350, Validation Loss: 0.7692957789290185, Accuracy: 70.3187250996016%
2024-06-27 16:46:45 - INFO - Epoch: 208/350, Training Loss: 0.2155858963070547
2024-06-27 16:46:45 - INFO - Epoch: 208/350, Validation Loss: 0.7694336076577505, Accuracy: 70.5179282868526%
2024-06-27 16:46:49 - INFO - Epoch: 209/350, Training Loss: 0.2145922130119859
2024-06-27 16:46:49 - INFO - Epoch: 209/350, Validation Loss: 0.7933747192808226, Accuracy: 70.6711615078149%
2024-06-27 16:46:53 - INFO - Epoch: 210/350, Training Loss: 0.21379486286976174
2024-06-27 16:46:53 - INFO - Epoch: 210/350, Validation Loss: 0.7926564982124403, Accuracy: 70.57922157523751%
2024-06-27 16:46:57 - INFO - Epoch: 211/350, Training Loss: 0.21429723209025814
2024-06-27 16:46:57 - INFO - Epoch: 211/350, Validation Loss: 0.788476861282891, Accuracy: 70.28807845540913%
2024-06-27 16:47:00 - INFO - Epoch: 212/350, Training Loss: 0.21377300290281281
2024-06-27 16:47:01 - INFO - Epoch: 212/350, Validation Loss: 0.7833599252443687, Accuracy: 70.24210848912044%
2024-06-27 16:47:04 - INFO - Epoch: 213/350, Training Loss: 0.21825974633661555
2024-06-27 16:47:05 - INFO - Epoch: 213/350, Validation Loss: 0.7813872204107397, Accuracy: 70.28807845540913%
2024-06-27 16:47:08 - INFO - Epoch: 214/350, Training Loss: 0.21729719941960832
2024-06-27 16:47:08 - INFO - Epoch: 214/350, Validation Loss: 0.7719568180687287, Accuracy: 70.2267851670242%
2024-06-27 16:47:12 - INFO - Epoch: 215/350, Training Loss: 0.21856364127540706
2024-06-27 16:47:12 - INFO - Epoch: 215/350, Validation Loss: 0.7519454897618761, Accuracy: 70.36469506589029%
2024-06-27 16:47:16 - INFO - Epoch: 216/350, Training Loss: 0.2180260724808071
2024-06-27 16:47:16 - INFO - Epoch: 216/350, Validation Loss: 0.755467007557551, Accuracy: 70.33404842169783%
2024-06-27 16:47:20 - INFO - Epoch: 217/350, Training Loss: 0.2171881964028466
2024-06-27 16:47:20 - INFO - Epoch: 217/350, Validation Loss: 0.8081930472570307, Accuracy: 70.30340177750536%
2024-06-27 16:47:24 - INFO - Epoch: 218/350, Training Loss: 0.2130570726688294
2024-06-27 16:47:24 - INFO - Epoch: 218/350, Validation Loss: 0.8034634695333593, Accuracy: 69.98161201348452%
2024-06-27 16:47:28 - INFO - Epoch: 219/350, Training Loss: 0.21203341955939928
2024-06-27 16:47:28 - INFO - Epoch: 219/350, Validation Loss: 0.8409937024116516, Accuracy: 70.08887526815813%
2024-06-27 16:47:31 - INFO - Epoch: 220/350, Training Loss: 0.21273724511996203
2024-06-27 16:47:32 - INFO - Epoch: 220/350, Validation Loss: 0.8371580418418435, Accuracy: 70.11952191235059%
2024-06-27 16:47:35 - INFO - Epoch: 221/350, Training Loss: 0.21238791889638878
2024-06-27 16:47:35 - INFO - Epoch: 221/350, Validation Loss: 0.8599052914217407, Accuracy: 70.18081520073552%
2024-06-27 16:47:39 - INFO - Epoch: 222/350, Training Loss: 0.2131412990902569
2024-06-27 16:47:39 - INFO - Epoch: 222/350, Validation Loss: 0.8454451946651235, Accuracy: 70.2267851670242%
2024-06-27 16:47:43 - INFO - Epoch: 223/350, Training Loss: 0.21732728815107955
2024-06-27 16:47:43 - INFO - Epoch: 223/350, Validation Loss: 0.8468752734216989, Accuracy: 70.33404842169783%
2024-06-27 16:47:47 - INFO - Epoch: 224/350, Training Loss: 0.21518905132132418
2024-06-27 16:47:47 - INFO - Epoch: 224/350, Validation Loss: 0.8257137387990952, Accuracy: 70.30340177750536%
2024-06-27 16:47:50 - INFO - Epoch: 225/350, Training Loss: 0.21628097725995615
2024-06-27 16:47:51 - INFO - Epoch: 225/350, Validation Loss: 0.8357212067234749, Accuracy: 70.02758197977322%
2024-06-27 16:47:54 - INFO - Epoch: 226/350, Training Loss: 0.21722545766947315
2024-06-27 16:47:55 - INFO - Epoch: 226/350, Validation Loss: 0.7934888899326324, Accuracy: 70.4259883542752%
2024-06-27 16:47:58 - INFO - Epoch: 227/350, Training Loss: 0.21385230186084905
2024-06-27 16:47:58 - INFO - Epoch: 227/350, Validation Loss: 0.8784512710921905, Accuracy: 70.21146184492798%
2024-06-27 16:48:02 - INFO - Epoch: 228/350, Training Loss: 0.2128960197134053
2024-06-27 16:48:02 - INFO - Epoch: 228/350, Validation Loss: 0.8327533611479927, Accuracy: 70.24210848912044%
2024-06-27 16:48:06 - INFO - Epoch: 229/350, Training Loss: 0.2108358234422756
2024-06-27 16:48:06 - INFO - Epoch: 229/350, Validation Loss: 0.8650572732383129, Accuracy: 70.18081520073552%
2024-06-27 16:48:09 - INFO - Epoch: 230/350, Training Loss: 0.2112192883722338
2024-06-27 16:48:10 - INFO - Epoch: 230/350, Validation Loss: 0.9060657734380049, Accuracy: 70.05822862396568%
2024-06-27 16:48:13 - INFO - Epoch: 231/350, Training Loss: 0.2111086537696275
2024-06-27 16:48:14 - INFO - Epoch: 231/350, Validation Loss: 0.869903031225298, Accuracy: 69.9662886913883%
2024-06-27 16:48:17 - INFO - Epoch: 232/350, Training Loss: 0.21390068293640427
2024-06-27 16:48:17 - INFO - Epoch: 232/350, Validation Loss: 0.8820284441405651, Accuracy: 70.10419859025437%
2024-06-27 16:48:21 - INFO - Epoch: 233/350, Training Loss: 0.22280046169408688
2024-06-27 16:48:21 - INFO - Epoch: 233/350, Validation Loss: 0.8133771685408611, Accuracy: 71.31474103585657%
2024-06-27 16:48:25 - INFO - Epoch: 234/350, Training Loss: 0.22908342872545415
2024-06-27 16:48:25 - INFO - Epoch: 234/350, Validation Loss: 0.720642455944828, Accuracy: 70.80907140668097%
2024-06-27 16:48:29 - INFO - Epoch: 235/350, Training Loss: 0.22012125178441114
2024-06-27 16:48:29 - INFO - Epoch: 235/350, Validation Loss: 0.7614933135462743, Accuracy: 70.44131167637144%
2024-06-27 16:48:32 - INFO - Epoch: 236/350, Training Loss: 0.22091277586478814
2024-06-27 16:48:33 - INFO - Epoch: 236/350, Validation Loss: 0.7763469263034708, Accuracy: 70.16549187863929%
2024-06-27 16:48:36 - INFO - Epoch: 237/350, Training Loss: 0.21705010602725486
2024-06-27 16:48:37 - INFO - Epoch: 237/350, Validation Loss: 0.7875799919460335, Accuracy: 70.54857493104505%
2024-06-27 16:48:40 - INFO - Epoch: 238/350, Training Loss: 0.21421288673345948
2024-06-27 16:48:41 - INFO - Epoch: 238/350, Validation Loss: 0.8181116227425781, Accuracy: 70.4259883542752%
2024-06-27 16:48:44 - INFO - Epoch: 239/350, Training Loss: 0.22253441697388304
2024-06-27 16:48:44 - INFO - Epoch: 239/350, Validation Loss: 0.7505838891454771, Accuracy: 70.4259883542752%
2024-06-27 16:48:48 - INFO - Epoch: 240/350, Training Loss: 0.2193962288837807
2024-06-27 16:48:48 - INFO - Epoch: 240/350, Validation Loss: 0.8090485977191552, Accuracy: 70.34937174379405%
2024-06-27 16:48:52 - INFO - Epoch: 241/350, Training Loss: 0.21638486903233856
2024-06-27 16:48:52 - INFO - Epoch: 241/350, Validation Loss: 0.8022452993135826, Accuracy: 70.44131167637144%
2024-06-27 16:48:56 - INFO - Epoch: 242/350, Training Loss: 0.21667515064644463
2024-06-27 16:48:56 - INFO - Epoch: 242/350, Validation Loss: 0.8393492862290027, Accuracy: 70.41066503217898%
2024-06-27 16:49:00 - INFO - Epoch: 243/350, Training Loss: 0.21771959891068002
2024-06-27 16:49:00 - INFO - Epoch: 243/350, Validation Loss: 0.8071040075783636, Accuracy: 70.38001838798651%
2024-06-27 16:49:03 - INFO - Epoch: 244/350, Training Loss: 0.2149938101350677
2024-06-27 16:49:04 - INFO - Epoch: 244/350, Validation Loss: 0.8212503843447742, Accuracy: 70.13484523444683%
2024-06-27 16:49:07 - INFO - Epoch: 245/350, Training Loss: 0.2165443965361691
2024-06-27 16:49:07 - INFO - Epoch: 245/350, Validation Loss: 0.8185562494338727, Accuracy: 70.11952191235059%
2024-06-27 16:49:11 - INFO - Epoch: 246/350, Training Loss: 0.2153476760814003
2024-06-27 16:49:11 - INFO - Epoch: 246/350, Validation Loss: 0.8573828438917795, Accuracy: 69.9662886913883%
2024-06-27 16:49:15 - INFO - Epoch: 247/350, Training Loss: 0.21703401178705925
2024-06-27 16:49:15 - INFO - Epoch: 247/350, Validation Loss: 0.8328654529417262, Accuracy: 70.18081520073552%
2024-06-27 16:49:19 - INFO - Epoch: 248/350, Training Loss: 0.21584858858556139
2024-06-27 16:49:19 - INFO - Epoch: 248/350, Validation Loss: 0.8184418041332095, Accuracy: 70.01225865767698%
2024-06-27 16:49:23 - INFO - Epoch: 249/350, Training Loss: 0.21425480543471434
2024-06-27 16:49:23 - INFO - Epoch: 249/350, Validation Loss: 0.8802077954306322, Accuracy: 70.16549187863929%
2024-06-27 16:49:26 - INFO - Epoch: 250/350, Training Loss: 0.2143163482348124
2024-06-27 16:49:27 - INFO - Epoch: 250/350, Validation Loss: 0.8757745933298972, Accuracy: 70.15016855654306%
2024-06-27 16:49:30 - INFO - Epoch: 251/350, Training Loss: 0.21163539378447274
2024-06-27 16:49:31 - INFO - Epoch: 251/350, Validation Loss: 0.9020005073033127, Accuracy: 70.19613852283175%
2024-06-27 16:49:34 - INFO - Epoch: 252/350, Training Loss: 0.2137078639740745
2024-06-27 16:49:34 - INFO - Epoch: 252/350, Validation Loss: 0.9158879831141117, Accuracy: 70.41066503217898%
2024-06-27 16:49:38 - INFO - Epoch: 253/350, Training Loss: 0.2105619480979501
2024-06-27 16:49:38 - INFO - Epoch: 253/350, Validation Loss: 0.9152818617283129, Accuracy: 70.10419859025437%
2024-06-27 16:49:42 - INFO - Epoch: 254/350, Training Loss: 0.21244189997806268
2024-06-27 16:49:42 - INFO - Epoch: 254/350, Validation Loss: 0.8826888811354544, Accuracy: 70.45663499846766%
2024-06-27 16:49:46 - INFO - Epoch: 255/350, Training Loss: 0.2138790910990507
2024-06-27 16:49:46 - INFO - Epoch: 255/350, Validation Loss: 0.8562803125264598, Accuracy: 70.05822862396568%
2024-06-27 16:49:50 - INFO - Epoch: 256/350, Training Loss: 0.21701586547800722
2024-06-27 16:49:50 - INFO - Epoch: 256/350, Validation Loss: 0.8672189551825616, Accuracy: 70.4259883542752%
2024-06-27 16:49:54 - INFO - Epoch: 257/350, Training Loss: 0.21404340896098054
2024-06-27 16:49:54 - INFO - Epoch: 257/350, Validation Loss: 0.9063177167200575, Accuracy: 70.21146184492798%
2024-06-27 16:49:57 - INFO - Epoch: 258/350, Training Loss: 0.21684283076548108
2024-06-27 16:49:58 - INFO - Epoch: 258/350, Validation Loss: 0.9043466174135021, Accuracy: 70.19613852283175%
2024-06-27 16:50:01 - INFO - Epoch: 259/350, Training Loss: 0.21437198343668498
2024-06-27 16:50:02 - INFO - Epoch: 259/350, Validation Loss: 0.8579634194280586, Accuracy: 70.2727551333129%
2024-06-27 16:50:05 - INFO - Epoch: 260/350, Training Loss: 0.21400503452648134
2024-06-27 16:50:05 - INFO - Epoch: 260/350, Validation Loss: 0.8980661034584045, Accuracy: 70.15016855654306%
2024-06-27 16:50:09 - INFO - Epoch: 261/350, Training Loss: 0.21239518794212855
2024-06-27 16:50:09 - INFO - Epoch: 261/350, Validation Loss: 0.891779316406624, Accuracy: 70.11952191235059%
2024-06-27 16:50:13 - INFO - Epoch: 262/350, Training Loss: 0.21055257510320813
2024-06-27 16:50:13 - INFO - Epoch: 262/350, Validation Loss: 0.8995879257426542, Accuracy: 70.21146184492798%
2024-06-27 16:50:16 - INFO - Epoch: 263/350, Training Loss: 0.2108347940751735
2024-06-27 16:50:17 - INFO - Epoch: 263/350, Validation Loss: 0.9108422690746831, Accuracy: 70.10419859025437%
2024-06-27 16:50:20 - INFO - Epoch: 264/350, Training Loss: 0.21130411465670548
2024-06-27 16:50:20 - INFO - Epoch: 264/350, Validation Loss: 0.9178390228280834, Accuracy: 70.2727551333129%
2024-06-27 16:50:24 - INFO - Epoch: 265/350, Training Loss: 0.21078928857676538
2024-06-27 16:50:24 - INFO - Epoch: 265/350, Validation Loss: 0.9340048321321899, Accuracy: 70.19613852283175%
2024-06-27 16:50:27 - INFO - Epoch: 266/350, Training Loss: 0.2134302906217236
2024-06-27 16:50:28 - INFO - Epoch: 266/350, Validation Loss: 0.9098296890071794, Accuracy: 70.02758197977322%
2024-06-27 16:50:31 - INFO - Epoch: 267/350, Training Loss: 0.21052708058599748
2024-06-27 16:50:32 - INFO - Epoch: 267/350, Validation Loss: 0.9401426408805099, Accuracy: 70.11952191235059%
2024-06-27 16:50:35 - INFO - Epoch: 268/350, Training Loss: 0.20984123261901094
2024-06-27 16:50:35 - INFO - Epoch: 268/350, Validation Loss: 0.9684621463803684, Accuracy: 70.04290530186944%
2024-06-27 16:50:39 - INFO - Epoch: 269/350, Training Loss: 0.2083633378805483
2024-06-27 16:50:39 - INFO - Epoch: 269/350, Validation Loss: 0.9863602489817376, Accuracy: 70.10419859025437%
2024-06-27 16:50:43 - INFO - Epoch: 270/350, Training Loss: 0.21014213395834552
2024-06-27 16:50:43 - INFO - Epoch: 270/350, Validation Loss: 0.99475958943367, Accuracy: 70.13484523444683%
2024-06-27 16:50:47 - INFO - Epoch: 271/350, Training Loss: 0.21443629091349886
2024-06-27 16:50:47 - INFO - Epoch: 271/350, Validation Loss: 0.9203868742082634, Accuracy: 70.02758197977322%
2024-06-27 16:50:51 - INFO - Epoch: 272/350, Training Loss: 0.2116413369190459
2024-06-27 16:50:51 - INFO - Epoch: 272/350, Validation Loss: 0.9708393853084714, Accuracy: 70.2727551333129%
2024-06-27 16:50:55 - INFO - Epoch: 273/350, Training Loss: 0.21233321938152408
2024-06-27 16:50:55 - INFO - Epoch: 273/350, Validation Loss: 0.9469990023210937, Accuracy: 70.2267851670242%
2024-06-27 16:50:59 - INFO - Epoch: 274/350, Training Loss: 0.215009654598201
2024-06-27 16:50:59 - INFO - Epoch: 274/350, Validation Loss: 0.9323886223867828, Accuracy: 69.99693533558076%
2024-06-27 16:51:02 - INFO - Epoch: 275/350, Training Loss: 0.21422843943696981
2024-06-27 16:51:03 - INFO - Epoch: 275/350, Validation Loss: 0.8804781337579092, Accuracy: 70.01225865767698%
2024-06-27 16:51:06 - INFO - Epoch: 276/350, Training Loss: 0.21658800863752178
2024-06-27 16:51:07 - INFO - Epoch: 276/350, Validation Loss: 0.9242482582728068, Accuracy: 70.07355194606191%
2024-06-27 16:51:10 - INFO - Epoch: 277/350, Training Loss: 0.21271760783651295
2024-06-27 16:51:10 - INFO - Epoch: 277/350, Validation Loss: 0.9453927722631716, Accuracy: 69.99693533558076%
2024-06-27 16:51:14 - INFO - Epoch: 278/350, Training Loss: 0.21076445422117032
2024-06-27 16:51:14 - INFO - Epoch: 278/350, Validation Loss: 0.9572605408874213, Accuracy: 70.21146184492798%
2024-06-27 16:51:18 - INFO - Epoch: 279/350, Training Loss: 0.20782873985887157
2024-06-27 16:51:18 - INFO - Epoch: 279/350, Validation Loss: 0.978379300996369, Accuracy: 70.36469506589029%
2024-06-27 16:51:21 - INFO - Epoch: 280/350, Training Loss: 0.20796408885907308
2024-06-27 16:51:22 - INFO - Epoch: 280/350, Validation Loss: 1.0029303589287926, Accuracy: 69.99693533558076%
2024-06-27 16:51:25 - INFO - Epoch: 281/350, Training Loss: 0.20943498132092989
2024-06-27 16:51:26 - INFO - Epoch: 281/350, Validation Loss: 1.012863819505654, Accuracy: 69.93564204719583%
2024-06-27 16:51:29 - INFO - Epoch: 282/350, Training Loss: 0.2089748235930707
2024-06-27 16:51:30 - INFO - Epoch: 282/350, Validation Loss: 0.9835791657952702, Accuracy: 70.07355194606191%
2024-06-27 16:51:33 - INFO - Epoch: 283/350, Training Loss: 0.20864178254908206
2024-06-27 16:51:34 - INFO - Epoch: 283/350, Validation Loss: 0.9974763855045917, Accuracy: 70.25743181121668%
2024-06-27 16:51:37 - INFO - Epoch: 284/350, Training Loss: 0.20721402313268067
2024-06-27 16:51:38 - INFO - Epoch: 284/350, Validation Loss: 1.015006703488967, Accuracy: 69.99693533558076%
2024-06-27 16:51:41 - INFO - Epoch: 285/350, Training Loss: 0.20747496026988124
2024-06-27 16:51:42 - INFO - Epoch: 285/350, Validation Loss: 1.0344409966001324, Accuracy: 70.19613852283175%
2024-06-27 16:51:45 - INFO - Epoch: 286/350, Training Loss: 0.20865991329956873
2024-06-27 16:51:45 - INFO - Epoch: 286/350, Validation Loss: 1.0200402421109818, Accuracy: 70.11952191235059%
2024-06-27 16:51:49 - INFO - Epoch: 287/350, Training Loss: 0.20880687214872418
2024-06-27 16:51:49 - INFO - Epoch: 287/350, Validation Loss: 1.1033541612765367, Accuracy: 70.02758197977322%
2024-06-27 16:51:53 - INFO - Epoch: 288/350, Training Loss: 0.21385606971806756
2024-06-27 16:51:53 - INFO - Epoch: 288/350, Validation Loss: 0.9420161603712568, Accuracy: 70.24210848912044%
2024-06-27 16:51:56 - INFO - Epoch: 289/350, Training Loss: 0.21525650851282419
2024-06-27 16:51:57 - INFO - Epoch: 289/350, Validation Loss: 0.9671010193871517, Accuracy: 70.02758197977322%
2024-06-27 16:52:00 - INFO - Epoch: 290/350, Training Loss: 0.20952933110004546
2024-06-27 16:52:01 - INFO - Epoch: 290/350, Validation Loss: 1.0117848866126116, Accuracy: 70.01225865767698%
2024-06-27 16:52:04 - INFO - Epoch: 291/350, Training Loss: 0.21116746684499815
2024-06-27 16:52:05 - INFO - Epoch: 291/350, Validation Loss: 0.9791216306826648, Accuracy: 70.18081520073552%
2024-06-27 16:52:08 - INFO - Epoch: 292/350, Training Loss: 0.2086168374939292
2024-06-27 16:52:09 - INFO - Epoch: 292/350, Validation Loss: 1.0460136924304215, Accuracy: 69.98161201348452%
2024-06-27 16:52:12 - INFO - Epoch: 293/350, Training Loss: 0.20907941758267434
2024-06-27 16:52:12 - INFO - Epoch: 293/350, Validation Loss: 1.0036237701481463, Accuracy: 69.99693533558076%
2024-06-27 16:52:16 - INFO - Epoch: 294/350, Training Loss: 0.20969371388063712
2024-06-27 16:52:16 - INFO - Epoch: 294/350, Validation Loss: 1.0537259473520166, Accuracy: 69.98161201348452%
2024-06-27 16:52:20 - INFO - Epoch: 295/350, Training Loss: 0.20759201793036625
2024-06-27 16:52:20 - INFO - Epoch: 295/350, Validation Loss: 1.0455442737130558, Accuracy: 69.95096536929206%
2024-06-27 16:52:23 - INFO - Epoch: 296/350, Training Loss: 0.21235124045508166
2024-06-27 16:52:24 - INFO - Epoch: 296/350, Validation Loss: 1.046135338498097, Accuracy: 69.78240882623352%
2024-06-27 16:52:28 - INFO - Epoch: 297/350, Training Loss: 0.21241134989495372
2024-06-27 16:52:28 - INFO - Epoch: 297/350, Validation Loss: 1.0652240912119548, Accuracy: 70.19613852283175%
2024-06-27 16:52:32 - INFO - Epoch: 298/350, Training Loss: 0.2089806730658108
2024-06-27 16:52:33 - INFO - Epoch: 298/350, Validation Loss: 1.0770226933208167, Accuracy: 69.9662886913883%
2024-06-27 16:52:36 - INFO - Epoch: 299/350, Training Loss: 0.2098766138558002
2024-06-27 16:52:37 - INFO - Epoch: 299/350, Validation Loss: 1.0648636385506274, Accuracy: 70.08887526815813%
2024-06-27 16:52:40 - INFO - Epoch: 300/350, Training Loss: 0.2089443453131061
2024-06-27 16:52:41 - INFO - Epoch: 300/350, Validation Loss: 1.076409266275518, Accuracy: 70.10419859025437%
2024-06-27 16:52:44 - INFO - Epoch: 301/350, Training Loss: 0.20973057058804176
2024-06-27 16:52:45 - INFO - Epoch: 301/350, Validation Loss: 1.0442827729617847, Accuracy: 69.82837879252222%
2024-06-27 16:52:48 - INFO - Epoch: 302/350, Training Loss: 0.2077183253953562
2024-06-27 16:52:48 - INFO - Epoch: 302/350, Validation Loss: 1.0601101763108198, Accuracy: 70.01225865767698%
2024-06-27 16:52:52 - INFO - Epoch: 303/350, Training Loss: 0.20869644386146
2024-06-27 16:52:52 - INFO - Epoch: 303/350, Validation Loss: 1.004076526445501, Accuracy: 69.93564204719583%
2024-06-27 16:52:56 - INFO - Epoch: 304/350, Training Loss: 0.22111224967475032
2024-06-27 16:52:56 - INFO - Epoch: 304/350, Validation Loss: 0.8883240424534854, Accuracy: 70.77842476248851%
2024-06-27 16:53:00 - INFO - Epoch: 305/350, Training Loss: 0.21977000195971308
2024-06-27 16:53:00 - INFO - Epoch: 305/350, Validation Loss: 0.9407238206442665, Accuracy: 70.2267851670242%
2024-06-27 16:53:04 - INFO - Epoch: 306/350, Training Loss: 0.21383371916325652
2024-06-27 16:53:04 - INFO - Epoch: 306/350, Validation Loss: 0.9761930137288337, Accuracy: 69.90499540300337%
2024-06-27 16:53:08 - INFO - Epoch: 307/350, Training Loss: 0.21005565209277705
2024-06-27 16:53:08 - INFO - Epoch: 307/350, Validation Loss: 0.9947229536140666, Accuracy: 70.13484523444683%
2024-06-27 16:53:11 - INFO - Epoch: 308/350, Training Loss: 0.2104989444910019
2024-06-27 16:53:12 - INFO - Epoch: 308/350, Validation Loss: 1.0019583947518294, Accuracy: 70.5179282868526%
2024-06-27 16:53:15 - INFO - Epoch: 309/350, Training Loss: 0.23404126449981155
2024-06-27 16:53:15 - INFO - Epoch: 309/350, Validation Loss: 0.7906118052847245, Accuracy: 71.14618449279804%
2024-06-27 16:53:19 - INFO - Epoch: 310/350, Training Loss: 0.2328680393413878
2024-06-27 16:53:19 - INFO - Epoch: 310/350, Validation Loss: 0.7975571333777671, Accuracy: 70.85504137296967%
2024-06-27 16:53:23 - INFO - Epoch: 311/350, Training Loss: 0.22699416678983206
2024-06-27 16:53:24 - INFO - Epoch: 311/350, Validation Loss: 0.7356806222130271, Accuracy: 71.3760343242415%
2024-06-27 16:53:27 - INFO - Epoch: 312/350, Training Loss: 0.22632354654956097
2024-06-27 16:53:27 - INFO - Epoch: 312/350, Validation Loss: 0.7624226390731101, Accuracy: 71.59056083358873%
2024-06-27 16:53:31 - INFO - Epoch: 313/350, Training Loss: 0.22059397724475346
2024-06-27 16:53:31 - INFO - Epoch: 313/350, Validation Loss: 0.8471890208767909, Accuracy: 70.6711615078149%
2024-06-27 16:53:35 - INFO - Epoch: 314/350, Training Loss: 0.22428825346059075
2024-06-27 16:53:35 - INFO - Epoch: 314/350, Validation Loss: 0.7852229362024981, Accuracy: 70.70180815200736%
2024-06-27 16:53:39 - INFO - Epoch: 315/350, Training Loss: 0.21864303530139081
2024-06-27 16:53:39 - INFO - Epoch: 315/350, Validation Loss: 0.8098747072850957, Accuracy: 70.85504137296967%
2024-06-27 16:53:43 - INFO - Epoch: 316/350, Training Loss: 0.22004654609105168
2024-06-27 16:53:43 - INFO - Epoch: 316/350, Validation Loss: 0.7854301353880003, Accuracy: 70.93165798345082%
2024-06-27 16:53:46 - INFO - Epoch: 317/350, Training Loss: 0.22871271738161644
2024-06-27 16:53:47 - INFO - Epoch: 317/350, Validation Loss: 0.8023589951734916, Accuracy: 70.8243947287772%
2024-06-27 16:53:50 - INFO - Epoch: 318/350, Training Loss: 0.21713363384718404
2024-06-27 16:53:51 - INFO - Epoch: 318/350, Validation Loss: 0.8903302474349153, Accuracy: 70.6711615078149%
2024-06-27 16:53:54 - INFO - Epoch: 319/350, Training Loss: 0.2196999413746537
2024-06-27 16:53:54 - INFO - Epoch: 319/350, Validation Loss: 0.8905165160403532, Accuracy: 70.39534171008275%
2024-06-27 16:53:58 - INFO - Epoch: 320/350, Training Loss: 0.2159603089824611
2024-06-27 16:53:58 - INFO - Epoch: 320/350, Validation Loss: 0.9415225994353201, Accuracy: 70.6711615078149%
2024-06-27 16:54:02 - INFO - Epoch: 321/350, Training Loss: 0.21645270673302458
2024-06-27 16:54:02 - INFO - Epoch: 321/350, Validation Loss: 0.9198090194487104, Accuracy: 70.76310144039228%
2024-06-27 16:54:05 - INFO - Epoch: 322/350, Training Loss: 0.21751291467351655
2024-06-27 16:54:06 - INFO - Epoch: 322/350, Validation Loss: 0.9167853237367144, Accuracy: 70.53325160894882%
2024-06-27 16:54:09 - INFO - Epoch: 323/350, Training Loss: 0.21521532194068035
2024-06-27 16:54:10 - INFO - Epoch: 323/350, Validation Loss: 0.85139714327513, Accuracy: 70.2727551333129%
2024-06-27 16:54:13 - INFO - Epoch: 324/350, Training Loss: 0.21603843222792243
2024-06-27 16:54:14 - INFO - Epoch: 324/350, Validation Loss: 0.9078165146650052, Accuracy: 70.70180815200736%
2024-06-27 16:54:17 - INFO - Epoch: 325/350, Training Loss: 0.21295993563299084
2024-06-27 16:54:18 - INFO - Epoch: 325/350, Validation Loss: 0.8907898103489595, Accuracy: 70.2727551333129%
2024-06-27 16:54:21 - INFO - Epoch: 326/350, Training Loss: 0.21531184696975877
2024-06-27 16:54:22 - INFO - Epoch: 326/350, Validation Loss: 0.8825663398293888, Accuracy: 70.38001838798651%
2024-06-27 16:54:28 - INFO - Epoch: 327/350, Training Loss: 0.21847622542112483
2024-06-27 16:54:29 - INFO - Epoch: 327/350, Validation Loss: 0.8802635868390402, Accuracy: 70.3187250996016%
2024-06-27 16:54:35 - INFO - Epoch: 328/350, Training Loss: 0.21594661277006655
2024-06-27 16:54:36 - INFO - Epoch: 328/350, Validation Loss: 0.9222082332068798, Accuracy: 70.25743181121668%
2024-06-27 16:54:43 - INFO - Epoch: 329/350, Training Loss: 0.21528762144347033
2024-06-27 16:54:44 - INFO - Epoch: 329/350, Validation Loss: 0.9096821754002103, Accuracy: 70.24210848912044%
2024-06-27 16:54:50 - INFO - Epoch: 330/350, Training Loss: 0.21479076844658337
2024-06-27 16:54:51 - INFO - Epoch: 330/350, Validation Loss: 0.8270812832257327, Accuracy: 70.99295127183574%
2024-06-27 16:54:57 - INFO - Epoch: 331/350, Training Loss: 0.22156169079244137
2024-06-27 16:54:58 - INFO - Epoch: 331/350, Validation Loss: 0.889248251914978, Accuracy: 70.71713147410358%
2024-06-27 16:55:05 - INFO - Epoch: 332/350, Training Loss: 0.21834537500113832
2024-06-27 16:55:06 - INFO - Epoch: 332/350, Validation Loss: 0.880056287728104, Accuracy: 70.74777811829604%
2024-06-27 16:55:12 - INFO - Epoch: 333/350, Training Loss: 0.21780973939480736
2024-06-27 16:55:13 - INFO - Epoch: 333/350, Validation Loss: 0.8684104090812159, Accuracy: 70.11952191235059%
2024-06-27 16:55:20 - INFO - Epoch: 334/350, Training Loss: 0.2133567912284942
2024-06-27 16:55:20 - INFO - Epoch: 334/350, Validation Loss: 0.9886704163224089, Accuracy: 70.21146184492798%
2024-06-27 16:55:26 - INFO - Epoch: 335/350, Training Loss: 0.21334178104777546
2024-06-27 16:55:27 - INFO - Epoch: 335/350, Validation Loss: 0.9899483293879265, Accuracy: 70.36469506589029%
2024-06-27 16:55:31 - INFO - Epoch: 336/350, Training Loss: 0.21235800081608341
2024-06-27 16:55:31 - INFO - Epoch: 336/350, Validation Loss: 0.9671948604723987, Accuracy: 70.02758197977322%
2024-06-27 16:55:34 - INFO - Epoch: 337/350, Training Loss: 0.21667364069863276
2024-06-27 16:55:35 - INFO - Epoch: 337/350, Validation Loss: 0.91085745306576, Accuracy: 69.79773214832976%
2024-06-27 16:55:38 - INFO - Epoch: 338/350, Training Loss: 0.22560507521106332
2024-06-27 16:55:39 - INFO - Epoch: 338/350, Validation Loss: 0.8683291422385796, Accuracy: 70.88568801716212%
2024-06-27 16:55:42 - INFO - Epoch: 339/350, Training Loss: 0.21571727937050894
2024-06-27 16:55:42 - INFO - Epoch: 339/350, Validation Loss: 0.9481341044108073, Accuracy: 70.16549187863929%
2024-06-27 16:55:46 - INFO - Epoch: 340/350, Training Loss: 0.2132054002152062
2024-06-27 16:55:46 - INFO - Epoch: 340/350, Validation Loss: 0.9644940571457732, Accuracy: 70.10419859025437%
2024-06-27 16:55:50 - INFO - Epoch: 341/350, Training Loss: 0.2127697814036818
2024-06-27 16:55:50 - INFO - Epoch: 341/350, Validation Loss: 0.9125000898744545, Accuracy: 70.08887526815813%
2024-06-27 16:55:54 - INFO - Epoch: 342/350, Training Loss: 0.21418202135200595
2024-06-27 16:55:54 - INFO - Epoch: 342/350, Validation Loss: 0.9480566481749216, Accuracy: 70.08887526815813%
2024-06-27 16:55:58 - INFO - Epoch: 343/350, Training Loss: 0.21096134381186143
2024-06-27 16:55:58 - INFO - Epoch: 343/350, Validation Loss: 0.9754100476994234, Accuracy: 70.08887526815813%
2024-06-27 16:56:01 - INFO - Epoch: 344/350, Training Loss: 0.2123733478616558
2024-06-27 16:56:02 - INFO - Epoch: 344/350, Validation Loss: 0.9794492756619173, Accuracy: 69.95096536929206%
2024-06-27 16:56:05 - INFO - Epoch: 345/350, Training Loss: 0.21199907108630037
2024-06-27 16:56:05 - INFO - Epoch: 345/350, Validation Loss: 0.9262264481946534, Accuracy: 70.33404842169783%
2024-06-27 16:56:09 - INFO - Epoch: 346/350, Training Loss: 0.21148583630793819
2024-06-27 16:56:09 - INFO - Epoch: 346/350, Validation Loss: 0.9798278551475674, Accuracy: 70.24210848912044%
2024-06-27 16:56:13 - INFO - Epoch: 347/350, Training Loss: 0.21337256087538073
2024-06-27 16:56:13 - INFO - Epoch: 347/350, Validation Loss: 0.976766027656256, Accuracy: 70.36469506589029%
2024-06-27 16:56:17 - INFO - Epoch: 348/350, Training Loss: 0.2128460103025039
2024-06-27 16:56:18 - INFO - Epoch: 348/350, Validation Loss: 0.941653747768963, Accuracy: 70.45663499846766%
2024-06-27 16:56:21 - INFO - Epoch: 349/350, Training Loss: 0.21099794155680665
2024-06-27 16:56:22 - INFO - Epoch: 349/350, Validation Loss: 1.063970164341085, Accuracy: 70.30340177750536%
2024-06-27 16:56:25 - INFO - Epoch: 350/350, Training Loss: 0.21233472427097605
2024-06-27 16:56:25 - INFO - Epoch: 350/350, Validation Loss: 0.9964408541426939, Accuracy: 69.9203187250996%
2024-06-27 16:56:25 - INFO - Finished training model.
2024-06-27 16:56:25 - INFO - Model saved to lstm_classifier3.pth and vocabulary saved to vocab.pkl
