2024-06-18 22:48:25 - INFO - This log entry will go into a uniquely named file for this run.
2024-06-18 22:48:25 - INFO - Starting LSTM model training...
2024-06-18 22:48:25 - INFO - epochs=1200
2024-06-18 22:48:25 - INFO - batch_size=8
2024-06-18 22:48:27 - INFO - Starting LSTM model training...
2024-06-18 22:48:38 - INFO - Epoch 1/1200, Loss: 1.5265067261570762
2024-06-18 22:48:48 - INFO - Epoch 2/1200, Loss: 1.482499125941619
2024-06-18 22:49:01 - INFO - Epoch 3/1200, Loss: 1.4788705768852515
2024-06-18 22:49:15 - INFO - Epoch 4/1200, Loss: 1.742499897360652
2024-06-18 22:49:29 - INFO - Epoch 5/1200, Loss: 1.5046763228127764
2024-06-18 22:49:43 - INFO - Epoch 6/1200, Loss: 1.712193394041968
2024-06-18 22:49:57 - INFO - Epoch 7/1200, Loss: 1.4033694033680815
2024-06-18 22:50:11 - INFO - Epoch 8/1200, Loss: 1.925390463393918
2024-06-18 22:50:25 - INFO - Epoch 9/1200, Loss: 1.5495090309459671
2024-06-18 22:50:38 - INFO - Epoch 10/1200, Loss: 1.4444210506358839
2024-06-18 22:50:52 - INFO - Epoch 11/1200, Loss: 1.4727320892552156
2024-06-18 22:51:07 - INFO - Epoch 12/1200, Loss: 1.9151462065161164
2024-06-18 22:51:21 - INFO - Epoch 13/1200, Loss: 1.3787301535808751
2024-06-18 22:51:35 - INFO - Epoch 14/1200, Loss: 1.4249434401171868
2024-06-18 22:51:49 - INFO - Epoch 15/1200, Loss: 1.4374295042666942
2024-06-18 22:52:03 - INFO - Epoch 16/1200, Loss: 1.366893615041856
2024-06-18 22:52:18 - INFO - Epoch 17/1200, Loss: 1.3881406964619822
2024-06-18 22:52:32 - INFO - Epoch 18/1200, Loss: 1.4806492826859168
2024-06-18 22:52:46 - INFO - Epoch 19/1200, Loss: 1.4589732812603875
2024-06-18 22:53:00 - INFO - Epoch 20/1200, Loss: 1.4271039975264113
2024-06-18 22:53:13 - INFO - Epoch 21/1200, Loss: 1.3767590193587111
2024-06-18 22:53:28 - INFO - Epoch 22/1200, Loss: 1.4636084388136137
2024-06-18 22:53:42 - INFO - Epoch 23/1200, Loss: 1.342574429217367
2024-06-18 22:53:55 - INFO - Epoch 24/1200, Loss: 1.3968196962438622
2024-06-18 22:54:10 - INFO - Epoch 25/1200, Loss: 1.4245531109178082
2024-06-18 22:54:24 - INFO - Epoch 26/1200, Loss: 1.453409265414589
2024-06-18 22:54:38 - INFO - Epoch 27/1200, Loss: 1.4163128528022753
2024-06-18 22:54:52 - INFO - Epoch 28/1200, Loss: 1.400977258935653
2024-06-18 22:55:06 - INFO - Epoch 29/1200, Loss: 1.3880916548142102
2024-06-18 22:55:20 - INFO - Epoch 30/1200, Loss: 1.3843992132012473
2024-06-18 22:55:35 - INFO - Epoch 31/1200, Loss: 1.400337795100662
2024-06-18 22:55:49 - INFO - Epoch 32/1200, Loss: 1.3592115271896608
2024-06-18 22:56:04 - INFO - Epoch 33/1200, Loss: 1.386242402565173
2024-06-18 22:56:18 - INFO - Epoch 34/1200, Loss: 1.3561646653398922
2024-06-18 22:56:32 - INFO - Epoch 35/1200, Loss: 1.377714509911458
2024-06-18 22:56:47 - INFO - Epoch 36/1200, Loss: 1.4404533060226614
2024-06-18 22:57:00 - INFO - Epoch 37/1200, Loss: 1.4447596109958505
2024-06-18 22:57:14 - INFO - Epoch 38/1200, Loss: 2.2406946263796272
2024-06-18 22:57:28 - INFO - Epoch 39/1200, Loss: 1.3956267233202548
2024-06-18 22:57:42 - INFO - Epoch 40/1200, Loss: 1.6342868086395472
2024-06-18 22:57:57 - INFO - Epoch 41/1200, Loss: 1.405693161210793
2024-06-18 22:58:11 - INFO - Epoch 42/1200, Loss: 1.6357721058620722
2024-06-18 22:58:26 - INFO - Epoch 43/1200, Loss: 1.948064436635695
2024-06-18 22:58:40 - INFO - Epoch 44/1200, Loss: 3.3011611302693686
2024-06-18 22:58:56 - INFO - Epoch 45/1200, Loss: 1.4533070193636797
2024-06-18 22:59:11 - INFO - Epoch 46/1200, Loss: 1.4211478911283786
2024-06-18 22:59:29 - INFO - Epoch 47/1200, Loss: 1.7404146932804208
2024-06-18 22:59:47 - INFO - Epoch 48/1200, Loss: 1.429033977255708
2024-06-18 23:00:05 - INFO - Epoch 49/1200, Loss: 1.379486279055003
2024-06-18 23:00:24 - INFO - Epoch 50/1200, Loss: 1.5017501454370399
2024-06-18 23:00:43 - INFO - Epoch 51/1200, Loss: 1.4353822119558606
2024-06-18 23:01:01 - INFO - Epoch 52/1200, Loss: 1.5230981066697635
2024-06-18 23:01:20 - INFO - Epoch 53/1200, Loss: 1.376119236744293
2024-06-18 23:01:38 - INFO - Epoch 54/1200, Loss: 1.38946970372288
2024-06-18 23:01:57 - INFO - Epoch 55/1200, Loss: 1.5029771759276975
2024-06-18 23:02:16 - INFO - Epoch 56/1200, Loss: 2.3018984739924386
2024-06-18 23:02:35 - INFO - Epoch 57/1200, Loss: 1.3935571365740345
2024-06-18 23:02:53 - INFO - Epoch 58/1200, Loss: 1.4058371445961768
2024-06-18 23:03:12 - INFO - Epoch 59/1200, Loss: 1.3699453775367272
2024-06-18 23:03:31 - INFO - Epoch 60/1200, Loss: 1.37438984474106
2024-06-18 23:03:49 - INFO - Epoch 61/1200, Loss: 1.505113130735009
2024-06-18 23:04:03 - INFO - Epoch 62/1200, Loss: 1.7947235301089177
2024-06-18 23:04:18 - INFO - Epoch 63/1200, Loss: 1.3678232711799883
2024-06-18 23:04:32 - INFO - Epoch 64/1200, Loss: 1.3727140319689277
2024-06-18 23:04:46 - INFO - Epoch 65/1200, Loss: 3.3359444629573614
2024-06-18 23:05:00 - INFO - Epoch 66/1200, Loss: 1.4614116692013284
2024-06-18 23:05:14 - INFO - Epoch 67/1200, Loss: 1.4075024274374348
2024-06-18 23:05:28 - INFO - Epoch 68/1200, Loss: 1.3743875577615705
2024-06-18 23:05:41 - INFO - Epoch 69/1200, Loss: 2.334425201521521
2024-06-18 23:05:55 - INFO - Epoch 70/1200, Loss: 1.7310112677557845
2024-06-18 23:06:09 - INFO - Epoch 71/1200, Loss: 1.4990946517099049
2024-06-18 23:06:23 - INFO - Epoch 72/1200, Loss: 1.5053314458668352
2024-06-18 23:06:37 - INFO - Epoch 73/1200, Loss: 1.4506626115324928
2024-06-18 23:06:51 - INFO - Epoch 74/1200, Loss: 1.4337004408429415
2024-06-18 23:07:05 - INFO - Epoch 75/1200, Loss: 1.460585136837038
2024-06-18 23:07:18 - INFO - Epoch 76/1200, Loss: 1.51025854731373
2024-06-18 23:07:32 - INFO - Epoch 77/1200, Loss: 1.4848512850872548
2024-06-18 23:07:46 - INFO - Epoch 78/1200, Loss: 1.7200616012971415
2024-06-18 23:08:00 - INFO - Epoch 79/1200, Loss: 1.3810241373796728
2024-06-18 23:08:14 - INFO - Epoch 80/1200, Loss: 1.5075401592187034
2024-06-18 23:08:28 - INFO - Epoch 81/1200, Loss: 1.4416232537647045
2024-06-18 23:08:42 - INFO - Epoch 82/1200, Loss: 1.3611708698974423
2024-06-18 23:08:56 - INFO - Epoch 83/1200, Loss: 1.4118385950407046
2024-06-18 23:09:09 - INFO - Epoch 84/1200, Loss: 1.347685820874723
2024-06-18 23:09:23 - INFO - Epoch 85/1200, Loss: 1.3552102788826337
2024-06-18 23:09:37 - INFO - Epoch 86/1200, Loss: 1.381408402758851
2024-06-18 23:09:51 - INFO - Epoch 87/1200, Loss: 1.5137822665424796
2024-06-18 23:10:05 - INFO - Epoch 88/1200, Loss: 1.361446197927954
2024-06-18 23:10:19 - INFO - Epoch 89/1200, Loss: 1.5347138431255873
2024-06-18 23:10:32 - INFO - Epoch 90/1200, Loss: 1.3783750099040406
2024-06-18 23:10:46 - INFO - Epoch 91/1200, Loss: 1.4552134960974321
2024-06-18 23:11:00 - INFO - Epoch 92/1200, Loss: 1.5005417873585334
2024-06-18 23:11:14 - INFO - Epoch 93/1200, Loss: 1.4304494737653404
2024-06-18 23:11:28 - INFO - Epoch 94/1200, Loss: 1.880650390647963
2024-06-18 23:11:42 - INFO - Epoch 95/1200, Loss: 1.6781895896333734
2024-06-18 23:11:56 - INFO - Epoch 96/1200, Loss: 1.3838130566153195
2024-06-18 23:12:10 - INFO - Epoch 97/1200, Loss: 1.4956742638779812
2024-06-18 23:12:24 - INFO - Epoch 98/1200, Loss: 1.37157555340568
2024-06-18 23:12:38 - INFO - Epoch 99/1200, Loss: 1.3620294382666598
2024-06-18 23:12:51 - INFO - Epoch 100/1200, Loss: 1.4060125316623995
2024-06-18 23:13:05 - INFO - Epoch 101/1200, Loss: 1.427670596799929
2024-06-18 23:13:19 - INFO - Epoch 102/1200, Loss: 1.451646447361793
2024-06-18 23:13:33 - INFO - Epoch 103/1200, Loss: 1.3864026479307026
2024-06-18 23:13:47 - INFO - Epoch 104/1200, Loss: 1.4225001509971036
2024-06-18 23:14:00 - INFO - Epoch 105/1200, Loss: 1.3902980284988313
2024-06-18 23:14:14 - INFO - Epoch 106/1200, Loss: 1.4195591528944427
2024-06-18 23:14:28 - INFO - Epoch 107/1200, Loss: 1.394602312470604
2024-06-18 23:14:42 - INFO - Epoch 108/1200, Loss: 1.3866289810909183
2024-06-18 23:14:55 - INFO - Epoch 109/1200, Loss: 1.419681737979619
2024-06-18 23:15:09 - INFO - Epoch 110/1200, Loss: 1.5267525148021568
2024-06-18 23:15:23 - INFO - Epoch 111/1200, Loss: 1.3954508987584884
2024-06-18 23:15:37 - INFO - Epoch 112/1200, Loss: 1.4741450397726583
2024-06-18 23:15:51 - INFO - Epoch 113/1200, Loss: 1.4409612635727103
2024-06-18 23:16:05 - INFO - Epoch 114/1200, Loss: 1.3785540520831785
2024-06-18 23:16:19 - INFO - Epoch 115/1200, Loss: 1.4208390542413325
2024-06-18 23:16:33 - INFO - Epoch 116/1200, Loss: 3.229305314523419
2024-06-18 23:16:47 - INFO - Epoch 117/1200, Loss: 1.525898326830247
2024-06-18 23:17:01 - INFO - Epoch 118/1200, Loss: 1.4523405717134377
2024-06-18 23:17:14 - INFO - Epoch 119/1200, Loss: 1.5416299987275945
2024-06-18 23:17:28 - INFO - Epoch 120/1200, Loss: 1.4318609095620505
2024-06-18 23:17:42 - INFO - Epoch 121/1200, Loss: 1.485796987129345
2024-06-18 23:17:56 - INFO - Epoch 122/1200, Loss: 1.3805364081701441
2024-06-18 23:18:11 - INFO - Epoch 123/1200, Loss: 1.450281138985425
2024-06-18 23:18:25 - INFO - Epoch 124/1200, Loss: 1.9387375946589462
2024-06-18 23:18:38 - INFO - Epoch 125/1200, Loss: 1.3952553401026373
2024-06-18 23:18:53 - INFO - Epoch 126/1200, Loss: 1.3840487418699834
2024-06-18 23:19:07 - INFO - Epoch 127/1200, Loss: 1.3917987784492427
2024-06-18 23:19:21 - INFO - Epoch 128/1200, Loss: 1.4483102641389143
2024-06-18 23:19:35 - INFO - Epoch 129/1200, Loss: 1.3860068168205923
2024-06-18 23:19:49 - INFO - Epoch 130/1200, Loss: 1.423710272492588
2024-06-18 23:20:02 - INFO - Epoch 131/1200, Loss: 1.4025520937607245
2024-06-18 23:20:16 - INFO - Epoch 132/1200, Loss: 1.361242656993028
2024-06-18 23:20:30 - INFO - Epoch 133/1200, Loss: 3.396160283702878
2024-06-18 23:20:43 - INFO - Epoch 134/1200, Loss: 1.8140331265406924
2024-06-18 23:20:58 - INFO - Epoch 135/1200, Loss: 1.44791075494872
2024-06-18 23:21:12 - INFO - Epoch 136/1200, Loss: 3.3758662914856314
2024-06-18 23:21:26 - INFO - Epoch 137/1200, Loss: 1.49785605620868
2024-06-18 23:21:40 - INFO - Epoch 138/1200, Loss: 1.3938133983464551
2024-06-18 23:21:54 - INFO - Epoch 139/1200, Loss: 1.3556539103148433
2024-06-18 23:22:08 - INFO - Epoch 140/1200, Loss: 1.3712938852884922
2024-06-18 23:22:23 - INFO - Epoch 141/1200, Loss: 1.7040854214258103
2024-06-18 23:22:37 - INFO - Epoch 142/1200, Loss: 1.5506107025106477
2024-06-18 23:22:51 - INFO - Epoch 143/1200, Loss: 1.39211457263186
2024-06-18 23:23:06 - INFO - Epoch 144/1200, Loss: 1.4192875482857834
2024-06-18 23:23:20 - INFO - Epoch 145/1200, Loss: 1.3948372043395623
2024-06-18 23:23:34 - INFO - Epoch 146/1200, Loss: 1.3479610642357052
2024-06-18 23:23:49 - INFO - Epoch 147/1200, Loss: 1.4262436304066697
2024-06-18 23:24:03 - INFO - Epoch 148/1200, Loss: 1.443264445098536
2024-06-18 23:24:16 - INFO - Epoch 149/1200, Loss: 1.4382871591368243
2024-06-18 23:24:30 - INFO - Epoch 150/1200, Loss: 2.4063089822939303
2024-06-18 23:24:45 - INFO - Epoch 151/1200, Loss: 1.4561172666085547
2024-06-18 23:24:59 - INFO - Epoch 152/1200, Loss: 1.471526207312909
2024-06-18 23:25:13 - INFO - Epoch 153/1200, Loss: 1.3738054639873205
2024-06-18 23:25:27 - INFO - Epoch 154/1200, Loss: 1.3872917220221566
2024-06-18 23:25:40 - INFO - Epoch 155/1200, Loss: 1.3501042442588755
2024-06-18 23:25:55 - INFO - Epoch 156/1200, Loss: 1.3854486622186084
2024-06-18 23:26:09 - INFO - Epoch 157/1200, Loss: 1.605446555412714
2024-06-18 23:26:23 - INFO - Epoch 158/1200, Loss: 1.369375955441759
2024-06-18 23:26:37 - INFO - Epoch 159/1200, Loss: 1.4413852791725683
2024-06-18 23:26:51 - INFO - Epoch 160/1200, Loss: 1.3950958040027346
2024-06-18 23:27:05 - INFO - Epoch 161/1200, Loss: 1.3831271167242094
2024-06-18 23:27:18 - INFO - Epoch 162/1200, Loss: 1.3797333736591013
2024-06-18 23:27:32 - INFO - Epoch 163/1200, Loss: 1.4337767808805177
2024-06-18 23:27:46 - INFO - Epoch 164/1200, Loss: 1.4285718694059817
2024-06-18 23:28:00 - INFO - Epoch 165/1200, Loss: 1.3830797770518404
2024-06-18 23:28:14 - INFO - Epoch 166/1200, Loss: 1.3961458578134345
2024-06-18 23:28:28 - INFO - Epoch 167/1200, Loss: 1.3734192570532648
2024-06-18 23:28:42 - INFO - Epoch 168/1200, Loss: 1.3979540851736192
2024-06-18 23:28:56 - INFO - Epoch 169/1200, Loss: 1.4203521352399318
2024-06-18 23:29:10 - INFO - Epoch 170/1200, Loss: 1.377166565780731
2024-06-18 23:29:24 - INFO - Epoch 171/1200, Loss: 1.6300493084347598
2024-06-18 23:29:38 - INFO - Epoch 172/1200, Loss: 1.4643733433553798
2024-06-18 23:29:52 - INFO - Epoch 173/1200, Loss: 1.4228519908815438
2024-06-18 23:30:10 - INFO - Epoch 174/1200, Loss: 1.4422825335048817
2024-06-18 23:30:29 - INFO - Epoch 175/1200, Loss: 1.366482910778889
2024-06-18 23:30:47 - INFO - Epoch 176/1200, Loss: 3.2769938454946947
2024-06-18 23:31:06 - INFO - Epoch 177/1200, Loss: 1.4133351986469076
2024-06-18 23:31:25 - INFO - Epoch 178/1200, Loss: 1.4274583632099695
2024-06-18 23:31:45 - INFO - Epoch 179/1200, Loss: 1.4680955274325724
2024-06-18 23:32:00 - INFO - Epoch 180/1200, Loss: 1.4577245353594022
2024-06-18 23:32:14 - INFO - Epoch 181/1200, Loss: 1.4249515184846122
2024-06-18 23:32:29 - INFO - Epoch 182/1200, Loss: 1.3773515912211214
2024-06-18 23:32:43 - INFO - Epoch 183/1200, Loss: 1.3848749595179815
2024-06-18 23:32:58 - INFO - Epoch 184/1200, Loss: 1.374535232693011
2024-06-18 23:33:17 - INFO - Epoch 185/1200, Loss: 1.3532430312466777
2024-06-18 23:33:32 - INFO - Epoch 186/1200, Loss: 1.4286108600324718
2024-06-18 23:33:46 - INFO - Epoch 187/1200, Loss: 1.3810078553650738
2024-06-18 23:34:00 - INFO - Epoch 188/1200, Loss: 1.65870862600223
2024-06-18 23:34:14 - INFO - Epoch 189/1200, Loss: 1.3804371015677441
2024-06-18 23:34:28 - INFO - Epoch 190/1200, Loss: 1.798877687368999
2024-06-18 23:34:42 - INFO - Epoch 191/1200, Loss: 1.380046001528173
2024-06-18 23:34:57 - INFO - Epoch 192/1200, Loss: 1.4060547541930342
2024-06-18 23:35:11 - INFO - Epoch 193/1200, Loss: 1.4070710973020257
2024-06-18 23:35:25 - INFO - Epoch 194/1200, Loss: 1.4374623730392884
2024-06-18 23:35:39 - INFO - Epoch 195/1200, Loss: 1.732630342013754
2024-06-18 23:35:53 - INFO - Epoch 196/1200, Loss: 1.406030342354799
2024-06-18 23:36:07 - INFO - Epoch 197/1200, Loss: 1.4395171603772263
2024-06-18 23:36:21 - INFO - Epoch 198/1200, Loss: 1.4271671315264194
2024-06-18 23:36:35 - INFO - Epoch 199/1200, Loss: 1.4139506525905905
2024-06-18 23:36:48 - INFO - Epoch 200/1200, Loss: 1.3539468890585638
2024-06-18 23:37:02 - INFO - Epoch 201/1200, Loss: 1.3864001710602847
2024-06-18 23:37:16 - INFO - Epoch 202/1200, Loss: 1.4978911617180906
2024-06-18 23:37:29 - INFO - Epoch 203/1200, Loss: 1.3727297356275758
2024-06-18 23:37:43 - INFO - Epoch 204/1200, Loss: 1.4365493273023549
2024-06-18 23:37:57 - INFO - Epoch 205/1200, Loss: 1.4636513631125405
2024-06-18 23:38:11 - INFO - Epoch 206/1200, Loss: 1.7457148302650372
2024-06-18 23:38:25 - INFO - Epoch 207/1200, Loss: 1.4018710562955417
2024-06-18 23:38:39 - INFO - Epoch 208/1200, Loss: 1.6819117623592794
2024-06-18 23:38:52 - INFO - Epoch 209/1200, Loss: 1.4252306111009752
2024-06-18 23:39:06 - INFO - Epoch 210/1200, Loss: 1.4007405753094233
2024-06-18 23:39:20 - INFO - Epoch 211/1200, Loss: 1.4552755533377175
2024-06-18 23:39:34 - INFO - Epoch 212/1200, Loss: 1.3622566599928563
2024-06-18 23:39:47 - INFO - Epoch 213/1200, Loss: 1.4389889353472989
2024-06-18 23:40:01 - INFO - Epoch 214/1200, Loss: 1.3849908564926685
2024-06-18 23:40:15 - INFO - Epoch 215/1200, Loss: 1.3740955515327975
2024-06-18 23:40:29 - INFO - Epoch 216/1200, Loss: 1.396824297470294
2024-06-18 23:40:42 - INFO - Epoch 217/1200, Loss: 1.3637502027181732
2024-06-18 23:40:56 - INFO - Epoch 218/1200, Loss: 1.517800970819047
2024-06-18 23:41:10 - INFO - Epoch 219/1200, Loss: 1.5629932375536721
2024-06-18 23:41:24 - INFO - Epoch 220/1200, Loss: 1.602567148188254
2024-06-18 23:41:38 - INFO - Epoch 221/1200, Loss: 1.4149628068199107
2024-06-18 23:41:51 - INFO - Epoch 222/1200, Loss: 1.347698539998338
2024-06-18 23:42:05 - INFO - Epoch 223/1200, Loss: 4.8763680077716245
2024-06-18 23:42:19 - INFO - Epoch 224/1200, Loss: 1.3986845955455942
2024-06-18 23:42:33 - INFO - Epoch 225/1200, Loss: 1.3974000929716668
2024-06-18 23:42:47 - INFO - Epoch 226/1200, Loss: 1.560258559711208
2024-06-18 23:43:02 - INFO - Epoch 227/1200, Loss: 1.3576899293642333
2024-06-18 23:43:16 - INFO - Epoch 228/1200, Loss: 1.3666026082471874
2024-06-18 23:43:30 - INFO - Epoch 229/1200, Loss: 1.456109116019018
2024-06-18 23:43:44 - INFO - Epoch 230/1200, Loss: 1.4363655959502017
2024-06-18 23:43:59 - INFO - Epoch 231/1200, Loss: 1.6076887484453037
2024-06-18 23:44:13 - INFO - Epoch 232/1200, Loss: 1.4047414184209555
2024-06-18 23:44:26 - INFO - Epoch 233/1200, Loss: 1.4307386032963034
2024-06-18 23:44:40 - INFO - Epoch 234/1200, Loss: 1.504243805463558
2024-06-18 23:44:54 - INFO - Epoch 235/1200, Loss: 1.5578797491741707
2024-06-18 23:45:07 - INFO - Epoch 236/1200, Loss: 1.3891429418256989
2024-06-18 23:45:21 - INFO - Epoch 237/1200, Loss: 1.3776868316871553
2024-06-18 23:45:35 - INFO - Epoch 238/1200, Loss: 1.3757269710256637
2024-06-18 23:45:49 - INFO - Epoch 239/1200, Loss: 1.45159415920448
2024-06-18 23:46:03 - INFO - Epoch 240/1200, Loss: 1.4020814640648456
2024-06-18 23:46:16 - INFO - Epoch 241/1200, Loss: 1.3866477763517595
2024-06-18 23:46:30 - INFO - Epoch 242/1200, Loss: 1.435010754090442
2024-06-18 23:46:44 - INFO - Epoch 243/1200, Loss: 1.3997201833084183
2024-06-18 23:46:58 - INFO - Epoch 244/1200, Loss: 1.3959967993002071
2024-06-18 23:47:11 - INFO - Epoch 245/1200, Loss: 1.5696028088378906
2024-06-18 23:47:25 - INFO - Epoch 246/1200, Loss: 1.3872805135838464
2024-06-18 23:47:39 - INFO - Epoch 247/1200, Loss: 1.3879914196235046
2024-06-18 23:47:53 - INFO - Epoch 248/1200, Loss: 1.4513101932095145
2024-06-18 23:48:07 - INFO - Epoch 249/1200, Loss: 1.465490179805417
2024-06-18 23:48:21 - INFO - Epoch 250/1200, Loss: 1.4698029809271183
2024-06-18 23:48:34 - INFO - Epoch 251/1200, Loss: 1.3880125436247328
2024-06-18 23:48:48 - INFO - Epoch 252/1200, Loss: 1.4190746074513745
2024-06-18 23:49:02 - INFO - Epoch 253/1200, Loss: 1.363061559882971
2024-06-18 23:49:16 - INFO - Epoch 254/1200, Loss: 1.3964300078754561
2024-06-18 23:49:30 - INFO - Epoch 255/1200, Loss: 1.3828079632977333
2024-06-18 23:49:44 - INFO - Epoch 256/1200, Loss: 1.7122354031340579
2024-06-18 23:49:58 - INFO - Epoch 257/1200, Loss: 1.4869987584346787
2024-06-18 23:50:11 - INFO - Epoch 258/1200, Loss: 1.3871288971079059
2024-06-18 23:50:25 - INFO - Epoch 259/1200, Loss: 1.3927431577048708
2024-06-18 23:50:39 - INFO - Epoch 260/1200, Loss: 1.3772367925242843
2024-06-18 23:50:53 - INFO - Epoch 261/1200, Loss: 1.3675123805758822
2024-06-18 23:51:07 - INFO - Epoch 262/1200, Loss: 1.574510637170483
2024-06-18 23:51:21 - INFO - Epoch 263/1200, Loss: 1.3545945477093335
2024-06-18 23:51:35 - INFO - Epoch 264/1200, Loss: 1.4256139444915874
2024-06-18 23:51:49 - INFO - Epoch 265/1200, Loss: 1.428716732574264
2024-06-18 23:52:03 - INFO - Epoch 266/1200, Loss: 1.377901507730027
2024-06-18 23:52:16 - INFO - Epoch 267/1200, Loss: 1.3793052608820096
2024-06-18 23:52:31 - INFO - Epoch 268/1200, Loss: 1.4063920961958825
2024-06-18 23:52:45 - INFO - Epoch 269/1200, Loss: 1.3946149275901676
2024-06-18 23:52:58 - INFO - Epoch 270/1200, Loss: 1.754258061704324
2024-06-18 23:53:12 - INFO - Epoch 271/1200, Loss: 1.982310932151267
2024-06-18 23:53:27 - INFO - Epoch 272/1200, Loss: 1.3654056403771917
2024-06-18 23:53:41 - INFO - Epoch 273/1200, Loss: 1.421721549311847
2024-06-18 23:53:55 - INFO - Epoch 274/1200, Loss: 1.4289020657489497
2024-06-18 23:54:09 - INFO - Epoch 275/1200, Loss: 1.488740690983096
2024-06-18 23:54:24 - INFO - Epoch 276/1200, Loss: 1.5109724165455365
2024-06-18 23:54:38 - INFO - Epoch 277/1200, Loss: 1.4312507516446875
2024-06-18 23:54:53 - INFO - Epoch 278/1200, Loss: 1.357479603781625
2024-06-18 23:55:07 - INFO - Epoch 279/1200, Loss: 1.400682506571032
2024-06-18 23:55:20 - INFO - Epoch 280/1200, Loss: 2.2899914689904746
2024-06-18 23:55:40 - INFO - Epoch 281/1200, Loss: 1.479313381312366
2024-06-18 23:55:54 - INFO - Epoch 282/1200, Loss: 1.3778456679526685
2024-06-18 23:56:09 - INFO - Epoch 283/1200, Loss: 1.3756780772701676
2024-06-18 23:56:23 - INFO - Epoch 284/1200, Loss: 1.36866402793938
2024-06-18 23:56:37 - INFO - Epoch 285/1200, Loss: 1.3204865449559753
2024-06-18 23:56:51 - INFO - Epoch 286/1200, Loss: 2.072087052038777
2024-06-18 23:57:06 - INFO - Epoch 287/1200, Loss: 1.423362683428108
2024-06-18 23:57:20 - INFO - Epoch 288/1200, Loss: 1.366201040688039
2024-06-18 23:57:34 - INFO - Epoch 289/1200, Loss: 1.3726582302455317
2024-06-18 23:57:48 - INFO - Epoch 290/1200, Loss: 1.8604012048710497
2024-06-18 23:58:02 - INFO - Epoch 291/1200, Loss: 1.4745379234326688
2024-06-18 23:58:17 - INFO - Epoch 292/1200, Loss: 1.3755585651614257
2024-06-18 23:58:31 - INFO - Epoch 293/1200, Loss: 1.3665000793602833
2024-06-18 23:58:46 - INFO - Epoch 294/1200, Loss: 1.7051655303006148
2024-06-18 23:59:00 - INFO - Epoch 295/1200, Loss: 1.5591297295947668
2024-06-18 23:59:14 - INFO - Epoch 296/1200, Loss: 1.3869987802431682
2024-06-18 23:59:28 - INFO - Epoch 297/1200, Loss: 1.404480402652386
2024-06-18 23:59:43 - INFO - Epoch 298/1200, Loss: 1.3724552762645261
2024-06-18 23:59:57 - INFO - Epoch 299/1200, Loss: 1.4005568882874109
2024-06-19 00:00:11 - INFO - Epoch 300/1200, Loss: 1.3570581268539423
2024-06-19 00:00:26 - INFO - Epoch 301/1200, Loss: 1.3404665865370826
2024-06-19 00:00:40 - INFO - Epoch 302/1200, Loss: 1.391138407537718
2024-06-19 00:00:58 - INFO - Epoch 303/1200, Loss: 1.4335006157961683
2024-06-19 00:01:16 - INFO - Epoch 304/1200, Loss: 1.4312328824752911
2024-06-19 00:01:36 - INFO - Epoch 305/1200, Loss: 1.3988623660846895
2024-06-19 00:01:51 - INFO - Epoch 306/1200, Loss: 1.3583005313144503
2024-06-19 00:02:05 - INFO - Epoch 307/1200, Loss: 1.4133511212382672
2024-06-19 00:02:19 - INFO - Epoch 308/1200, Loss: 1.3700999013356783
2024-06-19 00:02:33 - INFO - Epoch 309/1200, Loss: 1.378898823781586
2024-06-19 00:02:47 - INFO - Epoch 310/1200, Loss: 1.4217703204460181
2024-06-19 00:03:02 - INFO - Epoch 311/1200, Loss: 2.0910824958746033
2024-06-19 00:03:15 - INFO - Epoch 312/1200, Loss: 1.3598566325157584
2024-06-19 00:03:29 - INFO - Epoch 313/1200, Loss: 1.623812717944349
2024-06-19 00:03:43 - INFO - Epoch 314/1200, Loss: 1.4212757868812889
2024-06-19 00:03:57 - INFO - Epoch 315/1200, Loss: 1.3868901986116724
2024-06-19 00:04:11 - INFO - Epoch 316/1200, Loss: 1.7483094591966528
2024-06-19 00:04:25 - INFO - Epoch 317/1200, Loss: 1.375466489375721
2024-06-19 00:04:39 - INFO - Epoch 318/1200, Loss: 1.380104091370482
2024-06-19 00:04:53 - INFO - Epoch 319/1200, Loss: 2.063243002676096
2024-06-19 00:05:07 - INFO - Epoch 320/1200, Loss: 1.3396877565377483
2024-06-19 00:05:22 - INFO - Epoch 321/1200, Loss: 1.3861611575332915
2024-06-19 00:05:36 - INFO - Epoch 322/1200, Loss: 1.4198456165284972
2024-06-19 00:05:50 - INFO - Epoch 323/1200, Loss: 1.381712596955805
2024-06-19 00:06:04 - INFO - Epoch 324/1200, Loss: 1.3985918408650841
2024-06-19 00:06:18 - INFO - Epoch 325/1200, Loss: 1.3783755208892603
2024-06-19 00:06:33 - INFO - Epoch 326/1200, Loss: 1.3823666187324561
2024-06-19 00:06:47 - INFO - Epoch 327/1200, Loss: 1.4358537725916203
2024-06-19 00:07:01 - INFO - Epoch 328/1200, Loss: 1.5366638280388611
2024-06-19 00:07:16 - INFO - Epoch 329/1200, Loss: 1.4404598039984067
2024-06-19 00:07:31 - INFO - Epoch 330/1200, Loss: 1.3665184679653324
2024-06-19 00:07:50 - INFO - Epoch 331/1200, Loss: 1.3836957938511634
2024-06-19 00:08:08 - INFO - Epoch 332/1200, Loss: 1.38615997524463
2024-06-19 00:08:19 - INFO - Epoch 333/1200, Loss: 1.420201814374692
2024-06-19 00:08:30 - INFO - Epoch 334/1200, Loss: 5.080470776561247
2024-06-19 00:08:41 - INFO - Epoch 335/1200, Loss: 1.4848346174724685
2024-06-19 00:08:52 - INFO - Epoch 336/1200, Loss: 1.3893495607796127
2024-06-19 00:09:03 - INFO - Epoch 337/1200, Loss: 1.3826044450182797
2024-06-19 00:09:14 - INFO - Epoch 338/1200, Loss: 1.8776641017677052
2024-06-19 00:09:25 - INFO - Epoch 339/1200, Loss: 1.64271854934281
2024-06-19 00:09:36 - INFO - Epoch 340/1200, Loss: 1.3933572030810182
2024-06-19 00:09:46 - INFO - Epoch 341/1200, Loss: 1.4393862730892766
2024-06-19 00:09:57 - INFO - Epoch 342/1200, Loss: 1.3819501346839287
2024-06-19 00:10:07 - INFO - Epoch 343/1200, Loss: 1.4049323353093355
2024-06-19 00:10:18 - INFO - Epoch 344/1200, Loss: 1.8924732723977726
2024-06-19 00:10:29 - INFO - Epoch 345/1200, Loss: 1.426593048751634
2024-06-19 00:10:39 - INFO - Epoch 346/1200, Loss: 1.3605662490657386
2024-06-19 00:10:50 - INFO - Epoch 347/1200, Loss: 1.360243162389867
2024-06-19 00:11:00 - INFO - Epoch 348/1200, Loss: 1.5135510634030558
2024-06-19 00:11:10 - INFO - Epoch 349/1200, Loss: 1.361741831514818
2024-06-19 00:11:21 - INFO - Epoch 350/1200, Loss: 1.3825719246930592
2024-06-19 00:11:33 - INFO - Epoch 351/1200, Loss: 1.3796983162700585
2024-06-19 00:11:44 - INFO - Epoch 352/1200, Loss: 1.3580881806478968
2024-06-19 00:11:56 - INFO - Epoch 353/1200, Loss: 1.3868803602005155
2024-06-19 00:12:07 - INFO - Epoch 354/1200, Loss: 1.4250363428317945
2024-06-19 00:12:18 - INFO - Epoch 355/1200, Loss: 1.4428507680009224
2024-06-19 00:12:28 - INFO - Epoch 356/1200, Loss: 1.3954222878682
2024-06-19 00:12:39 - INFO - Epoch 357/1200, Loss: 1.395972793379217
2024-06-19 00:12:49 - INFO - Epoch 358/1200, Loss: 1.3589295221661744
2024-06-19 00:13:00 - INFO - Epoch 359/1200, Loss: 1.371480421232018
2024-06-19 00:13:11 - INFO - Epoch 360/1200, Loss: 1.4131438138192598
2024-06-19 00:13:21 - INFO - Epoch 361/1200, Loss: 1.387206162703407
2024-06-19 00:13:32 - INFO - Epoch 362/1200, Loss: 1.3998981846144678
2024-06-19 00:13:42 - INFO - Epoch 363/1200, Loss: 1.414574693130138
2024-06-19 00:13:54 - INFO - Epoch 364/1200, Loss: 1.3871362719296778
2024-06-19 00:14:05 - INFO - Epoch 365/1200, Loss: 1.4226417625564935
2024-06-19 00:14:15 - INFO - Epoch 366/1200, Loss: 1.4085379677443237
2024-06-19 00:14:26 - INFO - Epoch 367/1200, Loss: 1.4265391608248283
2024-06-19 00:14:37 - INFO - Epoch 368/1200, Loss: 1.374819395274834
2024-06-19 00:14:48 - INFO - Epoch 369/1200, Loss: 1.3938481881054343
2024-06-19 00:14:58 - INFO - Epoch 370/1200, Loss: 3.2870807206398527
2024-06-19 00:15:09 - INFO - Epoch 371/1200, Loss: 1.5181520990287942
2024-06-19 00:15:19 - INFO - Epoch 372/1200, Loss: 1.4766059248305452
2024-06-19 00:15:29 - INFO - Epoch 373/1200, Loss: 1.414172839684527
2024-06-19 00:15:40 - INFO - Epoch 374/1200, Loss: 1.4238223252849245
2024-06-19 00:15:51 - INFO - Epoch 375/1200, Loss: 1.4613599981071062
2024-06-19 00:16:02 - INFO - Epoch 376/1200, Loss: 1.369070608639675
2024-06-19 00:16:13 - INFO - Epoch 377/1200, Loss: 1.3368460387912737
2024-06-19 00:16:24 - INFO - Epoch 378/1200, Loss: 1.3572692397730965
2024-06-19 00:16:34 - INFO - Epoch 379/1200, Loss: 1.3726294652546698
2024-06-19 00:16:44 - INFO - Epoch 380/1200, Loss: 1.375321447854815
2024-06-19 00:16:55 - INFO - Epoch 381/1200, Loss: 1.3657381428100959
2024-06-19 00:17:06 - INFO - Epoch 382/1200, Loss: 1.4330317251176807
2024-06-19 00:17:16 - INFO - Epoch 383/1200, Loss: 1.3916024791475663
2024-06-19 00:17:27 - INFO - Epoch 384/1200, Loss: 1.418926162504005
2024-06-19 00:17:39 - INFO - Epoch 385/1200, Loss: 1.834968850740422
2024-06-19 00:17:50 - INFO - Epoch 386/1200, Loss: 1.3984744195126204
2024-06-19 00:18:01 - INFO - Epoch 387/1200, Loss: 1.38819986916772
2024-06-19 00:18:13 - INFO - Epoch 388/1200, Loss: 1.3592383163480564
2024-06-19 00:18:24 - INFO - Epoch 389/1200, Loss: 1.4833618616623365
2024-06-19 00:18:34 - INFO - Epoch 390/1200, Loss: 1.4186688364646494
2024-06-19 00:18:44 - INFO - Epoch 391/1200, Loss: 1.3944022321985872
2024-06-19 00:18:55 - INFO - Epoch 392/1200, Loss: 1.937859489263553
2024-06-19 00:19:05 - INFO - Epoch 393/1200, Loss: 1.3376086484794087
2024-06-19 00:19:16 - INFO - Epoch 394/1200, Loss: 1.5065074639163445
2024-06-19 00:19:26 - INFO - Epoch 395/1200, Loss: 1.407630085540617
2024-06-19 00:19:37 - INFO - Epoch 396/1200, Loss: 1.3608347714759093
2024-06-19 00:19:48 - INFO - Epoch 397/1200, Loss: 1.4169214680241624
2024-06-19 00:19:59 - INFO - Epoch 398/1200, Loss: 1.6330119316089822
2024-06-19 00:20:09 - INFO - Epoch 399/1200, Loss: 1.3726706369476316
2024-06-19 00:20:20 - INFO - Epoch 400/1200, Loss: 1.4606629244130187
2024-06-19 00:20:31 - INFO - Epoch 401/1200, Loss: 1.352945641251154
2024-06-19 00:20:42 - INFO - Epoch 402/1200, Loss: 1.3618929943701261
2024-06-19 00:20:54 - INFO - Epoch 403/1200, Loss: 1.3723442264249988
2024-06-19 00:21:05 - INFO - Epoch 404/1200, Loss: 1.362190292272553
2024-06-19 00:21:15 - INFO - Epoch 405/1200, Loss: 1.36884939929617
2024-06-19 00:21:26 - INFO - Epoch 406/1200, Loss: 1.4290395784964318
2024-06-19 00:21:37 - INFO - Epoch 407/1200, Loss: 1.763014792398568
2024-06-19 00:21:48 - INFO - Epoch 408/1200, Loss: 1.4305139720614461
2024-06-19 00:21:58 - INFO - Epoch 409/1200, Loss: 1.8541113299809922
2024-06-19 00:22:09 - INFO - Epoch 410/1200, Loss: 1.59999757715611
2024-06-19 00:22:19 - INFO - Epoch 411/1200, Loss: 1.426349017829879
2024-06-19 00:22:30 - INFO - Epoch 412/1200, Loss: 1.4781704325074294
2024-06-19 00:22:41 - INFO - Epoch 413/1200, Loss: 1.5342557603601648
2024-06-19 00:22:51 - INFO - Epoch 414/1200, Loss: 1.4229605643348215
2024-06-19 00:23:02 - INFO - Epoch 415/1200, Loss: 1.4111730527529815
2024-06-19 00:23:12 - INFO - Epoch 416/1200, Loss: 1.3355551365168474
2024-06-19 00:23:24 - INFO - Epoch 417/1200, Loss: 1.4002724386118215
2024-06-19 00:23:35 - INFO - Epoch 418/1200, Loss: 1.4198444363694143
2024-06-19 00:23:47 - INFO - Epoch 419/1200, Loss: 2.3330317893154824
2024-06-19 00:23:59 - INFO - Epoch 420/1200, Loss: 1.5450517556682068
2024-06-19 00:24:10 - INFO - Epoch 421/1200, Loss: 2.041043250845471
2024-06-19 00:24:21 - INFO - Epoch 422/1200, Loss: 1.6185064823126651
2024-06-19 00:24:32 - INFO - Epoch 423/1200, Loss: 1.4888926117549752
2024-06-19 00:24:42 - INFO - Epoch 424/1200, Loss: 1.3851102889678537
2024-06-19 00:24:53 - INFO - Epoch 425/1200, Loss: 1.8769446093850026
2024-06-19 00:25:04 - INFO - Epoch 426/1200, Loss: 1.3870562939432627
2024-06-19 00:25:14 - INFO - Epoch 427/1200, Loss: 1.3590431804659864
2024-06-19 00:25:24 - INFO - Epoch 428/1200, Loss: 1.3674583231195359
2024-06-19 00:25:35 - INFO - Epoch 429/1200, Loss: 1.8690183587898377
2024-06-19 00:25:46 - INFO - Epoch 430/1200, Loss: 1.3456465876103
2024-06-19 00:25:57 - INFO - Epoch 431/1200, Loss: 1.3781589435044899
2024-06-19 00:26:08 - INFO - Epoch 432/1200, Loss: 1.3900990445693766
2024-06-19 00:26:19 - INFO - Epoch 433/1200, Loss: 1.3609318374110022
2024-06-19 00:26:30 - INFO - Epoch 434/1200, Loss: 1.3921328970953515
2024-06-19 00:26:41 - INFO - Epoch 435/1200, Loss: 1.408539413381381
2024-06-19 00:26:55 - INFO - Epoch 436/1200, Loss: 1.4277497488617958
2024-06-19 00:27:13 - INFO - Epoch 437/1200, Loss: 1.3502764047031672
2024-06-19 00:27:32 - INFO - Epoch 438/1200, Loss: 1.7168563221037674
2024-06-19 00:27:48 - INFO - Epoch 439/1200, Loss: 1.3552063079396313
2024-06-19 00:28:00 - INFO - Epoch 440/1200, Loss: 1.4908273872103213
2024-06-19 00:28:10 - INFO - Epoch 441/1200, Loss: 1.9170180127244223
2024-06-19 00:28:21 - INFO - Epoch 442/1200, Loss: 1.3951159897683105
2024-06-19 00:28:32 - INFO - Epoch 443/1200, Loss: 1.3585737655420258
2024-06-19 00:28:42 - INFO - Epoch 444/1200, Loss: 1.606242566778532
2024-06-19 00:28:53 - INFO - Epoch 445/1200, Loss: 1.7502455375619344
2024-06-19 00:29:04 - INFO - Epoch 446/1200, Loss: 1.6365236790477329
2024-06-19 00:29:15 - INFO - Epoch 447/1200, Loss: 1.3956264588549474
2024-06-19 00:29:26 - INFO - Epoch 448/1200, Loss: 1.3638836590988181
2024-06-19 00:29:38 - INFO - Epoch 449/1200, Loss: 1.3837190692947274
2024-06-19 00:29:49 - INFO - Epoch 450/1200, Loss: 1.3602723500854172
2024-06-19 00:30:01 - INFO - Epoch 451/1200, Loss: 1.4591567015340903
2024-06-19 00:30:11 - INFO - Epoch 452/1200, Loss: 1.3911494570940335
2024-06-19 00:30:22 - INFO - Epoch 453/1200, Loss: 1.3812790242126063
2024-06-19 00:30:33 - INFO - Epoch 454/1200, Loss: 1.488800821607761
2024-06-19 00:30:43 - INFO - Epoch 455/1200, Loss: 1.3545752737371735
2024-06-19 00:30:54 - INFO - Epoch 456/1200, Loss: 1.3798574321410073
2024-06-19 00:31:04 - INFO - Epoch 457/1200, Loss: 1.3985028321183455
2024-06-19 00:31:15 - INFO - Epoch 458/1200, Loss: 1.3852950947717915
2024-06-19 00:31:25 - INFO - Epoch 459/1200, Loss: 1.4040932225401375
2024-06-19 00:31:36 - INFO - Epoch 460/1200, Loss: 1.3694136909198846
2024-06-19 00:31:46 - INFO - Epoch 461/1200, Loss: 1.631931797481063
2024-06-19 00:31:57 - INFO - Epoch 462/1200, Loss: 1.4654726302812706
2024-06-19 00:32:08 - INFO - Epoch 463/1200, Loss: 1.7317728568158521
2024-06-19 00:32:19 - INFO - Epoch 464/1200, Loss: 1.37799756053889
2024-06-19 00:32:30 - INFO - Epoch 465/1200, Loss: 1.3599721251767045
2024-06-19 00:32:41 - INFO - Epoch 466/1200, Loss: 1.585860361611223
2024-06-19 00:32:52 - INFO - Epoch 467/1200, Loss: 1.538905559975649
2024-06-19 00:33:02 - INFO - Epoch 468/1200, Loss: 1.3660127666573618
2024-06-19 00:33:13 - INFO - Epoch 469/1200, Loss: 1.5399059378906301
2024-06-19 00:33:24 - INFO - Epoch 470/1200, Loss: 1.3688109586148594
2024-06-19 00:33:34 - INFO - Epoch 471/1200, Loss: 1.3534390883166902
2024-06-19 00:33:45 - INFO - Epoch 472/1200, Loss: 1.3706919891378877
2024-06-19 00:33:55 - INFO - Epoch 473/1200, Loss: 1.3816253479369454
2024-06-19 00:34:05 - INFO - Epoch 474/1200, Loss: 1.4097754885277831
2024-06-19 00:34:16 - INFO - Epoch 475/1200, Loss: 1.3836580320353933
2024-06-19 00:34:27 - INFO - Epoch 476/1200, Loss: 1.4031455398093529
2024-06-19 00:34:38 - INFO - Epoch 477/1200, Loss: 1.3896861509031007
2024-06-19 00:34:49 - INFO - Epoch 478/1200, Loss: 1.4747526939125932
2024-06-19 00:34:59 - INFO - Epoch 479/1200, Loss: 1.3609260614128984
2024-06-19 00:35:10 - INFO - Epoch 480/1200, Loss: 1.3644142170328755
2024-06-19 00:35:20 - INFO - Epoch 481/1200, Loss: 1.3905006124900927
2024-06-19 00:35:32 - INFO - Epoch 482/1200, Loss: 1.5315880489555154
2024-06-19 00:35:43 - INFO - Epoch 483/1200, Loss: 1.379991170259437
2024-06-19 00:35:54 - INFO - Epoch 484/1200, Loss: 1.3804615439078867
2024-06-19 00:36:06 - INFO - Epoch 485/1200, Loss: 1.3865226458645385
2024-06-19 00:36:17 - INFO - Epoch 486/1200, Loss: 1.403664406432116
2024-06-19 00:36:28 - INFO - Epoch 487/1200, Loss: 1.3457649631025468
2024-06-19 00:36:38 - INFO - Epoch 488/1200, Loss: 1.463003445712281
2024-06-19 00:36:49 - INFO - Epoch 489/1200, Loss: 1.3724383066811334
2024-06-19 00:36:59 - INFO - Epoch 490/1200, Loss: 1.4380625504743203
2024-06-19 00:37:10 - INFO - Epoch 491/1200, Loss: 1.3956106238225423
2024-06-19 00:37:20 - INFO - Epoch 492/1200, Loss: 1.3574106341570495
2024-06-19 00:37:31 - INFO - Epoch 493/1200, Loss: 1.406258758875259
2024-06-19 00:37:41 - INFO - Epoch 494/1200, Loss: 1.3679006411203285
2024-06-19 00:37:51 - INFO - Epoch 495/1200, Loss: 1.6050124163242616
2024-06-19 00:38:02 - INFO - Epoch 496/1200, Loss: 1.3899947769643095
2024-06-19 00:38:13 - INFO - Epoch 497/1200, Loss: 1.3831175876460038
2024-06-19 00:38:24 - INFO - Epoch 498/1200, Loss: 1.3604895842475428
2024-06-19 00:38:35 - INFO - Epoch 499/1200, Loss: 1.4229015836166892
2024-06-19 00:38:45 - INFO - Epoch 500/1200, Loss: 1.397353183620285
2024-06-19 00:38:56 - INFO - Epoch 501/1200, Loss: 1.3487267260651086
2024-06-19 00:39:06 - INFO - Epoch 502/1200, Loss: 1.359945849464544
2024-06-19 00:39:17 - INFO - Epoch 503/1200, Loss: 1.4787992560087164
2024-06-19 00:39:27 - INFO - Epoch 504/1200, Loss: 1.3619541136012585
2024-06-19 00:39:38 - INFO - Epoch 505/1200, Loss: 1.520554809694326
2024-06-19 00:39:49 - INFO - Epoch 506/1200, Loss: 1.3392784709307137
2024-06-19 00:39:59 - INFO - Epoch 507/1200, Loss: 1.4044536633666107
2024-06-19 00:40:10 - INFO - Epoch 508/1200, Loss: 1.3606533037495736
2024-06-19 00:40:21 - INFO - Epoch 509/1200, Loss: 1.36650286019832
2024-06-19 00:40:31 - INFO - Epoch 510/1200, Loss: 1.374314963960284
2024-06-19 00:40:41 - INFO - Epoch 511/1200, Loss: 1.379913872068122
2024-06-19 00:40:52 - INFO - Epoch 512/1200, Loss: 1.441532394632005
2024-06-19 00:41:03 - INFO - Epoch 513/1200, Loss: 1.3479509670293432
2024-06-19 00:41:13 - INFO - Epoch 514/1200, Loss: 1.4347735550626022
2024-06-19 00:41:24 - INFO - Epoch 515/1200, Loss: 1.4362576332450472
2024-06-19 00:41:35 - INFO - Epoch 516/1200, Loss: 1.3643843573375887
2024-06-19 00:41:46 - INFO - Epoch 517/1200, Loss: 1.4060962415692397
2024-06-19 00:41:58 - INFO - Epoch 518/1200, Loss: 1.3476816904829583
2024-06-19 00:42:10 - INFO - Epoch 519/1200, Loss: 1.3659994375607951
2024-06-19 00:42:21 - INFO - Epoch 520/1200, Loss: 1.409711016730019
2024-06-19 00:42:31 - INFO - Epoch 521/1200, Loss: 1.3740532022581347
2024-06-19 00:42:42 - INFO - Epoch 522/1200, Loss: 1.4182356108832501
2024-06-19 00:42:53 - INFO - Epoch 523/1200, Loss: 1.4083155191261079
2024-06-19 00:43:03 - INFO - Epoch 524/1200, Loss: 1.3586410634028818
2024-06-19 00:43:13 - INFO - Epoch 525/1200, Loss: 1.3957256895156605
2024-06-19 00:43:23 - INFO - Epoch 526/1200, Loss: 1.4409063650877059
2024-06-19 00:43:34 - INFO - Epoch 527/1200, Loss: 1.400405820119898
2024-06-19 00:43:44 - INFO - Epoch 528/1200, Loss: 1.3291036434364591
2024-06-19 00:43:55 - INFO - Epoch 529/1200, Loss: 1.3685451651466767
2024-06-19 00:44:06 - INFO - Epoch 530/1200, Loss: 1.3803168942349473
2024-06-19 00:44:17 - INFO - Epoch 531/1200, Loss: 1.367335934181379
2024-06-19 00:44:28 - INFO - Epoch 532/1200, Loss: 1.4608337964267073
2024-06-19 00:44:39 - INFO - Epoch 533/1200, Loss: 1.3596905727341702
2024-06-19 00:44:50 - INFO - Epoch 534/1200, Loss: 1.6662050397504806
2024-06-19 00:45:01 - INFO - Epoch 535/1200, Loss: 1.3886070548947793
2024-06-19 00:45:12 - INFO - Epoch 536/1200, Loss: 2.3151482698481067
2024-06-19 00:45:22 - INFO - Epoch 537/1200, Loss: 1.375731982283472
2024-06-19 00:45:33 - INFO - Epoch 538/1200, Loss: 1.355521848855843
2024-06-19 00:45:44 - INFO - Epoch 539/1200, Loss: 1.3852585828041635
2024-06-19 00:45:54 - INFO - Epoch 540/1200, Loss: 1.370461649255917
2024-06-19 00:46:05 - INFO - Epoch 541/1200, Loss: 1.3765447944415163
2024-06-19 00:46:15 - INFO - Epoch 542/1200, Loss: 1.5918889920016532
2024-06-19 00:46:26 - INFO - Epoch 543/1200, Loss: 1.3353305450017963
2024-06-19 00:46:37 - INFO - Epoch 544/1200, Loss: 1.3540015426971188
2024-06-19 00:46:47 - INFO - Epoch 545/1200, Loss: 1.3796672148709073
2024-06-19 00:46:58 - INFO - Epoch 546/1200, Loss: 1.4054506796122161
2024-06-19 00:47:08 - INFO - Epoch 547/1200, Loss: 1.3640751788507903
2024-06-19 00:47:19 - INFO - Epoch 548/1200, Loss: 1.3793133573818477
2024-06-19 00:47:30 - INFO - Epoch 549/1200, Loss: 1.3690144157872919
2024-06-19 00:47:42 - INFO - Epoch 550/1200, Loss: 2.140167694845853
2024-06-19 00:47:53 - INFO - Epoch 551/1200, Loss: 1.379738202643839
2024-06-19 00:48:04 - INFO - Epoch 552/1200, Loss: 1.4261782133670131
2024-06-19 00:48:15 - INFO - Epoch 553/1200, Loss: 1.3984659119213785
2024-06-19 00:48:26 - INFO - Epoch 554/1200, Loss: 1.5041328396047113
2024-06-19 00:48:36 - INFO - Epoch 555/1200, Loss: 1.3947289080038643
2024-06-19 00:48:47 - INFO - Epoch 556/1200, Loss: 1.398347555100433
2024-06-19 00:48:57 - INFO - Epoch 557/1200, Loss: 1.41905102569156
2024-06-19 00:49:07 - INFO - Epoch 558/1200, Loss: 1.3840891995761582
2024-06-19 00:49:18 - INFO - Epoch 559/1200, Loss: 1.4092531859319213
2024-06-19 00:49:29 - INFO - Epoch 560/1200, Loss: 1.34603130501284
2024-06-19 00:49:39 - INFO - Epoch 561/1200, Loss: 1.5207161018357795
2024-06-19 00:49:49 - INFO - Epoch 562/1200, Loss: 1.4903889607946528
2024-06-19 00:50:00 - INFO - Epoch 563/1200, Loss: 1.3806209276605075
2024-06-19 00:50:12 - INFO - Epoch 564/1200, Loss: 1.3462931472046717
2024-06-19 00:50:22 - INFO - Epoch 565/1200, Loss: 1.6017060222476756
2024-06-19 00:50:33 - INFO - Epoch 566/1200, Loss: 1.3498058704874847
2024-06-19 00:50:44 - INFO - Epoch 567/1200, Loss: 1.54138249586091
2024-06-19 00:50:55 - INFO - Epoch 568/1200, Loss: 1.3441408067001035
2024-06-19 00:51:05 - INFO - Epoch 569/1200, Loss: 1.391281205652892
2024-06-19 00:51:17 - INFO - Epoch 570/1200, Loss: 1.6573136969046662
2024-06-19 00:51:27 - INFO - Epoch 571/1200, Loss: 1.420769656529593
2024-06-19 00:51:38 - INFO - Epoch 572/1200, Loss: 1.3769228618325524
2024-06-19 00:51:49 - INFO - Epoch 573/1200, Loss: 1.7797385975721962
2024-06-19 00:51:59 - INFO - Epoch 574/1200, Loss: 1.3674453833551137
2024-06-19 00:52:10 - INFO - Epoch 575/1200, Loss: 1.385120146799768
2024-06-19 00:52:20 - INFO - Epoch 576/1200, Loss: 1.585787049151861
2024-06-19 00:52:31 - INFO - Epoch 577/1200, Loss: 1.3433579399995446
2024-06-19 00:52:41 - INFO - Epoch 578/1200, Loss: 1.4295529204172297
2024-06-19 00:52:52 - INFO - Epoch 579/1200, Loss: 1.4461203570568273
2024-06-19 00:53:02 - INFO - Epoch 580/1200, Loss: 1.3480887911295683
2024-06-19 00:53:13 - INFO - Epoch 581/1200, Loss: 1.4167644670998951
2024-06-19 00:53:24 - INFO - Epoch 582/1200, Loss: 1.44828282360867
2024-06-19 00:53:36 - INFO - Epoch 583/1200, Loss: 1.4045749999752815
2024-06-19 00:53:47 - INFO - Epoch 584/1200, Loss: 1.3758030903531668
2024-06-19 00:53:58 - INFO - Epoch 585/1200, Loss: 1.3867636414932494
2024-06-19 00:54:09 - INFO - Epoch 586/1200, Loss: 1.4811734356031487
2024-06-19 00:54:19 - INFO - Epoch 587/1200, Loss: 1.3728658812736936
2024-06-19 00:54:30 - INFO - Epoch 588/1200, Loss: 1.4043894714438998
2024-06-19 00:54:40 - INFO - Epoch 589/1200, Loss: 1.4139704514523959
2024-06-19 00:54:51 - INFO - Epoch 590/1200, Loss: 1.4417097899062428
2024-06-19 00:55:01 - INFO - Epoch 591/1200, Loss: 1.3868792145531397
2024-06-19 00:55:12 - INFO - Epoch 592/1200, Loss: 1.535489663289846
2024-06-19 00:55:23 - INFO - Epoch 593/1200, Loss: 1.401269641171294
2024-06-19 00:55:33 - INFO - Epoch 594/1200, Loss: 1.4496502297163862
2024-06-19 00:55:43 - INFO - Epoch 595/1200, Loss: 1.359570742625935
2024-06-19 00:55:54 - INFO - Epoch 596/1200, Loss: 1.3814622475039438
2024-06-19 00:56:04 - INFO - Epoch 597/1200, Loss: 1.3500854872855959
2024-06-19 00:56:15 - INFO - Epoch 598/1200, Loss: 1.4075176508496596
2024-06-19 00:56:26 - INFO - Epoch 599/1200, Loss: 1.3491527781334458
2024-06-19 00:56:37 - INFO - Epoch 600/1200, Loss: 1.389300571014729
2024-06-19 00:56:48 - INFO - Epoch 601/1200, Loss: 1.362076170591166
2024-06-19 00:56:58 - INFO - Epoch 602/1200, Loss: 1.375921910684522
2024-06-19 00:57:09 - INFO - Epoch 603/1200, Loss: 1.3848215268312436
2024-06-19 00:57:20 - INFO - Epoch 604/1200, Loss: 1.418585419369471
2024-06-19 00:57:31 - INFO - Epoch 605/1200, Loss: 1.4123505980118556
2024-06-19 00:57:42 - INFO - Epoch 606/1200, Loss: 1.3764117988034177
2024-06-19 00:57:53 - INFO - Epoch 607/1200, Loss: 1.3744297401290977
2024-06-19 00:58:03 - INFO - Epoch 608/1200, Loss: 1.4351164210124179
2024-06-19 00:58:14 - INFO - Epoch 609/1200, Loss: 1.5555119535494442
2024-06-19 00:58:25 - INFO - Epoch 610/1200, Loss: 1.466855724677544
2024-06-19 00:58:36 - INFO - Epoch 611/1200, Loss: 1.3747358625694193
2024-06-19 00:58:47 - INFO - Epoch 612/1200, Loss: 1.944828484991308
2024-06-19 00:58:57 - INFO - Epoch 613/1200, Loss: 1.418299815808026
2024-06-19 00:59:07 - INFO - Epoch 614/1200, Loss: 1.4955892408472642
2024-06-19 00:59:18 - INFO - Epoch 615/1200, Loss: 1.5166975023390408
2024-06-19 00:59:29 - INFO - Epoch 616/1200, Loss: 1.4038501746821967
2024-06-19 00:59:40 - INFO - Epoch 617/1200, Loss: 1.3682567562776502
2024-06-19 00:59:52 - INFO - Epoch 618/1200, Loss: 1.6107321837171928
2024-06-19 01:00:04 - INFO - Epoch 619/1200, Loss: 1.4159459271136396
2024-06-19 01:00:15 - INFO - Epoch 620/1200, Loss: 1.399986902027678
2024-06-19 01:00:26 - INFO - Epoch 621/1200, Loss: 1.4316443869582514
2024-06-19 01:00:37 - INFO - Epoch 622/1200, Loss: 3.1892502155063687
2024-06-19 01:00:47 - INFO - Epoch 623/1200, Loss: 1.3759784836713247
2024-06-19 01:00:57 - INFO - Epoch 624/1200, Loss: 1.4064282491461688
2024-06-19 01:01:08 - INFO - Epoch 625/1200, Loss: 1.4289395567131016
2024-06-19 01:01:19 - INFO - Epoch 626/1200, Loss: 1.413582564026432
2024-06-19 01:01:29 - INFO - Epoch 627/1200, Loss: 1.4627958748323207
2024-06-19 01:01:40 - INFO - Epoch 628/1200, Loss: 1.3428662284804882
2024-06-19 01:01:51 - INFO - Epoch 629/1200, Loss: 1.406611859539377
2024-06-19 01:02:02 - INFO - Epoch 630/1200, Loss: 1.3547626490573672
2024-06-19 01:02:13 - INFO - Epoch 631/1200, Loss: 1.3370131690543283
2024-06-19 01:02:24 - INFO - Epoch 632/1200, Loss: 1.432417342773415
2024-06-19 01:02:35 - INFO - Epoch 633/1200, Loss: 1.4186485408462142
2024-06-19 01:02:46 - INFO - Epoch 634/1200, Loss: 1.4089006710158052
2024-06-19 01:02:56 - INFO - Epoch 635/1200, Loss: 1.358213552007093
2024-06-19 01:03:08 - INFO - Epoch 636/1200, Loss: 1.3507057764978139
2024-06-19 01:03:19 - INFO - Epoch 637/1200, Loss: 1.396988418731974
2024-06-19 01:03:30 - INFO - Epoch 638/1200, Loss: 1.36050068585437
2024-06-19 01:03:41 - INFO - Epoch 639/1200, Loss: 1.7006207530160375
2024-06-19 01:03:52 - INFO - Epoch 640/1200, Loss: 1.3593081591524174
2024-06-19 01:04:02 - INFO - Epoch 641/1200, Loss: 1.472615255943453
2024-06-19 01:04:13 - INFO - Epoch 642/1200, Loss: 1.4392945232852612
2024-06-19 01:04:24 - INFO - Epoch 643/1200, Loss: 1.3752402011480855
2024-06-19 01:04:34 - INFO - Epoch 644/1200, Loss: 1.3742824956772635
2024-06-19 01:04:46 - INFO - Epoch 645/1200, Loss: 1.3921350970603164
2024-06-19 01:04:56 - INFO - Epoch 646/1200, Loss: 1.3967602991528054
2024-06-19 01:05:07 - INFO - Epoch 647/1200, Loss: 1.4111528341179915
2024-06-19 01:05:18 - INFO - Epoch 648/1200, Loss: 1.9862044818042373
2024-06-19 01:05:30 - INFO - Epoch 649/1200, Loss: 1.3640523528332924
2024-06-19 01:05:41 - INFO - Epoch 650/1200, Loss: 1.3783146885627984
2024-06-19 01:05:53 - INFO - Epoch 651/1200, Loss: 1.3511372008153775
2024-06-19 01:06:04 - INFO - Epoch 652/1200, Loss: 1.4179700278453966
2024-06-19 01:06:16 - INFO - Epoch 653/1200, Loss: 1.4275255799598288
2024-06-19 01:06:26 - INFO - Epoch 654/1200, Loss: 1.3716156084251687
2024-06-19 01:06:37 - INFO - Epoch 655/1200, Loss: 1.3772895297417662
2024-06-19 01:06:47 - INFO - Epoch 656/1200, Loss: 1.4115454418879863
2024-06-19 01:06:57 - INFO - Epoch 657/1200, Loss: 1.358327351999888
2024-06-19 01:07:07 - INFO - Epoch 658/1200, Loss: 1.3635233947885579
2024-06-19 01:07:18 - INFO - Epoch 659/1200, Loss: 1.3905421440135772
2024-06-19 01:07:28 - INFO - Epoch 660/1200, Loss: 1.3500401701163265
2024-06-19 01:07:38 - INFO - Epoch 661/1200, Loss: 1.3714651183670203
2024-06-19 01:07:49 - INFO - Epoch 662/1200, Loss: 1.3599264788305123
2024-06-19 01:08:00 - INFO - Epoch 663/1200, Loss: 1.3531056752166328
2024-06-19 01:08:11 - INFO - Epoch 664/1200, Loss: 1.411804265115504
2024-06-19 01:08:22 - INFO - Epoch 665/1200, Loss: 1.3647784122788789
2024-06-19 01:08:32 - INFO - Epoch 666/1200, Loss: 1.3848550643060007
2024-06-19 01:08:43 - INFO - Epoch 667/1200, Loss: 1.371147361919038
2024-06-19 01:08:53 - INFO - Epoch 668/1200, Loss: 1.372341047167052
2024-06-19 01:09:04 - INFO - Epoch 669/1200, Loss: 1.4635161450233596
2024-06-19 01:09:15 - INFO - Epoch 670/1200, Loss: 1.3521515648467977
2024-06-19 01:09:26 - INFO - Epoch 671/1200, Loss: 1.4055246796639225
2024-06-19 01:09:37 - INFO - Epoch 672/1200, Loss: 1.3563164879031933
2024-06-19 01:09:48 - INFO - Epoch 673/1200, Loss: 1.4571839182417756
2024-06-19 01:09:58 - INFO - Epoch 674/1200, Loss: 1.3269203124737654
2024-06-19 01:10:09 - INFO - Epoch 675/1200, Loss: 1.4986430436936582
2024-06-19 01:10:19 - INFO - Epoch 676/1200, Loss: 1.636801759951928
2024-06-19 01:10:30 - INFO - Epoch 677/1200, Loss: 1.3899537113547598
2024-06-19 01:10:41 - INFO - Epoch 678/1200, Loss: 1.344525845367329
2024-06-19 01:10:51 - INFO - Epoch 679/1200, Loss: 1.366991271330091
2024-06-19 01:11:02 - INFO - Epoch 680/1200, Loss: 1.399747731409905
2024-06-19 01:11:12 - INFO - Epoch 681/1200, Loss: 1.6042188532054438
2024-06-19 01:11:23 - INFO - Epoch 682/1200, Loss: 1.3372933798347653
2024-06-19 01:11:33 - INFO - Epoch 683/1200, Loss: 1.3813541714286104
2024-06-19 01:11:44 - INFO - Epoch 684/1200, Loss: 1.5304448237737973
2024-06-19 01:11:56 - INFO - Epoch 685/1200, Loss: 1.353318997775805
2024-06-19 01:12:07 - INFO - Epoch 686/1200, Loss: 1.336668029939403
2024-06-19 01:12:19 - INFO - Epoch 687/1200, Loss: 1.3720701285742463
2024-06-19 01:12:29 - INFO - Epoch 688/1200, Loss: 1.3466553594291069
2024-06-19 01:12:40 - INFO - Epoch 689/1200, Loss: 1.3792292365650805
2024-06-19 01:12:50 - INFO - Epoch 690/1200, Loss: 1.419584563357757
2024-06-19 01:13:01 - INFO - Epoch 691/1200, Loss: 1.4106787948580026
2024-06-19 01:13:11 - INFO - Epoch 692/1200, Loss: 1.3521061071790352
2024-06-19 01:13:22 - INFO - Epoch 693/1200, Loss: 1.3849851580636525
2024-06-19 01:13:32 - INFO - Epoch 694/1200, Loss: 1.4429207885358997
2024-06-19 01:13:43 - INFO - Epoch 695/1200, Loss: 1.3392401151672508
2024-06-19 01:13:53 - INFO - Epoch 696/1200, Loss: 1.351372656911613
2024-06-19 01:14:04 - INFO - Epoch 697/1200, Loss: 1.3707091061245396
2024-06-19 01:14:15 - INFO - Epoch 698/1200, Loss: 1.6583846827650073
2024-06-19 01:14:26 - INFO - Epoch 699/1200, Loss: 1.35221458785106
2024-06-19 01:14:36 - INFO - Epoch 700/1200, Loss: 1.3278995054785978
2024-06-19 01:14:47 - INFO - Epoch 701/1200, Loss: 1.338732814387717
2024-06-19 01:14:58 - INFO - Epoch 702/1200, Loss: 1.3734314767008728
2024-06-19 01:15:09 - INFO - Epoch 703/1200, Loss: 1.3575445329944043
2024-06-19 01:15:20 - INFO - Epoch 704/1200, Loss: 1.3681911885203641
2024-06-19 01:15:30 - INFO - Epoch 705/1200, Loss: 1.3608081919104187
2024-06-19 01:15:41 - INFO - Epoch 706/1200, Loss: 1.3868534782577502
2024-06-19 01:15:52 - INFO - Epoch 707/1200, Loss: 1.395003292084638
2024-06-19 01:16:02 - INFO - Epoch 708/1200, Loss: 1.356115498274533
2024-06-19 01:16:13 - INFO - Epoch 709/1200, Loss: 1.3935412438611896
2024-06-19 01:16:24 - INFO - Epoch 710/1200, Loss: 1.3560388665903464
2024-06-19 01:16:35 - INFO - Epoch 711/1200, Loss: 1.3516908331556376
2024-06-19 01:16:45 - INFO - Epoch 712/1200, Loss: 1.4556132899841017
2024-06-19 01:16:56 - INFO - Epoch 713/1200, Loss: 1.3279664722140827
2024-06-19 01:17:07 - INFO - Epoch 714/1200, Loss: 1.3743908148743267
2024-06-19 01:17:18 - INFO - Epoch 715/1200, Loss: 1.4522710334682256
2024-06-19 01:17:29 - INFO - Epoch 716/1200, Loss: 1.4659713419960454
2024-06-19 01:17:40 - INFO - Epoch 717/1200, Loss: 1.3894589495549157
2024-06-19 01:17:51 - INFO - Epoch 718/1200, Loss: 1.402883493218169
2024-06-19 01:18:02 - INFO - Epoch 719/1200, Loss: 1.3312644772448035
2024-06-19 01:18:13 - INFO - Epoch 720/1200, Loss: 1.4105011911448289
2024-06-19 01:18:23 - INFO - Epoch 721/1200, Loss: 1.3483068405510337
2024-06-19 01:18:34 - INFO - Epoch 722/1200, Loss: 1.5461099715360964
2024-06-19 01:18:45 - INFO - Epoch 723/1200, Loss: 1.4625558228620852
2024-06-19 01:18:55 - INFO - Epoch 724/1200, Loss: 1.4998936603418183
2024-06-19 01:19:06 - INFO - Epoch 725/1200, Loss: 3.2310947241357795
2024-06-19 01:19:16 - INFO - Epoch 726/1200, Loss: 1.3844233716885725
2024-06-19 01:19:26 - INFO - Epoch 727/1200, Loss: 1.3889701047773968
2024-06-19 01:19:36 - INFO - Epoch 728/1200, Loss: 1.619678991146679
2024-06-19 01:19:47 - INFO - Epoch 729/1200, Loss: 1.3445646760666026
2024-06-19 01:19:58 - INFO - Epoch 730/1200, Loss: 1.4268473041349612
2024-06-19 01:20:09 - INFO - Epoch 731/1200, Loss: 1.3809053821886887
2024-06-19 01:20:20 - INFO - Epoch 732/1200, Loss: 1.3562816715523638
2024-06-19 01:20:31 - INFO - Epoch 733/1200, Loss: 1.450672037200948
2024-06-19 01:20:41 - INFO - Epoch 734/1200, Loss: 1.3478032858217244
2024-06-19 01:20:52 - INFO - Epoch 735/1200, Loss: 1.6669421686718544
2024-06-19 01:21:03 - INFO - Epoch 736/1200, Loss: 1.3915613779727758
2024-06-19 01:21:14 - INFO - Epoch 737/1200, Loss: 1.3884842998949447
2024-06-19 01:21:24 - INFO - Epoch 738/1200, Loss: 1.5569733910891865
2024-06-19 01:21:35 - INFO - Epoch 739/1200, Loss: 1.371969637276543
2024-06-19 01:21:47 - INFO - Epoch 740/1200, Loss: 1.4199572430851457
2024-06-19 01:21:57 - INFO - Epoch 741/1200, Loss: 1.3739942226364805
2024-06-19 01:22:07 - INFO - Epoch 742/1200, Loss: 1.6722245106458586
2024-06-19 01:22:17 - INFO - Epoch 743/1200, Loss: 1.4298547527887928
2024-06-19 01:22:28 - INFO - Epoch 744/1200, Loss: 1.389891138833387
2024-06-19 01:22:39 - INFO - Epoch 745/1200, Loss: 1.3954100112619026
2024-06-19 01:22:49 - INFO - Epoch 746/1200, Loss: 1.401116691254419
2024-06-19 01:23:00 - INFO - Epoch 747/1200, Loss: 1.3477356834031047
2024-06-19 01:23:14 - INFO - Epoch 748/1200, Loss: 1.359619119925595
2024-06-19 01:23:30 - INFO - Epoch 749/1200, Loss: 1.5050404568942684
2024-06-19 01:23:44 - INFO - Epoch 750/1200, Loss: 1.3812585386755365
2024-06-19 01:23:58 - INFO - Epoch 751/1200, Loss: 1.4535490495248835
2024-06-19 01:24:12 - INFO - Epoch 752/1200, Loss: 1.3912428057809392
2024-06-19 01:24:27 - INFO - Epoch 753/1200, Loss: 1.839610005662968
2024-06-19 01:24:41 - INFO - Epoch 754/1200, Loss: 1.9109800917408608
2024-06-19 01:24:56 - INFO - Epoch 755/1200, Loss: 1.4078340809952457
2024-06-19 01:25:10 - INFO - Epoch 756/1200, Loss: 1.381739368082916
2024-06-19 01:25:24 - INFO - Epoch 757/1200, Loss: 1.6453182508809925
2024-06-19 01:25:38 - INFO - Epoch 758/1200, Loss: 1.48312931081737
2024-06-19 01:25:52 - INFO - Epoch 759/1200, Loss: 1.4000345377921393
2024-06-19 01:26:06 - INFO - Epoch 760/1200, Loss: 1.4573597088272598
2024-06-19 01:26:20 - INFO - Epoch 761/1200, Loss: 1.7433434389145455
2024-06-19 01:26:35 - INFO - Epoch 762/1200, Loss: 1.4823999858792454
2024-06-19 01:26:50 - INFO - Epoch 763/1200, Loss: 1.3855807601571588
2024-06-19 01:27:05 - INFO - Epoch 764/1200, Loss: 1.37700731820909
2024-06-19 01:27:19 - INFO - Epoch 765/1200, Loss: 1.4334077687519051
2024-06-19 01:27:33 - INFO - Epoch 766/1200, Loss: 1.3870929945591897
2024-06-19 01:27:47 - INFO - Epoch 767/1200, Loss: 1.4303568740306205
2024-06-19 01:28:01 - INFO - Epoch 768/1200, Loss: 1.3770354690287108
2024-06-19 01:28:15 - INFO - Epoch 769/1200, Loss: 1.4057863322876047
2024-06-19 01:28:29 - INFO - Epoch 770/1200, Loss: 1.3994261940636186
2024-06-19 01:28:43 - INFO - Epoch 771/1200, Loss: 1.5558289123568936
2024-06-19 01:28:58 - INFO - Epoch 772/1200, Loss: 1.393711899960772
2024-06-19 01:29:12 - INFO - Epoch 773/1200, Loss: 1.6012556753841032
2024-06-19 01:29:26 - INFO - Epoch 774/1200, Loss: 1.388785118591346
2024-06-19 01:29:40 - INFO - Epoch 775/1200, Loss: 2.0865098763635976
2024-06-19 01:29:55 - INFO - Epoch 776/1200, Loss: 3.2809874950490148
2024-06-19 01:30:09 - INFO - Epoch 777/1200, Loss: 1.5329621550896972
2024-06-19 01:30:23 - INFO - Epoch 778/1200, Loss: 1.452674420889089
2024-06-19 01:30:38 - INFO - Epoch 779/1200, Loss: 1.4376120484254713
2024-06-19 01:30:52 - INFO - Epoch 780/1200, Loss: 1.4223150133294207
2024-06-19 01:31:06 - INFO - Epoch 781/1200, Loss: 1.4410433052241463
2024-06-19 01:31:20 - INFO - Epoch 782/1200, Loss: 1.8243158981650798
2024-06-19 01:31:34 - INFO - Epoch 783/1200, Loss: 1.3841234198438293
2024-06-19 01:31:48 - INFO - Epoch 784/1200, Loss: 1.38354122418437
2024-06-19 01:32:03 - INFO - Epoch 785/1200, Loss: 1.3770820742753274
2024-06-19 01:32:17 - INFO - Epoch 786/1200, Loss: 1.379219727863501
2024-06-19 01:32:32 - INFO - Epoch 787/1200, Loss: 2.243526610449058
2024-06-19 01:32:46 - INFO - Epoch 788/1200, Loss: 1.3828958991580953
2024-06-19 01:33:00 - INFO - Epoch 789/1200, Loss: 1.4052939537800224
2024-06-19 01:33:14 - INFO - Epoch 790/1200, Loss: 1.468367048283587
2024-06-19 01:33:29 - INFO - Epoch 791/1200, Loss: 1.4013456414391217
2024-06-19 01:33:43 - INFO - Epoch 792/1200, Loss: 1.3738113502569955
2024-06-19 01:33:57 - INFO - Epoch 793/1200, Loss: 1.4280391913801758
2024-06-19 01:34:12 - INFO - Epoch 794/1200, Loss: 1.393715031300607
2024-06-19 01:34:26 - INFO - Epoch 795/1200, Loss: 1.572319427167378
2024-06-19 01:34:40 - INFO - Epoch 796/1200, Loss: 1.511654391275957
2024-06-19 01:34:55 - INFO - Epoch 797/1200, Loss: 1.3960188245976126
2024-06-19 01:35:09 - INFO - Epoch 798/1200, Loss: 1.371142831891228
2024-06-19 01:35:23 - INFO - Epoch 799/1200, Loss: 1.4055901472302421
2024-06-19 01:35:37 - INFO - Epoch 800/1200, Loss: 1.391140142106857
2024-06-19 01:35:52 - INFO - Epoch 801/1200, Loss: 1.388370975431569
2024-06-19 01:36:06 - INFO - Epoch 802/1200, Loss: 1.6483493839293042
2024-06-19 01:36:20 - INFO - Epoch 803/1200, Loss: 1.4018215610049722
2024-06-19 01:36:34 - INFO - Epoch 804/1200, Loss: 1.4459668108538448
2024-06-19 01:36:48 - INFO - Epoch 805/1200, Loss: 1.411360356247265
2024-06-19 01:37:03 - INFO - Epoch 806/1200, Loss: 1.424415455640612
2024-06-19 01:37:17 - INFO - Epoch 807/1200, Loss: 1.3906739377351518
2024-06-19 01:37:30 - INFO - Epoch 808/1200, Loss: 1.6366843020783548
2024-06-19 01:37:44 - INFO - Epoch 809/1200, Loss: 1.503597346605275
2024-06-19 01:37:59 - INFO - Epoch 810/1200, Loss: 1.4308317988253436
2024-06-19 01:38:13 - INFO - Epoch 811/1200, Loss: 1.6813789403838093
2024-06-19 01:38:28 - INFO - Epoch 812/1200, Loss: 1.4256210329184853
2024-06-19 01:38:42 - INFO - Epoch 813/1200, Loss: 1.5095813518393264
2024-06-19 01:38:56 - INFO - Epoch 814/1200, Loss: 1.8412035528056288
2024-06-19 01:39:10 - INFO - Epoch 815/1200, Loss: 1.438476470930553
2024-06-19 01:39:24 - INFO - Epoch 816/1200, Loss: 1.433931222111811
2024-06-19 01:39:38 - INFO - Epoch 817/1200, Loss: 1.6710274725666174
2024-06-19 01:39:52 - INFO - Epoch 818/1200, Loss: 1.4060073055488675
2024-06-19 01:40:07 - INFO - Epoch 819/1200, Loss: 1.441577199343463
2024-06-19 01:40:21 - INFO - Epoch 820/1200, Loss: 1.5533182319834304
2024-06-19 01:40:37 - INFO - Epoch 821/1200, Loss: 1.4204969174641475
2024-06-19 01:40:56 - INFO - Epoch 822/1200, Loss: 1.4969091143079678
2024-06-19 01:41:15 - INFO - Epoch 823/1200, Loss: 1.4041170071803037
