2024-07-10 23:23:49 - INFO - This log entry will go into a uniquely named file for this run.
2024-07-10 23:23:52 - INFO - Starting LSTM model training...
2024-07-10 23:23:55 - INFO - Epoch: 1/100, Training Loss: 0.69310691269991
2024-07-10 23:23:55 - INFO - Epoch: 1/100, Validation Loss: 0.6921323153490577, Accuracy: 52.11606146450339%
2024-07-10 23:23:57 - INFO - Epoch: 2/100, Training Loss: 0.6929028371888096
2024-07-10 23:23:57 - INFO - Epoch: 2/100, Validation Loss: 0.6928079382317965, Accuracy: 50.76830629238561%
2024-07-10 23:23:59 - INFO - Epoch: 3/100, Training Loss: 0.6928230335192426
2024-07-10 23:24:00 - INFO - Epoch: 3/100, Validation Loss: 0.6920307532685702, Accuracy: 52.11606146450339%
2024-07-10 23:24:02 - INFO - Epoch: 4/100, Training Loss: 0.6924344278330339
2024-07-10 23:24:02 - INFO - Epoch: 4/100, Validation Loss: 0.6917027349029082, Accuracy: 52.4851918619624%
2024-07-10 23:24:04 - INFO - Epoch: 5/100, Training Loss: 0.6676571502443531
2024-07-10 23:24:04 - INFO - Epoch: 5/100, Validation Loss: 0.6505384389819995, Accuracy: 58.382693793458664%
2024-07-10 23:24:07 - INFO - Epoch: 6/100, Training Loss: 0.6438534668607149
2024-07-10 23:24:07 - INFO - Epoch: 6/100, Validation Loss: 0.6399627738311643, Accuracy: 58.794746330157096%
2024-07-10 23:24:09 - INFO - Epoch: 7/100, Training Loss: 0.6411303239267713
2024-07-10 23:24:09 - INFO - Epoch: 7/100, Validation Loss: 0.6403031205870414, Accuracy: 59.45574727444416%
2024-07-10 23:24:11 - INFO - Epoch: 8/100, Training Loss: 0.6354620983244134
2024-07-10 23:24:12 - INFO - Epoch: 8/100, Validation Loss: 0.6343011820251173, Accuracy: 59.902137522534126%
2024-07-10 23:24:14 - INFO - Epoch: 9/100, Training Loss: 0.6181301374821342
2024-07-10 23:24:14 - INFO - Epoch: 9/100, Validation Loss: 0.6066870409282831, Accuracy: 62.59764786676968%
2024-07-10 23:24:16 - INFO - Epoch: 10/100, Training Loss: 0.6010762847173035
2024-07-10 23:24:16 - INFO - Epoch: 10/100, Validation Loss: 0.5975475705386512, Accuracy: 63.91106532749592%
2024-07-10 23:24:19 - INFO - Epoch: 11/100, Training Loss: 0.5967697231367292
2024-07-10 23:24:19 - INFO - Epoch: 11/100, Validation Loss: 0.59361912350837, Accuracy: 64.22868915786763%
2024-07-10 23:24:21 - INFO - Epoch: 12/100, Training Loss: 0.5919787045695981
2024-07-10 23:24:21 - INFO - Epoch: 12/100, Validation Loss: 0.5873410688723372, Accuracy: 65.00128766417718%
2024-07-10 23:24:23 - INFO - Epoch: 13/100, Training Loss: 0.5857140874829966
2024-07-10 23:24:24 - INFO - Epoch: 13/100, Validation Loss: 0.5839348080379715, Accuracy: 65.06996308696026%
2024-07-10 23:24:26 - INFO - Epoch: 14/100, Training Loss: 0.5882396976398342
2024-07-10 23:24:26 - INFO - Epoch: 14/100, Validation Loss: 0.5844590968447305, Accuracy: 65.07854751480814%
2024-07-10 23:24:28 - INFO - Epoch: 15/100, Training Loss: 0.5826506775756595
2024-07-10 23:24:29 - INFO - Epoch: 15/100, Validation Loss: 0.5807430994966643, Accuracy: 65.18156064898274%
2024-07-10 23:24:31 - INFO - Epoch: 16/100, Training Loss: 0.5818083527075083
2024-07-10 23:24:31 - INFO - Epoch: 16/100, Validation Loss: 0.5832996013386001, Accuracy: 64.94119666924199%
2024-07-10 23:24:33 - INFO - Epoch: 17/100, Training Loss: 0.5787493023198655
2024-07-10 23:24:33 - INFO - Epoch: 17/100, Validation Loss: 0.5789636134124193, Accuracy: 65.05279423126449%
2024-07-10 23:24:35 - INFO - Epoch: 18/100, Training Loss: 0.5733882878461165
2024-07-10 23:24:36 - INFO - Epoch: 18/100, Validation Loss: 0.566690082595648, Accuracy: 66.3747961198386%
2024-07-10 23:24:38 - INFO - Epoch: 19/100, Training Loss: 0.5615752915786617
2024-07-10 23:24:38 - INFO - Epoch: 19/100, Validation Loss: 0.559606877913892, Accuracy: 66.271782985664%
2024-07-10 23:24:40 - INFO - Epoch: 20/100, Training Loss: 0.5545413203036671
2024-07-10 23:24:40 - INFO - Epoch: 20/100, Validation Loss: 0.5593206348314963, Accuracy: 67.58520044639025%
2024-07-10 23:24:43 - INFO - Epoch: 21/100, Training Loss: 0.5516886050073208
2024-07-10 23:24:43 - INFO - Epoch: 21/100, Validation Loss: 0.5483458094258126, Accuracy: 68.0916816894154%
2024-07-10 23:24:45 - INFO - Epoch: 22/100, Training Loss: 0.5407992710956003
2024-07-10 23:24:45 - INFO - Epoch: 22/100, Validation Loss: 0.5396528322188581, Accuracy: 67.94574641600137%
2024-07-10 23:24:47 - INFO - Epoch: 23/100, Training Loss: 0.5292818175912394
2024-07-10 23:24:48 - INFO - Epoch: 23/100, Validation Loss: 0.5219680603410377, Accuracy: 69.13898188685724%
2024-07-10 23:24:50 - INFO - Epoch: 24/100, Training Loss: 0.5217703151195955
2024-07-10 23:24:50 - INFO - Epoch: 24/100, Validation Loss: 0.5163073174329729, Accuracy: 69.27633273242338%
2024-07-10 23:24:52 - INFO - Epoch: 25/100, Training Loss: 0.5123961050323989
2024-07-10 23:24:53 - INFO - Epoch: 25/100, Validation Loss: 0.5058374081845166, Accuracy: 69.77422954760065%
2024-07-10 23:24:55 - INFO - Epoch: 26/100, Training Loss: 0.502489823658934
2024-07-10 23:24:55 - INFO - Epoch: 26/100, Validation Loss: 0.5024836286953319, Accuracy: 70.0661000944287%
2024-07-10 23:24:57 - INFO - Epoch: 27/100, Training Loss: 0.49950683971327847
2024-07-10 23:24:58 - INFO - Epoch: 27/100, Validation Loss: 0.5041479534912304, Accuracy: 70.34938621340888%
2024-07-10 23:25:00 - INFO - Epoch: 28/100, Training Loss: 0.49304681758821745
2024-07-10 23:25:00 - INFO - Epoch: 28/100, Validation Loss: 0.4919710766951569, Accuracy: 70.28929521847368%
2024-07-10 23:25:02 - INFO - Epoch: 29/100, Training Loss: 0.4906735433309003
2024-07-10 23:25:02 - INFO - Epoch: 29/100, Validation Loss: 0.4901216265088955, Accuracy: 70.2807107906258%
2024-07-10 23:25:05 - INFO - Epoch: 30/100, Training Loss: 0.4878509361884558
2024-07-10 23:25:05 - INFO - Epoch: 30/100, Validation Loss: 0.4840393217555324, Accuracy: 70.26354193493003%
2024-07-10 23:25:07 - INFO - Epoch: 31/100, Training Loss: 0.48519496985587235
2024-07-10 23:25:07 - INFO - Epoch: 31/100, Validation Loss: 0.48426652677316484, Accuracy: 70.5983346209975%
2024-07-10 23:25:10 - INFO - Epoch: 32/100, Training Loss: 0.48077396568120423
2024-07-10 23:25:10 - INFO - Epoch: 32/100, Validation Loss: 0.4791719581081934, Accuracy: 70.52965919821443%
2024-07-10 23:25:12 - INFO - Epoch: 33/100, Training Loss: 0.47653970281773633
2024-07-10 23:25:12 - INFO - Epoch: 33/100, Validation Loss: 0.47618048690015174, Accuracy: 70.61550347669328%
2024-07-10 23:25:14 - INFO - Epoch: 34/100, Training Loss: 0.47527882244197756
2024-07-10 23:25:15 - INFO - Epoch: 34/100, Validation Loss: 0.47373538392550146, Accuracy: 70.52107477036655%
2024-07-10 23:25:17 - INFO - Epoch: 35/100, Training Loss: 0.47018451336643496
2024-07-10 23:25:17 - INFO - Epoch: 35/100, Validation Loss: 0.4763127684547398, Accuracy: 70.14335994505966%
2024-07-10 23:25:19 - INFO - Epoch: 36/100, Training Loss: 0.47020377764485993
2024-07-10 23:25:20 - INFO - Epoch: 36/100, Validation Loss: 0.4704256842543926, Accuracy: 70.61550347669328%
2024-07-10 23:25:22 - INFO - Epoch: 37/100, Training Loss: 0.46510507593593153
2024-07-10 23:25:22 - INFO - Epoch: 37/100, Validation Loss: 0.4710046810573832, Accuracy: 70.83011417289038%
2024-07-10 23:25:24 - INFO - Epoch: 38/100, Training Loss: 0.4623467144243348
2024-07-10 23:25:24 - INFO - Epoch: 38/100, Validation Loss: 0.4687256173006783, Accuracy: 70.5468280539102%
2024-07-10 23:25:27 - INFO - Epoch: 39/100, Training Loss: 0.46017869554756435
2024-07-10 23:25:27 - INFO - Epoch: 39/100, Validation Loss: 0.4684839857375768, Accuracy: 70.34938621340888%
2024-07-10 23:25:29 - INFO - Epoch: 40/100, Training Loss: 0.45895817434346237
2024-07-10 23:25:29 - INFO - Epoch: 40/100, Validation Loss: 0.46482101956743727, Accuracy: 69.6969696969697%
2024-07-10 23:25:32 - INFO - Epoch: 41/100, Training Loss: 0.4556614889447745
2024-07-10 23:25:32 - INFO - Epoch: 41/100, Validation Loss: 0.46201761698164556, Accuracy: 70.7614387501073%
2024-07-10 23:25:34 - INFO - Epoch: 42/100, Training Loss: 0.4530874676338112
2024-07-10 23:25:34 - INFO - Epoch: 42/100, Validation Loss: 0.4604882396957354, Accuracy: 70.4953214868229%
2024-07-10 23:25:36 - INFO - Epoch: 43/100, Training Loss: 0.4498168578772551
2024-07-10 23:25:37 - INFO - Epoch: 43/100, Validation Loss: 0.46069558841097447, Accuracy: 70.15194437290755%
2024-07-10 23:25:39 - INFO - Epoch: 44/100, Training Loss: 0.44584496484862435
2024-07-10 23:25:39 - INFO - Epoch: 44/100, Validation Loss: 0.45496847883472474, Accuracy: 70.64984118808482%
2024-07-10 23:25:41 - INFO - Epoch: 45/100, Training Loss: 0.44663070733001037
2024-07-10 23:25:41 - INFO - Epoch: 45/100, Validation Loss: 0.45878520617585966, Accuracy: 69.87724268177526%
2024-07-10 23:25:43 - INFO - Epoch: 46/100, Training Loss: 0.4467882118679696
2024-07-10 23:25:44 - INFO - Epoch: 46/100, Validation Loss: 0.45463793652508755, Accuracy: 69.59395656279509%
2024-07-10 23:25:46 - INFO - Epoch: 47/100, Training Loss: 0.442774343433367
2024-07-10 23:25:46 - INFO - Epoch: 47/100, Validation Loss: 0.44667306697998665, Accuracy: 70.0145935273414%
2024-07-10 23:25:48 - INFO - Epoch: 48/100, Training Loss: 0.4403614445151289
2024-07-10 23:25:49 - INFO - Epoch: 48/100, Validation Loss: 0.4456557810664065, Accuracy: 70.35797064125676%
2024-07-10 23:25:51 - INFO - Epoch: 49/100, Training Loss: 0.437850156397813
2024-07-10 23:25:51 - INFO - Epoch: 49/100, Validation Loss: 0.45424597497451846, Accuracy: 70.40089278049618%
2024-07-10 23:25:53 - INFO - Epoch: 50/100, Training Loss: 0.4375295148873689
2024-07-10 23:25:53 - INFO - Epoch: 50/100, Validation Loss: 0.4465253801057064, Accuracy: 69.80856725899218%
2024-07-10 23:25:55 - INFO - Epoch: 51/100, Training Loss: 0.43597717669029784
2024-07-10 23:25:56 - INFO - Epoch: 51/100, Validation Loss: 0.4556226200237107, Accuracy: 70.45239934758348%
2024-07-10 23:25:58 - INFO - Epoch: 52/100, Training Loss: 0.4334151363013049
2024-07-10 23:25:58 - INFO - Epoch: 52/100, Validation Loss: 0.4448497214200627, Accuracy: 70.10902223366813%
2024-07-10 23:26:00 - INFO - Epoch: 53/100, Training Loss: 0.4335371968227813
2024-07-10 23:26:00 - INFO - Epoch: 53/100, Validation Loss: 0.44807556603018633, Accuracy: 70.13477551721178%
2024-07-10 23:26:03 - INFO - Epoch: 54/100, Training Loss: 0.4324330183867728
2024-07-10 23:26:03 - INFO - Epoch: 54/100, Validation Loss: 0.43925716831330386, Accuracy: 69.89441153747103%
2024-07-10 23:26:05 - INFO - Epoch: 55/100, Training Loss: 0.42989462812332785
2024-07-10 23:26:05 - INFO - Epoch: 55/100, Validation Loss: 0.4452699135090072, Accuracy: 70.53824362606233%
2024-07-10 23:26:08 - INFO - Epoch: 56/100, Training Loss: 0.4293069041069643
2024-07-10 23:26:08 - INFO - Epoch: 56/100, Validation Loss: 0.4361729807436054, Accuracy: 70.24637307923427%
2024-07-10 23:26:10 - INFO - Epoch: 57/100, Training Loss: 0.4274408055676354
2024-07-10 23:26:10 - INFO - Epoch: 57/100, Validation Loss: 0.4358654791114552, Accuracy: 70.19486651214696%
2024-07-10 23:26:12 - INFO - Epoch: 58/100, Training Loss: 0.426054732953243
2024-07-10 23:26:13 - INFO - Epoch: 58/100, Validation Loss: 0.4442107160704508, Accuracy: 70.340801785561%
2024-07-10 23:26:15 - INFO - Epoch: 59/100, Training Loss: 0.427517366752703
2024-07-10 23:26:15 - INFO - Epoch: 59/100, Validation Loss: 0.4313011350643903, Accuracy: 69.81715168684008%
2024-07-10 23:26:17 - INFO - Epoch: 60/100, Training Loss: 0.4237352147677962
2024-07-10 23:26:17 - INFO - Epoch: 60/100, Validation Loss: 0.43266266103387974, Accuracy: 69.87724268177526%
2024-07-10 23:26:20 - INFO - Epoch: 61/100, Training Loss: 0.42591868551506756
2024-07-10 23:26:20 - INFO - Epoch: 61/100, Validation Loss: 0.43201838755379607, Accuracy: 69.21624173748819%
2024-07-10 23:26:22 - INFO - Epoch: 62/100, Training Loss: 0.42047094121391393
2024-07-10 23:26:22 - INFO - Epoch: 62/100, Validation Loss: 0.4340740720565874, Accuracy: 70.47815263112713%
2024-07-10 23:26:24 - INFO - Epoch: 63/100, Training Loss: 0.4204366874711177
2024-07-10 23:26:25 - INFO - Epoch: 63/100, Validation Loss: 0.44082017260561623, Accuracy: 70.340801785561%
2024-07-10 23:26:27 - INFO - Epoch: 64/100, Training Loss: 0.42010840597793725
2024-07-10 23:26:27 - INFO - Epoch: 64/100, Validation Loss: 0.44292410372793317, Accuracy: 68.97587775774744%
2024-07-10 23:26:29 - INFO - Epoch: 65/100, Training Loss: 0.4203504952710679
2024-07-10 23:26:29 - INFO - Epoch: 65/100, Validation Loss: 0.43114393639083715, Accuracy: 68.28912352991674%
2024-07-10 23:26:32 - INFO - Epoch: 66/100, Training Loss: 0.4194709069526081
2024-07-10 23:26:32 - INFO - Epoch: 66/100, Validation Loss: 0.43913828229160773, Accuracy: 69.73130740836123%
2024-07-10 23:26:34 - INFO - Epoch: 67/100, Training Loss: 0.4187477989370113
2024-07-10 23:26:34 - INFO - Epoch: 67/100, Validation Loss: 0.42649980229939477, Accuracy: 69.30208601596703%
2024-07-10 23:26:36 - INFO - Epoch: 68/100, Training Loss: 0.4185450820275295
2024-07-10 23:26:36 - INFO - Epoch: 68/100, Validation Loss: 0.42798881212278345, Accuracy: 69.5338655678599%
2024-07-10 23:26:39 - INFO - Epoch: 69/100, Training Loss: 0.4173794368330507
2024-07-10 23:26:39 - INFO - Epoch: 69/100, Validation Loss: 0.424992106230217, Accuracy: 69.52528114001201%
2024-07-10 23:26:41 - INFO - Epoch: 70/100, Training Loss: 0.41543107382718103
2024-07-10 23:26:41 - INFO - Epoch: 70/100, Validation Loss: 0.430012644556748, Accuracy: 69.51669671216413%
2024-07-10 23:26:44 - INFO - Epoch: 71/100, Training Loss: 0.41613394346992666
2024-07-10 23:26:44 - INFO - Epoch: 71/100, Validation Loss: 0.4299243273192195, Accuracy: 69.27633273242338%
2024-07-10 23:26:46 - INFO - Epoch: 72/100, Training Loss: 0.41442493266529506
2024-07-10 23:26:46 - INFO - Epoch: 72/100, Validation Loss: 0.42415430978028984, Accuracy: 69.0531376083784%
2024-07-10 23:26:48 - INFO - Epoch: 73/100, Training Loss: 0.41388981737227104
2024-07-10 23:26:49 - INFO - Epoch: 73/100, Validation Loss: 0.4276588380407056, Accuracy: 68.69259163876728%
2024-07-10 23:26:51 - INFO - Epoch: 74/100, Training Loss: 0.4133993244751654
2024-07-10 23:26:51 - INFO - Epoch: 74/100, Validation Loss: 0.42769142511333186, Accuracy: 68.77843591724611%
2024-07-10 23:26:53 - INFO - Epoch: 75/100, Training Loss: 0.40997423589311344
2024-07-10 23:26:53 - INFO - Epoch: 75/100, Validation Loss: 0.42926197453345366, Accuracy: 68.79560477294189%
2024-07-10 23:26:56 - INFO - Epoch: 76/100, Training Loss: 0.4134593479672577
2024-07-10 23:26:56 - INFO - Epoch: 76/100, Validation Loss: 0.434955392600943, Accuracy: 68.56382522104902%
2024-07-10 23:26:58 - INFO - Epoch: 77/100, Training Loss: 0.4110697260527617
2024-07-10 23:26:58 - INFO - Epoch: 77/100, Validation Loss: 0.42466690949459507, Accuracy: 69.07030646407416%
2024-07-10 23:27:00 - INFO - Epoch: 78/100, Training Loss: 0.4094904833288023
2024-07-10 23:27:00 - INFO - Epoch: 78/100, Validation Loss: 0.42410342697293657, Accuracy: 69.19907288179243%
2024-07-10 23:27:03 - INFO - Epoch: 79/100, Training Loss: 0.40783772902724186
2024-07-10 23:27:03 - INFO - Epoch: 79/100, Validation Loss: 0.42132609119909803, Accuracy: 69.07889089192206%
2024-07-10 23:27:05 - INFO - Epoch: 80/100, Training Loss: 0.4092150347917986
2024-07-10 23:27:05 - INFO - Epoch: 80/100, Validation Loss: 0.43732304475206596, Accuracy: 69.25916387672761%
2024-07-10 23:27:08 - INFO - Epoch: 81/100, Training Loss: 0.4107699804263514
2024-07-10 23:27:08 - INFO - Epoch: 81/100, Validation Loss: 0.4203983696070729, Accuracy: 69.04455318053051%
2024-07-10 23:27:10 - INFO - Epoch: 82/100, Training Loss: 0.40884949044108554
2024-07-10 23:27:10 - INFO - Epoch: 82/100, Validation Loss: 0.4348251645375664, Accuracy: 68.21186367928577%
2024-07-10 23:27:12 - INFO - Epoch: 83/100, Training Loss: 0.4085355547802275
2024-07-10 23:27:13 - INFO - Epoch: 83/100, Validation Loss: 0.4278786124418556, Accuracy: 69.17331959824878%
2024-07-10 23:27:15 - INFO - Epoch: 84/100, Training Loss: 0.408489817004799
2024-07-10 23:27:15 - INFO - Epoch: 84/100, Validation Loss: 0.42081000513678335, Accuracy: 68.76985148939823%
2024-07-10 23:27:17 - INFO - Epoch: 85/100, Training Loss: 0.4055125407557756
2024-07-10 23:27:18 - INFO - Epoch: 85/100, Validation Loss: 0.42477687462512914, Accuracy: 68.79560477294189%
2024-07-10 23:27:20 - INFO - Epoch: 86/100, Training Loss: 0.40522641818382776
2024-07-10 23:27:20 - INFO - Epoch: 86/100, Validation Loss: 0.41920747082534787, Accuracy: 68.96729332989956%
2024-07-10 23:27:22 - INFO - Epoch: 87/100, Training Loss: 0.4083899078463985
2024-07-10 23:27:22 - INFO - Epoch: 87/100, Validation Loss: 0.4204899666028077, Accuracy: 69.25057944887973%
2024-07-10 23:27:25 - INFO - Epoch: 88/100, Training Loss: 0.40544203338717894
2024-07-10 23:27:25 - INFO - Epoch: 88/100, Validation Loss: 0.4184367142576671, Accuracy: 68.99304661344321%
2024-07-10 23:27:27 - INFO - Epoch: 89/100, Training Loss: 0.40363810974874614
2024-07-10 23:27:27 - INFO - Epoch: 89/100, Validation Loss: 0.4163747954947614, Accuracy: 68.95870890205168%
2024-07-10 23:27:29 - INFO - Epoch: 90/100, Training Loss: 0.40253881237307365
2024-07-10 23:27:30 - INFO - Epoch: 90/100, Validation Loss: 0.4179173797253542, Accuracy: 68.59816293244056%
2024-07-10 23:27:32 - INFO - Epoch: 91/100, Training Loss: 0.4038922749510845
2024-07-10 23:27:32 - INFO - Epoch: 91/100, Validation Loss: 0.4208753823032005, Accuracy: 68.28053910206884%
2024-07-10 23:27:34 - INFO - Epoch: 92/100, Training Loss: 0.4024973733680238
2024-07-10 23:27:34 - INFO - Epoch: 92/100, Validation Loss: 0.4190177769815903, Accuracy: 68.82135805648554%
2024-07-10 23:27:37 - INFO - Epoch: 93/100, Training Loss: 0.3995608937593154
2024-07-10 23:27:37 - INFO - Epoch: 93/100, Validation Loss: 0.42887458133894846, Accuracy: 68.63250064383209%
2024-07-10 23:27:39 - INFO - Epoch: 94/100, Training Loss: 0.4020466282043928
2024-07-10 23:27:39 - INFO - Epoch: 94/100, Validation Loss: 0.41786605254711984, Accuracy: 68.40930551978711%
2024-07-10 23:27:41 - INFO - Epoch: 95/100, Training Loss: 0.39945352248162724
2024-07-10 23:27:42 - INFO - Epoch: 95/100, Validation Loss: 0.4235007933985386, Accuracy: 68.69259163876728%
2024-07-10 23:27:44 - INFO - Epoch: 96/100, Training Loss: 0.40246181449608875
2024-07-10 23:27:44 - INFO - Epoch: 96/100, Validation Loss: 0.4167302375280202, Accuracy: 68.70117606661516%
2024-07-10 23:27:46 - INFO - Epoch: 97/100, Training Loss: 0.4035822293313606
2024-07-10 23:27:46 - INFO - Epoch: 97/100, Validation Loss: 0.4160330520729379, Accuracy: 68.84711134002919%
2024-07-10 23:27:48 - INFO - Epoch: 98/100, Training Loss: 0.3987184724935288
2024-07-10 23:27:49 - INFO - Epoch: 98/100, Validation Loss: 0.4175674662589098, Accuracy: 68.70117606661516%
2024-07-10 23:27:51 - INFO - Epoch: 99/100, Training Loss: 0.4000621877293855
2024-07-10 23:27:51 - INFO - Epoch: 99/100, Validation Loss: 0.42346872571716465, Accuracy: 68.56382522104902%
2024-07-10 23:27:53 - INFO - Epoch: 100/100, Training Loss: 0.39972871443862285
2024-07-10 23:27:53 - INFO - Epoch: 100/100, Validation Loss: 0.41790520831627026, Accuracy: 68.96729332989956%
2024-07-10 23:27:53 - INFO - Finished training model.
