2024-06-27 00:14:38 - INFO - This log entry will go into a uniquely named file for this run.
2024-06-27 00:14:38 - INFO - Params:
2024-06-27 00:14:38 - INFO - embedding_dim=32
2024-06-27 00:14:38 - INFO - hidden_dim:64
2024-06-27 00:14:38 - INFO - num_layers:2
2024-06-27 00:14:38 - INFO - epochs:200
2024-06-27 00:14:38 - INFO - batch_size:64
2024-06-27 00:14:38 - INFO - lr:0.001
2024-06-27 00:14:43 - INFO - Starting LSTM model training...
2024-06-27 00:14:49 - INFO - Epoch: 1/200, Validation Loss: 0.6925234438157549, Accuracy: 51.869445295740114%
2024-06-27 00:14:54 - INFO - Epoch: 2/200, Validation Loss: 0.6926215963036406, Accuracy: 51.869445295740114%
2024-06-27 00:15:00 - INFO - Epoch: 3/200, Validation Loss: 0.6931803413465911, Accuracy: 51.869445295740114%
2024-06-27 00:15:05 - INFO - Epoch: 4/200, Validation Loss: 0.6929285292531929, Accuracy: 51.731535396874044%
2024-06-27 00:15:11 - INFO - Epoch: 5/200, Validation Loss: 0.6929552350558487, Accuracy: 51.869445295740114%
2024-06-27 00:15:16 - INFO - Epoch: 6/200, Validation Loss: 0.6928300840013167, Accuracy: 51.823475329451426%
2024-06-27 00:15:22 - INFO - Epoch: 7/200, Validation Loss: 0.6935674267656663, Accuracy: 51.93073858412504%
2024-06-27 00:15:27 - INFO - Epoch: 8/200, Validation Loss: 0.6920100725164601, Accuracy: 52.068648482991115%
2024-06-27 00:15:33 - INFO - Epoch: 9/200, Validation Loss: 0.6496022980587155, Accuracy: 61.27796506282562%
2024-06-27 00:15:38 - INFO - Epoch: 10/200, Validation Loss: 0.5999311384032754, Accuracy: 63.43855347839411%
2024-06-27 00:15:43 - INFO - Epoch: 11/200, Validation Loss: 0.6002140533106, Accuracy: 63.178057002758194%
2024-06-27 00:15:49 - INFO - Epoch: 12/200, Validation Loss: 0.5957906181905784, Accuracy: 64.05148636224334%
2024-06-27 00:15:54 - INFO - Epoch: 13/200, Validation Loss: 0.5895251815809923, Accuracy: 64.60312595770763%
2024-06-27 00:15:59 - INFO - Epoch: 14/200, Validation Loss: 0.5866669010297925, Accuracy: 65.15476555317193%
2024-06-27 00:16:05 - INFO - Epoch: 15/200, Validation Loss: 0.5838389963495965, Accuracy: 66.68709776279498%
2024-06-27 00:16:10 - INFO - Epoch: 16/200, Validation Loss: 0.5762374585165697, Accuracy: 67.02421084891205%
2024-06-27 00:16:16 - INFO - Epoch: 17/200, Validation Loss: 0.5383871250292834, Accuracy: 69.98161201348452%
2024-06-27 00:16:21 - INFO - Epoch: 18/200, Validation Loss: 0.5275585779956743, Accuracy: 71.25344774747165%
2024-06-27 00:16:27 - INFO - Epoch: 19/200, Validation Loss: 0.5076540547843073, Accuracy: 72.2341403616304%
2024-06-27 00:16:32 - INFO - Epoch: 20/200, Validation Loss: 0.5019516822169808, Accuracy: 71.54459086730003%
2024-06-27 00:16:38 - INFO - Epoch: 21/200, Validation Loss: 0.49282611468259024, Accuracy: 73.30677290836654%
2024-06-27 00:16:43 - INFO - Epoch: 22/200, Validation Loss: 0.46972169770913963, Accuracy: 74.5019920318725%
2024-06-27 00:16:49 - INFO - Epoch: 23/200, Validation Loss: 0.45734648494159474, Accuracy: 75.78915108795587%
2024-06-27 00:16:54 - INFO - Epoch: 24/200, Validation Loss: 0.43076683259477805, Accuracy: 77.22954336500153%
2024-06-27 00:17:00 - INFO - Epoch: 25/200, Validation Loss: 0.415709398540796, Accuracy: 77.82715292675452%
2024-06-27 00:17:05 - INFO - Epoch: 26/200, Validation Loss: 0.39942967161244036, Accuracy: 78.1182960465829%
2024-06-27 00:17:11 - INFO - Epoch: 27/200, Validation Loss: 0.3832395037307459, Accuracy: 78.63928899785473%
2024-06-27 00:17:16 - INFO - Epoch: 28/200, Validation Loss: 0.3596608334896611, Accuracy: 78.44008581060373%
2024-06-27 00:17:22 - INFO - Epoch: 29/200, Validation Loss: 0.34868260224660236, Accuracy: 79.0223720502605%
2024-06-27 00:17:27 - INFO - Epoch: 30/200, Validation Loss: 0.3439747653171128, Accuracy: 78.22555930125651%
2024-06-27 00:17:33 - INFO - Epoch: 31/200, Validation Loss: 0.3429541364312172, Accuracy: 78.10297272448666%
2024-06-27 00:17:38 - INFO - Epoch: 32/200, Validation Loss: 0.3355761253658463, Accuracy: 78.21023597916029%
2024-06-27 00:17:44 - INFO - Epoch: 33/200, Validation Loss: 0.32366207168967115, Accuracy: 78.60864235366228%
2024-06-27 00:17:49 - INFO - Epoch: 34/200, Validation Loss: 0.32135526456084906, Accuracy: 78.1182960465829%
2024-06-27 00:17:55 - INFO - Epoch: 35/200, Validation Loss: 0.3274293663162811, Accuracy: 78.44008581060373%
2024-06-27 00:18:00 - INFO - Epoch: 36/200, Validation Loss: 0.3134242708192152, Accuracy: 78.2715292675452%
2024-06-27 00:18:06 - INFO - Epoch: 37/200, Validation Loss: 0.3088412480611427, Accuracy: 78.4707324547962%
2024-06-27 00:18:11 - INFO - Epoch: 38/200, Validation Loss: 0.31952033571752847, Accuracy: 78.2715292675452%
2024-06-27 00:18:17 - INFO - Epoch: 39/200, Validation Loss: 0.308664917799772, Accuracy: 78.1182960465829%
2024-06-27 00:18:22 - INFO - Epoch: 40/200, Validation Loss: 0.31261347526428745, Accuracy: 78.85381550720196%
2024-06-27 00:18:28 - INFO - Epoch: 41/200, Validation Loss: 0.30666738500197727, Accuracy: 78.25620594544897%
2024-06-27 00:18:33 - INFO - Epoch: 42/200, Validation Loss: 0.30153584465676664, Accuracy: 77.78118296046583%
2024-06-27 00:18:39 - INFO - Epoch: 43/200, Validation Loss: 0.3162621677506204, Accuracy: 78.1642660128716%
2024-06-27 00:18:44 - INFO - Epoch: 44/200, Validation Loss: 0.3113609992113768, Accuracy: 78.6699356420472%
2024-06-27 00:18:50 - INFO - Epoch: 45/200, Validation Loss: 0.31798962591325536, Accuracy: 79.3748084584738%
2024-06-27 00:18:55 - INFO - Epoch: 46/200, Validation Loss: 0.30162369985790816, Accuracy: 78.89978547349065%
2024-06-27 00:19:01 - INFO - Epoch: 47/200, Validation Loss: 0.29991253348542196, Accuracy: 78.19491265706405%
2024-06-27 00:19:06 - INFO - Epoch: 48/200, Validation Loss: 0.300009410024858, Accuracy: 78.39411584431505%
2024-06-27 00:19:12 - INFO - Epoch: 49/200, Validation Loss: 0.3020582977755397, Accuracy: 78.08764940239044%
2024-06-27 00:19:17 - INFO - Epoch: 50/200, Validation Loss: 0.2950731436995899, Accuracy: 78.37879252221882%
2024-06-27 00:19:23 - INFO - Epoch: 51/200, Validation Loss: 0.3056204570274727, Accuracy: 77.88844621513944%
2024-06-27 00:19:28 - INFO - Epoch: 52/200, Validation Loss: 0.2956097369977072, Accuracy: 78.14894269077536%
2024-06-27 00:19:34 - INFO - Epoch: 53/200, Validation Loss: 0.30353686943942426, Accuracy: 78.25620594544897%
2024-06-27 00:19:39 - INFO - Epoch: 54/200, Validation Loss: 0.30029090464699504, Accuracy: 78.13361936867913%
2024-06-27 00:19:44 - INFO - Epoch: 55/200, Validation Loss: 0.2971772165859447, Accuracy: 77.65859638369598%
2024-06-27 00:19:50 - INFO - Epoch: 56/200, Validation Loss: 0.289399502324123, Accuracy: 77.94973950352437%
2024-06-27 00:19:55 - INFO - Epoch: 57/200, Validation Loss: 0.2944166318458669, Accuracy: 77.70456634998467%
2024-06-27 00:20:01 - INFO - Epoch: 58/200, Validation Loss: 0.2940833093781097, Accuracy: 78.88446215139442%
2024-06-27 00:20:06 - INFO - Epoch: 59/200, Validation Loss: 0.29315069478516487, Accuracy: 76.96904688936561%
2024-06-27 00:20:12 - INFO - Epoch: 60/200, Validation Loss: 0.30079073239775267, Accuracy: 77.53600980692615%
2024-06-27 00:20:17 - INFO - Epoch: 61/200, Validation Loss: 0.2915834565373028, Accuracy: 78.04167943610175%
2024-06-27 00:20:23 - INFO - Epoch: 62/200, Validation Loss: 0.28958918972342623, Accuracy: 78.01103279190929%
2024-06-27 00:20:28 - INFO - Epoch: 63/200, Validation Loss: 0.2904934395177692, Accuracy: 77.45939319644499%
2024-06-27 00:20:34 - INFO - Epoch: 64/200, Validation Loss: 0.2910086248143047, Accuracy: 77.99570946981305%
2024-06-27 00:20:39 - INFO - Epoch: 65/200, Validation Loss: 0.2927202206908488, Accuracy: 77.64327306159976%
2024-06-27 00:20:45 - INFO - Epoch: 66/200, Validation Loss: 0.2943483205402599, Accuracy: 77.93441618142813%
2024-06-27 00:20:50 - INFO - Epoch: 67/200, Validation Loss: 0.29131292931589425, Accuracy: 76.89243027888446%
2024-06-27 00:20:56 - INFO - Epoch: 68/200, Validation Loss: 0.29587966904920693, Accuracy: 77.04566349984677%
2024-06-27 00:21:01 - INFO - Epoch: 69/200, Validation Loss: 0.3126487170948702, Accuracy: 77.09163346613546%
2024-06-27 00:21:07 - INFO - Epoch: 70/200, Validation Loss: 0.2944588084139076, Accuracy: 77.15292675452038%
2024-06-27 00:21:12 - INFO - Epoch: 71/200, Validation Loss: 0.2911079086217226, Accuracy: 77.060986821943%
2024-06-27 00:21:18 - INFO - Epoch: 72/200, Validation Loss: 0.2932037154541296, Accuracy: 78.99172540606804%
2024-06-27 00:21:23 - INFO - Epoch: 73/200, Validation Loss: 0.29331865526881873, Accuracy: 77.5666564511186%
2024-06-27 00:21:29 - INFO - Epoch: 74/200, Validation Loss: 0.2917045113794944, Accuracy: 76.52467054857493%
2024-06-27 00:21:34 - INFO - Epoch: 75/200, Validation Loss: 0.31291820766294703, Accuracy: 78.3174992338339%
2024-06-27 00:21:40 - INFO - Epoch: 76/200, Validation Loss: 0.2907214018644071, Accuracy: 77.94973950352437%
2024-06-27 00:21:45 - INFO - Epoch: 77/200, Validation Loss: 0.296202679913418, Accuracy: 77.04566349984677%
2024-06-27 00:21:51 - INFO - Epoch: 78/200, Validation Loss: 0.2966568320989609, Accuracy: 76.5093472264787%
2024-06-27 00:21:56 - INFO - Epoch: 79/200, Validation Loss: 0.2903353685841841, Accuracy: 78.28685258964144%
2024-06-27 00:22:02 - INFO - Epoch: 80/200, Validation Loss: 0.29477274315614327, Accuracy: 76.75452038001839%
2024-06-27 00:22:07 - INFO - Epoch: 81/200, Validation Loss: 0.29719433144611473, Accuracy: 75.69721115537848%
2024-06-27 00:22:13 - INFO - Epoch: 82/200, Validation Loss: 0.2982155593002544, Accuracy: 75.9117376647257%
2024-06-27 00:22:18 - INFO - Epoch: 83/200, Validation Loss: 0.2980191168539664, Accuracy: 76.11094085197671%
2024-06-27 00:22:24 - INFO - Epoch: 84/200, Validation Loss: 0.2970818165762752, Accuracy: 75.75850444376341%
2024-06-27 00:22:29 - INFO - Epoch: 85/200, Validation Loss: 0.2951246070511201, Accuracy: 76.08029420778425%
2024-06-27 00:22:35 - INFO - Epoch: 86/200, Validation Loss: 0.3053092513890827, Accuracy: 76.06497088568801%
2024-06-27 00:22:40 - INFO - Epoch: 87/200, Validation Loss: 0.3296639441567309, Accuracy: 75.34477474716519%
2024-06-27 00:22:46 - INFO - Epoch: 88/200, Validation Loss: 0.30028818416244846, Accuracy: 75.55930125651241%
2024-06-27 00:22:51 - INFO - Epoch: 89/200, Validation Loss: 0.30424288631069896, Accuracy: 75.39074471345387%
2024-06-27 00:22:57 - INFO - Epoch: 90/200, Validation Loss: 0.3000611082888117, Accuracy: 75.39074471345387%
2024-06-27 00:23:02 - INFO - Epoch: 91/200, Validation Loss: 0.29835162151093575, Accuracy: 75.68188783328226%
2024-06-27 00:23:08 - INFO - Epoch: 92/200, Validation Loss: 0.2979449625400936, Accuracy: 76.89243027888446%
2024-06-27 00:23:13 - INFO - Epoch: 93/200, Validation Loss: 0.30625256180178884, Accuracy: 75.71253447747472%
2024-06-27 00:23:19 - INFO - Epoch: 94/200, Validation Loss: 0.2977308888061374, Accuracy: 75.43671467974256%
2024-06-27 00:23:24 - INFO - Epoch: 95/200, Validation Loss: 0.30127710439995226, Accuracy: 76.23352742874656%
2024-06-27 00:23:30 - INFO - Epoch: 96/200, Validation Loss: 0.312103043292083, Accuracy: 75.72785779957094%
2024-06-27 00:23:35 - INFO - Epoch: 97/200, Validation Loss: 0.29466170569260913, Accuracy: 75.54397793441618%
2024-06-27 00:23:41 - INFO - Epoch: 98/200, Validation Loss: 0.3061728597271676, Accuracy: 75.2068648482991%
2024-06-27 00:23:46 - INFO - Epoch: 99/200, Validation Loss: 0.3092770678739922, Accuracy: 75.23751149249158%
2024-06-27 00:23:52 - INFO - Epoch: 100/200, Validation Loss: 0.3028075128209357, Accuracy: 75.06895494943304%
2024-06-27 00:23:58 - INFO - Epoch: 101/200, Validation Loss: 0.30082352050379213, Accuracy: 75.26815813668404%
2024-06-27 00:24:03 - INFO - Epoch: 102/200, Validation Loss: 0.305931936584267, Accuracy: 76.92307692307692%
2024-06-27 00:24:09 - INFO - Epoch: 103/200, Validation Loss: 0.31506221668393003, Accuracy: 75.00766166104812%
2024-06-27 00:24:14 - INFO - Epoch: 104/200, Validation Loss: 0.31361693494460163, Accuracy: 74.53263867606498%
2024-06-27 00:24:20 - INFO - Epoch: 105/200, Validation Loss: 0.308929761104724, Accuracy: 74.76248850750842%
2024-06-27 00:24:25 - INFO - Epoch: 106/200, Validation Loss: 0.3022463339216569, Accuracy: 75.39074471345387%
2024-06-27 00:24:31 - INFO - Epoch: 107/200, Validation Loss: 0.302742160710634, Accuracy: 74.86975176218205%
2024-06-27 00:24:36 - INFO - Epoch: 108/200, Validation Loss: 0.3139157372654653, Accuracy: 74.53263867606498%
2024-06-27 00:24:42 - INFO - Epoch: 109/200, Validation Loss: 0.30892112968014734, Accuracy: 75.06895494943304%
2024-06-27 00:24:47 - INFO - Epoch: 110/200, Validation Loss: 0.31317076525267434, Accuracy: 74.47134538768005%
2024-06-27 00:24:53 - INFO - Epoch: 111/200, Validation Loss: 0.3268807125734348, Accuracy: 74.80845847379712%
2024-06-27 00:24:58 - INFO - Epoch: 112/200, Validation Loss: 0.30843997425308417, Accuracy: 74.27214220042906%
2024-06-27 00:25:04 - INFO - Epoch: 113/200, Validation Loss: 0.32397224900184896, Accuracy: 76.49402390438247%
2024-06-27 00:25:09 - INFO - Epoch: 114/200, Validation Loss: 0.3179944026119569, Accuracy: 74.76248850750842%
2024-06-27 00:25:15 - INFO - Epoch: 115/200, Validation Loss: 0.31989051796057644, Accuracy: 74.57860864235366%
2024-06-27 00:25:20 - INFO - Epoch: 116/200, Validation Loss: 0.30892569235726897, Accuracy: 73.85841250383083%
2024-06-27 00:25:26 - INFO - Epoch: 117/200, Validation Loss: 0.3117686298255827, Accuracy: 74.45602206558382%
2024-06-27 00:25:31 - INFO - Epoch: 118/200, Validation Loss: 0.31919995666134593, Accuracy: 74.63990193073859%
2024-06-27 00:25:37 - INFO - Epoch: 119/200, Validation Loss: 0.31164107851538003, Accuracy: 74.24149555623659%
2024-06-27 00:25:42 - INFO - Epoch: 120/200, Validation Loss: 0.31703902401176154, Accuracy: 74.11890897946675%
2024-06-27 00:25:48 - INFO - Epoch: 121/200, Validation Loss: 0.32307184516799214, Accuracy: 74.36408213300643%
2024-06-27 00:25:53 - INFO - Epoch: 122/200, Validation Loss: 0.32323333489544254, Accuracy: 74.18020226785167%
2024-06-27 00:25:59 - INFO - Epoch: 123/200, Validation Loss: 0.31759295744054455, Accuracy: 73.98099908060067%
2024-06-27 00:26:04 - INFO - Epoch: 124/200, Validation Loss: 0.32708850634448666, Accuracy: 74.25681887833282%
2024-06-27 00:26:10 - INFO - Epoch: 125/200, Validation Loss: 0.33055245204299105, Accuracy: 74.22617223414036%
2024-06-27 00:26:15 - INFO - Epoch: 126/200, Validation Loss: 0.32253345306597503, Accuracy: 74.0422923689856%
2024-06-27 00:26:21 - INFO - Epoch: 127/200, Validation Loss: 0.31701423753710356, Accuracy: 74.02696904688936%
2024-06-27 00:26:27 - INFO - Epoch: 128/200, Validation Loss: 0.313450139819407, Accuracy: 73.58259270609868%
2024-06-27 00:26:32 - INFO - Epoch: 129/200, Validation Loss: 0.3208877160853031, Accuracy: 73.98099908060067%
2024-06-27 00:26:37 - INFO - Epoch: 130/200, Validation Loss: 0.32014065586468754, Accuracy: 73.70517928286853%
2024-06-27 00:26:43 - INFO - Epoch: 131/200, Validation Loss: 0.3176960030607149, Accuracy: 74.36408213300643%
2024-06-27 00:26:48 - INFO - Epoch: 132/200, Validation Loss: 0.314498917583157, Accuracy: 74.02696904688936%
2024-06-27 00:26:54 - INFO - Epoch: 133/200, Validation Loss: 0.3409225505356695, Accuracy: 74.05761569108182%
2024-06-27 00:27:00 - INFO - Epoch: 134/200, Validation Loss: 0.3246525946785422, Accuracy: 74.25681887833282%
2024-06-27 00:27:05 - INFO - Epoch: 135/200, Validation Loss: 0.33132947104818683, Accuracy: 74.33343548881398%
2024-06-27 00:27:11 - INFO - Epoch: 136/200, Validation Loss: 0.3223450259835112, Accuracy: 73.73582592706099%
2024-06-27 00:27:16 - INFO - Epoch: 137/200, Validation Loss: 0.31105201355382506, Accuracy: 74.5019920318725%
2024-06-27 00:27:22 - INFO - Epoch: 138/200, Validation Loss: 0.32442054210924637, Accuracy: 74.30278884462152%
2024-06-27 00:27:27 - INFO - Epoch: 139/200, Validation Loss: 0.3182825544009022, Accuracy: 74.14955562365921%
2024-06-27 00:27:33 - INFO - Epoch: 140/200, Validation Loss: 0.3240941768767787, Accuracy: 74.96169169475942%
2024-06-27 00:27:38 - INFO - Epoch: 141/200, Validation Loss: 0.3266379060406311, Accuracy: 73.42935948513637%
2024-06-27 00:27:44 - INFO - Epoch: 142/200, Validation Loss: 0.3248235713325295, Accuracy: 73.50597609561753%
2024-06-27 00:27:49 - INFO - Epoch: 143/200, Validation Loss: 0.3315838895299855, Accuracy: 73.35274287465522%
2024-06-27 00:27:55 - INFO - Epoch: 144/200, Validation Loss: 0.3270808312238431, Accuracy: 74.0422923689856%
2024-06-27 00:28:00 - INFO - Epoch: 145/200, Validation Loss: 0.3189244286394587, Accuracy: 73.81244253754214%
2024-06-27 00:28:05 - INFO - Epoch: 146/200, Validation Loss: 0.33619997402032215, Accuracy: 73.27612626417407%
2024-06-27 00:28:11 - INFO - Epoch: 147/200, Validation Loss: 0.35423384504575356, Accuracy: 73.90438247011951%
2024-06-27 00:28:17 - INFO - Epoch: 148/200, Validation Loss: 0.33708677864542197, Accuracy: 73.15353968740423%
2024-06-27 00:28:22 - INFO - Epoch: 149/200, Validation Loss: 0.3357073831207612, Accuracy: 73.06159975482684%
2024-06-27 00:28:28 - INFO - Epoch: 150/200, Validation Loss: 0.3407261094041899, Accuracy: 72.67851670242108%
2024-06-27 00:28:33 - INFO - Epoch: 151/200, Validation Loss: 0.3470071678360303, Accuracy: 72.81642660128716%
2024-06-27 00:28:39 - INFO - Epoch: 152/200, Validation Loss: 0.3375291260434132, Accuracy: 72.92368985596077%
2024-06-27 00:28:44 - INFO - Epoch: 153/200, Validation Loss: 0.34135518675925686, Accuracy: 74.39472877719889%
2024-06-27 00:28:50 - INFO - Epoch: 154/200, Validation Loss: 0.35342229946571235, Accuracy: 73.36806619675146%
2024-06-27 00:28:55 - INFO - Epoch: 155/200, Validation Loss: 0.3500770041171242, Accuracy: 73.64388599448361%
2024-06-27 00:29:01 - INFO - Epoch: 156/200, Validation Loss: 0.3292408099069315, Accuracy: 73.07692307692308%
2024-06-27 00:29:06 - INFO - Epoch: 157/200, Validation Loss: 0.34461529596763496, Accuracy: 72.83174992338338%
2024-06-27 00:29:12 - INFO - Epoch: 158/200, Validation Loss: 0.34823444938542797, Accuracy: 72.61722341403616%
2024-06-27 00:29:17 - INFO - Epoch: 159/200, Validation Loss: 0.3507550751753882, Accuracy: 73.7971192154459%
2024-06-27 00:29:23 - INFO - Epoch: 160/200, Validation Loss: 0.35121532894817054, Accuracy: 72.32608029420778%
2024-06-27 00:29:28 - INFO - Epoch: 161/200, Validation Loss: 0.3503214630718325, Accuracy: 72.55593012565124%
2024-06-27 00:29:34 - INFO - Epoch: 162/200, Validation Loss: 0.3336824152399512, Accuracy: 73.00030646644193%
2024-06-27 00:29:39 - INFO - Epoch: 163/200, Validation Loss: 0.34362654358732936, Accuracy: 72.70916334661355%
2024-06-27 00:29:45 - INFO - Epoch: 164/200, Validation Loss: 0.3345663806094843, Accuracy: 73.19950965369291%
2024-06-27 00:29:50 - INFO - Epoch: 165/200, Validation Loss: 0.3501019568419924, Accuracy: 72.50996015936255%
2024-06-27 00:29:56 - INFO - Epoch: 166/200, Validation Loss: 0.35975151918098036, Accuracy: 72.90836653386454%
2024-06-27 00:30:01 - INFO - Epoch: 167/200, Validation Loss: 0.3581022658184463, Accuracy: 72.50996015936255%
2024-06-27 00:30:07 - INFO - Epoch: 168/200, Validation Loss: 0.357531499775017, Accuracy: 72.31075697211155%
2024-06-27 00:30:12 - INFO - Epoch: 169/200, Validation Loss: 0.35999396896245434, Accuracy: 72.21881703953417%
2024-06-27 00:30:18 - INFO - Epoch: 170/200, Validation Loss: 0.36961286734132204, Accuracy: 72.70916334661355%
2024-06-27 00:30:23 - INFO - Epoch: 171/200, Validation Loss: 0.36318420209721025, Accuracy: 72.14220042905302%
2024-06-27 00:30:29 - INFO - Epoch: 172/200, Validation Loss: 0.3516188699240778, Accuracy: 72.61722341403616%
2024-06-27 00:30:34 - INFO - Epoch: 173/200, Validation Loss: 0.35893093619276495, Accuracy: 72.09623046276432%
2024-06-27 00:30:40 - INFO - Epoch: 174/200, Validation Loss: 0.36702096549903646, Accuracy: 72.00429053018695%
2024-06-27 00:30:46 - INFO - Epoch: 175/200, Validation Loss: 0.36540981572048337, Accuracy: 73.01562978853815%
2024-06-27 00:30:51 - INFO - Epoch: 176/200, Validation Loss: 0.3670248345417135, Accuracy: 72.50996015936255%
2024-06-27 00:30:57 - INFO - Epoch: 177/200, Validation Loss: 0.3534807831633325, Accuracy: 72.5865767698437%
2024-06-27 00:31:02 - INFO - Epoch: 178/200, Validation Loss: 0.3625052936521231, Accuracy: 71.94299724180202%
2024-06-27 00:31:07 - INFO - Epoch: 179/200, Validation Loss: 0.355895792444547, Accuracy: 71.8817039534171%
2024-06-27 00:31:13 - INFO - Epoch: 180/200, Validation Loss: 0.3636825080303585, Accuracy: 72.2341403616304%
2024-06-27 00:31:18 - INFO - Epoch: 181/200, Validation Loss: 0.3659477403350905, Accuracy: 72.49463683726631%
2024-06-27 00:31:24 - INFO - Epoch: 182/200, Validation Loss: 0.3716425930752474, Accuracy: 71.8817039534171%
2024-06-27 00:31:29 - INFO - Epoch: 183/200, Validation Loss: 0.36662395736750436, Accuracy: 71.86638063132087%
2024-06-27 00:31:35 - INFO - Epoch: 184/200, Validation Loss: 0.3690350961451437, Accuracy: 71.95832056389825%
2024-06-27 00:31:40 - INFO - Epoch: 185/200, Validation Loss: 0.36989351683387567, Accuracy: 72.05026049647563%
2024-06-27 00:31:46 - INFO - Epoch: 186/200, Validation Loss: 0.3917933696625279, Accuracy: 71.69782408826234%
2024-06-27 00:31:51 - INFO - Epoch: 187/200, Validation Loss: 0.36419083148825404, Accuracy: 72.28011032791909%
2024-06-27 00:31:57 - INFO - Epoch: 188/200, Validation Loss: 0.3618244505396076, Accuracy: 72.21881703953417%
2024-06-27 00:32:03 - INFO - Epoch: 189/200, Validation Loss: 0.3634580860243124, Accuracy: 72.57125344774747%
2024-06-27 00:32:08 - INFO - Epoch: 190/200, Validation Loss: 0.37509243453250213, Accuracy: 72.00429053018695%
2024-06-27 00:32:13 - INFO - Epoch: 191/200, Validation Loss: 0.362679041483823, Accuracy: 71.85105730922464%
2024-06-27 00:32:19 - INFO - Epoch: 192/200, Validation Loss: 0.374324276751163, Accuracy: 71.71314741035856%
2024-06-27 00:32:24 - INFO - Epoch: 193/200, Validation Loss: 0.3738753823380844, Accuracy: 72.12687710695678%
2024-06-27 00:32:30 - INFO - Epoch: 194/200, Validation Loss: 0.38682479163010913, Accuracy: 72.2341403616304%
2024-06-27 00:32:35 - INFO - Epoch: 195/200, Validation Loss: 0.37557921354092805, Accuracy: 71.54459086730003%
2024-06-27 00:32:41 - INFO - Epoch: 196/200, Validation Loss: 0.3833557159877291, Accuracy: 72.55593012565124%
2024-06-27 00:32:47 - INFO - Epoch: 197/200, Validation Loss: 0.3774835670403406, Accuracy: 71.5292675452038%
2024-06-27 00:32:52 - INFO - Epoch: 198/200, Validation Loss: 0.38505903865192453, Accuracy: 71.71314741035856%
2024-06-27 00:32:58 - INFO - Epoch: 199/200, Validation Loss: 0.3798214755221909, Accuracy: 71.9276739197058%
2024-06-27 00:33:03 - INFO - Epoch: 200/200, Validation Loss: 0.37183645820500805, Accuracy: 71.60588415568495%
2024-06-27 00:33:03 - INFO - Finished training model.
2024-06-27 00:33:03 - INFO - Model saved to lstm_classifier.pth and vocabulary saved to vocab.pkl
