2024-07-11 15:32:32 - INFO - This log entry will go into a uniquely named file for this run.
2024-07-11 15:32:32 - INFO - without hidden
2024-07-11 15:32:32 - INFO - Params:
2024-07-11 15:32:32 - INFO - embedding_dim=32
2024-07-11 15:32:32 - INFO - hidden_dim:32
2024-07-11 15:32:32 - INFO - num_layers:2
2024-07-11 15:32:32 - INFO - epochs:300
2024-07-11 15:32:32 - INFO - batch_size:64
2024-07-11 15:32:32 - INFO - lr:0.001
2024-07-11 15:32:35 - INFO - Starting LSTM model training...
2024-07-11 15:32:37 - INFO - Epoch: 1/300, Training Loss: 0.6931169353558366
2024-07-11 15:32:37 - INFO - Epoch: 1/300, Validation Loss: 0.6925025660483564, Accuracy: 52.09030818095974%
2024-07-11 15:32:37 - INFO - Model saved with validation accuracy: 52.09030818095974%
2024-07-11 15:32:39 - INFO - Epoch: 2/300, Training Loss: 0.6929627209697404
2024-07-11 15:32:40 - INFO - Epoch: 2/300, Validation Loss: 0.6923391516091394, Accuracy: 52.09030818095974%
2024-07-11 15:32:42 - INFO - Epoch: 3/300, Training Loss: 0.6927939464525922
2024-07-11 15:32:42 - INFO - Epoch: 3/300, Validation Loss: 0.6923104130505212, Accuracy: 52.03880161387244%
2024-07-11 15:32:44 - INFO - Epoch: 4/300, Training Loss: 0.692573571237844
2024-07-11 15:32:44 - INFO - Epoch: 4/300, Validation Loss: 0.6923605806189157, Accuracy: 51.22328096832346%
2024-07-11 15:32:46 - INFO - Epoch: 5/300, Training Loss: 0.691254762219794
2024-07-11 15:32:46 - INFO - Epoch: 5/300, Validation Loss: 0.6922702743707458, Accuracy: 52.09030818095974%
2024-07-11 15:32:48 - INFO - Epoch: 6/300, Training Loss: 0.6929388974265633
2024-07-11 15:32:49 - INFO - Epoch: 6/300, Validation Loss: 0.6922988885087393, Accuracy: 52.09030818095974%
2024-07-11 15:32:50 - INFO - Epoch: 7/300, Training Loss: 0.6929231851843323
2024-07-11 15:32:51 - INFO - Epoch: 7/300, Validation Loss: 0.6921503648080461, Accuracy: 52.09030818095974%
2024-07-11 15:32:53 - INFO - Epoch: 8/300, Training Loss: 0.6928454984199199
2024-07-11 15:32:53 - INFO - Epoch: 8/300, Validation Loss: 0.6923731229995769, Accuracy: 52.09030818095974%
2024-07-11 15:32:55 - INFO - Epoch: 9/300, Training Loss: 0.6928150366853785
2024-07-11 15:32:55 - INFO - Epoch: 9/300, Validation Loss: 0.6920919310851176, Accuracy: 52.09030818095974%
2024-07-11 15:32:57 - INFO - Epoch: 10/300, Training Loss: 0.6928450461931843
2024-07-11 15:32:58 - INFO - Epoch: 10/300, Validation Loss: 0.6924120357127789, Accuracy: 52.09030818095974%
2024-07-11 15:33:00 - INFO - Epoch: 11/300, Training Loss: 0.6928295737594897
2024-07-11 15:33:00 - INFO - Epoch: 11/300, Validation Loss: 0.6925714742290517, Accuracy: 52.09030818095974%
2024-07-11 15:33:02 - INFO - Epoch: 12/300, Training Loss: 0.6928359321606012
2024-07-11 15:33:02 - INFO - Epoch: 12/300, Validation Loss: 0.6922687689463297, Accuracy: 52.09030818095974%
2024-07-11 15:33:04 - INFO - Epoch: 13/300, Training Loss: 0.6927246632072334
2024-07-11 15:33:04 - INFO - Epoch: 13/300, Validation Loss: 0.6927399423604454, Accuracy: 52.09030818095974%
2024-07-11 15:33:07 - INFO - Epoch: 14/300, Training Loss: 0.6928459451685881
2024-07-11 15:33:07 - INFO - Epoch: 14/300, Validation Loss: 0.6921420380717418, Accuracy: 52.09030818095974%
2024-07-11 15:33:09 - INFO - Epoch: 15/300, Training Loss: 0.6928107018987502
2024-07-11 15:33:09 - INFO - Epoch: 15/300, Validation Loss: 0.6921207041688304, Accuracy: 52.09030818095974%
2024-07-11 15:33:11 - INFO - Epoch: 16/300, Training Loss: 0.692771899520288
2024-07-11 15:33:12 - INFO - Epoch: 16/300, Validation Loss: 0.6921879336482188, Accuracy: 52.09030818095974%
2024-07-11 15:33:14 - INFO - Epoch: 17/300, Training Loss: 0.692775761476106
2024-07-11 15:33:14 - INFO - Epoch: 17/300, Validation Loss: 0.6922431702170867, Accuracy: 52.098892608807624%
2024-07-11 15:33:14 - INFO - Model saved with validation accuracy: 52.098892608807624%
2024-07-11 15:33:16 - INFO - Epoch: 18/300, Training Loss: 0.6924029233033765
2024-07-11 15:33:16 - INFO - Epoch: 18/300, Validation Loss: 0.6921460680622872, Accuracy: 52.09030818095974%
2024-07-11 15:33:18 - INFO - Epoch: 19/300, Training Loss: 0.6670286883542567
2024-07-11 15:33:18 - INFO - Epoch: 19/300, Validation Loss: 0.6475287037468999, Accuracy: 58.47712249978539%
2024-07-11 15:33:18 - INFO - Model saved with validation accuracy: 58.47712249978539%
2024-07-11 15:33:20 - INFO - Epoch: 20/300, Training Loss: 0.6355714950868949
2024-07-11 15:33:20 - INFO - Epoch: 20/300, Validation Loss: 0.6373965333068305, Accuracy: 59.44716284659627%
2024-07-11 15:33:20 - INFO - Model saved with validation accuracy: 59.44716284659627%
2024-07-11 15:33:22 - INFO - Epoch: 21/300, Training Loss: 0.6203521805699143
2024-07-11 15:33:23 - INFO - Epoch: 21/300, Validation Loss: 0.6157864472253727, Accuracy: 62.07399776804876%
2024-07-11 15:33:23 - INFO - Model saved with validation accuracy: 62.07399776804876%
2024-07-11 15:33:25 - INFO - Epoch: 22/300, Training Loss: 0.6102727163884538
2024-07-11 15:33:25 - INFO - Epoch: 22/300, Validation Loss: 0.6075692684924017, Accuracy: 62.92385612498927%
2024-07-11 15:33:25 - INFO - Model saved with validation accuracy: 62.92385612498927%
2024-07-11 15:33:27 - INFO - Epoch: 23/300, Training Loss: 0.6031313193514841
2024-07-11 15:33:27 - INFO - Epoch: 23/300, Validation Loss: 0.603068223742188, Accuracy: 63.44750622371019%
2024-07-11 15:33:27 - INFO - Model saved with validation accuracy: 63.44750622371019%
2024-07-11 15:33:29 - INFO - Epoch: 24/300, Training Loss: 0.6014944161243726
2024-07-11 15:33:29 - INFO - Epoch: 24/300, Validation Loss: 0.5986852671930699, Accuracy: 63.679285775603056%
2024-07-11 15:33:29 - INFO - Model saved with validation accuracy: 63.679285775603056%
2024-07-11 15:33:31 - INFO - Epoch: 25/300, Training Loss: 0.597169393333715
2024-07-11 15:33:32 - INFO - Epoch: 25/300, Validation Loss: 0.5945890324363292, Accuracy: 64.32311786419434%
2024-07-11 15:33:32 - INFO - Model saved with validation accuracy: 64.32311786419434%
2024-07-11 15:33:34 - INFO - Epoch: 26/300, Training Loss: 0.591924286264778
2024-07-11 15:33:34 - INFO - Epoch: 26/300, Validation Loss: 0.6014591823510134, Accuracy: 63.413168512318656%
2024-07-11 15:33:36 - INFO - Epoch: 27/300, Training Loss: 0.5936709922037007
2024-07-11 15:33:36 - INFO - Epoch: 27/300, Validation Loss: 0.5874543580852571, Accuracy: 64.91544338569834%
2024-07-11 15:33:36 - INFO - Model saved with validation accuracy: 64.91544338569834%
2024-07-11 15:33:38 - INFO - Epoch: 28/300, Training Loss: 0.5888513756305266
2024-07-11 15:33:38 - INFO - Epoch: 28/300, Validation Loss: 0.5936151337428172, Accuracy: 64.40037771482531%
2024-07-11 15:33:40 - INFO - Epoch: 29/300, Training Loss: 0.5867961892865813
2024-07-11 15:33:40 - INFO - Epoch: 29/300, Validation Loss: 0.5853619435445858, Accuracy: 65.07854751480814%
2024-07-11 15:33:40 - INFO - Model saved with validation accuracy: 65.07854751480814%
2024-07-11 15:33:42 - INFO - Epoch: 30/300, Training Loss: 0.5851215409480331
2024-07-11 15:33:43 - INFO - Epoch: 30/300, Validation Loss: 0.5848520280884915, Accuracy: 65.26740492746158%
2024-07-11 15:33:43 - INFO - Model saved with validation accuracy: 65.26740492746158%
2024-07-11 15:33:45 - INFO - Epoch: 31/300, Training Loss: 0.5850700483809447
2024-07-11 15:33:45 - INFO - Epoch: 31/300, Validation Loss: 0.5838709991486346, Accuracy: 65.32749592239678%
2024-07-11 15:33:45 - INFO - Model saved with validation accuracy: 65.32749592239678%
2024-07-11 15:33:47 - INFO - Epoch: 32/300, Training Loss: 0.5840148682947512
2024-07-11 15:33:47 - INFO - Epoch: 32/300, Validation Loss: 0.5825404492232318, Accuracy: 65.36183363378831%
2024-07-11 15:33:47 - INFO - Model saved with validation accuracy: 65.36183363378831%
2024-07-11 15:33:49 - INFO - Epoch: 33/300, Training Loss: 0.5801213012883039
2024-07-11 15:33:49 - INFO - Epoch: 33/300, Validation Loss: 0.5803924137777318, Accuracy: 65.55927547428963%
2024-07-11 15:33:49 - INFO - Model saved with validation accuracy: 65.55927547428963%
2024-07-11 15:33:51 - INFO - Epoch: 34/300, Training Loss: 0.5771857476774066
2024-07-11 15:33:52 - INFO - Epoch: 34/300, Validation Loss: 0.5756333369374926, Accuracy: 66.28036741351188%
2024-07-11 15:33:52 - INFO - Model saved with validation accuracy: 66.28036741351188%
2024-07-11 15:33:54 - INFO - Epoch: 35/300, Training Loss: 0.5728287718096551
2024-07-11 15:33:54 - INFO - Epoch: 35/300, Validation Loss: 0.5675155689807537, Accuracy: 67.2418233324749%
2024-07-11 15:33:54 - INFO - Model saved with validation accuracy: 67.2418233324749%
2024-07-11 15:33:56 - INFO - Epoch: 36/300, Training Loss: 0.5623787238028805
2024-07-11 15:33:56 - INFO - Epoch: 36/300, Validation Loss: 0.5648059221239038, Accuracy: 66.44347154262168%
2024-07-11 15:33:58 - INFO - Epoch: 37/300, Training Loss: 0.5483798912850264
2024-07-11 15:33:58 - INFO - Epoch: 37/300, Validation Loss: 0.5478230376061195, Accuracy: 69.38793029444588%
2024-07-11 15:33:58 - INFO - Model saved with validation accuracy: 69.38793029444588%
2024-07-11 15:34:00 - INFO - Epoch: 38/300, Training Loss: 0.5412140214721198
2024-07-11 15:34:00 - INFO - Epoch: 38/300, Validation Loss: 0.5411018305788926, Accuracy: 69.50811228431625%
2024-07-11 15:34:00 - INFO - Model saved with validation accuracy: 69.50811228431625%
2024-07-11 15:34:02 - INFO - Epoch: 39/300, Training Loss: 0.5400281239030129
2024-07-11 15:34:03 - INFO - Epoch: 39/300, Validation Loss: 0.537316339914916, Accuracy: 69.79139840329643%
2024-07-11 15:34:03 - INFO - Model saved with validation accuracy: 69.79139840329643%
2024-07-11 15:34:05 - INFO - Epoch: 40/300, Training Loss: 0.5358152250939436
2024-07-11 15:34:05 - INFO - Epoch: 40/300, Validation Loss: 0.539460394388991, Accuracy: 69.79139840329643%
2024-07-11 15:34:07 - INFO - Epoch: 41/300, Training Loss: 0.5309891452596348
2024-07-11 15:34:07 - INFO - Epoch: 41/300, Validation Loss: 0.5284907027997606, Accuracy: 69.9630869602541%
2024-07-11 15:34:07 - INFO - Model saved with validation accuracy: 69.9630869602541%
2024-07-11 15:34:09 - INFO - Epoch: 42/300, Training Loss: 0.5196399457333674
2024-07-11 15:34:09 - INFO - Epoch: 42/300, Validation Loss: 0.518813538258193, Accuracy: 71.26791999313245%
2024-07-11 15:34:09 - INFO - Model saved with validation accuracy: 71.26791999313245%
2024-07-11 15:34:11 - INFO - Epoch: 43/300, Training Loss: 0.5137874773500387
2024-07-11 15:34:12 - INFO - Epoch: 43/300, Validation Loss: 0.5295863781796127, Accuracy: 70.35797064125676%
2024-07-11 15:34:14 - INFO - Epoch: 44/300, Training Loss: 0.5091796233657293
2024-07-11 15:34:14 - INFO - Epoch: 44/300, Validation Loss: 0.5211621592930757, Accuracy: 69.60254099064298%
2024-07-11 15:34:16 - INFO - Epoch: 45/300, Training Loss: 0.5062375165143949
2024-07-11 15:34:16 - INFO - Epoch: 45/300, Validation Loss: 0.5058455807589443, Accuracy: 70.88162073997768%
2024-07-11 15:34:18 - INFO - Epoch: 46/300, Training Loss: 0.4995061849615701
2024-07-11 15:34:18 - INFO - Epoch: 46/300, Validation Loss: 0.5033348176648708, Accuracy: 71.10481586402267%
2024-07-11 15:34:20 - INFO - Epoch: 47/300, Training Loss: 0.4954974122335227
2024-07-11 15:34:20 - INFO - Epoch: 47/300, Validation Loss: 0.49390886683281654, Accuracy: 71.00180272984805%
2024-07-11 15:34:22 - INFO - Epoch: 48/300, Training Loss: 0.48836241509198164
2024-07-11 15:34:23 - INFO - Epoch: 48/300, Validation Loss: 0.4884209165481922, Accuracy: 70.83011417289038%
2024-07-11 15:34:25 - INFO - Epoch: 49/300, Training Loss: 0.48333332206241386
2024-07-11 15:34:25 - INFO - Epoch: 49/300, Validation Loss: 0.4871073786494999, Accuracy: 71.34517984376342%
2024-07-11 15:34:25 - INFO - Model saved with validation accuracy: 71.34517984376342%
2024-07-11 15:34:27 - INFO - Epoch: 50/300, Training Loss: 0.4806242287158966
2024-07-11 15:34:27 - INFO - Epoch: 50/300, Validation Loss: 0.47980276645858433, Accuracy: 71.01897158554382%
2024-07-11 15:34:29 - INFO - Epoch: 51/300, Training Loss: 0.4763708637902112
2024-07-11 15:34:30 - INFO - Epoch: 51/300, Validation Loss: 0.47947850450873375, Accuracy: 71.22499785389304%
2024-07-11 15:34:31 - INFO - Epoch: 52/300, Training Loss: 0.4715760023996173
2024-07-11 15:34:32 - INFO - Epoch: 52/300, Validation Loss: 0.47222617871122935, Accuracy: 70.72710103871577%
2024-07-11 15:34:34 - INFO - Epoch: 53/300, Training Loss: 0.46634735316242537
2024-07-11 15:34:34 - INFO - Epoch: 53/300, Validation Loss: 0.4638110332832229, Accuracy: 71.28508884882822%
2024-07-11 15:34:36 - INFO - Epoch: 54/300, Training Loss: 0.4641422329697916
2024-07-11 15:34:36 - INFO - Epoch: 54/300, Validation Loss: 0.4677174033424079, Accuracy: 71.06189372478325%
2024-07-11 15:34:38 - INFO - Epoch: 55/300, Training Loss: 0.45880845262680525
2024-07-11 15:34:38 - INFO - Epoch: 55/300, Validation Loss: 0.45689421495972354, Accuracy: 71.0876470083269%
2024-07-11 15:34:40 - INFO - Epoch: 56/300, Training Loss: 0.4572201136535414
2024-07-11 15:34:41 - INFO - Epoch: 56/300, Validation Loss: 0.46935066159387107, Accuracy: 70.45239934758348%
2024-07-11 15:34:42 - INFO - Epoch: 57/300, Training Loss: 0.45087395021781346
2024-07-11 15:34:43 - INFO - Epoch: 57/300, Validation Loss: 0.4551623779771432, Accuracy: 70.16052880075543%
2024-07-11 15:34:45 - INFO - Epoch: 58/300, Training Loss: 0.4488661796958358
2024-07-11 15:34:45 - INFO - Epoch: 58/300, Validation Loss: 0.44937722124362905, Accuracy: 71.0876470083269%
2024-07-11 15:34:47 - INFO - Epoch: 59/300, Training Loss: 0.44674460362995605
2024-07-11 15:34:47 - INFO - Epoch: 59/300, Validation Loss: 0.44352042782909235, Accuracy: 71.302257704524%
2024-07-11 15:34:49 - INFO - Epoch: 60/300, Training Loss: 0.4448120415374248
2024-07-11 15:34:49 - INFO - Epoch: 60/300, Validation Loss: 0.44086237673525563, Accuracy: 71.55120611211262%
2024-07-11 15:34:49 - INFO - Model saved with validation accuracy: 71.55120611211262%
2024-07-11 15:34:51 - INFO - Epoch: 61/300, Training Loss: 0.44124855924862727
2024-07-11 15:34:52 - INFO - Epoch: 61/300, Validation Loss: 0.44041121035274833, Accuracy: 71.57695939565627%
2024-07-11 15:34:52 - INFO - Model saved with validation accuracy: 71.57695939565627%
2024-07-11 15:34:53 - INFO - Epoch: 62/300, Training Loss: 0.43907277467973604
2024-07-11 15:34:54 - INFO - Epoch: 62/300, Validation Loss: 0.4452576218300138, Accuracy: 70.88162073997768%
2024-07-11 15:34:56 - INFO - Epoch: 63/300, Training Loss: 0.4365524095681142
2024-07-11 15:34:56 - INFO - Epoch: 63/300, Validation Loss: 0.43795582874489775, Accuracy: 71.11340029187055%
2024-07-11 15:34:58 - INFO - Epoch: 64/300, Training Loss: 0.4334393528345027
2024-07-11 15:34:58 - INFO - Epoch: 64/300, Validation Loss: 0.438215800616992, Accuracy: 70.93312730706498%
2024-07-11 15:35:00 - INFO - Epoch: 65/300, Training Loss: 0.4362956908504659
2024-07-11 15:35:00 - INFO - Epoch: 65/300, Validation Loss: 0.43726883073021844, Accuracy: 71.5168684007211%
2024-07-11 15:35:02 - INFO - Epoch: 66/300, Training Loss: 0.43229113098116406
2024-07-11 15:35:03 - INFO - Epoch: 66/300, Validation Loss: 0.43192448419813945, Accuracy: 70.7614387501073%
2024-07-11 15:35:05 - INFO - Epoch: 67/300, Training Loss: 0.4309929846000279
2024-07-11 15:35:05 - INFO - Epoch: 67/300, Validation Loss: 0.4423121997235404, Accuracy: 70.68417889947635%
2024-07-11 15:35:07 - INFO - Epoch: 68/300, Training Loss: 0.42822111997911794
2024-07-11 15:35:07 - INFO - Epoch: 68/300, Validation Loss: 0.4315395750273324, Accuracy: 71.17349128680573%
2024-07-11 15:35:09 - INFO - Epoch: 69/300, Training Loss: 0.4284148503232885
2024-07-11 15:35:09 - INFO - Epoch: 69/300, Validation Loss: 0.4363785097426404, Accuracy: 69.9630869602541%
2024-07-11 15:35:11 - INFO - Epoch: 70/300, Training Loss: 0.42631103930322883
2024-07-11 15:35:11 - INFO - Epoch: 70/300, Validation Loss: 0.43129568544720287, Accuracy: 70.78719203365095%
2024-07-11 15:35:13 - INFO - Epoch: 71/300, Training Loss: 0.42358539043957644
2024-07-11 15:35:14 - INFO - Epoch: 71/300, Validation Loss: 0.4310199548134102, Accuracy: 70.19486651214696%
2024-07-11 15:35:16 - INFO - Epoch: 72/300, Training Loss: 0.4233272315216326
2024-07-11 15:35:16 - INFO - Epoch: 72/300, Validation Loss: 0.4283639471841177, Accuracy: 70.03176238303718%
2024-07-11 15:35:18 - INFO - Epoch: 73/300, Training Loss: 0.4210036012697939
2024-07-11 15:35:18 - INFO - Epoch: 73/300, Validation Loss: 0.42679819996027235, Accuracy: 70.28929521847368%
2024-07-11 15:35:20 - INFO - Epoch: 74/300, Training Loss: 0.42342784113681203
2024-07-11 15:35:20 - INFO - Epoch: 74/300, Validation Loss: 0.4250819887234346, Accuracy: 71.32801098806765%
2024-07-11 15:35:22 - INFO - Epoch: 75/300, Training Loss: 0.4191600727364523
2024-07-11 15:35:22 - INFO - Epoch: 75/300, Validation Loss: 0.42336614223074964, Accuracy: 70.15194437290755%
2024-07-11 15:35:24 - INFO - Epoch: 76/300, Training Loss: 0.42010725356014994
2024-07-11 15:35:25 - INFO - Epoch: 76/300, Validation Loss: 0.4269405255994958, Accuracy: 70.57258133745385%
2024-07-11 15:35:27 - INFO - Epoch: 77/300, Training Loss: 0.42051154383252515
2024-07-11 15:35:27 - INFO - Epoch: 77/300, Validation Loss: 0.4209287889919478, Accuracy: 70.69276332732423%
2024-07-11 15:35:29 - INFO - Epoch: 78/300, Training Loss: 0.41605723368205816
2024-07-11 15:35:29 - INFO - Epoch: 78/300, Validation Loss: 0.42564188496876365, Accuracy: 70.2292042235385%
2024-07-11 15:35:31 - INFO - Epoch: 79/300, Training Loss: 0.41670791802746443
2024-07-11 15:35:32 - INFO - Epoch: 79/300, Validation Loss: 0.42416654979775764, Accuracy: 70.0145935273414%
2024-07-11 15:35:34 - INFO - Epoch: 80/300, Training Loss: 0.4147968029370851
2024-07-11 15:35:34 - INFO - Epoch: 80/300, Validation Loss: 0.42325589677402903, Accuracy: 70.0661000944287%
2024-07-11 15:35:36 - INFO - Epoch: 81/300, Training Loss: 0.41408097020392554
2024-07-11 15:35:36 - INFO - Epoch: 81/300, Validation Loss: 0.4229557562496671, Accuracy: 70.0661000944287%
2024-07-11 15:35:38 - INFO - Epoch: 82/300, Training Loss: 0.41132305028997823
2024-07-11 15:35:38 - INFO - Epoch: 82/300, Validation Loss: 0.42052724376956035, Accuracy: 70.08326895012448%
2024-07-11 15:35:40 - INFO - Epoch: 83/300, Training Loss: 0.41406369262434983
2024-07-11 15:35:41 - INFO - Epoch: 83/300, Validation Loss: 0.4201482884389287, Accuracy: 70.0145935273414%
2024-07-11 15:35:42 - INFO - Epoch: 84/300, Training Loss: 0.4128918495075202
2024-07-11 15:35:43 - INFO - Epoch: 84/300, Validation Loss: 0.4215954837384201, Accuracy: 69.3192548716628%
2024-07-11 15:35:45 - INFO - Epoch: 85/300, Training Loss: 0.4177742893558471
2024-07-11 15:35:45 - INFO - Epoch: 85/300, Validation Loss: 0.4147716973864669, Accuracy: 69.98025581594986%
2024-07-11 15:35:47 - INFO - Epoch: 86/300, Training Loss: 0.4115556497714484
2024-07-11 15:35:47 - INFO - Epoch: 86/300, Validation Loss: 0.41822407815396745, Accuracy: 71.13056914756632%
2024-07-11 15:35:49 - INFO - Epoch: 87/300, Training Loss: 0.41245974279398456
2024-07-11 15:35:49 - INFO - Epoch: 87/300, Validation Loss: 0.42165890827970937, Accuracy: 69.82573611468796%
2024-07-11 15:35:51 - INFO - Epoch: 88/300, Training Loss: 0.40918941822398675
2024-07-11 15:35:51 - INFO - Epoch: 88/300, Validation Loss: 0.424698165770559, Accuracy: 69.62829427418663%
2024-07-11 15:35:53 - INFO - Epoch: 89/300, Training Loss: 0.40922814137487584
2024-07-11 15:35:53 - INFO - Epoch: 89/300, Validation Loss: 0.4153412376117608, Accuracy: 69.86865825392738%
2024-07-11 15:35:56 - INFO - Epoch: 90/300, Training Loss: 0.4098224649295231
2024-07-11 15:35:56 - INFO - Epoch: 90/300, Validation Loss: 0.41634448382540196, Accuracy: 69.67980084127393%
2024-07-11 15:35:58 - INFO - Epoch: 91/300, Training Loss: 0.40969026777561146
2024-07-11 15:35:58 - INFO - Epoch: 91/300, Validation Loss: 0.4180494762567932, Accuracy: 69.83432054253583%
2024-07-11 15:36:00 - INFO - Epoch: 92/300, Training Loss: 0.40708603298059054
2024-07-11 15:36:00 - INFO - Epoch: 92/300, Validation Loss: 0.4123064323923712, Accuracy: 69.36217701090223%
2024-07-11 15:36:02 - INFO - Epoch: 93/300, Training Loss: 0.40490224250223084
2024-07-11 15:36:02 - INFO - Epoch: 93/300, Validation Loss: 0.4174471150480877, Accuracy: 69.77422954760065%
2024-07-11 15:36:04 - INFO - Epoch: 94/300, Training Loss: 0.4067701849836054
2024-07-11 15:36:05 - INFO - Epoch: 94/300, Validation Loss: 0.41550507378122575, Accuracy: 69.23341059318396%
2024-07-11 15:36:07 - INFO - Epoch: 95/300, Training Loss: 0.4057329159909642
2024-07-11 15:36:07 - INFO - Epoch: 95/300, Validation Loss: 0.41727516889735, Accuracy: 69.79139840329643%
2024-07-11 15:36:09 - INFO - Epoch: 96/300, Training Loss: 0.4056723268577428
2024-07-11 15:36:09 - INFO - Epoch: 96/300, Validation Loss: 0.4174372747049367, Accuracy: 69.66263198557816%
2024-07-11 15:36:11 - INFO - Epoch: 97/300, Training Loss: 0.40515192153522506
2024-07-11 15:36:11 - INFO - Epoch: 97/300, Validation Loss: 0.41352659557332777, Accuracy: 69.8514893982316%
2024-07-11 15:36:13 - INFO - Epoch: 98/300, Training Loss: 0.4064271465986354
2024-07-11 15:36:14 - INFO - Epoch: 98/300, Validation Loss: 0.4166072917771109, Accuracy: 69.60254099064298%
2024-07-11 15:36:16 - INFO - Epoch: 99/300, Training Loss: 0.40575832105018145
2024-07-11 15:36:16 - INFO - Epoch: 99/300, Validation Loss: 0.4164520423430593, Accuracy: 70.0145935273414%
2024-07-11 15:36:18 - INFO - Epoch: 100/300, Training Loss: 0.40485276316582586
2024-07-11 15:36:18 - INFO - Epoch: 100/300, Validation Loss: 0.41223159871799514, Accuracy: 69.89441153747103%
2024-07-11 15:36:20 - INFO - Epoch: 101/300, Training Loss: 0.40378339562069404
2024-07-11 15:36:20 - INFO - Epoch: 101/300, Validation Loss: 0.41786996015991484, Accuracy: 70.1776976564512%
2024-07-11 15:36:22 - INFO - Epoch: 102/300, Training Loss: 0.40417251076717925
2024-07-11 15:36:23 - INFO - Epoch: 102/300, Validation Loss: 0.41413186040543604, Accuracy: 69.55103442355566%
2024-07-11 15:36:25 - INFO - Epoch: 103/300, Training Loss: 0.4016326973712984
2024-07-11 15:36:25 - INFO - Epoch: 103/300, Validation Loss: 0.4118422321110704, Accuracy: 68.90720233496438%
2024-07-11 15:36:27 - INFO - Epoch: 104/300, Training Loss: 0.40256834841641215
2024-07-11 15:36:27 - INFO - Epoch: 104/300, Validation Loss: 0.4117152122483281, Accuracy: 69.81715168684008%
2024-07-11 15:36:29 - INFO - Epoch: 105/300, Training Loss: 0.4039599214193752
2024-07-11 15:36:29 - INFO - Epoch: 105/300, Validation Loss: 0.41540703918971567, Accuracy: 70.34938621340888%
2024-07-11 15:36:31 - INFO - Epoch: 106/300, Training Loss: 0.39966756342533355
2024-07-11 15:36:31 - INFO - Epoch: 106/300, Validation Loss: 0.4224927997290694, Accuracy: 69.9630869602541%
2024-07-11 15:36:33 - INFO - Epoch: 107/300, Training Loss: 0.40139224385364886
2024-07-11 15:36:33 - INFO - Epoch: 107/300, Validation Loss: 0.4126870755678427, Accuracy: 69.70555412481758%
2024-07-11 15:36:36 - INFO - Epoch: 108/300, Training Loss: 0.3985274780250381
2024-07-11 15:36:36 - INFO - Epoch: 108/300, Validation Loss: 0.41248701291195056, Accuracy: 69.9115803931668%
2024-07-11 15:36:38 - INFO - Epoch: 109/300, Training Loss: 0.40139583779297083
2024-07-11 15:36:38 - INFO - Epoch: 109/300, Validation Loss: 0.4127656131715382, Accuracy: 69.46519014507683%
2024-07-11 15:36:40 - INFO - Epoch: 110/300, Training Loss: 0.4048119904818358
2024-07-11 15:36:40 - INFO - Epoch: 110/300, Validation Loss: 0.4167444226867567, Accuracy: 69.06172203622629%
2024-07-11 15:36:42 - INFO - Epoch: 111/300, Training Loss: 0.40275361900957524
2024-07-11 15:36:43 - INFO - Epoch: 111/300, Validation Loss: 0.41255172759487263, Accuracy: 69.52528114001201%
2024-07-11 15:36:45 - INFO - Epoch: 112/300, Training Loss: 0.39929191978707074
2024-07-11 15:36:45 - INFO - Epoch: 112/300, Validation Loss: 0.415424463840038, Accuracy: 69.55961885140356%
2024-07-11 15:36:47 - INFO - Epoch: 113/300, Training Loss: 0.39860000168018056
2024-07-11 15:36:47 - INFO - Epoch: 113/300, Validation Loss: 0.4109417002941261, Accuracy: 68.89861790711649%
2024-07-11 15:36:49 - INFO - Epoch: 114/300, Training Loss: 0.40053537056688093
2024-07-11 15:36:49 - INFO - Epoch: 114/300, Validation Loss: 0.4120533936322238, Accuracy: 69.14756631470513%
2024-07-11 15:36:51 - INFO - Epoch: 115/300, Training Loss: 0.4015856987409631
2024-07-11 15:36:52 - INFO - Epoch: 115/300, Validation Loss: 0.41118249975452126, Accuracy: 68.73551377800669%
2024-07-11 15:36:54 - INFO - Epoch: 116/300, Training Loss: 0.3982159291765817
2024-07-11 15:36:54 - INFO - Epoch: 116/300, Validation Loss: 0.4160680226681298, Accuracy: 68.85569576787707%
2024-07-11 15:36:56 - INFO - Epoch: 117/300, Training Loss: 0.3965803194888171
2024-07-11 15:36:56 - INFO - Epoch: 117/300, Validation Loss: 0.40803835619963985, Accuracy: 68.94154004635591%
2024-07-11 15:36:58 - INFO - Epoch: 118/300, Training Loss: 0.39928344239586827
2024-07-11 15:36:58 - INFO - Epoch: 118/300, Validation Loss: 0.41505468016537417, Accuracy: 69.33642372735858%
2024-07-11 15:37:00 - INFO - Epoch: 119/300, Training Loss: 0.40061372733165207
2024-07-11 15:37:01 - INFO - Epoch: 119/300, Validation Loss: 0.40833039550127237, Accuracy: 69.06172203622629%
2024-07-11 15:37:03 - INFO - Epoch: 120/300, Training Loss: 0.4008561127061543
2024-07-11 15:37:03 - INFO - Epoch: 120/300, Validation Loss: 0.4098410308252113, Accuracy: 68.80418920078976%
2024-07-11 15:37:05 - INFO - Epoch: 121/300, Training Loss: 0.3986007999245522
2024-07-11 15:37:05 - INFO - Epoch: 121/300, Validation Loss: 0.41007832064994043, Accuracy: 68.99304661344321%
2024-07-11 15:37:07 - INFO - Epoch: 122/300, Training Loss: 0.39558537136788885
2024-07-11 15:37:07 - INFO - Epoch: 122/300, Validation Loss: 0.4111779970441747, Accuracy: 68.52948750965749%
2024-07-11 15:37:09 - INFO - Epoch: 123/300, Training Loss: 0.3971168569126901
2024-07-11 15:37:09 - INFO - Epoch: 123/300, Validation Loss: 0.4124707345171835, Accuracy: 68.84711134002919%
2024-07-11 15:37:11 - INFO - Epoch: 124/300, Training Loss: 0.3977820272717129
2024-07-11 15:37:12 - INFO - Epoch: 124/300, Validation Loss: 0.41206009791295783, Accuracy: 69.01021546913898%
2024-07-11 15:37:13 - INFO - Epoch: 125/300, Training Loss: 0.3975649592358062
2024-07-11 15:37:14 - INFO - Epoch: 125/300, Validation Loss: 0.41222157139621185, Accuracy: 69.19907288179243%
2024-07-11 15:37:16 - INFO - Epoch: 126/300, Training Loss: 0.3949269984934392
2024-07-11 15:37:16 - INFO - Epoch: 126/300, Validation Loss: 0.40894644277531633, Accuracy: 69.11322860331359%
2024-07-11 15:37:18 - INFO - Epoch: 127/300, Training Loss: 0.39543396778230966
2024-07-11 15:37:18 - INFO - Epoch: 127/300, Validation Loss: 0.40793758367649163, Accuracy: 69.00163104129109%
2024-07-11 15:37:20 - INFO - Epoch: 128/300, Training Loss: 0.3961633620029941
2024-07-11 15:37:21 - INFO - Epoch: 128/300, Validation Loss: 0.4104176254787077, Accuracy: 69.5338655678599%
2024-07-11 15:37:23 - INFO - Epoch: 129/300, Training Loss: 0.3966002825274553
2024-07-11 15:37:23 - INFO - Epoch: 129/300, Validation Loss: 0.4326701439300261, Accuracy: 68.80418920078976%
2024-07-11 15:37:25 - INFO - Epoch: 130/300, Training Loss: 0.3975029069782121
2024-07-11 15:37:25 - INFO - Epoch: 130/300, Validation Loss: 0.40737878119621024, Accuracy: 68.79560477294189%
2024-07-11 15:37:27 - INFO - Epoch: 131/300, Training Loss: 0.39309547737302114
2024-07-11 15:37:28 - INFO - Epoch: 131/300, Validation Loss: 0.40928955122958816, Accuracy: 69.19048845394454%
2024-07-11 15:37:30 - INFO - Epoch: 132/300, Training Loss: 0.3952519490149777
2024-07-11 15:37:30 - INFO - Epoch: 132/300, Validation Loss: 0.4140991951193865, Accuracy: 68.87286462357284%
2024-07-11 15:37:32 - INFO - Epoch: 133/300, Training Loss: 0.3964855470611562
2024-07-11 15:37:32 - INFO - Epoch: 133/300, Validation Loss: 0.40701088844671274, Accuracy: 69.01021546913898%
2024-07-11 15:37:35 - INFO - Epoch: 134/300, Training Loss: 0.3966135605454281
2024-07-11 15:37:35 - INFO - Epoch: 134/300, Validation Loss: 0.41162577466793115, Accuracy: 68.75268263370246%
2024-07-11 15:37:37 - INFO - Epoch: 135/300, Training Loss: 0.3961911328412868
2024-07-11 15:37:37 - INFO - Epoch: 135/300, Validation Loss: 0.41371067116610183, Accuracy: 69.32783929951069%
2024-07-11 15:37:39 - INFO - Epoch: 136/300, Training Loss: 0.39436829433519655
2024-07-11 15:37:39 - INFO - Epoch: 136/300, Validation Loss: 0.4098301446796083, Accuracy: 68.81277362863766%
2024-07-11 15:37:41 - INFO - Epoch: 137/300, Training Loss: 0.3919692263926989
2024-07-11 15:37:41 - INFO - Epoch: 137/300, Validation Loss: 0.4099938999744785, Accuracy: 69.43943686153318%
2024-07-11 15:37:43 - INFO - Epoch: 138/300, Training Loss: 0.3936723081908599
2024-07-11 15:37:44 - INFO - Epoch: 138/300, Validation Loss: 0.4229089461200676, Accuracy: 69.65404755773028%
2024-07-11 15:37:46 - INFO - Epoch: 139/300, Training Loss: 0.3961670244590409
2024-07-11 15:37:46 - INFO - Epoch: 139/300, Validation Loss: 0.41141711085430593, Accuracy: 68.90720233496438%
2024-07-11 15:37:48 - INFO - Epoch: 140/300, Training Loss: 0.39341735750927354
2024-07-11 15:37:48 - INFO - Epoch: 140/300, Validation Loss: 0.4063125946392023, Accuracy: 68.77843591724611%
2024-07-11 15:37:50 - INFO - Epoch: 141/300, Training Loss: 0.3935381742743635
2024-07-11 15:37:50 - INFO - Epoch: 141/300, Validation Loss: 0.41378022230583655, Accuracy: 69.09605974761782%
2024-07-11 15:37:52 - INFO - Epoch: 142/300, Training Loss: 0.3924707767077107
2024-07-11 15:37:53 - INFO - Epoch: 142/300, Validation Loss: 0.41254415015914747, Accuracy: 68.90720233496438%
2024-07-11 15:37:55 - INFO - Epoch: 143/300, Training Loss: 0.3952124194639373
2024-07-11 15:37:55 - INFO - Epoch: 143/300, Validation Loss: 0.4113597674307234, Accuracy: 69.31067044381491%
2024-07-11 15:37:57 - INFO - Epoch: 144/300, Training Loss: 0.39363332900163733
2024-07-11 15:37:57 - INFO - Epoch: 144/300, Validation Loss: 0.4125415637173602, Accuracy: 69.25916387672761%
2024-07-11 15:37:59 - INFO - Epoch: 145/300, Training Loss: 0.39281469150171683
2024-07-11 15:38:00 - INFO - Epoch: 145/300, Validation Loss: 0.40720266477440475, Accuracy: 69.65404755773028%
2024-07-11 15:38:02 - INFO - Epoch: 146/300, Training Loss: 0.3927275982004461
2024-07-11 15:38:02 - INFO - Epoch: 146/300, Validation Loss: 0.4125762376602896, Accuracy: 68.82135805648554%
2024-07-11 15:38:04 - INFO - Epoch: 147/300, Training Loss: 0.39175318702748774
2024-07-11 15:38:04 - INFO - Epoch: 147/300, Validation Loss: 0.4109010100361554, Accuracy: 69.07030646407416%
2024-07-11 15:38:06 - INFO - Epoch: 148/300, Training Loss: 0.3928396803402279
2024-07-11 15:38:06 - INFO - Epoch: 148/300, Validation Loss: 0.404694021560352, Accuracy: 70.10902223366813%
2024-07-11 15:38:08 - INFO - Epoch: 149/300, Training Loss: 0.39173646837432036
2024-07-11 15:38:08 - INFO - Epoch: 149/300, Validation Loss: 0.40711152016016167, Accuracy: 68.97587775774744%
2024-07-11 15:38:11 - INFO - Epoch: 150/300, Training Loss: 0.39224490261699274
2024-07-11 15:38:11 - INFO - Epoch: 150/300, Validation Loss: 0.41381314949791237, Accuracy: 68.49514979826594%
2024-07-11 15:38:13 - INFO - Epoch: 151/300, Training Loss: 0.3939938490037565
2024-07-11 15:38:13 - INFO - Epoch: 151/300, Validation Loss: 0.40687494684975145, Accuracy: 68.88144905142072%
2024-07-11 15:38:15 - INFO - Epoch: 152/300, Training Loss: 0.3919053391255796
2024-07-11 15:38:15 - INFO - Epoch: 152/300, Validation Loss: 0.4033967992627218, Accuracy: 68.29770795776462%
2024-07-11 15:38:17 - INFO - Epoch: 153/300, Training Loss: 0.3948470078337176
2024-07-11 15:38:17 - INFO - Epoch: 153/300, Validation Loss: 0.40838279912137404, Accuracy: 68.24620139067731%
2024-07-11 15:38:19 - INFO - Epoch: 154/300, Training Loss: 0.3925258400140966
2024-07-11 15:38:19 - INFO - Epoch: 154/300, Validation Loss: 0.4118220006492792, Accuracy: 69.01879989698686%
2024-07-11 15:38:21 - INFO - Epoch: 155/300, Training Loss: 0.3937139816081409
2024-07-11 15:38:22 - INFO - Epoch: 155/300, Validation Loss: 0.4063166883103799, Accuracy: 68.89003347926861%
2024-07-11 15:38:24 - INFO - Epoch: 156/300, Training Loss: 0.3931977901766166
2024-07-11 15:38:24 - INFO - Epoch: 156/300, Validation Loss: 0.4097132153490081, Accuracy: 69.15615074255301%
2024-07-11 15:38:26 - INFO - Epoch: 157/300, Training Loss: 0.3908473838871889
2024-07-11 15:38:26 - INFO - Epoch: 157/300, Validation Loss: 0.4068810429978571, Accuracy: 68.83852691218131%
2024-07-11 15:38:28 - INFO - Epoch: 158/300, Training Loss: 0.3904271843665585
2024-07-11 15:38:28 - INFO - Epoch: 158/300, Validation Loss: 0.40787376504101946, Accuracy: 68.79560477294189%
2024-07-11 15:38:30 - INFO - Epoch: 159/300, Training Loss: 0.3891889987250251
2024-07-11 15:38:30 - INFO - Epoch: 159/300, Validation Loss: 0.40576857491221424, Accuracy: 68.48656537041806%
2024-07-11 15:38:32 - INFO - Epoch: 160/300, Training Loss: 0.39058649550167784
2024-07-11 15:38:33 - INFO - Epoch: 160/300, Validation Loss: 0.4096583150751895, Accuracy: 68.94154004635591%
2024-07-11 15:38:35 - INFO - Epoch: 161/300, Training Loss: 0.3938051275755643
2024-07-11 15:38:35 - INFO - Epoch: 161/300, Validation Loss: 0.4104600682043721, Accuracy: 68.35779895269981%
2024-07-11 15:38:37 - INFO - Epoch: 162/300, Training Loss: 0.3914056301771041
2024-07-11 15:38:37 - INFO - Epoch: 162/300, Validation Loss: 0.40775168772554937, Accuracy: 68.66683835522362%
2024-07-11 15:38:39 - INFO - Epoch: 163/300, Training Loss: 0.3879951888232892
2024-07-11 15:38:39 - INFO - Epoch: 163/300, Validation Loss: 0.40515550269608996, Accuracy: 68.29770795776462%
2024-07-11 15:38:41 - INFO - Epoch: 164/300, Training Loss: 0.3902848851656227
2024-07-11 15:38:42 - INFO - Epoch: 164/300, Validation Loss: 0.4056885568159467, Accuracy: 68.76985148939823%
2024-07-11 15:38:44 - INFO - Epoch: 165/300, Training Loss: 0.3891925921124522
2024-07-11 15:38:44 - INFO - Epoch: 165/300, Validation Loss: 0.40954455977526416, Accuracy: 68.77843591724611%
2024-07-11 15:38:46 - INFO - Epoch: 166/300, Training Loss: 0.39120492662094913
2024-07-11 15:38:46 - INFO - Epoch: 166/300, Validation Loss: 0.4096242967845653, Accuracy: 68.87286462357284%
2024-07-11 15:38:48 - INFO - Epoch: 167/300, Training Loss: 0.3897915459423235
2024-07-11 15:38:49 - INFO - Epoch: 167/300, Validation Loss: 0.4076245894518495, Accuracy: 69.06172203622629%
2024-07-11 15:38:51 - INFO - Epoch: 168/300, Training Loss: 0.3873808825048727
2024-07-11 15:38:51 - INFO - Epoch: 168/300, Validation Loss: 0.40654113481557275, Accuracy: 68.40072109193922%
2024-07-11 15:38:53 - INFO - Epoch: 169/300, Training Loss: 0.38916422261132133
2024-07-11 15:38:53 - INFO - Epoch: 169/300, Validation Loss: 0.41011674726517117, Accuracy: 68.98446218559533%
2024-07-11 15:38:55 - INFO - Epoch: 170/300, Training Loss: 0.3878045930783935
2024-07-11 15:38:55 - INFO - Epoch: 170/300, Validation Loss: 0.41029321219046155, Accuracy: 68.41788994763499%
2024-07-11 15:38:57 - INFO - Epoch: 171/300, Training Loss: 0.38898816866230407
2024-07-11 15:38:57 - INFO - Epoch: 171/300, Validation Loss: 0.4115654443456181, Accuracy: 68.70976049446304%
2024-07-11 15:38:59 - INFO - Epoch: 172/300, Training Loss: 0.38886207023275243
2024-07-11 15:39:00 - INFO - Epoch: 172/300, Validation Loss: 0.41323989108574705, Accuracy: 68.40930551978711%
2024-07-11 15:39:02 - INFO - Epoch: 173/300, Training Loss: 0.3882403078147904
2024-07-11 15:39:02 - INFO - Epoch: 173/300, Validation Loss: 0.4144735471472093, Accuracy: 68.32346124130827%
2024-07-11 15:39:04 - INFO - Epoch: 174/300, Training Loss: 0.3881929780884208
2024-07-11 15:39:04 - INFO - Epoch: 174/300, Validation Loss: 0.4119054548074252, Accuracy: 68.52090308180959%
2024-07-11 15:39:06 - INFO - Epoch: 175/300, Training Loss: 0.38910457187310493
2024-07-11 15:39:07 - INFO - Epoch: 175/300, Validation Loss: 0.4047396409346891, Accuracy: 68.28053910206884%
2024-07-11 15:39:09 - INFO - Epoch: 176/300, Training Loss: 0.38679849406492234
2024-07-11 15:39:09 - INFO - Epoch: 176/300, Validation Loss: 0.4144750657626011, Accuracy: 68.94154004635591%
2024-07-11 15:39:11 - INFO - Epoch: 177/300, Training Loss: 0.38729316112681184
2024-07-11 15:39:11 - INFO - Epoch: 177/300, Validation Loss: 0.4123654798730958, Accuracy: 68.01442183878444%
2024-07-11 15:39:13 - INFO - Epoch: 178/300, Training Loss: 0.38819495043800367
2024-07-11 15:39:13 - INFO - Epoch: 178/300, Validation Loss: 0.4095064776190872, Accuracy: 68.35779895269981%
2024-07-11 15:39:15 - INFO - Epoch: 179/300, Training Loss: 0.389238031721573
2024-07-11 15:39:16 - INFO - Epoch: 179/300, Validation Loss: 0.40758052614850276, Accuracy: 67.98008412739291%
2024-07-11 15:39:17 - INFO - Epoch: 180/300, Training Loss: 0.3890418557473171
2024-07-11 15:39:18 - INFO - Epoch: 180/300, Validation Loss: 0.40991777930720985, Accuracy: 67.92857756030561%
2024-07-11 15:39:20 - INFO - Epoch: 181/300, Training Loss: 0.39371901274299753
2024-07-11 15:39:20 - INFO - Epoch: 181/300, Validation Loss: 0.41365451076583426, Accuracy: 68.62391621598421%
2024-07-11 15:39:22 - INFO - Epoch: 182/300, Training Loss: 0.3914544310916435
2024-07-11 15:39:22 - INFO - Epoch: 182/300, Validation Loss: 0.41080609957237957, Accuracy: 68.0401751223281%
2024-07-11 15:39:24 - INFO - Epoch: 183/300, Training Loss: 0.38823029542002
2024-07-11 15:39:24 - INFO - Epoch: 183/300, Validation Loss: 0.4076730801100153, Accuracy: 68.20327925143789%
2024-07-11 15:39:26 - INFO - Epoch: 184/300, Training Loss: 0.38813896659143343
2024-07-11 15:39:27 - INFO - Epoch: 184/300, Validation Loss: 0.40829505864961196, Accuracy: 68.68400721091939%
2024-07-11 15:39:29 - INFO - Epoch: 185/300, Training Loss: 0.3882157028498146
2024-07-11 15:39:29 - INFO - Epoch: 185/300, Validation Loss: 0.41263605629797107, Accuracy: 68.45222765902652%
2024-07-11 15:39:31 - INFO - Epoch: 186/300, Training Loss: 0.3872454268717308
2024-07-11 15:39:31 - INFO - Epoch: 186/300, Validation Loss: 0.40670267854854547, Accuracy: 68.26337024637309%
2024-07-11 15:39:33 - INFO - Epoch: 187/300, Training Loss: 0.3867955098467763
2024-07-11 15:39:33 - INFO - Epoch: 187/300, Validation Loss: 0.4097705654431727, Accuracy: 68.34921452485192%
2024-07-11 15:39:35 - INFO - Epoch: 188/300, Training Loss: 0.39072284732008833
2024-07-11 15:39:36 - INFO - Epoch: 188/300, Validation Loss: 0.4181661710052219, Accuracy: 67.95433084384926%
2024-07-11 15:39:38 - INFO - Epoch: 189/300, Training Loss: 0.3879559828666012
2024-07-11 15:39:38 - INFO - Epoch: 189/300, Validation Loss: 0.40788766513613584, Accuracy: 68.06592840587174%
2024-07-11 15:39:40 - INFO - Epoch: 190/300, Training Loss: 0.3883658693937281
2024-07-11 15:39:41 - INFO - Epoch: 190/300, Validation Loss: 0.4092795964465179, Accuracy: 68.22903253498154%
2024-07-11 15:39:43 - INFO - Epoch: 191/300, Training Loss: 0.38864306332888426
2024-07-11 15:39:43 - INFO - Epoch: 191/300, Validation Loss: 0.4081016930396919, Accuracy: 67.85131770967465%
2024-07-11 15:39:45 - INFO - Epoch: 192/300, Training Loss: 0.38633367684970016
2024-07-11 15:39:45 - INFO - Epoch: 192/300, Validation Loss: 0.4072346887607905, Accuracy: 68.03159069448022%
2024-07-11 15:39:47 - INFO - Epoch: 193/300, Training Loss: 0.3888765838411119
2024-07-11 15:39:47 - INFO - Epoch: 193/300, Validation Loss: 0.40824284546882456, Accuracy: 68.53807193750536%
2024-07-11 15:39:50 - INFO - Epoch: 194/300, Training Loss: 0.3872251160064679
2024-07-11 15:39:50 - INFO - Epoch: 194/300, Validation Loss: 0.40919045980791835, Accuracy: 68.26337024637309%
2024-07-11 15:39:52 - INFO - Epoch: 195/300, Training Loss: 0.3856719126835445
2024-07-11 15:39:52 - INFO - Epoch: 195/300, Validation Loss: 0.4137861237281048, Accuracy: 67.91999313245772%
2024-07-11 15:39:54 - INFO - Epoch: 196/300, Training Loss: 0.38558849829296354
2024-07-11 15:39:55 - INFO - Epoch: 196/300, Validation Loss: 0.4120627744259714, Accuracy: 68.27195467422096%
2024-07-11 15:39:57 - INFO - Epoch: 197/300, Training Loss: 0.38634247292952284
2024-07-11 15:39:57 - INFO - Epoch: 197/300, Validation Loss: 0.4097195572201082, Accuracy: 68.31487681346039%
2024-07-11 15:39:59 - INFO - Epoch: 198/300, Training Loss: 0.3877886129831908
2024-07-11 15:39:59 - INFO - Epoch: 198/300, Validation Loss: 0.4212742799616814, Accuracy: 68.28912352991674%
2024-07-11 15:40:01 - INFO - Epoch: 199/300, Training Loss: 0.3883190713465132
2024-07-11 15:40:02 - INFO - Epoch: 199/300, Validation Loss: 0.4106492636304414, Accuracy: 68.56382522104902%
2024-07-11 15:40:04 - INFO - Epoch: 200/300, Training Loss: 0.38441497175373
2024-07-11 15:40:04 - INFO - Epoch: 200/300, Validation Loss: 0.4093664957850517, Accuracy: 67.95433084384926%
2024-07-11 15:40:06 - INFO - Epoch: 201/300, Training Loss: 0.3884651224922251
2024-07-11 15:40:06 - INFO - Epoch: 201/300, Validation Loss: 0.414306015753221, Accuracy: 67.99725298308867%
2024-07-11 15:40:08 - INFO - Epoch: 202/300, Training Loss: 0.389551327347919
2024-07-11 15:40:09 - INFO - Epoch: 202/300, Validation Loss: 0.42827376527832123, Accuracy: 68.23761696282942%
2024-07-11 15:40:10 - INFO - Epoch: 203/300, Training Loss: 0.38956448701510543
2024-07-11 15:40:11 - INFO - Epoch: 203/300, Validation Loss: 0.4102440346123231, Accuracy: 67.73972014765216%
2024-07-11 15:40:13 - INFO - Epoch: 204/300, Training Loss: 0.3884822514076782
2024-07-11 15:40:13 - INFO - Epoch: 204/300, Validation Loss: 0.4075381099378841, Accuracy: 67.92857756030561%
2024-07-11 15:40:15 - INFO - Epoch: 205/300, Training Loss: 0.38634021772360444
2024-07-11 15:40:15 - INFO - Epoch: 205/300, Validation Loss: 0.42025546118756973, Accuracy: 68.38355223624346%
2024-07-11 15:40:17 - INFO - Epoch: 206/300, Training Loss: 0.3877673490057266
2024-07-11 15:40:17 - INFO - Epoch: 206/300, Validation Loss: 0.412383589750098, Accuracy: 67.67104472486909%
2024-07-11 15:40:19 - INFO - Epoch: 207/300, Training Loss: 0.38701047728908733
2024-07-11 15:40:20 - INFO - Epoch: 207/300, Validation Loss: 0.40993357274650494, Accuracy: 67.93716198815349%
2024-07-11 15:40:22 - INFO - Epoch: 208/300, Training Loss: 0.38402530745141955
2024-07-11 15:40:22 - INFO - Epoch: 208/300, Validation Loss: 0.4077559170498746, Accuracy: 67.73972014765216%
2024-07-11 15:40:24 - INFO - Epoch: 209/300, Training Loss: 0.38800716477820574
2024-07-11 15:40:24 - INFO - Epoch: 209/300, Validation Loss: 0.4140236182280662, Accuracy: 67.90282427676195%
2024-07-11 15:40:26 - INFO - Epoch: 210/300, Training Loss: 0.3863826472777234
2024-07-11 15:40:26 - INFO - Epoch: 210/300, Validation Loss: 0.41144793639349964, Accuracy: 67.81697999828312%
2024-07-11 15:40:28 - INFO - Epoch: 211/300, Training Loss: 0.38659536615729495
2024-07-11 15:40:29 - INFO - Epoch: 211/300, Validation Loss: 0.4186577588474979, Accuracy: 68.02300626663232%
2024-07-11 15:40:31 - INFO - Epoch: 212/300, Training Loss: 0.38595218521086766
2024-07-11 15:40:31 - INFO - Epoch: 212/300, Validation Loss: 0.4122610709379638, Accuracy: 67.54227830715082%
2024-07-11 15:40:33 - INFO - Epoch: 213/300, Training Loss: 0.3861226721760013
2024-07-11 15:40:33 - INFO - Epoch: 213/300, Validation Loss: 0.41507352733534675, Accuracy: 67.49077174006352%
2024-07-11 15:40:35 - INFO - Epoch: 214/300, Training Loss: 0.38480874483150385
2024-07-11 15:40:36 - INFO - Epoch: 214/300, Validation Loss: 0.4155478275536259, Accuracy: 68.52090308180959%
2024-07-11 15:40:38 - INFO - Epoch: 215/300, Training Loss: 0.38572978413317593
2024-07-11 15:40:38 - INFO - Epoch: 215/300, Validation Loss: 0.4082484380463531, Accuracy: 67.69679800841274%
2024-07-11 15:40:40 - INFO - Epoch: 216/300, Training Loss: 0.3863362120911581
2024-07-11 15:40:40 - INFO - Epoch: 216/300, Validation Loss: 0.41064495971934034, Accuracy: 67.53369387930294%
2024-07-11 15:40:42 - INFO - Epoch: 217/300, Training Loss: 0.3851258819731175
2024-07-11 15:40:43 - INFO - Epoch: 217/300, Validation Loss: 0.4103471999859537, Accuracy: 67.96291527169714%
2024-07-11 15:40:45 - INFO - Epoch: 218/300, Training Loss: 0.3870960497112104
2024-07-11 15:40:45 - INFO - Epoch: 218/300, Validation Loss: 0.4130694043726051, Accuracy: 67.78264228689157%
2024-07-11 15:40:48 - INFO - Epoch: 219/300, Training Loss: 0.3859483710041753
2024-07-11 15:40:49 - INFO - Epoch: 219/300, Validation Loss: 0.4232118251056619, Accuracy: 67.91999313245772%
2024-07-11 15:40:52 - INFO - Epoch: 220/300, Training Loss: 0.38923800057017427
2024-07-11 15:40:53 - INFO - Epoch: 220/300, Validation Loss: 0.4146393767145217, Accuracy: 68.01442183878444%
2024-07-11 15:40:57 - INFO - Epoch: 221/300, Training Loss: 0.38620802024264395
2024-07-11 15:40:57 - INFO - Epoch: 221/300, Validation Loss: 0.41125163745352533, Accuracy: 67.45643402867199%
2024-07-11 15:41:01 - INFO - Epoch: 222/300, Training Loss: 0.3855607326056895
2024-07-11 15:41:01 - INFO - Epoch: 222/300, Validation Loss: 0.42229309222004374, Accuracy: 67.08730363121298%
2024-07-11 15:41:05 - INFO - Epoch: 223/300, Training Loss: 0.38798891833698473
2024-07-11 15:41:06 - INFO - Epoch: 223/300, Validation Loss: 0.4100955200293788, Accuracy: 67.51652502360717%
2024-07-11 15:41:09 - INFO - Epoch: 224/300, Training Loss: 0.3876646014316255
2024-07-11 15:41:10 - INFO - Epoch: 224/300, Validation Loss: 0.409761884987352, Accuracy: 67.81697999828312%
2024-07-11 15:41:13 - INFO - Epoch: 225/300, Training Loss: 0.38333336966027937
2024-07-11 15:41:14 - INFO - Epoch: 225/300, Validation Loss: 0.42243890912134113, Accuracy: 67.48218731221564%
2024-07-11 15:41:18 - INFO - Epoch: 226/300, Training Loss: 0.3863879830381017
2024-07-11 15:41:18 - INFO - Epoch: 226/300, Validation Loss: 0.4215733796517285, Accuracy: 67.67962915271697%
2024-07-11 15:41:22 - INFO - Epoch: 227/300, Training Loss: 0.38457325560811123
2024-07-11 15:41:22 - INFO - Epoch: 227/300, Validation Loss: 0.41192903316727086, Accuracy: 68.18611039574212%
2024-07-11 15:41:26 - INFO - Epoch: 228/300, Training Loss: 0.3846702625558537
2024-07-11 15:41:26 - INFO - Epoch: 228/300, Validation Loss: 0.41156088035609795, Accuracy: 67.3963430337368%
2024-07-11 15:41:30 - INFO - Epoch: 229/300, Training Loss: 0.38343888990305086
2024-07-11 15:41:30 - INFO - Epoch: 229/300, Validation Loss: 0.41672940723222884, Accuracy: 67.14739462614817%
2024-07-11 15:41:34 - INFO - Epoch: 230/300, Training Loss: 0.3833641278645629
2024-07-11 15:41:34 - INFO - Epoch: 230/300, Validation Loss: 0.41549865030196625, Accuracy: 67.97149969954502%
2024-07-11 15:41:38 - INFO - Epoch: 231/300, Training Loss: 0.3906409870041087
2024-07-11 15:41:39 - INFO - Epoch: 231/300, Validation Loss: 0.4124004467877092, Accuracy: 68.07451283371964%
2024-07-11 15:41:42 - INFO - Epoch: 232/300, Training Loss: 0.38547218822975055
2024-07-11 15:41:43 - INFO - Epoch: 232/300, Validation Loss: 0.42122833341076965, Accuracy: 67.59378487423814%
2024-07-11 15:41:47 - INFO - Epoch: 233/300, Training Loss: 0.38607667952735075
2024-07-11 15:41:47 - INFO - Epoch: 233/300, Validation Loss: 0.41414939656892363, Accuracy: 67.48218731221564%
2024-07-11 15:41:51 - INFO - Epoch: 234/300, Training Loss: 0.38627317803305034
2024-07-11 15:41:52 - INFO - Epoch: 234/300, Validation Loss: 0.42222881561409814, Accuracy: 67.51652502360717%
2024-07-11 15:41:55 - INFO - Epoch: 235/300, Training Loss: 0.38439223442139775
2024-07-11 15:41:56 - INFO - Epoch: 235/300, Validation Loss: 0.41215689423265983, Accuracy: 68.34063009700404%
2024-07-11 15:41:58 - INFO - Epoch: 236/300, Training Loss: 0.38265151733887703
2024-07-11 15:41:58 - INFO - Epoch: 236/300, Validation Loss: 0.42028188249439097, Accuracy: 67.35342089449738%
2024-07-11 15:42:00 - INFO - Epoch: 237/300, Training Loss: 0.38350361037810315
2024-07-11 15:42:01 - INFO - Epoch: 237/300, Validation Loss: 0.41524679901806455, Accuracy: 67.6624602970212%
2024-07-11 15:42:03 - INFO - Epoch: 238/300, Training Loss: 0.38361978825227716
2024-07-11 15:42:03 - INFO - Epoch: 238/300, Validation Loss: 0.4149897759682281, Accuracy: 67.6624602970212%
2024-07-11 15:42:07 - INFO - Epoch: 239/300, Training Loss: 0.3833980214755231
2024-07-11 15:42:07 - INFO - Epoch: 239/300, Validation Loss: 0.4129258337222377, Accuracy: 67.37058975019315%
2024-07-11 15:42:11 - INFO - Epoch: 240/300, Training Loss: 0.3858835070057988
2024-07-11 15:42:11 - INFO - Epoch: 240/300, Validation Loss: 0.4154279771070182, Accuracy: 67.35342089449738%
2024-07-11 15:42:15 - INFO - Epoch: 241/300, Training Loss: 0.3865596762409917
2024-07-11 15:42:15 - INFO - Epoch: 241/300, Validation Loss: 0.4162373666552069, Accuracy: 67.57661601854237%
2024-07-11 15:42:19 - INFO - Epoch: 242/300, Training Loss: 0.38176472763056946
2024-07-11 15:42:19 - INFO - Epoch: 242/300, Validation Loss: 0.4156971798567606, Accuracy: 67.36200532234527%
2024-07-11 15:42:23 - INFO - Epoch: 243/300, Training Loss: 0.38279984239361087
2024-07-11 15:42:24 - INFO - Epoch: 243/300, Validation Loss: 0.413349136140043, Accuracy: 67.46501845651987%
2024-07-11 15:42:27 - INFO - Epoch: 244/300, Training Loss: 0.3854945689153606
2024-07-11 15:42:28 - INFO - Epoch: 244/300, Validation Loss: 0.4142469960807318, Accuracy: 67.3963430337368%
2024-07-11 15:42:31 - INFO - Epoch: 245/300, Training Loss: 0.38221525387590644
2024-07-11 15:42:32 - INFO - Epoch: 245/300, Validation Loss: 0.4209351816462948, Accuracy: 67.54227830715082%
2024-07-11 15:42:35 - INFO - Epoch: 246/300, Training Loss: 0.3838917289659974
2024-07-11 15:42:36 - INFO - Epoch: 246/300, Validation Loss: 0.40726193964782215, Accuracy: 67.49077174006352%
2024-07-11 15:42:40 - INFO - Epoch: 247/300, Training Loss: 0.38464905720188786
2024-07-11 15:42:40 - INFO - Epoch: 247/300, Validation Loss: 0.4128134126861821, Accuracy: 67.27616104386642%
2024-07-11 15:42:44 - INFO - Epoch: 248/300, Training Loss: 0.38405701156261035
2024-07-11 15:42:44 - INFO - Epoch: 248/300, Validation Loss: 0.4114706144949598, Accuracy: 67.85131770967465%
2024-07-11 15:42:48 - INFO - Epoch: 249/300, Training Loss: 0.3838483276272343
2024-07-11 15:42:48 - INFO - Epoch: 249/300, Validation Loss: 0.4191798567765252, Accuracy: 67.12164134260452%
2024-07-11 15:42:52 - INFO - Epoch: 250/300, Training Loss: 0.38125448885523244
2024-07-11 15:42:52 - INFO - Epoch: 250/300, Validation Loss: 0.415458561615569, Accuracy: 67.0787192033651%
2024-07-11 15:42:56 - INFO - Epoch: 251/300, Training Loss: 0.38206956391471897
2024-07-11 15:42:57 - INFO - Epoch: 251/300, Validation Loss: 0.42134339561848, Accuracy: 67.0186282084299%
2024-07-11 15:43:00 - INFO - Epoch: 252/300, Training Loss: 0.3842381414112894
2024-07-11 15:43:01 - INFO - Epoch: 252/300, Validation Loss: 0.4123566859080199, Accuracy: 67.52510945145507%
2024-07-11 15:43:04 - INFO - Epoch: 253/300, Training Loss: 0.38522845874598
2024-07-11 15:43:05 - INFO - Epoch: 253/300, Validation Loss: 0.41779940294320433, Accuracy: 67.233238904627%
2024-07-11 15:43:09 - INFO - Epoch: 254/300, Training Loss: 0.38391222787410306
2024-07-11 15:43:09 - INFO - Epoch: 254/300, Validation Loss: 0.41295054506058154, Accuracy: 66.5464846767963%
2024-07-11 15:43:13 - INFO - Epoch: 255/300, Training Loss: 0.3849599953582421
2024-07-11 15:43:13 - INFO - Epoch: 255/300, Validation Loss: 0.4207322235966273, Accuracy: 67.36200532234527%
2024-07-11 15:43:17 - INFO - Epoch: 256/300, Training Loss: 0.38197419280377926
2024-07-11 15:43:18 - INFO - Epoch: 256/300, Validation Loss: 0.4109486017393261, Accuracy: 67.36200532234527%
2024-07-11 15:43:21 - INFO - Epoch: 257/300, Training Loss: 0.3817200992455698
2024-07-11 15:43:22 - INFO - Epoch: 257/300, Validation Loss: 0.4146882546401237, Accuracy: 68.60674736028844%
2024-07-11 15:43:26 - INFO - Epoch: 258/300, Training Loss: 0.3844149098393031
2024-07-11 15:43:26 - INFO - Epoch: 258/300, Validation Loss: 0.4150419893157264, Accuracy: 67.63670701347755%
2024-07-11 15:43:30 - INFO - Epoch: 259/300, Training Loss: 0.38378115225230713
2024-07-11 15:43:30 - INFO - Epoch: 259/300, Validation Loss: 0.4187338865184622, Accuracy: 67.27616104386642%
2024-07-11 15:43:34 - INFO - Epoch: 260/300, Training Loss: 0.38536412472260506
2024-07-11 15:43:35 - INFO - Epoch: 260/300, Validation Loss: 0.4198386314121328, Accuracy: 67.91140870460984%
2024-07-11 15:43:38 - INFO - Epoch: 261/300, Training Loss: 0.3859228549016683
2024-07-11 15:43:39 - INFO - Epoch: 261/300, Validation Loss: 0.42282427024860264, Accuracy: 67.26757661601854%
2024-07-11 15:43:43 - INFO - Epoch: 262/300, Training Loss: 0.38849517686703894
2024-07-11 15:43:43 - INFO - Epoch: 262/300, Validation Loss: 0.41365437977915487, Accuracy: 67.85990213752254%
2024-07-11 15:43:47 - INFO - Epoch: 263/300, Training Loss: 0.3852856619326993
2024-07-11 15:43:47 - INFO - Epoch: 263/300, Validation Loss: 0.4142700550976576, Accuracy: 66.98429049703837%
2024-07-11 15:43:51 - INFO - Epoch: 264/300, Training Loss: 0.3849456684743099
2024-07-11 15:43:52 - INFO - Epoch: 264/300, Validation Loss: 0.4131233412049394, Accuracy: 66.9671216413426%
2024-07-11 15:43:55 - INFO - Epoch: 265/300, Training Loss: 0.38213005242933135
2024-07-11 15:43:56 - INFO - Epoch: 265/300, Validation Loss: 0.41307101093238474, Accuracy: 67.97149969954502%
2024-07-11 15:43:59 - INFO - Epoch: 266/300, Training Loss: 0.38434484329161495
2024-07-11 15:44:00 - INFO - Epoch: 266/300, Validation Loss: 0.41346680335941455, Accuracy: 67.67962915271697%
2024-07-11 15:44:04 - INFO - Epoch: 267/300, Training Loss: 0.3854174733734262
2024-07-11 15:44:04 - INFO - Epoch: 267/300, Validation Loss: 0.4169306369096097, Accuracy: 66.99287492488625%
2024-07-11 15:44:08 - INFO - Epoch: 268/300, Training Loss: 0.38203187883398476
2024-07-11 15:44:09 - INFO - Epoch: 268/300, Validation Loss: 0.41003283288241893, Accuracy: 67.0787192033651%
2024-07-11 15:44:12 - INFO - Epoch: 269/300, Training Loss: 0.38588677430512647
2024-07-11 15:44:13 - INFO - Epoch: 269/300, Validation Loss: 0.41085148215806144, Accuracy: 67.7740578590437%
2024-07-11 15:44:17 - INFO - Epoch: 270/300, Training Loss: 0.3803142051842314
2024-07-11 15:44:17 - INFO - Epoch: 270/300, Validation Loss: 0.4115884704649923, Accuracy: 67.47360288436775%
2024-07-11 15:44:21 - INFO - Epoch: 271/300, Training Loss: 0.3810980972030362
2024-07-11 15:44:22 - INFO - Epoch: 271/300, Validation Loss: 0.41406873471079136, Accuracy: 67.05296591982145%
2024-07-11 15:44:25 - INFO - Epoch: 272/300, Training Loss: 0.38169737869492937
2024-07-11 15:44:26 - INFO - Epoch: 272/300, Validation Loss: 0.4155093540583218, Accuracy: 68.62391621598421%
2024-07-11 15:44:30 - INFO - Epoch: 273/300, Training Loss: 0.3812942470951499
2024-07-11 15:44:30 - INFO - Epoch: 273/300, Validation Loss: 0.4142088336368451, Accuracy: 66.82118636792858%
2024-07-11 15:44:34 - INFO - Epoch: 274/300, Training Loss: 0.3819386663096759
2024-07-11 15:44:35 - INFO - Epoch: 274/300, Validation Loss: 0.4153249320760616, Accuracy: 66.74392651729762%
2024-07-11 15:44:38 - INFO - Epoch: 275/300, Training Loss: 0.3828091939045078
2024-07-11 15:44:39 - INFO - Epoch: 275/300, Validation Loss: 0.41761542539106666, Accuracy: 66.9671216413426%
2024-07-11 15:44:43 - INFO - Epoch: 276/300, Training Loss: 0.3822661283003123
2024-07-11 15:44:43 - INFO - Epoch: 276/300, Validation Loss: 0.4212627235004523, Accuracy: 67.19890119323547%
2024-07-11 15:44:47 - INFO - Epoch: 277/300, Training Loss: 0.381065908671243
2024-07-11 15:44:47 - INFO - Epoch: 277/300, Validation Loss: 0.4144286604525599, Accuracy: 67.0272126362778%
2024-07-11 15:44:51 - INFO - Epoch: 278/300, Training Loss: 0.38059439092097785
2024-07-11 15:44:52 - INFO - Epoch: 278/300, Validation Loss: 0.4134371858802078, Accuracy: 67.233238904627%
2024-07-11 15:44:55 - INFO - Epoch: 279/300, Training Loss: 0.3830176460236025
2024-07-11 15:44:56 - INFO - Epoch: 279/300, Validation Loss: 0.41458282477210834, Accuracy: 67.57661601854237%
2024-07-11 15:44:59 - INFO - Epoch: 280/300, Training Loss: 0.3868426436300304
2024-07-11 15:45:00 - INFO - Epoch: 280/300, Validation Loss: 0.4130825270058565, Accuracy: 66.93278392995107%
2024-07-11 15:45:03 - INFO - Epoch: 281/300, Training Loss: 0.3804016587706423
2024-07-11 15:45:04 - INFO - Epoch: 281/300, Validation Loss: 0.4121374966664027, Accuracy: 67.42209631728045%
2024-07-11 15:45:08 - INFO - Epoch: 282/300, Training Loss: 0.3812233146857496
2024-07-11 15:45:08 - INFO - Epoch: 282/300, Validation Loss: 0.4207964844058924, Accuracy: 66.88986179071165%
2024-07-11 15:45:12 - INFO - Epoch: 283/300, Training Loss: 0.3811926003673276
2024-07-11 15:45:12 - INFO - Epoch: 283/300, Validation Loss: 0.42126996188102556, Accuracy: 67.12164134260452%
2024-07-11 15:45:16 - INFO - Epoch: 284/300, Training Loss: 0.38287904932175154
2024-07-11 15:45:17 - INFO - Epoch: 284/300, Validation Loss: 0.41168909206386617, Accuracy: 67.25040776032277%
2024-07-11 15:45:20 - INFO - Epoch: 285/300, Training Loss: 0.38549392832895363
2024-07-11 15:45:21 - INFO - Epoch: 285/300, Validation Loss: 0.4106380828737703, Accuracy: 67.19890119323547%
2024-07-11 15:45:24 - INFO - Epoch: 286/300, Training Loss: 0.3818906511503319
2024-07-11 15:45:25 - INFO - Epoch: 286/300, Validation Loss: 0.4132042603738834, Accuracy: 67.98866855524079%
2024-07-11 15:45:28 - INFO - Epoch: 287/300, Training Loss: 0.38391341663518885
2024-07-11 15:45:29 - INFO - Epoch: 287/300, Validation Loss: 0.42354246729691175, Accuracy: 66.4863936818611%
2024-07-11 15:45:32 - INFO - Epoch: 288/300, Training Loss: 0.38209824542041015
2024-07-11 15:45:33 - INFO - Epoch: 288/300, Validation Loss: 0.42925011362517507, Accuracy: 67.0787192033651%
2024-07-11 15:45:37 - INFO - Epoch: 289/300, Training Loss: 0.38449219247359473
2024-07-11 15:45:37 - INFO - Epoch: 289/300, Validation Loss: 0.4172647717542417, Accuracy: 66.9671216413426%
2024-07-11 15:45:41 - INFO - Epoch: 290/300, Training Loss: 0.3865275458830047
2024-07-11 15:45:41 - INFO - Epoch: 290/300, Validation Loss: 0.41348056861317445, Accuracy: 67.22465447677912%
2024-07-11 15:45:45 - INFO - Epoch: 291/300, Training Loss: 0.38732753839185374
2024-07-11 15:45:46 - INFO - Epoch: 291/300, Validation Loss: 0.41504214450495436, Accuracy: 68.19469482359001%
2024-07-11 15:45:50 - INFO - Epoch: 292/300, Training Loss: 0.3848264083491104
2024-07-11 15:45:50 - INFO - Epoch: 292/300, Validation Loss: 0.41632253680539383, Accuracy: 66.79543308438492%
2024-07-11 15:45:54 - INFO - Epoch: 293/300, Training Loss: 0.38122386398465874
2024-07-11 15:45:55 - INFO - Epoch: 293/300, Validation Loss: 0.4131681005472105, Accuracy: 66.77826422868915%
2024-07-11 15:45:58 - INFO - Epoch: 294/300, Training Loss: 0.3798166689027321
2024-07-11 15:45:59 - INFO - Epoch: 294/300, Validation Loss: 0.4205418774654788, Accuracy: 67.26757661601854%
2024-07-11 15:46:03 - INFO - Epoch: 295/300, Training Loss: 0.38068974050801807
2024-07-11 15:46:03 - INFO - Epoch: 295/300, Validation Loss: 0.41510204880887114, Accuracy: 66.94995278564684%
2024-07-11 15:46:07 - INFO - Epoch: 296/300, Training Loss: 0.3828778017532024
2024-07-11 15:46:07 - INFO - Epoch: 296/300, Validation Loss: 0.4098329184149615, Accuracy: 67.19031676538759%
2024-07-11 15:46:11 - INFO - Epoch: 297/300, Training Loss: 0.3858954172647866
2024-07-11 15:46:12 - INFO - Epoch: 297/300, Validation Loss: 0.4144527622253714, Accuracy: 67.10447248690875%
2024-07-11 15:46:15 - INFO - Epoch: 298/300, Training Loss: 0.38281507121682656
2024-07-11 15:46:16 - INFO - Epoch: 298/300, Validation Loss: 0.4110658473327483, Accuracy: 67.41351188943257%
2024-07-11 15:46:20 - INFO - Epoch: 299/300, Training Loss: 0.38147225542650626
2024-07-11 15:46:20 - INFO - Epoch: 299/300, Validation Loss: 0.41469406935001407, Accuracy: 66.9671216413426%
2024-07-11 15:46:24 - INFO - Epoch: 300/300, Training Loss: 0.3789528380205602
2024-07-11 15:46:24 - INFO - Epoch: 300/300, Validation Loss: 0.4155007336958377, Accuracy: 66.49497810970898%
2024-07-11 15:46:24 - INFO - Finished training model.
2024-07-11 15:46:24 - INFO - Model saved to lstm_classifier_dc.pth and vocabulary saved to vocab_dc.pkl
