2024-07-11 09:32:46 - INFO - This log entry will go into a uniquely named file for this run.
2024-07-11 09:32:47 - INFO - without hidden
2024-07-11 09:32:47 - INFO - Params:
2024-07-11 09:32:47 - INFO - embedding_dim=32
2024-07-11 09:32:47 - INFO - hidden_dim:32
2024-07-11 09:32:47 - INFO - num_layers:2
2024-07-11 09:32:47 - INFO - epochs:100
2024-07-11 09:32:47 - INFO - batch_size:64
2024-07-11 09:32:47 - INFO - lr:0.001
2024-07-11 09:32:51 - INFO - Starting LSTM model training...
2024-07-11 09:33:08 - INFO - Epoch: 1/100, Training Loss: 0.41743233715569844
2024-07-11 09:33:10 - INFO - Epoch: 1/100, Validation Loss: 0.38378075206505263, Accuracy: 83.41168432538267%
2024-07-11 09:33:10 - INFO - Model saved with validation accuracy: 83.41168432538267%
2024-07-11 09:33:27 - INFO - Epoch: 2/100, Training Loss: 0.4284878688674316
2024-07-11 09:33:29 - INFO - Epoch: 2/100, Validation Loss: 0.3665669424445973, Accuracy: 84.06534574712175%
2024-07-11 09:33:29 - INFO - Model saved with validation accuracy: 84.06534574712175%
2024-07-11 09:33:46 - INFO - Epoch: 3/100, Training Loss: 0.3529237300293697
2024-07-11 09:33:48 - INFO - Epoch: 3/100, Validation Loss: 0.3352418072322421, Accuracy: 86.05794234318755%
2024-07-11 09:33:48 - INFO - Model saved with validation accuracy: 86.05794234318755%
2024-07-11 09:34:05 - INFO - Epoch: 4/100, Training Loss: 0.3338690679134407
2024-07-11 09:34:07 - INFO - Epoch: 4/100, Validation Loss: 0.32864638604102225, Accuracy: 86.2792286591273%
2024-07-11 09:34:07 - INFO - Model saved with validation accuracy: 86.2792286591273%
2024-07-11 09:34:23 - INFO - Epoch: 5/100, Training Loss: 0.3286889307170518
2024-07-11 09:34:25 - INFO - Epoch: 5/100, Validation Loss: 0.3244900975208693, Accuracy: 86.35163109429652%
2024-07-11 09:34:25 - INFO - Model saved with validation accuracy: 86.35163109429652%
2024-07-11 09:34:42 - INFO - Epoch: 6/100, Training Loss: 0.3236173802005426
2024-07-11 09:34:44 - INFO - Epoch: 6/100, Validation Loss: 0.3205657573750963, Accuracy: 86.34755208386446%
2024-07-11 09:35:00 - INFO - Epoch: 7/100, Training Loss: 0.3176493014715433
2024-07-11 09:35:02 - INFO - Epoch: 7/100, Validation Loss: 0.3125472786725151, Accuracy: 86.36590763080876%
2024-07-11 09:35:03 - INFO - Model saved with validation accuracy: 86.36590763080876%
2024-07-11 09:35:19 - INFO - Epoch: 8/100, Training Loss: 0.30823471128386254
2024-07-11 09:35:21 - INFO - Epoch: 8/100, Validation Loss: 0.3027589583875149, Accuracy: 86.40669773512946%
2024-07-11 09:35:21 - INFO - Model saved with validation accuracy: 86.40669773512946%
2024-07-11 09:35:37 - INFO - Epoch: 9/100, Training Loss: 0.2985418941245166
2024-07-11 09:35:39 - INFO - Epoch: 9/100, Validation Loss: 0.29276973591839184, Accuracy: 86.41077674556152%
2024-07-11 09:35:39 - INFO - Model saved with validation accuracy: 86.41077674556152%
2024-07-11 09:35:56 - INFO - Epoch: 10/100, Training Loss: 0.28985898515070063
2024-07-11 09:35:58 - INFO - Epoch: 10/100, Validation Loss: 0.28500361197226515, Accuracy: 86.38324342514505%
2024-07-11 09:36:14 - INFO - Epoch: 11/100, Training Loss: 0.2818552315439363
2024-07-11 09:36:16 - INFO - Epoch: 11/100, Validation Loss: 0.279100749090032, Accuracy: 86.37814466210497%
2024-07-11 09:36:33 - INFO - Epoch: 12/100, Training Loss: 0.2756523625385141
2024-07-11 09:36:35 - INFO - Epoch: 12/100, Validation Loss: 0.2731034267701048, Accuracy: 86.36896688863281%
2024-07-11 09:36:51 - INFO - Epoch: 13/100, Training Loss: 0.26986648967505705
2024-07-11 09:36:53 - INFO - Epoch: 13/100, Validation Loss: 0.2649823310411373, Accuracy: 86.36590763080876%
2024-07-11 09:37:10 - INFO - Epoch: 14/100, Training Loss: 0.2653892084258399
2024-07-11 09:37:12 - INFO - Epoch: 14/100, Validation Loss: 0.26902703664812944, Accuracy: 86.24251756523867%
2024-07-11 09:37:28 - INFO - Epoch: 15/100, Training Loss: 0.26091167375598534
2024-07-11 09:37:30 - INFO - Epoch: 15/100, Validation Loss: 0.26099499515746827, Accuracy: 86.28942618520747%
2024-07-11 09:37:47 - INFO - Epoch: 16/100, Training Loss: 0.25687495817327444
2024-07-11 09:37:49 - INFO - Epoch: 16/100, Validation Loss: 0.2576046793321263, Accuracy: 86.18235216136566%
2024-07-11 09:38:06 - INFO - Epoch: 17/100, Training Loss: 0.25386061498597157
2024-07-11 09:38:08 - INFO - Epoch: 17/100, Validation Loss: 0.25221441493206215, Accuracy: 86.37100639384886%
2024-07-11 09:38:25 - INFO - Epoch: 18/100, Training Loss: 0.251767929563769
2024-07-11 09:38:27 - INFO - Epoch: 18/100, Validation Loss: 0.24746582045208296, Accuracy: 86.29452494824756%
2024-07-11 09:38:44 - INFO - Epoch: 19/100, Training Loss: 0.2485999783859943
2024-07-11 09:38:46 - INFO - Epoch: 19/100, Validation Loss: 0.24616536966586378, Accuracy: 86.17215463528548%
2024-07-11 09:39:03 - INFO - Epoch: 20/100, Training Loss: 0.24618621912782898
2024-07-11 09:39:05 - INFO - Epoch: 20/100, Validation Loss: 0.24726134087144355, Accuracy: 86.44646808684213%
2024-07-11 09:39:05 - INFO - Model saved with validation accuracy: 86.44646808684213%
2024-07-11 09:39:22 - INFO - Epoch: 21/100, Training Loss: 0.24506171283397693
2024-07-11 09:39:24 - INFO - Epoch: 21/100, Validation Loss: 0.24400757300313283, Accuracy: 86.2262015235104%
2024-07-11 09:39:41 - INFO - Epoch: 22/100, Training Loss: 0.24224508233668657
2024-07-11 09:39:43 - INFO - Epoch: 22/100, Validation Loss: 0.24326417810937898, Accuracy: 86.38834218818515%
2024-07-11 09:40:00 - INFO - Epoch: 23/100, Training Loss: 0.2412695349074826
2024-07-11 09:40:02 - INFO - Epoch: 23/100, Validation Loss: 0.24250739792438403, Accuracy: 86.14564106747703%
2024-07-11 09:40:18 - INFO - Epoch: 24/100, Training Loss: 0.23997341127399716
2024-07-11 09:40:20 - INFO - Epoch: 24/100, Validation Loss: 0.24340695326458917, Accuracy: 86.3618286203767%
2024-07-11 09:40:37 - INFO - Epoch: 25/100, Training Loss: 0.23868636110197916
2024-07-11 09:40:39 - INFO - Epoch: 25/100, Validation Loss: 0.23805019474756617, Accuracy: 86.37916441471299%
2024-07-11 09:40:55 - INFO - Epoch: 26/100, Training Loss: 0.23697616966120044
2024-07-11 09:40:57 - INFO - Epoch: 26/100, Validation Loss: 0.2346280363946667, Accuracy: 86.4444285816261%
2024-07-11 09:41:14 - INFO - Epoch: 27/100, Training Loss: 0.23693621319548927
2024-07-11 09:41:16 - INFO - Epoch: 27/100, Validation Loss: 0.23677579415093353, Accuracy: 86.12524601531669%
2024-07-11 09:41:33 - INFO - Epoch: 28/100, Training Loss: 0.23545255457295897
2024-07-11 09:41:35 - INFO - Epoch: 28/100, Validation Loss: 0.23539232583661834, Accuracy: 86.40057921948136%
2024-07-11 09:41:51 - INFO - Epoch: 29/100, Training Loss: 0.23435804683050765
2024-07-11 09:41:53 - INFO - Epoch: 29/100, Validation Loss: 0.23376720115804858, Accuracy: 86.15379908834117%
2024-07-11 09:42:09 - INFO - Epoch: 30/100, Training Loss: 0.234175819427694
2024-07-11 09:42:11 - INFO - Epoch: 30/100, Validation Loss: 0.232776613836769, Accuracy: 86.09159417925211%
2024-07-11 09:42:28 - INFO - Epoch: 31/100, Training Loss: 0.2332321467894017
2024-07-11 09:42:30 - INFO - Epoch: 31/100, Validation Loss: 0.23294110397886622, Accuracy: 86.25067558610282%
2024-07-11 09:42:46 - INFO - Epoch: 32/100, Training Loss: 0.232520878229878
2024-07-11 09:42:48 - INFO - Epoch: 32/100, Validation Loss: 0.2345937631455653, Accuracy: 86.26087311218298%
2024-07-11 09:43:05 - INFO - Epoch: 33/100, Training Loss: 0.23174048818588297
2024-07-11 09:43:07 - INFO - Epoch: 33/100, Validation Loss: 0.23254470055253382, Accuracy: 86.37304589906489%
2024-07-11 09:43:24 - INFO - Epoch: 34/100, Training Loss: 0.23127690438399368
2024-07-11 09:43:26 - INFO - Epoch: 34/100, Validation Loss: 0.23041013857156564, Accuracy: 86.33021628952817%
2024-07-11 09:43:43 - INFO - Epoch: 35/100, Training Loss: 0.23014406908499824
2024-07-11 09:43:45 - INFO - Epoch: 35/100, Validation Loss: 0.23730317629091272, Accuracy: 86.46992239682653%
2024-07-11 09:43:45 - INFO - Model saved with validation accuracy: 86.46992239682653%
2024-07-11 09:44:02 - INFO - Epoch: 36/100, Training Loss: 0.23076244123458745
2024-07-11 09:44:04 - INFO - Epoch: 36/100, Validation Loss: 0.22764335880365857, Accuracy: 86.29860395867962%
2024-07-11 09:44:21 - INFO - Epoch: 37/100, Training Loss: 0.2289579097776608
2024-07-11 09:44:23 - INFO - Epoch: 37/100, Validation Loss: 0.23032582496807455, Accuracy: 86.33531505256825%
2024-07-11 09:44:39 - INFO - Epoch: 38/100, Training Loss: 0.22801534311478475
2024-07-11 09:44:41 - INFO - Epoch: 38/100, Validation Loss: 0.23028723605885976, Accuracy: 86.2496558334948%
2024-07-11 09:44:58 - INFO - Epoch: 39/100, Training Loss: 0.22848241090127822
2024-07-11 09:45:00 - INFO - Epoch: 39/100, Validation Loss: 0.22672938230336295, Accuracy: 86.28942618520747%
2024-07-11 09:45:16 - INFO - Epoch: 40/100, Training Loss: 0.22859925277948107
2024-07-11 09:45:18 - INFO - Epoch: 40/100, Validation Loss: 0.22582803303053856, Accuracy: 86.32817678431212%
2024-07-11 09:45:35 - INFO - Epoch: 41/100, Training Loss: 0.22790760656329154
2024-07-11 09:45:37 - INFO - Epoch: 41/100, Validation Loss: 0.22716249011345183, Accuracy: 86.31695950562394%
2024-07-11 09:45:54 - INFO - Epoch: 42/100, Training Loss: 0.22787186496967513
2024-07-11 09:45:56 - INFO - Epoch: 42/100, Validation Loss: 0.22578403702162483, Accuracy: 86.33531505256825%
2024-07-11 09:46:12 - INFO - Epoch: 43/100, Training Loss: 0.22651388241729684
2024-07-11 09:46:14 - INFO - Epoch: 43/100, Validation Loss: 0.22832746587970718, Accuracy: 86.09363368446814%
2024-07-11 09:46:31 - INFO - Epoch: 44/100, Training Loss: 0.22612098986026144
2024-07-11 09:46:33 - INFO - Epoch: 44/100, Validation Loss: 0.22678168509726576, Accuracy: 86.24761632827877%
2024-07-11 09:46:50 - INFO - Epoch: 45/100, Training Loss: 0.22615282620817087
2024-07-11 09:46:52 - INFO - Epoch: 45/100, Validation Loss: 0.2259351605742645, Accuracy: 86.44340882901808%
2024-07-11 09:47:08 - INFO - Epoch: 46/100, Training Loss: 0.2254870654278137
2024-07-11 09:47:10 - INFO - Epoch: 46/100, Validation Loss: 0.22573266685767182, Accuracy: 86.2323200391585%
2024-07-11 09:47:27 - INFO - Epoch: 47/100, Training Loss: 0.22506634585424434
2024-07-11 09:47:29 - INFO - Epoch: 47/100, Validation Loss: 0.22219883356017375, Accuracy: 86.4678828916105%
2024-07-11 09:47:46 - INFO - Epoch: 48/100, Training Loss: 0.22580154555829826
2024-07-11 09:47:48 - INFO - Epoch: 48/100, Validation Loss: 0.2302483384195528, Accuracy: 86.21192498699816%
2024-07-11 09:48:06 - INFO - Epoch: 49/100, Training Loss: 0.225330309543335
2024-07-11 09:48:08 - INFO - Epoch: 49/100, Validation Loss: 0.22912356839196324, Accuracy: 86.32409777388006%
2024-07-11 09:48:25 - INFO - Epoch: 50/100, Training Loss: 0.22451802823485295
2024-07-11 09:48:27 - INFO - Epoch: 50/100, Validation Loss: 0.22446768835857656, Accuracy: 86.38834218818515%
2024-07-11 09:48:43 - INFO - Epoch: 51/100, Training Loss: 0.22400119010621017
2024-07-11 09:48:46 - INFO - Epoch: 51/100, Validation Loss: 0.2260471481613606, Accuracy: 86.44238907641007%
2024-07-11 09:49:04 - INFO - Epoch: 52/100, Training Loss: 0.22441837730226247
2024-07-11 09:49:05 - INFO - Epoch: 52/100, Validation Loss: 0.22379408668379183, Accuracy: 86.39853971426533%
2024-07-11 09:49:23 - INFO - Epoch: 53/100, Training Loss: 0.224209122932921
2024-07-11 09:49:25 - INFO - Epoch: 53/100, Validation Loss: 0.22638873632970544, Accuracy: 86.50867299593119%
2024-07-11 09:49:25 - INFO - Model saved with validation accuracy: 86.50867299593119%
2024-07-11 09:49:42 - INFO - Epoch: 54/100, Training Loss: 0.22379799644137735
2024-07-11 09:49:44 - INFO - Epoch: 54/100, Validation Loss: 0.22569056979422467, Accuracy: 86.51479151157929%
2024-07-11 09:49:44 - INFO - Model saved with validation accuracy: 86.51479151157929%
2024-07-11 09:50:02 - INFO - Epoch: 55/100, Training Loss: 0.22362243712950072
2024-07-11 09:50:04 - INFO - Epoch: 55/100, Validation Loss: 0.22424387020549197, Accuracy: 86.38732243557713%
2024-07-11 09:50:25 - INFO - Epoch: 56/100, Training Loss: 0.22250294620449265
2024-07-11 09:50:28 - INFO - Epoch: 56/100, Validation Loss: 0.22273180857835373, Accuracy: 86.3088014847598%
2024-07-11 09:50:49 - INFO - Epoch: 57/100, Training Loss: 0.22291447721247884
2024-07-11 09:50:52 - INFO - Epoch: 57/100, Validation Loss: 0.223632513543631, Accuracy: 86.21090523439014%
2024-07-11 09:51:13 - INFO - Epoch: 58/100, Training Loss: 0.22288803517123112
2024-07-11 09:51:16 - INFO - Epoch: 58/100, Validation Loss: 0.225337904537144, Accuracy: 86.24251756523867%
2024-07-11 09:51:37 - INFO - Epoch: 59/100, Training Loss: 0.22324387411038235
2024-07-11 09:51:39 - INFO - Epoch: 59/100, Validation Loss: 0.22458768939746412, Accuracy: 86.37508540428092%
2024-07-11 09:52:01 - INFO - Epoch: 60/100, Training Loss: 0.2220073839770209
2024-07-11 09:52:03 - INFO - Epoch: 60/100, Validation Loss: 0.22299668701233152, Accuracy: 86.46482363378644%
2024-07-11 09:52:25 - INFO - Epoch: 61/100, Training Loss: 0.2221146729879773
2024-07-11 09:52:27 - INFO - Epoch: 61/100, Validation Loss: 0.22192416080581698, Accuracy: 86.41995451903368%
2024-07-11 09:52:49 - INFO - Epoch: 62/100, Training Loss: 0.22274454654619733
2024-07-11 09:52:51 - INFO - Epoch: 62/100, Validation Loss: 0.22196774026749574, Accuracy: 86.31084098997583%
2024-07-11 09:53:12 - INFO - Epoch: 63/100, Training Loss: 0.22158566060152193
2024-07-11 09:53:15 - INFO - Epoch: 63/100, Validation Loss: 0.2226993085577141, Accuracy: 86.4097569929535%
2024-07-11 09:53:36 - INFO - Epoch: 64/100, Training Loss: 0.22274168018785925
2024-07-11 09:53:39 - INFO - Epoch: 64/100, Validation Loss: 0.22266504636541037, Accuracy: 86.22824102872643%
2024-07-11 09:54:00 - INFO - Epoch: 65/100, Training Loss: 0.22194416829633914
2024-07-11 09:54:02 - INFO - Epoch: 65/100, Validation Loss: 0.2218086413081689, Accuracy: 86.46890264421852%
2024-07-11 09:54:24 - INFO - Epoch: 66/100, Training Loss: 0.2208209961025492
2024-07-11 09:54:26 - INFO - Epoch: 66/100, Validation Loss: 0.22695421980085204, Accuracy: 86.38426317775308%
2024-07-11 09:54:47 - INFO - Epoch: 67/100, Training Loss: 0.22153371571035754
2024-07-11 09:54:50 - INFO - Epoch: 67/100, Validation Loss: 0.22197424373981303, Accuracy: 86.41281625077757%
2024-07-11 09:55:11 - INFO - Epoch: 68/100, Training Loss: 0.22100959805023185
2024-07-11 09:55:14 - INFO - Epoch: 68/100, Validation Loss: 0.22091626355987085, Accuracy: 86.4444285816261%
2024-07-11 09:55:35 - INFO - Epoch: 69/100, Training Loss: 0.2206087108086968
2024-07-11 09:55:38 - INFO - Epoch: 69/100, Validation Loss: 0.22339408766947302, Accuracy: 86.17521389310953%
2024-07-11 09:55:59 - INFO - Epoch: 70/100, Training Loss: 0.22053416249466712
2024-07-11 09:56:01 - INFO - Epoch: 70/100, Validation Loss: 0.21929160277107068, Accuracy: 86.40771748773747%
2024-07-11 09:56:23 - INFO - Epoch: 71/100, Training Loss: 0.22019875166838332
2024-07-11 09:56:25 - INFO - Epoch: 71/100, Validation Loss: 0.2199900527834037, Accuracy: 86.48317918073076%
2024-07-11 09:56:47 - INFO - Epoch: 72/100, Training Loss: 0.22009418074264672
2024-07-11 09:56:49 - INFO - Epoch: 72/100, Validation Loss: 0.22043622804675628, Accuracy: 86.19254968744582%
2024-07-11 09:57:11 - INFO - Epoch: 73/100, Training Loss: 0.21930018594091294
2024-07-11 09:57:13 - INFO - Epoch: 73/100, Validation Loss: 0.2211695989011863, Accuracy: 86.30166321650367%
2024-07-11 09:57:34 - INFO - Epoch: 74/100, Training Loss: 0.22029917410743977
2024-07-11 09:57:37 - INFO - Epoch: 74/100, Validation Loss: 0.22147604019732858, Accuracy: 86.41893476642566%
2024-07-11 09:58:03 - INFO - Epoch: 75/100, Training Loss: 0.22036907482612073
2024-07-11 09:58:07 - INFO - Epoch: 75/100, Validation Loss: 0.22316601265899821, Accuracy: 86.39548045644126%
2024-07-11 09:58:38 - INFO - Epoch: 76/100, Training Loss: 0.21901796314106192
2024-07-11 09:58:42 - INFO - Epoch: 76/100, Validation Loss: 0.2205795839778831, Accuracy: 86.49949522245903%
2024-07-11 09:59:12 - INFO - Epoch: 77/100, Training Loss: 0.21949753530662666
2024-07-11 09:59:16 - INFO - Epoch: 77/100, Validation Loss: 0.2192560819701206, Accuracy: 86.53824582156369%
2024-07-11 09:59:16 - INFO - Model saved with validation accuracy: 86.53824582156369%
2024-07-11 09:59:46 - INFO - Epoch: 78/100, Training Loss: 0.2193525514416038
2024-07-11 09:59:50 - INFO - Epoch: 78/100, Validation Loss: 0.2196599524188726, Accuracy: 86.46992239682653%
2024-07-11 10:00:20 - INFO - Epoch: 79/100, Training Loss: 0.21971877826735448
2024-07-11 10:00:24 - INFO - Epoch: 79/100, Validation Loss: 0.22207085343061983, Accuracy: 86.36386812559273%
2024-07-11 10:00:54 - INFO - Epoch: 80/100, Training Loss: 0.21933999648149027
2024-07-11 10:00:58 - INFO - Epoch: 80/100, Validation Loss: 0.219815201663691, Accuracy: 86.48215942812274%
2024-07-11 10:01:28 - INFO - Epoch: 81/100, Training Loss: 0.2194038428151018
2024-07-11 10:01:32 - INFO - Epoch: 81/100, Validation Loss: 0.22129246736381541, Accuracy: 86.25475459653488%
2024-07-11 10:02:01 - INFO - Epoch: 82/100, Training Loss: 0.21886574024561567
2024-07-11 10:02:05 - INFO - Epoch: 82/100, Validation Loss: 0.22022273194649913, Accuracy: 86.40771748773747%
2024-07-11 10:02:35 - INFO - Epoch: 83/100, Training Loss: 0.21890531336746746
2024-07-11 10:02:39 - INFO - Epoch: 83/100, Validation Loss: 0.21925853513088867, Accuracy: 86.42913229250584%
2024-07-11 10:03:09 - INFO - Epoch: 84/100, Training Loss: 0.21901317145982366
2024-07-11 10:03:13 - INFO - Epoch: 84/100, Validation Loss: 0.21985544111222438, Accuracy: 86.46482363378644%
2024-07-11 10:03:43 - INFO - Epoch: 85/100, Training Loss: 0.21914110881218535
2024-07-11 10:03:47 - INFO - Epoch: 85/100, Validation Loss: 0.21953548123089223, Accuracy: 86.52396928505145%
2024-07-11 10:04:17 - INFO - Epoch: 86/100, Training Loss: 0.21908158529352298
2024-07-11 10:04:21 - INFO - Epoch: 86/100, Validation Loss: 0.22059875445784266, Accuracy: 86.37814466210497%
2024-07-11 10:04:51 - INFO - Epoch: 87/100, Training Loss: 0.21844254686472991
2024-07-11 10:04:55 - INFO - Epoch: 87/100, Validation Loss: 0.2186273967061102, Accuracy: 86.49031744898687%
2024-07-11 10:05:25 - INFO - Epoch: 88/100, Training Loss: 0.21943841292557037
2024-07-11 10:05:29 - INFO - Epoch: 88/100, Validation Loss: 0.21645635764484536, Accuracy: 86.54946310025188%
2024-07-11 10:05:29 - INFO - Model saved with validation accuracy: 86.54946310025188%
2024-07-11 10:05:59 - INFO - Epoch: 89/100, Training Loss: 0.21800573563683692
2024-07-11 10:06:03 - INFO - Epoch: 89/100, Validation Loss: 0.22178929494493396, Accuracy: 86.5035742328911%
2024-07-11 10:06:33 - INFO - Epoch: 90/100, Training Loss: 0.2174469285487623
2024-07-11 10:06:37 - INFO - Epoch: 90/100, Validation Loss: 0.21893419780745976, Accuracy: 86.37100639384886%
2024-07-11 10:07:07 - INFO - Epoch: 91/100, Training Loss: 0.21829870454559785
2024-07-11 10:07:10 - INFO - Epoch: 91/100, Validation Loss: 0.2221145704485821, Accuracy: 86.22416201829436%
2024-07-11 10:07:40 - INFO - Epoch: 92/100, Training Loss: 0.21789312873720676
2024-07-11 10:07:44 - INFO - Epoch: 92/100, Validation Loss: 0.21810082233445907, Accuracy: 86.43117179772187%
2024-07-11 10:08:15 - INFO - Epoch: 93/100, Training Loss: 0.2175580035608829
2024-07-11 10:08:19 - INFO - Epoch: 93/100, Validation Loss: 0.22051541354636, Accuracy: 86.24659657567074%
2024-07-11 10:08:50 - INFO - Epoch: 94/100, Training Loss: 0.21810950737444723
2024-07-11 10:08:55 - INFO - Epoch: 94/100, Validation Loss: 0.21934503363050514, Accuracy: 86.40567798252144%
2024-07-11 10:09:26 - INFO - Epoch: 95/100, Training Loss: 0.2172447951845758
2024-07-11 10:09:30 - INFO - Epoch: 95/100, Validation Loss: 0.21989496554316684, Accuracy: 86.41587550860162%
2024-07-11 10:10:02 - INFO - Epoch: 96/100, Training Loss: 0.21704151115364576
2024-07-11 10:10:06 - INFO - Epoch: 96/100, Validation Loss: 0.21654330585236964, Accuracy: 86.45666561292231%
2024-07-11 10:10:37 - INFO - Epoch: 97/100, Training Loss: 0.21738572817658655
2024-07-11 10:10:42 - INFO - Epoch: 97/100, Validation Loss: 0.21579936102022942, Accuracy: 86.43423105554592%
2024-07-11 10:11:14 - INFO - Epoch: 98/100, Training Loss: 0.21733507194046797
2024-07-11 10:11:18 - INFO - Epoch: 98/100, Validation Loss: 0.22297996906618317, Accuracy: 86.46890264421852%
2024-07-11 10:11:50 - INFO - Epoch: 99/100, Training Loss: 0.21774141445238102
2024-07-11 10:11:54 - INFO - Epoch: 99/100, Validation Loss: 0.2204385129449341, Accuracy: 86.19356944005385%
2024-07-11 10:12:26 - INFO - Epoch: 100/100, Training Loss: 0.21708416477694248
2024-07-11 10:12:30 - INFO - Epoch: 100/100, Validation Loss: 0.21760513843447263, Accuracy: 86.41281625077757%
2024-07-11 10:12:30 - INFO - Finished training model.
2024-07-11 10:12:30 - INFO - Model saved to lstm_classifier_dc3.pth and vocabulary saved to vocab_dc3.pkl
