2024-07-11 14:56:35 - INFO - This log entry will go into a uniquely named file for this run.
2024-07-11 14:56:36 - INFO - without hidden
2024-07-11 14:56:36 - INFO - Params:
2024-07-11 14:56:36 - INFO - embedding_dim=32
2024-07-11 14:56:36 - INFO - hidden_dim:32
2024-07-11 14:56:36 - INFO - num_layers:2
2024-07-11 14:56:36 - INFO - epochs:100
2024-07-11 14:56:36 - INFO - batch_size:64
2024-07-11 14:56:36 - INFO - lr:0.001
2024-07-11 14:56:40 - INFO - Starting LSTM model training...
2024-07-11 14:56:47 - INFO - Epoch: 1/100, Training Loss: 0.5784411205683347
2024-07-11 14:56:48 - INFO - Epoch: 1/100, Validation Loss: 0.5539922256132069, Accuracy: 68.15740465844377%
2024-07-11 14:56:48 - INFO - Model saved with validation accuracy: 68.15740465844377%
2024-07-11 14:56:54 - INFO - Epoch: 2/100, Training Loss: 0.5563298420198841
2024-07-11 14:56:55 - INFO - Epoch: 2/100, Validation Loss: 0.5829926255144604, Accuracy: 68.80785943699226%
2024-07-11 14:56:55 - INFO - Model saved with validation accuracy: 68.80785943699226%
2024-07-11 14:57:01 - INFO - Epoch: 3/100, Training Loss: 0.6929159682237629
2024-07-11 14:57:02 - INFO - Epoch: 3/100, Validation Loss: 0.6929099732730055, Accuracy: 51.375131575396075%
2024-07-11 14:57:08 - INFO - Epoch: 4/100, Training Loss: 0.6328789884279223
2024-07-11 14:57:09 - INFO - Epoch: 4/100, Validation Loss: 0.5130408455156086, Accuracy: 73.04256295376643%
2024-07-11 14:57:09 - INFO - Model saved with validation accuracy: 73.04256295376643%
2024-07-11 14:57:16 - INFO - Epoch: 5/100, Training Loss: 0.49850878055128617
2024-07-11 14:57:17 - INFO - Epoch: 5/100, Validation Loss: 0.48762458820211246, Accuracy: 74.59447788183854%
2024-07-11 14:57:17 - INFO - Model saved with validation accuracy: 74.59447788183854%
2024-07-11 14:57:23 - INFO - Epoch: 6/100, Training Loss: 0.4884445267586304
2024-07-11 14:57:24 - INFO - Epoch: 6/100, Validation Loss: 0.4839059248798252, Accuracy: 74.86707511268251%
2024-07-11 14:57:24 - INFO - Model saved with validation accuracy: 74.86707511268251%
2024-07-11 14:57:30 - INFO - Epoch: 7/100, Training Loss: 0.48726151828269676
2024-07-11 14:57:31 - INFO - Epoch: 7/100, Validation Loss: 0.48242269134686194, Accuracy: 74.95074356967423%
2024-07-11 14:57:31 - INFO - Model saved with validation accuracy: 74.95074356967423%
2024-07-11 14:57:37 - INFO - Epoch: 8/100, Training Loss: 0.4844391287685676
2024-07-11 14:57:38 - INFO - Epoch: 8/100, Validation Loss: 0.48024801758080976, Accuracy: 75.02901406169875%
2024-07-11 14:57:38 - INFO - Model saved with validation accuracy: 75.02901406169875%
2024-07-11 14:57:44 - INFO - Epoch: 9/100, Training Loss: 0.47999611906128226
2024-07-11 14:57:45 - INFO - Epoch: 9/100, Validation Loss: 0.4738640605579798, Accuracy: 75.05870286901838%
2024-07-11 14:57:45 - INFO - Model saved with validation accuracy: 75.05870286901838%
2024-07-11 14:57:51 - INFO - Epoch: 10/100, Training Loss: 0.47356946660858773
2024-07-11 14:57:52 - INFO - Epoch: 10/100, Validation Loss: 0.4662299257074201, Accuracy: 75.18285606326415%
2024-07-11 14:57:52 - INFO - Model saved with validation accuracy: 75.18285606326415%
2024-07-11 14:57:58 - INFO - Epoch: 11/100, Training Loss: 0.4631608754962631
2024-07-11 14:57:59 - INFO - Epoch: 11/100, Validation Loss: 0.46013510129406454, Accuracy: 75.47434617149335%
2024-07-11 14:57:59 - INFO - Model saved with validation accuracy: 75.47434617149335%
2024-07-11 14:58:05 - INFO - Epoch: 12/100, Training Loss: 0.4506032350690254
2024-07-11 14:58:06 - INFO - Epoch: 12/100, Validation Loss: 0.44188287988021996, Accuracy: 76.21656635448436%
2024-07-11 14:58:06 - INFO - Model saved with validation accuracy: 76.21656635448436%
2024-07-11 14:58:12 - INFO - Epoch: 13/100, Training Loss: 0.43622893186379386
2024-07-11 14:58:13 - INFO - Epoch: 13/100, Validation Loss: 0.4286959549614803, Accuracy: 76.91290383525411%
2024-07-11 14:58:13 - INFO - Model saved with validation accuracy: 76.91290383525411%
2024-07-11 14:58:19 - INFO - Epoch: 14/100, Training Loss: 0.4216630308018653
2024-07-11 14:58:20 - INFO - Epoch: 14/100, Validation Loss: 0.4117315079058184, Accuracy: 77.23138376831935%
2024-07-11 14:58:20 - INFO - Model saved with validation accuracy: 77.23138376831935%
2024-07-11 14:58:26 - INFO - Epoch: 15/100, Training Loss: 0.40824380901759566
2024-07-11 14:58:27 - INFO - Epoch: 15/100, Validation Loss: 0.3988560020203006, Accuracy: 77.7118026504008%
2024-07-11 14:58:27 - INFO - Model saved with validation accuracy: 77.7118026504008%
2024-07-11 14:58:33 - INFO - Epoch: 16/100, Training Loss: 0.396398281366508
2024-07-11 14:58:34 - INFO - Epoch: 16/100, Validation Loss: 0.39287993023638484, Accuracy: 77.54176675393377%
2024-07-11 14:58:40 - INFO - Epoch: 17/100, Training Loss: 0.38780110824164743
2024-07-11 14:58:41 - INFO - Epoch: 17/100, Validation Loss: 0.3889786897545651, Accuracy: 77.35823594504872%
2024-07-11 14:58:47 - INFO - Epoch: 18/100, Training Loss: 0.3786960910741941
2024-07-11 14:58:48 - INFO - Epoch: 18/100, Validation Loss: 0.37801950271780216, Accuracy: 78.04647647836765%
2024-07-11 14:58:48 - INFO - Model saved with validation accuracy: 78.04647647836765%
2024-07-11 14:58:54 - INFO - Epoch: 19/100, Training Loss: 0.3724953167089012
2024-07-11 14:58:55 - INFO - Epoch: 19/100, Validation Loss: 0.3812397894978729, Accuracy: 77.29885833040943%
2024-07-11 14:59:01 - INFO - Epoch: 20/100, Training Loss: 0.36509889028387366
2024-07-11 14:59:02 - INFO - Epoch: 20/100, Validation Loss: 0.3626721026520655, Accuracy: 78.34336455156406%
2024-07-11 14:59:02 - INFO - Model saved with validation accuracy: 78.34336455156406%
2024-07-11 14:59:08 - INFO - Epoch: 21/100, Training Loss: 0.3610428394444145
2024-07-11 14:59:09 - INFO - Epoch: 21/100, Validation Loss: 0.3606232498645371, Accuracy: 78.17062967261343%
2024-07-11 14:59:15 - INFO - Epoch: 22/100, Training Loss: 0.3547900820758985
2024-07-11 14:59:16 - INFO - Epoch: 22/100, Validation Loss: 0.35253946663287433, Accuracy: 78.72392108175218%
2024-07-11 14:59:16 - INFO - Model saved with validation accuracy: 78.72392108175218%
2024-07-11 14:59:22 - INFO - Epoch: 23/100, Training Loss: 0.34976673967788874
2024-07-11 14:59:23 - INFO - Epoch: 23/100, Validation Loss: 0.35435730162268064, Accuracy: 78.66994143208011%
2024-07-11 14:59:29 - INFO - Epoch: 24/100, Training Loss: 0.3458326091870846
2024-07-11 14:59:30 - INFO - Epoch: 24/100, Validation Loss: 0.3458625651600036, Accuracy: 78.82108445116191%
2024-07-11 14:59:30 - INFO - Model saved with validation accuracy: 78.82108445116191%
2024-07-11 14:59:37 - INFO - Epoch: 25/100, Training Loss: 0.3432154506380591
2024-07-11 14:59:37 - INFO - Epoch: 25/100, Validation Loss: 0.3435079924800853, Accuracy: 78.82648241612912%
2024-07-11 14:59:37 - INFO - Model saved with validation accuracy: 78.82648241612912%
2024-07-11 14:59:44 - INFO - Epoch: 26/100, Training Loss: 0.3391025372763166
2024-07-11 14:59:45 - INFO - Epoch: 26/100, Validation Loss: 0.35074481491597825, Accuracy: 78.78059971390786%
2024-07-11 14:59:51 - INFO - Epoch: 27/100, Training Loss: 0.33885149653222485
2024-07-11 14:59:52 - INFO - Epoch: 27/100, Validation Loss: 0.33820786035019706, Accuracy: 78.85887020593236%
2024-07-11 14:59:52 - INFO - Model saved with validation accuracy: 78.85887020593236%
2024-07-11 14:59:58 - INFO - Epoch: 28/100, Training Loss: 0.33488701518129604
2024-07-11 14:59:59 - INFO - Epoch: 28/100, Validation Loss: 0.3369566912478116, Accuracy: 78.6672424495965%
2024-07-11 15:00:05 - INFO - Epoch: 29/100, Training Loss: 0.33286351538769937
2024-07-11 15:00:06 - INFO - Epoch: 29/100, Validation Loss: 0.33690803283133863, Accuracy: 78.69963023939975%
2024-07-11 15:00:12 - INFO - Epoch: 30/100, Training Loss: 0.3301864290587437
2024-07-11 15:00:13 - INFO - Epoch: 30/100, Validation Loss: 0.3407284762575219, Accuracy: 78.96682950527651%
2024-07-11 15:00:13 - INFO - Model saved with validation accuracy: 78.96682950527651%
2024-07-11 15:00:19 - INFO - Epoch: 31/100, Training Loss: 0.3283696351235086
2024-07-11 15:00:20 - INFO - Epoch: 31/100, Validation Loss: 0.33395629405769456, Accuracy: 78.92364578553885%
2024-07-11 15:00:26 - INFO - Epoch: 32/100, Training Loss: 0.3266704173337199
2024-07-11 15:00:27 - INFO - Epoch: 32/100, Validation Loss: 0.3304237935158049, Accuracy: 78.91284985560443%
2024-07-11 15:00:33 - INFO - Epoch: 33/100, Training Loss: 0.3248984067795705
2024-07-11 15:00:34 - INFO - Epoch: 33/100, Validation Loss: 0.3312504936221968, Accuracy: 78.84807427599794%
2024-07-11 15:00:40 - INFO - Epoch: 34/100, Training Loss: 0.32255319738841015
2024-07-11 15:00:41 - INFO - Epoch: 34/100, Validation Loss: 0.3282095290630387, Accuracy: 78.86966613586678%
2024-07-11 15:00:47 - INFO - Epoch: 35/100, Training Loss: 0.3214213913226169
2024-07-11 15:00:48 - INFO - Epoch: 35/100, Validation Loss: 0.32592687479160815, Accuracy: 78.9614315403093%
2024-07-11 15:00:54 - INFO - Epoch: 36/100, Training Loss: 0.32074621832561206
2024-07-11 15:00:55 - INFO - Epoch: 36/100, Validation Loss: 0.32573370483666914, Accuracy: 79.35548298291545%
2024-07-11 15:00:55 - INFO - Model saved with validation accuracy: 79.35548298291545%
2024-07-11 15:01:01 - INFO - Epoch: 37/100, Training Loss: 0.31870279334395457
2024-07-11 15:01:02 - INFO - Epoch: 37/100, Validation Loss: 0.3234614251191134, Accuracy: 79.23672775363688%
2024-07-11 15:01:08 - INFO - Epoch: 38/100, Training Loss: 0.3171916749128921
2024-07-11 15:01:09 - INFO - Epoch: 38/100, Validation Loss: 0.327746684455501, Accuracy: 79.14496234919436%
2024-07-11 15:01:14 - INFO - Epoch: 39/100, Training Loss: 0.31720743251768213
2024-07-11 15:01:15 - INFO - Epoch: 39/100, Validation Loss: 0.318323413968498, Accuracy: 79.20973792880085%
2024-07-11 15:01:22 - INFO - Epoch: 40/100, Training Loss: 0.3155826999836429
2024-07-11 15:01:23 - INFO - Epoch: 40/100, Validation Loss: 0.32324126102866696, Accuracy: 79.12337048932552%
2024-07-11 15:01:29 - INFO - Epoch: 41/100, Training Loss: 0.3136788462586251
2024-07-11 15:01:30 - INFO - Epoch: 41/100, Validation Loss: 0.3237986307018573, Accuracy: 79.35008501794823%
2024-07-11 15:01:36 - INFO - Epoch: 42/100, Training Loss: 0.3128757128919859
2024-07-11 15:01:37 - INFO - Epoch: 42/100, Validation Loss: 0.3168584420530701, Accuracy: 79.29340638579255%
2024-07-11 15:01:43 - INFO - Epoch: 43/100, Training Loss: 0.3137737323943403
2024-07-11 15:01:44 - INFO - Epoch: 43/100, Validation Loss: 0.32039602355635843, Accuracy: 79.05049796226822%
2024-07-11 15:01:50 - INFO - Epoch: 44/100, Training Loss: 0.3113601243248875
2024-07-11 15:01:51 - INFO - Epoch: 44/100, Validation Loss: 0.32501501737995675, Accuracy: 79.13686540174355%
2024-07-11 15:01:57 - INFO - Epoch: 45/100, Training Loss: 0.3108178991148818
2024-07-11 15:01:58 - INFO - Epoch: 45/100, Validation Loss: 0.31851414041609755, Accuracy: 79.12067150684192%
2024-07-11 15:02:05 - INFO - Epoch: 46/100, Training Loss: 0.3092528494760162
2024-07-11 15:02:05 - INFO - Epoch: 46/100, Validation Loss: 0.31738591899320046, Accuracy: 79.00461526004696%
2024-07-11 15:02:12 - INFO - Epoch: 47/100, Training Loss: 0.30963026167300495
2024-07-11 15:02:13 - INFO - Epoch: 47/100, Validation Loss: 0.3129397853308185, Accuracy: 79.51742193193166%
2024-07-11 15:02:13 - INFO - Model saved with validation accuracy: 79.51742193193166%
2024-07-11 15:02:19 - INFO - Epoch: 48/100, Training Loss: 0.3088708905976053
2024-07-11 15:02:20 - INFO - Epoch: 48/100, Validation Loss: 0.31436957928492, Accuracy: 79.1773501389976%
2024-07-11 15:02:26 - INFO - Epoch: 49/100, Training Loss: 0.3078702140554451
2024-07-11 15:02:27 - INFO - Epoch: 49/100, Validation Loss: 0.31475446709079447, Accuracy: 79.28261045585815%
2024-07-11 15:02:33 - INFO - Epoch: 50/100, Training Loss: 0.30642436509742843
2024-07-11 15:02:34 - INFO - Epoch: 50/100, Validation Loss: 0.31207461644845513, Accuracy: 79.1719521740304%
2024-07-11 15:02:40 - INFO - Epoch: 51/100, Training Loss: 0.30646411785678956
2024-07-11 15:02:41 - INFO - Epoch: 51/100, Validation Loss: 0.31278390896752706, Accuracy: 79.19354403389922%
2024-07-11 15:02:48 - INFO - Epoch: 52/100, Training Loss: 0.3068413723884263
2024-07-11 15:02:49 - INFO - Epoch: 52/100, Validation Loss: 0.3095318126606406, Accuracy: 79.2502226660549%
2024-07-11 15:02:55 - INFO - Epoch: 53/100, Training Loss: 0.30522188593815236
2024-07-11 15:02:55 - INFO - Epoch: 53/100, Validation Loss: 0.3111338728398651, Accuracy: 79.24212571860409%
2024-07-11 15:03:01 - INFO - Epoch: 54/100, Training Loss: 0.30421027622229074
2024-07-11 15:03:02 - INFO - Epoch: 54/100, Validation Loss: 0.31102437851548403, Accuracy: 79.48773312461202%
2024-07-11 15:03:08 - INFO - Epoch: 55/100, Training Loss: 0.3035095197394722
2024-07-11 15:03:09 - INFO - Epoch: 55/100, Validation Loss: 0.31034508617739603, Accuracy: 79.15575827912876%
2024-07-11 15:03:15 - INFO - Epoch: 56/100, Training Loss: 0.30368507641893594
2024-07-11 15:03:16 - INFO - Epoch: 56/100, Validation Loss: 0.31037191511332884, Accuracy: 78.98842136514534%
2024-07-11 15:03:22 - INFO - Epoch: 57/100, Training Loss: 0.3040295271251177
2024-07-11 15:03:23 - INFO - Epoch: 57/100, Validation Loss: 0.31098017976691683, Accuracy: 79.35818196539904%
2024-07-11 15:03:30 - INFO - Epoch: 58/100, Training Loss: 0.3042884340287799
2024-07-11 15:03:30 - INFO - Epoch: 58/100, Validation Loss: 0.31424408559148587, Accuracy: 79.20164098135002%
2024-07-11 15:03:36 - INFO - Epoch: 59/100, Training Loss: 0.3013033606884084
2024-07-11 15:03:37 - INFO - Epoch: 59/100, Validation Loss: 0.30971251814167733, Accuracy: 79.01541118998138%
2024-07-11 15:03:44 - INFO - Epoch: 60/100, Training Loss: 0.3019729203099002
2024-07-11 15:03:44 - INFO - Epoch: 60/100, Validation Loss: 0.30946382764398744, Accuracy: 79.12876845429273%
2024-07-11 15:03:50 - INFO - Epoch: 61/100, Training Loss: 0.30011548403656957
2024-07-11 15:03:51 - INFO - Epoch: 61/100, Validation Loss: 0.3086098220218649, Accuracy: 79.22593182370247%
2024-07-11 15:03:57 - INFO - Epoch: 62/100, Training Loss: 0.30158470152830624
2024-07-11 15:03:58 - INFO - Epoch: 62/100, Validation Loss: 0.3059942839934212, Accuracy: 79.32849315807941%
2024-07-11 15:04:05 - INFO - Epoch: 63/100, Training Loss: 0.3005637566274312
2024-07-11 15:04:05 - INFO - Epoch: 63/100, Validation Loss: 0.30977456320546864, Accuracy: 79.26911554344012%
2024-07-11 15:04:12 - INFO - Epoch: 64/100, Training Loss: 0.3003250242360515
2024-07-11 15:04:12 - INFO - Epoch: 64/100, Validation Loss: 0.3057300024287894, Accuracy: 79.28530943834174%
2024-07-11 15:04:18 - INFO - Epoch: 65/100, Training Loss: 0.29965839251901616
2024-07-11 15:04:19 - INFO - Epoch: 65/100, Validation Loss: 0.3059753769677332, Accuracy: 79.29880435075977%
2024-07-11 15:04:25 - INFO - Epoch: 66/100, Training Loss: 0.2994373019250666
2024-07-11 15:04:26 - INFO - Epoch: 66/100, Validation Loss: 0.3105674065868266, Accuracy: 79.33659010553022%
2024-07-11 15:04:33 - INFO - Epoch: 67/100, Training Loss: 0.29838374818776553
2024-07-11 15:04:33 - INFO - Epoch: 67/100, Validation Loss: 0.30405232130142895, Accuracy: 79.34198807049742%
2024-07-11 15:04:40 - INFO - Epoch: 68/100, Training Loss: 0.29870662353739835
2024-07-11 15:04:40 - INFO - Epoch: 68/100, Validation Loss: 0.30538442525015386, Accuracy: 79.05049796226822%
2024-07-11 15:04:46 - INFO - Epoch: 69/100, Training Loss: 0.2979990600098394
2024-07-11 15:04:47 - INFO - Epoch: 69/100, Validation Loss: 0.30558074478040703, Accuracy: 79.31229926317778%
2024-07-11 15:04:53 - INFO - Epoch: 70/100, Training Loss: 0.2979963671847123
2024-07-11 15:04:54 - INFO - Epoch: 70/100, Validation Loss: 0.30524289945143696, Accuracy: 79.29610536827616%
2024-07-11 15:05:00 - INFO - Epoch: 71/100, Training Loss: 0.2978216583015387
2024-07-11 15:05:01 - INFO - Epoch: 71/100, Validation Loss: 0.3066084991773793, Accuracy: 79.19354403389922%
2024-07-11 15:05:07 - INFO - Epoch: 72/100, Training Loss: 0.297061414350088
2024-07-11 15:05:08 - INFO - Epoch: 72/100, Validation Loss: 0.300743397061483, Accuracy: 79.42835550997275%
2024-07-11 15:05:14 - INFO - Epoch: 73/100, Training Loss: 0.2970897725466414
2024-07-11 15:05:15 - INFO - Epoch: 73/100, Validation Loss: 0.3024159744767945, Accuracy: 79.26101859598931%
2024-07-11 15:05:21 - INFO - Epoch: 74/100, Training Loss: 0.29603385779241
2024-07-11 15:05:22 - INFO - Epoch: 74/100, Validation Loss: 0.30437148276182446, Accuracy: 79.52012091441526%
2024-07-11 15:05:22 - INFO - Model saved with validation accuracy: 79.52012091441526%
2024-07-11 15:05:28 - INFO - Epoch: 75/100, Training Loss: 0.29645883674139806
2024-07-11 15:05:29 - INFO - Epoch: 75/100, Validation Loss: 0.30195146140245166, Accuracy: 79.60918733637419%
2024-07-11 15:05:29 - INFO - Model saved with validation accuracy: 79.60918733637419%
2024-07-11 15:05:35 - INFO - Epoch: 76/100, Training Loss: 0.2951172527395485
2024-07-11 15:05:36 - INFO - Epoch: 76/100, Validation Loss: 0.29999689760397547, Accuracy: 79.52281989689887%
2024-07-11 15:05:42 - INFO - Epoch: 77/100, Training Loss: 0.29522799975230696
2024-07-11 15:05:43 - INFO - Epoch: 77/100, Validation Loss: 0.3026496551815092, Accuracy: 79.52821786186608%
2024-07-11 15:05:49 - INFO - Epoch: 78/100, Training Loss: 0.29494885166717727
2024-07-11 15:05:50 - INFO - Epoch: 78/100, Validation Loss: 0.2992753347636093, Accuracy: 79.21243691128444%
2024-07-11 15:05:56 - INFO - Epoch: 79/100, Training Loss: 0.2960356688818577
2024-07-11 15:05:57 - INFO - Epoch: 79/100, Validation Loss: 0.3008375923713872, Accuracy: 79.34198807049742%
2024-07-11 15:06:03 - INFO - Epoch: 80/100, Training Loss: 0.29581983689225194
2024-07-11 15:06:04 - INFO - Epoch: 80/100, Validation Loss: 0.30272385851192146, Accuracy: 79.40946263258752%
2024-07-11 15:06:10 - INFO - Epoch: 81/100, Training Loss: 0.29527224080447295
2024-07-11 15:06:11 - INFO - Epoch: 81/100, Validation Loss: 0.3076839653939163, Accuracy: 79.40946263258752%
2024-07-11 15:06:18 - INFO - Epoch: 82/100, Training Loss: 0.2941659262825273
2024-07-11 15:06:18 - INFO - Epoch: 82/100, Validation Loss: 0.2988144443185424, Accuracy: 79.36357993036626%
2024-07-11 15:06:24 - INFO - Epoch: 83/100, Training Loss: 0.29502823597563366
2024-07-11 15:06:25 - INFO - Epoch: 83/100, Validation Loss: 0.29912107583257613, Accuracy: 79.27181452592373%
2024-07-11 15:06:32 - INFO - Epoch: 84/100, Training Loss: 0.29449482767847535
2024-07-11 15:06:32 - INFO - Epoch: 84/100, Validation Loss: 0.30157175073351883, Accuracy: 79.20703894631724%
2024-07-11 15:06:39 - INFO - Epoch: 85/100, Training Loss: 0.29425274980268945
2024-07-11 15:06:39 - INFO - Epoch: 85/100, Validation Loss: 0.30054083860291103, Accuracy: 79.4040646676203%
2024-07-11 15:06:46 - INFO - Epoch: 86/100, Training Loss: 0.29459003826831703
2024-07-11 15:06:46 - INFO - Epoch: 86/100, Validation Loss: 0.3104045029748907, Accuracy: 79.72524358316915%
2024-07-11 15:06:46 - INFO - Model saved with validation accuracy: 79.72524358316915%
2024-07-11 15:06:53 - INFO - Epoch: 87/100, Training Loss: 0.2937417709122256
2024-07-11 15:06:53 - INFO - Epoch: 87/100, Validation Loss: 0.2997145286804654, Accuracy: 79.21243691128444%
2024-07-11 15:07:00 - INFO - Epoch: 88/100, Training Loss: 0.2937449049365438
2024-07-11 15:07:01 - INFO - Epoch: 88/100, Validation Loss: 0.30352477181143095, Accuracy: 79.44454940487437%
2024-07-11 15:07:07 - INFO - Epoch: 89/100, Training Loss: 0.29465944934411165
2024-07-11 15:07:08 - INFO - Epoch: 89/100, Validation Loss: 0.2998193058479635, Accuracy: 79.53361582683328%
2024-07-11 15:07:14 - INFO - Epoch: 90/100, Training Loss: 0.29369627074410876
2024-07-11 15:07:15 - INFO - Epoch: 90/100, Validation Loss: 0.3006173209359609, Accuracy: 79.62808021375942%
2024-07-11 15:07:21 - INFO - Epoch: 91/100, Training Loss: 0.29232031449881446
2024-07-11 15:07:22 - INFO - Epoch: 91/100, Validation Loss: 0.3016262146063625, Accuracy: 79.36627891284985%
2024-07-11 15:07:29 - INFO - Epoch: 92/100, Training Loss: 0.29337325132418174
2024-07-11 15:07:29 - INFO - Epoch: 92/100, Validation Loss: 0.30163792524621896, Accuracy: 79.44724838735796%
2024-07-11 15:07:36 - INFO - Epoch: 93/100, Training Loss: 0.2921420433759586
2024-07-11 15:07:36 - INFO - Epoch: 93/100, Validation Loss: 0.2966280415371086, Accuracy: 79.28530943834174%
2024-07-11 15:07:43 - INFO - Epoch: 94/100, Training Loss: 0.2926685450878477
2024-07-11 15:07:43 - INFO - Epoch: 94/100, Validation Loss: 0.2979290332252703, Accuracy: 79.4715392297104%
2024-07-11 15:07:50 - INFO - Epoch: 95/100, Training Loss: 0.29295412982477836
2024-07-11 15:07:51 - INFO - Epoch: 95/100, Validation Loss: 0.30186559357688425, Accuracy: 79.18274810396481%
2024-07-11 15:07:57 - INFO - Epoch: 96/100, Training Loss: 0.291683192401867
2024-07-11 15:07:58 - INFO - Epoch: 96/100, Validation Loss: 0.3014902390398098, Accuracy: 79.30150333324336%
2024-07-11 15:08:04 - INFO - Epoch: 97/100, Training Loss: 0.2917793301965186
2024-07-11 15:08:05 - INFO - Epoch: 97/100, Validation Loss: 0.29631890160946855, Accuracy: 79.48503414212841%
2024-07-11 15:08:11 - INFO - Epoch: 98/100, Training Loss: 0.2913072204896103
2024-07-11 15:08:12 - INFO - Epoch: 98/100, Validation Loss: 0.29721909215825004, Accuracy: 79.52012091441526%
2024-07-11 15:08:18 - INFO - Epoch: 99/100, Training Loss: 0.29101264493182843
2024-07-11 15:08:19 - INFO - Epoch: 99/100, Validation Loss: 0.30263217439511486, Accuracy: 79.55250870421851%
2024-07-11 15:08:26 - INFO - Epoch: 100/100, Training Loss: 0.29056427964300485
2024-07-11 15:08:26 - INFO - Epoch: 100/100, Validation Loss: 0.29373584237329287, Accuracy: 79.85209575989852%
2024-07-11 15:08:26 - INFO - Model saved with validation accuracy: 79.85209575989852%
2024-07-11 15:08:26 - INFO - Finished training model.
2024-07-11 15:08:27 - INFO - Model saved to lstm_classifier_py3.pth and vocabulary saved to vocab_py3.pkl
